12.35 0 0 72.000000 83.000000 0.132530
13.10 1 683 72.000000 83.000000 0.132530
16.93 2 578 72.000000 83.000000 0.132530
17.75 3 399 72.000000 83.000000 0.132530
18.42 4 279 72.000000 83.000000 0.132530
15.60 5 184 72.000000 83.000000 0.132530
13.22 6 113 72.000000 83.000000 0.132530
15.14 7 76 72.000000 83.000000 0.132530
15.72 8 59 72.000000 83.000000 0.132530
12.69 9 35 72.000000 83.000000 0.132530
19.87 10 55 72.857143 83.000000 0.122203
8.23 11 30 72.857143 83.000000 0.122203
9.91 12 15 73.163265 83.000000 0.118515
7.49 13 26 73.163265 83.000000 0.118515
7.80 14 17 73.163265 83.000000 0.118515
9.92 15 15 73.392857 83.000000 0.115749
15.78 16 19 75.000000 83.000000 0.096386
13.69 17 32 75.000000 83.000000 0.096386
9.27 18 21 75.000000 83.000000 0.096386
9.84 19 28 75.000000 83.000000 0.096386
8.18 20 18 75.000000 83.000000 0.096386
8.85 21 16 75.000000 83.000000 0.096386
6.52 22 9 75.000000 83.000000 0.096386
5.90 23 4 75.000000 83.000000 0.096386
