13.94 0 0 8.000000 38.000000 0.789474
11.40 1 657 8.000000 38.000000 0.789474
15.22 2 611 8.117647 38.000000 0.786378
20.83 3 410 8.426200 38.000000 0.778258
24.29 4 288 11.946027 38.000000 0.685631
40.42 5 182 15.051889 38.000000 0.603898
34.17 6 170 15.937510 38.000000 0.580592
13.44 7 64 16.046563 38.000000 0.577722
17.45 8 39 16.325451 38.000000 0.570383
24.58 9 44 16.477534 38.000000 0.566381
28.32 10 50 16.529735 38.000000 0.565007
12.18 11 46 16.546614 38.000000 0.564563
25.35 12 36 16.567063 38.000000 0.564025
24.79 13 24 16.595574 38.000000 0.563274
27.55 14 36 16.630833 38.000000 0.562346
28.71 15 57 16.664020 38.000000 0.561473
30.75 16 23 16.719757 38.000000 0.560006
31.75 17 19 16.819225 38.000000 0.557389
20.37 18 54 16.831294 38.000000 0.557071
44.64 19 51 16.856481 38.000000 0.556408
16.92 20 29 16.859200 38.000000 0.556337
38.52 21 31 16.867653 38.000000 0.556114
31.99 22 42 16.875118 38.000000 0.555918
30.64 23 25 16.881976 38.000000 0.555737
