7.97 0 0 28.027815 107.000000 0.738058
2.78 1 176 33.030882 107.000000 0.691300
3.30 2 181 39.273797 107.000000 0.632955
3.12 3 149 48.380093 107.000000 0.547850
3.58 4 108 55.359299 107.000000 0.482623
3.76 5 122 60.396308 107.000000 0.435549
6.43 6 83 63.819532 107.000000 0.403556
4.80 7 87 66.142608 107.000000 0.381845
6.87 8 78 67.410113 107.000000 0.369999
20.41 9 66 68.487819 107.000000 0.359927
7.28 10 43 68.750570 107.000000 0.357471
1.98 11 13 68.807588 107.000000 0.356938
17.25 12 11 68.827534 107.000000 0.356752
19.81 13 5 68.878103 107.000000 0.356279
4.14 14 12 68.901728 107.000000 0.356059
6.83 15 7 68.907740 107.000000 0.356002
5.58 16 4 68.917124 107.000000 0.355915
3.70 17 5 68.920886 107.000000 0.355880
4.97 18 7 68.933429 107.000000 0.355762
8.35 19 4 68.933829 107.000000 0.355759
