4.89 0 0 0.000000 34.000000 1.000000
8.84 1 457 0.000000 34.000000 1.000000
9.09 2 344 0.000000 34.000000 1.000000
17.25 3 186 0.004854 34.000000 0.999857
14.78 4 78 0.112709 34.000000 0.996685
14.39 5 47 0.731844 34.000000 0.978475
7.73 6 42 0.962323 34.000000 0.971696
6.00 7 39 1.202941 34.000000 0.964619
8.06 8 52 1.404060 34.000000 0.958704
6.04 9 30 1.557384 34.000000 0.954195
34.47 10 39 1.675024 34.000000 0.950735
28.66 11 47 1.748261 34.000000 0.948581
12.75 12 39 1.829843 34.000000 0.946181
17.59 13 45 1.932306 34.000000 0.943167
14.80 14 37 1.983585 34.000000 0.941659
14.27 15 42 2.022018 34.000000 0.940529
25.85 16 53 2.069554 34.000000 0.939131
24.84 17 48 2.094207 34.000000 0.938406
44.35 18 55 2.145944 34.000000 0.936884
14.61 19 55 2.207165 34.000000 0.935083
21.66 20 54 2.269988 34.000000 0.933236
20.15 21 55 2.338519 34.000000 0.931220
13.43 22 28 2.387271 34.000000 0.929786
19.75 23 29 2.396979 34.000000 0.929501
28.21 24 31 2.429793 34.000000 0.928535
12.11 25 27 2.447256 34.000000 0.928022
43.11 26 28 2.482857 34.000000 0.926975
18.82 27 38 2.502174 34.000000 0.926407
9.76 28 36 2.520805 34.000000 0.925859
8.26 29 31 2.548606 34.000000 0.925041
16.04 30 20 2.553371 34.000000 0.924901
6.32 31 17 2.556636 34.000000 0.924805
32.22 32 21 2.564941 34.000000 0.924561
