4.36 0 0 9.408330 29.000000 0.675575
3.13 1 267 9.698242 29.000000 0.665578
3.99 2 184 12.919247 29.000000 0.554509
1.60 3 92 14.950779 29.000000 0.484456
1.06 4 86 16.199120 29.000000 0.441410
3.12 5 65 17.068231 29.000000 0.411440
4.73 6 104 17.721400 29.000000 0.388917
6.54 7 56 18.156122 29.000000 0.373927
5.89 8 55 18.438710 29.000000 0.364182
24.32 9 65 18.663603 29.000000 0.356427
18.38 10 70 18.888376 29.000000 0.348677
34.05 11 63 19.079092 29.000000 0.342100
21.41 12 78 19.289212 29.000000 0.334855
28.31 13 47 19.407645 29.000000 0.330771
19.51 14 39 19.523659 29.000000 0.326770
20.23 15 38 19.608461 29.000000 0.323846
17.67 16 35 19.662015 29.000000 0.321999
16.03 17 26 19.719243 29.000000 0.320026
11.79 18 25 19.781267 29.000000 0.317887
15.79 19 23 19.839418 29.000000 0.315882
27.57 20 27 19.868761 29.000000 0.314870
38.84 21 23 19.890742 29.000000 0.314112
18.68 22 11 19.901931 29.000000 0.313727
17.81 23 12 19.924817 29.000000 0.312937
21.61 24 12 19.934700 29.000000 0.312597
13.75 25 15 19.947503 29.000000 0.312155
22.39 26 14 19.966491 29.000000 0.311500
22.38 27 11 19.983226 29.000000 0.310923
22.33 28 12 19.993451 29.000000 0.310571
28.54 29 14 20.006439 29.000000 0.310123
20.57 30 11 20.014315 29.000000 0.309851
26.21 31 6 20.028682 29.000000 0.309356
21.92 32 10 20.034158 29.000000 0.309167
30.24 33 11 20.044082 29.000000 0.308825
