5.16 0 0 0.000000 111.000000 1.000000
8.16 1 453 0.000000 111.000000 1.000000
10.76 2 347 0.592199 111.000000 0.994665
11.97 3 184 1.388158 111.000000 0.987494
16.04 4 79 2.369336 111.000000 0.978655
9.67 5 68 4.629999 111.000000 0.958288
4.92 6 55 5.327148 111.000000 0.952008
9.35 7 37 6.213865 111.000000 0.944019
6.64 8 48 6.809654 111.000000 0.938652
8.43 9 42 7.581207 111.000000 0.931701
23.19 10 41 8.161889 111.000000 0.926469
11.36 11 50 8.633733 111.000000 0.922219
6.15 12 26 8.940248 111.000000 0.919457
12.69 13 46 9.394055 111.000000 0.915369
6.35 14 25 9.574633 111.000000 0.913742
23.34 15 29 9.746815 111.000000 0.912191
14.94 16 29 9.824389 111.000000 0.911492
13.38 17 23 9.945835 111.000000 0.910398
9.30 18 15 10.044138 111.000000 0.909512
11.09 19 33 10.124805 111.000000 0.908786
14.19 20 17 10.153277 111.000000 0.908529
12.73 21 19 10.206999 111.000000 0.908045
5.73 22 16 10.268166 111.000000 0.907494
25.19 23 16 10.297312 111.000000 0.907231
13.28 24 16 10.375934 111.000000 0.906523
10.04 25 15 10.412047 111.000000 0.906198
3.30 26 6 10.428057 111.000000 0.906054
4.69 27 6 10.450239 111.000000 0.905854
4.05 28 14 10.462892 111.000000 0.905740
12.24 29 14 10.487515 111.000000 0.905518
3.20 30 8 10.529506 111.000000 0.905140
3.02 31 6 10.534361 111.000000 0.905096
6.15 32 6 10.547261 111.000000 0.904980
20.44 33 6 10.552372 111.000000 0.904934
6.74 34 11 10.566483 111.000000 0.904806
17.18 35 14 10.570309 111.000000 0.904772
11.12 36 6 10.578745 111.000000 0.904696
12.70 37 4 10.579585 111.000000 0.904688
18.73 38 6 10.582324 111.000000 0.904664
8.51 39 4 10.583679 111.000000 0.904652
9.76 40 4 10.584370 111.000000 0.904645
14.05 41 7 10.584976 111.000000 0.904640
19.97 42 4 10.585416 111.000000 0.904636
19.81 43 1 10.586717 111.000000 0.904624
20.01 44 7 10.587786 111.000000 0.904615
