5.72 0 0 56.000000 119.000000 0.529412
6.13 1 358 56.000000 119.000000 0.529412
9.26 2 336 56.000000 119.000000 0.529412
9.62 3 179 56.000000 119.000000 0.529412
10.94 4 109 56.000000 119.000000 0.529412
20.60 5 56 56.048143 119.000000 0.529007
8.16 6 60 56.204937 119.000000 0.527690
7.21 7 31 56.345636 119.000000 0.526507
8.02 8 37 57.019399 119.000000 0.520845
6.76 9 27 57.260351 119.000000 0.518821
18.29 10 28 57.438434 119.000000 0.517324
22.09 11 17 57.623077 119.000000 0.515772
34.44 12 38 57.803504 119.000000 0.514256
25.21 13 30 57.928656 119.000000 0.513205
33.37 14 27 58.070908 119.000000 0.512009
44.38 15 37 58.198375 119.000000 0.510938
16.94 16 25 58.337772 119.000000 0.509767
20.89 17 27 58.493526 119.000000 0.508458
24.13 18 26 58.601262 119.000000 0.507552
29.63 19 24 58.740975 119.000000 0.506378
21.38 20 17 58.814726 119.000000 0.505759
21.82 21 16 58.903724 119.000000 0.505011
9.46 22 9 58.937008 119.000000 0.504731
12.63 23 16 58.984501 119.000000 0.504332
6.14 24 13 59.019747 119.000000 0.504036
5.18 25 12 59.031180 119.000000 0.503940
10.94 26 6 59.046722 119.000000 0.503809
8.26 27 3 59.055001 119.000000 0.503739
4.03 28 9 59.066156 119.000000 0.503646
6.09 29 5 59.071644 119.000000 0.503600
4.84 30 3 59.074091 119.000000 0.503579
