5.08 0 0 111.000000 221.000000 0.497738
4.91 1 308 111.000000 221.000000 0.497738
8.64 2 321 111.000000 221.000000 0.497738
19.91 3 165 115.004110 221.000000 0.479619
8.84 4 138 120.492369 221.000000 0.454786
9.21 5 102 124.804836 221.000000 0.435272
8.92 6 122 129.370570 221.000000 0.414613
8.86 7 132 136.876164 221.000000 0.380651
8.06 8 149 139.425279 221.000000 0.369116
13.04 9 127 142.676600 221.000000 0.354405
12.70 10 128 144.407486 221.000000 0.346572
22.83 11 157 147.137732 221.000000 0.334218
18.81 12 127 148.268801 221.000000 0.329100
26.53 13 119 149.546141 221.000000 0.323321
25.91 14 103 150.489636 221.000000 0.319051
36.05 15 97 151.186525 221.000000 0.315898
40.77 16 92 151.655622 221.000000 0.313775
43.79 17 74 152.115158 221.000000 0.311696
44.44 18 60 152.398336 221.000000 0.310415
37.37 19 74 152.811551 221.000000 0.308545
54.70 20 74 152.967985 221.000000 0.307837
44.63 21 70 153.259426 221.000000 0.306518
30.82 22 56 153.503559 221.000000 0.305414
62.65 23 62 153.657347 221.000000 0.304718
