0.26 0 0 5125295.6739246 5339420.0000000 0.0401025
0.01 1 18 5127323.9346826 5339420.0000000 0.0397227
0.01 2 18 5128628.9821159 5339420.0000000 0.0394783
0.02 3 19 5129187.1328735 5339420.0000000 0.0393737
0.02 4 18 5129755.4829412 5339420.0000000 0.0392673
0.02 5 16 5130124.4153736 5339420.0000000 0.0391982
0.02 6 16 5130321.6702242 5339420.0000000 0.0391612
0.02 7 12 5130431.2465670 5339420.0000000 0.0391407
0.02 8 14 5130467.0233847 5339420.0000000 0.0391340
0.02 9 15 5130992.4569336 5339420.0000000 0.0390356
0.02 10 14 5131848.9319199 5339420.0000000 0.0388752
0.02 11 11 5131925.3999645 5339420.0000000 0.0388609
0.02 12 10 5132150.7223234 5339420.0000000 0.0388187
0.02 13 12 5132221.3010239 5339420.0000000 0.0388055
0.02 14 9 5132281.8792857 5339420.0000000 0.0387941
0.02 15 11 5132309.3432774 5339420.0000000 0.0387890
0.02 16 11 5132401.1904180 5339420.0000000 0.0387718
0.02 17 10 5132472.8085200 5339420.0000000 0.0387584
0.02 18 10 5132666.2313764 5339420.0000000 0.0387221
0.02 19 12 5132833.6074262 5339420.0000000 0.0386908
0.02 20 12 5133149.9272736 5339420.0000000 0.0386316
0.02 21 12 5133220.6187608 5339420.0000000 0.0386183
0.02 22 13 5133271.9783061 5339420.0000000 0.0386087
0.02 23 13 5133405.7642423 5339420.0000000 0.0385836
0.02 24 11 5133479.0477499 5339420.0000000 0.0385699
0.02 25 13 5133630.3620551 5339420.0000000 0.0385416
0.02 26 14 5133833.6392350 5339420.0000000 0.0385035
0.02 27 14 5133935.7516240 5339420.0000000 0.0384844
0.02 28 11 5134043.5172275 5339420.0000000 0.0384642
0.02 29 13 5134123.0847681 5339420.0000000 0.0384493
0.02 30 14 5134173.6312359 5339420.0000000 0.0384398
0.02 31 13 5134190.4160513 5339420.0000000 0.0384367
0.02 32 13 5134299.4152182 5339420.0000000 0.0384163
0.02 33 10 5134388.3403243 5339420.0000000 0.0383996
0.02 34 9 5134435.6685652 5339420.0000000 0.0383907
0.02 35 10 5134520.0495455 5339420.0000000 0.0383749
0.02 36 8 5134631.7419272 5339420.0000000 0.0383540
0.02 37 10 5134700.9516463 5339420.0000000 0.0383411
0.02 38 11 5134885.6179377 5339420.0000000 0.0383065
0.02 39 12 5134974.2562698 5339420.0000000 0.0382899
0.02 40 10 5135015.5753900 5339420.0000000 0.0382821
0.02 41 8 5135055.7278158 5339420.0000000 0.0382746
0.02 42 10 5135091.3280920 5339420.0000000 0.0382680
0.02 43 10 5135154.7241570 5339420.0000000 0.0382561
0.02 44 9 5135215.8338065 5339420.0000000 0.0382446
0.02 45 7 5135235.0735070 5339420.0000000 0.0382410
0.02 46 8 5135285.8223992 5339420.0000000 0.0382315
0.02 47 11 5135341.9804135 5339420.0000000 0.0382210
0.02 48 6 5135354.8876068 5339420.0000000 0.0382186
0.02 49 8 5135383.7592963 5339420.0000000 0.0382132
0.02 50 8 5135409.1174583 5339420.0000000 0.0382084
0.02 51 7 5135419.3321752 5339420.0000000 0.0382065
0.02 52 6 5135463.9742519 5339420.0000000 0.0381982
0.02 53 6 5135486.3599017 5339420.0000000 0.0381940
0.02 54 7 5135509.9981546 5339420.0000000 0.0381895
0.02 55 6 5135516.2414770 5339420.0000000 0.0381884
0.02 56 7 5135539.7714805 5339420.0000000 0.0381840
0.03 57 7 5135557.4541425 5339420.0000000 0.0381807
0.02 58 7 5135569.3539890 5339420.0000000 0.0381784
0.03 59 7 5135605.1289238 5339420.0000000 0.0381717
0.02 60 6 5135613.5166063 5339420.0000000 0.0381702
0.02 61 6 5135619.1615374 5339420.0000000 0.0381691
0.02 62 6 5135643.9284385 5339420.0000000 0.0381645
0.03 63 7 5135646.5685051 5339420.0000000 0.0381640
0.03 64 6 5135655.5742387 5339420.0000000 0.0381623
0.03 65 6 5135661.5205881 5339420.0000000 0.0381612
0.03 66 3 5135666.1688493 5339420.0000000 0.0381603
0.02 67 5 5135670.6329068 5339420.0000000 0.0381595
0.03 68 6 5135681.8353818 5339420.0000000 0.0381574
0.03 69 5 5135690.6361431 5339420.0000000 0.0381557
0.03 70 6 5135697.9118157 5339420.0000000 0.0381543
0.03 71 5 5135701.8319371 5339420.0000000 0.0381536
0.03 72 5 5135704.1960050 5339420.0000000 0.0381532
0.03 73 5 5135706.4013140 5339420.0000000 0.0381528
0.03 74 3 5135706.9378310 5339420.0000000 0.0381527
0.03 75 4 5135725.0321704 5339420.0000000 0.0381493
0.03 76 4 5135732.2928068 5339420.0000000 0.0381479
0.03 77 4 5135748.1640590 5339420.0000000 0.0381449
0.03 78 4 5135751.6917493 5339420.0000000 0.0381443
0.03 79 5 5135753.8780490 5339420.0000000 0.0381439
0.03 80 3 5135758.1765674 5339420.0000000 0.0381431
0.03 81 3 5135770.0632366 5339420.0000000 0.0381408
0.03 82 5 5135770.9341312 5339420.0000000 0.0381407
0.03 83 5 5135774.0484343 5339420.0000000 0.0381401
0.03 84 2 5135775.8350768 5339420.0000000 0.0381398
0.03 85 2 5135778.3307093 5339420.0000000 0.0381393
0.03 86 2 5135778.3307093 5339420.0000000 0.0381393
0.03 87 2 5135780.9979996 5339420.0000000 0.0381388
0.03 88 4 5135785.0045526 5339420.0000000 0.0381380
0.03 89 3 5135786.5574438 5339420.0000000 0.0381377
0.03 90 2 5135789.2991285 5339420.0000000 0.0381372
0.03 91 4 5135792.2397415 5339420.0000000 0.0381367
0.03 92 2 5135793.7994567 5339420.0000000 0.0381364
0.03 93 5 5135795.7372847 5339420.0000000 0.0381360
0.03 94 2 5135798.4943660 5339420.0000000 0.0381355
0.03 95 3 5135800.7039326 5339420.0000000 0.0381351
0.03 96 2 5135806.8814007 5339420.0000000 0.0381339
0.03 97 2 5135814.7392929 5339420.0000000 0.0381325
0.03 98 2 5135822.9514681 5339420.0000000 0.0381309
0.03 99 3 5135825.1893262 5339420.0000000 0.0381305
0.03 100 3 5135828.1512037 5339420.0000000 0.0381300
0.03 101 3 5135832.7200927 5339420.0000000 0.0381291
0.03 102 1 5135832.7459543 5339420.0000000 0.0381291
0.03 103 1 5135833.4058123 5339420.0000000 0.0381290
0.03 104 1 5135833.6707590 5339420.0000000 0.0381289
0.03 105 1 5135834.6413138 5339420.0000000 0.0381287
0.03 106 1 5135838.2398561 5339420.0000000 0.0381281
0.03 107 1 5135838.2398561 5339420.0000000 0.0381281
0.03 108 1 5135838.2398561 5339420.0000000 0.0381281
0.03 109 1 5135838.2398561 5339420.0000000 0.0381281
0.03 110 1 5135841.2600389 5339420.0000000 0.0381275
0.03 111 2 5135842.8921594 5339420.0000000 0.0381272
0.03 112 2 5135849.1922916 5339420.0000000 0.0381260
0.03 113 4 5135860.0946383 5339420.0000000 0.0381240
0.03 114 5 5135860.3214831 5339420.0000000 0.0381239
0.03 115 4 5135862.2983124 5339420.0000000 0.0381236
0.03 116 3 5135866.2409047 5339420.0000000 0.0381228
0.03 117 4 5135869.7307746 5339420.0000000 0.0381222
0.03 118 6 5135870.0713155 5339420.0000000 0.0381221
0.03 119 5 5135883.9701292 5339420.0000000 0.0381195
0.03 120 5 5135895.0248380 5339420.0000000 0.0381174
0.03 121 6 5135903.8214178 5339420.0000000 0.0381158
0.03 122 6 5135908.7048975 5339420.0000000 0.0381149
0.03 123 6 5135927.5661806 5339420.0000000 0.0381113
0.03 124 5 5135931.8370610 5339420.0000000 0.0381105
0.03 125 4 5135953.9503995 5339420.0000000 0.0381064
0.03 126 5 5135965.3947834 5339420.0000000 0.0381043
0.03 127 5 5135966.2337000 5339420.0000000 0.0381041
0.03 128 6 5135974.1422155 5339420.0000000 0.0381026
0.03 129 7 5135983.6695787 5339420.0000000 0.0381008
0.03 130 6 5136001.6797593 5339420.0000000 0.0380975
0.03 131 4 5136016.7240605 5339420.0000000 0.0380946
0.03 132 4 5136018.1604060 5339420.0000000 0.0380944
0.03 133 5 5136022.0649425 5339420.0000000 0.0380936
0.03 134 4 5136022.3304704 5339420.0000000 0.0380936
0.03 135 4 5136022.3347640 5339420.0000000 0.0380936
0.03 136 5 5136022.4444167 5339420.0000000 0.0380936
0.03 137 5 5136022.5888660 5339420.0000000 0.0380935
0.03 138 5 5136022.7138380 5339420.0000000 0.0380935
0.03 139 3 5136025.2745009 5339420.0000000 0.0380930
0.03 140 3 5136025.2745009 5339420.0000000 0.0380930
0.03 141 3 5136025.2745009 5339420.0000000 0.0380930
0.03 142 3 5136025.2745009 5339420.0000000 0.0380930
0.03 143 3 5136025.2745009 5339420.0000000 0.0380930
0.03 144 3 5136025.2745009 5339420.0000000 0.0380930
0.03 145 3 5136025.3602430 5339420.0000000 0.0380930
0.03 146 3 5136025.4737295 5339420.0000000 0.0380930
0.03 147 4 5136025.4737295 5339420.0000000 0.0380930
0.03 148 4 5136028.1870423 5339420.0000000 0.0380925
0.03 149 4 5136028.6782604 5339420.0000000 0.0380924
0.03 150 2 5136035.9333915 5339420.0000000 0.0380910
0.03 151 5 5136037.7585036 5339420.0000000 0.0380907
0.03 152 4 5136046.3778026 5339420.0000000 0.0380891
0.03 153 3 5136050.9047186 5339420.0000000 0.0380882
0.03 154 3 5136054.3335500 5339420.0000000 0.0380876
0.03 155 3 5136054.3335500 5339420.0000000 0.0380876
0.03 156 3 5136054.3335500 5339420.0000000 0.0380876
0.03 157 3 5136057.8836496 5339420.0000000 0.0380869
0.03 158 4 5136063.1776301 5339420.0000000 0.0380859
0.03 159 4 5136064.0418214 5339420.0000000 0.0380858
0.03 160 3 5136065.5547753 5339420.0000000 0.0380855
0.03 161 3 5136071.1183696 5339420.0000000 0.0380845
0.03 162 2 5136078.7463323 5339420.0000000 0.0380830
0.03 163 1 5136084.0481437 5339420.0000000 0.0380820
0.03 164 1 5136085.6350371 5339420.0000000 0.0380817
0.03 165 1 5136086.4478963 5339420.0000000 0.0380816
0.03 166 1 5136086.4478963 5339420.0000000 0.0380816
0.03 167 1 5136086.9723915 5339420.0000000 0.0380815
0.03 168 1 5136086.9723915 5339420.0000000 0.0380815
0.03 169 1 5136086.9723915 5339420.0000000 0.0380815
0.03 170 1 5136086.9723915 5339420.0000000 0.0380815
0.03 171 1 5136087.2605915 5339420.0000000 0.0380814
0.03 172 1 5136087.2605915 5339420.0000000 0.0380814
0.03 173 1 5136087.2605915 5339420.0000000 0.0380814
0.03 174 1 5136087.2605915 5339420.0000000 0.0380814
0.03 175 1 5136087.5719045 5339420.0000000 0.0380814
0.03 176 1 5136087.8446430 5339420.0000000 0.0380813
0.03 177 1 5136087.8446430 5339420.0000000 0.0380813
0.03 178 1 5136087.8446430 5339420.0000000 0.0380813
0.03 179 1 5136087.8446429 5339420.0000000 0.0380813
0.03 180 1 5136090.7362593 5339420.0000000 0.0380808
0.03 181 1 5136090.7362593 5339420.0000000 0.0380808
0.03 182 1 5136090.7362593 5339420.0000000 0.0380808
0.03 183 1 5136090.9804001 5339420.0000000 0.0380807
0.03 184 1 5136092.5568933 5339420.0000000 0.0380804
0.03 185 2 5136093.4877569 5339420.0000000 0.0380803
0.03 186 2 5136093.4877569 5339420.0000000 0.0380803
0.03 187 2 5136095.4126318 5339420.0000000 0.0380799
0.03 188 2 5136095.4126318 5339420.0000000 0.0380799
0.03 189 2 5136098.6469073 5339420.0000000 0.0380793
0.03 190 2 5136102.9953747 5339420.0000000 0.0380785
0.03 191 1 5136102.9953747 5339420.0000000 0.0380785
0.03 192 1 5136103.0759870 5339420.0000000 0.0380785
0.03 193 1 5136103.0759870 5339420.0000000 0.0380785
0.03 194 1 5136103.0759870 5339420.0000000 0.0380785
0.03 195 1 5136103.0759870 5339420.0000000 0.0380785
0.03 196 1 5136104.6188398 5339420.0000000 0.0380782
0.03 197 2 5136104.6188398 5339420.0000000 0.0380782
0.03 198 2 5136104.6188398 5339420.0000000 0.0380782
0.03 199 2 5136104.6188398 5339420.0000000 0.0380782
0.03 200 2 5136104.9293980 5339420.0000000 0.0380781
0.03 201 1 5136106.8254338 5339420.0000000 0.0380778
0.03 202 2 5136106.8254338 5339420.0000000 0.0380778
0.03 203 2 5136106.8254339 5339420.0000000 0.0380778
0.03 204 2 5136106.8254339 5339420.0000000 0.0380778
0.03 205 2 5136106.8254338 5339420.0000000 0.0380778
0.03 206 2 5136106.8254339 5339420.0000000 0.0380778
0.03 207 2 5136107.8031239 5339420.0000000 0.0380776
