0.32 0 0 5644051.0023577 5907870.0000000 0.0446555
0.02 1 24 5647125.7862461 5907870.0000000 0.0441351
0.02 2 22 5650792.9562126 5907870.0000000 0.0435143
0.02 3 22 5652732.7402228 5907870.0000000 0.0431860
0.02 4 22 5653438.2851847 5907870.0000000 0.0430666
0.02 5 16 5653990.8254672 5907870.0000000 0.0429730
0.02 6 14 5654227.3705255 5907870.0000000 0.0429330
0.02 7 12 5654309.0351903 5907870.0000000 0.0429192
0.02 8 15 5654480.9248013 5907870.0000000 0.0428901
0.02 9 17 5654516.7816142 5907870.0000000 0.0428840
0.02 10 16 5654663.8720856 5907870.0000000 0.0428591
0.02 11 14 5654893.9284294 5907870.0000000 0.0428202
0.02 12 12 5654981.2458719 5907870.0000000 0.0428054
0.02 13 11 5655022.2384944 5907870.0000000 0.0427985
0.02 14 12 5655122.5051689 5907870.0000000 0.0427815
0.02 15 10 5655180.0633144 5907870.0000000 0.0427717
0.02 16 7 5655229.8411016 5907870.0000000 0.0427633
0.02 17 9 5655232.6156741 5907870.0000000 0.0427629
0.02 18 10 5656036.0694486 5907870.0000000 0.0426269
0.02 19 12 5656151.5046577 5907870.0000000 0.0426073
0.02 20 9 5656521.0584663 5907870.0000000 0.0425448
0.02 21 12 5656595.9543141 5907870.0000000 0.0425321
0.02 22 12 5656661.2491983 5907870.0000000 0.0425210
0.02 23 8 5656676.2145567 5907870.0000000 0.0425185
0.02 24 9 5656762.6140929 5907870.0000000 0.0425039
0.02 25 5 5656765.9014021 5907870.0000000 0.0425033
0.02 26 7 5656768.3192512 5907870.0000000 0.0425029
0.02 27 7 5656816.8012907 5907870.0000000 0.0424947
0.02 28 5 5656821.2361985 5907870.0000000 0.0424940
0.02 29 7 5656822.1670720 5907870.0000000 0.0424938
0.02 30 9 5656825.6289936 5907870.0000000 0.0424932
0.02 31 5 5656831.2131289 5907870.0000000 0.0424923
0.02 32 5 5656834.8620357 5907870.0000000 0.0424916
0.02 33 5 5656834.8620357 5907870.0000000 0.0424916
0.02 34 5 5656858.9657318 5907870.0000000 0.0424876
0.02 35 5 5656963.8928320 5907870.0000000 0.0424698
0.02 36 6 5656965.9334886 5907870.0000000 0.0424695
0.02 37 6 5656977.2357932 5907870.0000000 0.0424675
0.02 38 6 5656978.5149117 5907870.0000000 0.0424673
0.02 39 6 5657024.6494226 5907870.0000000 0.0424595
0.02 40 6 5657048.2656116 5907870.0000000 0.0424555
0.02 41 5 5657051.7411438 5907870.0000000 0.0424549
0.02 42 7 5657074.5476190 5907870.0000000 0.0424511
0.02 43 6 5657076.1328154 5907870.0000000 0.0424508
0.02 44 4 5657076.4028925 5907870.0000000 0.0424508
0.02 45 4 5657089.8443524 5907870.0000000 0.0424485
0.02 46 4 5657090.4788849 5907870.0000000 0.0424484
0.02 47 4 5657092.3998581 5907870.0000000 0.0424481
0.02 48 4 5657094.8680489 5907870.0000000 0.0424476
0.02 49 4 5657112.5849836 5907870.0000000 0.0424446
0.02 50 4 5657114.9020866 5907870.0000000 0.0424442
0.02 51 4 5657118.5634440 5907870.0000000 0.0424436
0.02 52 4 5657121.9328477 5907870.0000000 0.0424431
0.02 53 4 5657142.0506934 5907870.0000000 0.0424397
0.02 54 5 5657149.0630055 5907870.0000000 0.0424385
0.02 55 6 5657153.0440668 5907870.0000000 0.0424378
0.02 56 6 5657173.4492803 5907870.0000000 0.0424343
0.02 57 5 5657181.4412802 5907870.0000000 0.0424330
0.02 58 5 5657183.5621775 5907870.0000000 0.0424326
0.02 59 5 5657186.1220196 5907870.0000000 0.0424322
0.02 60 5 5657187.7804317 5907870.0000000 0.0424319
0.02 61 5 5657195.6241105 5907870.0000000 0.0424306
0.02 62 5 5657199.1234343 5907870.0000000 0.0424300
0.02 63 6 5657202.0038699 5907870.0000000 0.0424295
0.02 64 5 5657209.5908666 5907870.0000000 0.0424282
0.02 65 6 5657217.8056126 5907870.0000000 0.0424268
0.02 66 6 5657224.2359998 5907870.0000000 0.0424257
0.02 67 4 5657227.2955310 5907870.0000000 0.0424252
0.02 68 4 5657230.8212128 5907870.0000000 0.0424246
0.02 69 4 5657233.7940860 5907870.0000000 0.0424241
0.02 70 4 5657237.2265225 5907870.0000000 0.0424235
0.02 71 4 5657238.3211122 5907870.0000000 0.0424234
0.02 72 4 5657240.5583565 5907870.0000000 0.0424230
0.02 73 4 5657241.1554678 5907870.0000000 0.0424229
0.02 74 4 5657246.3788719 5907870.0000000 0.0424220
0.02 75 3 5657248.7037646 5907870.0000000 0.0424216
0.02 76 3 5657250.3065732 5907870.0000000 0.0424213
0.02 77 3 5657251.2548262 5907870.0000000 0.0424212
0.03 78 3 5657251.9031725 5907870.0000000 0.0424211
0.02 79 3 5657252.1244828 5907870.0000000 0.0424210
0.02 80 3 5657252.3261329 5907870.0000000 0.0424210
0.02 81 3 5657252.3261329 5907870.0000000 0.0424210
0.02 82 3 5657252.6006418 5907870.0000000 0.0424209
0.02 83 3 5657252.6006418 5907870.0000000 0.0424209
0.02 84 3 5657253.1285653 5907870.0000000 0.0424209
0.02 85 3 5657253.1285653 5907870.0000000 0.0424209
0.02 86 3 5657253.1285653 5907870.0000000 0.0424209
0.02 87 3 5657253.1632776 5907870.0000000 0.0424208
0.02 88 3 5657253.4046432 5907870.0000000 0.0424208
0.02 89 3 5657253.4086379 5907870.0000000 0.0424208
0.02 90 3 5657258.8783995 5907870.0000000 0.0424199
0.02 91 5 5657262.2944288 5907870.0000000 0.0424193
0.02 92 5 5657265.0219984 5907870.0000000 0.0424188
0.03 93 5 5657267.6137143 5907870.0000000 0.0424184
0.03 94 3 5657269.0268934 5907870.0000000 0.0424182
0.02 95 3 5657270.5578623 5907870.0000000 0.0424179
0.03 96 3 5657272.3666725 5907870.0000000 0.0424176
0.03 97 3 5657273.2587116 5907870.0000000 0.0424174
0.03 98 5 5657275.1989807 5907870.0000000 0.0424171
0.03 99 3 5657276.6141270 5907870.0000000 0.0424169
0.03 100 3 5657277.2478797 5907870.0000000 0.0424168
0.03 101 3 5657277.9210028 5907870.0000000 0.0424167
0.03 102 5 5657279.1998856 5907870.0000000 0.0424164
0.03 103 5 5657280.3061963 5907870.0000000 0.0424163
0.03 104 5 5657281.4048116 5907870.0000000 0.0424161
0.03 105 5 5657282.4872876 5907870.0000000 0.0424159
0.03 106 6 5657284.2744190 5907870.0000000 0.0424156
0.03 107 5 5657285.5157330 5907870.0000000 0.0424154
0.03 108 5 5657287.3179857 5907870.0000000 0.0424151
0.03 109 5 5657287.9253071 5907870.0000000 0.0424150
0.03 110 5 5657288.5201607 5907870.0000000 0.0424149
0.03 111 5 5657289.1972573 5907870.0000000 0.0424147
0.03 112 6 5657289.5149633 5907870.0000000 0.0424147
0.03 113 5 5657290.3347490 5907870.0000000 0.0424146
0.03 114 5 5657291.0103751 5907870.0000000 0.0424144
0.03 115 5 5657291.7185654 5907870.0000000 0.0424143
0.03 116 5 5657292.7840804 5907870.0000000 0.0424141
0.03 117 5 5657293.9645158 5907870.0000000 0.0424139
0.03 118 5 5657295.2616488 5907870.0000000 0.0424137
0.03 119 5 5657298.0614986 5907870.0000000 0.0424132
0.03 120 6 5657305.3683649 5907870.0000000 0.0424120
0.03 121 5 5657316.3336902 5907870.0000000 0.0424102
0.03 122 3 5657318.2394165 5907870.0000000 0.0424098
0.03 123 3 5657319.8608906 5907870.0000000 0.0424096
0.03 124 3 5657325.3772448 5907870.0000000 0.0424086
0.03 125 4 5657328.6977881 5907870.0000000 0.0424081
0.03 126 3 5657335.6937465 5907870.0000000 0.0424069
0.03 127 3 5657348.0379027 5907870.0000000 0.0424048
0.03 128 2 5657352.3042694 5907870.0000000 0.0424041
0.03 129 2 5657354.3559112 5907870.0000000 0.0424037
0.03 130 2 5657358.5530596 5907870.0000000 0.0424030
0.03 131 2 5657359.5384892 5907870.0000000 0.0424028
0.03 132 2 5657361.7488424 5907870.0000000 0.0424025
0.03 133 2 5657366.5636529 5907870.0000000 0.0424017
0.03 134 2 5657367.2657974 5907870.0000000 0.0424015
0.03 135 2 5657370.5618992 5907870.0000000 0.0424010
0.03 136 3 5657372.1591370 5907870.0000000 0.0424007
0.03 137 3 5657374.0018911 5907870.0000000 0.0424004
0.03 138 3 5657374.7444919 5907870.0000000 0.0424003
0.03 139 3 5657381.3955839 5907870.0000000 0.0423991
0.03 140 3 5657383.1416952 5907870.0000000 0.0423988
0.03 141 3 5657384.5807709 5907870.0000000 0.0423986
0.03 142 3 5657389.6740975 5907870.0000000 0.0423977
0.03 143 3 5657390.8723862 5907870.0000000 0.0423975
0.03 144 3 5657392.7228033 5907870.0000000 0.0423972
0.03 145 3 5657393.1784352 5907870.0000000 0.0423971
0.03 146 3 5657394.5637760 5907870.0000000 0.0423969
0.03 147 3 5657394.9498952 5907870.0000000 0.0423968
0.03 148 3 5657400.7287620 5907870.0000000 0.0423959
0.03 149 3 5657402.5865791 5907870.0000000 0.0423956
0.03 150 3 5657406.7288484 5907870.0000000 0.0423949
0.03 151 3 5657407.4487720 5907870.0000000 0.0423947
0.03 152 3 5657410.1489420 5907870.0000000 0.0423943
0.03 153 3 5657410.8837673 5907870.0000000 0.0423941
0.03 154 3 5657413.4699431 5907870.0000000 0.0423937
0.03 155 3 5657414.9429269 5907870.0000000 0.0423935
0.03 156 3 5657415.4889317 5907870.0000000 0.0423934
0.03 157 3 5657417.7382571 5907870.0000000 0.0423930
0.03 158 3 5657418.1045968 5907870.0000000 0.0423929
0.03 159 3 5657421.6288930 5907870.0000000 0.0423923
0.03 160 3 5657422.1212667 5907870.0000000 0.0423922
0.03 161 3 5657424.8779283 5907870.0000000 0.0423918
0.03 162 3 5657425.7605670 5907870.0000000 0.0423916
0.03 163 3 5657426.9830641 5907870.0000000 0.0423914
0.03 164 3 5657429.5603546 5907870.0000000 0.0423910
0.03 165 3 5657431.5941396 5907870.0000000 0.0423906
0.03 166 2 5657438.2161799 5907870.0000000 0.0423895
0.03 167 3 5657439.5918477 5907870.0000000 0.0423893
0.03 168 3 5657444.9880185 5907870.0000000 0.0423884
0.03 169 2 5657446.0509031 5907870.0000000 0.0423882
0.03 170 2 5657449.4408202 5907870.0000000 0.0423876
0.03 171 3 5657453.6888617 5907870.0000000 0.0423869
0.03 172 2 5657455.2599611 5907870.0000000 0.0423866
0.03 173 2 5657456.4394006 5907870.0000000 0.0423864
0.03 174 2 5657459.2410579 5907870.0000000 0.0423860
0.03 175 2 5657460.1506341 5907870.0000000 0.0423858
0.03 176 2 5657464.0829386 5907870.0000000 0.0423851
0.03 177 2 5657467.6844963 5907870.0000000 0.0423845
0.03 178 3 5657469.5217209 5907870.0000000 0.0423842
0.03 179 2 5657472.4002906 5907870.0000000 0.0423837
0.03 180 2 5657478.3817842 5907870.0000000 0.0423827
0.03 181 2 5657484.5624479 5907870.0000000 0.0423817
0.03 182 2 5657492.7741887 5907870.0000000 0.0423803
0.03 183 3 5657501.0902294 5907870.0000000 0.0423789
0.03 184 2 5657502.6867648 5907870.0000000 0.0423786
0.03 185 2 5657503.4567158 5907870.0000000 0.0423785
0.03 186 2 5657506.3826374 5907870.0000000 0.0423780
0.03 187 2 5657507.0190337 5907870.0000000 0.0423779
0.03 188 2 5657508.4322778 5907870.0000000 0.0423776
0.03 189 2 5657510.2674080 5907870.0000000 0.0423773
0.03 190 2 5657511.0779007 5907870.0000000 0.0423772
0.03 191 2 5657511.9072528 5907870.0000000 0.0423770
0.03 192 2 5657513.6072607 5907870.0000000 0.0423768
0.03 193 2 5657514.9058801 5907870.0000000 0.0423765
0.03 194 2 5657515.5272620 5907870.0000000 0.0423764
0.03 195 2 5657520.6482400 5907870.0000000 0.0423756
0.03 196 2 5657528.9215854 5907870.0000000 0.0423742
0.03 197 2 5657530.9100087 5907870.0000000 0.0423738
0.03 198 2 5657535.2785455 5907870.0000000 0.0423731
0.03 199 2 5657537.0632589 5907870.0000000 0.0423728
0.03 200 2 5657540.1897854 5907870.0000000 0.0423723
0.03 201 2 5657550.4601869 5907870.0000000 0.0423705
0.03 202 2 5657551.1118586 5907870.0000000 0.0423704
0.03 203 2 5657551.4620395 5907870.0000000 0.0423704
0.03 204 2 5657554.0771557 5907870.0000000 0.0423699
0.03 205 2 5657554.5279560 5907870.0000000 0.0423698
0.03 206 2 5657555.8587926 5907870.0000000 0.0423696
0.03 207 2 5657556.7592794 5907870.0000000 0.0423695
0.03 208 2 5657558.9321369 5907870.0000000 0.0423691
0.03 209 2 5657560.2692092 5907870.0000000 0.0423689
0.03 210 2 5657561.6130253 5907870.0000000 0.0423686
0.03 211 2 5657569.9939778 5907870.0000000 0.0423672
0.03 212 2 5657571.7894357 5907870.0000000 0.0423669
0.03 213 2 5657573.2014859 5907870.0000000 0.0423667
0.03 214 2 5657573.9912268 5907870.0000000 0.0423665
0.03 215 2 5657574.7765585 5907870.0000000 0.0423664
0.03 216 2 5657575.4864863 5907870.0000000 0.0423663
0.03 217 2 5657575.8292116 5907870.0000000 0.0423662
0.03 218 2 5657576.3754052 5907870.0000000 0.0423661
0.03 219 2 5657576.7598326 5907870.0000000 0.0423661
0.03 220 2 5657577.0324200 5907870.0000000 0.0423660
0.03 221 2 5657577.2588255 5907870.0000000 0.0423660
0.03 222 2 5657577.6029404 5907870.0000000 0.0423659
0.03 223 2 5657578.2083388 5907870.0000000 0.0423658
0.03 224 2 5657578.5472319 5907870.0000000 0.0423658
0.03 225 2 5657579.1175412 5907870.0000000 0.0423657
0.03 226 2 5657579.9149633 5907870.0000000 0.0423655
0.03 227 2 5657580.8250430 5907870.0000000 0.0423654
0.03 228 2 5657581.2122257 5907870.0000000 0.0423653
0.03 229 2 5657581.4251302 5907870.0000000 0.0423653
0.03 230 2 5657581.6093804 5907870.0000000 0.0423653
0.03 231 2 5657584.0140190 5907870.0000000 0.0423648
0.03 232 2 5657584.4803126 5907870.0000000 0.0423648
0.03 233 2 5657586.0837995 5907870.0000000 0.0423645
0.03 234 2 5657587.8980576 5907870.0000000 0.0423642
0.03 235 2 5657588.8491963 5907870.0000000 0.0423640
0.03 236 2 5657589.7829096 5907870.0000000 0.0423639
0.03 237 2 5657591.8773173 5907870.0000000 0.0423635
0.03 238 2 5657592.8607956 5907870.0000000 0.0423633
0.03 239 2 5657596.7855886 5907870.0000000 0.0423627
0.03 240 2 5657597.5893358 5907870.0000000 0.0423625
0.03 241 2 5657598.8367031 5907870.0000000 0.0423623
0.03 242 2 5657599.2653625 5907870.0000000 0.0423623
0.03 243 2 5657600.9928937 5907870.0000000 0.0423620
0.03 244 2 5657601.3033902 5907870.0000000 0.0423619
0.03 245 2 5657601.5284925 5907870.0000000 0.0423619
0.03 246 2 5657602.1641444 5907870.0000000 0.0423618
0.03 247 2 5657602.7224818 5907870.0000000 0.0423617
0.03 248 2 5657603.1613643 5907870.0000000 0.0423616
0.03 249 2 5657604.1203680 5907870.0000000 0.0423614
0.03 250 2 5657604.3122759 5907870.0000000 0.0423614
0.03 251 2 5657607.9336038 5907870.0000000 0.0423608
0.03 252 2 5657608.2733276 5907870.0000000 0.0423607
0.03 253 2 5657609.7730921 5907870.0000000 0.0423605
0.03 254 2 5657610.0183954 5907870.0000000 0.0423604
0.03 255 2 5657610.3892590 5907870.0000000 0.0423604
0.03 256 2 5657611.1802279 5907870.0000000 0.0423602
0.03 257 2 5657611.7000227 5907870.0000000 0.0423602
0.03 258 2 5657615.1783793 5907870.0000000 0.0423596
0.03 259 1 5657616.0114675 5907870.0000000 0.0423594
0.03 260 1 5657616.8233887 5907870.0000000 0.0423593
0.03 261 1 5657617.5731799 5907870.0000000 0.0423592
0.03 262 1 5657618.0883409 5907870.0000000 0.0423591
0.03 263 1 5657619.5516119 5907870.0000000 0.0423588
0.03 264 1 5657621.0037355 5907870.0000000 0.0423586
0.03 265 1 5657621.8466550 5907870.0000000 0.0423584
0.03 266 1 5657622.6842075 5907870.0000000 0.0423583
0.03 267 1 5657623.2286706 5907870.0000000 0.0423582
0.03 268 1 5657623.9246367 5907870.0000000 0.0423581
0.03 269 1 5657624.8793445 5907870.0000000 0.0423579
0.03 270 1 5657625.4456756 5907870.0000000 0.0423578
0.03 271 1 5657625.9121012 5907870.0000000 0.0423578
0.03 272 1 5657626.3421068 5907870.0000000 0.0423577
0.03 273 1 5657626.5893177 5907870.0000000 0.0423576
0.03 274 1 5657626.8327416 5907870.0000000 0.0423576
