0.51 0 0 6142664.9045577 6442910.0000000 0.0466009
0.02 1 19 6143725.8841643 6442910.0000000 0.0464362
0.02 2 14 6144620.5471422 6442910.0000000 0.0462973
0.02 3 11 6145009.8573862 6442910.0000000 0.0462369
0.02 4 8 6145088.4211371 6442910.0000000 0.0462247
0.02 5 11 6145318.0294510 6442910.0000000 0.0461891
0.02 6 10 6145480.9571742 6442910.0000000 0.0461638
0.02 7 11 6145641.1527969 6442910.0000000 0.0461389
0.02 8 12 6145683.6244488 6442910.0000000 0.0461323
0.02 9 8 6145749.6972600 6442910.0000000 0.0461221
0.02 10 8 6145782.7758234 6442910.0000000 0.0461169
0.02 11 7 6145811.6963388 6442910.0000000 0.0461124
0.02 12 7 6145841.7798911 6442910.0000000 0.0461078
0.02 13 8 6145904.3286065 6442910.0000000 0.0460981
0.02 14 11 6146004.8210900 6442910.0000000 0.0460825
0.02 15 9 6146059.2859514 6442910.0000000 0.0460740
0.02 16 11 6146212.1117550 6442910.0000000 0.0460503
0.02 17 8 6146235.9578364 6442910.0000000 0.0460466
0.02 18 8 6146254.7362585 6442910.0000000 0.0460437
0.03 19 8 6146322.1232951 6442910.0000000 0.0460332
0.03 20 9 6146348.0855636 6442910.0000000 0.0460292
0.03 21 7 6146363.6610811 6442910.0000000 0.0460268
0.03 22 8 6146429.2678028 6442910.0000000 0.0460166
0.03 23 6 6146473.3361495 6442910.0000000 0.0460097
0.03 24 6 6146510.6697199 6442910.0000000 0.0460040
0.03 25 11 6146543.2518607 6442910.0000000 0.0459989
0.03 26 8 6146593.2838011 6442910.0000000 0.0459911
0.03 27 9 6146650.4443012 6442910.0000000 0.0459823
0.03 28 7 6146972.3071813 6442910.0000000 0.0459323
0.03 29 9 6146997.1085945 6442910.0000000 0.0459285
0.03 30 10 6147192.8212058 6442910.0000000 0.0458981
0.03 31 8 6147579.1823970 6442910.0000000 0.0458381
0.03 32 6 6147598.4388010 6442910.0000000 0.0458351
0.03 33 5 6147600.3861666 6442910.0000000 0.0458348
0.03 34 7 6147606.0679062 6442910.0000000 0.0458339
0.03 35 7 6147607.7909908 6442910.0000000 0.0458337
0.03 36 6 6147623.6721951 6442910.0000000 0.0458312
0.03 37 7 6147647.3151538 6442910.0000000 0.0458275
0.03 38 5 6147647.7771936 6442910.0000000 0.0458275
0.02 39 5 6147647.7771936 6442910.0000000 0.0458275
0.03 40 5 6147656.2868182 6442910.0000000 0.0458261
0.03 41 5 6147664.2468076 6442910.0000000 0.0458249
0.03 42 6 6147675.1318731 6442910.0000000 0.0458232
0.03 43 6 6147690.6360871 6442910.0000000 0.0458208
0.03 44 8 6147693.0930316 6442910.0000000 0.0458204
0.03 45 9 6147837.9128608 6442910.0000000 0.0457980
0.03 46 9 6147873.2538293 6442910.0000000 0.0457925
0.03 47 9 6147923.7162456 6442910.0000000 0.0457846
0.03 48 9 6147964.1366277 6442910.0000000 0.0457784
0.03 49 8 6147994.5118607 6442910.0000000 0.0457736
0.03 50 8 6148151.1145106 6442910.0000000 0.0457493
0.03 51 6 6148177.8821010 6442910.0000000 0.0457452
0.03 52 5 6148223.4660960 6442910.0000000 0.0457381
0.03 53 5 6148234.5296170 6442910.0000000 0.0457364
0.03 54 6 6148242.6113358 6442910.0000000 0.0457351
0.03 55 6 6148265.1900258 6442910.0000000 0.0457316
0.03 56 5 6148369.8392834 6442910.0000000 0.0457154
0.03 57 5 6148385.3364801 6442910.0000000 0.0457130
0.03 58 4 6148393.3111593 6442910.0000000 0.0457117
0.03 59 5 6148578.4846195 6442910.0000000 0.0456830
0.03 60 9 6148792.6157887 6442910.0000000 0.0456498
0.03 61 7 6148822.5811867 6442910.0000000 0.0456451
0.03 62 7 6148827.9421742 6442910.0000000 0.0456443
0.03 63 10 6148836.1627146 6442910.0000000 0.0456430
0.03 64 7 6148842.5649818 6442910.0000000 0.0456420
0.03 65 8 6148861.7541756 6442910.0000000 0.0456390
0.03 66 8 6148865.6011122 6442910.0000000 0.0456384
0.03 67 8 6148869.4967391 6442910.0000000 0.0456378
0.03 68 10 6148879.4236026 6442910.0000000 0.0456363
0.03 69 9 6148884.3717120 6442910.0000000 0.0456355
0.03 70 7 6148890.1215833 6442910.0000000 0.0456346
0.03 71 8 6148896.7312830 6442910.0000000 0.0456336
0.03 72 6 6148903.0438051 6442910.0000000 0.0456326
0.03 73 6 6148907.6419144 6442910.0000000 0.0456319
0.03 74 6 6148913.9759196 6442910.0000000 0.0456309
0.03 75 5 6148919.0966337 6442910.0000000 0.0456301
0.03 76 6 6148923.3017612 6442910.0000000 0.0456295
0.03 77 5 6148928.9215482 6442910.0000000 0.0456286
0.03 78 6 6148931.9042800 6442910.0000000 0.0456282
0.03 79 6 6148935.9111207 6442910.0000000 0.0456275
0.03 80 6 6148938.2431787 6442910.0000000 0.0456272
0.03 81 5 6148938.9871147 6442910.0000000 0.0456271
0.03 82 5 6148946.8527940 6442910.0000000 0.0456258
0.03 83 5 6148950.8266160 6442910.0000000 0.0456252
0.03 84 5 6148953.7153821 6442910.0000000 0.0456248
0.03 85 5 6148954.9799892 6442910.0000000 0.0456246
0.03 86 5 6148956.5310732 6442910.0000000 0.0456243
0.03 87 4 6148958.2495712 6442910.0000000 0.0456241
0.03 88 5 6148960.9940320 6442910.0000000 0.0456236
0.03 89 4 6148962.2947428 6442910.0000000 0.0456234
0.03 90 4 6148963.5799536 6442910.0000000 0.0456232
0.03 91 4 6148965.5872357 6442910.0000000 0.0456229
0.03 92 2 6148967.0650349 6442910.0000000 0.0456227
0.03 93 3 6148972.8441358 6442910.0000000 0.0456218
0.03 94 4 6148974.0351747 6442910.0000000 0.0456216
0.03 95 4 6148974.0351747 6442910.0000000 0.0456216
0.03 96 4 6148976.4790528 6442910.0000000 0.0456212
0.03 97 4 6148976.4790528 6442910.0000000 0.0456212
0.03 98 4 6148978.7436615 6442910.0000000 0.0456209
0.03 99 4 6148981.4545631 6442910.0000000 0.0456205
0.03 100 4 6148983.0032660 6442910.0000000 0.0456202
0.03 101 4 6148985.0018259 6442910.0000000 0.0456199
0.03 102 2 6148988.8061850 6442910.0000000 0.0456193
0.03 103 4 6148992.6886945 6442910.0000000 0.0456187
0.03 104 2 6148995.4410110 6442910.0000000 0.0456183
0.03 105 4 6148996.9082393 6442910.0000000 0.0456181
0.03 106 2 6148996.9082392 6442910.0000000 0.0456181
0.03 107 2 6148997.6729754 6442910.0000000 0.0456179
0.03 108 1 6148997.6729754 6442910.0000000 0.0456179
0.03 109 1 6148997.6729754 6442910.0000000 0.0456179
0.03 110 1 6148997.6729754 6442910.0000000 0.0456179
0.03 111 1 6148997.6729754 6442910.0000000 0.0456179
0.03 112 1 6148997.6729754 6442910.0000000 0.0456179
0.03 113 1 6148997.6729754 6442910.0000000 0.0456179
0.03 114 1 6148997.6729754 6442910.0000000 0.0456179
0.03 115 1 6148997.6729754 6442910.0000000 0.0456179
0.03 116 1 6148997.6729754 6442910.0000000 0.0456179
0.03 117 1 6148997.6729754 6442910.0000000 0.0456179
0.03 118 1 6148997.6729754 6442910.0000000 0.0456179
0.03 119 1 6148997.6729754 6442910.0000000 0.0456179
0.03 120 1 6148997.6729754 6442910.0000000 0.0456179
0.03 121 1 6148997.6729754 6442910.0000000 0.0456179
0.03 122 1 6148997.6729754 6442910.0000000 0.0456179
0.03 123 1 6148997.6729754 6442910.0000000 0.0456179
0.03 124 1 6148997.6729754 6442910.0000000 0.0456179
0.03 125 1 6148997.6729754 6442910.0000000 0.0456179
0.03 126 1 6148997.6729754 6442910.0000000 0.0456179
0.03 127 1 6148997.6729754 6442910.0000000 0.0456179
0.03 128 1 6148997.6729754 6442910.0000000 0.0456179
0.03 129 1 6148997.6729754 6442910.0000000 0.0456179
0.03 130 1 6148997.6729754 6442910.0000000 0.0456179
0.03 131 1 6148997.6729754 6442910.0000000 0.0456179
0.03 132 1 6148997.6729754 6442910.0000000 0.0456179
0.03 133 1 6148997.6729754 6442910.0000000 0.0456179
0.03 134 1 6148997.6729754 6442910.0000000 0.0456179
0.03 135 1 6148997.6729754 6442910.0000000 0.0456179
0.03 136 1 6148997.6729754 6442910.0000000 0.0456179
0.03 137 1 6148997.6729754 6442910.0000000 0.0456179
0.03 138 1 6148997.6729754 6442910.0000000 0.0456179
0.03 139 1 6148997.6729753 6442910.0000000 0.0456179
0.03 140 1 6148997.6729754 6442910.0000000 0.0456179
0.03 141 1 6148997.6729753 6442910.0000000 0.0456179
0.03 142 1 6148997.6729754 6442910.0000000 0.0456179
0.03 143 1 6148997.6729754 6442910.0000000 0.0456179
0.03 144 1 6148997.6729754 6442910.0000000 0.0456179
0.03 145 1 6148997.6729754 6442910.0000000 0.0456179
0.03 146 1 6148997.6729754 6442910.0000000 0.0456179
0.03 147 1 6148997.6729754 6442910.0000000 0.0456179
0.03 148 1 6148997.6729754 6442910.0000000 0.0456179
0.03 149 1 6148997.6729754 6442910.0000000 0.0456179
0.03 150 1 6148997.6729754 6442910.0000000 0.0456179
0.03 151 1 6148997.6729754 6442910.0000000 0.0456179
0.03 152 1 6148997.6729754 6442910.0000000 0.0456179
0.03 153 1 6148997.6729754 6442910.0000000 0.0456179
0.03 154 1 6148997.6729754 6442910.0000000 0.0456179
0.03 155 1 6148997.6729754 6442910.0000000 0.0456179
0.03 156 1 6148997.6729754 6442910.0000000 0.0456179
0.03 157 1 6148997.6729754 6442910.0000000 0.0456179
0.03 158 1 6148997.6729754 6442910.0000000 0.0456179
0.03 159 1 6148997.6729754 6442910.0000000 0.0456179
0.03 160 1 6148997.6729754 6442910.0000000 0.0456179
0.03 161 1 6148997.6729754 6442910.0000000 0.0456179
0.03 162 1 6148997.6729754 6442910.0000000 0.0456179
0.03 163 1 6148997.6729754 6442910.0000000 0.0456179
0.03 164 1 6148997.6729754 6442910.0000000 0.0456179
0.03 165 1 6148997.6729754 6442910.0000000 0.0456179
0.03 166 1 6148997.6729754 6442910.0000000 0.0456179
0.03 167 1 6148997.6729754 6442910.0000000 0.0456179
0.03 168 1 6148997.6729754 6442910.0000000 0.0456179
0.03 169 1 6148997.6729754 6442910.0000000 0.0456179
0.03 170 1 6148997.6729754 6442910.0000000 0.0456179
0.03 171 1 6148997.6729754 6442910.0000000 0.0456179
0.03 172 1 6148997.6729754 6442910.0000000 0.0456179
0.03 173 1 6148997.6729753 6442910.0000000 0.0456179
0.03 174 1 6148997.6729754 6442910.0000000 0.0456179
0.03 175 1 6148997.6729754 6442910.0000000 0.0456179
0.03 176 1 6148997.6729754 6442910.0000000 0.0456179
0.03 177 1 6148997.6729754 6442910.0000000 0.0456179
0.03 178 1 6148997.6729754 6442910.0000000 0.0456179
0.03 179 1 6148997.6729754 6442910.0000000 0.0456179
0.03 180 1 6148997.6729754 6442910.0000000 0.0456179
0.03 181 1 6148997.6729754 6442910.0000000 0.0456179
0.03 182 1 6148997.6729754 6442910.0000000 0.0456179
0.03 183 1 6148997.6729754 6442910.0000000 0.0456179
0.03 184 1 6148997.6729754 6442910.0000000 0.0456179
0.03 185 1 6148997.6729754 6442910.0000000 0.0456179
0.03 186 1 6148997.6729754 6442910.0000000 0.0456179
0.03 187 1 6148997.6729754 6442910.0000000 0.0456179
0.03 188 1 6148997.6729754 6442910.0000000 0.0456179
0.03 189 1 6148997.6729754 6442910.0000000 0.0456179
0.03 190 1 6148997.6729754 6442910.0000000 0.0456179
0.03 191 1 6148997.6729754 6442910.0000000 0.0456179
0.03 192 1 6148997.6729754 6442910.0000000 0.0456179
0.03 193 1 6148997.6729754 6442910.0000000 0.0456179
0.03 194 1 6148997.6729754 6442910.0000000 0.0456179
0.03 195 1 6148997.6729754 6442910.0000000 0.0456179
0.03 196 1 6148997.6729754 6442910.0000000 0.0456179
0.03 197 1 6148997.6729754 6442910.0000000 0.0456179
0.03 198 1 6148997.6729754 6442910.0000000 0.0456179
0.03 199 1 6148997.6729754 6442910.0000000 0.0456179
0.03 200 1 6148997.6729754 6442910.0000000 0.0456179
0.03 201 1 6148997.6729754 6442910.0000000 0.0456179
0.03 202 1 6148997.6729754 6442910.0000000 0.0456179
0.03 203 1 6148997.6729754 6442910.0000000 0.0456179
0.03 204 1 6148997.6729754 6442910.0000000 0.0456179
0.03 205 1 6148997.6729754 6442910.0000000 0.0456179
0.03 206 1 6148997.6729754 6442910.0000000 0.0456179
0.03 207 1 6148997.6729754 6442910.0000000 0.0456179
0.03 208 1 6148997.6729754 6442910.0000000 0.0456179
0.03 209 1 6148997.6729754 6442910.0000000 0.0456179
0.03 210 1 6148997.6729754 6442910.0000000 0.0456179
0.03 211 1 6148997.6729754 6442910.0000000 0.0456179
0.03 212 1 6148997.6729754 6442910.0000000 0.0456179
0.03 213 1 6148997.6729754 6442910.0000000 0.0456179
0.03 214 1 6148997.6729754 6442910.0000000 0.0456179
0.03 215 1 6148997.6729754 6442910.0000000 0.0456179
0.03 216 1 6148997.6729754 6442910.0000000 0.0456179
0.03 217 1 6148997.6729754 6442910.0000000 0.0456179
0.03 218 1 6148997.6729754 6442910.0000000 0.0456179
0.03 219 1 6148997.6729754 6442910.0000000 0.0456179
0.03 220 1 6148997.6729754 6442910.0000000 0.0456179
0.03 221 1 6148997.6729754 6442910.0000000 0.0456179
0.03 222 1 6148997.6729754 6442910.0000000 0.0456179
0.03 223 1 6148997.6729753 6442910.0000000 0.0456179
0.03 224 1 6148997.6729754 6442910.0000000 0.0456179
0.03 225 1 6148997.6729755 6442910.0000000 0.0456179
0.03 226 1 6148997.6729754 6442910.0000000 0.0456179
0.03 227 1 6148997.6729754 6442910.0000000 0.0456179
0.03 228 1 6148997.6729754 6442910.0000000 0.0456179
0.03 229 1 6148997.6729755 6442910.0000000 0.0456179
0.03 230 1 6148997.6729754 6442910.0000000 0.0456179
0.03 231 1 6148997.6729754 6442910.0000000 0.0456179
0.03 232 1 6148997.6729754 6442910.0000000 0.0456179
0.03 233 1 6148997.6729754 6442910.0000000 0.0456179
0.03 234 1 6148997.6729754 6442910.0000000 0.0456179
0.03 235 1 6148997.6729754 6442910.0000000 0.0456179
0.03 236 1 6148997.6729754 6442910.0000000 0.0456179
0.03 237 1 6148997.6729754 6442910.0000000 0.0456179
0.03 238 1 6148997.6729754 6442910.0000000 0.0456179
0.03 239 1 6148997.6729754 6442910.0000000 0.0456179
0.03 240 1 6148997.6729754 6442910.0000000 0.0456179
0.03 241 1 6148997.6729754 6442910.0000000 0.0456179
0.03 242 1 6148997.6729754 6442910.0000000 0.0456179
0.03 243 1 6148997.6729754 6442910.0000000 0.0456179
0.03 244 1 6148997.6729754 6442910.0000000 0.0456179
0.03 245 1 6148997.6729754 6442910.0000000 0.0456179
0.03 246 1 6148997.6729754 6442910.0000000 0.0456179
0.03 247 1 6148997.6729754 6442910.0000000 0.0456179
0.03 248 1 6148997.6729755 6442910.0000000 0.0456179
0.03 249 1 6148997.6729755 6442910.0000000 0.0456179
0.03 250 1 6148997.6729754 6442910.0000000 0.0456179
0.03 251 1 6148997.6729755 6442910.0000000 0.0456179
0.03 252 1 6148997.6729755 6442910.0000000 0.0456179
0.03 253 1 6148997.6729754 6442910.0000000 0.0456179
0.03 254 1 6148997.6729754 6442910.0000000 0.0456179
0.03 255 1 6148997.6729754 6442910.0000000 0.0456179
0.03 256 1 6148997.6729754 6442910.0000000 0.0456179
0.03 257 1 6148997.6729754 6442910.0000000 0.0456179
0.03 258 1 6148997.6729754 6442910.0000000 0.0456179
0.03 259 1 6148997.6729754 6442910.0000000 0.0456179
0.03 260 1 6148997.6729754 6442910.0000000 0.0456179
0.03 261 1 6148997.6729754 6442910.0000000 0.0456179
0.03 262 1 6148997.6729754 6442910.0000000 0.0456179
0.03 263 1 6148997.6729754 6442910.0000000 0.0456179
0.03 264 1 6148997.6729754 6442910.0000000 0.0456179
0.03 265 1 6148997.6729754 6442910.0000000 0.0456179
0.03 266 1 6148997.6729754 6442910.0000000 0.0456179
0.03 267 1 6148997.6729754 6442910.0000000 0.0456179
0.03 268 1 6148997.6729754 6442910.0000000 0.0456179
0.03 269 1 6148997.6729754 6442910.0000000 0.0456179
0.03 270 1 6148997.6729754 6442910.0000000 0.0456179
0.03 271 1 6148997.6729754 6442910.0000000 0.0456179
0.03 272 1 6148997.6729754 6442910.0000000 0.0456179
0.03 273 1 6148997.6729754 6442910.0000000 0.0456179
0.03 274 1 6148997.6729754 6442910.0000000 0.0456179
0.03 275 1 6148997.6729754 6442910.0000000 0.0456179
0.03 276 1 6148997.6729755 6442910.0000000 0.0456179
0.03 277 1 6148997.6729754 6442910.0000000 0.0456179
0.03 278 1 6148997.6729754 6442910.0000000 0.0456179
0.03 279 1 6148997.6729754 6442910.0000000 0.0456179
0.03 280 1 6148997.6729754 6442910.0000000 0.0456179
0.03 281 1 6148997.6729754 6442910.0000000 0.0456179
0.03 282 1 6148997.6729754 6442910.0000000 0.0456179
0.03 283 1 6148997.6729754 6442910.0000000 0.0456179
0.03 284 1 6148997.6729754 6442910.0000000 0.0456179
0.03 285 1 6148997.6729754 6442910.0000000 0.0456179
0.03 286 1 6148997.6729754 6442910.0000000 0.0456179
0.03 287 1 6148997.6729754 6442910.0000000 0.0456179
0.03 288 1 6148997.6729754 6442910.0000000 0.0456179
0.03 289 1 6148997.6729754 6442910.0000000 0.0456179
0.03 290 1 6148997.6729754 6442910.0000000 0.0456179
0.03 291 1 6148997.6729754 6442910.0000000 0.0456179
0.03 292 1 6148997.6729754 6442910.0000000 0.0456179
0.03 293 1 6148997.6729754 6442910.0000000 0.0456179
0.03 294 1 6148997.6729754 6442910.0000000 0.0456179
0.03 295 1 6148997.6729754 6442910.0000000 0.0456179
0.03 296 1 6148997.6729754 6442910.0000000 0.0456179
0.03 297 1 6148997.6729754 6442910.0000000 0.0456179
0.03 298 1 6148997.6729754 6442910.0000000 0.0456179
0.03 299 1 6148997.6729754 6442910.0000000 0.0456179
0.03 300 1 6148997.6729754 6442910.0000000 0.0456179
0.03 301 1 6148997.6729754 6442910.0000000 0.0456179
0.03 302 1 6148997.6729754 6442910.0000000 0.0456179
0.03 303 1 6148997.6729754 6442910.0000000 0.0456179
0.03 304 1 6148997.6729754 6442910.0000000 0.0456179
0.03 305 1 6148997.6729753 6442910.0000000 0.0456179
0.03 306 1 6148997.6729754 6442910.0000000 0.0456179
0.03 307 1 6148997.6729754 6442910.0000000 0.0456179
0.03 308 1 6148997.6729754 6442910.0000000 0.0456179
0.03 309 1 6148997.6729754 6442910.0000000 0.0456179
0.03 310 1 6148997.6729754 6442910.0000000 0.0456179
0.03 311 1 6148997.6729754 6442910.0000000 0.0456179
0.03 312 1 6148997.6729754 6442910.0000000 0.0456179
0.03 313 1 6148997.6729754 6442910.0000000 0.0456179
0.03 314 1 6148997.6729754 6442910.0000000 0.0456179
0.03 315 1 6148997.6729754 6442910.0000000 0.0456179
0.03 316 1 6148997.6729754 6442910.0000000 0.0456179
0.04 317 1 6148997.6729753 6442910.0000000 0.0456179
0.04 318 1 6148997.6729754 6442910.0000000 0.0456179
0.03 319 1 6148997.6729754 6442910.0000000 0.0456179
0.03 320 1 6148997.6729754 6442910.0000000 0.0456179
0.03 321 1 6148997.6729754 6442910.0000000 0.0456179
0.03 322 1 6148997.6729754 6442910.0000000 0.0456179
0.03 323 1 6148997.6729754 6442910.0000000 0.0456179
0.03 324 1 6148997.6729754 6442910.0000000 0.0456179
0.03 325 1 6148997.6729754 6442910.0000000 0.0456179
0.03 326 1 6148997.6729754 6442910.0000000 0.0456179
0.03 327 1 6148997.6729754 6442910.0000000 0.0456179
0.03 328 1 6148997.6729754 6442910.0000000 0.0456179
0.03 329 1 6148997.6729754 6442910.0000000 0.0456179
0.03 330 1 6148997.6729754 6442910.0000000 0.0456179
0.03 331 1 6148997.6729754 6442910.0000000 0.0456179
0.03 332 1 6148997.6729754 6442910.0000000 0.0456179
0.03 333 1 6148997.6729754 6442910.0000000 0.0456179
0.03 334 1 6148997.6729754 6442910.0000000 0.0456179
0.03 335 1 6148997.6729754 6442910.0000000 0.0456179
0.03 336 1 6148997.6729754 6442910.0000000 0.0456179
0.03 337 1 6148997.6729754 6442910.0000000 0.0456179
0.03 338 1 6148997.6729754 6442910.0000000 0.0456179
0.03 339 1 6148997.6729754 6442910.0000000 0.0456179
0.03 340 1 6148997.6729754 6442910.0000000 0.0456179
0.03 341 1 6148997.6729754 6442910.0000000 0.0456179
0.03 342 1 6148997.6729754 6442910.0000000 0.0456179
0.03 343 1 6148997.6729754 6442910.0000000 0.0456179
0.03 344 1 6148997.6729754 6442910.0000000 0.0456179
0.03 345 1 6148997.6729754 6442910.0000000 0.0456179
0.03 346 1 6148997.6729754 6442910.0000000 0.0456179
0.03 347 1 6148997.6729754 6442910.0000000 0.0456179
0.03 348 1 6148997.6729754 6442910.0000000 0.0456179
0.03 349 1 6148997.6729754 6442910.0000000 0.0456179
0.03 350 1 6148997.6729754 6442910.0000000 0.0456179
0.03 351 1 6148997.6729754 6442910.0000000 0.0456179
0.03 352 1 6148997.6729754 6442910.0000000 0.0456179
0.04 353 1 6148997.6729754 6442910.0000000 0.0456179
0.03 354 1 6148997.6729754 6442910.0000000 0.0456179
0.04 355 1 6148997.6729754 6442910.0000000 0.0456179
0.04 356 1 6148997.6729754 6442910.0000000 0.0456179
0.04 357 1 6148997.6729754 6442910.0000000 0.0456179
0.03 358 1 6148997.6729754 6442910.0000000 0.0456179
0.04 359 1 6148997.6729754 6442910.0000000 0.0456179
0.03 360 1 6148997.6729754 6442910.0000000 0.0456179
0.03 361 1 6148997.6729754 6442910.0000000 0.0456179
0.04 362 1 6148997.6729754 6442910.0000000 0.0456179
0.03 363 1 6148997.6729754 6442910.0000000 0.0456179
0.04 364 1 6148997.6729754 6442910.0000000 0.0456179
0.04 365 1 6148997.6729754 6442910.0000000 0.0456179
0.04 366 1 6148997.6729754 6442910.0000000 0.0456179
0.03 367 1 6148997.6729754 6442910.0000000 0.0456179
0.04 368 1 6148997.6729754 6442910.0000000 0.0456179
0.04 369 1 6148997.6729754 6442910.0000000 0.0456179
0.03 370 1 6148997.6729754 6442910.0000000 0.0456179
0.04 371 1 6148997.6729754 6442910.0000000 0.0456179
0.03 372 1 6148997.6729754 6442910.0000000 0.0456179
0.04 373 1 6148997.6729754 6442910.0000000 0.0456179
0.03 374 1 6148997.6729754 6442910.0000000 0.0456179
0.04 375 1 6148997.6729754 6442910.0000000 0.0456179
0.04 376 1 6148997.6729754 6442910.0000000 0.0456179
0.04 377 1 6148997.6729754 6442910.0000000 0.0456179
0.03 378 1 6148997.6729754 6442910.0000000 0.0456179
0.03 379 1 6148997.6729754 6442910.0000000 0.0456179
0.03 380 1 6148997.6729754 6442910.0000000 0.0456179
0.03 381 1 6148997.6729754 6442910.0000000 0.0456179
0.04 382 1 6148997.6729754 6442910.0000000 0.0456179
0.04 383 1 6148997.6729755 6442910.0000000 0.0456179
0.04 384 1 6148997.6729754 6442910.0000000 0.0456179
0.04 385 1 6148997.6729754 6442910.0000000 0.0456179
0.03 386 1 6148997.6729754 6442910.0000000 0.0456179
0.04 387 1 6148997.6729754 6442910.0000000 0.0456179
0.04 388 1 6148997.6729754 6442910.0000000 0.0456179
0.04 389 1 6148997.6729754 6442910.0000000 0.0456179
0.04 390 1 6148997.6729754 6442910.0000000 0.0456179
0.04 391 1 6148997.6729754 6442910.0000000 0.0456179
0.04 392 1 6148997.6729754 6442910.0000000 0.0456179
0.04 393 1 6148997.6729754 6442910.0000000 0.0456179
0.04 394 1 6148997.6729754 6442910.0000000 0.0456179
0.04 395 1 6148997.6729754 6442910.0000000 0.0456179
0.04 396 1 6148997.6729753 6442910.0000000 0.0456179
0.03 397 1 6148997.6729753 6442910.0000000 0.0456179
0.03 398 1 6148997.6729754 6442910.0000000 0.0456179
0.04 399 1 6148997.6729754 6442910.0000000 0.0456179
0.04 400 1 6148997.6729754 6442910.0000000 0.0456179
0.04 401 1 6148997.6729754 6442910.0000000 0.0456179
0.04 402 1 6148997.6729754 6442910.0000000 0.0456179
0.03 403 1 6148997.6729754 6442910.0000000 0.0456179
0.03 404 1 6148997.6729754 6442910.0000000 0.0456179
0.04 405 1 6148997.6729754 6442910.0000000 0.0456179
0.04 406 1 6148997.6729754 6442910.0000000 0.0456179
0.03 407 1 6148997.6729754 6442910.0000000 0.0456179
0.03 408 1 6148997.6729754 6442910.0000000 0.0456179
0.04 409 1 6148997.6729754 6442910.0000000 0.0456179
0.03 410 1 6148997.6729754 6442910.0000000 0.0456179
0.04 411 1 6148997.6729754 6442910.0000000 0.0456179
0.03 412 1 6148997.6729753 6442910.0000000 0.0456179
0.04 413 1 6148997.6729754 6442910.0000000 0.0456179
0.03 414 1 6148997.6729754 6442910.0000000 0.0456179
0.03 415 1 6148997.6729754 6442910.0000000 0.0456179
0.03 416 1 6148997.6729754 6442910.0000000 0.0456179
0.04 417 1 6148997.6729754 6442910.0000000 0.0456179
0.04 418 1 6148997.6729754 6442910.0000000 0.0456179
0.04 419 1 6148997.6729754 6442910.0000000 0.0456179
0.03 420 1 6148997.6729754 6442910.0000000 0.0456179
0.03 421 1 6148997.6729754 6442910.0000000 0.0456179
0.03 422 1 6148997.6729754 6442910.0000000 0.0456179
0.04 423 1 6148997.6729755 6442910.0000000 0.0456179
0.03 424 1 6148997.6729754 6442910.0000000 0.0456179
0.04 425 1 6148997.6729754 6442910.0000000 0.0456179
0.03 426 1 6148997.6729754 6442910.0000000 0.0456179
0.03 427 1 6148997.6729754 6442910.0000000 0.0456179
0.03 428 1 6148997.6729754 6442910.0000000 0.0456179
0.04 429 1 6148997.6729754 6442910.0000000 0.0456179
0.03 430 1 6148997.6729754 6442910.0000000 0.0456179
0.04 431 1 6148997.6729754 6442910.0000000 0.0456179
0.04 432 1 6148997.6729754 6442910.0000000 0.0456179
0.04 433 1 6148997.6729754 6442910.0000000 0.0456179
0.04 434 1 6148997.6729754 6442910.0000000 0.0456179
0.04 435 1 6148997.6729754 6442910.0000000 0.0456179
0.04 436 1 6148997.6729754 6442910.0000000 0.0456179
0.03 437 1 6148997.6729754 6442910.0000000 0.0456179
0.04 438 1 6148997.6729754 6442910.0000000 0.0456179
0.03 439 1 6148997.6729754 6442910.0000000 0.0456179
0.04 440 1 6148997.6729754 6442910.0000000 0.0456179
0.04 441 1 6148997.6729754 6442910.0000000 0.0456179
0.04 442 1 6148997.6729754 6442910.0000000 0.0456179
0.04 443 1 6148997.6729754 6442910.0000000 0.0456179
0.04 444 1 6148997.6729754 6442910.0000000 0.0456179
0.04 445 1 6148997.6729754 6442910.0000000 0.0456179
0.04 446 1 6148997.6729754 6442910.0000000 0.0456179
0.04 447 1 6148997.6729754 6442910.0000000 0.0456179
0.03 448 1 6148997.6729754 6442910.0000000 0.0456179
0.04 449 1 6148997.6729754 6442910.0000000 0.0456179
0.04 450 1 6148997.6729754 6442910.0000000 0.0456179
0.03 451 1 6148997.6729754 6442910.0000000 0.0456179
0.04 452 1 6148997.6729754 6442910.0000000 0.0456179
0.04 453 1 6148997.6729754 6442910.0000000 0.0456179
0.04 454 1 6148997.6729753 6442910.0000000 0.0456179
0.04 455 1 6148997.6729754 6442910.0000000 0.0456179
0.04 456 1 6148997.6729754 6442910.0000000 0.0456179
0.04 457 1 6148997.6729754 6442910.0000000 0.0456179
0.04 458 1 6148997.6729754 6442910.0000000 0.0456179
0.04 459 1 6148997.6729754 6442910.0000000 0.0456179
0.04 460 1 6148997.6729754 6442910.0000000 0.0456179
0.04 461 1 6148997.6729754 6442910.0000000 0.0456179
0.04 462 1 6148997.6729754 6442910.0000000 0.0456179
0.04 463 1 6148997.6729754 6442910.0000000 0.0456179
0.04 464 1 6148997.6729754 6442910.0000000 0.0456179
0.04 465 1 6148997.6729754 6442910.0000000 0.0456179
0.04 466 1 6148997.6729754 6442910.0000000 0.0456179
0.04 467 1 6148997.6729754 6442910.0000000 0.0456179
0.04 468 1 6148997.6729754 6442910.0000000 0.0456179
0.04 469 1 6148997.6729754 6442910.0000000 0.0456179
0.04 470 1 6148997.6729754 6442910.0000000 0.0456179
0.04 471 1 6148997.6729754 6442910.0000000 0.0456179
0.04 472 1 6148997.6729754 6442910.0000000 0.0456179
0.04 473 1 6148997.6729754 6442910.0000000 0.0456179
0.04 474 1 6148997.6729754 6442910.0000000 0.0456179
0.04 475 1 6148997.6729754 6442910.0000000 0.0456179
0.04 476 1 6148997.6729754 6442910.0000000 0.0456179
0.04 477 1 6148997.6729754 6442910.0000000 0.0456179
0.04 478 1 6148997.6729754 6442910.0000000 0.0456179
0.04 479 1 6148997.6729754 6442910.0000000 0.0456179
0.04 480 1 6148997.6729754 6442910.0000000 0.0456179
0.04 481 1 6148997.6729754 6442910.0000000 0.0456179
0.04 482 1 6148997.6729754 6442910.0000000 0.0456179
0.04 483 1 6148997.6729754 6442910.0000000 0.0456179
0.04 484 1 6148997.6729754 6442910.0000000 0.0456179
0.04 485 1 6148997.6729754 6442910.0000000 0.0456179
0.04 486 1 6148997.6729754 6442910.0000000 0.0456179
0.04 487 1 6148997.6729754 6442910.0000000 0.0456179
0.04 488 1 6148997.6729754 6442910.0000000 0.0456179
0.04 489 1 6148997.6729754 6442910.0000000 0.0456179
0.04 490 1 6148997.6729754 6442910.0000000 0.0456179
0.03 491 1 6148997.6729754 6442910.0000000 0.0456179
0.04 492 1 6148997.6729753 6442910.0000000 0.0456179
0.04 493 1 6148997.6729754 6442910.0000000 0.0456179
0.04 494 1 6148997.6729754 6442910.0000000 0.0456179
0.04 495 1 6148997.6729754 6442910.0000000 0.0456179
0.04 496 1 6148997.6729754 6442910.0000000 0.0456179
0.04 497 1 6148997.6729754 6442910.0000000 0.0456179
0.04 498 1 6148997.6729754 6442910.0000000 0.0456179
0.04 499 1 6148997.6729754 6442910.0000000 0.0456179
0.04 500 1 6148997.6729754 6442910.0000000 0.0456179
0.04 501 1 6148997.6729754 6442910.0000000 0.0456179
0.04 502 1 6148997.6729754 6442910.0000000 0.0456179
0.04 503 1 6148997.6729754 6442910.0000000 0.0456179
0.04 504 1 6148997.6729754 6442910.0000000 0.0456179
0.04 505 1 6148997.6729754 6442910.0000000 0.0456179
0.04 506 1 6148997.6729754 6442910.0000000 0.0456179
0.04 507 1 6148997.6729753 6442910.0000000 0.0456179
0.04 508 1 6148997.6729754 6442910.0000000 0.0456179
0.04 509 1 6148997.6729754 6442910.0000000 0.0456179
0.04 510 1 6148997.6729754 6442910.0000000 0.0456179
0.04 511 1 6148997.6729754 6442910.0000000 0.0456179
0.04 512 1 6148997.6729754 6442910.0000000 0.0456179
0.04 513 1 6148997.6729754 6442910.0000000 0.0456179
0.04 514 1 6148997.6729754 6442910.0000000 0.0456179
0.04 515 1 6148997.6729753 6442910.0000000 0.0456179
0.04 516 1 6148997.6729753 6442910.0000000 0.0456179
0.04 517 1 6148997.6729754 6442910.0000000 0.0456179
0.04 518 1 6148997.6729754 6442910.0000000 0.0456179
0.04 519 1 6148997.6729754 6442910.0000000 0.0456179
0.04 520 1 6148997.6729754 6442910.0000000 0.0456179
0.04 521 1 6148997.6729754 6442910.0000000 0.0456179
0.04 522 1 6148997.6729754 6442910.0000000 0.0456179
0.04 523 1 6148997.6729754 6442910.0000000 0.0456179
0.04 524 1 6148997.6729754 6442910.0000000 0.0456179
0.04 525 1 6148997.6729754 6442910.0000000 0.0456179
0.04 526 1 6148997.6729754 6442910.0000000 0.0456179
0.04 527 1 6148997.6729754 6442910.0000000 0.0456179
0.04 528 1 6148997.6729754 6442910.0000000 0.0456179
0.04 529 1 6148997.6729754 6442910.0000000 0.0456179
0.04 530 1 6148997.6729754 6442910.0000000 0.0456179
0.04 531 1 6148997.6729754 6442910.0000000 0.0456179
0.04 532 1 6148997.6729754 6442910.0000000 0.0456179
0.04 533 1 6148997.6729754 6442910.0000000 0.0456179
0.04 534 1 6148997.6729754 6442910.0000000 0.0456179
0.04 535 1 6148997.6729754 6442910.0000000 0.0456179
0.04 536 1 6148997.6729754 6442910.0000000 0.0456179
0.04 537 1 6148997.6729754 6442910.0000000 0.0456179
0.04 538 1 6148997.6729754 6442910.0000000 0.0456179
0.04 539 1 6148997.6729754 6442910.0000000 0.0456179
0.04 540 1 6148997.6729754 6442910.0000000 0.0456179
0.04 541 1 6148997.6729754 6442910.0000000 0.0456179
0.04 542 1 6148997.6729754 6442910.0000000 0.0456179
0.04 543 1 6148997.6729754 6442910.0000000 0.0456179
0.04 544 1 6148997.6729754 6442910.0000000 0.0456179
0.04 545 1 6148997.6729754 6442910.0000000 0.0456179
0.04 546 1 6148997.6729754 6442910.0000000 0.0456179
0.04 547 1 6148997.6729754 6442910.0000000 0.0456179
0.04 548 1 6148997.6729754 6442910.0000000 0.0456179
0.04 549 1 6148997.6729754 6442910.0000000 0.0456179
0.04 550 1 6148997.6729754 6442910.0000000 0.0456179
0.04 551 1 6148997.6729754 6442910.0000000 0.0456179
0.04 552 1 6148997.6729754 6442910.0000000 0.0456179
0.04 553 1 6148997.6729754 6442910.0000000 0.0456179
0.04 554 1 6148997.6729754 6442910.0000000 0.0456179
0.04 555 1 6148997.6729754 6442910.0000000 0.0456179
0.04 556 1 6148997.6729754 6442910.0000000 0.0456179
0.04 557 1 6148997.6729754 6442910.0000000 0.0456179
0.04 558 1 6148997.6729754 6442910.0000000 0.0456179
0.04 559 1 6148997.6729754 6442910.0000000 0.0456179
0.04 560 1 6148997.6729753 6442910.0000000 0.0456179
0.04 561 1 6148997.6729754 6442910.0000000 0.0456179
0.04 562 1 6148997.6729754 6442910.0000000 0.0456179
0.04 563 1 6148997.6729754 6442910.0000000 0.0456179
0.04 564 1 6148997.6729754 6442910.0000000 0.0456179
0.04 565 1 6148997.6729754 6442910.0000000 0.0456179
0.04 566 1 6148997.6729754 6442910.0000000 0.0456179
0.04 567 1 6148997.6729754 6442910.0000000 0.0456179
0.04 568 1 6148997.6729754 6442910.0000000 0.0456179
0.04 569 1 6148997.6729754 6442910.0000000 0.0456179
0.04 570 1 6148997.6729754 6442910.0000000 0.0456179
0.04 571 1 6148997.6729754 6442910.0000000 0.0456179
0.04 572 1 6148997.6729754 6442910.0000000 0.0456179
0.04 573 1 6148997.6729754 6442910.0000000 0.0456179
0.04 574 1 6148997.6729754 6442910.0000000 0.0456179
0.04 575 1 6148997.6729754 6442910.0000000 0.0456179
0.04 576 1 6148997.6729754 6442910.0000000 0.0456179
0.04 577 1 6148997.6729754 6442910.0000000 0.0456179
0.04 578 1 6148997.6729754 6442910.0000000 0.0456179
0.04 579 1 6148997.6729753 6442910.0000000 0.0456179
0.04 580 1 6148997.6729753 6442910.0000000 0.0456179
0.04 581 1 6148997.6729754 6442910.0000000 0.0456179
0.04 582 1 6148997.6729754 6442910.0000000 0.0456179
0.04 583 1 6148997.6729754 6442910.0000000 0.0456179
0.04 584 1 6148997.6729754 6442910.0000000 0.0456179
0.04 585 1 6148997.6729754 6442910.0000000 0.0456179
0.04 586 1 6148997.6729754 6442910.0000000 0.0456179
0.04 587 1 6148997.6729754 6442910.0000000 0.0456179
0.04 588 1 6148997.6729754 6442910.0000000 0.0456179
0.04 589 1 6148997.6729754 6442910.0000000 0.0456179
0.04 590 1 6148997.6729754 6442910.0000000 0.0456179
0.04 591 1 6148997.6729754 6442910.0000000 0.0456179
0.04 592 1 6148997.6729753 6442910.0000000 0.0456179
0.04 593 1 6148997.6729754 6442910.0000000 0.0456179
0.04 594 1 6148997.6729754 6442910.0000000 0.0456179
0.04 595 1 6148997.6729754 6442910.0000000 0.0456179
0.04 596 1 6148997.6729754 6442910.0000000 0.0456179
0.04 597 1 6148997.6729754 6442910.0000000 0.0456179
0.04 598 1 6148997.6729754 6442910.0000000 0.0456179
0.04 599 1 6148997.6729754 6442910.0000000 0.0456179
0.04 600 1 6148997.6729754 6442910.0000000 0.0456179
0.04 601 1 6148997.6729754 6442910.0000000 0.0456179
0.04 602 1 6148997.6729753 6442910.0000000 0.0456179
0.04 603 1 6148997.6729754 6442910.0000000 0.0456179
0.04 604 1 6148997.6729754 6442910.0000000 0.0456179
0.04 605 1 6148997.6729754 6442910.0000000 0.0456179
0.04 606 1 6148997.6729754 6442910.0000000 0.0456179
0.04 607 1 6148997.6729755 6442910.0000000 0.0456179
0.04 608 1 6148997.6729754 6442910.0000000 0.0456179
0.04 609 1 6148997.6729754 6442910.0000000 0.0456179
0.04 610 1 6148997.6729754 6442910.0000000 0.0456179
0.04 611 1 6148997.6729754 6442910.0000000 0.0456179
0.04 612 1 6148997.6729754 6442910.0000000 0.0456179
0.04 613 1 6148997.6729754 6442910.0000000 0.0456179
0.04 614 1 6148997.6729754 6442910.0000000 0.0456179
0.04 615 1 6148997.6729754 6442910.0000000 0.0456179
0.04 616 1 6148997.6729754 6442910.0000000 0.0456179
0.04 617 1 6148997.6729754 6442910.0000000 0.0456179
0.04 618 1 6148997.6729754 6442910.0000000 0.0456179
0.04 619 1 6148997.6729754 6442910.0000000 0.0456179
0.04 620 1 6148997.6729754 6442910.0000000 0.0456179
0.04 621 1 6148997.6729754 6442910.0000000 0.0456179
0.04 622 1 6148997.6729754 6442910.0000000 0.0456179
0.04 623 1 6148997.6729754 6442910.0000000 0.0456179
0.04 624 1 6148997.6729754 6442910.0000000 0.0456179
0.04 625 1 6148997.6729754 6442910.0000000 0.0456179
0.04 626 1 6148997.6729754 6442910.0000000 0.0456179
0.04 627 1 6148997.6729754 6442910.0000000 0.0456179
0.04 628 1 6148997.6729754 6442910.0000000 0.0456179
0.04 629 1 6148997.6729754 6442910.0000000 0.0456179
0.04 630 1 6148997.6729754 6442910.0000000 0.0456179
0.04 631 1 6148997.6729754 6442910.0000000 0.0456179
0.04 632 1 6148997.6729754 6442910.0000000 0.0456179
0.04 633 1 6148997.6729754 6442910.0000000 0.0456179
0.04 634 1 6148997.6729754 6442910.0000000 0.0456179
0.04 635 1 6148997.6729754 6442910.0000000 0.0456179
0.04 636 1 6148997.6729754 6442910.0000000 0.0456179
0.04 637 1 6148997.6729754 6442910.0000000 0.0456179
0.04 638 1 6148997.6729754 6442910.0000000 0.0456179
0.04 639 1 6148997.6729754 6442910.0000000 0.0456179
0.04 640 1 6148997.6729754 6442910.0000000 0.0456179
0.04 641 1 6148997.6729754 6442910.0000000 0.0456179
0.04 642 1 6148997.6729754 6442910.0000000 0.0456179
0.04 643 1 6148997.6729754 6442910.0000000 0.0456179
0.04 644 1 6148997.6729754 6442910.0000000 0.0456179
0.04 645 1 6148997.6729754 6442910.0000000 0.0456179
0.04 646 1 6148997.6729754 6442910.0000000 0.0456179
0.04 647 1 6148997.6729754 6442910.0000000 0.0456179
0.04 648 1 6148997.6729754 6442910.0000000 0.0456179
0.04 649 1 6148997.6729754 6442910.0000000 0.0456179
0.04 650 1 6148997.6729753 6442910.0000000 0.0456179
0.04 651 1 6148997.6729754 6442910.0000000 0.0456179
0.04 652 1 6148997.6729754 6442910.0000000 0.0456179
0.04 653 1 6148997.6729754 6442910.0000000 0.0456179
0.04 654 1 6148997.6729754 6442910.0000000 0.0456179
0.04 655 1 6148997.6729754 6442910.0000000 0.0456179
0.04 656 1 6148997.6729754 6442910.0000000 0.0456179
0.04 657 1 6148997.6729754 6442910.0000000 0.0456179
0.04 658 1 6148997.6729754 6442910.0000000 0.0456179
0.04 659 1 6148997.6729754 6442910.0000000 0.0456179
0.04 660 1 6148997.6729754 6442910.0000000 0.0456179
0.04 661 1 6148997.6729754 6442910.0000000 0.0456179
0.04 662 1 6148997.6729754 6442910.0000000 0.0456179
0.04 663 1 6148997.6729754 6442910.0000000 0.0456179
0.04 664 1 6148997.6729754 6442910.0000000 0.0456179
0.04 665 1 6148997.6729754 6442910.0000000 0.0456179
0.04 666 1 6148997.6729754 6442910.0000000 0.0456179
0.04 667 1 6148997.6729754 6442910.0000000 0.0456179
0.04 668 1 6148997.6729754 6442910.0000000 0.0456179
0.04 669 1 6148997.6729754 6442910.0000000 0.0456179
0.04 670 1 6148997.6729754 6442910.0000000 0.0456179
0.04 671 1 6148997.6729754 6442910.0000000 0.0456179
0.04 672 1 6148997.6729754 6442910.0000000 0.0456179
0.04 673 1 6148997.6729754 6442910.0000000 0.0456179
0.04 674 1 6148997.6729754 6442910.0000000 0.0456179
0.04 675 1 6148997.6729754 6442910.0000000 0.0456179
0.04 676 1 6148997.6729754 6442910.0000000 0.0456179
0.04 677 1 6148997.6729754 6442910.0000000 0.0456179
0.04 678 1 6148997.6729754 6442910.0000000 0.0456179
0.04 679 1 6148997.6729754 6442910.0000000 0.0456179
0.04 680 1 6148997.6729754 6442910.0000000 0.0456179
0.04 681 1 6148997.6729754 6442910.0000000 0.0456179
0.04 682 1 6148997.6729754 6442910.0000000 0.0456179
0.04 683 1 6148997.6729754 6442910.0000000 0.0456179
0.04 684 1 6148997.6729754 6442910.0000000 0.0456179
0.04 685 1 6148997.6729754 6442910.0000000 0.0456179
0.04 686 1 6148997.6729754 6442910.0000000 0.0456179
0.04 687 1 6148997.6729754 6442910.0000000 0.0456179
0.04 688 1 6148997.6729754 6442910.0000000 0.0456179
0.04 689 1 6148997.6729754 6442910.0000000 0.0456179
0.04 690 1 6148997.6729754 6442910.0000000 0.0456179
0.04 691 1 6148997.6729754 6442910.0000000 0.0456179
0.04 692 1 6148997.6729754 6442910.0000000 0.0456179
0.04 693 1 6148997.6729754 6442910.0000000 0.0456179
0.04 694 1 6148997.6729754 6442910.0000000 0.0456179
0.04 695 1 6148997.6729754 6442910.0000000 0.0456179
0.04 696 1 6148997.6729754 6442910.0000000 0.0456179
0.04 697 1 6148997.6729754 6442910.0000000 0.0456179
0.04 698 1 6148997.6729754 6442910.0000000 0.0456179
0.04 699 1 6148997.6729754 6442910.0000000 0.0456179
0.04 700 1 6148997.6729754 6442910.0000000 0.0456179
0.04 701 1 6148997.6729754 6442910.0000000 0.0456179
0.04 702 1 6148997.6729754 6442910.0000000 0.0456179
0.04 703 1 6148997.6729754 6442910.0000000 0.0456179
0.04 704 1 6148997.6729754 6442910.0000000 0.0456179
0.04 705 1 6148997.6729754 6442910.0000000 0.0456179
0.04 706 1 6148997.6729754 6442910.0000000 0.0456179
0.04 707 1 6148997.6729754 6442910.0000000 0.0456179
0.04 708 1 6148997.6729754 6442910.0000000 0.0456179
0.04 709 1 6148997.6729754 6442910.0000000 0.0456179
0.04 710 1 6148997.6729754 6442910.0000000 0.0456179
0.04 711 1 6148997.6729754 6442910.0000000 0.0456179
0.04 712 1 6148997.6729754 6442910.0000000 0.0456179
0.04 713 1 6148997.6729754 6442910.0000000 0.0456179
0.04 714 1 6148997.6729754 6442910.0000000 0.0456179
0.04 715 1 6148997.6729754 6442910.0000000 0.0456179
0.04 716 1 6148997.6729754 6442910.0000000 0.0456179
0.04 717 1 6148997.6729754 6442910.0000000 0.0456179
0.04 718 1 6148997.6729754 6442910.0000000 0.0456179
0.04 719 1 6148997.6729753 6442910.0000000 0.0456179
0.04 720 1 6148997.6729754 6442910.0000000 0.0456179
0.04 721 1 6148997.6729754 6442910.0000000 0.0456179
0.04 722 1 6148997.6729754 6442910.0000000 0.0456179
0.04 723 1 6148997.6729754 6442910.0000000 0.0456179
0.04 724 1 6148997.6729754 6442910.0000000 0.0456179
0.04 725 1 6148997.6729754 6442910.0000000 0.0456179
0.04 726 1 6148997.6729754 6442910.0000000 0.0456179
0.04 727 1 6148997.6729754 6442910.0000000 0.0456179
0.04 728 1 6148997.6729754 6442910.0000000 0.0456179
0.04 729 1 6148997.6729754 6442910.0000000 0.0456179
0.04 730 1 6148997.6729754 6442910.0000000 0.0456179
0.04 731 1 6148997.6729754 6442910.0000000 0.0456179
0.04 732 1 6148997.6729754 6442910.0000000 0.0456179
0.04 733 1 6148997.6729754 6442910.0000000 0.0456179
0.04 734 1 6148997.6729754 6442910.0000000 0.0456179
0.04 735 1 6148997.6729754 6442910.0000000 0.0456179
0.04 736 1 6148997.6729754 6442910.0000000 0.0456179
0.04 737 1 6148997.6729754 6442910.0000000 0.0456179
0.04 738 1 6148997.6729754 6442910.0000000 0.0456179
0.04 739 1 6148997.6729754 6442910.0000000 0.0456179
0.04 740 1 6148997.6729754 6442910.0000000 0.0456179
0.04 741 1 6148997.6729754 6442910.0000000 0.0456179
0.04 742 1 6148997.6729754 6442910.0000000 0.0456179
0.04 743 1 6148997.6729754 6442910.0000000 0.0456179
0.04 744 1 6148997.6729754 6442910.0000000 0.0456179
0.04 745 1 6148997.6729754 6442910.0000000 0.0456179
0.04 746 1 6148997.6729754 6442910.0000000 0.0456179
0.04 747 1 6148997.6729754 6442910.0000000 0.0456179
0.04 748 1 6148997.6729754 6442910.0000000 0.0456179
0.04 749 1 6148997.6729754 6442910.0000000 0.0456179
0.04 750 1 6148997.6729754 6442910.0000000 0.0456179
0.04 751 1 6148997.6729754 6442910.0000000 0.0456179
0.04 752 1 6148997.6729754 6442910.0000000 0.0456179
0.04 753 1 6148997.6729754 6442910.0000000 0.0456179
0.04 754 1 6148997.6729754 6442910.0000000 0.0456179
0.04 755 1 6148997.6729754 6442910.0000000 0.0456179
0.04 756 1 6148997.6729754 6442910.0000000 0.0456179
0.04 757 1 6148997.6729754 6442910.0000000 0.0456179
0.04 758 1 6148997.6729754 6442910.0000000 0.0456179
0.04 759 1 6148997.6729754 6442910.0000000 0.0456179
0.04 760 1 6148997.6729754 6442910.0000000 0.0456179
0.04 761 1 6148997.6729754 6442910.0000000 0.0456179
0.04 762 1 6148997.6729754 6442910.0000000 0.0456179
0.04 763 1 6148997.6729754 6442910.0000000 0.0456179
0.04 764 1 6148997.6729754 6442910.0000000 0.0456179
0.04 765 1 6148997.6729754 6442910.0000000 0.0456179
0.04 766 1 6148997.6729754 6442910.0000000 0.0456179
0.04 767 1 6148997.6729754 6442910.0000000 0.0456179
0.04 768 1 6148997.6729754 6442910.0000000 0.0456179
0.04 769 1 6148997.6729754 6442910.0000000 0.0456179
0.04 770 1 6148997.6729754 6442910.0000000 0.0456179
0.04 771 1 6148997.6729754 6442910.0000000 0.0456179
0.04 772 1 6148997.6729754 6442910.0000000 0.0456179
0.04 773 1 6148997.6729754 6442910.0000000 0.0456179
0.04 774 1 6148997.6729754 6442910.0000000 0.0456179
0.04 775 1 6148997.6729754 6442910.0000000 0.0456179
0.04 776 1 6148997.6729754 6442910.0000000 0.0456179
0.04 777 1 6148997.6729754 6442910.0000000 0.0456179
0.04 778 1 6148997.6729754 6442910.0000000 0.0456179
0.04 779 1 6148997.6729754 6442910.0000000 0.0456179
0.04 780 1 6148997.6729754 6442910.0000000 0.0456179
0.04 781 1 6148997.6729754 6442910.0000000 0.0456179
0.04 782 1 6148997.6729754 6442910.0000000 0.0456179
0.04 783 1 6148997.6729754 6442910.0000000 0.0456179
0.04 784 1 6148997.6729754 6442910.0000000 0.0456179
0.04 785 1 6148997.6729754 6442910.0000000 0.0456179
0.04 786 1 6148997.6729754 6442910.0000000 0.0456179
0.04 787 1 6148997.6729754 6442910.0000000 0.0456179
0.04 788 1 6148997.6729754 6442910.0000000 0.0456179
0.04 789 1 6148997.6729754 6442910.0000000 0.0456179
0.04 790 1 6148997.6729754 6442910.0000000 0.0456179
0.04 791 1 6148997.6729754 6442910.0000000 0.0456179
0.04 792 1 6148997.6729754 6442910.0000000 0.0456179
0.04 793 1 6148997.6729754 6442910.0000000 0.0456179
0.04 794 1 6148997.6729754 6442910.0000000 0.0456179
0.04 795 1 6148997.6729754 6442910.0000000 0.0456179
0.04 796 1 6148997.6729754 6442910.0000000 0.0456179
0.04 797 1 6148997.6729754 6442910.0000000 0.0456179
0.04 798 1 6148997.6729754 6442910.0000000 0.0456179
0.04 799 1 6148997.6729754 6442910.0000000 0.0456179
0.04 800 1 6148997.6729754 6442910.0000000 0.0456179
0.04 801 1 6148997.6729754 6442910.0000000 0.0456179
0.04 802 1 6148997.6729754 6442910.0000000 0.0456179
0.04 803 1 6148997.6729754 6442910.0000000 0.0456179
0.04 804 1 6148997.6729754 6442910.0000000 0.0456179
0.04 805 1 6148997.6729754 6442910.0000000 0.0456179
0.04 806 1 6148997.6729754 6442910.0000000 0.0456179
0.04 807 1 6148997.6729754 6442910.0000000 0.0456179
0.04 808 1 6148997.6729754 6442910.0000000 0.0456179
0.04 809 1 6148997.6729754 6442910.0000000 0.0456179
0.04 810 1 6148997.6729754 6442910.0000000 0.0456179
0.04 811 1 6148997.6729754 6442910.0000000 0.0456179
0.04 812 1 6148997.6729754 6442910.0000000 0.0456179
0.04 813 1 6148997.6729754 6442910.0000000 0.0456179
0.04 814 1 6148997.6729754 6442910.0000000 0.0456179
0.04 815 1 6148997.6729754 6442910.0000000 0.0456179
0.04 816 1 6148997.6729754 6442910.0000000 0.0456179
0.04 817 1 6148997.6729754 6442910.0000000 0.0456179
0.04 818 1 6148997.6729754 6442910.0000000 0.0456179
0.04 819 1 6148997.6729754 6442910.0000000 0.0456179
0.04 820 1 6148997.6729754 6442910.0000000 0.0456179
0.04 821 1 6148997.6729754 6442910.0000000 0.0456179
0.04 822 1 6148997.6729754 6442910.0000000 0.0456179
0.04 823 1 6148997.6729754 6442910.0000000 0.0456179
0.04 824 1 6148997.6729754 6442910.0000000 0.0456179
0.04 825 1 6148997.6729754 6442910.0000000 0.0456179
0.04 826 1 6148997.6729754 6442910.0000000 0.0456179
0.04 827 1 6148997.6729754 6442910.0000000 0.0456179
0.04 828 1 6148997.6729754 6442910.0000000 0.0456179
0.04 829 1 6148997.6729754 6442910.0000000 0.0456179
0.04 830 1 6148997.6729754 6442910.0000000 0.0456179
0.04 831 1 6148997.6729754 6442910.0000000 0.0456179
0.04 832 1 6148997.6729754 6442910.0000000 0.0456179
0.04 833 1 6148997.6729754 6442910.0000000 0.0456179
0.04 834 1 6148997.6729754 6442910.0000000 0.0456179
0.04 835 1 6148997.6729754 6442910.0000000 0.0456179
0.04 836 1 6148997.6729754 6442910.0000000 0.0456179
0.04 837 1 6148997.6729754 6442910.0000000 0.0456179
0.04 838 1 6148997.6729754 6442910.0000000 0.0456179
0.04 839 1 6148997.6729754 6442910.0000000 0.0456179
0.04 840 1 6148997.6729754 6442910.0000000 0.0456179
0.04 841 1 6148997.6729754 6442910.0000000 0.0456179
0.04 842 1 6148997.6729754 6442910.0000000 0.0456179
0.04 843 1 6148997.6729754 6442910.0000000 0.0456179
0.04 844 1 6148997.6729754 6442910.0000000 0.0456179
0.04 845 1 6148997.6729754 6442910.0000000 0.0456179
0.04 846 1 6148997.6729754 6442910.0000000 0.0456179
0.04 847 1 6148997.6729754 6442910.0000000 0.0456179
0.04 848 1 6148997.6729754 6442910.0000000 0.0456179
0.04 849 1 6148997.6729754 6442910.0000000 0.0456179
0.04 850 1 6148997.6729754 6442910.0000000 0.0456179
0.04 851 1 6148997.6729754 6442910.0000000 0.0456179
0.04 852 1 6148997.6729754 6442910.0000000 0.0456179
0.04 853 1 6148997.6729754 6442910.0000000 0.0456179
0.04 854 1 6148997.6729754 6442910.0000000 0.0456179
0.04 855 1 6148997.6729754 6442910.0000000 0.0456179
0.04 856 1 6148997.6729754 6442910.0000000 0.0456179
0.04 857 1 6148997.6729754 6442910.0000000 0.0456179
0.04 858 1 6148997.6729754 6442910.0000000 0.0456179
0.04 859 1 6148997.6729754 6442910.0000000 0.0456179
0.04 860 1 6148997.6729754 6442910.0000000 0.0456179
0.04 861 1 6148997.6729754 6442910.0000000 0.0456179
0.04 862 1 6148997.6729754 6442910.0000000 0.0456179
0.04 863 1 6148997.6729754 6442910.0000000 0.0456179
0.04 864 1 6148997.6729754 6442910.0000000 0.0456179
0.04 865 1 6148997.6729754 6442910.0000000 0.0456179
0.04 866 1 6148997.6729754 6442910.0000000 0.0456179
0.04 867 1 6148997.6729754 6442910.0000000 0.0456179
0.04 868 1 6148997.6729754 6442910.0000000 0.0456179
0.04 869 1 6148997.6729754 6442910.0000000 0.0456179
0.04 870 1 6148997.6729754 6442910.0000000 0.0456179
0.04 871 1 6148997.6729754 6442910.0000000 0.0456179
0.04 872 1 6148997.6729754 6442910.0000000 0.0456179
0.04 873 1 6148997.6729754 6442910.0000000 0.0456179
0.04 874 1 6148997.6729754 6442910.0000000 0.0456179
0.04 875 1 6148997.6729754 6442910.0000000 0.0456179
0.04 876 1 6148997.6729754 6442910.0000000 0.0456179
0.04 877 1 6148997.6729754 6442910.0000000 0.0456179
0.04 878 1 6148997.6729754 6442910.0000000 0.0456179
0.04 879 1 6148997.6729754 6442910.0000000 0.0456179
0.04 880 1 6148997.6729754 6442910.0000000 0.0456179
0.04 881 1 6148997.6729753 6442910.0000000 0.0456179
0.04 882 1 6148997.6729753 6442910.0000000 0.0456179
0.04 883 1 6148997.6729754 6442910.0000000 0.0456179
0.04 884 1 6148997.6729754 6442910.0000000 0.0456179
0.04 885 1 6148997.6729754 6442910.0000000 0.0456179
0.04 886 1 6148997.6729754 6442910.0000000 0.0456179
0.04 887 1 6148997.6729754 6442910.0000000 0.0456179
0.04 888 1 6148997.6729754 6442910.0000000 0.0456179
0.04 889 1 6148997.6729754 6442910.0000000 0.0456179
0.04 890 1 6148997.6729754 6442910.0000000 0.0456179
0.04 891 1 6148997.6729754 6442910.0000000 0.0456179
0.04 892 1 6148997.6729754 6442910.0000000 0.0456179
0.04 893 1 6148997.6729754 6442910.0000000 0.0456179
0.04 894 1 6148997.6729754 6442910.0000000 0.0456179
0.04 895 1 6148997.6729755 6442910.0000000 0.0456179
0.04 896 1 6148997.6729754 6442910.0000000 0.0456179
0.04 897 1 6148997.6729754 6442910.0000000 0.0456179
0.04 898 1 6148997.6729754 6442910.0000000 0.0456179
0.04 899 1 6148997.6729754 6442910.0000000 0.0456179
0.04 900 1 6148997.6729754 6442910.0000000 0.0456179
0.04 901 1 6148997.6729754 6442910.0000000 0.0456179
0.04 902 1 6148997.6729754 6442910.0000000 0.0456179
0.04 903 1 6148997.6729754 6442910.0000000 0.0456179
0.04 904 1 6148997.6729754 6442910.0000000 0.0456179
0.04 905 1 6148997.6729754 6442910.0000000 0.0456179
0.04 906 1 6148997.6729754 6442910.0000000 0.0456179
0.04 907 1 6148997.6729755 6442910.0000000 0.0456179
0.04 908 1 6148997.6729754 6442910.0000000 0.0456179
0.04 909 1 6148997.6729754 6442910.0000000 0.0456179
0.04 910 1 6148997.6729754 6442910.0000000 0.0456179
0.04 911 1 6148997.6729754 6442910.0000000 0.0456179
0.04 912 1 6148997.6729754 6442910.0000000 0.0456179
0.04 913 1 6148997.6729754 6442910.0000000 0.0456179
0.04 914 1 6148997.6729754 6442910.0000000 0.0456179
0.04 915 1 6148997.6729754 6442910.0000000 0.0456179
0.04 916 1 6148997.6729754 6442910.0000000 0.0456179
0.04 917 1 6148997.6729754 6442910.0000000 0.0456179
0.04 918 1 6148997.6729754 6442910.0000000 0.0456179
0.04 919 1 6148997.6729754 6442910.0000000 0.0456179
0.04 920 1 6148997.6729754 6442910.0000000 0.0456179
0.04 921 1 6148997.6729754 6442910.0000000 0.0456179
0.04 922 1 6148997.6729754 6442910.0000000 0.0456179
0.04 923 1 6148997.6729754 6442910.0000000 0.0456179
0.04 924 1 6148997.6729754 6442910.0000000 0.0456179
0.04 925 1 6148997.6729754 6442910.0000000 0.0456179
0.04 926 1 6148997.6729754 6442910.0000000 0.0456179
0.04 927 1 6148997.6729754 6442910.0000000 0.0456179
0.04 928 1 6148997.6729753 6442910.0000000 0.0456179
0.04 929 1 6148997.6729754 6442910.0000000 0.0456179
0.04 930 1 6148997.6729754 6442910.0000000 0.0456179
0.04 931 1 6148997.6729754 6442910.0000000 0.0456179
0.04 932 1 6148997.6729754 6442910.0000000 0.0456179
0.04 933 1 6148997.6729754 6442910.0000000 0.0456179
0.04 934 1 6148997.6729754 6442910.0000000 0.0456179
0.04 935 1 6148997.6729754 6442910.0000000 0.0456179
0.04 936 1 6148997.6729754 6442910.0000000 0.0456179
0.04 937 1 6148997.6729754 6442910.0000000 0.0456179
0.04 938 1 6148997.6729754 6442910.0000000 0.0456179
0.04 939 1 6148997.6729754 6442910.0000000 0.0456179
0.04 940 1 6148997.6729754 6442910.0000000 0.0456179
0.04 941 1 6148997.6729754 6442910.0000000 0.0456179
0.04 942 1 6148997.6729754 6442910.0000000 0.0456179
0.04 943 1 6148997.6729754 6442910.0000000 0.0456179
0.04 944 1 6148997.6729754 6442910.0000000 0.0456179
0.04 945 1 6148997.6729754 6442910.0000000 0.0456179
0.04 946 1 6148997.6729754 6442910.0000000 0.0456179
0.04 947 1 6148997.6729754 6442910.0000000 0.0456179
0.04 948 1 6148997.6729754 6442910.0000000 0.0456179
0.04 949 1 6148997.6729754 6442910.0000000 0.0456179
0.04 950 1 6148997.6729754 6442910.0000000 0.0456179
0.04 951 1 6148997.6729754 6442910.0000000 0.0456179
0.04 952 1 6148997.6729754 6442910.0000000 0.0456179
0.04 953 1 6148997.6729754 6442910.0000000 0.0456179
0.04 954 1 6148997.6729754 6442910.0000000 0.0456179
0.04 955 1 6148997.6729754 6442910.0000000 0.0456179
0.04 956 1 6148997.6729753 6442910.0000000 0.0456179
0.04 957 1 6148997.6729753 6442910.0000000 0.0456179
0.04 958 1 6148997.6729754 6442910.0000000 0.0456179
0.04 959 1 6148997.6729754 6442910.0000000 0.0456179
0.04 960 1 6148997.6729754 6442910.0000000 0.0456179
0.04 961 1 6148997.6729754 6442910.0000000 0.0456179
0.04 962 1 6148997.6729754 6442910.0000000 0.0456179
0.04 963 1 6148997.6729754 6442910.0000000 0.0456179
0.04 964 1 6148997.6729754 6442910.0000000 0.0456179
0.04 965 1 6148997.6729754 6442910.0000000 0.0456179
0.04 966 1 6148997.6729754 6442910.0000000 0.0456179
0.04 967 1 6148997.6729754 6442910.0000000 0.0456179
0.04 968 1 6148997.6729754 6442910.0000000 0.0456179
0.04 969 1 6148997.6729753 6442910.0000000 0.0456179
0.04 970 1 6148997.6729754 6442910.0000000 0.0456179
0.04 971 1 6148997.6729754 6442910.0000000 0.0456179
0.04 972 1 6148997.6729754 6442910.0000000 0.0456179
0.04 973 1 6148997.6729754 6442910.0000000 0.0456179
0.04 974 1 6148997.6729754 6442910.0000000 0.0456179
0.04 975 1 6148997.6729754 6442910.0000000 0.0456179
0.04 976 1 6148997.6729754 6442910.0000000 0.0456179
0.04 977 1 6148997.6729754 6442910.0000000 0.0456179
0.04 978 1 6148997.6729754 6442910.0000000 0.0456179
0.04 979 1 6148997.6729754 6442910.0000000 0.0456179
0.04 980 1 6148997.6729754 6442910.0000000 0.0456179
0.04 981 1 6148997.6729754 6442910.0000000 0.0456179
0.04 982 1 6148997.6729754 6442910.0000000 0.0456179
0.04 983 1 6148997.6729755 6442910.0000000 0.0456179
0.04 984 1 6148997.6729755 6442910.0000000 0.0456179
0.04 985 1 6148997.6729754 6442910.0000000 0.0456179
0.04 986 1 6148997.6729754 6442910.0000000 0.0456179
0.04 987 1 6148997.6729754 6442910.0000000 0.0456179
0.04 988 1 6148997.6729754 6442910.0000000 0.0456179
0.04 989 1 6148997.6729754 6442910.0000000 0.0456179
0.04 990 1 6148997.6729754 6442910.0000000 0.0456179
0.04 991 1 6148997.6729754 6442910.0000000 0.0456179
0.04 992 1 6148997.6729754 6442910.0000000 0.0456179
0.04 993 1 6148997.6729754 6442910.0000000 0.0456179
0.04 994 1 6148997.6729754 6442910.0000000 0.0456179
0.04 995 1 6148997.6729754 6442910.0000000 0.0456179
0.04 996 1 6148997.6729754 6442910.0000000 0.0456179
0.04 997 1 6148997.6729754 6442910.0000000 0.0456179
0.04 998 1 6148997.6729754 6442910.0000000 0.0456179
0.04 999 1 6148997.6729754 6442910.0000000 0.0456179
