0.29 0 0 5829948.7749959 6088260.0000000 0.0424278
0.02 1 18 5830985.6392269 6088260.0000000 0.0422575
0.02 2 18 5832772.2981513 6088260.0000000 0.0419640
0.02 3 16 5833651.0233084 6088260.0000000 0.0418197
0.02 4 15 5834583.3780636 6088260.0000000 0.0416665
0.02 5 10 5835277.2428195 6088260.0000000 0.0415526
0.02 6 9 5835481.4174391 6088260.0000000 0.0415190
0.02 7 9 5836091.2518052 6088260.0000000 0.0414189
0.02 8 8 5836471.5246758 6088260.0000000 0.0413564
0.02 9 7 5836627.2349042 6088260.0000000 0.0413308
0.02 10 9 5836951.7929250 6088260.0000000 0.0412775
0.02 11 10 5837017.1139130 6088260.0000000 0.0412668
0.02 12 10 5837019.0070603 6088260.0000000 0.0412665
0.02 13 9 5837478.2289572 6088260.0000000 0.0411910
0.02 14 9 5837615.1130596 6088260.0000000 0.0411686
0.02 15 10 5837727.8241982 6088260.0000000 0.0411500
0.02 16 8 5837855.9707440 6088260.0000000 0.0411290
0.02 17 8 5837944.5282142 6088260.0000000 0.0411145
0.02 18 7 5838066.7754789 6088260.0000000 0.0410944
0.02 19 8 5838117.1991721 6088260.0000000 0.0410861
0.02 20 9 5838279.5534664 6088260.0000000 0.0410594
0.02 21 8 5838540.0932032 6088260.0000000 0.0410166
0.02 22 10 5838573.3889828 6088260.0000000 0.0410112
0.02 23 11 5838612.9269003 6088260.0000000 0.0410047
0.02 24 8 5838646.2126329 6088260.0000000 0.0409992
0.02 25 10 5838652.3604900 6088260.0000000 0.0409982
0.02 26 10 5838731.1147458 6088260.0000000 0.0409853
0.02 27 6 5838740.9249589 6088260.0000000 0.0409836
0.02 28 6 5838957.1368288 6088260.0000000 0.0409481
0.02 29 9 5838957.1368288 6088260.0000000 0.0409481
0.02 30 9 5839060.4652830 6088260.0000000 0.0409312
0.02 31 6 5839060.4652830 6088260.0000000 0.0409312
0.02 32 6 5839067.6258438 6088260.0000000 0.0409300
0.02 33 7 5839068.5024221 6088260.0000000 0.0409298
0.02 34 7 5839074.1287662 6088260.0000000 0.0409289
0.02 35 6 5839080.3733194 6088260.0000000 0.0409279
0.02 36 6 5839095.6827289 6088260.0000000 0.0409254
0.02 37 8 5839108.9410997 6088260.0000000 0.0409232
0.02 38 5 5839115.4099511 6088260.0000000 0.0409221
0.02 39 7 5839138.9680928 6088260.0000000 0.0409183
0.02 40 4 5839165.8403933 6088260.0000000 0.0409139
0.02 41 4 5839169.8040273 6088260.0000000 0.0409132
0.02 42 3 5839181.4947474 6088260.0000000 0.0409113
0.02 43 3 5839181.4947474 6088260.0000000 0.0409113
0.02 44 3 5839185.5985959 6088260.0000000 0.0409106
0.02 45 2 5839188.1273343 6088260.0000000 0.0409102
0.02 46 3 5839437.7698663 6088260.0000000 0.0408692
0.02 47 2 5839437.7698663 6088260.0000000 0.0408692
0.02 48 2 5839466.3962209 6088260.0000000 0.0408645
0.02 49 4 5839575.1780016 6088260.0000000 0.0408466
0.02 50 2 5839622.0993327 6088260.0000000 0.0408389
0.02 51 5 5839630.6697471 6088260.0000000 0.0408375
0.02 52 3 5839632.0518522 6088260.0000000 0.0408373
0.02 53 2 5839632.9926125 6088260.0000000 0.0408371
0.02 54 2 5839633.1602887 6088260.0000000 0.0408371
0.02 55 2 5839633.1602887 6088260.0000000 0.0408371
0.02 56 2 5839633.2882744 6088260.0000000 0.0408371
0.02 57 2 5839639.6978418 6088260.0000000 0.0408360
0.02 58 2 5839639.6978418 6088260.0000000 0.0408360
0.02 59 2 5839651.1793749 6088260.0000000 0.0408341
0.02 60 2 5839651.1793749 6088260.0000000 0.0408341
0.02 61 2 5839651.1793749 6088260.0000000 0.0408341
0.02 62 2 5839695.2664860 6088260.0000000 0.0408269
0.02 63 2 5839695.2664860 6088260.0000000 0.0408269
0.02 64 2 5839695.2664860 6088260.0000000 0.0408269
0.02 65 2 5839695.2664860 6088260.0000000 0.0408269
0.02 66 2 5839724.5653910 6088260.0000000 0.0408221
0.02 67 2 5839724.5653910 6088260.0000000 0.0408221
0.02 68 2 5839724.5653910 6088260.0000000 0.0408221
0.02 69 2 5839724.5653910 6088260.0000000 0.0408221
0.02 70 2 5839725.4415106 6088260.0000000 0.0408219
0.02 71 2 5839725.4415106 6088260.0000000 0.0408219
0.02 72 2 5839744.2168229 6088260.0000000 0.0408189
0.02 73 2 5839744.2168229 6088260.0000000 0.0408189
0.02 74 2 5839771.5619184 6088260.0000000 0.0408144
0.02 75 2 5839771.5619184 6088260.0000000 0.0408144
0.02 76 2 5839777.3178661 6088260.0000000 0.0408134
0.02 77 2 5839796.0227731 6088260.0000000 0.0408103
0.02 78 2 5839796.0227731 6088260.0000000 0.0408103
0.02 79 2 5839810.4260134 6088260.0000000 0.0408080
0.02 80 2 5839832.1902539 6088260.0000000 0.0408044
0.02 81 2 5839832.1902539 6088260.0000000 0.0408044
0.02 82 2 5839883.7513777 6088260.0000000 0.0407959
0.02 83 2 5839897.4326273 6088260.0000000 0.0407937
0.02 84 2 5839920.3372687 6088260.0000000 0.0407899
0.02 85 3 5839939.0637213 6088260.0000000 0.0407868
0.02 86 4 5839941.6656306 6088260.0000000 0.0407864
0.02 87 3 5839961.4525242 6088260.0000000 0.0407832
0.02 88 4 5839997.3776450 6088260.0000000 0.0407773
0.02 89 4 5839998.4114652 6088260.0000000 0.0407771
0.02 90 4 5840018.1072061 6088260.0000000 0.0407739
0.02 91 2 5840036.2020813 6088260.0000000 0.0407709
0.02 92 3 5840052.8253984 6088260.0000000 0.0407682
0.02 93 3 5840087.6709603 6088260.0000000 0.0407624
0.02 94 2 5840105.7240328 6088260.0000000 0.0407595
0.02 95 2 5840143.1366309 6088260.0000000 0.0407533
0.02 96 4 5840147.1678200 6088260.0000000 0.0407527
0.02 97 2 5840172.0766065 6088260.0000000 0.0407486
0.02 98 3 5840174.2442352 6088260.0000000 0.0407482
0.02 99 3 5840184.6639196 6088260.0000000 0.0407465
0.02 100 3 5840215.9639244 6088260.0000000 0.0407414
0.02 101 3 5840248.8773502 6088260.0000000 0.0407360
0.03 102 3 5840271.9502244 6088260.0000000 0.0407322
0.02 103 3 5840287.5299494 6088260.0000000 0.0407296
0.02 104 2 5840288.9050561 6088260.0000000 0.0407294
0.02 105 2 5840310.0487027 6088260.0000000 0.0407259
0.02 106 3 5840345.0942625 6088260.0000000 0.0407202
0.02 107 2 5840388.3895716 6088260.0000000 0.0407130
0.02 108 5 5840418.3857362 6088260.0000000 0.0407081
0.02 109 2 5840434.2660454 6088260.0000000 0.0407055
0.02 110 2 5840449.5222033 6088260.0000000 0.0407030
0.03 111 2 5840475.5058746 6088260.0000000 0.0406987
0.03 112 2 5840478.5548119 6088260.0000000 0.0406982
0.03 113 2 5840503.8170021 6088260.0000000 0.0406941
0.03 114 2 5840535.0971596 6088260.0000000 0.0406889
0.03 115 4 5840569.3233835 6088260.0000000 0.0406833
0.02 116 3 5840588.3324022 6088260.0000000 0.0406802
0.02 117 3 5840612.9845558 6088260.0000000 0.0406762
0.02 118 5 5840628.0142193 6088260.0000000 0.0406737
0.02 119 2 5840629.3127815 6088260.0000000 0.0406735
0.02 120 2 5840646.1267025 6088260.0000000 0.0406707
0.03 121 3 5840646.9767089 6088260.0000000 0.0406706
0.03 122 3 5840663.4451552 6088260.0000000 0.0406679
0.03 123 3 5840667.5649057 6088260.0000000 0.0406672
0.03 124 2 5840672.7402721 6088260.0000000 0.0406663
0.03 125 4 5840681.9755039 6088260.0000000 0.0406648
0.03 126 4 5840711.3434893 6088260.0000000 0.0406600
0.03 127 4 5840713.3389157 6088260.0000000 0.0406597
0.03 128 4 5840753.1391718 6088260.0000000 0.0406531
0.03 129 6 5840754.6285029 6088260.0000000 0.0406529
0.03 130 6 5840789.5436564 6088260.0000000 0.0406472
0.03 131 7 5840804.2552237 6088260.0000000 0.0406447
0.03 132 6 5840925.6192459 6088260.0000000 0.0406248
0.03 133 3 5840938.3963268 6088260.0000000 0.0406227
0.03 134 3 5840952.9352398 6088260.0000000 0.0406203
0.03 135 3 5840954.2849626 6088260.0000000 0.0406201
0.03 136 4 5841005.5890207 6088260.0000000 0.0406117
0.03 137 4 5841019.6810652 6088260.0000000 0.0406094
0.03 138 2 5841033.0064927 6088260.0000000 0.0406072
0.03 139 2 5841034.4724247 6088260.0000000 0.0406069
0.03 140 2 5841047.3788032 6088260.0000000 0.0406048
0.03 141 3 5841064.0792824 6088260.0000000 0.0406021
0.03 142 3 5841078.8627983 6088260.0000000 0.0405996
0.03 143 3 5841103.6298617 6088260.0000000 0.0405956
0.03 144 3 5841118.7384488 6088260.0000000 0.0405931
0.03 145 2 5841120.2113199 6088260.0000000 0.0405928
0.03 146 2 5841126.4142998 6088260.0000000 0.0405918
0.03 147 2 5841127.3699274 6088260.0000000 0.0405917
0.03 148 2 5841134.5373704 6088260.0000000 0.0405905
0.03 149 3 5841140.8013877 6088260.0000000 0.0405895
0.03 150 3 5841152.7461443 6088260.0000000 0.0405875
0.03 151 3 5841154.5434970 6088260.0000000 0.0405872
0.03 152 3 5841187.6852851 6088260.0000000 0.0405818
0.03 153 2 5841203.3778713 6088260.0000000 0.0405792
0.03 154 3 5841204.7297600 6088260.0000000 0.0405790
0.03 155 4 5841218.6046943 6088260.0000000 0.0405767
0.03 156 3 5841223.0696570 6088260.0000000 0.0405759
0.03 157 3 5841240.7646723 6088260.0000000 0.0405730
0.03 158 3 5841251.8419369 6088260.0000000 0.0405712
0.03 159 3 5841260.1619722 6088260.0000000 0.0405699
0.03 160 2 5841266.3526290 6088260.0000000 0.0405688
0.03 161 5 5841276.1398663 6088260.0000000 0.0405672
0.03 162 2 5841282.0653297 6088260.0000000 0.0405663
0.03 163 2 5841285.9663343 6088260.0000000 0.0405656
0.03 164 4 5841297.7614306 6088260.0000000 0.0405637
0.03 165 2 5841308.9504702 6088260.0000000 0.0405618
0.03 166 2 5841312.0824171 6088260.0000000 0.0405613
0.03 167 2 5841324.3704360 6088260.0000000 0.0405593
0.03 168 2 5841329.9538840 6088260.0000000 0.0405584
0.03 169 3 5841345.5266946 6088260.0000000 0.0405558
0.03 170 3 5841356.4865282 6088260.0000000 0.0405540
0.03 171 4 5841362.2582400 6088260.0000000 0.0405531
0.03 172 2 5841362.9685557 6088260.0000000 0.0405530
0.03 173 2 5841367.4233130 6088260.0000000 0.0405522
0.03 174 2 5841374.1342382 6088260.0000000 0.0405511
0.03 175 3 5841379.5206446 6088260.0000000 0.0405503
0.03 176 3 5841396.2226207 6088260.0000000 0.0405475
0.03 177 3 5841397.2982097 6088260.0000000 0.0405473
0.03 178 3 5841434.8023725 6088260.0000000 0.0405412
0.03 179 1 5841440.3366106 6088260.0000000 0.0405403
0.03 180 3 5841448.6496398 6088260.0000000 0.0405389
