0.25 0 0 5609973.0455185 5951360.0000000 0.0573628
0.02 1 17 5614693.0087764 5951360.0000000 0.0565698
0.02 2 18 5616563.6891982 5951360.0000000 0.0562554
0.02 3 19 5617821.4565508 5951360.0000000 0.0560441
0.02 4 15 5618378.8447881 5951360.0000000 0.0559504
0.02 5 20 5619236.6087096 5951360.0000000 0.0558063
0.02 6 14 5619743.3167803 5951360.0000000 0.0557212
0.02 7 12 5620290.5221537 5951360.0000000 0.0556292
0.02 8 18 5620725.5158202 5951360.0000000 0.0555561
0.02 9 14 5621133.7707669 5951360.0000000 0.0554875
0.02 10 13 5621382.7275638 5951360.0000000 0.0554457
0.02 11 14 5621835.6616297 5951360.0000000 0.0553696
0.02 12 13 5621870.6499322 5951360.0000000 0.0553637
0.02 13 13 5622065.7687561 5951360.0000000 0.0553309
0.02 14 11 5622345.7826101 5951360.0000000 0.0552839
0.02 15 11 5622513.7596000 5951360.0000000 0.0552556
0.02 16 12 5622758.4960539 5951360.0000000 0.0552145
0.02 17 12 5622828.9441287 5951360.0000000 0.0552027
0.02 18 9 5623082.7530989 5951360.0000000 0.0551600
0.02 19 13 5623228.1299538 5951360.0000000 0.0551356
0.02 20 12 5623436.6868955 5951360.0000000 0.0551006
0.02 21 11 5623606.8357924 5951360.0000000 0.0550720
0.02 22 12 5623794.5584913 5951360.0000000 0.0550404
0.02 23 9 5623889.9438681 5951360.0000000 0.0550244
0.02 24 6 5624014.6576722 5951360.0000000 0.0550035
0.02 25 8 5624023.7058953 5951360.0000000 0.0550019
0.02 26 6 5624029.8667216 5951360.0000000 0.0550009
0.02 27 5 5624056.2853351 5951360.0000000 0.0549965
0.02 28 5 5624172.9304378 5951360.0000000 0.0549769
0.02 29 5 5624179.1403885 5951360.0000000 0.0549758
0.02 30 5 5624375.7741193 5951360.0000000 0.0549428
0.02 31 6 5624464.1406055 5951360.0000000 0.0549279
0.02 32 8 5624576.8349125 5951360.0000000 0.0549090
0.02 33 6 5624668.4700092 5951360.0000000 0.0548936
0.02 34 6 5624821.6744811 5951360.0000000 0.0548678
0.02 35 6 5624870.9668266 5951360.0000000 0.0548596
0.02 36 6 5624932.3659922 5951360.0000000 0.0548493
0.02 37 7 5624956.1549366 5951360.0000000 0.0548453
0.02 38 6 5624968.0124706 5951360.0000000 0.0548433
0.02 39 7 5624999.7362224 5951360.0000000 0.0548379
0.02 40 8 5625169.5598431 5951360.0000000 0.0548094
0.02 41 7 5625212.5401098 5951360.0000000 0.0548022
0.02 42 11 5625373.7917838 5951360.0000000 0.0547751
0.02 43 7 5625476.5125212 5951360.0000000 0.0547578
0.02 44 9 5625627.0992116 5951360.0000000 0.0547325
0.02 45 6 5625745.9006592 5951360.0000000 0.0547126
0.02 46 5 5625882.4716030 5951360.0000000 0.0546896
0.02 47 7 5625895.0002060 5951360.0000000 0.0546875
0.02 48 4 5626086.8466674 5951360.0000000 0.0546553
0.02 49 7 5626183.5720175 5951360.0000000 0.0546390
0.02 50 7 5626212.2333352 5951360.0000000 0.0546342
0.02 51 6 5626244.2644947 5951360.0000000 0.0546288
0.02 52 4 5626298.4456998 5951360.0000000 0.0546197
0.02 53 6 5626333.1228365 5951360.0000000 0.0546139
0.02 54 6 5626368.5528582 5951360.0000000 0.0546079
0.02 55 6 5626382.0082597 5951360.0000000 0.0546057
0.02 56 5 5626432.2159661 5951360.0000000 0.0545972
0.02 57 3 5626432.2159662 5951360.0000000 0.0545972
0.02 58 3 5626503.2557565 5951360.0000000 0.0545853
0.02 59 4 5626551.2063491 5951360.0000000 0.0545772
0.02 60 4 5626565.0170633 5951360.0000000 0.0545749
0.02 61 4 5626618.6400661 5951360.0000000 0.0545659
0.02 62 4 5626637.0937837 5951360.0000000 0.0545628
0.02 63 4 5626678.1218672 5951360.0000000 0.0545559
0.02 64 3 5626717.7964147 5951360.0000000 0.0545492
0.02 65 4 5626733.1937472 5951360.0000000 0.0545467
0.02 66 4 5626757.5561417 5951360.0000000 0.0545426
0.02 67 4 5626775.5916006 5951360.0000000 0.0545395
0.02 68 5 5626789.0776215 5951360.0000000 0.0545373
0.03 69 3 5626805.8556001 5951360.0000000 0.0545345
0.02 70 3 5626821.0164109 5951360.0000000 0.0545319
0.02 71 2 5626831.2536747 5951360.0000000 0.0545302
0.02 72 4 5626876.4431063 5951360.0000000 0.0545226
0.02 73 4 5626891.6180403 5951360.0000000 0.0545200
0.02 74 4 5626917.6309672 5951360.0000000 0.0545157
0.02 75 4 5626918.3134049 5951360.0000000 0.0545156
0.02 76 4 5626939.9497807 5951360.0000000 0.0545119
0.02 77 6 5626943.8697541 5951360.0000000 0.0545113
0.02 78 6 5626962.8996970 5951360.0000000 0.0545081
0.03 79 6 5627020.3733039 5951360.0000000 0.0544984
0.02 80 5 5627054.6906289 5951360.0000000 0.0544926
0.02 81 5 5627077.2593160 5951360.0000000 0.0544888
0.03 82 6 5627093.6882927 5951360.0000000 0.0544861
0.03 83 4 5627113.1082059 5951360.0000000 0.0544828
0.03 84 4 5627119.5974743 5951360.0000000 0.0544817
0.03 85 4 5627126.3098571 5951360.0000000 0.0544806
0.03 86 6 5627155.8128297 5951360.0000000 0.0544756
0.03 87 6 5627176.3116411 5951360.0000000 0.0544722
0.02 88 2 5627176.3116411 5951360.0000000 0.0544722
0.02 89 2 5627176.3116411 5951360.0000000 0.0544722
0.03 90 2 5627176.3116411 5951360.0000000 0.0544722
0.03 91 2 5627177.4317390 5951360.0000000 0.0544720
0.03 92 2 5627177.4317390 5951360.0000000 0.0544720
0.03 93 2 5627177.4317390 5951360.0000000 0.0544720
0.03 94 2 5627177.4556077 5951360.0000000 0.0544720
0.03 95 2 5627177.4556077 5951360.0000000 0.0544720
0.03 96 2 5627177.4556077 5951360.0000000 0.0544720
0.03 97 2 5627177.4556077 5951360.0000000 0.0544720
0.03 98 2 5627177.4556077 5951360.0000000 0.0544720
0.03 99 2 5627177.4556077 5951360.0000000 0.0544720
0.03 100 2 5627177.4556078 5951360.0000000 0.0544720
0.03 101 2 5627177.4556077 5951360.0000000 0.0544720
0.03 102 2 5627177.4556077 5951360.0000000 0.0544720
0.03 103 2 5627177.4556078 5951360.0000000 0.0544720
0.03 104 2 5627177.4556078 5951360.0000000 0.0544720
0.03 105 2 5627177.4556077 5951360.0000000 0.0544720
0.03 106 2 5627178.5020741 5951360.0000000 0.0544718
0.03 107 2 5627178.5020741 5951360.0000000 0.0544718
0.03 108 2 5627178.5020741 5951360.0000000 0.0544718
0.03 109 2 5627178.5020741 5951360.0000000 0.0544718
0.03 110 2 5627178.5020741 5951360.0000000 0.0544718
0.03 111 2 5627178.5020741 5951360.0000000 0.0544718
0.03 112 2 5627178.5020741 5951360.0000000 0.0544718
0.03 113 2 5627178.5020741 5951360.0000000 0.0544718
0.03 114 2 5627178.5020741 5951360.0000000 0.0544718
0.03 115 2 5627178.5020741 5951360.0000000 0.0544718
0.03 116 2 5627178.5020741 5951360.0000000 0.0544718
0.03 117 2 5627178.6228569 5951360.0000000 0.0544718
0.03 118 2 5627178.6228569 5951360.0000000 0.0544718
0.03 119 2 5627178.6228569 5951360.0000000 0.0544718
0.03 120 2 5627178.6228569 5951360.0000000 0.0544718
0.03 121 2 5627179.3998799 5951360.0000000 0.0544717
0.03 122 2 5627179.3998799 5951360.0000000 0.0544717
0.03 123 2 5627183.2017088 5951360.0000000 0.0544710
0.03 124 2 5627183.2017088 5951360.0000000 0.0544710
0.03 125 2 5627184.0573336 5951360.0000000 0.0544709
0.03 126 2 5627184.0573336 5951360.0000000 0.0544709
0.03 127 2 5627184.6833467 5951360.0000000 0.0544708
0.03 128 2 5627184.6833467 5951360.0000000 0.0544708
0.03 129 2 5627185.4787006 5951360.0000000 0.0544707
0.03 130 2 5627185.4787006 5951360.0000000 0.0544707
0.03 131 2 5627185.4787006 5951360.0000000 0.0544707
0.03 132 2 5627185.4787006 5951360.0000000 0.0544707
0.03 133 2 5627186.9128758 5951360.0000000 0.0544704
0.03 134 2 5627186.9128758 5951360.0000000 0.0544704
0.03 135 2 5627186.9128758 5951360.0000000 0.0544704
0.03 136 2 5627187.0251546 5951360.0000000 0.0544704
0.03 137 2 5627187.0251545 5951360.0000000 0.0544704
0.03 138 2 5627187.0251546 5951360.0000000 0.0544704
0.03 139 2 5627189.5938647 5951360.0000000 0.0544700
0.03 140 2 5627189.5938647 5951360.0000000 0.0544700
0.03 141 2 5627189.5938647 5951360.0000000 0.0544700
0.03 142 2 5627190.1929426 5951360.0000000 0.0544699
0.03 143 2 5627190.1929427 5951360.0000000 0.0544699
0.03 144 2 5627190.1929426 5951360.0000000 0.0544699
0.03 145 2 5627190.2328246 5951360.0000000 0.0544699
0.03 146 2 5627191.3365628 5951360.0000000 0.0544697
0.03 147 2 5627191.3365628 5951360.0000000 0.0544697
0.03 148 2 5627191.3365628 5951360.0000000 0.0544697
0.03 149 2 5627192.8147677 5951360.0000000 0.0544694
0.03 150 2 5627192.8147678 5951360.0000000 0.0544694
0.03 151 2 5627192.8147677 5951360.0000000 0.0544694
0.03 152 2 5627192.8147678 5951360.0000000 0.0544694
0.03 153 2 5627197.0517052 5951360.0000000 0.0544687
0.03 154 3 5627197.0517052 5951360.0000000 0.0544687
0.03 155 3 5627201.0202134 5951360.0000000 0.0544681
0.03 156 3 5627211.3204764 5951360.0000000 0.0544663
0.03 157 3 5627215.5617221 5951360.0000000 0.0544656
0.03 158 3 5627224.3386647 5951360.0000000 0.0544641
0.03 159 5 5627239.9477926 5951360.0000000 0.0544615
0.03 160 3 5627239.9477926 5951360.0000000 0.0544615
0.03 161 3 5627259.7210822 5951360.0000000 0.0544582
0.03 162 3 5627263.8973587 5951360.0000000 0.0544575
0.03 163 4 5627269.7506968 5951360.0000000 0.0544565
0.03 164 3 5627297.3894205 5951360.0000000 0.0544519
0.03 165 3 5627305.5422821 5951360.0000000 0.0544505
0.03 166 4 5627305.5422821 5951360.0000000 0.0544505
0.03 167 4 5627324.2818457 5951360.0000000 0.0544473
0.03 168 3 5627324.2818456 5951360.0000000 0.0544473
0.03 169 3 5627326.1567787 5951360.0000000 0.0544470
0.03 170 4 5627326.1567788 5951360.0000000 0.0544470
0.03 171 4 5627337.1973310 5951360.0000000 0.0544452
0.03 172 3 5627337.1973310 5951360.0000000 0.0544452
0.03 173 3 5627338.4909150 5951360.0000000 0.0544450
0.03 174 3 5627340.5924601 5951360.0000000 0.0544446
0.03 175 2 5627340.5924600 5951360.0000000 0.0544446
0.03 176 2 5627342.1907741 5951360.0000000 0.0544443
0.03 177 2 5627342.5238503 5951360.0000000 0.0544443
0.03 178 2 5627343.7823216 5951360.0000000 0.0544441
0.03 179 2 5627343.7823215 5951360.0000000 0.0544441
0.03 180 2 5627343.7823215 5951360.0000000 0.0544441
0.03 181 2 5627343.7823215 5951360.0000000 0.0544441
0.03 182 2 5627345.1402588 5951360.0000000 0.0544438
0.03 183 2 5627345.1402588 5951360.0000000 0.0544438
0.03 184 2 5627345.1402588 5951360.0000000 0.0544438
0.03 185 2 5627345.2882904 5951360.0000000 0.0544438
0.03 186 2 5627345.5851121 5951360.0000000 0.0544438
0.03 187 2 5627347.6115614 5951360.0000000 0.0544434
0.03 188 3 5627359.6957156 5951360.0000000 0.0544414
0.03 189 3 5627365.3974420 5951360.0000000 0.0544404
0.03 190 2 5627369.5494674 5951360.0000000 0.0544397
0.03 191 2 5627369.8761334 5951360.0000000 0.0544397
0.03 192 2 5627375.7235356 5951360.0000000 0.0544387
0.03 193 3 5627377.9489821 5951360.0000000 0.0544383
0.03 194 3 5627380.6288560 5951360.0000000 0.0544379
0.03 195 2 5627380.6288559 5951360.0000000 0.0544379
0.03 196 2 5627380.6288559 5951360.0000000 0.0544379
0.03 197 2 5627380.6288559 5951360.0000000 0.0544379
0.03 198 2 5627382.7421413 5951360.0000000 0.0544375
0.03 199 2 5627384.7152276 5951360.0000000 0.0544372
0.03 200 2 5627410.2630074 5951360.0000000 0.0544329
0.03 201 2 5627410.2630075 5951360.0000000 0.0544329
0.03 202 2 5627410.2630075 5951360.0000000 0.0544329
0.03 203 2 5627410.2630074 5951360.0000000 0.0544329
0.03 204 2 5627410.2630074 5951360.0000000 0.0544329
0.03 205 2 5627410.3965173 5951360.0000000 0.0544329
0.03 206 2 5627410.3965173 5951360.0000000 0.0544329
0.03 207 2 5627410.3965173 5951360.0000000 0.0544329
0.03 208 2 5627410.3965173 5951360.0000000 0.0544329
0.03 209 2 5627410.3965173 5951360.0000000 0.0544329
0.03 210 2 5627410.3965173 5951360.0000000 0.0544329
0.03 211 2 5627410.3965173 5951360.0000000 0.0544329
0.03 212 2 5627410.3965173 5951360.0000000 0.0544329
0.03 213 2 5627411.2495470 5951360.0000000 0.0544327
0.03 214 2 5627411.2495470 5951360.0000000 0.0544327
0.03 215 2 5627411.2495470 5951360.0000000 0.0544327
0.03 216 2 5627411.2495470 5951360.0000000 0.0544327
0.03 217 2 5627411.2495470 5951360.0000000 0.0544327
0.03 218 2 5627411.2495470 5951360.0000000 0.0544327
0.03 219 2 5627411.2495470 5951360.0000000 0.0544327
0.03 220 2 5627411.2495470 5951360.0000000 0.0544327
0.03 221 2 5627413.3672496 5951360.0000000 0.0544324
0.03 222 1 5627413.3672496 5951360.0000000 0.0544324
0.03 223 1 5627413.3672495 5951360.0000000 0.0544324
0.03 224 1 5627413.3672496 5951360.0000000 0.0544324
0.03 225 1 5627413.3672496 5951360.0000000 0.0544324
0.03 226 1 5627413.3672496 5951360.0000000 0.0544324
0.03 227 1 5627413.3672496 5951360.0000000 0.0544324
0.03 228 1 5627413.3672495 5951360.0000000 0.0544324
0.03 229 1 5627413.3672496 5951360.0000000 0.0544324
0.03 230 1 5627413.3672496 5951360.0000000 0.0544324
0.03 231 1 5627413.3672496 5951360.0000000 0.0544324
0.03 232 1 5627413.3672496 5951360.0000000 0.0544324
0.03 233 1 5627413.3672495 5951360.0000000 0.0544324
0.03 234 1 5627413.3672495 5951360.0000000 0.0544324
0.03 235 1 5627413.3672496 5951360.0000000 0.0544324
0.03 236 1 5627413.3672496 5951360.0000000 0.0544324
0.03 237 1 5627413.3672495 5951360.0000000 0.0544324
0.03 238 1 5627413.3672496 5951360.0000000 0.0544324
0.03 239 1 5627413.3672496 5951360.0000000 0.0544324
0.03 240 1 5627413.3672495 5951360.0000000 0.0544324
0.03 241 1 5627413.3672496 5951360.0000000 0.0544324
0.03 242 1 5627413.3672496 5951360.0000000 0.0544324
0.03 243 1 5627413.3672496 5951360.0000000 0.0544324
0.03 244 1 5627413.3672496 5951360.0000000 0.0544324
0.03 245 1 5627413.3672496 5951360.0000000 0.0544324
0.03 246 1 5627413.3672496 5951360.0000000 0.0544324
0.03 247 1 5627413.3672496 5951360.0000000 0.0544324
0.03 248 1 5627413.3672496 5951360.0000000 0.0544324
0.03 249 1 5627413.3672496 5951360.0000000 0.0544324
0.03 250 1 5627413.3672496 5951360.0000000 0.0544324
0.03 251 1 5627413.3672496 5951360.0000000 0.0544324
0.03 252 1 5627413.3672496 5951360.0000000 0.0544324
0.03 253 1 5627413.3672496 5951360.0000000 0.0544324
0.03 254 1 5627413.3672495 5951360.0000000 0.0544324
0.03 255 1 5627413.3672495 5951360.0000000 0.0544324
0.03 256 1 5627413.3672496 5951360.0000000 0.0544324
0.03 257 1 5627413.3672495 5951360.0000000 0.0544324
0.03 258 1 5627413.3672496 5951360.0000000 0.0544324
0.03 259 1 5627413.3672495 5951360.0000000 0.0544324
0.03 260 1 5627413.3672496 5951360.0000000 0.0544324
0.03 261 1 5627413.3672495 5951360.0000000 0.0544324
0.03 262 1 5627413.3672495 5951360.0000000 0.0544324
0.03 263 1 5627413.3672496 5951360.0000000 0.0544324
0.03 264 1 5627413.3672496 5951360.0000000 0.0544324
0.03 265 1 5627413.3672496 5951360.0000000 0.0544324
0.03 266 1 5627413.3672496 5951360.0000000 0.0544324
0.03 267 1 5627413.3672496 5951360.0000000 0.0544324
0.03 268 1 5627413.3672496 5951360.0000000 0.0544324
0.03 269 1 5627413.3672496 5951360.0000000 0.0544324
0.03 270 1 5627413.3672496 5951360.0000000 0.0544324
0.03 271 1 5627413.3672496 5951360.0000000 0.0544324
0.03 272 1 5627413.3672496 5951360.0000000 0.0544324
0.03 273 1 5627413.3672496 5951360.0000000 0.0544324
0.03 274 1 5627413.3672496 5951360.0000000 0.0544324
0.03 275 1 5627413.3672496 5951360.0000000 0.0544324
0.03 276 1 5627413.3672495 5951360.0000000 0.0544324
0.03 277 1 5627419.5543346 5951360.0000000 0.0544313
0.03 278 1 5627419.5543346 5951360.0000000 0.0544313
0.03 279 1 5627419.5543346 5951360.0000000 0.0544313
0.03 280 1 5627419.5543346 5951360.0000000 0.0544313
0.03 281 1 5627419.5543346 5951360.0000000 0.0544313
0.03 282 1 5627419.5543346 5951360.0000000 0.0544313
0.03 283 1 5627419.5543345 5951360.0000000 0.0544313
0.03 284 1 5627419.5543346 5951360.0000000 0.0544313
0.03 285 1 5627419.5543346 5951360.0000000 0.0544313
0.03 286 1 5627419.5543346 5951360.0000000 0.0544313
0.03 287 1 5627419.5543346 5951360.0000000 0.0544313
0.03 288 1 5627419.5543346 5951360.0000000 0.0544313
0.03 289 1 5627419.5543346 5951360.0000000 0.0544313
0.03 290 1 5627419.5543346 5951360.0000000 0.0544313
0.03 291 1 5627419.5543346 5951360.0000000 0.0544313
0.03 292 1 5627419.5543346 5951360.0000000 0.0544313
0.03 293 1 5627419.5543345 5951360.0000000 0.0544313
0.03 294 1 5627419.5543346 5951360.0000000 0.0544313
0.03 295 1 5627419.5543345 5951360.0000000 0.0544313
0.03 296 1 5627419.5543345 5951360.0000000 0.0544313
0.03 297 1 5627419.5543346 5951360.0000000 0.0544313
0.03 298 1 5627419.5543346 5951360.0000000 0.0544313
0.03 299 1 5627419.5543346 5951360.0000000 0.0544313
0.03 300 1 5627419.5543346 5951360.0000000 0.0544313
0.03 301 1 5627419.5543346 5951360.0000000 0.0544313
0.03 302 1 5627419.5543345 5951360.0000000 0.0544313
0.03 303 1 5627419.7249910 5951360.0000000 0.0544313
0.03 304 1 5627420.5715612 5951360.0000000 0.0544312
0.03 305 2 5627420.5715612 5951360.0000000 0.0544312
0.03 306 2 5627420.5715612 5951360.0000000 0.0544312
0.03 307 2 5627420.5715613 5951360.0000000 0.0544312
0.03 308 2 5627420.6723691 5951360.0000000 0.0544311
0.03 309 2 5627420.6723691 5951360.0000000 0.0544311
0.03 310 2 5627422.4387602 5951360.0000000 0.0544308
0.03 311 2 5627424.5244500 5951360.0000000 0.0544305
0.03 312 2 5627424.6568397 5951360.0000000 0.0544305
0.03 313 2 5627424.6568397 5951360.0000000 0.0544305
0.03 314 2 5627424.6568397 5951360.0000000 0.0544305
0.03 315 2 5627424.6568397 5951360.0000000 0.0544305
0.03 316 2 5627425.5662371 5951360.0000000 0.0544303
0.03 317 2 5627430.4167248 5951360.0000000 0.0544295
0.03 318 1 5627430.4167248 5951360.0000000 0.0544295
0.03 319 1 5627430.4167248 5951360.0000000 0.0544295
0.03 320 1 5627430.4167248 5951360.0000000 0.0544295
0.03 321 1 5627430.4167248 5951360.0000000 0.0544295
0.03 322 1 5627430.4167248 5951360.0000000 0.0544295
0.03 323 1 5627430.4167248 5951360.0000000 0.0544295
0.03 324 1 5627430.4167248 5951360.0000000 0.0544295
0.03 325 1 5627430.4167248 5951360.0000000 0.0544295
0.03 326 1 5627430.4167248 5951360.0000000 0.0544295
0.03 327 1 5627430.4167248 5951360.0000000 0.0544295
0.03 328 1 5627430.4167248 5951360.0000000 0.0544295
0.03 329 1 5627430.5007598 5951360.0000000 0.0544295
0.03 330 1 5627433.1183693 5951360.0000000 0.0544291
0.03 331 1 5627433.1183693 5951360.0000000 0.0544291
0.03 332 1 5627433.1183693 5951360.0000000 0.0544291
0.03 333 1 5627433.1183693 5951360.0000000 0.0544291
0.03 334 1 5627433.1183693 5951360.0000000 0.0544291
0.03 335 1 5627433.1183693 5951360.0000000 0.0544291
0.03 336 1 5627433.1183693 5951360.0000000 0.0544291
0.03 337 1 5627433.1183693 5951360.0000000 0.0544291
0.03 338 1 5627433.1183693 5951360.0000000 0.0544291
0.03 339 1 5627433.1183693 5951360.0000000 0.0544291
0.03 340 1 5627433.1183693 5951360.0000000 0.0544291
0.03 341 1 5627433.1183693 5951360.0000000 0.0544291
0.03 342 1 5627433.1183693 5951360.0000000 0.0544291
0.03 343 1 5627433.1183693 5951360.0000000 0.0544291
0.03 344 1 5627433.1183693 5951360.0000000 0.0544291
0.03 345 1 5627433.1183693 5951360.0000000 0.0544291
0.03 346 1 5627433.1183693 5951360.0000000 0.0544291
0.03 347 1 5627433.1183693 5951360.0000000 0.0544291
0.03 348 1 5627433.1183693 5951360.0000000 0.0544291
0.03 349 1 5627433.1183693 5951360.0000000 0.0544291
0.03 350 1 5627433.1183693 5951360.0000000 0.0544291
0.03 351 1 5627433.1183693 5951360.0000000 0.0544291
0.03 352 1 5627433.1183693 5951360.0000000 0.0544291
0.03 353 1 5627433.1183693 5951360.0000000 0.0544291
0.03 354 1 5627433.1183693 5951360.0000000 0.0544291
0.03 355 1 5627433.1183693 5951360.0000000 0.0544291
0.03 356 1 5627433.1183693 5951360.0000000 0.0544291
0.03 357 1 5627436.5737652 5951360.0000000 0.0544285
0.03 358 1 5627436.5737652 5951360.0000000 0.0544285
0.03 359 1 5627436.5737653 5951360.0000000 0.0544285
0.03 360 1 5627436.5737653 5951360.0000000 0.0544285
0.03 361 1 5627436.5737653 5951360.0000000 0.0544285
0.03 362 1 5627436.5737653 5951360.0000000 0.0544285
0.03 363 1 5627437.4668602 5951360.0000000 0.0544283
0.03 364 1 5627437.4668602 5951360.0000000 0.0544283
0.03 365 1 5627437.4668602 5951360.0000000 0.0544283
0.03 366 1 5627437.4668602 5951360.0000000 0.0544283
0.03 367 1 5627437.4668603 5951360.0000000 0.0544283
0.03 368 1 5627438.8079973 5951360.0000000 0.0544281
