0.34 0 0 3983951.2246063 4153700.0000000 0.0408669
0.01 1 15 3985478.9712438 4153700.0000000 0.0404991
0.01 2 12 3986060.3083875 4153700.0000000 0.0403591
0.01 3 15 3988319.0841256 4153700.0000000 0.0398153
0.01 4 15 3990012.5059917 4153700.0000000 0.0394076
0.01 5 13 3990446.7837696 4153700.0000000 0.0393031
0.01 6 13 3991060.9891120 4153700.0000000 0.0391552
0.01 7 8 3991132.2223968 4153700.0000000 0.0391381
0.01 8 8 3991326.4535320 4153700.0000000 0.0390913
0.01 9 6 3991792.8721571 4153700.0000000 0.0389790
0.01 10 9 3991907.4043920 4153700.0000000 0.0389514
0.01 11 12 3992008.3126598 4153700.0000000 0.0389271
0.01 12 6 3992061.7053390 4153700.0000000 0.0389143
0.01 13 7 3992132.6643120 4153700.0000000 0.0388972
0.01 14 5 3992177.9332671 4153700.0000000 0.0388863
0.01 15 4 3992215.8563352 4153700.0000000 0.0388772
0.01 16 4 3992215.8563352 4153700.0000000 0.0388772
0.01 17 4 3992215.8563352 4153700.0000000 0.0388772
0.01 18 4 3992215.8563352 4153700.0000000 0.0388772
0.01 19 4 3992215.8563352 4153700.0000000 0.0388772
0.01 20 4 3992215.8563352 4153700.0000000 0.0388772
0.01 21 4 3992215.8563352 4153700.0000000 0.0388772
0.01 22 4 3992215.8563352 4153700.0000000 0.0388772
0.01 23 4 3992215.8563352 4153700.0000000 0.0388772
0.01 24 4 3992215.8563352 4153700.0000000 0.0388772
0.01 25 4 3992215.8563352 4153700.0000000 0.0388772
0.01 26 4 3992215.8563352 4153700.0000000 0.0388772
0.01 27 4 3992215.8563352 4153700.0000000 0.0388772
0.01 28 4 3992218.4552605 4153700.0000000 0.0388766
0.01 29 6 3992604.3526335 4153700.0000000 0.0387837
0.01 30 6 3992650.5971440 4153700.0000000 0.0387725
0.01 31 6 3992662.4356174 4153700.0000000 0.0387697
0.01 32 5 3992730.3355304 4153700.0000000 0.0387533
0.01 33 3 3992730.3355304 4153700.0000000 0.0387533
0.01 34 3 3992730.3355304 4153700.0000000 0.0387533
0.01 35 3 3992730.3355304 4153700.0000000 0.0387533
0.01 36 3 3992740.6553971 4153700.0000000 0.0387508
0.01 37 3 3992740.6553971 4153700.0000000 0.0387508
0.01 38 3 3992740.6553971 4153700.0000000 0.0387508
0.01 39 3 3992740.6553971 4153700.0000000 0.0387508
0.01 40 3 3992762.1509326 4153700.0000000 0.0387457
0.01 41 4 3992762.1509326 4153700.0000000 0.0387457
0.01 42 4 3992770.2170971 4153700.0000000 0.0387437
0.01 43 3 3992770.2170971 4153700.0000000 0.0387437
0.01 44 3 3992770.2170971 4153700.0000000 0.0387437
0.01 45 3 3992770.2170971 4153700.0000000 0.0387437
0.01 46 3 3992770.2170971 4153700.0000000 0.0387437
0.01 47 3 3992770.2170971 4153700.0000000 0.0387437
0.01 48 3 3992770.2170971 4153700.0000000 0.0387437
0.01 49 3 3992773.8429426 4153700.0000000 0.0387428
0.01 50 2 3992773.8429426 4153700.0000000 0.0387428
0.01 51 2 3992773.8429426 4153700.0000000 0.0387428
0.01 52 2 3992773.8429426 4153700.0000000 0.0387428
0.01 53 2 3992773.8429426 4153700.0000000 0.0387428
0.01 54 2 3992773.8429426 4153700.0000000 0.0387428
0.01 55 2 3992773.8429426 4153700.0000000 0.0387428
0.01 56 2 3992773.8429426 4153700.0000000 0.0387428
0.01 57 2 3992773.8429426 4153700.0000000 0.0387428
0.01 58 2 3992773.8429426 4153700.0000000 0.0387428
0.01 59 2 3992773.8429426 4153700.0000000 0.0387428
0.01 60 2 3992773.8429426 4153700.0000000 0.0387428
0.01 61 2 3992773.8429426 4153700.0000000 0.0387428
0.01 62 2 3992773.8429426 4153700.0000000 0.0387428
0.01 63 2 3992773.8429426 4153700.0000000 0.0387428
0.01 64 2 3992773.8429426 4153700.0000000 0.0387428
0.01 65 2 3992773.8429426 4153700.0000000 0.0387428
0.01 66 2 3992773.8429426 4153700.0000000 0.0387428
0.01 67 2 3992773.8429426 4153700.0000000 0.0387428
0.01 68 2 3992773.8429426 4153700.0000000 0.0387428
0.01 69 2 3992773.8429426 4153700.0000000 0.0387428
0.01 70 2 3992773.8429426 4153700.0000000 0.0387428
0.01 71 2 3992773.8429426 4153700.0000000 0.0387428
0.01 72 2 3992773.8429426 4153700.0000000 0.0387428
0.01 73 2 3992773.8429426 4153700.0000000 0.0387428
0.01 74 2 3992773.8429426 4153700.0000000 0.0387428
0.01 75 2 3992773.8429426 4153700.0000000 0.0387428
0.01 76 2 3992773.8429426 4153700.0000000 0.0387428
0.01 77 2 3992773.8429426 4153700.0000000 0.0387428
0.01 78 2 3992773.8429426 4153700.0000000 0.0387428
0.01 79 2 3992773.8429426 4153700.0000000 0.0387428
0.01 80 2 3992773.8429426 4153700.0000000 0.0387428
0.01 81 2 3992773.8429426 4153700.0000000 0.0387428
0.01 82 2 3992773.8429426 4153700.0000000 0.0387428
0.01 83 2 3992773.8429426 4153700.0000000 0.0387428
0.01 84 2 3992773.8429426 4153700.0000000 0.0387428
0.01 85 2 3992773.8429426 4153700.0000000 0.0387428
0.01 86 2 3992773.8429426 4153700.0000000 0.0387428
0.01 87 2 3992773.8429426 4153700.0000000 0.0387428
0.01 88 2 3992773.8429426 4153700.0000000 0.0387428
0.01 89 2 3992773.8429426 4153700.0000000 0.0387428
0.01 90 2 3992773.8429426 4153700.0000000 0.0387428
0.01 91 2 3992773.8429426 4153700.0000000 0.0387428
0.01 92 2 3992773.8429426 4153700.0000000 0.0387428
0.01 93 2 3992773.8429426 4153700.0000000 0.0387428
0.01 94 2 3992773.8429426 4153700.0000000 0.0387428
0.01 95 2 3992773.8429426 4153700.0000000 0.0387428
0.01 96 2 3992773.8429426 4153700.0000000 0.0387428
0.01 97 2 3992773.8429426 4153700.0000000 0.0387428
0.01 98 2 3992773.8429426 4153700.0000000 0.0387428
0.01 99 2 3992773.8429426 4153700.0000000 0.0387428
0.01 100 2 3992773.8429426 4153700.0000000 0.0387428
0.01 101 2 3992773.8429426 4153700.0000000 0.0387428
0.01 102 2 3992773.8429426 4153700.0000000 0.0387428
0.01 103 2 3992773.8429426 4153700.0000000 0.0387428
0.01 104 2 3992773.8429426 4153700.0000000 0.0387428
0.01 105 2 3992773.8429425 4153700.0000000 0.0387428
0.01 106 2 3992773.8429426 4153700.0000000 0.0387428
0.01 107 2 3992773.8429426 4153700.0000000 0.0387428
0.01 108 2 3992773.8429426 4153700.0000000 0.0387428
0.01 109 2 3992773.8429426 4153700.0000000 0.0387428
0.01 110 2 3992773.8429426 4153700.0000000 0.0387428
0.01 111 2 3992773.8429426 4153700.0000000 0.0387428
0.01 112 2 3992789.8527560 4153700.0000000 0.0387390
0.01 113 3 3992789.8527560 4153700.0000000 0.0387390
0.01 114 3 3992789.8527560 4153700.0000000 0.0387390
0.01 115 3 3992789.8527560 4153700.0000000 0.0387390
0.01 116 3 3992795.7797590 4153700.0000000 0.0387376
0.01 117 2 3992795.7797590 4153700.0000000 0.0387376
0.01 118 2 3992795.7797590 4153700.0000000 0.0387376
0.01 119 2 3992795.7797590 4153700.0000000 0.0387376
0.01 120 2 3992795.7797590 4153700.0000000 0.0387376
0.01 121 2 3992795.7797590 4153700.0000000 0.0387376
0.01 122 2 3992795.7797590 4153700.0000000 0.0387376
0.01 123 2 3992795.7797590 4153700.0000000 0.0387376
0.01 124 2 3992795.7797590 4153700.0000000 0.0387376
0.01 125 2 3992795.7797590 4153700.0000000 0.0387376
0.01 126 2 3992795.7797590 4153700.0000000 0.0387376
0.01 127 2 3992795.7797590 4153700.0000000 0.0387376
0.01 128 2 3992795.7797590 4153700.0000000 0.0387376
0.01 129 2 3992795.7797590 4153700.0000000 0.0387376
0.01 130 2 3992795.7797590 4153700.0000000 0.0387376
0.01 131 2 3992795.7797590 4153700.0000000 0.0387376
0.01 132 2 3992795.7797590 4153700.0000000 0.0387376
0.01 133 2 3992795.7797590 4153700.0000000 0.0387376
0.01 134 2 3992795.7797590 4153700.0000000 0.0387376
0.01 135 2 3992795.7797590 4153700.0000000 0.0387376
0.01 136 2 3992795.7797590 4153700.0000000 0.0387376
0.01 137 2 3992795.7797590 4153700.0000000 0.0387376
0.01 138 2 3992795.7797590 4153700.0000000 0.0387376
0.01 139 2 3992795.7797590 4153700.0000000 0.0387376
0.01 140 2 3992795.7797590 4153700.0000000 0.0387376
0.01 141 2 3992795.7797590 4153700.0000000 0.0387376
0.01 142 2 3992795.7797590 4153700.0000000 0.0387376
0.01 143 2 3992795.7797590 4153700.0000000 0.0387376
0.01 144 2 3992795.7797590 4153700.0000000 0.0387376
0.01 145 2 3992795.7797590 4153700.0000000 0.0387376
0.01 146 2 3992795.7797590 4153700.0000000 0.0387376
0.01 147 2 3992795.7797590 4153700.0000000 0.0387376
0.01 148 2 3992795.7797590 4153700.0000000 0.0387376
0.01 149 2 3992795.7797590 4153700.0000000 0.0387376
0.01 150 2 3992795.7797590 4153700.0000000 0.0387376
0.01 151 2 3992795.7797590 4153700.0000000 0.0387376
0.01 152 2 3992795.7797590 4153700.0000000 0.0387376
0.01 153 2 3992795.7797590 4153700.0000000 0.0387376
0.01 154 2 3992795.7797590 4153700.0000000 0.0387376
0.01 155 2 3992795.7797590 4153700.0000000 0.0387376
0.01 156 2 3992795.7797590 4153700.0000000 0.0387376
0.01 157 2 3992795.7797590 4153700.0000000 0.0387376
0.01 158 2 3992795.7797590 4153700.0000000 0.0387376
0.01 159 2 3992795.7797590 4153700.0000000 0.0387376
0.01 160 2 3992795.7797590 4153700.0000000 0.0387376
0.01 161 2 3992795.7797590 4153700.0000000 0.0387376
0.01 162 2 3992795.7797590 4153700.0000000 0.0387376
0.01 163 2 3992795.7797589 4153700.0000000 0.0387376
0.01 164 2 3992795.7797590 4153700.0000000 0.0387376
0.01 165 2 3992795.7797590 4153700.0000000 0.0387376
0.01 166 2 3992795.7797590 4153700.0000000 0.0387376
0.01 167 2 3992795.7797590 4153700.0000000 0.0387376
0.01 168 2 3992795.7797590 4153700.0000000 0.0387376
0.01 169 2 3992795.7797590 4153700.0000000 0.0387376
0.01 170 2 3992795.7797590 4153700.0000000 0.0387376
0.01 171 2 3992795.7797590 4153700.0000000 0.0387376
0.01 172 2 3992795.7797590 4153700.0000000 0.0387376
0.01 173 2 3992795.7797590 4153700.0000000 0.0387376
0.01 174 2 3992795.7797590 4153700.0000000 0.0387376
0.01 175 2 3992795.7797590 4153700.0000000 0.0387376
0.01 176 2 3992795.7797590 4153700.0000000 0.0387376
0.01 177 2 3992795.7797590 4153700.0000000 0.0387376
0.01 178 2 3992795.7797590 4153700.0000000 0.0387376
0.01 179 2 3992795.7797590 4153700.0000000 0.0387376
0.01 180 2 3992795.7797590 4153700.0000000 0.0387376
0.01 181 2 3992795.7797590 4153700.0000000 0.0387376
0.01 182 2 3992795.7797590 4153700.0000000 0.0387376
0.01 183 2 3992795.7797590 4153700.0000000 0.0387376
0.01 184 2 3992795.7797590 4153700.0000000 0.0387376
0.01 185 2 3992795.7797590 4153700.0000000 0.0387376
0.01 186 2 3992795.7797590 4153700.0000000 0.0387376
0.01 187 2 3992795.7797590 4153700.0000000 0.0387376
0.01 188 2 3992795.7797590 4153700.0000000 0.0387376
0.01 189 2 3992795.7797590 4153700.0000000 0.0387376
0.01 190 2 3992795.7797590 4153700.0000000 0.0387376
0.01 191 2 3992795.7797590 4153700.0000000 0.0387376
0.01 192 2 3992795.7797590 4153700.0000000 0.0387376
0.01 193 2 3992795.7797590 4153700.0000000 0.0387376
0.01 194 2 3992795.7797590 4153700.0000000 0.0387376
0.01 195 2 3992795.7797590 4153700.0000000 0.0387376
0.01 196 2 3992795.7797590 4153700.0000000 0.0387376
0.01 197 2 3992795.7797590 4153700.0000000 0.0387376
0.01 198 2 3992795.7797590 4153700.0000000 0.0387376
0.01 199 2 3992795.7797590 4153700.0000000 0.0387376
0.01 200 2 3992795.7797590 4153700.0000000 0.0387376
0.01 201 2 3992795.7797590 4153700.0000000 0.0387376
0.01 202 2 3992795.7797590 4153700.0000000 0.0387376
0.01 203 2 3992795.7797590 4153700.0000000 0.0387376
0.01 204 2 3992795.8151591 4153700.0000000 0.0387376
0.01 205 2 3992795.8151591 4153700.0000000 0.0387376
0.01 206 2 3992795.8151590 4153700.0000000 0.0387376
0.01 207 2 3992795.8151591 4153700.0000000 0.0387376
0.01 208 2 3992796.9993885 4153700.0000000 0.0387373
0.01 209 2 3992796.9993885 4153700.0000000 0.0387373
0.01 210 2 3992796.9993886 4153700.0000000 0.0387373
0.01 211 2 3992796.9993885 4153700.0000000 0.0387373
0.01 212 2 3992802.4233894 4153700.0000000 0.0387360
0.01 213 2 3992802.4233894 4153700.0000000 0.0387360
0.01 214 2 3992802.4233894 4153700.0000000 0.0387360
0.01 215 2 3992802.4233894 4153700.0000000 0.0387360
0.01 216 2 3992802.4233894 4153700.0000000 0.0387360
0.01 217 2 3992802.4233894 4153700.0000000 0.0387360
0.01 218 2 3992802.4233894 4153700.0000000 0.0387360
0.01 219 2 3992802.4233894 4153700.0000000 0.0387360
0.01 220 2 3992802.4233894 4153700.0000000 0.0387360
0.01 221 2 3992802.4233894 4153700.0000000 0.0387360
0.01 222 2 3992802.4233894 4153700.0000000 0.0387360
0.01 223 2 3992803.4194785 4153700.0000000 0.0387357
0.01 224 2 3992803.4194785 4153700.0000000 0.0387357
0.01 225 2 3992803.4194785 4153700.0000000 0.0387357
0.01 226 2 3992803.4194785 4153700.0000000 0.0387357
0.01 227 2 3992803.4194785 4153700.0000000 0.0387357
0.01 228 2 3992803.4194785 4153700.0000000 0.0387357
0.01 229 2 3992806.6694423 4153700.0000000 0.0387349
0.01 230 2 3992806.6694423 4153700.0000000 0.0387349
0.01 231 2 3992806.6694423 4153700.0000000 0.0387349
0.01 232 2 3992806.6694423 4153700.0000000 0.0387349
0.01 233 2 3992806.6694423 4153700.0000000 0.0387349
0.01 234 2 3992807.9596856 4153700.0000000 0.0387346
0.01 235 2 3992808.4599560 4153700.0000000 0.0387345
0.01 236 2 3992809.5872302 4153700.0000000 0.0387342
0.01 237 3 3992810.9077645 4153700.0000000 0.0387339
0.01 238 2 3992811.2702448 4153700.0000000 0.0387338
0.01 239 2 3992811.2702447 4153700.0000000 0.0387338
0.01 240 2 3992811.2702447 4153700.0000000 0.0387338
0.01 241 2 3992811.2702448 4153700.0000000 0.0387338
0.01 242 2 3992812.1112787 4153700.0000000 0.0387336
0.01 243 2 3992812.1112788 4153700.0000000 0.0387336
0.01 244 2 3992814.0623201 4153700.0000000 0.0387332
0.01 245 2 3992814.0623201 4153700.0000000 0.0387332
0.01 246 2 3992814.0623201 4153700.0000000 0.0387332
0.01 247 2 3992814.0623201 4153700.0000000 0.0387332
0.01 248 2 3992814.0623201 4153700.0000000 0.0387332
0.01 249 2 3992814.0623202 4153700.0000000 0.0387332
0.01 250 2 3992814.0623201 4153700.0000000 0.0387332
0.01 251 2 3992814.0623201 4153700.0000000 0.0387332
0.01 252 2 3992814.0623201 4153700.0000000 0.0387332
0.01 253 2 3992814.0623201 4153700.0000000 0.0387332
0.01 254 2 3992814.0623201 4153700.0000000 0.0387332
0.01 255 2 3992814.0623201 4153700.0000000 0.0387332
0.01 256 2 3992814.3400488 4153700.0000000 0.0387331
0.01 257 2 3992814.3400488 4153700.0000000 0.0387331
0.01 258 2 3992814.7875150 4153700.0000000 0.0387330
0.01 259 2 3992814.7875150 4153700.0000000 0.0387330
0.01 260 2 3992815.2928651 4153700.0000000 0.0387329
0.01 261 2 3992816.6377715 4153700.0000000 0.0387325
0.01 262 2 3992816.6377716 4153700.0000000 0.0387325
0.01 263 2 3992817.6097387 4153700.0000000 0.0387323
0.01 264 2 3992817.6097387 4153700.0000000 0.0387323
0.01 265 2 3992817.6097387 4153700.0000000 0.0387323
0.01 266 2 3992817.6097387 4153700.0000000 0.0387323
0.01 267 2 3992817.6097387 4153700.0000000 0.0387323
0.01 268 2 3992817.6097387 4153700.0000000 0.0387323
0.01 269 2 3992818.1540270 4153700.0000000 0.0387322
0.01 270 2 3992818.1540270 4153700.0000000 0.0387322
0.01 271 2 3992818.1540270 4153700.0000000 0.0387322
0.01 272 2 3992818.1540270 4153700.0000000 0.0387322
0.01 273 2 3992818.6550607 4153700.0000000 0.0387321
0.01 274 2 3992818.9741184 4153700.0000000 0.0387320
0.01 275 2 3992818.9741184 4153700.0000000 0.0387320
0.01 276 2 3992818.9741184 4153700.0000000 0.0387320
0.01 277 2 3992818.9741184 4153700.0000000 0.0387320
0.01 278 2 3992818.9741184 4153700.0000000 0.0387320
0.01 279 2 3992818.9741184 4153700.0000000 0.0387320
0.01 280 2 3992818.9741184 4153700.0000000 0.0387320
0.01 281 2 3992818.9741184 4153700.0000000 0.0387320
0.01 282 2 3992819.2973804 4153700.0000000 0.0387319
0.01 283 2 3992819.2973803 4153700.0000000 0.0387319
0.01 284 2 3992819.9285927 4153700.0000000 0.0387318
0.01 285 2 3992820.3994339 4153700.0000000 0.0387316
0.01 286 2 3992820.3994339 4153700.0000000 0.0387316
0.01 287 2 3992820.3994339 4153700.0000000 0.0387316
0.01 288 2 3992820.3994339 4153700.0000000 0.0387316
0.01 289 2 3992820.3994339 4153700.0000000 0.0387316
0.01 290 2 3992820.3994339 4153700.0000000 0.0387316
0.01 291 2 3992820.3994339 4153700.0000000 0.0387316
0.01 292 2 3992820.3994339 4153700.0000000 0.0387316
0.01 293 2 3992820.3994339 4153700.0000000 0.0387316
0.01 294 2 3992820.3994339 4153700.0000000 0.0387316
0.01 295 2 3992820.3994339 4153700.0000000 0.0387316
0.01 296 2 3992820.3994339 4153700.0000000 0.0387316
0.01 297 2 3992820.3994339 4153700.0000000 0.0387316
0.01 298 2 3992821.1023762 4153700.0000000 0.0387315
0.01 299 2 3992821.1023762 4153700.0000000 0.0387315
0.01 300 2 3992821.1023762 4153700.0000000 0.0387315
0.01 301 2 3992821.1023762 4153700.0000000 0.0387315
0.01 302 2 3992821.1023762 4153700.0000000 0.0387315
0.01 303 2 3992821.1023762 4153700.0000000 0.0387315
0.01 304 2 3992821.1023762 4153700.0000000 0.0387315
0.01 305 2 3992821.1023762 4153700.0000000 0.0387315
0.01 306 2 3992821.1023762 4153700.0000000 0.0387315
0.01 307 2 3992821.1023762 4153700.0000000 0.0387315
0.01 308 2 3992821.4562533 4153700.0000000 0.0387314
0.01 309 2 3992821.4562533 4153700.0000000 0.0387314
0.01 310 2 3992821.4562533 4153700.0000000 0.0387314
0.01 311 2 3992821.4562533 4153700.0000000 0.0387314
0.01 312 2 3992822.4672859 4153700.0000000 0.0387311
0.01 313 2 3992822.4672859 4153700.0000000 0.0387311
0.01 314 2 3992822.4672859 4153700.0000000 0.0387311
0.01 315 2 3992828.9218068 4153700.0000000 0.0387296
0.01 316 3 3992828.9218069 4153700.0000000 0.0387296
0.01 317 3 3992831.8839407 4153700.0000000 0.0387289
0.01 318 3 3992831.8839407 4153700.0000000 0.0387289
0.01 319 3 3992835.5936263 4153700.0000000 0.0387280
0.01 320 2 3992835.5936263 4153700.0000000 0.0387280
0.01 321 2 3992835.5936263 4153700.0000000 0.0387280
0.01 322 2 3992835.5936263 4153700.0000000 0.0387280
0.01 323 2 3992835.5936263 4153700.0000000 0.0387280
0.01 324 2 3992835.5936263 4153700.0000000 0.0387280
0.01 325 2 3992836.0582423 4153700.0000000 0.0387279
0.01 326 2 3992836.0582423 4153700.0000000 0.0387279
0.01 327 2 3992836.0582423 4153700.0000000 0.0387279
0.01 328 2 3992836.0582423 4153700.0000000 0.0387279
0.01 329 2 3992836.0582424 4153700.0000000 0.0387279
0.01 330 2 3992836.6991696 4153700.0000000 0.0387277
0.01 331 2 3992836.6991696 4153700.0000000 0.0387277
0.01 332 2 3992836.6991696 4153700.0000000 0.0387277
0.01 333 2 3992836.6991696 4153700.0000000 0.0387277
0.01 334 2 3992836.6991696 4153700.0000000 0.0387277
0.01 335 2 3992836.6991696 4153700.0000000 0.0387277
0.01 336 2 3992836.6991696 4153700.0000000 0.0387277
0.01 337 2 3992836.6991696 4153700.0000000 0.0387277
0.01 338 2 3992837.2948810 4153700.0000000 0.0387276
0.01 339 2 3992837.2948810 4153700.0000000 0.0387276
0.01 340 2 3992837.2948810 4153700.0000000 0.0387276
0.01 341 2 3992837.2948810 4153700.0000000 0.0387276
0.01 342 2 3992837.2948810 4153700.0000000 0.0387276
0.01 343 2 3992837.2948810 4153700.0000000 0.0387276
0.01 344 2 3992837.2948810 4153700.0000000 0.0387276
0.01 345 2 3992837.2948810 4153700.0000000 0.0387276
0.01 346 2 3992837.8944151 4153700.0000000 0.0387274
0.01 347 2 3992837.8944151 4153700.0000000 0.0387274
0.01 348 2 3992837.8944151 4153700.0000000 0.0387274
0.01 349 2 3992837.8944151 4153700.0000000 0.0387274
0.01 350 2 3992839.0748255 4153700.0000000 0.0387271
0.01 351 2 3992839.0748255 4153700.0000000 0.0387271
0.01 352 2 3992839.0748255 4153700.0000000 0.0387271
0.01 353 2 3992839.0748255 4153700.0000000 0.0387271
0.01 354 2 3992839.0748255 4153700.0000000 0.0387271
0.01 355 2 3992839.0748255 4153700.0000000 0.0387271
0.01 356 2 3992839.0748255 4153700.0000000 0.0387271
0.01 357 2 3992839.0748255 4153700.0000000 0.0387271
0.01 358 2 3992839.0748255 4153700.0000000 0.0387271
0.01 359 2 3992839.0748255 4153700.0000000 0.0387271
0.01 360 2 3992839.0748255 4153700.0000000 0.0387271
0.01 361 2 3992839.0748255 4153700.0000000 0.0387271
0.01 362 2 3992840.7869081 4153700.0000000 0.0387267
0.01 363 2 3992841.4218027 4153700.0000000 0.0387266
0.01 364 2 3992841.4218027 4153700.0000000 0.0387266
0.01 365 2 3992841.4218027 4153700.0000000 0.0387266
0.01 366 2 3992841.4218027 4153700.0000000 0.0387266
0.01 367 2 3992841.4218027 4153700.0000000 0.0387266
0.01 368 2 3992841.4218027 4153700.0000000 0.0387266
0.01 369 2 3992841.4218027 4153700.0000000 0.0387266
0.01 370 2 3992841.4218027 4153700.0000000 0.0387266
0.01 371 2 3992842.4413375 4153700.0000000 0.0387263
0.01 372 3 3992842.4413375 4153700.0000000 0.0387263
0.01 373 3 3992843.6003004 4153700.0000000 0.0387261
0.01 374 2 3992843.6003004 4153700.0000000 0.0387261
0.01 375 2 3992843.6003004 4153700.0000000 0.0387261
0.01 376 2 3992843.6003004 4153700.0000000 0.0387261
0.01 377 2 3992843.6003004 4153700.0000000 0.0387261
0.01 378 2 3992843.6003004 4153700.0000000 0.0387261
0.01 379 2 3992844.0494864 4153700.0000000 0.0387259
0.01 380 2 3992844.0494864 4153700.0000000 0.0387259
0.01 381 2 3992844.0494864 4153700.0000000 0.0387259
0.01 382 2 3992844.0494864 4153700.0000000 0.0387259
0.01 383 2 3992844.0494864 4153700.0000000 0.0387259
0.01 384 2 3992844.0494864 4153700.0000000 0.0387259
0.01 385 2 3992844.0494863 4153700.0000000 0.0387259
0.01 386 2 3992844.0494864 4153700.0000000 0.0387259
0.01 387 2 3992844.6392309 4153700.0000000 0.0387258
0.01 388 1 3992844.6392309 4153700.0000000 0.0387258
0.01 389 1 3992844.6392309 4153700.0000000 0.0387258
0.01 390 1 3992844.6392309 4153700.0000000 0.0387258
0.01 391 1 3992844.6392309 4153700.0000000 0.0387258
0.01 392 1 3992844.6392309 4153700.0000000 0.0387258
0.01 393 1 3992844.6392309 4153700.0000000 0.0387258
0.01 394 1 3992844.6392309 4153700.0000000 0.0387258
0.01 395 1 3992844.6392309 4153700.0000000 0.0387258
0.01 396 1 3992844.6392309 4153700.0000000 0.0387258
0.01 397 1 3992844.6392309 4153700.0000000 0.0387258
0.01 398 1 3992844.6392309 4153700.0000000 0.0387258
0.01 399 1 3992844.6392309 4153700.0000000 0.0387258
0.01 400 1 3992844.6392310 4153700.0000000 0.0387258
0.01 401 1 3992844.6392309 4153700.0000000 0.0387258
0.01 402 1 3992844.6392309 4153700.0000000 0.0387258
0.01 403 1 3992844.6392309 4153700.0000000 0.0387258
0.01 404 1 3992844.6392310 4153700.0000000 0.0387258
0.01 405 1 3992844.6392309 4153700.0000000 0.0387258
0.01 406 1 3992844.6392309 4153700.0000000 0.0387258
0.01 407 1 3992844.6392309 4153700.0000000 0.0387258
0.01 408 1 3992844.6392309 4153700.0000000 0.0387258
0.01 409 1 3992844.6392309 4153700.0000000 0.0387258
0.01 410 1 3992844.6392309 4153700.0000000 0.0387258
0.01 411 1 3992844.6392309 4153700.0000000 0.0387258
0.01 412 1 3992844.6392309 4153700.0000000 0.0387258
0.01 413 1 3992844.6392309 4153700.0000000 0.0387258
0.01 414 1 3992844.6392310 4153700.0000000 0.0387258
0.01 415 1 3992844.6392310 4153700.0000000 0.0387258
0.01 416 1 3992844.6392309 4153700.0000000 0.0387258
0.01 417 1 3992844.6392309 4153700.0000000 0.0387258
0.01 418 1 3992844.6392310 4153700.0000000 0.0387258
0.01 419 1 3992844.6392310 4153700.0000000 0.0387258
0.01 420 1 3992844.6392309 4153700.0000000 0.0387258
0.01 421 1 3992844.6392309 4153700.0000000 0.0387258
0.01 422 1 3992844.6392309 4153700.0000000 0.0387258
0.01 423 1 3992844.6392309 4153700.0000000 0.0387258
0.01 424 1 3992844.6392309 4153700.0000000 0.0387258
0.01 425 1 3992844.6392310 4153700.0000000 0.0387258
0.01 426 1 3992844.6392310 4153700.0000000 0.0387258
0.01 427 1 3992844.6392309 4153700.0000000 0.0387258
0.01 428 1 3992844.6392309 4153700.0000000 0.0387258
0.01 429 1 3992844.6392309 4153700.0000000 0.0387258
0.01 430 1 3992844.6392309 4153700.0000000 0.0387258
0.01 431 1 3992844.6392309 4153700.0000000 0.0387258
0.01 432 1 3992844.6392309 4153700.0000000 0.0387258
0.01 433 1 3992844.6392310 4153700.0000000 0.0387258
0.01 434 1 3992844.6392309 4153700.0000000 0.0387258
0.01 435 1 3992844.6392309 4153700.0000000 0.0387258
0.01 436 1 3992844.6392309 4153700.0000000 0.0387258
0.01 437 1 3992844.6392309 4153700.0000000 0.0387258
0.01 438 1 3992844.6392309 4153700.0000000 0.0387258
0.01 439 1 3992844.6392309 4153700.0000000 0.0387258
0.01 440 1 3992844.6392309 4153700.0000000 0.0387258
0.01 441 1 3992844.6392309 4153700.0000000 0.0387258
0.01 442 1 3992844.6392309 4153700.0000000 0.0387258
0.01 443 1 3992844.6392309 4153700.0000000 0.0387258
0.01 444 1 3992844.6392309 4153700.0000000 0.0387258
0.01 445 1 3992844.6392309 4153700.0000000 0.0387258
0.01 446 1 3992844.6392309 4153700.0000000 0.0387258
0.01 447 1 3992844.6392309 4153700.0000000 0.0387258
0.01 448 1 3992844.6392309 4153700.0000000 0.0387258
0.01 449 1 3992844.6392309 4153700.0000000 0.0387258
0.01 450 1 3992844.6392310 4153700.0000000 0.0387258
0.01 451 1 3992844.6392309 4153700.0000000 0.0387258
0.01 452 1 3992844.6392309 4153700.0000000 0.0387258
0.01 453 1 3992844.6392309 4153700.0000000 0.0387258
0.01 454 1 3992844.6392309 4153700.0000000 0.0387258
0.01 455 1 3992844.6392309 4153700.0000000 0.0387258
0.01 456 1 3992844.6392309 4153700.0000000 0.0387258
0.01 457 1 3992844.6392309 4153700.0000000 0.0387258
0.01 458 1 3992844.6392309 4153700.0000000 0.0387258
0.01 459 1 3992844.6392309 4153700.0000000 0.0387258
0.01 460 1 3992844.6392310 4153700.0000000 0.0387258
0.01 461 1 3992844.6392309 4153700.0000000 0.0387258
0.01 462 1 3992844.6392309 4153700.0000000 0.0387258
0.01 463 1 3992844.6392309 4153700.0000000 0.0387258
0.01 464 1 3992844.6392309 4153700.0000000 0.0387258
0.01 465 1 3992844.6392309 4153700.0000000 0.0387258
0.01 466 1 3992844.6392309 4153700.0000000 0.0387258
0.01 467 1 3992844.6392310 4153700.0000000 0.0387258
0.01 468 1 3992844.6392310 4153700.0000000 0.0387258
0.01 469 1 3992844.6392310 4153700.0000000 0.0387258
0.01 470 1 3992844.6392310 4153700.0000000 0.0387258
0.01 471 1 3992844.6392310 4153700.0000000 0.0387258
0.01 472 1 3992844.6392309 4153700.0000000 0.0387258
0.01 473 1 3992844.6392310 4153700.0000000 0.0387258
0.01 474 1 3992844.6392309 4153700.0000000 0.0387258
0.01 475 1 3992844.6392309 4153700.0000000 0.0387258
0.01 476 1 3992844.6392309 4153700.0000000 0.0387258
0.01 477 1 3992844.6392309 4153700.0000000 0.0387258
0.01 478 1 3992844.6392309 4153700.0000000 0.0387258
0.01 479 1 3992844.6392309 4153700.0000000 0.0387258
0.01 480 1 3992844.6392309 4153700.0000000 0.0387258
0.01 481 1 3992844.6392309 4153700.0000000 0.0387258
0.01 482 1 3992844.6392310 4153700.0000000 0.0387258
0.01 483 1 3992844.6392309 4153700.0000000 0.0387258
0.01 484 1 3992844.6392310 4153700.0000000 0.0387258
0.01 485 1 3992844.6392309 4153700.0000000 0.0387258
0.01 486 1 3992844.6392309 4153700.0000000 0.0387258
0.01 487 1 3992844.6392309 4153700.0000000 0.0387258
0.01 488 1 3992844.6392310 4153700.0000000 0.0387258
0.01 489 1 3992844.6392309 4153700.0000000 0.0387258
0.01 490 1 3992844.6392309 4153700.0000000 0.0387258
0.01 491 1 3992844.6392309 4153700.0000000 0.0387258
0.01 492 1 3992844.6392309 4153700.0000000 0.0387258
0.01 493 1 3992844.6392309 4153700.0000000 0.0387258
0.01 494 1 3992844.6392309 4153700.0000000 0.0387258
0.01 495 1 3992844.6392310 4153700.0000000 0.0387258
0.01 496 1 3992844.6392310 4153700.0000000 0.0387258
0.01 497 1 3992844.6392310 4153700.0000000 0.0387258
0.01 498 1 3992844.6392310 4153700.0000000 0.0387258
0.01 499 1 3992844.6392310 4153700.0000000 0.0387258
0.01 500 1 3992844.6392310 4153700.0000000 0.0387258
0.01 501 1 3992844.6392309 4153700.0000000 0.0387258
0.01 502 1 3992844.6392310 4153700.0000000 0.0387258
0.01 503 1 3992844.6392309 4153700.0000000 0.0387258
0.01 504 1 3992844.6392309 4153700.0000000 0.0387258
0.01 505 1 3992844.6392309 4153700.0000000 0.0387258
0.01 506 1 3992844.6392309 4153700.0000000 0.0387258
0.01 507 1 3992844.6392309 4153700.0000000 0.0387258
0.01 508 1 3992844.6392309 4153700.0000000 0.0387258
0.01 509 1 3992844.6392310 4153700.0000000 0.0387258
0.01 510 1 3992844.6392309 4153700.0000000 0.0387258
0.01 511 1 3992844.6392309 4153700.0000000 0.0387258
0.01 512 1 3992844.6392309 4153700.0000000 0.0387258
0.01 513 1 3992844.6392310 4153700.0000000 0.0387258
0.01 514 1 3992844.6392310 4153700.0000000 0.0387258
0.01 515 1 3992844.6392309 4153700.0000000 0.0387258
0.01 516 1 3992844.6392309 4153700.0000000 0.0387258
0.01 517 1 3992844.6392309 4153700.0000000 0.0387258
0.01 518 1 3992844.6392309 4153700.0000000 0.0387258
0.01 519 1 3992844.6392310 4153700.0000000 0.0387258
0.01 520 1 3992844.6392309 4153700.0000000 0.0387258
0.01 521 1 3992844.6392309 4153700.0000000 0.0387258
0.01 522 1 3992844.6392309 4153700.0000000 0.0387258
0.01 523 1 3992844.6392309 4153700.0000000 0.0387258
0.01 524 1 3992844.6392309 4153700.0000000 0.0387258
0.01 525 1 3992844.6392309 4153700.0000000 0.0387258
0.01 526 1 3992844.6392309 4153700.0000000 0.0387258
0.01 527 1 3992845.6146043 4153700.0000000 0.0387256
0.01 528 1 3992845.6146043 4153700.0000000 0.0387256
0.01 529 1 3992845.6146043 4153700.0000000 0.0387256
0.01 530 1 3992845.6146043 4153700.0000000 0.0387256
0.01 531 1 3992845.6146043 4153700.0000000 0.0387256
0.01 532 1 3992846.9655493 4153700.0000000 0.0387252
0.01 533 2 3992846.9655492 4153700.0000000 0.0387252
0.01 534 2 3992846.9655493 4153700.0000000 0.0387252
0.01 535 2 3992846.9655493 4153700.0000000 0.0387252
0.01 536 2 3992846.9655493 4153700.0000000 0.0387252
0.01 537 2 3992846.9655493 4153700.0000000 0.0387252
0.01 538 2 3992846.9655492 4153700.0000000 0.0387252
0.01 539 2 3992846.9655492 4153700.0000000 0.0387252
0.01 540 2 3992847.1297688 4153700.0000000 0.0387252
0.01 541 2 3992847.1297688 4153700.0000000 0.0387252
0.01 542 2 3992847.1297688 4153700.0000000 0.0387252
0.01 543 2 3992847.1297688 4153700.0000000 0.0387252
0.01 544 2 3992847.1297688 4153700.0000000 0.0387252
0.01 545 2 3992847.1297688 4153700.0000000 0.0387252
0.01 546 2 3992847.1297688 4153700.0000000 0.0387252
0.01 547 2 3992847.1297688 4153700.0000000 0.0387252
0.01 548 2 3992848.6391793 4153700.0000000 0.0387248
0.01 549 2 3992848.6391793 4153700.0000000 0.0387248
0.01 550 2 3992848.8208977 4153700.0000000 0.0387248
0.01 551 2 3992848.8208977 4153700.0000000 0.0387248
0.01 552 2 3992848.9998149 4153700.0000000 0.0387248
0.01 553 2 3992848.9998149 4153700.0000000 0.0387248
0.01 554 2 3992848.9998149 4153700.0000000 0.0387248
0.01 555 2 3992848.9998149 4153700.0000000 0.0387248
0.01 556 2 3992848.9998149 4153700.0000000 0.0387248
0.01 557 2 3992848.9998149 4153700.0000000 0.0387248
0.01 558 2 3992849.9539543 4153700.0000000 0.0387245
0.01 559 1 3992849.9539543 4153700.0000000 0.0387245
0.01 560 1 3992850.3014513 4153700.0000000 0.0387244
0.01 561 1 3992850.3014513 4153700.0000000 0.0387244
0.01 562 1 3992850.3014513 4153700.0000000 0.0387244
0.01 563 1 3992850.3014513 4153700.0000000 0.0387244
0.01 564 1 3992850.3014513 4153700.0000000 0.0387244
0.01 565 1 3992850.3014513 4153700.0000000 0.0387244
0.01 566 1 3992850.3014513 4153700.0000000 0.0387244
0.01 567 1 3992850.3014513 4153700.0000000 0.0387244
0.01 568 1 3992850.3014513 4153700.0000000 0.0387244
0.01 569 1 3992850.3014513 4153700.0000000 0.0387244
0.01 570 1 3992850.5127749 4153700.0000000 0.0387244
0.01 571 1 3992850.5127749 4153700.0000000 0.0387244
0.01 572 1 3992850.5127749 4153700.0000000 0.0387244
0.01 573 1 3992850.5127749 4153700.0000000 0.0387244
0.01 574 1 3992850.5127749 4153700.0000000 0.0387244
0.01 575 1 3992850.5127749 4153700.0000000 0.0387244
0.01 576 1 3992850.5127749 4153700.0000000 0.0387244
0.01 577 1 3992850.5127749 4153700.0000000 0.0387244
0.01 578 1 3992850.5127749 4153700.0000000 0.0387244
0.01 579 1 3992850.5127749 4153700.0000000 0.0387244
0.01 580 1 3992850.5127749 4153700.0000000 0.0387244
0.01 581 1 3992850.5127749 4153700.0000000 0.0387244
0.01 582 1 3992850.5127749 4153700.0000000 0.0387244
0.01 583 1 3992850.9885603 4153700.0000000 0.0387243
