0.28 0 0 4057701.3069376 4290810.0000000 0.0543274
0.01 1 16 4058943.0103143 4290810.0000000 0.0540380
0.01 2 15 4060082.3395605 4290810.0000000 0.0537725
0.01 3 21 4060964.4046315 4290810.0000000 0.0535669
0.01 4 14 4061342.1236986 4290810.0000000 0.0534789
0.01 5 12 4061632.1335988 4290810.0000000 0.0534113
0.01 6 7 4061666.2238766 4290810.0000000 0.0534034
0.01 7 8 4061865.8044382 4290810.0000000 0.0533569
0.01 8 5 4061895.0912547 4290810.0000000 0.0533500
0.01 9 6 4062003.8177855 4290810.0000000 0.0533247
0.01 10 10 4062052.6898506 4290810.0000000 0.0533133
0.01 11 10 4062076.3284743 4290810.0000000 0.0533078
0.01 12 7 4062084.8081668 4290810.0000000 0.0533058
0.01 13 6 4062091.7486300 4290810.0000000 0.0533042
0.01 14 6 4062101.2330454 4290810.0000000 0.0533020
0.01 15 6 4062145.4800813 4290810.0000000 0.0532917
0.01 16 6 4062150.2399769 4290810.0000000 0.0532906
0.01 17 6 4062246.3769139 4290810.0000000 0.0532682
0.01 18 6 4062264.2352453 4290810.0000000 0.0532640
0.01 19 5 4062392.9342596 4290810.0000000 0.0532340
0.01 20 7 4062393.1326112 4290810.0000000 0.0532340
0.01 21 7 4062491.1775945 4290810.0000000 0.0532111
0.01 22 7 4062808.0090302 4290810.0000000 0.0531373
0.01 23 4 4062808.0090302 4290810.0000000 0.0531373
0.01 24 5 4062808.0090302 4290810.0000000 0.0531373
0.01 25 5 4062822.5310872 4290810.0000000 0.0531339
0.01 26 4 4062833.0804849 4290810.0000000 0.0531314
0.01 27 3 4062862.0550137 4290810.0000000 0.0531247
0.01 28 4 4062868.5501144 4290810.0000000 0.0531232
0.01 29 4 4062901.6740625 4290810.0000000 0.0531155
0.01 30 5 4062998.0678746 4290810.0000000 0.0530930
0.01 31 6 4063005.3147470 4290810.0000000 0.0530913
0.01 32 5 4063093.9282661 4290810.0000000 0.0530706
0.01 33 5 4063130.5769152 4290810.0000000 0.0530621
0.01 34 5 4063187.3330245 4290810.0000000 0.0530489
0.01 35 5 4063255.1140321 4290810.0000000 0.0530331
0.01 36 4 4063288.7267598 4290810.0000000 0.0530253
0.01 37 3 4063290.0340736 4290810.0000000 0.0530249
0.01 38 5 4063309.8660708 4290810.0000000 0.0530203
0.01 39 5 4063830.6849214 4290810.0000000 0.0528989
0.01 40 2 4063831.4028537 4290810.0000000 0.0528988
0.01 41 2 4063844.4994319 4290810.0000000 0.0528957
0.01 42 2 4063862.4690605 4290810.0000000 0.0528915
0.01 43 2 4063862.4690605 4290810.0000000 0.0528915
0.01 44 2 4063961.7239093 4290810.0000000 0.0528684
0.01 45 4 4063989.1144432 4290810.0000000 0.0528620
0.01 46 2 4064164.0782893 4290810.0000000 0.0528212
0.01 47 4 4064164.0782894 4290810.0000000 0.0528212
0.01 48 4 4064861.5923207 4290810.0000000 0.0526587
0.01 49 7 4064861.5923207 4290810.0000000 0.0526587
0.01 50 7 4065473.1067874 4290810.0000000 0.0525162
0.01 51 8 4065771.1750348 4290810.0000000 0.0524467
0.01 52 8 4065788.6666690 4290810.0000000 0.0524426
0.01 53 8 4065812.3267983 4290810.0000000 0.0524371
0.01 54 7 4065837.6977271 4290810.0000000 0.0524312
0.01 55 6 4065853.9248284 4290810.0000000 0.0524274
0.01 56 6 4065894.8952115 4290810.0000000 0.0524179
0.01 57 3 4065900.7622053 4290810.0000000 0.0524165
0.01 58 2 4065900.7622053 4290810.0000000 0.0524165
0.01 59 2 4065900.7622053 4290810.0000000 0.0524165
0.01 60 2 4065900.7622053 4290810.0000000 0.0524165
0.01 61 2 4065900.7922998 4290810.0000000 0.0524165
0.01 62 2 4065900.7922997 4290810.0000000 0.0524165
0.01 63 2 4065900.7922997 4290810.0000000 0.0524165
0.01 64 2 4065900.7922997 4290810.0000000 0.0524165
0.01 65 2 4065900.7922998 4290810.0000000 0.0524165
0.01 66 2 4065900.7922997 4290810.0000000 0.0524165
0.01 67 2 4065900.7922997 4290810.0000000 0.0524165
0.01 68 2 4065908.4941896 4290810.0000000 0.0524147
0.01 69 1 4065908.7500996 4290810.0000000 0.0524146
0.01 70 1 4065908.7500996 4290810.0000000 0.0524146
0.01 71 1 4065908.7500996 4290810.0000000 0.0524146
0.01 72 1 4065908.7500996 4290810.0000000 0.0524146
0.01 73 1 4065908.7500996 4290810.0000000 0.0524146
0.01 74 1 4065908.7500996 4290810.0000000 0.0524146
0.01 75 1 4065908.7500996 4290810.0000000 0.0524146
0.01 76 1 4065908.7500996 4290810.0000000 0.0524146
0.01 77 1 4065908.7500996 4290810.0000000 0.0524146
0.01 78 1 4065908.7500996 4290810.0000000 0.0524146
0.01 79 1 4065908.7500996 4290810.0000000 0.0524146
0.01 80 1 4065908.7500996 4290810.0000000 0.0524146
0.01 81 1 4065908.7500996 4290810.0000000 0.0524146
0.01 82 1 4065908.7500996 4290810.0000000 0.0524146
0.01 83 1 4065910.0486048 4290810.0000000 0.0524143
