2.74 0 0 121648.8721104 168451.0000000 0.2778382
0.01 1 23 121648.8721104 168451.0000000 0.2778382
0.01 2 25 121648.8721104 168451.0000000 0.2778382
0.01 3 25 121648.8721104 168451.0000000 0.2778382
0.01 4 24 121649.0246084 168451.0000000 0.2778373
0.01 5 26 121649.0246084 168451.0000000 0.2778373
0.01 6 27 121650.7985336 168451.0000000 0.2778268
0.01 7 32 121651.2568527 168451.0000000 0.2778241
0.01 8 31 121652.9127237 168451.0000000 0.2778142
0.01 9 32 121653.7002092 168451.0000000 0.2778096
0.01 10 34 121653.7073489 168451.0000000 0.2778095
0.01 11 35 121655.0796021 168451.0000000 0.2778014
0.01 12 36 121665.7858032 168451.0000000 0.2777378
0.01 13 32 121665.8693845 168451.0000000 0.2777373
0.01 14 36 121665.8693845 168451.0000000 0.2777373
0.01 15 37 121666.4398299 168451.0000000 0.2777339
0.01 16 33 121666.4398299 168451.0000000 0.2777339
0.01 17 33 121666.4398299 168451.0000000 0.2777339
0.01 18 33 121666.4398299 168451.0000000 0.2777339
0.01 19 34 121666.6689090 168451.0000000 0.2777326
0.01 20 34 121667.1723682 168451.0000000 0.2777296
0.01 21 34 121667.1723880 168451.0000000 0.2777296
0.01 22 34 121668.0247297 168451.0000000 0.2777245
0.01 23 36 121668.0247297 168451.0000000 0.2777245
0.01 24 35 121668.0247297 168451.0000000 0.2777245
0.01 25 35 121669.8291327 168451.0000000 0.2777138
0.01 26 34 121669.9299007 168451.0000000 0.2777132
0.01 27 33 121670.4993822 168451.0000000 0.2777098
0.01 28 32 121674.5874022 168451.0000000 0.2776856
0.01 29 36 121678.9552115 168451.0000000 0.2776596
0.01 30 33 121679.1385179 168451.0000000 0.2776586
0.01 31 34 121683.3813738 168451.0000000 0.2776334
0.01 32 33 121684.1243466 168451.0000000 0.2776290
0.02 33 31 121685.1522626 168451.0000000 0.2776229
0.02 34 33 121685.4714665 168451.0000000 0.2776210
0.02 35 35 121687.6026458 168451.0000000 0.2776083
0.01 36 31 121687.8319899 168451.0000000 0.2776069
0.02 37 31 121688.6132000 168451.0000000 0.2776023
0.02 38 30 121692.6406074 168451.0000000 0.2775784
0.02 39 34 121692.7479838 168451.0000000 0.2775778
0.02 40 34 121692.8359165 168451.0000000 0.2775772
0.02 41 34 121692.9167461 168451.0000000 0.2775768
0.02 42 35 121693.6867236 168451.0000000 0.2775722
0.02 43 33 121694.4427403 168451.0000000 0.2775677
0.02 44 33 121694.9110530 168451.0000000 0.2775649
0.02 45 33 121697.0351173 168451.0000000 0.2775523
0.02 46 34 121697.4742732 168451.0000000 0.2775497
0.02 47 32 121701.5228400 168451.0000000 0.2775257
0.02 48 33 121702.4027750 168451.0000000 0.2775204
0.02 49 33 121702.4538128 168451.0000000 0.2775201
0.02 50 32 121703.9397269 168451.0000000 0.2775113
0.02 51 32 121705.8340063 168451.0000000 0.2775001
0.02 52 31 121707.6575670 168451.0000000 0.2774893
0.02 53 34 121708.5294615 168451.0000000 0.2774841
0.02 54 32 121709.9672758 168451.0000000 0.2774755
0.02 55 34 121711.7709067 168451.0000000 0.2774648
0.02 56 34 121711.9885506 168451.0000000 0.2774635
0.02 57 34 121713.4907860 168451.0000000 0.2774546
0.02 58 33 121714.0238771 168451.0000000 0.2774515
0.02 59 34 121714.9064968 168451.0000000 0.2774462
0.02 60 34 121716.0180308 168451.0000000 0.2774396
0.02 61 29 121717.7674496 168451.0000000 0.2774292
0.02 62 32 121720.1900009 168451.0000000 0.2774149
0.02 63 32 121720.2917772 168451.0000000 0.2774143
0.03 64 32 121721.6989791 168451.0000000 0.2774059
0.03 65 28 121723.1929726 168451.0000000 0.2773970
0.03 66 30 121723.5506685 168451.0000000 0.2773949
0.03 67 29 121724.8695528 168451.0000000 0.2773871
0.03 68 29 121725.3143235 168451.0000000 0.2773844
0.03 69 29 121726.0781294 168451.0000000 0.2773799
0.03 70 27 121727.1371988 168451.0000000 0.2773736
0.03 71 28 121728.6972243 168451.0000000 0.2773644
0.03 72 30 121729.3758547 168451.0000000 0.2773603
0.03 73 30 121730.0487276 168451.0000000 0.2773563
0.03 74 28 121730.2662225 168451.0000000 0.2773550
0.03 75 28 121731.7535832 168451.0000000 0.2773462
0.03 76 31 121732.3329486 168451.0000000 0.2773428
0.03 77 31 121733.0869793 168451.0000000 0.2773383
0.03 78 31 121733.2658704 168451.0000000 0.2773372
0.03 79 32 121733.6369298 168451.0000000 0.2773350
0.03 80 32 121734.0820472 168451.0000000 0.2773324
0.04 81 33 121735.6029796 168451.0000000 0.2773234
0.03 82 30 121736.0749385 168451.0000000 0.2773206
0.03 83 29 121736.5907659 168451.0000000 0.2773175
0.03 84 30 121737.0669413 168451.0000000 0.2773147
0.03 85 29 121737.9462703 168451.0000000 0.2773094
0.03 86 31 121738.6746814 168451.0000000 0.2773051
0.03 87 31 121739.1195313 168451.0000000 0.2773025
0.03 88 32 121739.7209020 168451.0000000 0.2772989
0.03 89 29 121740.2045598 168451.0000000 0.2772960
0.04 90 30 121740.6159792 168451.0000000 0.2772936
0.03 91 29 121741.9540605 168451.0000000 0.2772857
0.04 92 28 121742.2752786 168451.0000000 0.2772837
0.04 93 31 121742.8574603 168451.0000000 0.2772803
0.04 94 29 121743.2535150 168451.0000000 0.2772779
0.04 95 30 121743.6209683 168451.0000000 0.2772758
0.04 96 27 121744.0724665 168451.0000000 0.2772731
0.04 97 32 121744.2719794 168451.0000000 0.2772719
0.04 98 29 121745.2493557 168451.0000000 0.2772661
0.04 99 31 121745.6749012 168451.0000000 0.2772636
0.04 100 30 121745.8835589 168451.0000000 0.2772623
0.04 101 30 121746.3191412 168451.0000000 0.2772597
0.04 102 31 121746.6524870 168451.0000000 0.2772578
0.04 103 29 121746.9364364 168451.0000000 0.2772561
0.04 104 29 121747.1321138 168451.0000000 0.2772549
0.04 105 29 121747.6099656 168451.0000000 0.2772521
0.04 106 27 121748.3425941 168451.0000000 0.2772477
0.04 107 30 121748.8027848 168451.0000000 0.2772450
0.04 108 28 121749.3620779 168451.0000000 0.2772417
0.04 109 31 121749.5755531 168451.0000000 0.2772404
0.05 110 31 121749.8776625 168451.0000000 0.2772386
0.04 111 32 121750.0945510 168451.0000000 0.2772373
0.05 112 30 121750.4863692 168451.0000000 0.2772350
0.05 113 30 121751.1192458 168451.0000000 0.2772312
0.05 114 27 121751.4703559 168451.0000000 0.2772292
0.05 115 26 121751.7431049 168451.0000000 0.2772275
0.05 116 27 121751.9871196 168451.0000000 0.2772261
0.05 117 29 121752.4512589 168451.0000000 0.2772233
0.05 118 27 121752.7639645 168451.0000000 0.2772215
0.05 119 27 121753.1144642 168451.0000000 0.2772194
0.05 120 26 121753.2070312 168451.0000000 0.2772189
0.05 121 27 121753.4045985 168451.0000000 0.2772177
0.05 122 29 121753.5325733 168451.0000000 0.2772169
0.05 123 29 121753.6463196 168451.0000000 0.2772162
0.05 124 29 121754.8938546 168451.0000000 0.2772088
0.05 125 26 121755.4711145 168451.0000000 0.2772054
0.05 126 27 121755.9855163 168451.0000000 0.2772024
0.05 127 26 121756.2122693 168451.0000000 0.2772010
0.05 128 26 121756.7135681 168451.0000000 0.2771980
0.05 129 28 121757.7498353 168451.0000000 0.2771919
0.05 130 28 121758.0192826 168451.0000000 0.2771903
0.05 131 28 121758.5030901 168451.0000000 0.2771874
0.05 132 27 121758.8743608 168451.0000000 0.2771852
0.06 133 28 121759.0389222 168451.0000000 0.2771842
0.05 134 28 121759.1211172 168451.0000000 0.2771837
0.06 135 27 121759.1909201 168451.0000000 0.2771833
0.06 136 27 121759.3814007 168451.0000000 0.2771822
0.06 137 27 121759.7578966 168451.0000000 0.2771800
0.06 138 26 121759.8815517 168451.0000000 0.2771792
0.06 139 27 121759.9840377 168451.0000000 0.2771786
0.06 140 29 121760.1106059 168451.0000000 0.2771779
0.06 141 27 121760.1379164 168451.0000000 0.2771777
0.06 142 28 121760.7031185 168451.0000000 0.2771744
0.06 143 27 121760.8683494 168451.0000000 0.2771734
0.06 144 27 121761.2480037 168451.0000000 0.2771711
0.06 145 28 121761.4136530 168451.0000000 0.2771701
0.06 146 28 121761.5777803 168451.0000000 0.2771692
0.06 147 29 121761.7910674 168451.0000000 0.2771679
0.06 148 29 121762.1229589 168451.0000000 0.2771659
0.07 149 26 121762.2166126 168451.0000000 0.2771654
0.07 150 29 121762.4724615 168451.0000000 0.2771638
0.07 151 26 121762.5572772 168451.0000000 0.2771633
0.07 152 26 121762.6401662 168451.0000000 0.2771629
0.07 153 25 121763.2926106 168451.0000000 0.2771590
0.07 154 29 121763.6999709 168451.0000000 0.2771566
0.07 155 28 121763.9111030 168451.0000000 0.2771553
0.07 156 26 121764.2735789 168451.0000000 0.2771532
0.07 157 26 121764.5629125 168451.0000000 0.2771514
0.07 158 27 121764.7337918 168451.0000000 0.2771504
0.07 159 26 121764.9244965 168451.0000000 0.2771493
0.07 160 26 121765.3182433 168451.0000000 0.2771470
0.07 161 28 121765.5827375 168451.0000000 0.2771454
0.07 162 27 121766.4564686 168451.0000000 0.2771402
0.08 163 27 121767.1944468 168451.0000000 0.2771358
0.07 164 27 121767.7408027 168451.0000000 0.2771326
0.07 165 28 121769.5268505 168451.0000000 0.2771220
0.07 166 26 121769.5788488 168451.0000000 0.2771217
0.08 167 27 121770.0826760 168451.0000000 0.2771187
0.07 168 27 121770.1719878 168451.0000000 0.2771181
0.08 169 28 121771.0874262 168451.0000000 0.2771127
0.08 170 28 121776.6842212 168451.0000000 0.2770795
0.07 171 28 121777.1257584 168451.0000000 0.2770769
0.07 172 28 121777.5577153 168451.0000000 0.2770743
0.08 173 25 121777.7588490 168451.0000000 0.2770731
0.08 174 26 121778.0768722 168451.0000000 0.2770712
0.08 175 26 121778.8305392 168451.0000000 0.2770667
0.08 176 25 121779.0115281 168451.0000000 0.2770657
0.08 177 25 121779.3700980 168451.0000000 0.2770635
0.08 178 24 121779.4635797 168451.0000000 0.2770630
0.08 179 24 121779.7697040 168451.0000000 0.2770612
0.08 180 23 121780.3427542 168451.0000000 0.2770578
0.08 181 25 121780.9460776 168451.0000000 0.2770542
0.08 182 24 121781.7751010 168451.0000000 0.2770493
0.08 183 27 121781.8623322 168451.0000000 0.2770487
0.08 184 25 121782.2328788 168451.0000000 0.2770465
0.08 185 24 121782.9605196 168451.0000000 0.2770422
0.08 186 23 121783.5579256 168451.0000000 0.2770387
0.08 187 24 121784.0059594 168451.0000000 0.2770360
0.08 188 23 121785.0599662 168451.0000000 0.2770298
0.08 189 27 121785.5751745 168451.0000000 0.2770267
0.08 190 28 121785.8194693 168451.0000000 0.2770253
0.08 191 26 121786.1706646 168451.0000000 0.2770232
0.08 192 27 121786.3107770 168451.0000000 0.2770223
0.08 193 26 121786.5762413 168451.0000000 0.2770208
0.09 194 26 121786.8136288 168451.0000000 0.2770193
0.08 195 26 121787.1170758 168451.0000000 0.2770175
0.09 196 24 121787.5768633 168451.0000000 0.2770148
0.09 197 26 121787.9021351 168451.0000000 0.2770129
0.09 198 27 121788.7544296 168451.0000000 0.2770078
0.09 199 28 121789.1762219 168451.0000000 0.2770053
0.09 200 27 121789.2161854 168451.0000000 0.2770051
0.09 201 26 121789.4916112 168451.0000000 0.2770035
0.09 202 27 121789.6395776 168451.0000000 0.2770026
0.09 203 25 121789.9388426 168451.0000000 0.2770008
0.09 204 28 121790.2576117 168451.0000000 0.2769989
0.09 205 26 121790.4397385 168451.0000000 0.2769978
0.10 206 27 121790.5787558 168451.0000000 0.2769970
0.10 207 25 121790.6683756 168451.0000000 0.2769965
0.10 208 28 121791.2545328 168451.0000000 0.2769930
0.10 209 26 121791.5633566 168451.0000000 0.2769912
0.10 210 25 121791.6246191 168451.0000000 0.2769908
0.10 211 25 121792.2890884 168451.0000000 0.2769868
0.10 212 26 121792.5372884 168451.0000000 0.2769854
0.10 213 27 121793.2982766 168451.0000000 0.2769809
0.10 214 25 121794.3022388 168451.0000000 0.2769749
0.09 215 25 121795.0457059 168451.0000000 0.2769705
0.10 216 25 121795.2569320 168451.0000000 0.2769692
0.10 217 24 121795.6644985 168451.0000000 0.2769668
0.10 218 24 121795.8545669 168451.0000000 0.2769657
0.10 219 24 121796.0426950 168451.0000000 0.2769646
0.10 220 25 121796.2618582 168451.0000000 0.2769633
0.10 221 23 121796.4752923 168451.0000000 0.2769620
0.10 222 24 121796.7473297 168451.0000000 0.2769604
0.10 223 24 121797.0261122 168451.0000000 0.2769587
0.10 224 25 121797.2767306 168451.0000000 0.2769572
0.09 225 25 121797.3393751 168451.0000000 0.2769569
0.11 226 24 121797.6780504 168451.0000000 0.2769549
0.11 227 23 121797.8739852 168451.0000000 0.2769537
0.10 228 21 121798.1835645 168451.0000000 0.2769519
0.11 229 24 121798.4361446 168451.0000000 0.2769504
0.10 230 26 121798.7265363 168451.0000000 0.2769486
0.11 231 23 121799.4077226 168451.0000000 0.2769446
0.11 232 25 121799.7162246 168451.0000000 0.2769428
0.11 233 23 121799.8328035 168451.0000000 0.2769421
0.11 234 21 121799.9481517 168451.0000000 0.2769414
0.11 235 21 121800.1061695 168451.0000000 0.2769404
0.11 236 23 121800.4084890 168451.0000000 0.2769386
0.11 237 23 121800.7199868 168451.0000000 0.2769368
0.11 238 23 121800.9187121 168451.0000000 0.2769356
0.11 239 22 121801.0577690 168451.0000000 0.2769348
0.11 240 23 121801.2793344 168451.0000000 0.2769335
0.11 241 23 121801.4216955 168451.0000000 0.2769326
0.11 242 22 121801.5076092 168451.0000000 0.2769321
0.11 243 24 121801.6148011 168451.0000000 0.2769315
0.11 244 23 121801.7867592 168451.0000000 0.2769305
0.11 245 24 121801.9469800 168451.0000000 0.2769295
0.12 246 23 121802.1598673 168451.0000000 0.2769282
0.11 247 23 121802.5345142 168451.0000000 0.2769260
0.12 248 24 121802.8676856 168451.0000000 0.2769240
0.11 249 24 121803.1650250 168451.0000000 0.2769223
0.11 250 24 121803.1769725 168451.0000000 0.2769222
0.12 251 25 121803.5101427 168451.0000000 0.2769202
0.12 252 23 121803.8687375 168451.0000000 0.2769181
0.12 253 26 121804.0957509 168451.0000000 0.2769168
0.12 254 21 121804.5095155 168451.0000000 0.2769143
0.12 255 23 121804.7407094 168451.0000000 0.2769129
0.12 256 23 121804.9136747 168451.0000000 0.2769119
0.12 257 23 121805.4981548 168451.0000000 0.2769084
0.12 258 22 121805.8456428 168451.0000000 0.2769064
0.12 259 22 121806.1647566 168451.0000000 0.2769045
0.12 260 22 121806.7796721 168451.0000000 0.2769008
0.12 261 18 121807.3110695 168451.0000000 0.2768977
0.12 262 19 121808.1121275 168451.0000000 0.2768929
0.12 263 21 121808.3551078 168451.0000000 0.2768915
0.12 264 21 121808.4096290 168451.0000000 0.2768911
0.12 265 18 121808.5122841 168451.0000000 0.2768905
0.13 266 23 121808.8500166 168451.0000000 0.2768885
0.13 267 21 121809.0048320 168451.0000000 0.2768876
0.13 268 20 121809.3609302 168451.0000000 0.2768855
0.13 269 24 121809.4690485 168451.0000000 0.2768849
0.13 270 22 121809.6980732 168451.0000000 0.2768835
0.13 271 20 121809.8920595 168451.0000000 0.2768823
0.13 272 21 121810.0806575 168451.0000000 0.2768812
0.12 273 21 121810.1698213 168451.0000000 0.2768807
0.13 274 20 121810.2829240 168451.0000000 0.2768800
0.13 275 21 121810.5060367 168451.0000000 0.2768787
0.12 276 21 121810.6727013 168451.0000000 0.2768777
0.12 277 23 121811.2229749 168451.0000000 0.2768744
