3.35 0 0 138708.8731700 195013.0000000 0.2887199
0.01 1 18 138708.8986738 195013.0000000 0.2887197
0.01 2 17 138710.9312578 195013.0000000 0.2887093
0.01 3 21 138711.4258228 195013.0000000 0.2887068
0.01 4 19 138712.9771081 195013.0000000 0.2886988
0.01 5 23 138712.9807053 195013.0000000 0.2886988
0.01 6 23 138712.9944925 195013.0000000 0.2886987
0.01 7 24 138713.2007786 195013.0000000 0.2886977
0.01 8 23 138713.2007786 195013.0000000 0.2886977
0.01 9 23 138717.6219063 195013.0000000 0.2886750
0.01 10 22 138731.9076138 195013.0000000 0.2886017
0.01 11 27 138737.0302335 195013.0000000 0.2885755
0.01 12 26 138739.0525856 195013.0000000 0.2885651
0.01 13 27 138748.2062654 195013.0000000 0.2885182
0.01 14 26 138751.0501428 195013.0000000 0.2885036
0.01 15 30 138751.5202542 195013.0000000 0.2885012
0.01 16 31 138759.2182643 195013.0000000 0.2884617
0.01 17 30 138760.2589869 195013.0000000 0.2884564
0.01 18 30 138764.7237460 195013.0000000 0.2884335
0.01 19 33 138766.0080947 195013.0000000 0.2884269
0.02 20 32 138770.7966951 195013.0000000 0.2884023
0.02 21 30 138771.5396608 195013.0000000 0.2883985
0.02 22 30 138776.7465797 195013.0000000 0.2883718
0.02 23 27 138777.4533629 195013.0000000 0.2883682
0.02 24 27 138781.6980960 195013.0000000 0.2883464
0.02 25 28 138790.4368416 195013.0000000 0.2883016
0.02 26 31 138793.7499307 195013.0000000 0.2882846
0.02 27 29 138797.2467326 195013.0000000 0.2882667
0.02 28 30 138802.9423252 195013.0000000 0.2882375
0.02 29 28 138805.8671808 195013.0000000 0.2882225
0.02 30 29 138809.8654462 195013.0000000 0.2882020
0.02 31 28 138812.6363663 195013.0000000 0.2881878
0.02 32 28 138813.3776489 195013.0000000 0.2881840
0.02 33 28 138814.1841651 195013.0000000 0.2881798
0.02 34 29 138815.3056037 195013.0000000 0.2881741
0.02 35 27 138817.6502965 195013.0000000 0.2881621
0.02 36 28 138817.9988715 195013.0000000 0.2881603
0.02 37 30 138818.9011185 195013.0000000 0.2881557
0.02 38 27 138819.7253989 195013.0000000 0.2881514
0.02 39 29 138820.4633072 195013.0000000 0.2881476
0.02 40 27 138822.9815617 195013.0000000 0.2881347
0.02 41 30 138824.0474695 195013.0000000 0.2881293
0.02 42 30 138825.3466785 195013.0000000 0.2881226
0.02 43 31 138825.9736255 195013.0000000 0.2881194
0.02 44 30 138826.2528537 195013.0000000 0.2881180
0.02 45 30 138828.2125049 195013.0000000 0.2881079
0.02 46 30 138829.4978527 195013.0000000 0.2881013
0.02 47 28 138830.3711981 195013.0000000 0.2880968
0.02 48 29 138831.2894868 195013.0000000 0.2880921
0.02 49 29 138832.0755532 195013.0000000 0.2880881
0.02 50 29 138833.3268482 195013.0000000 0.2880817
0.03 51 29 138834.1907730 195013.0000000 0.2880773
0.03 52 29 138834.4345927 195013.0000000 0.2880760
0.02 53 30 138835.3658811 195013.0000000 0.2880712
0.03 54 28 138836.4506371 195013.0000000 0.2880657
0.03 55 30 138836.9681342 195013.0000000 0.2880630
0.03 56 28 138837.1319978 195013.0000000 0.2880622
0.03 57 30 138843.0417922 195013.0000000 0.2880319
0.03 58 29 138844.8811580 195013.0000000 0.2880224
0.03 59 27 138847.7784198 195013.0000000 0.2880076
0.03 60 28 138858.0271988 195013.0000000 0.2879550
0.02 61 26 138858.4835963 195013.0000000 0.2879527
0.03 62 26 138859.1962874 195013.0000000 0.2879490
0.03 63 26 138860.0633380 195013.0000000 0.2879446
0.03 64 26 138862.3473434 195013.0000000 0.2879329
0.03 65 27 138862.9984336 195013.0000000 0.2879295
0.03 66 27 138865.3337272 195013.0000000 0.2879176
0.03 67 29 138866.3221922 195013.0000000 0.2879125
0.03 68 25 138867.8961802 195013.0000000 0.2879044
0.03 69 26 138868.7024566 195013.0000000 0.2879003
0.03 70 28 138869.8659983 195013.0000000 0.2878943
0.03 71 25 138869.8696122 195013.0000000 0.2878943
0.03 72 24 138870.0826384 195013.0000000 0.2878932
0.03 73 25 138870.4176402 195013.0000000 0.2878915
0.03 74 23 138870.4314208 195013.0000000 0.2878914
0.03 75 23 138870.4956645 195013.0000000 0.2878911
0.03 76 23 138871.6351142 195013.0000000 0.2878852
0.03 77 22 138871.6835562 195013.0000000 0.2878850
0.03 78 22 138872.0294488 195013.0000000 0.2878832
0.03 79 21 138872.0305495 195013.0000000 0.2878832
0.03 80 21 138872.1760979 195013.0000000 0.2878825
0.03 81 22 138872.2160098 195013.0000000 0.2878823
0.03 82 23 138872.3440043 195013.0000000 0.2878816
0.03 83 22 138872.4624485 195013.0000000 0.2878810
0.03 84 22 138873.6259676 195013.0000000 0.2878750
0.03 85 23 138874.0598959 195013.0000000 0.2878728
0.03 86 22 138875.4721972 195013.0000000 0.2878656
0.03 87 23 138875.6869302 195013.0000000 0.2878645
0.03 88 24 138876.3691775 195013.0000000 0.2878610
0.03 89 23 138879.2276825 195013.0000000 0.2878463
0.03 90 26 138879.4501938 195013.0000000 0.2878452
0.03 91 25 138879.6443444 195013.0000000 0.2878442
0.04 92 25 138879.9787145 195013.0000000 0.2878425
0.03 93 25 138880.0152205 195013.0000000 0.2878423
0.04 94 24 138881.6908871 195013.0000000 0.2878337
0.03 95 23 138881.7657451 195013.0000000 0.2878333
0.04 96 23 138881.9017845 195013.0000000 0.2878326
0.03 97 23 138882.1325660 195013.0000000 0.2878314
0.04 98 21 138882.1803740 195013.0000000 0.2878312
0.04 99 22 138882.9246715 195013.0000000 0.2878274
0.04 100 23 138883.1099790 195013.0000000 0.2878264
0.04 101 26 138884.3335832 195013.0000000 0.2878201
0.04 102 24 138884.5470188 195013.0000000 0.2878190
0.04 103 25 138885.0231045 195013.0000000 0.2878166
0.04 104 25 138885.3598501 195013.0000000 0.2878149
0.04 105 24 138885.5089569 195013.0000000 0.2878141
0.04 106 23 138886.2141238 195013.0000000 0.2878105
0.04 107 22 138886.6137363 195013.0000000 0.2878084
0.04 108 24 138887.4618403 195013.0000000 0.2878041
0.04 109 23 138887.7719343 195013.0000000 0.2878025
0.04 110 25 138887.9535851 195013.0000000 0.2878016
0.04 111 26 138888.2745314 195013.0000000 0.2877999
0.04 112 22 138888.6051779 195013.0000000 0.2877982
0.04 113 22 138889.4541489 195013.0000000 0.2877939
0.04 114 24 138890.1294317 195013.0000000 0.2877904
0.04 115 24 138891.1316343 195013.0000000 0.2877853
0.04 116 22 138891.3950706 195013.0000000 0.2877839
0.04 117 24 138892.2881430 195013.0000000 0.2877793
0.04 118 26 138892.4382827 195013.0000000 0.2877786
0.04 119 26 138893.1238754 195013.0000000 0.2877751
0.05 120 26 138893.6882924 195013.0000000 0.2877722
0.05 121 26 138894.1101926 195013.0000000 0.2877700
0.05 122 27 138895.2523707 195013.0000000 0.2877641
0.05 123 23 138895.4909951 195013.0000000 0.2877629
0.05 124 25 138896.6180641 195013.0000000 0.2877571
0.05 125 26 138896.7080949 195013.0000000 0.2877567
0.05 126 26 138897.4065509 195013.0000000 0.2877531
0.05 127 23 138899.0725027 195013.0000000 0.2877445
0.05 128 25 138899.5682302 195013.0000000 0.2877420
0.05 129 25 138900.3557709 195013.0000000 0.2877380
0.05 130 25 138901.8867532 195013.0000000 0.2877301
0.05 131 26 138902.5441349 195013.0000000 0.2877267
0.05 132 21 138903.4334433 195013.0000000 0.2877222
0.05 133 21 138904.0415370 195013.0000000 0.2877191
0.05 134 19 138904.3873357 195013.0000000 0.2877173
0.05 135 20 138905.1946420 195013.0000000 0.2877132
0.05 136 21 138905.3656499 195013.0000000 0.2877123
0.05 137 21 138905.7394122 195013.0000000 0.2877104
0.05 138 21 138905.8926578 195013.0000000 0.2877096
0.05 139 22 138906.0182860 195013.0000000 0.2877089
0.06 140 23 138906.4257499 195013.0000000 0.2877068
0.05 141 21 138906.7950021 195013.0000000 0.2877049
0.05 142 22 138907.5328021 195013.0000000 0.2877012
0.05 143 21 138908.8014110 195013.0000000 0.2876947
0.05 144 21 138909.2701083 195013.0000000 0.2876923
0.05 145 22 138910.0308711 195013.0000000 0.2876884
0.05 146 25 138910.3168001 195013.0000000 0.2876869
0.05 147 22 138910.4463139 195013.0000000 0.2876862
0.05 148 22 138910.7273076 195013.0000000 0.2876848
0.05 149 22 138911.0951900 195013.0000000 0.2876829
0.05 150 23 138911.3589961 195013.0000000 0.2876815
0.05 151 21 138911.5548623 195013.0000000 0.2876805
0.05 152 21 138911.6727500 195013.0000000 0.2876799
0.05 153 21 138912.0228832 195013.0000000 0.2876781
0.05 154 21 138912.4721529 195013.0000000 0.2876758
0.06 155 25 138912.9128989 195013.0000000 0.2876736
0.06 156 21 138913.3761013 195013.0000000 0.2876712
0.06 157 22 138914.1145051 195013.0000000 0.2876674
0.06 158 21 138915.3463699 195013.0000000 0.2876611
0.06 159 21 138915.4039070 195013.0000000 0.2876608
0.06 160 21 138915.5244042 195013.0000000 0.2876602
0.05 161 22 138915.5931644 195013.0000000 0.2876598
0.06 162 21 138915.8462846 195013.0000000 0.2876585
0.06 163 22 138916.0284933 195013.0000000 0.2876576
0.06 164 21 138916.0751649 195013.0000000 0.2876574
0.06 165 20 138916.2006259 195013.0000000 0.2876567
0.06 166 20 138916.3992527 195013.0000000 0.2876557
0.06 167 23 138916.5807415 195013.0000000 0.2876548
0.06 168 20 138916.6367378 195013.0000000 0.2876545
0.06 169 20 138916.7700783 195013.0000000 0.2876538
0.06 170 20 138917.2596333 195013.0000000 0.2876513
0.06 171 21 138917.4559681 195013.0000000 0.2876503
0.06 172 21 138917.5567919 195013.0000000 0.2876498
0.07 173 22 138917.6372868 195013.0000000 0.2876494
0.06 174 21 138917.6809142 195013.0000000 0.2876491
0.07 175 21 138917.7680121 195013.0000000 0.2876487
0.06 176 23 138917.8763198 195013.0000000 0.2876481
0.07 177 23 138918.7635621 195013.0000000 0.2876436
0.07 178 25 138918.9715530 195013.0000000 0.2876425
0.07 179 24 138919.3027897 195013.0000000 0.2876408
0.07 180 23 138919.3884823 195013.0000000 0.2876404
0.07 181 25 138919.7769437 195013.0000000 0.2876384
0.07 182 21 138920.0856210 195013.0000000 0.2876368
0.07 183 21 138920.7059679 195013.0000000 0.2876336
0.07 184 21 138920.7778722 195013.0000000 0.2876332
0.07 185 21 138921.0989665 195013.0000000 0.2876316
0.06 186 20 138921.0992251 195013.0000000 0.2876316
0.06 187 21 138921.2619120 195013.0000000 0.2876308
0.07 188 19 138921.3258224 195013.0000000 0.2876304
0.07 189 19 138921.4173050 195013.0000000 0.2876300
0.07 190 18 138921.4652374 195013.0000000 0.2876297
0.06 191 18 138921.6100782 195013.0000000 0.2876290
0.06 192 18 138921.6580561 195013.0000000 0.2876287
0.06 193 18 138921.6580561 195013.0000000 0.2876287
0.06 194 18 138921.6580561 195013.0000000 0.2876287
0.07 195 18 138921.6580561 195013.0000000 0.2876287
0.06 196 18 138921.7763326 195013.0000000 0.2876281
0.07 197 18 138921.8576065 195013.0000000 0.2876277
0.06 198 19 138921.8856408 195013.0000000 0.2876276
0.07 199 19 138921.9271607 195013.0000000 0.2876274
0.06 200 20 138921.9271606 195013.0000000 0.2876274
0.07 201 20 138922.0137220 195013.0000000 0.2876269
0.07 202 18 138922.0137220 195013.0000000 0.2876269
0.07 203 18 138922.0929154 195013.0000000 0.2876265
0.07 204 18 138922.1391870 195013.0000000 0.2876263
0.07 205 18 138922.1551419 195013.0000000 0.2876262
0.07 206 18 138922.1975361 195013.0000000 0.2876260
0.07 207 18 138922.2617431 195013.0000000 0.2876256
0.07 208 18 138922.3079179 195013.0000000 0.2876254
0.07 209 18 138922.3546448 195013.0000000 0.2876252
0.07 210 18 138922.5669738 195013.0000000 0.2876241
0.07 211 18 138922.6235012 195013.0000000 0.2876238
0.07 212 19 138922.7990299 195013.0000000 0.2876229
0.07 213 16 138922.8226601 195013.0000000 0.2876228
0.07 214 18 138922.8659214 195013.0000000 0.2876225
0.07 215 19 138923.0489896 195013.0000000 0.2876216
0.07 216 17 138923.1974304 195013.0000000 0.2876208
0.07 217 18 138923.4255083 195013.0000000 0.2876197
0.07 218 18 138923.6092263 195013.0000000 0.2876187
0.07 219 16 138923.7252897 195013.0000000 0.2876181
0.07 220 17 138923.7305795 195013.0000000 0.2876181
0.07 221 18 138923.9162186 195013.0000000 0.2876172
0.08 222 18 138924.1625306 195013.0000000 0.2876159
0.08 223 19 138924.7676035 195013.0000000 0.2876128
0.07 224 18 138924.7676035 195013.0000000 0.2876128
0.07 225 18 138924.9088507 195013.0000000 0.2876121
0.07 226 19 138924.9519507 195013.0000000 0.2876118
0.07 227 17 138924.9519507 195013.0000000 0.2876118
0.08 228 17 138925.1502852 195013.0000000 0.2876108
0.08 229 19 138925.3817838 195013.0000000 0.2876096
0.08 230 16 138925.5215984 195013.0000000 0.2876089
0.08 231 17 138925.5405716 195013.0000000 0.2876088
0.07 232 17 138925.5497287 195013.0000000 0.2876088
0.08 233 17 138925.7230355 195013.0000000 0.2876079
0.08 234 20 138925.7230355 195013.0000000 0.2876079
0.08 235 20 138925.7564889 195013.0000000 0.2876077
0.08 236 20 138925.7771175 195013.0000000 0.2876076
0.08 237 20 138925.8125480 195013.0000000 0.2876074
0.08 238 19 138925.8525708 195013.0000000 0.2876072
0.08 239 19 138925.8525708 195013.0000000 0.2876072
0.08 240 19 138925.9071308 195013.0000000 0.2876069
0.08 241 18 138925.9071308 195013.0000000 0.2876069
0.08 242 18 138925.9438408 195013.0000000 0.2876068
0.08 243 18 138925.9438408 195013.0000000 0.2876068
0.08 244 18 138926.1063229 195013.0000000 0.2876059
0.08 245 19 138926.1377808 195013.0000000 0.2876058
0.08 246 20 138926.1486731 195013.0000000 0.2876057
0.08 247 19 138926.1617875 195013.0000000 0.2876056
0.08 248 18 138926.2568974 195013.0000000 0.2876051
0.08 249 19 138926.2568974 195013.0000000 0.2876051
0.08 250 19 138926.4882404 195013.0000000 0.2876040
0.08 251 20 138926.4882404 195013.0000000 0.2876040
0.08 252 20 138926.7877281 195013.0000000 0.2876024
0.08 253 21 138926.7877281 195013.0000000 0.2876024
0.09 254 21 138927.2824984 195013.0000000 0.2875999
0.09 255 19 138927.3378703 195013.0000000 0.2875996
0.09 256 18 138927.3378703 195013.0000000 0.2875996
0.09 257 18 138927.7170167 195013.0000000 0.2875977
0.08 258 17 138927.7468376 195013.0000000 0.2875975
0.08 259 18 138927.7468376 195013.0000000 0.2875975
0.09 260 18 138927.9889353 195013.0000000 0.2875963
0.08 261 17 138927.9889353 195013.0000000 0.2875963
0.08 262 17 138927.9889353 195013.0000000 0.2875963
0.08 263 17 138928.0087316 195013.0000000 0.2875962
0.09 264 17 138928.0106833 195013.0000000 0.2875962
0.09 265 17 138928.1038089 195013.0000000 0.2875957
0.08 266 15 138928.1289573 195013.0000000 0.2875956
0.08 267 16 138928.1289573 195013.0000000 0.2875956
0.08 268 16 138928.2277037 195013.0000000 0.2875950
0.08 269 16 138928.2277037 195013.0000000 0.2875950
0.09 270 16 138928.2686733 195013.0000000 0.2875948
0.09 271 17 138928.2928449 195013.0000000 0.2875947
0.09 272 15 138928.2958760 195013.0000000 0.2875947
0.09 273 16 138928.2958760 195013.0000000 0.2875947
0.09 274 16 138928.3480160 195013.0000000 0.2875944
0.09 275 19 138928.3772251 195013.0000000 0.2875943
0.09 276 18 138928.3978657 195013.0000000 0.2875942
0.08 277 18 138928.3978657 195013.0000000 0.2875942
0.09 278 18 138928.4441597 195013.0000000 0.2875939
0.09 279 18 138928.4441597 195013.0000000 0.2875939
0.09 280 18 138928.5789072 195013.0000000 0.2875932
0.09 281 20 138928.6921594 195013.0000000 0.2875927
0.09 282 20 138928.7570976 195013.0000000 0.2875923
0.08 283 19 138928.8883118 195013.0000000 0.2875917
0.09 284 20 138929.4897398 195013.0000000 0.2875886
0.10 285 24 138929.8514703 195013.0000000 0.2875867
0.09 286 25 138929.9339930 195013.0000000 0.2875863
0.10 287 27 138930.2096812 195013.0000000 0.2875849
0.09 288 26 138930.2290529 195013.0000000 0.2875848
0.10 289 24 138930.2724583 195013.0000000 0.2875846
0.10 290 21 138930.3777764 195013.0000000 0.2875840
0.10 291 24 138930.5414043 195013.0000000 0.2875832
0.10 292 22 138930.7664411 195013.0000000 0.2875820
0.10 293 23 138931.2489490 195013.0000000 0.2875796
0.10 294 23 138931.3630302 195013.0000000 0.2875790
0.11 295 22 138931.4630920 195013.0000000 0.2875785
0.10 296 22 138931.9790400 195013.0000000 0.2875758
0.10 297 24 138932.4474272 195013.0000000 0.2875734
0.10 298 24 138932.6174918 195013.0000000 0.2875725
0.10 299 23 138932.9259198 195013.0000000 0.2875710
0.11 300 23 138933.0484948 195013.0000000 0.2875703
0.10 301 23 138933.7437519 195013.0000000 0.2875668
0.10 302 21 138933.8084573 195013.0000000 0.2875664
0.10 303 22 138933.9895402 195013.0000000 0.2875655
0.11 304 22 138934.6896578 195013.0000000 0.2875619
0.11 305 21 138934.8602212 195013.0000000 0.2875610
0.10 306 22 138935.2724482 195013.0000000 0.2875589
0.11 307 24 138935.2724482 195013.0000000 0.2875589
0.11 308 24 138935.5179091 195013.0000000 0.2875577
0.11 309 20 138935.6660638 195013.0000000 0.2875569
0.11 310 21 138935.6660638 195013.0000000 0.2875569
0.11 311 21 138935.9325088 195013.0000000 0.2875555
0.10 312 20 138935.9325088 195013.0000000 0.2875555
0.11 313 20 138936.0789135 195013.0000000 0.2875548
0.11 314 21 138936.0789135 195013.0000000 0.2875548
0.11 315 21 138936.3026212 195013.0000000 0.2875536
0.11 316 22 138936.3026212 195013.0000000 0.2875536
0.11 317 22 138936.3028413 195013.0000000 0.2875536
0.11 318 22 138936.3099920 195013.0000000 0.2875536
0.11 319 21 138936.6641989 195013.0000000 0.2875518
0.11 320 21 138936.8261628 195013.0000000 0.2875510
0.12 321 21 138936.9600154 195013.0000000 0.2875503
0.11 322 22 138936.9856189 195013.0000000 0.2875501
0.11 323 22 138937.0804558 195013.0000000 0.2875496
0.11 324 21 138937.1661506 195013.0000000 0.2875492
0.12 325 22 138937.4281319 195013.0000000 0.2875479
0.12 326 22 138937.4807171 195013.0000000 0.2875476
0.12 327 21 138937.6617498 195013.0000000 0.2875467
0.12 328 22 138937.8945352 195013.0000000 0.2875455
0.12 329 23 138937.9236866 195013.0000000 0.2875453
0.12 330 22 138938.3299103 195013.0000000 0.2875432
0.11 331 24 138939.3331928 195013.0000000 0.2875381
0.12 332 25 138939.3331928 195013.0000000 0.2875381
0.12 333 25 138939.9332003 195013.0000000 0.2875350
0.11 334 23 138939.9563522 195013.0000000 0.2875349
0.12 335 21 138940.0705048 195013.0000000 0.2875343
0.11 336 22 138940.3336749 195013.0000000 0.2875330
0.11 337 22 138940.3432228 195013.0000000 0.2875329
0.11 338 23 138940.4085411 195013.0000000 0.2875326
0.12 339 19 138940.4093678 195013.0000000 0.2875326
0.12 340 20 138940.4926514 195013.0000000 0.2875322
0.11 341 20 138940.5991887 195013.0000000 0.2875316
0.12 342 20 138940.7002355 195013.0000000 0.2875311
0.11 343 24 138940.8182504 195013.0000000 0.2875305
0.12 344 23 138941.5327931 195013.0000000 0.2875268
0.12 345 23 138941.5327931 195013.0000000 0.2875268
0.12 346 23 138941.5448686 195013.0000000 0.2875268
0.12 347 22 138941.5512983 195013.0000000 0.2875267
0.12 348 24 138941.8018864 195013.0000000 0.2875254
0.12 349 22 138941.8644977 195013.0000000 0.2875251
0.12 350 22 138942.2811356 195013.0000000 0.2875230
0.12 351 24 138942.6931664 195013.0000000 0.2875209
0.12 352 22 138942.7465261 195013.0000000 0.2875206
0.12 353 21 138943.1819233 195013.0000000 0.2875184
0.11 354 22 138943.2190171 195013.0000000 0.2875182
0.11 355 23 138943.2256615 195013.0000000 0.2875181
0.12 356 23 138943.6617113 195013.0000000 0.2875159
0.11 357 22 138943.6617113 195013.0000000 0.2875159
0.12 358 22 138943.6617369 195013.0000000 0.2875159
0.12 359 22 138943.6617369 195013.0000000 0.2875159
0.12 360 22 138943.7219868 195013.0000000 0.2875156
0.12 361 22 138943.7219868 195013.0000000 0.2875156
0.12 362 22 138943.8890417 195013.0000000 0.2875147
0.11 363 21 138943.9601136 195013.0000000 0.2875144
0.12 364 21 138943.9865875 195013.0000000 0.2875142
0.12 365 20 138943.9865875 195013.0000000 0.2875142
0.12 366 20 138943.9865875 195013.0000000 0.2875142
0.12 367 20 138944.0868719 195013.0000000 0.2875137
0.11 368 19 138944.0868719 195013.0000000 0.2875137
0.11 369 19 138944.0868719 195013.0000000 0.2875137
0.11 370 19 138944.1345324 195013.0000000 0.2875135
0.12 371 21 138944.2630368 195013.0000000 0.2875128
0.12 372 22 138944.3850175 195013.0000000 0.2875122
0.12 373 23 138944.3969571 195013.0000000 0.2875121
0.12 374 21 138944.4345318 195013.0000000 0.2875119
0.12 375 20 138944.4345318 195013.0000000 0.2875119
0.12 376 20 138944.5909362 195013.0000000 0.2875111
0.11 377 23 138944.6963859 195013.0000000 0.2875106
0.12 378 20 138944.8064392 195013.0000000 0.2875100
0.11 379 19 138944.8064392 195013.0000000 0.2875100
0.11 380 19 138944.8681208 195013.0000000 0.2875097
0.12 381 19 138944.8681208 195013.0000000 0.2875097
0.12 382 19 138944.8976914 195013.0000000 0.2875096
0.12 383 21 138944.9079873 195013.0000000 0.2875095
0.13 384 20 138944.9190446 195013.0000000 0.2875095
0.12 385 22 138945.0384569 195013.0000000 0.2875088
0.11 386 21 138945.0384569 195013.0000000 0.2875088
0.12 387 21 138945.0725319 195013.0000000 0.2875087
0.12 388 21 138945.1783152 195013.0000000 0.2875081
0.13 389 21 138945.3430350 195013.0000000 0.2875073
0.13 390 21 138945.4197372 195013.0000000 0.2875069
0.13 391 21 138945.4197372 195013.0000000 0.2875069
0.12 392 21 138945.4573539 195013.0000000 0.2875067
0.12 393 21 138945.4665963 195013.0000000 0.2875066
0.12 394 21 138945.5549064 195013.0000000 0.2875062
0.12 395 20 138945.7824371 195013.0000000 0.2875050
0.12 396 20 138945.8313552 195013.0000000 0.2875048
0.12 397 19 138945.8313552 195013.0000000 0.2875048
0.12 398 19 138945.8313552 195013.0000000 0.2875048
0.12 399 19 138945.9439218 195013.0000000 0.2875042
0.14 400 20 138946.0641142 195013.0000000 0.2875036
0.13 401 19 138946.2108412 195013.0000000 0.2875028
0.13 402 19 138946.2108412 195013.0000000 0.2875028
0.13 403 19 138946.4173676 195013.0000000 0.2875018
0.13 404 18 138946.4211096 195013.0000000 0.2875018
0.13 405 19 138946.4255808 195013.0000000 0.2875017
0.13 406 22 138946.4691253 195013.0000000 0.2875015
0.13 407 21 138946.4691253 195013.0000000 0.2875015
0.13 408 21 138946.5357087 195013.0000000 0.2875012
0.14 409 22 138946.7212031 195013.0000000 0.2875002
0.13 410 21 138946.9207806 195013.0000000 0.2874992
0.13 411 21 138947.1551513 195013.0000000 0.2874980
0.14 412 22 138947.5794156 195013.0000000 0.2874958
0.13 413 19 138947.7848866 195013.0000000 0.2874948
