3.83 0 0 134531.0214284 190995.0000000 0.2956307
0.01 1 30 134533.2559125 190995.0000000 0.2956190
0.01 2 30 134533.2722519 190995.0000000 0.2956189
0.01 3 29 134540.3187439 190995.0000000 0.2955820
0.01 4 29 134547.9236387 190995.0000000 0.2955422
0.01 5 32 134551.0421035 190995.0000000 0.2955258
0.01 6 35 134553.3298970 190995.0000000 0.2955139
0.01 7 35 134554.6032586 190995.0000000 0.2955072
0.01 8 33 134556.2713344 190995.0000000 0.2954985
0.01 9 33 134563.5068613 190995.0000000 0.2954606
0.01 10 33 134566.6406630 190995.0000000 0.2954442
0.01 11 34 134569.6018453 190995.0000000 0.2954287
0.02 12 34 134571.3065725 190995.0000000 0.2954197
0.02 13 33 134576.6310188 190995.0000000 0.2953919
0.02 14 33 134584.1318010 190995.0000000 0.2953526
0.02 15 31 134588.0594504 190995.0000000 0.2953320
0.02 16 33 134595.2442345 190995.0000000 0.2952944
0.02 17 33 134596.1076201 190995.0000000 0.2952899
0.02 18 34 134598.9461834 190995.0000000 0.2952750
0.02 19 34 134600.7749531 190995.0000000 0.2952655
0.02 20 33 134601.6707133 190995.0000000 0.2952608
0.02 21 35 134606.1712251 190995.0000000 0.2952372
0.02 22 34 134609.0401658 190995.0000000 0.2952222
0.02 23 34 134613.9466856 190995.0000000 0.2951965
0.02 24 38 134616.6204597 190995.0000000 0.2951825
0.02 25 36 134617.9181172 190995.0000000 0.2951757
0.02 26 33 134624.0690830 190995.0000000 0.2951435
0.02 27 36 134626.9460219 190995.0000000 0.2951284
0.02 28 34 134628.6590042 190995.0000000 0.2951195
0.02 29 35 134631.0944666 190995.0000000 0.2951067
0.02 30 36 134633.5093034 190995.0000000 0.2950941
0.02 31 33 134637.7673129 190995.0000000 0.2950718
0.02 32 38 134642.7934519 190995.0000000 0.2950455
0.03 33 36 134644.3197270 190995.0000000 0.2950375
0.03 34 39 134653.8977520 190995.0000000 0.2949873
0.03 35 40 134657.0806977 190995.0000000 0.2949707
0.03 36 42 134660.0171572 190995.0000000 0.2949553
0.03 37 39 134663.0425558 190995.0000000 0.2949394
0.03 38 41 134664.8040835 190995.0000000 0.2949302
0.03 39 43 134668.3435638 190995.0000000 0.2949117
0.03 40 43 134672.5568826 190995.0000000 0.2948896
0.03 41 40 134674.8147472 190995.0000000 0.2948778
0.03 42 38 134678.1603032 190995.0000000 0.2948603
0.03 43 37 134679.2481234 190995.0000000 0.2948546
0.03 44 40 134684.5751137 190995.0000000 0.2948267
0.03 45 41 134687.1353669 190995.0000000 0.2948133
0.03 46 35 134689.7481015 190995.0000000 0.2947996
0.03 47 35 134691.8769596 190995.0000000 0.2947885
0.04 48 38 134694.6184157 190995.0000000 0.2947741
0.04 49 36 134696.6103456 190995.0000000 0.2947637
0.04 50 37 134698.8653104 190995.0000000 0.2947519
0.04 51 34 134702.2511844 190995.0000000 0.2947341
0.04 52 35 134706.9207974 190995.0000000 0.2947097
0.04 53 37 134711.2457461 190995.0000000 0.2946871
0.04 54 32 134712.9883180 190995.0000000 0.2946779
0.04 55 35 134716.2899720 190995.0000000 0.2946606
0.04 56 36 134718.0025054 190995.0000000 0.2946517
0.04 57 38 134720.2522310 190995.0000000 0.2946399
0.04 58 38 134722.0279628 190995.0000000 0.2946306
0.04 59 38 134724.1346684 190995.0000000 0.2946196
0.05 60 36 134726.9135470 190995.0000000 0.2946050
0.05 61 40 134729.0472499 190995.0000000 0.2945939
0.05 62 39 134735.1396598 190995.0000000 0.2945620
0.05 63 36 134738.3661915 190995.0000000 0.2945451
0.05 64 37 134742.8793744 190995.0000000 0.2945214
0.05 65 35 134744.4688554 190995.0000000 0.2945131
0.05 66 36 134747.8431833 190995.0000000 0.2944954
0.05 67 35 134751.9826606 190995.0000000 0.2944738
0.05 68 35 134754.4333987 190995.0000000 0.2944609
0.05 69 36 134756.4064657 190995.0000000 0.2944506
0.06 70 33 134759.3129918 190995.0000000 0.2944354
0.06 71 32 134764.4299576 190995.0000000 0.2944086
0.06 72 32 134767.5330404 190995.0000000 0.2943924
0.05 73 32 134770.6729753 190995.0000000 0.2943759
0.06 74 32 134777.2449248 190995.0000000 0.2943415
0.06 75 34 134779.9373018 190995.0000000 0.2943274
0.06 76 30 134782.8247648 190995.0000000 0.2943123
0.06 77 36 134785.4311921 190995.0000000 0.2942986
0.06 78 33 134787.2664638 190995.0000000 0.2942890
0.06 79 35 134789.2174920 190995.0000000 0.2942788
0.06 80 33 134791.1596011 190995.0000000 0.2942686
0.07 81 34 134792.9536926 190995.0000000 0.2942593
0.06 82 32 134794.9595347 190995.0000000 0.2942488
0.07 83 33 134796.8959078 190995.0000000 0.2942386
0.07 84 36 134798.9561015 190995.0000000 0.2942278
0.07 85 34 134801.4371760 190995.0000000 0.2942148
0.07 86 35 134803.9627291 190995.0000000 0.2942016
0.07 87 32 134806.4926271 190995.0000000 0.2941884
0.07 88 33 134807.6260732 190995.0000000 0.2941824
0.07 89 34 134809.8999110 190995.0000000 0.2941705
0.08 90 36 134813.2500768 190995.0000000 0.2941530
0.08 91 38 134815.0982754 190995.0000000 0.2941433
0.08 92 39 134817.5628584 190995.0000000 0.2941304
0.08 93 40 134822.0513407 190995.0000000 0.2941069
0.07 94 36 134824.2812172 190995.0000000 0.2940952
0.08 95 36 134826.0698533 190995.0000000 0.2940859
0.08 96 36 134827.5186661 190995.0000000 0.2940783
0.09 97 36 134829.4968975 190995.0000000 0.2940679
0.09 98 37 134832.9296256 190995.0000000 0.2940500
0.08 99 39 134836.0038302 190995.0000000 0.2940339
0.09 100 38 134840.0716169 190995.0000000 0.2940126
0.08 101 41 134841.3035309 190995.0000000 0.2940061
0.09 102 38 134844.2036660 190995.0000000 0.2939909
0.09 103 37 134846.5529522 190995.0000000 0.2939786
0.09 104 38 134848.0427657 190995.0000000 0.2939708
0.09 105 40 134849.5810033 190995.0000000 0.2939628
0.09 106 40 134850.2750880 190995.0000000 0.2939591
0.10 107 38 134851.3233711 190995.0000000 0.2939536
0.10 108 38 134852.2370225 190995.0000000 0.2939489
0.10 109 38 134854.3231902 190995.0000000 0.2939379
0.11 110 41 134856.2011824 190995.0000000 0.2939281
0.10 111 39 134857.7863591 190995.0000000 0.2939198
0.10 112 38 134862.8906188 190995.0000000 0.2938931
0.10 113 34 134864.4269741 190995.0000000 0.2938850
0.10 114 37 134866.5734241 190995.0000000 0.2938738
0.11 115 38 134868.1003681 190995.0000000 0.2938658
0.11 116 36 134870.5153261 190995.0000000 0.2938532
0.11 117 39 134872.5979406 190995.0000000 0.2938423
0.10 118 37 134873.9564624 190995.0000000 0.2938351
0.11 119 36 134875.3038054 190995.0000000 0.2938281
0.11 120 37 134876.6049986 190995.0000000 0.2938213
0.12 121 37 134878.4894132 190995.0000000 0.2938114
0.11 122 38 134880.3699193 190995.0000000 0.2938016
0.11 123 36 134881.6930069 190995.0000000 0.2937946
0.12 124 37 134882.6088214 190995.0000000 0.2937898
0.12 125 38 134885.2210308 190995.0000000 0.2937762
0.12 126 42 134888.6063890 190995.0000000 0.2937584
0.12 127 41 134889.9013135 190995.0000000 0.2937517
0.12 128 40 134890.8430306 190995.0000000 0.2937467
0.13 129 37 134892.4164435 190995.0000000 0.2937385
0.13 130 34 134895.7918352 190995.0000000 0.2937208
0.13 131 34 134896.8585809 190995.0000000 0.2937152
0.13 132 39 134898.1906541 190995.0000000 0.2937083
0.13 133 32 134899.2749612 190995.0000000 0.2937026
0.13 134 33 134900.3962042 190995.0000000 0.2936967
0.13 135 35 134901.7343667 190995.0000000 0.2936897
0.14 136 36 134902.6326398 190995.0000000 0.2936850
0.14 137 35 134903.7749190 190995.0000000 0.2936790
0.15 138 32 134905.7170517 190995.0000000 0.2936689
0.14 139 37 134907.3994061 190995.0000000 0.2936600
0.15 140 37 134909.2794179 190995.0000000 0.2936502
0.14 141 37 134911.3997563 190995.0000000 0.2936391
