3.11 0 0 126334.4677642 166999.0000000 0.2435017
0.01 1 17 126334.4677642 166999.0000000 0.2435017
0.01 2 18 126339.5005140 166999.0000000 0.2434715
0.01 3 19 126341.9786327 166999.0000000 0.2434567
0.01 4 18 126349.8821113 166999.0000000 0.2434093
0.01 5 15 126349.9128748 166999.0000000 0.2434092
0.01 6 15 126349.9128748 166999.0000000 0.2434092
0.01 7 15 126350.5562135 166999.0000000 0.2434053
0.01 8 16 126350.5562135 166999.0000000 0.2434053
0.01 9 16 126350.5926167 166999.0000000 0.2434051
0.01 10 16 126352.2173874 166999.0000000 0.2433954
0.01 11 16 126352.3523845 166999.0000000 0.2433946
0.01 12 17 126352.5377242 166999.0000000 0.2433934
0.01 13 17 126353.1958606 166999.0000000 0.2433895
0.01 14 18 126353.9600214 166999.0000000 0.2433849
0.01 15 22 126354.3926982 166999.0000000 0.2433823
0.01 16 20 126354.7850316 166999.0000000 0.2433800
0.01 17 20 126355.0501512 166999.0000000 0.2433784
0.01 18 22 126355.7599220 166999.0000000 0.2433742
0.01 19 22 126355.9617036 166999.0000000 0.2433729
0.01 20 22 126356.1027834 166999.0000000 0.2433721
0.01 21 22 126356.2886107 166999.0000000 0.2433710
0.01 22 23 126357.1885365 166999.0000000 0.2433656
0.01 23 22 126357.4805166 166999.0000000 0.2433638
0.01 24 22 126357.7847644 166999.0000000 0.2433620
0.01 25 23 126357.7848106 166999.0000000 0.2433620
0.01 26 24 126357.9795879 166999.0000000 0.2433609
0.01 27 23 126358.1582620 166999.0000000 0.2433598
0.01 28 23 126358.7015367 166999.0000000 0.2433565
0.02 29 23 126359.3153127 166999.0000000 0.2433529
0.02 30 24 126360.5091146 166999.0000000 0.2433457
0.01 31 23 126360.8098122 166999.0000000 0.2433439
0.02 32 23 126361.6346750 166999.0000000 0.2433390
0.01 33 20 126361.7045278 166999.0000000 0.2433386
0.02 34 21 126361.8904979 166999.0000000 0.2433374
0.02 35 22 126362.1274218 166999.0000000 0.2433360
0.02 36 23 126362.2781608 166999.0000000 0.2433351
0.02 37 22 126362.5404438 166999.0000000 0.2433336
0.02 38 20 126363.2523382 166999.0000000 0.2433293
0.02 39 22 126363.2899579 166999.0000000 0.2433291
0.02 40 23 126373.0817823 166999.0000000 0.2432704
0.02 41 24 126373.3074952 166999.0000000 0.2432691
0.02 42 24 126374.3464601 166999.0000000 0.2432629
0.02 43 21 126374.5388993 166999.0000000 0.2432617
0.02 44 23 126374.5388993 166999.0000000 0.2432617
0.02 45 23 126374.5549737 166999.0000000 0.2432616
0.02 46 24 126375.0637602 166999.0000000 0.2432586
0.02 47 22 126375.7108840 166999.0000000 0.2432547
0.02 48 23 126375.7912680 166999.0000000 0.2432542
0.02 49 22 126375.8900474 166999.0000000 0.2432536
0.02 50 20 126375.8900474 166999.0000000 0.2432536
0.02 51 22 126376.2081026 166999.0000000 0.2432517
0.02 52 22 126376.6967013 166999.0000000 0.2432488
0.02 53 25 126376.9736866 166999.0000000 0.2432471
0.02 54 26 126377.1355648 166999.0000000 0.2432462
0.02 55 28 126377.2845497 166999.0000000 0.2432453
0.02 56 26 126377.4452786 166999.0000000 0.2432443
0.02 57 25 126377.7257911 166999.0000000 0.2432426
0.02 58 22 126378.2337580 166999.0000000 0.2432396
0.02 59 22 126378.6239422 166999.0000000 0.2432372
0.02 60 23 126379.1221116 166999.0000000 0.2432343
0.02 61 24 126379.2064366 166999.0000000 0.2432338
0.02 62 24 126379.9067904 166999.0000000 0.2432296
0.02 63 22 126380.4619287 166999.0000000 0.2432262
0.02 64 22 126380.9642562 166999.0000000 0.2432232
0.02 65 23 126381.3468372 166999.0000000 0.2432209
0.02 66 22 126381.5115111 166999.0000000 0.2432200
0.02 67 22 126381.6717154 166999.0000000 0.2432190
0.02 68 22 126381.7877690 166999.0000000 0.2432183
0.02 69 22 126382.1171023 166999.0000000 0.2432163
0.02 70 22 126382.4202546 166999.0000000 0.2432145
0.02 71 23 126382.7268124 166999.0000000 0.2432127
0.03 72 24 126382.9016820 166999.0000000 0.2432116
0.02 73 23 126383.6936684 166999.0000000 0.2432069
0.03 74 25 126384.1733225 166999.0000000 0.2432040
0.03 75 27 126384.8011311 166999.0000000 0.2432003
0.03 76 26 126385.5084060 166999.0000000 0.2431960
0.03 77 25 126386.3894110 166999.0000000 0.2431907
0.03 78 24 126386.6477569 166999.0000000 0.2431892
0.03 79 24 126387.1017451 166999.0000000 0.2431865
0.03 80 25 126387.1513529 166999.0000000 0.2431862
0.03 81 25 126387.2882475 166999.0000000 0.2431854
0.03 82 25 126387.6948457 166999.0000000 0.2431829
0.03 83 23 126387.7018703 166999.0000000 0.2431829
0.03 84 23 126388.2149940 166999.0000000 0.2431798
0.03 85 25 126388.5225951 166999.0000000 0.2431780
0.03 86 25 126388.7417813 166999.0000000 0.2431767
0.03 87 25 126388.9381710 166999.0000000 0.2431755
0.03 88 25 126389.2151620 166999.0000000 0.2431738
0.03 89 26 126389.2884746 166999.0000000 0.2431734
0.03 90 25 126389.6684940 166999.0000000 0.2431711
0.03 91 27 126389.9094468 166999.0000000 0.2431697
0.03 92 26 126390.0110255 166999.0000000 0.2431691
0.03 93 27 126390.2192005 166999.0000000 0.2431678
0.03 94 28 126390.4613280 166999.0000000 0.2431664
0.03 95 26 126390.5694384 166999.0000000 0.2431657
0.03 96 28 126390.9067661 166999.0000000 0.2431637
0.03 97 27 126391.2741255 166999.0000000 0.2431615
0.04 98 28 126391.9491729 166999.0000000 0.2431574
0.03 99 27 126392.2572904 166999.0000000 0.2431556
0.03 100 26 126392.4849693 166999.0000000 0.2431542
0.04 101 28 126393.0966076 166999.0000000 0.2431506
0.03 102 28 126393.6420004 166999.0000000 0.2431473
0.03 103 32 126394.0430086 166999.0000000 0.2431449
0.04 104 30 126394.7516947 166999.0000000 0.2431407
0.04 105 27 126395.0635805 166999.0000000 0.2431388
0.04 106 25 126395.4831097 166999.0000000 0.2431363
0.04 107 26 126395.7164603 166999.0000000 0.2431349
0.04 108 26 126396.0871705 166999.0000000 0.2431327
0.04 109 25 126396.3829626 166999.0000000 0.2431309
0.04 110 30 126396.6885259 166999.0000000 0.2431291
0.04 111 28 126397.0647035 166999.0000000 0.2431268
0.04 112 27 126397.4894665 166999.0000000 0.2431243
0.04 113 25 126397.7765987 166999.0000000 0.2431226
0.04 114 27 126397.9621326 166999.0000000 0.2431214
0.04 115 30 126398.1627002 166999.0000000 0.2431202
0.04 116 32 126398.3679728 166999.0000000 0.2431190
0.04 117 32 126398.6734167 166999.0000000 0.2431172
0.04 118 29 126398.8118493 166999.0000000 0.2431164
0.04 119 27 126399.1703482 166999.0000000 0.2431142
0.05 120 27 126399.7064750 166999.0000000 0.2431110
0.04 121 27 126399.9411672 166999.0000000 0.2431096
0.04 122 26 126400.0047514 166999.0000000 0.2431092
0.04 123 31 126400.3261307 166999.0000000 0.2431073
0.04 124 27 126400.6187496 166999.0000000 0.2431055
0.04 125 31 126400.8010111 166999.0000000 0.2431044
0.05 126 29 126400.9336568 166999.0000000 0.2431036
0.04 127 27 126401.0968617 166999.0000000 0.2431027
0.05 128 29 126401.3395205 166999.0000000 0.2431012
0.05 129 32 126401.4616213 166999.0000000 0.2431005
0.05 130 32 126402.3986850 166999.0000000 0.2430949
0.04 131 28 126402.5978197 166999.0000000 0.2430937
0.05 132 30 126402.6960137 166999.0000000 0.2430931
0.04 133 29 126402.9120986 166999.0000000 0.2430918
0.05 134 27 126403.2069359 166999.0000000 0.2430900
0.05 135 29 126403.4672392 166999.0000000 0.2430885
0.05 136 28 126403.9482548 166999.0000000 0.2430856
0.05 137 30 126404.3803450 166999.0000000 0.2430830
0.05 138 34 126404.5788644 166999.0000000 0.2430818
0.05 139 36 126404.8947920 166999.0000000 0.2430799
0.05 140 34 126405.0715862 166999.0000000 0.2430789
0.05 141 32 126405.1479952 166999.0000000 0.2430784
0.05 142 32 126405.3376250 166999.0000000 0.2430773
0.05 143 26 126406.0657839 166999.0000000 0.2430729
0.05 144 29 126406.1381222 166999.0000000 0.2430725
0.06 145 30 126406.2372887 166999.0000000 0.2430719
0.06 146 28 126406.5787707 166999.0000000 0.2430698
0.05 147 27 126406.7242563 166999.0000000 0.2430690
0.05 148 26 126406.7661039 166999.0000000 0.2430687
0.05 149 26 126406.9189655 166999.0000000 0.2430678
0.05 150 29 126407.0698803 166999.0000000 0.2430669
0.06 151 26 126407.2812557 166999.0000000 0.2430656
0.05 152 28 126407.3791778 166999.0000000 0.2430651
0.06 153 26 126407.5272046 166999.0000000 0.2430642
0.06 154 26 126407.6600512 166999.0000000 0.2430634
0.06 155 25 126407.7329778 166999.0000000 0.2430629
0.06 156 23 126407.8550885 166999.0000000 0.2430622
0.06 157 26 126407.9112799 166999.0000000 0.2430619
0.06 158 26 126408.1377957 166999.0000000 0.2430605
0.06 159 25 126408.4773378 166999.0000000 0.2430585
0.06 160 25 126408.6977059 166999.0000000 0.2430572
0.06 161 26 126408.8762172 166999.0000000 0.2430561
0.06 162 25 126408.9114854 166999.0000000 0.2430559
0.06 163 25 126408.9432097 166999.0000000 0.2430557
0.06 164 24 126409.2241233 166999.0000000 0.2430540
0.05 165 22 126409.2445879 166999.0000000 0.2430539
0.06 166 25 126409.3481090 166999.0000000 0.2430533
0.06 167 25 126409.4459581 166999.0000000 0.2430527
0.06 168 24 126409.5001515 166999.0000000 0.2430524
0.06 169 25 126409.6715930 166999.0000000 0.2430513
0.06 170 26 126409.7269074 166999.0000000 0.2430510
0.06 171 24 126409.8962663 166999.0000000 0.2430500
0.06 172 26 126409.9546693 166999.0000000 0.2430496
0.06 173 27 126410.0563957 166999.0000000 0.2430490
0.06 174 26 126410.1599597 166999.0000000 0.2430484
0.06 175 26 126410.2108293 166999.0000000 0.2430481
0.06 176 27 126410.2958252 166999.0000000 0.2430476
0.06 177 27 126410.4269951 166999.0000000 0.2430468
0.06 178 25 126410.5158224 166999.0000000 0.2430463
0.06 179 25 126410.8094872 166999.0000000 0.2430445
0.06 180 25 126410.8427720 166999.0000000 0.2430443
0.06 181 23 126411.0284427 166999.0000000 0.2430432
0.06 182 24 126411.0854616 166999.0000000 0.2430429
0.07 183 24 126411.1228503 166999.0000000 0.2430426
0.06 184 24 126411.1449918 166999.0000000 0.2430425
0.07 185 24 126411.2895748 166999.0000000 0.2430416
0.06 186 24 126411.2933890 166999.0000000 0.2430416
0.07 187 25 126411.4083970 166999.0000000 0.2430409
0.06 188 24 126411.4452637 166999.0000000 0.2430407
0.07 189 24 126411.6981796 166999.0000000 0.2430392
0.06 190 24 126412.0381357 166999.0000000 0.2430372
0.07 191 26 126412.2952445 166999.0000000 0.2430356
0.07 192 24 126412.3511245 166999.0000000 0.2430353
0.07 193 26 126412.4670086 166999.0000000 0.2430346
0.07 194 29 126412.5940821 166999.0000000 0.2430338
0.07 195 25 126412.6431428 166999.0000000 0.2430335
0.07 196 27 126412.6962888 166999.0000000 0.2430332
0.07 197 28 126412.8221102 166999.0000000 0.2430325
0.07 198 24 126412.8702267 166999.0000000 0.2430322
0.07 199 24 126412.9509408 166999.0000000 0.2430317
0.07 200 20 126413.0144960 166999.0000000 0.2430313
0.07 201 21 126413.0715063 166999.0000000 0.2430310
0.07 202 21 126413.2048947 166999.0000000 0.2430302
0.07 203 23 126413.2817509 166999.0000000 0.2430297
0.07 204 22 126413.3840808 166999.0000000 0.2430291
0.07 205 26 126413.7054607 166999.0000000 0.2430272
0.07 206 25 126414.5012465 166999.0000000 0.2430224
0.08 207 29 126414.7201624 166999.0000000 0.2430211
0.08 208 29 126414.8885451 166999.0000000 0.2430201
0.08 209 31 126414.9100209 166999.0000000 0.2430200
0.08 210 31 126415.0135015 166999.0000000 0.2430193
0.08 211 32 126415.0247523 166999.0000000 0.2430193
0.08 212 32 126415.0933943 166999.0000000 0.2430189
0.08 213 31 126415.1742796 166999.0000000 0.2430184
0.08 214 30 126415.2008949 166999.0000000 0.2430182
0.09 215 30 126415.2967551 166999.0000000 0.2430176
0.08 216 33 126415.4489360 166999.0000000 0.2430167
0.08 217 31 126415.4598482 166999.0000000 0.2430167
0.08 218 31 126415.5588865 166999.0000000 0.2430161
0.08 219 30 126415.6300397 166999.0000000 0.2430156
0.08 220 26 126415.7423110 166999.0000000 0.2430150
0.08 221 25 126415.8053412 166999.0000000 0.2430146
0.08 222 26 126415.8301151 166999.0000000 0.2430144
0.08 223 26 126415.8656162 166999.0000000 0.2430142
0.09 224 24 126415.9254416 166999.0000000 0.2430139
0.08 225 22 126415.9482933 166999.0000000 0.2430137
0.08 226 22 126415.9779993 166999.0000000 0.2430136
0.09 227 24 126415.9841549 166999.0000000 0.2430135
0.08 228 24 126416.0300511 166999.0000000 0.2430133
0.08 229 21 126416.0541076 166999.0000000 0.2430131
0.08 230 24 126416.0685014 166999.0000000 0.2430130
0.08 231 22 126416.1683335 166999.0000000 0.2430124
0.09 232 27 126416.2731771 166999.0000000 0.2430118
0.08 233 26 126416.3579869 166999.0000000 0.2430113
0.08 234 25 126416.3882610 166999.0000000 0.2430111
0.09 235 24 126416.4322940 166999.0000000 0.2430108
0.09 236 24 126416.4531461 166999.0000000 0.2430107
0.09 237 24 126416.5251145 166999.0000000 0.2430103
0.09 238 26 126416.5857493 166999.0000000 0.2430099
0.09 239 26 126416.6374725 166999.0000000 0.2430096
0.08 240 23 126416.6776113 166999.0000000 0.2430094
0.09 241 27 126416.8759153 166999.0000000 0.2430082
0.09 242 26 126416.9401640 166999.0000000 0.2430078
0.09 243 22 126417.0732247 166999.0000000 0.2430070
0.09 244 21 126417.0848633 166999.0000000 0.2430069
0.09 245 23 126417.0959385 166999.0000000 0.2430069
0.09 246 23 126417.1366485 166999.0000000 0.2430066
0.09 247 21 126417.1524231 166999.0000000 0.2430065
0.09 248 22 126417.1837161 166999.0000000 0.2430063
0.09 249 23 126417.3184218 166999.0000000 0.2430055
0.09 250 21 126417.3393652 166999.0000000 0.2430054
0.09 251 21 126417.4249762 166999.0000000 0.2430049
0.09 252 22 126417.4354434 166999.0000000 0.2430048
0.09 253 22 126417.4817400 166999.0000000 0.2430046
0.09 254 22 126417.4966305 166999.0000000 0.2430045
0.10 255 21 126417.5443133 166999.0000000 0.2430042
0.10 256 21 126417.5557247 166999.0000000 0.2430041
0.09 257 21 126417.6199069 166999.0000000 0.2430037
0.10 258 23 126417.6991585 166999.0000000 0.2430033
0.09 259 23 126417.8837724 166999.0000000 0.2430022
0.10 260 24 126418.0188212 166999.0000000 0.2430013
0.10 261 23 126418.1207477 166999.0000000 0.2430007
0.09 262 20 126418.1918850 166999.0000000 0.2430003
0.09 263 18 126418.2073346 166999.0000000 0.2430002
0.10 264 18 126418.2218779 166999.0000000 0.2430001
0.10 265 18 126418.2393484 166999.0000000 0.2430000
0.10 266 19 126418.2664036 166999.0000000 0.2429999
0.10 267 18 126418.3070417 166999.0000000 0.2429996
0.09 268 17 126418.3692620 166999.0000000 0.2429992
0.09 269 17 126418.4318051 166999.0000000 0.2429989
0.10 270 19 126418.4525259 166999.0000000 0.2429987
0.10 271 19 126418.4725836 166999.0000000 0.2429986
0.10 272 20 126418.5106389 166999.0000000 0.2429984
0.10 273 20 126418.5173365 166999.0000000 0.2429984
0.10 274 19 126418.5466039 166999.0000000 0.2429982
0.10 275 19 126418.5788063 166999.0000000 0.2429980
0.10 276 20 126418.6187903 166999.0000000 0.2429977
0.10 277 20 126418.6195339 166999.0000000 0.2429977
0.10 278 20 126418.6463101 166999.0000000 0.2429976
0.10 279 18 126418.6691261 166999.0000000 0.2429974
0.10 280 18 126418.6845001 166999.0000000 0.2429974
0.10 281 20 126418.7405867 166999.0000000 0.2429970
0.10 282 18 126418.7439623 166999.0000000 0.2429970
0.10 283 18 126418.8134264 166999.0000000 0.2429966
0.10 284 19 126418.8569943 166999.0000000 0.2429963
0.10 285 17 126418.8663263 166999.0000000 0.2429963
0.09 286 17 126418.8998285 166999.0000000 0.2429961
0.10 287 17 126418.9496424 166999.0000000 0.2429958
0.10 288 18 126418.9503501 166999.0000000 0.2429958
0.10 289 19 126418.9659619 166999.0000000 0.2429957
0.10 290 19 126418.9659619 166999.0000000 0.2429957
0.10 291 19 126418.9801554 166999.0000000 0.2429956
0.10 292 20 126419.0768133 166999.0000000 0.2429950
0.10 293 19 126419.1344438 166999.0000000 0.2429947
0.11 294 19 126419.2882613 166999.0000000 0.2429937
0.10 295 19 126419.3435923 166999.0000000 0.2429934
0.10 296 19 126419.8626202 166999.0000000 0.2429903
0.10 297 19 126419.9862794 166999.0000000 0.2429896
0.10 298 20 126420.0305459 166999.0000000 0.2429893
0.10 299 19 126420.0372659 166999.0000000 0.2429893
0.10 300 19 126420.0836935 166999.0000000 0.2429890
0.10 301 19 126420.1615901 166999.0000000 0.2429885
0.10 302 19 126420.2227690 166999.0000000 0.2429881
0.10 303 19 126420.3364847 166999.0000000 0.2429875
0.10 304 21 126420.3598743 166999.0000000 0.2429873
0.11 305 22 126420.5142500 166999.0000000 0.2429864
0.11 306 22 126420.7033653 166999.0000000 0.2429853
0.11 307 22 126420.7621631 166999.0000000 0.2429849
0.10 308 21 126420.7692392 166999.0000000 0.2429849
0.10 309 20 126420.8333124 166999.0000000 0.2429845
0.10 310 20 126420.8816500 166999.0000000 0.2429842
0.11 311 20 126420.9380616 166999.0000000 0.2429839
0.11 312 19 126420.9779613 166999.0000000 0.2429836
0.11 313 20 126421.0349632 166999.0000000 0.2429833
0.11 314 20 126421.0923202 166999.0000000 0.2429829
0.11 315 21 126421.1703978 166999.0000000 0.2429825
0.11 316 20 126421.2625682 166999.0000000 0.2429819
0.11 317 19 126421.2775060 166999.0000000 0.2429818
0.11 318 20 126421.3617054 166999.0000000 0.2429813
0.11 319 20 126421.3648703 166999.0000000 0.2429813
0.11 320 21 126421.4860254 166999.0000000 0.2429806
0.11 321 19 126421.5197846 166999.0000000 0.2429804
0.11 322 20 126421.5425351 166999.0000000 0.2429802
0.11 323 22 126421.5430071 166999.0000000 0.2429802
0.11 324 19 126421.5689297 166999.0000000 0.2429801
0.11 325 22 126421.6362594 166999.0000000 0.2429797
0.11 326 20 126421.7053881 166999.0000000 0.2429793
0.11 327 20 126421.7342393 166999.0000000 0.2429791
0.11 328 20 126421.7765779 166999.0000000 0.2429788
0.11 329 20 126421.7952123 166999.0000000 0.2429787
0.11 330 21 126421.8103794 166999.0000000 0.2429786
0.12 331 20 126421.9947586 166999.0000000 0.2429775
0.12 332 20 126422.0068981 166999.0000000 0.2429775
0.12 333 21 126422.3875452 166999.0000000 0.2429752
0.12 334 19 126422.6624729 166999.0000000 0.2429735
0.11 335 16 126422.8662756 166999.0000000 0.2429723
0.12 336 20 126422.9926830 166999.0000000 0.2429716
0.11 337 20 126423.0365763 166999.0000000 0.2429713
0.12 338 19 126423.9153566 166999.0000000 0.2429660
0.12 339 20 126423.9753635 166999.0000000 0.2429657
0.12 340 19 126424.0167602 166999.0000000 0.2429654
0.11 341 19 126424.0658074 166999.0000000 0.2429651
0.12 342 18 126424.1359206 166999.0000000 0.2429647
0.12 343 19 126424.1503773 166999.0000000 0.2429646
0.12 344 18 126424.1877534 166999.0000000 0.2429644
0.12 345 17 126424.2273842 166999.0000000 0.2429642
0.12 346 18 126424.2741762 166999.0000000 0.2429639
0.12 347 17 126424.2900819 166999.0000000 0.2429638
0.12 348 17 126424.3044902 166999.0000000 0.2429637
0.12 349 19 126424.3531520 166999.0000000 0.2429634
0.12 350 19 126424.3920693 166999.0000000 0.2429632
0.12 351 18 126424.4386203 166999.0000000 0.2429629
0.12 352 18 126424.4684562 166999.0000000 0.2429627
0.12 353 19 126424.4882670 166999.0000000 0.2429626
0.12 354 18 126424.5050236 166999.0000000 0.2429625
0.12 355 18 126424.5423488 166999.0000000 0.2429623
0.12 356 18 126424.5597628 166999.0000000 0.2429622
0.13 357 18 126424.6589502 166999.0000000 0.2429616
0.12 358 18 126424.6940910 166999.0000000 0.2429614
0.13 359 18 126424.7091362 166999.0000000 0.2429613
0.12 360 18 126424.7144180 166999.0000000 0.2429612
0.13 361 17 126424.7648465 166999.0000000 0.2429609
0.13 362 17 126424.9869369 166999.0000000 0.2429596
0.13 363 16 126425.0387797 166999.0000000 0.2429593
0.13 364 19 126425.0515541 166999.0000000 0.2429592
0.13 365 19 126425.1172324 166999.0000000 0.2429588
0.12 366 17 126425.1327245 166999.0000000 0.2429587
0.12 367 19 126425.1466570 166999.0000000 0.2429587
0.13 368 19 126426.1495788 166999.0000000 0.2429527
0.12 369 17 126426.1496098 166999.0000000 0.2429527
0.13 370 17 126426.4741712 166999.0000000 0.2429507
0.13 371 17 126426.4741712 166999.0000000 0.2429507
0.13 372 17 126426.5634022 166999.0000000 0.2429502
0.13 373 17 126426.5766934 166999.0000000 0.2429501
0.13 374 17 126426.6856358 166999.0000000 0.2429494
0.13 375 17 126426.7589208 166999.0000000 0.2429490
0.13 376 15 126426.9798069 166999.0000000 0.2429477
0.13 377 16 126427.0025188 166999.0000000 0.2429475
0.12 378 16 126427.1292310 166999.0000000 0.2429468
0.13 379 16 126427.1324791 166999.0000000 0.2429468
0.13 380 17 126427.3749811 166999.0000000 0.2429453
0.12 381 15 126427.3749811 166999.0000000 0.2429453
0.13 382 15 126427.4041202 166999.0000000 0.2429451
0.13 383 16 126427.4148659 166999.0000000 0.2429451
0.13 384 15 126427.4476931 166999.0000000 0.2429449
0.13 385 16 126427.5018168 166999.0000000 0.2429446
0.13 386 18 126427.5328352 166999.0000000 0.2429444
0.13 387 18 126427.5340615 166999.0000000 0.2429444
0.14 388 17 126427.5889343 166999.0000000 0.2429440
0.13 389 16 126427.5927727 166999.0000000 0.2429440
0.13 390 18 126427.6032915 166999.0000000 0.2429440
0.14 391 17 126427.6843335 166999.0000000 0.2429435
0.13 392 16 126427.7068007 166999.0000000 0.2429433
0.13 393 18 126427.7396243 166999.0000000 0.2429431
0.14 394 18 126427.7945808 166999.0000000 0.2429428
0.14 395 16 126427.8468724 166999.0000000 0.2429425
0.14 396 18 126427.8475614 166999.0000000 0.2429425
0.14 397 18 126427.9284894 166999.0000000 0.2429420
0.14 398 17 126428.5718119 166999.0000000 0.2429382
0.13 399 17 126428.6104245 166999.0000000 0.2429379
0.12 400 17 126428.6104245 166999.0000000 0.2429379
0.13 401 17 126428.6589835 166999.0000000 0.2429376
0.12 402 17 126428.6589835 166999.0000000 0.2429376
0.13 403 17 126428.6745096 166999.0000000 0.2429375
0.13 404 18 126428.6745096 166999.0000000 0.2429375
0.13 405 18 126428.6948127 166999.0000000 0.2429374
0.13 406 17 126428.6948127 166999.0000000 0.2429374
0.13 407 17 126428.7140328 166999.0000000 0.2429373
0.13 408 19 126428.7505008 166999.0000000 0.2429371
0.14 409 19 126428.7689461 166999.0000000 0.2429370
0.13 410 19 126428.7782851 166999.0000000 0.2429369
0.14 411 17 126428.8066022 166999.0000000 0.2429367
0.14 412 17 126429.2351316 166999.0000000 0.2429342
0.13 413 17 126429.3325279 166999.0000000 0.2429336
0.13 414 17 126429.3437968 166999.0000000 0.2429335
0.13 415 17 126429.3598184 166999.0000000 0.2429334
0.13 416 17 126429.3897789 166999.0000000 0.2429333
0.13 417 17 126429.4248799 166999.0000000 0.2429330
0.13 418 18 126429.4753671 166999.0000000 0.2429327
0.13 419 16 126429.5114284 166999.0000000 0.2429325
0.13 420 16 126429.5525131 166999.0000000 0.2429323
0.12 421 17 126429.5774841 166999.0000000 0.2429321
0.12 422 16 126429.5831119 166999.0000000 0.2429321
0.13 423 17 126429.6297976 166999.0000000 0.2429318
0.13 424 15 126429.6658628 166999.0000000 0.2429316
0.13 425 17 126429.6695625 166999.0000000 0.2429316
0.14 426 17 126429.6943867 166999.0000000 0.2429314
0.13 427 17 126429.7122875 166999.0000000 0.2429313
0.13 428 18 126429.7397451 166999.0000000 0.2429312
0.14 429 17 126429.7683456 166999.0000000 0.2429310
0.13 430 17 126429.9238108 166999.0000000 0.2429301
0.14 431 17 126430.4699408 166999.0000000 0.2429268
0.13 432 17 126430.5429416 166999.0000000 0.2429263
0.13 433 16 126430.5729058 166999.0000000 0.2429262
0.14 434 16 126430.5993516 166999.0000000 0.2429260
0.14 435 16 126430.6455462 166999.0000000 0.2429257
0.13 436 17 126430.6696018 166999.0000000 0.2429256
0.14 437 18 126430.7166602 166999.0000000 0.2429253
0.13 438 17 126430.9083364 166999.0000000 0.2429242
0.13 439 15 126431.0266696 166999.0000000 0.2429235
0.13 440 15 126431.0478927 166999.0000000 0.2429233
0.14 441 15 126431.1552023 166999.0000000 0.2429227
0.13 442 16 126431.2494320 166999.0000000 0.2429221
0.14 443 15 126431.2571303 166999.0000000 0.2429221
0.13 444 15 126431.2927114 166999.0000000 0.2429219
0.13 445 15 126431.6652731 166999.0000000 0.2429196
0.14 446 17 126431.7172859 166999.0000000 0.2429193
0.13 447 16 126431.7237003 166999.0000000 0.2429193
0.13 448 15 126431.7356534 166999.0000000 0.2429192
0.13 449 15 126431.7565875 166999.0000000 0.2429191
0.13 450 16 126431.7565875 166999.0000000 0.2429191
0.13 451 16 126431.7841777 166999.0000000 0.2429189
0.13 452 15 126431.7842753 166999.0000000 0.2429189
0.14 453 15 126431.8017788 166999.0000000 0.2429188
0.14 454 16 126431.8017788 166999.0000000 0.2429188
0.14 455 16 126431.8431473 166999.0000000 0.2429186
0.13 456 16 126431.8772237 166999.0000000 0.2429184
0.14 457 15 126431.8944809 166999.0000000 0.2429183
0.14 458 16 126431.9090588 166999.0000000 0.2429182
0.13 459 16 126431.9287046 166999.0000000 0.2429180
0.13 460 16 126431.9483071 166999.0000000 0.2429179
0.13 461 15 126431.9544641 166999.0000000 0.2429179
0.13 462 15 126431.9571142 166999.0000000 0.2429179
0.14 463 16 126431.9820540 166999.0000000 0.2429177
0.13 464 16 126431.9820540 166999.0000000 0.2429177
0.13 465 16 126431.9909488 166999.0000000 0.2429177
0.14 466 16 126431.9909488 166999.0000000 0.2429177
0.14 467 16 126432.0178878 166999.0000000 0.2429175
0.14 468 16 126432.0178878 166999.0000000 0.2429175
0.14 469 16 126432.0405663 166999.0000000 0.2429174
0.14 470 15 126432.0453087 166999.0000000 0.2429174
0.14 471 14 126432.0668345 166999.0000000 0.2429172
0.14 472 15 126432.0716558 166999.0000000 0.2429172
0.15 473 16 126432.0849563 166999.0000000 0.2429171
0.15 474 15 126432.1079419 166999.0000000 0.2429170
