0.13 0 0 98815.4076109 120962.0000000 0.1830872
0.00 1 29 98815.4076109 120962.0000000 0.1830872
0.00 2 29 98816.2471386 120962.0000000 0.1830802
0.00 3 29 98816.2627410 120962.0000000 0.1830801
0.01 4 31 98821.8348411 120962.0000000 0.1830341
0.01 5 32 98825.3060624 120962.0000000 0.1830054
0.01 6 34 98830.7830859 120962.0000000 0.1829601
0.01 7 34 98870.1545695 120962.0000000 0.1826346
0.01 8 33 98877.4633102 120962.0000000 0.1825742
0.01 9 34 98895.5899735 120962.0000000 0.1824243
0.01 10 35 98922.5563069 120962.0000000 0.1822014
0.01 11 33 98930.6198315 120962.0000000 0.1821347
0.01 12 36 98944.7598160 120962.0000000 0.1820178
0.01 13 35 98958.2218194 120962.0000000 0.1819065
0.01 14 37 98977.5880968 120962.0000000 0.1817464
0.01 15 39 98984.1563205 120962.0000000 0.1816921
0.01 16 35 98992.8457225 120962.0000000 0.1816203
0.01 17 36 98998.1774027 120962.0000000 0.1815762
0.01 18 33 99004.2051628 120962.0000000 0.1815264
0.01 19 33 99006.7902135 120962.0000000 0.1815050
0.01 20 35 99009.7339509 120962.0000000 0.1814807
0.01 21 34 99014.9830979 120962.0000000 0.1814373
0.01 22 36 99018.7876010 120962.0000000 0.1814058
0.01 23 35 99022.8392855 120962.0000000 0.1813723
0.01 24 35 99026.4163861 120962.0000000 0.1813428
0.01 25 34 99032.4459015 120962.0000000 0.1812929
0.01 26 35 99042.3568987 120962.0000000 0.1812110
0.01 27 36 99046.2567459 120962.0000000 0.1811787
0.01 28 35 99048.3521470 120962.0000000 0.1811614
0.01 29 34 99051.4907193 120962.0000000 0.1811355
0.01 30 37 99053.9557874 120962.0000000 0.1811151
0.02 31 35 99057.4553449 120962.0000000 0.1810862
0.02 32 31 99059.3181284 120962.0000000 0.1810708
0.02 33 29 99060.6954549 120962.0000000 0.1810594
0.02 34 32 99062.7205204 120962.0000000 0.1810426
0.02 35 31 99066.5238443 120962.0000000 0.1810112
0.02 36 33 99070.5753446 120962.0000000 0.1809777
0.02 37 33 99073.1225065 120962.0000000 0.1809566
0.02 38 33 99076.0331901 120962.0000000 0.1809326
0.02 39 33 99077.8831377 120962.0000000 0.1809173
0.02 40 33 99080.8132515 120962.0000000 0.1808931
0.02 41 32 99082.4480052 120962.0000000 0.1808795
0.02 42 33 99086.5800794 120962.0000000 0.1808454
0.02 43 35 99088.4166685 120962.0000000 0.1808302
0.02 44 36 99093.3588670 120962.0000000 0.1807893
0.02 45 37 99096.2986635 120962.0000000 0.1807650
0.02 46 33 99099.9808778 120962.0000000 0.1807346
0.02 47 33 99101.2451737 120962.0000000 0.1807242
0.02 48 35 99104.2155915 120962.0000000 0.1806996
0.02 49 37 99107.8895942 120962.0000000 0.1806692
0.02 50 32 99110.9586969 120962.0000000 0.1806438
0.02 51 34 99111.4501684 120962.0000000 0.1806398
0.03 52 35 99114.4851345 120962.0000000 0.1806147
0.02 53 31 99116.8884215 120962.0000000 0.1805948
0.03 54 33 99120.3884656 120962.0000000 0.1805659
0.03 55 35 99122.2261486 120962.0000000 0.1805507
0.03 56 33 99123.9763638 120962.0000000 0.1805362
0.03 57 36 99126.8248074 120962.0000000 0.1805127
0.03 58 34 99129.7031478 120962.0000000 0.1804889
0.03 59 36 99132.7101682 120962.0000000 0.1804640
0.03 60 34 99134.7731165 120962.0000000 0.1804470
0.03 61 34 99139.0440244 120962.0000000 0.1804117
0.03 62 29 99142.5265945 120962.0000000 0.1803829
0.03 63 33 99145.3714324 120962.0000000 0.1803594
0.03 64 30 99146.9508300 120962.0000000 0.1803463
0.03 65 32 99148.2759041 120962.0000000 0.1803353
0.03 66 26 99150.7934671 120962.0000000 0.1803145
0.03 67 32 99151.9275419 120962.0000000 0.1803052
0.03 68 32 99153.9229557 120962.0000000 0.1802887
0.03 69 35 99158.1271486 120962.0000000 0.1802539
0.03 70 32 99159.6567703 120962.0000000 0.1802413
0.04 71 34 99160.4100623 120962.0000000 0.1802350
0.04 72 33 99163.0171230 120962.0000000 0.1802135
0.03 73 30 99164.7119750 120962.0000000 0.1801995
0.04 74 29 99166.6562598 120962.0000000 0.1801834
0.04 75 34 99171.3155172 120962.0000000 0.1801449
0.04 76 32 99173.5608118 120962.0000000 0.1801263
0.04 77 32 99175.4190606 120962.0000000 0.1801110
0.04 78 29 99177.2815861 120962.0000000 0.1800956
0.04 79 29 99180.2970568 120962.0000000 0.1800706
0.04 80 33 99182.2431896 120962.0000000 0.1800545
0.04 81 28 99187.8468736 120962.0000000 0.1800082
0.04 82 34 99190.1616891 120962.0000000 0.1799891
0.05 83 35 99192.8028222 120962.0000000 0.1799672
0.04 84 31 99196.8831567 120962.0000000 0.1799335
0.05 85 32 99200.9272504 120962.0000000 0.1799001
0.04 86 33 99204.6831705 120962.0000000 0.1798690
0.05 87 30 99206.9404657 120962.0000000 0.1798504
0.05 88 31 99210.3125200 120962.0000000 0.1798225
0.05 89 30 99211.6493207 120962.0000000 0.1798114
0.05 90 30 99212.9646963 120962.0000000 0.1798006
0.05 91 28 99214.2227258 120962.0000000 0.1797902
0.05 92 31 99215.9987949 120962.0000000 0.1797755
0.05 93 24 99217.6923761 120962.0000000 0.1797615
0.05 94 25 99218.6744036 120962.0000000 0.1797534
0.05 95 24 99219.6477709 120962.0000000 0.1797453
0.05 96 30 99220.2331288 120962.0000000 0.1797405
0.05 97 29 99221.4017506 120962.0000000 0.1797308
0.05 98 30 99222.1756490 120962.0000000 0.1797244
0.05 99 29 99223.4846483 120962.0000000 0.1797136
0.05 100 27 99223.7340681 120962.0000000 0.1797115
0.05 101 23 99224.6882750 120962.0000000 0.1797036
0.05 102 29 99225.4185111 120962.0000000 0.1796976
0.05 103 25 99226.1271088 120962.0000000 0.1796917
0.06 104 26 99227.2314517 120962.0000000 0.1796826
0.05 105 28 99228.6000781 120962.0000000 0.1796713
0.05 106 24 99230.1044414 120962.0000000 0.1796589
0.05 107 22 99230.1980908 120962.0000000 0.1796581
0.05 108 23 99230.9028999 120962.0000000 0.1796523
0.05 109 25 99231.2501712 120962.0000000 0.1796494
0.06 110 27 99231.7095791 120962.0000000 0.1796456
0.06 111 23 99232.3441684 120962.0000000 0.1796403
0.05 112 25 99232.9363754 120962.0000000 0.1796355
0.06 113 28 99233.2723196 120962.0000000 0.1796327
0.06 114 28 99233.6771702 120962.0000000 0.1796293
0.06 115 25 99235.5693713 120962.0000000 0.1796137
0.06 116 30 99236.9031242 120962.0000000 0.1796027
0.06 117 30 99237.5436489 120962.0000000 0.1795974
0.06 118 23 99238.0009338 120962.0000000 0.1795936
0.07 119 27 99239.4192947 120962.0000000 0.1795819
0.07 120 25 99241.1381950 120962.0000000 0.1795676
0.07 121 26 99241.8814400 120962.0000000 0.1795615
0.07 122 24 99242.7787377 120962.0000000 0.1795541
0.07 123 23 99243.2667291 120962.0000000 0.1795501
0.07 124 25 99245.6273687 120962.0000000 0.1795305
0.06 125 23 99246.1708655 120962.0000000 0.1795260
0.07 126 24 99247.0134650 120962.0000000 0.1795191
0.07 127 28 99248.3299611 120962.0000000 0.1795082
0.07 128 27 99249.8370448 120962.0000000 0.1794957
0.07 129 23 99251.1044404 120962.0000000 0.1794853
0.06 130 26 99251.8971891 120962.0000000 0.1794787
0.06 131 29 99252.2006963 120962.0000000 0.1794762
0.07 132 25 99252.6839404 120962.0000000 0.1794722
0.07 133 25 99254.1913175 120962.0000000 0.1794597
0.07 134 27 99255.2537355 120962.0000000 0.1794510
0.07 135 30 99256.3764231 120962.0000000 0.1794417
0.07 136 26 99256.6981627 120962.0000000 0.1794390
0.08 137 25 99257.0977561 120962.0000000 0.1794357
0.08 138 21 99257.4678443 120962.0000000 0.1794326
0.07 139 22 99257.7674552 120962.0000000 0.1794302
0.07 140 23 99258.6402330 120962.0000000 0.1794230
0.08 141 23 99259.5177080 120962.0000000 0.1794157
0.08 142 18 99259.5266766 120962.0000000 0.1794156
0.08 143 19 99259.6812661 120962.0000000 0.1794144
0.07 144 18 99259.7783952 120962.0000000 0.1794135
0.08 145 18 99260.1406653 120962.0000000 0.1794106
0.08 146 19 99260.7317837 120962.0000000 0.1794057
0.07 147 20 99260.7885284 120962.0000000 0.1794052
0.08 148 20 99261.1793162 120962.0000000 0.1794020
0.08 149 21 99262.0030417 120962.0000000 0.1793952
0.08 150 24 99262.5050785 120962.0000000 0.1793910
0.08 151 24 99263.2718401 120962.0000000 0.1793847
0.08 152 23 99264.5292929 120962.0000000 0.1793743
0.08 153 25 99265.1925917 120962.0000000 0.1793688
0.08 154 19 99265.7619259 120962.0000000 0.1793641
0.09 155 21 99266.6753562 120962.0000000 0.1793565
0.08 156 21 99267.1817569 120962.0000000 0.1793523
0.08 157 23 99267.2938124 120962.0000000 0.1793514
0.09 158 21 99267.9732444 120962.0000000 0.1793458
0.07 159 20 99267.9839357 120962.0000000 0.1793457
0.08 160 20 99268.2465101 120962.0000000 0.1793435
0.08 161 21 99268.6910364 120962.0000000 0.1793399
0.08 162 19 99269.3549204 120962.0000000 0.1793344
0.08 163 22 99269.8379830 120962.0000000 0.1793304
0.09 164 20 99270.0628807 120962.0000000 0.1793285
0.09 165 20 99270.6981801 120962.0000000 0.1793233
0.09 166 22 99271.0236964 120962.0000000 0.1793206
0.09 167 22 99271.4856927 120962.0000000 0.1793168
0.08 168 17 99271.7777588 120962.0000000 0.1793143
0.09 169 18 99272.4654488 120962.0000000 0.1793087
0.09 170 19 99272.7570971 120962.0000000 0.1793063
0.09 171 19 99273.3154938 120962.0000000 0.1793016
0.09 172 18 99273.3405613 120962.0000000 0.1793014
0.09 173 15 99273.8022260 120962.0000000 0.1792976
0.09 174 18 99274.6182796 120962.0000000 0.1792909
0.08 175 17 99275.2566084 120962.0000000 0.1792856
0.09 176 21 99275.3387016 120962.0000000 0.1792849
0.09 177 17 99275.6157903 120962.0000000 0.1792826
0.09 178 19 99275.6163877 120962.0000000 0.1792826
0.09 179 19 99275.9024299 120962.0000000 0.1792802
0.09 180 15 99275.9107189 120962.0000000 0.1792802
0.09 181 16 99276.9959077 120962.0000000 0.1792712
0.08 182 15 99277.2228049 120962.0000000 0.1792693
0.08 183 18 99277.3206969 120962.0000000 0.1792685
0.08 184 18 99277.4430720 120962.0000000 0.1792675
0.10 185 18 99277.8590601 120962.0000000 0.1792641
0.08 186 17 99278.1140988 120962.0000000 0.1792620
0.09 187 18 99278.8863148 120962.0000000 0.1792556
0.08 188 18 99279.1916228 120962.0000000 0.1792531
0.08 189 21 99279.4751493 120962.0000000 0.1792507
0.08 190 17 99279.6114126 120962.0000000 0.1792496
0.09 191 16 99279.7990443 120962.0000000 0.1792480
0.09 192 17 99279.8097111 120962.0000000 0.1792479
0.09 193 15 99279.9911098 120962.0000000 0.1792464
0.09 194 19 99280.4229681 120962.0000000 0.1792429
0.09 195 18 99280.6950679 120962.0000000 0.1792406
0.09 196 21 99281.2010967 120962.0000000 0.1792364
0.08 197 19 99281.3207463 120962.0000000 0.1792355
0.08 198 18 99281.3966216 120962.0000000 0.1792348
0.09 199 18 99281.7962243 120962.0000000 0.1792315
0.09 200 18 99282.0730293 120962.0000000 0.1792292
0.09 201 20 99282.1901620 120962.0000000 0.1792283
0.09 202 19 99282.2681729 120962.0000000 0.1792276
0.09 203 16 99282.5181193 120962.0000000 0.1792256
0.10 204 14 99282.8725283 120962.0000000 0.1792226
0.10 205 18 99283.1988328 120962.0000000 0.1792199
0.09 206 17 99283.3652283 120962.0000000 0.1792186
0.10 207 16 99283.6524788 120962.0000000 0.1792162
0.09 208 15 99283.8499392 120962.0000000 0.1792145
0.09 209 13 99284.0385486 120962.0000000 0.1792130
0.10 210 15 99284.1258154 120962.0000000 0.1792123
0.10 211 12 99284.1597597 120962.0000000 0.1792120
0.11 212 15 99284.2772017 120962.0000000 0.1792110
0.11 213 18 99284.5429919 120962.0000000 0.1792088
0.10 214 17 99285.0045210 120962.0000000 0.1792050
0.11 215 19 99285.6472729 120962.0000000 0.1791997
0.10 216 20 99285.8854853 120962.0000000 0.1791977
0.10 217 20 99285.9936821 120962.0000000 0.1791968
0.11 218 20 99286.6943793 120962.0000000 0.1791910
0.10 219 15 99286.6943793 120962.0000000 0.1791910
0.10 220 15 99287.0803588 120962.0000000 0.1791878
0.10 221 15 99287.2100031 120962.0000000 0.1791868
0.09 222 11 99287.4402274 120962.0000000 0.1791849
0.10 223 11 99287.5380291 120962.0000000 0.1791841
0.10 224 15 99287.8095672 120962.0000000 0.1791818
0.10 225 12 99287.8095672 120962.0000000 0.1791818
0.10 226 12 99287.8095672 120962.0000000 0.1791818
0.10 227 12 99287.8095672 120962.0000000 0.1791818
0.10 228 12 99287.9301973 120962.0000000 0.1791808
0.11 229 14 99288.0186562 120962.0000000 0.1791801
0.11 230 14 99288.5118706 120962.0000000 0.1791760
0.11 231 15 99288.7982582 120962.0000000 0.1791736
0.11 232 13 99289.0276381 120962.0000000 0.1791717
0.11 233 14 99289.0860590 120962.0000000 0.1791713
0.11 234 15 99289.1775409 120962.0000000 0.1791705
0.11 235 15 99289.3571456 120962.0000000 0.1791690
0.11 236 13 99289.3912168 120962.0000000 0.1791687
0.11 237 13 99289.4851869 120962.0000000 0.1791680
0.11 238 14 99289.6496162 120962.0000000 0.1791666
0.11 239 17 99289.8294968 120962.0000000 0.1791651
0.11 240 15 99290.0676958 120962.0000000 0.1791631
0.11 241 15 99290.0676958 120962.0000000 0.1791631
0.11 242 15 99290.2081042 120962.0000000 0.1791620
0.10 243 12 99290.2861209 120962.0000000 0.1791613
0.10 244 9 99290.2861209 120962.0000000 0.1791613
0.10 245 9 99290.2861209 120962.0000000 0.1791613
0.11 246 9 99290.2861209 120962.0000000 0.1791613
0.10 247 9 99290.3906269 120962.0000000 0.1791605
0.10 248 11 99290.4677925 120962.0000000 0.1791598
0.11 249 11 99290.5648859 120962.0000000 0.1791590
0.11 250 13 99290.5895788 120962.0000000 0.1791588
0.11 251 12 99290.5895788 120962.0000000 0.1791588
0.10 252 12 99290.5895788 120962.0000000 0.1791588
0.11 253 12 99290.6847093 120962.0000000 0.1791580
0.11 254 11 99291.1112065 120962.0000000 0.1791545
0.11 255 14 99291.2037555 120962.0000000 0.1791538
0.10 256 10 99291.2301806 120962.0000000 0.1791535
0.10 257 10 99291.2301806 120962.0000000 0.1791535
0.10 258 10 99291.2565523 120962.0000000 0.1791533
0.11 259 11 99291.3914726 120962.0000000 0.1791522
0.11 260 14 99291.4165941 120962.0000000 0.1791520
0.10 261 13 99291.5086945 120962.0000000 0.1791512
0.11 262 10 99291.5086945 120962.0000000 0.1791512
0.11 263 10 99291.6404618 120962.0000000 0.1791501
0.11 264 8 99291.6404618 120962.0000000 0.1791501
0.11 265 8 99291.8810804 120962.0000000 0.1791482
0.11 266 11 99291.8810804 120962.0000000 0.1791482
0.11 267 11 99291.8810804 120962.0000000 0.1791482
0.11 268 11 99291.8810804 120962.0000000 0.1791482
0.11 269 11 99291.8810804 120962.0000000 0.1791482
0.11 270 11 99291.8877695 120962.0000000 0.1791481
0.12 271 12 99291.9479328 120962.0000000 0.1791476
0.11 272 11 99291.9870437 120962.0000000 0.1791473
0.11 273 8 99292.0150156 120962.0000000 0.1791470
0.18 274 12 99292.0150156 120962.0000000 0.1791470
0.12 275 12 99292.0638664 120962.0000000 0.1791466
0.11 276 9 99292.1696314 120962.0000000 0.1791458
0.11 277 11 99292.1696314 120962.0000000 0.1791458
0.11 278 11 99292.1696314 120962.0000000 0.1791458
0.11 279 11 99292.1696314 120962.0000000 0.1791458
0.11 280 11 99292.1696314 120962.0000000 0.1791458
0.11 281 11 99292.1696314 120962.0000000 0.1791458
0.11 282 11 99292.1706172 120962.0000000 0.1791458
0.11 283 10 99292.1706172 120962.0000000 0.1791458
0.11 284 10 99292.1706172 120962.0000000 0.1791458
0.11 285 10 99292.1706172 120962.0000000 0.1791458
0.11 286 10 99292.1718706 120962.0000000 0.1791457
0.12 287 11 99292.3309970 120962.0000000 0.1791444
0.12 288 12 99292.3345913 120962.0000000 0.1791444
0.12 289 14 99293.2598075 120962.0000000 0.1791368
0.12 290 18 99293.4163459 120962.0000000 0.1791355
0.12 291 16 99293.4641511 120962.0000000 0.1791351
0.12 292 18 99293.6386967 120962.0000000 0.1791336
0.12 293 18 99293.9851640 120962.0000000 0.1791308
0.12 294 19 99294.2800277 120962.0000000 0.1791283
0.12 295 12 99294.3681395 120962.0000000 0.1791276
0.11 296 10 99294.4265944 120962.0000000 0.1791271
0.11 297 8 99294.4265944 120962.0000000 0.1791271
0.12 298 8 99294.4265944 120962.0000000 0.1791271
0.12 299 8 99294.4265944 120962.0000000 0.1791271
0.12 300 8 99294.5552601 120962.0000000 0.1791260
0.12 301 9 99294.6099269 120962.0000000 0.1791256
0.12 302 8 99294.6601935 120962.0000000 0.1791252
0.11 303 8 99294.6601935 120962.0000000 0.1791252
0.11 304 8 99294.6704902 120962.0000000 0.1791251
0.12 305 8 99294.7357076 120962.0000000 0.1791246
0.12 306 8 99294.7357076 120962.0000000 0.1791246
0.12 307 8 99294.8102135 120962.0000000 0.1791239
0.12 308 9 99294.8102135 120962.0000000 0.1791239
0.12 309 9 99295.0670645 120962.0000000 0.1791218
0.12 310 12 99295.1574846 120962.0000000 0.1791211
0.12 311 9 99295.2767166 120962.0000000 0.1791201
0.12 312 7 99295.5117325 120962.0000000 0.1791181
0.12 313 10 99295.6678537 120962.0000000 0.1791168
0.12 314 12 99295.7040871 120962.0000000 0.1791165
0.12 315 12 99295.9012361 120962.0000000 0.1791149
0.12 316 10 99295.9322993 120962.0000000 0.1791147
0.12 317 8 99295.9416165 120962.0000000 0.1791146
0.11 318 7 99296.0672024 120962.0000000 0.1791135
0.11 319 7 99296.0672024 120962.0000000 0.1791135
0.12 320 7 99296.0672024 120962.0000000 0.1791135
0.11 321 7 99296.0672024 120962.0000000 0.1791135
0.11 322 7 99296.0672024 120962.0000000 0.1791135
0.11 323 7 99296.0672024 120962.0000000 0.1791135
0.11 324 7 99296.0672024 120962.0000000 0.1791135
0.12 325 7 99296.0889653 120962.0000000 0.1791134
0.12 326 7 99296.0889653 120962.0000000 0.1791134
0.12 327 7 99296.0889653 120962.0000000 0.1791134
0.12 328 7 99296.1069556 120962.0000000 0.1791132
0.12 329 7 99296.1069556 120962.0000000 0.1791132
0.12 330 7 99296.1210867 120962.0000000 0.1791131
0.11 331 7 99296.1210867 120962.0000000 0.1791131
0.11 332 7 99296.1212229 120962.0000000 0.1791131
0.12 333 7 99296.1412989 120962.0000000 0.1791129
0.12 334 7 99296.2653224 120962.0000000 0.1791119
0.12 335 8 99296.2653224 120962.0000000 0.1791119
0.12 336 8 99296.4694642 120962.0000000 0.1791102
0.12 337 14 99296.4772204 120962.0000000 0.1791102
0.12 338 15 99296.6097420 120962.0000000 0.1791091
0.11 339 7 99296.6097420 120962.0000000 0.1791091
0.11 340 7 99296.6097420 120962.0000000 0.1791091
0.11 341 7 99296.6097420 120962.0000000 0.1791091
0.12 342 7 99296.6097420 120962.0000000 0.1791091
0.12 343 7 99296.6097420 120962.0000000 0.1791091
0.11 344 7 99296.6097420 120962.0000000 0.1791091
0.12 345 7 99296.6564377 120962.0000000 0.1791087
0.11 346 8 99296.6564377 120962.0000000 0.1791087
0.11 347 8 99296.6564377 120962.0000000 0.1791087
0.11 348 8 99296.6564377 120962.0000000 0.1791087
0.11 349 8 99296.6564377 120962.0000000 0.1791087
0.11 350 8 99296.6564377 120962.0000000 0.1791087
0.11 351 8 99296.6564377 120962.0000000 0.1791087
0.11 352 8 99296.6564377 120962.0000000 0.1791087
0.11 353 8 99296.6564377 120962.0000000 0.1791087
0.12 354 8 99296.6564377 120962.0000000 0.1791087
0.11 355 8 99296.6564377 120962.0000000 0.1791087
0.11 356 8 99296.6564377 120962.0000000 0.1791087
0.11 357 8 99296.6564377 120962.0000000 0.1791087
0.12 358 8 99296.6564377 120962.0000000 0.1791087
0.11 359 8 99296.6564377 120962.0000000 0.1791087
0.11 360 8 99296.6610592 120962.0000000 0.1791086
0.12 361 8 99296.6706614 120962.0000000 0.1791086
0.12 362 7 99296.6810275 120962.0000000 0.1791085
0.12 363 9 99296.8110821 120962.0000000 0.1791074
0.12 364 13 99296.9125103 120962.0000000 0.1791066
0.12 365 10 99296.9127383 120962.0000000 0.1791066
0.12 366 9 99297.0518858 120962.0000000 0.1791054
0.12 367 10 99297.0765943 120962.0000000 0.1791052
0.13 368 11 99297.1902535 120962.0000000 0.1791043
0.13 369 8 99297.1902535 120962.0000000 0.1791043
0.13 370 8 99297.1902535 120962.0000000 0.1791043
0.13 371 8 99297.2324294 120962.0000000 0.1791039
0.12 372 6 99297.2324294 120962.0000000 0.1791039
0.12 373 6 99297.2324294 120962.0000000 0.1791039
0.12 374 6 99297.2324294 120962.0000000 0.1791039
0.12 375 6 99297.2324294 120962.0000000 0.1791039
0.12 376 6 99297.2324294 120962.0000000 0.1791039
0.12 377 6 99297.2324294 120962.0000000 0.1791039
0.12 378 6 99297.2324294 120962.0000000 0.1791039
0.12 379 6 99297.2324294 120962.0000000 0.1791039
0.12 380 6 99297.2327489 120962.0000000 0.1791039
0.12 381 6 99297.2327489 120962.0000000 0.1791039
0.12 382 6 99297.2330415 120962.0000000 0.1791039
0.13 383 7 99297.2330415 120962.0000000 0.1791039
0.13 384 7 99297.2347994 120962.0000000 0.1791039
0.13 385 6 99297.2739064 120962.0000000 0.1791036
0.13 386 12 99297.3598604 120962.0000000 0.1791029
0.13 387 9 99297.5911974 120962.0000000 0.1791009
0.13 388 11 99297.5911974 120962.0000000 0.1791009
0.13 389 11 99297.7323025 120962.0000000 0.1790998
0.13 390 11 99297.9290594 120962.0000000 0.1790982
0.13 391 14 99297.9397221 120962.0000000 0.1790981
0.14 392 15 99297.9788080 120962.0000000 0.1790977
0.14 393 14 99298.2508606 120962.0000000 0.1790955
0.13 394 12 99298.2508606 120962.0000000 0.1790955
0.14 395 12 99298.3690020 120962.0000000 0.1790945
0.12 396 7 99298.4006083 120962.0000000 0.1790943
0.12 397 7 99298.4006083 120962.0000000 0.1790943
0.12 398 7 99298.5567410 120962.0000000 0.1790930
0.11 399 8 99298.6182068 120962.0000000 0.1790925
0.12 400 6 99298.6182068 120962.0000000 0.1790925
0.12 401 6 99298.6182068 120962.0000000 0.1790925
0.12 402 6 99298.6182068 120962.0000000 0.1790925
0.12 403 6 99298.6182068 120962.0000000 0.1790925
0.12 404 6 99298.6182068 120962.0000000 0.1790925
0.12 405 6 99298.6182068 120962.0000000 0.1790925
0.12 406 6 99298.6215004 120962.0000000 0.1790924
0.13 407 7 99298.6215004 120962.0000000 0.1790924
0.13 408 7 99298.6215004 120962.0000000 0.1790924
0.13 409 7 99298.6228882 120962.0000000 0.1790924
0.13 410 9 99298.7656051 120962.0000000 0.1790912
0.12 411 9 99298.8163378 120962.0000000 0.1790908
0.13 412 7 99298.8493003 120962.0000000 0.1790905
0.13 413 8 99298.8493003 120962.0000000 0.1790905
0.13 414 8 99298.8960335 120962.0000000 0.1790902
0.13 415 8 99298.9185267 120962.0000000 0.1790900
0.13 416 9 99298.9925291 120962.0000000 0.1790894
0.13 417 8 99299.1509567 120962.0000000 0.1790881
0.13 418 8 99299.1509567 120962.0000000 0.1790881
0.13 419 8 99299.3135388 120962.0000000 0.1790867
0.13 420 12 99299.3479213 120962.0000000 0.1790864
0.13 421 11 99299.3479213 120962.0000000 0.1790864
0.13 422 11 99299.6238815 120962.0000000 0.1790841
0.12 423 10 99299.8854286 120962.0000000 0.1790820
0.12 424 11 99299.9395053 120962.0000000 0.1790815
0.12 425 9 99299.9606259 120962.0000000 0.1790814
0.12 426 10 99300.0420345 120962.0000000 0.1790807
0.13 427 7 99300.1839367 120962.0000000 0.1790795
0.13 428 11 99300.2358212 120962.0000000 0.1790791
0.11 429 6 99300.2358212 120962.0000000 0.1790791
0.11 430 6 99300.2358212 120962.0000000 0.1790791
0.11 431 6 99300.2358212 120962.0000000 0.1790791
0.11 432 6 99300.2358212 120962.0000000 0.1790791
0.11 433 6 99300.2358212 120962.0000000 0.1790791
0.11 434 6 99300.2358212 120962.0000000 0.1790791
0.11 435 6 99300.2358212 120962.0000000 0.1790791
0.11 436 6 99300.2358212 120962.0000000 0.1790791
0.11 437 6 99300.2358212 120962.0000000 0.1790791
0.11 438 6 99300.2358212 120962.0000000 0.1790791
0.12 439 6 99300.2358212 120962.0000000 0.1790791
0.12 440 6 99300.2358212 120962.0000000 0.1790791
0.12 441 6 99300.2358212 120962.0000000 0.1790791
0.12 442 6 99300.2358212 120962.0000000 0.1790791
0.12 443 6 99300.2358212 120962.0000000 0.1790791
0.12 444 6 99300.2358212 120962.0000000 0.1790791
0.11 445 6 99300.2358212 120962.0000000 0.1790791
0.12 446 6 99300.2358212 120962.0000000 0.1790791
0.11 447 6 99300.2358212 120962.0000000 0.1790791
0.12 448 6 99300.2358212 120962.0000000 0.1790791
0.12 449 6 99300.2358212 120962.0000000 0.1790791
0.12 450 6 99300.2358212 120962.0000000 0.1790791
0.12 451 6 99300.2818861 120962.0000000 0.1790787
0.12 452 6 99300.2998688 120962.0000000 0.1790786
0.12 453 7 99300.3792920 120962.0000000 0.1790779
0.12 454 7 99300.3792920 120962.0000000 0.1790779
0.12 455 7 99300.3885275 120962.0000000 0.1790778
0.12 456 8 99300.3885275 120962.0000000 0.1790778
0.12 457 8 99300.4452761 120962.0000000 0.1790774
0.11 458 7 99300.4452761 120962.0000000 0.1790774
0.12 459 7 99300.4452761 120962.0000000 0.1790774
0.12 460 7 99300.4452761 120962.0000000 0.1790774
0.12 461 7 99300.4452761 120962.0000000 0.1790774
0.11 462 7 99300.4452761 120962.0000000 0.1790774
0.12 463 7 99300.5772541 120962.0000000 0.1790763
0.12 464 5 99300.5772541 120962.0000000 0.1790763
0.12 465 5 99300.5772541 120962.0000000 0.1790763
0.12 466 5 99300.5772541 120962.0000000 0.1790763
0.12 467 5 99300.5772541 120962.0000000 0.1790763
0.12 468 5 99300.5772541 120962.0000000 0.1790763
0.12 469 5 99300.5772541 120962.0000000 0.1790763
0.12 470 5 99300.5772541 120962.0000000 0.1790763
0.12 471 5 99300.5772541 120962.0000000 0.1790763
0.12 472 5 99300.5772541 120962.0000000 0.1790763
0.12 473 5 99300.5772541 120962.0000000 0.1790763
0.12 474 5 99300.5772541 120962.0000000 0.1790763
0.12 475 5 99300.5772541 120962.0000000 0.1790763
0.12 476 5 99300.5772541 120962.0000000 0.1790763
0.12 477 5 99300.5772541 120962.0000000 0.1790763
0.12 478 5 99300.5772541 120962.0000000 0.1790763
0.12 479 5 99300.5772541 120962.0000000 0.1790763
0.12 480 5 99300.5772541 120962.0000000 0.1790763
0.12 481 5 99300.5772541 120962.0000000 0.1790763
0.12 482 5 99300.5772541 120962.0000000 0.1790763
0.12 483 5 99300.5772541 120962.0000000 0.1790763
0.12 484 5 99300.5772541 120962.0000000 0.1790763
0.12 485 5 99300.6469936 120962.0000000 0.1790757
0.13 486 11 99300.6469936 120962.0000000 0.1790757
0.13 487 11 99300.6846982 120962.0000000 0.1790754
0.13 488 8 99300.7463491 120962.0000000 0.1790749
0.13 489 8 99300.7463491 120962.0000000 0.1790749
0.13 490 8 99300.7472074 120962.0000000 0.1790749
0.13 491 8 99300.7472074 120962.0000000 0.1790749
0.13 492 8 99300.7472074 120962.0000000 0.1790749
0.13 493 8 99300.7472074 120962.0000000 0.1790749
0.13 494 8 99300.7931173 120962.0000000 0.1790745
0.13 495 10 99300.7931173 120962.0000000 0.1790745
0.14 496 10 99300.8633210 120962.0000000 0.1790739
0.13 497 8 99300.8633210 120962.0000000 0.1790739
0.13 498 8 99300.8633210 120962.0000000 0.1790739
0.13 499 8 99300.8633210 120962.0000000 0.1790739
0.13 500 8 99300.8633210 120962.0000000 0.1790739
0.13 501 8 99300.8633210 120962.0000000 0.1790739
0.13 502 8 99300.8633210 120962.0000000 0.1790739
0.13 503 8 99300.8633210 120962.0000000 0.1790739
0.13 504 8 99300.8633210 120962.0000000 0.1790739
0.13 505 8 99300.8633210 120962.0000000 0.1790739
0.13 506 8 99300.8633210 120962.0000000 0.1790739
0.13 507 8 99300.8633210 120962.0000000 0.1790739
0.13 508 8 99300.8633210 120962.0000000 0.1790739
0.13 509 8 99300.8633210 120962.0000000 0.1790739
0.13 510 8 99300.8633210 120962.0000000 0.1790739
0.13 511 8 99300.8633210 120962.0000000 0.1790739
0.13 512 8 99300.9663779 120962.0000000 0.1790730
0.13 513 6 99300.9712069 120962.0000000 0.1790730
0.13 514 6 99300.9712069 120962.0000000 0.1790730
0.14 515 6 99300.9734089 120962.0000000 0.1790730
0.13 516 6 99300.9734089 120962.0000000 0.1790730
0.14 517 6 99301.0219886 120962.0000000 0.1790726
0.13 518 6 99301.0219886 120962.0000000 0.1790726
0.13 519 6 99301.0219886 120962.0000000 0.1790726
0.13 520 6 99301.0219886 120962.0000000 0.1790726
0.13 521 6 99301.0219886 120962.0000000 0.1790726
0.13 522 6 99301.0219886 120962.0000000 0.1790726
0.13 523 6 99301.0219886 120962.0000000 0.1790726
0.13 524 6 99301.0219886 120962.0000000 0.1790726
0.13 525 6 99301.0219886 120962.0000000 0.1790726
0.13 526 6 99301.0219886 120962.0000000 0.1790726
0.13 527 6 99301.0219886 120962.0000000 0.1790726
0.14 528 6 99301.0219886 120962.0000000 0.1790726
0.14 529 6 99301.0219886 120962.0000000 0.1790726
0.14 530 6 99301.0219886 120962.0000000 0.1790726
0.13 531 6 99301.0219886 120962.0000000 0.1790726
0.14 532 6 99301.0776274 120962.0000000 0.1790721
0.15 533 8 99301.1789030 120962.0000000 0.1790713
0.15 534 7 99301.2192846 120962.0000000 0.1790710
0.14 535 5 99301.2192846 120962.0000000 0.1790710
0.15 536 5 99301.2192846 120962.0000000 0.1790710
0.15 537 5 99301.3158572 120962.0000000 0.1790702
0.15 538 8 99301.3248091 120962.0000000 0.1790701
0.15 539 7 99301.3248091 120962.0000000 0.1790701
0.15 540 7 99301.3330263 120962.0000000 0.1790700
0.15 541 8 99301.3330262 120962.0000000 0.1790700
0.15 542 8 99301.3330262 120962.0000000 0.1790700
0.15 543 8 99301.3609540 120962.0000000 0.1790698
0.15 544 6 99301.3609540 120962.0000000 0.1790698
0.15 545 6 99301.3609540 120962.0000000 0.1790698
0.14 546 6 99301.3729709 120962.0000000 0.1790697
0.14 547 6 99301.3729709 120962.0000000 0.1790697
0.15 548 6 99301.3729709 120962.0000000 0.1790697
0.15 549 6 99301.3729709 120962.0000000 0.1790697
0.15 550 6 99301.3729709 120962.0000000 0.1790697
0.15 551 6 99301.3834138 120962.0000000 0.1790696
0.15 552 6 99301.3834138 120962.0000000 0.1790696
0.15 553 6 99301.3834138 120962.0000000 0.1790696
0.15 554 6 99301.3834138 120962.0000000 0.1790696
0.15 555 6 99301.3834138 120962.0000000 0.1790696
0.15 556 6 99301.4182363 120962.0000000 0.1790693
0.15 557 6 99301.4182363 120962.0000000 0.1790693
0.15 558 6 99301.4272022 120962.0000000 0.1790692
0.14 559 5 99301.4272022 120962.0000000 0.1790692
0.14 560 5 99301.4272022 120962.0000000 0.1790692
0.15 561 5 99301.4272022 120962.0000000 0.1790692
0.15 562 5 99301.4565870 120962.0000000 0.1790690
0.15 563 5 99301.4565870 120962.0000000 0.1790690
0.15 564 5 99301.4565870 120962.0000000 0.1790690
0.15 565 5 99301.4565870 120962.0000000 0.1790690
0.15 566 5 99301.4565870 120962.0000000 0.1790690
0.14 567 5 99301.4565870 120962.0000000 0.1790690
0.14 568 5 99301.4843176 120962.0000000 0.1790688
0.15 569 7 99301.4843176 120962.0000000 0.1790688
0.15 570 7 99301.5529617 120962.0000000 0.1790682
0.14 571 5 99301.5529617 120962.0000000 0.1790682
0.14 572 5 99301.5529617 120962.0000000 0.1790682
0.14 573 5 99301.5529617 120962.0000000 0.1790682
0.14 574 5 99301.5529617 120962.0000000 0.1790682
0.14 575 5 99301.5529617 120962.0000000 0.1790682
0.15 576 5 99301.5529617 120962.0000000 0.1790682
0.14 577 5 99301.5529617 120962.0000000 0.1790682
0.14 578 5 99301.5529617 120962.0000000 0.1790682
0.14 579 5 99301.5529617 120962.0000000 0.1790682
0.15 580 5 99301.5529617 120962.0000000 0.1790682
0.14 581 5 99301.5529617 120962.0000000 0.1790682
0.14 582 5 99301.5529617 120962.0000000 0.1790682
