0.67 0 0 103748.4640231 134396.0000000 0.2280390
0.00 1 19 103748.4640231 134396.0000000 0.2280390
0.00 2 19 103752.4919284 134396.0000000 0.2280091
0.00 3 20 103752.4919284 134396.0000000 0.2280091
0.00 4 20 103752.4919284 134396.0000000 0.2280091
0.01 5 20 103755.6483141 134396.0000000 0.2279856
0.01 6 19 103755.6495133 134396.0000000 0.2279856
0.01 7 19 103758.9580875 134396.0000000 0.2279610
0.01 8 23 103759.4419263 134396.0000000 0.2279574
0.01 9 23 103765.4980802 134396.0000000 0.2279123
0.01 10 21 103766.2409782 134396.0000000 0.2279068
0.01 11 22 103766.2411315 134396.0000000 0.2279068
0.01 12 22 103767.2250762 134396.0000000 0.2278995
0.01 13 21 103771.4973806 134396.0000000 0.2278677
0.01 14 26 103773.0628224 134396.0000000 0.2278560
0.01 15 28 103781.7219094 134396.0000000 0.2277916
0.01 16 27 103782.8533422 134396.0000000 0.2277832
0.01 17 29 103784.2787319 134396.0000000 0.2277726
0.01 18 26 103784.2787319 134396.0000000 0.2277726
0.01 19 26 103784.8241989 134396.0000000 0.2277685
0.01 20 27 103785.5898267 134396.0000000 0.2277628
0.01 21 26 103785.5898267 134396.0000000 0.2277628
0.01 22 26 103786.1013693 134396.0000000 0.2277590
0.01 23 25 103786.1041791 134396.0000000 0.2277590
0.01 24 25 103787.5123012 134396.0000000 0.2277485
0.01 25 26 103787.7478189 134396.0000000 0.2277467
0.01 26 25 103794.7824098 134396.0000000 0.2276944
0.01 27 24 103794.8338173 134396.0000000 0.2276940
0.01 28 25 103795.4178437 134396.0000000 0.2276897
0.01 29 25 103795.9155996 134396.0000000 0.2276860
0.01 30 25 103796.2612038 134396.0000000 0.2276834
0.01 31 25 103796.8864336 134396.0000000 0.2276788
0.01 32 24 103799.6410409 134396.0000000 0.2276583
0.01 33 25 103799.6410409 134396.0000000 0.2276583
0.01 34 25 103799.8101461 134396.0000000 0.2276570
0.01 35 25 103801.1259149 134396.0000000 0.2276472
0.01 36 25 103801.2051619 134396.0000000 0.2276466
0.01 37 25 103802.4012117 134396.0000000 0.2276377
0.01 38 26 103802.4351017 134396.0000000 0.2276375
0.01 39 26 103804.6635169 134396.0000000 0.2276209
0.01 40 24 103805.0261180 134396.0000000 0.2276182
0.01 41 24 103805.7364603 134396.0000000 0.2276129
0.01 42 23 103806.2661962 134396.0000000 0.2276090
0.01 43 24 103808.8431382 134396.0000000 0.2275898
0.01 44 24 103810.0586616 134396.0000000 0.2275807
0.01 45 26 103810.7888949 134396.0000000 0.2275753
0.01 46 25 103811.6158180 134396.0000000 0.2275692
0.01 47 25 103812.1384257 134396.0000000 0.2275653
0.01 48 27 103812.1387045 134396.0000000 0.2275653
0.01 49 27 103812.1498116 134396.0000000 0.2275652
0.01 50 26 103812.6746639 134396.0000000 0.2275613
0.01 51 26 103813.3133955 134396.0000000 0.2275565
0.01 52 24 103813.9982597 134396.0000000 0.2275514
0.01 53 25 103815.7530594 134396.0000000 0.2275384
0.01 54 25 103815.9569517 134396.0000000 0.2275369
0.01 55 25 103816.2440931 134396.0000000 0.2275347
0.02 56 25 103817.4374296 134396.0000000 0.2275258
0.01 57 27 103817.4374296 134396.0000000 0.2275258
0.02 58 27 103818.3057755 134396.0000000 0.2275194
0.02 59 24 103818.8991181 134396.0000000 0.2275150
0.02 60 22 103820.1963186 134396.0000000 0.2275053
0.02 61 22 103820.2343327 134396.0000000 0.2275050
0.02 62 23 103821.5433559 134396.0000000 0.2274953
0.02 63 24 103821.5734172 134396.0000000 0.2274951
0.02 64 24 103821.9352413 134396.0000000 0.2274924
0.02 65 25 103822.1800636 134396.0000000 0.2274905
0.02 66 25 103822.8709156 134396.0000000 0.2274854
0.02 67 22 103824.0286136 134396.0000000 0.2274768
0.02 68 22 103824.9049889 134396.0000000 0.2274703
0.02 69 23 103825.7986280 134396.0000000 0.2274636
0.02 70 19 103826.0356252 134396.0000000 0.2274619
0.02 71 20 103826.3794392 134396.0000000 0.2274593
0.02 72 18 103826.6494437 134396.0000000 0.2274573
0.02 73 20 103827.3043400 134396.0000000 0.2274524
0.02 74 20 103828.1161407 134396.0000000 0.2274464
0.02 75 19 103828.6475417 134396.0000000 0.2274424
0.02 76 23 103828.9013623 134396.0000000 0.2274405
0.02 77 21 103829.2581182 134396.0000000 0.2274379
0.02 78 18 103829.4937118 134396.0000000 0.2274361
0.02 79 18 103829.5824532 134396.0000000 0.2274355
0.02 80 19 103830.1785132 134396.0000000 0.2274310
0.02 81 18 103830.7660143 134396.0000000 0.2274267
0.02 82 17 103831.5155652 134396.0000000 0.2274211
0.02 83 19 103831.6033538 134396.0000000 0.2274204
0.02 84 18 103831.8660398 134396.0000000 0.2274185
0.02 85 21 103832.5036015 134396.0000000 0.2274137
0.02 86 19 103832.9162128 134396.0000000 0.2274107
0.02 87 19 103833.3409552 134396.0000000 0.2274075
0.02 88 19 103833.8590558 134396.0000000 0.2274036
0.02 89 17 103834.1798627 134396.0000000 0.2274013
0.02 90 23 103834.8191223 134396.0000000 0.2273965
0.02 91 18 103835.3538572 134396.0000000 0.2273925
0.02 92 18 103835.3626863 134396.0000000 0.2273925
0.02 93 18 103837.1661961 134396.0000000 0.2273790
0.02 94 22 103837.4471318 134396.0000000 0.2273770
0.02 95 22 103837.5480157 134396.0000000 0.2273762
0.02 96 21 103837.9200920 134396.0000000 0.2273734
0.02 97 20 103838.4343717 134396.0000000 0.2273696
0.02 98 19 103838.8492238 134396.0000000 0.2273665
0.02 99 17 103839.1752917 134396.0000000 0.2273641
0.02 100 18 103839.4416323 134396.0000000 0.2273621
0.03 101 19 103841.9356218 134396.0000000 0.2273436
0.02 102 18 103842.1806951 134396.0000000 0.2273417
0.02 103 15 103842.5860738 134396.0000000 0.2273387
0.02 104 16 103842.9191186 134396.0000000 0.2273362
0.02 105 18 103843.0619337 134396.0000000 0.2273352
0.03 106 18 103843.7154575 134396.0000000 0.2273303
0.03 107 18 103843.8102854 134396.0000000 0.2273296
0.03 108 18 103844.2146678 134396.0000000 0.2273266
0.02 109 15 103844.2264975 134396.0000000 0.2273265
0.02 110 15 103844.6152453 134396.0000000 0.2273236
0.03 111 16 103844.7951351 134396.0000000 0.2273223
0.02 112 17 103844.8239521 134396.0000000 0.2273221
0.03 113 19 103845.1250711 134396.0000000 0.2273198
0.02 114 18 103845.1341060 134396.0000000 0.2273198
0.02 115 19 103845.2119264 134396.0000000 0.2273192
0.03 116 19 103845.2181590 134396.0000000 0.2273191
0.03 117 18 103845.3294443 134396.0000000 0.2273183
0.03 118 19 103845.6006657 134396.0000000 0.2273163
0.03 119 15 103845.6137217 134396.0000000 0.2273162
0.02 120 15 103845.6610541 134396.0000000 0.2273158
0.03 121 14 103845.8692454 134396.0000000 0.2273143
0.03 122 16 103846.0546126 134396.0000000 0.2273129
0.03 123 14 103846.1224650 134396.0000000 0.2273124
0.03 124 13 103846.2682635 134396.0000000 0.2273113
0.03 125 15 103846.3287336 134396.0000000 0.2273109
0.03 126 14 103846.4131260 134396.0000000 0.2273102
0.03 127 14 103846.5040934 134396.0000000 0.2273096
0.03 128 11 103846.5495192 134396.0000000 0.2273092
0.03 129 11 103846.5834962 134396.0000000 0.2273090
0.03 130 12 103846.7513343 134396.0000000 0.2273077
0.03 131 14 103846.7513343 134396.0000000 0.2273077
0.03 132 14 103846.8239842 134396.0000000 0.2273072
0.03 133 13 103846.8397920 134396.0000000 0.2273071
0.03 134 13 103846.9161590 134396.0000000 0.2273065
0.03 135 13 103846.9235388 134396.0000000 0.2273064
0.03 136 12 103847.0296179 134396.0000000 0.2273057
0.03 137 14 103847.1659814 134396.0000000 0.2273046
0.03 138 13 103847.1659814 134396.0000000 0.2273046
0.03 139 13 103847.1659814 134396.0000000 0.2273046
0.03 140 13 103847.2051944 134396.0000000 0.2273043
0.03 141 12 103847.3126816 134396.0000000 0.2273035
0.03 142 13 103847.3771830 134396.0000000 0.2273031
0.03 143 13 103847.3772667 134396.0000000 0.2273031
0.03 144 13 103847.4087752 134396.0000000 0.2273028
0.03 145 13 103847.4636231 134396.0000000 0.2273024
0.03 146 13 103847.4800917 134396.0000000 0.2273023
0.03 147 12 103847.4849552 134396.0000000 0.2273023
0.03 148 13 103847.5054356 134396.0000000 0.2273021
0.03 149 11 103847.5404234 134396.0000000 0.2273019
0.03 150 12 103847.5404234 134396.0000000 0.2273019
0.03 151 12 103847.5526536 134396.0000000 0.2273018
0.03 152 12 103847.5865626 134396.0000000 0.2273015
0.03 153 10 103847.6095747 134396.0000000 0.2273013
0.03 154 10 103847.6095747 134396.0000000 0.2273013
0.03 155 10 103847.6168430 134396.0000000 0.2273013
0.03 156 10 103847.6168430 134396.0000000 0.2273013
0.03 157 10 103847.6213402 134396.0000000 0.2273012
0.03 158 10 103847.6275384 134396.0000000 0.2273012
0.03 159 13 103847.6330836 134396.0000000 0.2273012
0.03 160 13 103847.6469861 134396.0000000 0.2273011
0.04 161 12 103847.6817862 134396.0000000 0.2273008
0.03 162 11 103847.7781780 134396.0000000 0.2273001
0.03 163 13 103847.8572393 134396.0000000 0.2272995
0.03 164 11 103847.9011940 134396.0000000 0.2272992
0.03 165 11 103847.9540876 134396.0000000 0.2272988
0.03 166 11 103847.9768558 134396.0000000 0.2272986
0.03 167 11 103847.9768558 134396.0000000 0.2272986
0.03 168 11 103847.9987306 134396.0000000 0.2272984
0.04 169 10 103848.0094569 134396.0000000 0.2272984
0.03 170 11 103848.0094569 134396.0000000 0.2272984
0.03 171 11 103848.0358612 134396.0000000 0.2272982
0.03 172 10 103848.0966310 134396.0000000 0.2272977
0.03 173 11 103848.1079570 134396.0000000 0.2272976
0.04 174 10 103848.1424793 134396.0000000 0.2272974
0.04 175 11 103848.1424793 134396.0000000 0.2272974
0.04 176 11 103848.2233755 134396.0000000 0.2272968
0.04 177 10 103848.2233755 134396.0000000 0.2272968
0.04 178 10 103848.2679162 134396.0000000 0.2272964
0.04 179 13 103848.2984538 134396.0000000 0.2272962
0.04 180 11 103848.2984538 134396.0000000 0.2272962
0.04 181 11 103848.2987247 134396.0000000 0.2272962
0.04 182 12 103848.3156451 134396.0000000 0.2272961
0.04 183 11 103848.3372809 134396.0000000 0.2272959
0.03 184 10 103848.3372809 134396.0000000 0.2272959
0.04 185 10 103848.3676765 134396.0000000 0.2272957
0.04 186 10 103848.3990946 134396.0000000 0.2272955
0.04 187 10 103848.4525451 134396.0000000 0.2272951
0.04 188 10 103848.4643141 134396.0000000 0.2272950
0.04 189 10 103848.4731106 134396.0000000 0.2272949
0.04 190 10 103848.5425984 134396.0000000 0.2272944
0.04 191 11 103848.5457965 134396.0000000 0.2272944
0.04 192 11 103848.6533654 134396.0000000 0.2272936
0.04 193 11 103848.7394729 134396.0000000 0.2272929
0.04 194 11 103848.7744859 134396.0000000 0.2272927
0.04 195 11 103848.8661720 134396.0000000 0.2272920
0.04 196 10 103848.9546178 134396.0000000 0.2272913
0.04 197 10 103848.9724809 134396.0000000 0.2272912
0.04 198 10 103848.9897102 134396.0000000 0.2272911
0.04 199 10 103849.0150814 134396.0000000 0.2272909
0.04 200 10 103849.1307299 134396.0000000 0.2272900
0.04 201 10 103849.2334617 134396.0000000 0.2272893
0.04 202 11 103849.4377653 134396.0000000 0.2272877
0.04 203 11 103849.6634960 134396.0000000 0.2272861
0.04 204 13 103849.8128962 134396.0000000 0.2272849
0.04 205 11 103849.9180849 134396.0000000 0.2272842
0.04 206 11 103849.9606342 134396.0000000 0.2272838
0.04 207 12 103850.0484676 134396.0000000 0.2272832
0.04 208 13 103850.1611078 134396.0000000 0.2272824
0.04 209 11 103850.2055196 134396.0000000 0.2272820
0.04 210 13 103850.3847432 134396.0000000 0.2272807
0.04 211 14 103850.5396407 134396.0000000 0.2272795
0.04 212 12 103850.6991835 134396.0000000 0.2272783
0.04 213 13 103850.7207427 134396.0000000 0.2272782
0.04 214 12 103850.7785947 134396.0000000 0.2272778
0.04 215 12 103850.7912656 134396.0000000 0.2272777
0.04 216 13 103851.0128172 134396.0000000 0.2272760
0.04 217 12 103851.0443946 134396.0000000 0.2272758
0.04 218 12 103851.1094252 134396.0000000 0.2272753
0.04 219 13 103851.2173945 134396.0000000 0.2272745
0.04 220 14 103851.4518682 134396.0000000 0.2272727
0.04 221 13 103851.6990295 134396.0000000 0.2272709
0.05 222 14 103851.8471891 134396.0000000 0.2272698
0.04 223 13 103852.0241041 134396.0000000 0.2272685
0.04 224 13 103852.1124758 134396.0000000 0.2272678
0.05 225 11 103852.2535302 134396.0000000 0.2272668
0.05 226 11 103852.3334437 134396.0000000 0.2272662
0.04 227 11 103852.4368188 134396.0000000 0.2272654
0.05 228 11 103852.4966619 134396.0000000 0.2272650
0.04 229 12 103852.7454724 134396.0000000 0.2272631
0.04 230 11 103852.8917378 134396.0000000 0.2272620
0.04 231 11 103853.0017326 134396.0000000 0.2272612
0.04 232 11 103853.1919538 134396.0000000 0.2272598
0.05 233 12 103853.2342404 134396.0000000 0.2272595
0.04 234 12 103853.3145881 134396.0000000 0.2272589
0.05 235 12 103853.4022955 134396.0000000 0.2272582
0.04 236 12 103853.5956117 134396.0000000 0.2272568
0.04 237 12 103853.6528093 134396.0000000 0.2272564
0.04 238 11 103853.6697028 134396.0000000 0.2272562
0.04 239 11 103853.6697028 134396.0000000 0.2272562
0.05 240 11 103853.7298581 134396.0000000 0.2272558
0.05 241 11 103853.8261226 134396.0000000 0.2272551
0.05 242 12 103853.9575375 134396.0000000 0.2272541
0.04 243 11 103854.2496691 134396.0000000 0.2272519
0.04 244 11 103854.2546768 134396.0000000 0.2272519
0.04 245 11 103854.2599960 134396.0000000 0.2272519
0.05 246 13 103856.3771280 134396.0000000 0.2272361
0.04 247 14 103856.6246852 134396.0000000 0.2272343
0.05 248 14 103856.7198396 134396.0000000 0.2272335
0.04 249 14 103856.7839177 134396.0000000 0.2272331
0.04 250 15 103856.9008879 134396.0000000 0.2272322
0.04 251 14 103856.9548480 134396.0000000 0.2272318
0.05 252 15 103856.9936871 134396.0000000 0.2272315
0.05 253 14 103857.0882484 134396.0000000 0.2272308
0.05 254 14 103857.1176718 134396.0000000 0.2272306
0.05 255 15 103857.1699120 134396.0000000 0.2272302
0.05 256 13 103857.2018684 134396.0000000 0.2272300
0.05 257 13 103857.2469563 134396.0000000 0.2272296
0.05 258 15 103857.6459535 134396.0000000 0.2272267
0.05 259 10 103857.7351458 134396.0000000 0.2272260
0.05 260 12 103857.8120829 134396.0000000 0.2272254
0.05 261 12 103857.8445645 134396.0000000 0.2272252
0.05 262 11 103857.9680793 134396.0000000 0.2272243
0.05 263 11 103858.0105150 134396.0000000 0.2272239
0.05 264 12 103858.0159401 134396.0000000 0.2272239
0.05 265 12 103858.0159401 134396.0000000 0.2272239
0.05 266 12 103858.0809117 134396.0000000 0.2272234
0.05 267 12 103858.0903992 134396.0000000 0.2272234
0.05 268 12 103858.1645681 134396.0000000 0.2272228
0.05 269 12 103858.1853563 134396.0000000 0.2272226
0.05 270 12 103858.2079513 134396.0000000 0.2272225
0.05 271 12 103858.2091295 134396.0000000 0.2272225
0.05 272 12 103858.2909158 134396.0000000 0.2272219
0.05 273 12 103858.3968708 134396.0000000 0.2272211
0.05 274 12 103858.4303284 134396.0000000 0.2272208
0.05 275 12 103858.5174503 134396.0000000 0.2272202
0.05 276 14 103858.5685950 134396.0000000 0.2272198
0.05 277 13 103858.5823022 134396.0000000 0.2272197
0.05 278 12 103858.5861200 134396.0000000 0.2272197
0.05 279 12 103858.5861200 134396.0000000 0.2272197
0.05 280 11 103858.6305721 134396.0000000 0.2272193
0.05 281 12 103858.7539744 134396.0000000 0.2272184
0.05 282 11 103858.7634690 134396.0000000 0.2272183
0.05 283 11 103858.7740643 134396.0000000 0.2272183
0.05 284 11 103858.7882900 134396.0000000 0.2272182
0.05 285 11 103858.7882900 134396.0000000 0.2272182
0.05 286 11 103858.8308039 134396.0000000 0.2272178
0.05 287 11 103858.8308039 134396.0000000 0.2272178
0.05 288 11 103858.8515700 134396.0000000 0.2272177
0.05 289 11 103858.8515700 134396.0000000 0.2272177
0.05 290 11 103858.8515700 134396.0000000 0.2272177
0.05 291 11 103858.8515700 134396.0000000 0.2272177
0.05 292 11 103858.8516369 134396.0000000 0.2272177
0.05 293 11 103858.8516369 134396.0000000 0.2272177
0.05 294 11 103858.8576838 134396.0000000 0.2272176
0.05 295 11 103858.8576838 134396.0000000 0.2272176
0.05 296 11 103858.8665155 134396.0000000 0.2272176
0.06 297 11 103858.8665155 134396.0000000 0.2272176
0.06 298 11 103858.9395436 134396.0000000 0.2272170
0.05 299 10 103858.9395436 134396.0000000 0.2272170
0.06 300 10 103858.9703092 134396.0000000 0.2272168
0.05 301 11 103858.9831191 134396.0000000 0.2272167
0.06 302 11 103858.9972384 134396.0000000 0.2272166
0.05 303 11 103859.0076996 134396.0000000 0.2272165
0.06 304 10 103859.0076996 134396.0000000 0.2272165
0.06 305 10 103859.0219662 134396.0000000 0.2272164
0.06 306 10 103859.0219662 134396.0000000 0.2272164
0.06 307 10 103859.0220742 134396.0000000 0.2272164
0.05 308 10 103859.0220742 134396.0000000 0.2272164
0.05 309 10 103859.0244841 134396.0000000 0.2272164
0.05 310 10 103859.0244841 134396.0000000 0.2272164
0.05 311 10 103859.0244841 134396.0000000 0.2272164
0.05 312 10 103859.0244841 134396.0000000 0.2272164
0.06 313 10 103859.0291053 134396.0000000 0.2272164
0.06 314 10 103859.0291053 134396.0000000 0.2272164
0.06 315 10 103859.0291053 134396.0000000 0.2272164
0.06 316 11 103859.0291053 134396.0000000 0.2272164
0.06 317 10 103859.0530620 134396.0000000 0.2272162
0.06 318 10 103859.0782023 134396.0000000 0.2272160
0.06 319 11 103859.0782023 134396.0000000 0.2272160
0.06 320 11 103859.0958809 134396.0000000 0.2272159
0.05 321 11 103859.0958809 134396.0000000 0.2272159
0.06 322 11 103859.0958809 134396.0000000 0.2272159
0.06 323 11 103859.0958809 134396.0000000 0.2272159
0.06 324 11 103859.0980457 134396.0000000 0.2272159
0.06 325 11 103859.0980457 134396.0000000 0.2272159
0.06 326 11 103859.1179086 134396.0000000 0.2272157
0.06 327 11 103859.1771558 134396.0000000 0.2272153
0.06 328 11 103859.1771558 134396.0000000 0.2272153
0.06 329 11 103859.1771558 134396.0000000 0.2272153
0.06 330 11 103859.1771558 134396.0000000 0.2272153
0.06 331 11 103859.2069786 134396.0000000 0.2272150
0.05 332 10 103859.2233224 134396.0000000 0.2272149
0.06 333 11 103859.2233224 134396.0000000 0.2272149
0.06 334 11 103859.2233224 134396.0000000 0.2272149
0.06 335 11 103859.2233224 134396.0000000 0.2272149
0.06 336 11 103859.2381989 134396.0000000 0.2272148
0.06 337 11 103859.2381989 134396.0000000 0.2272148
0.06 338 11 103859.2381989 134396.0000000 0.2272148
0.06 339 11 103859.2381989 134396.0000000 0.2272148
0.06 340 11 103859.2633022 134396.0000000 0.2272146
0.06 341 11 103859.2689114 134396.0000000 0.2272146
0.06 342 12 103859.2689114 134396.0000000 0.2272146
0.06 343 11 103859.3147278 134396.0000000 0.2272142
0.06 344 12 103859.3269057 134396.0000000 0.2272142
0.06 345 12 103859.3269057 134396.0000000 0.2272142
0.06 346 12 103859.3516537 134396.0000000 0.2272140
0.06 347 12 103859.3516537 134396.0000000 0.2272140
0.06 348 12 103859.3656285 134396.0000000 0.2272139
0.06 349 12 103859.3656285 134396.0000000 0.2272139
0.06 350 12 103859.4126733 134396.0000000 0.2272135
0.06 351 12 103859.4386285 134396.0000000 0.2272133
0.06 352 11 103859.4664239 134396.0000000 0.2272131
0.06 353 11 103859.4664239 134396.0000000 0.2272131
0.06 354 11 103859.4793389 134396.0000000 0.2272130
0.06 355 11 103859.4793389 134396.0000000 0.2272130
0.06 356 11 103859.4793389 134396.0000000 0.2272130
0.06 357 12 103859.4899342 134396.0000000 0.2272129
0.06 358 11 103859.5014653 134396.0000000 0.2272129
0.06 359 11 103859.5014653 134396.0000000 0.2272129
0.07 360 11 103859.5072771 134396.0000000 0.2272128
0.06 361 10 103859.5072771 134396.0000000 0.2272128
0.06 362 11 103859.5129621 134396.0000000 0.2272128
0.06 363 11 103859.5220934 134396.0000000 0.2272127
0.07 364 11 103859.5801514 134396.0000000 0.2272123
0.06 365 10 103859.7062261 134396.0000000 0.2272113
0.06 366 10 103859.8035705 134396.0000000 0.2272106
0.06 367 9 103859.8922179 134396.0000000 0.2272099
0.06 368 9 103859.9034721 134396.0000000 0.2272099
0.06 369 9 103860.8696401 134396.0000000 0.2272027
0.06 370 12 103860.9089800 134396.0000000 0.2272024
0.06 371 13 103860.9552371 134396.0000000 0.2272020
0.07 372 12 103860.9761662 134396.0000000 0.2272019
0.07 373 12 103861.0106091 134396.0000000 0.2272016
0.07 374 12 103861.1515376 134396.0000000 0.2272006
0.06 375 11 103861.1647288 134396.0000000 0.2272005
0.07 376 12 103861.2585513 134396.0000000 0.2271998
0.06 377 10 103861.2868303 134396.0000000 0.2271996
0.06 378 10 103861.3127570 134396.0000000 0.2271994
0.06 379 10 103861.3777459 134396.0000000 0.2271989
0.06 380 10 103861.3898974 134396.0000000 0.2271988
0.06 381 10 103861.3976463 134396.0000000 0.2271987
0.06 382 10 103861.4005174 134396.0000000 0.2271987
0.07 383 11 103861.4772165 134396.0000000 0.2271982
0.07 384 11 103861.6055686 134396.0000000 0.2271972
0.07 385 11 103861.7463005 134396.0000000 0.2271961
0.07 386 12 103861.7992584 134396.0000000 0.2271958
0.07 387 11 103861.8981693 134396.0000000 0.2271950
0.07 388 10 103861.9325507 134396.0000000 0.2271948
0.07 389 10 103861.9838565 134396.0000000 0.2271944
0.07 390 10 103862.0047723 134396.0000000 0.2271942
0.07 391 10 103862.0250657 134396.0000000 0.2271941
0.07 392 10 103862.0362048 134396.0000000 0.2271940
0.07 393 10 103862.0655539 134396.0000000 0.2271938
0.07 394 9 103862.0878506 134396.0000000 0.2271936
0.07 395 11 103862.1083544 134396.0000000 0.2271935
0.07 396 11 103862.1518815 134396.0000000 0.2271931
0.07 397 10 103862.1741524 134396.0000000 0.2271930
0.07 398 10 103862.2267672 134396.0000000 0.2271926
0.07 399 10 103862.2479355 134396.0000000 0.2271924
0.07 400 10 103862.3215364 134396.0000000 0.2271919
0.07 401 11 103862.3593216 134396.0000000 0.2271916
0.07 402 10 103862.4756387 134396.0000000 0.2271907
0.07 403 11 103862.5327625 134396.0000000 0.2271903
0.07 404 11 103862.5518032 134396.0000000 0.2271902
0.07 405 10 103862.5963045 134396.0000000 0.2271898
0.07 406 11 103862.6367448 134396.0000000 0.2271895
0.07 407 11 103862.6774694 134396.0000000 0.2271892
0.07 408 11 103862.7233001 134396.0000000 0.2271889
0.07 409 11 103862.8803754 134396.0000000 0.2271877
0.07 410 10 103862.9657679 134396.0000000 0.2271871
0.07 411 11 103862.9869358 134396.0000000 0.2271869
0.07 412 10 103863.0602985 134396.0000000 0.2271864
0.07 413 10 103863.1143867 134396.0000000 0.2271860
0.07 414 12 103863.3197027 134396.0000000 0.2271844
0.07 415 11 103863.5293442 134396.0000000 0.2271829
0.07 416 12 103863.6695285 134396.0000000 0.2271818
0.07 417 11 103863.7528662 134396.0000000 0.2271812
0.07 418 11 103863.8046447 134396.0000000 0.2271808
0.08 419 10 103864.7902458 134396.0000000 0.2271735
0.08 420 13 103865.1184879 134396.0000000 0.2271711
0.08 421 14 103865.2645631 134396.0000000 0.2271700
0.08 422 13 103865.3740842 134396.0000000 0.2271692
0.08 423 13 103865.4362240 134396.0000000 0.2271687
0.07 424 14 103865.4912604 134396.0000000 0.2271683
0.08 425 12 103865.5616142 134396.0000000 0.2271678
0.08 426 14 103865.8758519 134396.0000000 0.2271654
0.08 427 13 103865.9975080 134396.0000000 0.2271645
0.08 428 15 103866.3223493 134396.0000000 0.2271621
0.08 429 17 103866.3377181 134396.0000000 0.2271620
0.09 430 16 103866.8052026 134396.0000000 0.2271585
0.08 431 13 103866.9139279 134396.0000000 0.2271577
0.08 432 14 103866.9154459 134396.0000000 0.2271577
0.08 433 13 103866.9796937 134396.0000000 0.2271572
0.08 434 12 103866.9873673 134396.0000000 0.2271572
0.08 435 11 103867.0116041 134396.0000000 0.2271570
0.08 436 13 103867.0802949 134396.0000000 0.2271565
0.08 437 12 103867.0890549 134396.0000000 0.2271564
0.08 438 12 103867.0957699 134396.0000000 0.2271563
0.08 439 11 103867.1021133 134396.0000000 0.2271563
0.08 440 12 103867.1062109 134396.0000000 0.2271563
0.08 441 11 103867.1690318 134396.0000000 0.2271558
0.08 442 11 103867.2039987 134396.0000000 0.2271555
0.08 443 11 103867.3522535 134396.0000000 0.2271544
0.08 444 10 103867.3522535 134396.0000000 0.2271544
0.08 445 10 103867.3522535 134396.0000000 0.2271544
0.08 446 10 103867.7970428 134396.0000000 0.2271511
0.08 447 8 103867.8013870 134396.0000000 0.2271511
0.08 448 8 103867.8013870 134396.0000000 0.2271511
0.08 449 8 103867.8099710 134396.0000000 0.2271510
0.08 450 9 103867.9248292 134396.0000000 0.2271502
0.07 451 8 103867.9248292 134396.0000000 0.2271502
0.07 452 8 103867.9248292 134396.0000000 0.2271502
0.08 453 9 103867.9248292 134396.0000000 0.2271502
0.07 454 8 103867.9248292 134396.0000000 0.2271502
0.07 455 9 103867.9248292 134396.0000000 0.2271502
0.08 456 8 103867.9248292 134396.0000000 0.2271502
0.08 457 8 103867.9248292 134396.0000000 0.2271502
0.08 458 8 103867.9248292 134396.0000000 0.2271502
0.08 459 8 103867.9248292 134396.0000000 0.2271502
0.08 460 9 103867.9248292 134396.0000000 0.2271502
0.08 461 8 103867.9248292 134396.0000000 0.2271502
0.08 462 8 103867.9248292 134396.0000000 0.2271502
0.07 463 8 103867.9248292 134396.0000000 0.2271502
0.08 464 9 103867.9248292 134396.0000000 0.2271502
0.07 465 8 103867.9248292 134396.0000000 0.2271502
0.08 466 9 103867.9248292 134396.0000000 0.2271502
0.08 467 8 103867.9248292 134396.0000000 0.2271502
0.08 468 8 103867.9248292 134396.0000000 0.2271502
0.08 469 8 103867.9248292 134396.0000000 0.2271502
0.08 470 8 103867.9248292 134396.0000000 0.2271502
0.08 471 8 103867.9248292 134396.0000000 0.2271502
0.08 472 8 103867.9248292 134396.0000000 0.2271502
0.08 473 8 103867.9458783 134396.0000000 0.2271500
0.08 474 8 103867.9458783 134396.0000000 0.2271500
0.08 475 8 103867.9458783 134396.0000000 0.2271500
0.08 476 8 103867.9458783 134396.0000000 0.2271500
0.08 477 8 103867.9458783 134396.0000000 0.2271500
0.08 478 8 103867.9458783 134396.0000000 0.2271500
0.08 479 8 103867.9458783 134396.0000000 0.2271500
0.08 480 8 103867.9458783 134396.0000000 0.2271500
0.08 481 8 103867.9458783 134396.0000000 0.2271500
0.08 482 8 103867.9458783 134396.0000000 0.2271500
0.08 483 8 103867.9458783 134396.0000000 0.2271500
0.08 484 8 103867.9458783 134396.0000000 0.2271500
0.08 485 8 103867.9458783 134396.0000000 0.2271500
0.08 486 8 103867.9528872 134396.0000000 0.2271500
0.08 487 8 103867.9532715 134396.0000000 0.2271500
0.08 488 7 103867.9532715 134396.0000000 0.2271500
0.08 489 7 103867.9532715 134396.0000000 0.2271500
0.08 490 7 103867.9532715 134396.0000000 0.2271500
0.08 491 7 103867.9532715 134396.0000000 0.2271500
0.08 492 7 103867.9532715 134396.0000000 0.2271500
0.08 493 7 103867.9532715 134396.0000000 0.2271500
0.08 494 7 103867.9532715 134396.0000000 0.2271500
0.08 495 7 103867.9532715 134396.0000000 0.2271500
0.08 496 7 103867.9532715 134396.0000000 0.2271500
0.08 497 7 103867.9532715 134396.0000000 0.2271500
0.08 498 7 103867.9532715 134396.0000000 0.2271500
0.08 499 7 103867.9532715 134396.0000000 0.2271500
0.08 500 7 103867.9532715 134396.0000000 0.2271500
0.08 501 7 103867.9532715 134396.0000000 0.2271500
0.08 502 7 103867.9532715 134396.0000000 0.2271500
0.08 503 7 103868.0637397 134396.0000000 0.2271491
0.08 504 12 103868.1795925 134396.0000000 0.2271483
0.08 505 9 103868.3334734 134396.0000000 0.2271471
0.07 506 8 103868.3334734 134396.0000000 0.2271471
0.07 507 8 103868.3334734 134396.0000000 0.2271471
0.07 508 8 103868.3334734 134396.0000000 0.2271471
0.08 509 8 103868.3334734 134396.0000000 0.2271471
0.08 510 8 103868.3334734 134396.0000000 0.2271471
0.07 511 8 103868.3334734 134396.0000000 0.2271471
0.07 512 9 103868.3334734 134396.0000000 0.2271471
0.07 513 8 103868.3334734 134396.0000000 0.2271471
0.08 514 8 103868.3334734 134396.0000000 0.2271471
0.07 515 8 103868.3334734 134396.0000000 0.2271471
0.08 516 8 103868.3334734 134396.0000000 0.2271471
0.08 517 8 103868.3334734 134396.0000000 0.2271471
0.08 518 8 103868.3334734 134396.0000000 0.2271471
0.07 519 8 103868.3334734 134396.0000000 0.2271471
0.07 520 8 103868.3334734 134396.0000000 0.2271471
0.08 521 8 103868.3334734 134396.0000000 0.2271471
0.08 522 8 103868.3334734 134396.0000000 0.2271471
0.08 523 8 103868.3334734 134396.0000000 0.2271471
0.08 524 9 103868.3334734 134396.0000000 0.2271471
0.08 525 8 103868.3334734 134396.0000000 0.2271471
0.08 526 8 103868.3334734 134396.0000000 0.2271471
0.08 527 8 103868.3334734 134396.0000000 0.2271471
0.08 528 8 103868.3334734 134396.0000000 0.2271471
0.08 529 8 103868.3334734 134396.0000000 0.2271471
0.08 530 8 103868.3334734 134396.0000000 0.2271471
0.08 531 8 103868.3334734 134396.0000000 0.2271471
0.07 532 8 103868.3334734 134396.0000000 0.2271471
0.07 533 8 103868.3334734 134396.0000000 0.2271471
0.08 534 8 103868.3334734 134396.0000000 0.2271471
0.08 535 8 103868.3334734 134396.0000000 0.2271471
0.08 536 8 103868.3334734 134396.0000000 0.2271471
0.08 537 8 103868.3334734 134396.0000000 0.2271471
0.07 538 8 103868.3334734 134396.0000000 0.2271471
0.08 539 8 103868.3334734 134396.0000000 0.2271471
0.08 540 8 103868.3334734 134396.0000000 0.2271471
0.08 541 8 103868.3334734 134396.0000000 0.2271471
0.08 542 8 103868.3334734 134396.0000000 0.2271471
0.08 543 8 103868.3334734 134396.0000000 0.2271471
0.08 544 8 103868.3334734 134396.0000000 0.2271471
0.08 545 8 103868.3334734 134396.0000000 0.2271471
0.08 546 8 103868.3334734 134396.0000000 0.2271471
0.08 547 9 103868.3334734 134396.0000000 0.2271471
0.08 548 8 103868.3334734 134396.0000000 0.2271471
0.08 549 8 103868.3334734 134396.0000000 0.2271471
0.08 550 8 103868.3334734 134396.0000000 0.2271471
0.08 551 8 103868.3334734 134396.0000000 0.2271471
0.08 552 8 103868.3334734 134396.0000000 0.2271471
0.08 553 9 103868.3334734 134396.0000000 0.2271471
0.08 554 8 103868.3334734 134396.0000000 0.2271471
0.08 555 8 103868.3334734 134396.0000000 0.2271471
0.08 556 8 103868.3334734 134396.0000000 0.2271471
0.08 557 8 103868.3334734 134396.0000000 0.2271471
0.08 558 8 103868.3334734 134396.0000000 0.2271471
0.08 559 8 103868.3334734 134396.0000000 0.2271471
0.08 560 8 103868.3334734 134396.0000000 0.2271471
0.08 561 8 103868.3334734 134396.0000000 0.2271471
0.08 562 8 103868.3334734 134396.0000000 0.2271471
0.08 563 9 103868.3334734 134396.0000000 0.2271471
0.08 564 8 103868.3334734 134396.0000000 0.2271471
0.08 565 8 103868.3334734 134396.0000000 0.2271471
0.08 566 8 103868.3334734 134396.0000000 0.2271471
0.08 567 8 103868.3334734 134396.0000000 0.2271471
0.08 568 8 103868.3334734 134396.0000000 0.2271471
0.08 569 8 103868.3334734 134396.0000000 0.2271471
0.08 570 8 103868.3334734 134396.0000000 0.2271471
0.08 571 8 103868.3334734 134396.0000000 0.2271471
0.08 572 8 103868.3334734 134396.0000000 0.2271471
0.08 573 8 103868.3879310 134396.0000000 0.2271467
0.08 574 11 103868.4481972 134396.0000000 0.2271463
0.08 575 10 103868.4481972 134396.0000000 0.2271463
0.08 576 10 103868.4481972 134396.0000000 0.2271463
0.09 577 10 103868.4872016 134396.0000000 0.2271460
0.08 578 10 103868.4872016 134396.0000000 0.2271460
0.09 579 11 103868.4872016 134396.0000000 0.2271460
0.09 580 10 103868.4872016 134396.0000000 0.2271460
0.09 581 10 103868.4872016 134396.0000000 0.2271460
0.09 582 10 103868.4872016 134396.0000000 0.2271460
0.09 583 10 103868.4872016 134396.0000000 0.2271460
0.09 584 10 103868.4872016 134396.0000000 0.2271460
0.09 585 10 103868.4872016 134396.0000000 0.2271460
0.09 586 10 103868.4872016 134396.0000000 0.2271460
0.09 587 10 103868.4872016 134396.0000000 0.2271460
0.09 588 10 103868.4872016 134396.0000000 0.2271460
0.08 589 10 103868.4872016 134396.0000000 0.2271460
0.09 590 10 103868.4872016 134396.0000000 0.2271460
0.09 591 11 103868.4872016 134396.0000000 0.2271460
0.08 592 10 103868.4872016 134396.0000000 0.2271460
0.08 593 10 103868.4872016 134396.0000000 0.2271460
0.09 594 10 103868.4872016 134396.0000000 0.2271460
0.09 595 10 103868.4872016 134396.0000000 0.2271460
0.09 596 10 103868.4872016 134396.0000000 0.2271460
0.09 597 10 103868.4872016 134396.0000000 0.2271460
0.09 598 10 103868.4872016 134396.0000000 0.2271460
0.09 599 10 103868.4872016 134396.0000000 0.2271460
0.09 600 10 103868.4872016 134396.0000000 0.2271460
0.09 601 10 103868.4872016 134396.0000000 0.2271460
0.09 602 10 103868.4872016 134396.0000000 0.2271460
0.09 603 10 103868.4872016 134396.0000000 0.2271460
0.09 604 10 103868.4872016 134396.0000000 0.2271460
0.09 605 10 103868.4872016 134396.0000000 0.2271460
0.09 606 10 103868.4872016 134396.0000000 0.2271460
0.09 607 10 103868.4872016 134396.0000000 0.2271460
0.09 608 10 103868.4872016 134396.0000000 0.2271460
0.09 609 10 103868.4872016 134396.0000000 0.2271460
0.10 610 10 103868.5041539 134396.0000000 0.2271459
0.08 611 9 103868.5041539 134396.0000000 0.2271459
0.09 612 8 103868.5041539 134396.0000000 0.2271459
0.09 613 8 103868.5041539 134396.0000000 0.2271459
0.09 614 8 103868.5041539 134396.0000000 0.2271459
0.09 615 9 103868.5041539 134396.0000000 0.2271459
0.09 616 8 103868.5041539 134396.0000000 0.2271459
0.09 617 8 103868.5041539 134396.0000000 0.2271459
0.08 618 8 103868.5041539 134396.0000000 0.2271459
0.08 619 8 103868.5041539 134396.0000000 0.2271459
0.08 620 8 103868.5041539 134396.0000000 0.2271459
0.09 621 8 103868.5041539 134396.0000000 0.2271459
0.09 622 8 103868.5041539 134396.0000000 0.2271459
0.09 623 8 103868.5041539 134396.0000000 0.2271459
0.09 624 8 103868.5041539 134396.0000000 0.2271459
0.09 625 8 103868.5041539 134396.0000000 0.2271459
0.09 626 8 103868.5041539 134396.0000000 0.2271459
0.09 627 8 103868.5041539 134396.0000000 0.2271459
0.09 628 8 103868.5408498 134396.0000000 0.2271456
0.09 629 10 103868.5551299 134396.0000000 0.2271455
0.09 630 10 103868.6230308 134396.0000000 0.2271450
0.09 631 11 103868.7095386 134396.0000000 0.2271443
0.10 632 12 103868.7282405 134396.0000000 0.2271442
0.10 633 10 103868.8136602 134396.0000000 0.2271436
0.09 634 9 103868.8180790 134396.0000000 0.2271435
0.09 635 10 103868.8311933 134396.0000000 0.2271434
0.09 636 8 103868.8496641 134396.0000000 0.2271433
0.09 637 9 103868.9152483 134396.0000000 0.2271428
0.09 638 8 103868.9483694 134396.0000000 0.2271426
0.09 639 9 103868.9635239 134396.0000000 0.2271424
0.09 640 9 103868.9826711 134396.0000000 0.2271423
0.09 641 9 103869.0128409 134396.0000000 0.2271421
0.09 642 12 103869.0376280 134396.0000000 0.2271419
0.09 643 13 103869.0688985 134396.0000000 0.2271417
0.10 644 9 103869.0758918 134396.0000000 0.2271416
0.09 645 9 103869.1128589 134396.0000000 0.2271413
0.09 646 10 103869.1921021 134396.0000000 0.2271407
0.09 647 11 103869.1921021 134396.0000000 0.2271407
0.10 648 11 103869.2559153 134396.0000000 0.2271403
0.09 649 8 103869.2883263 134396.0000000 0.2271400
0.09 650 7 103869.3083222 134396.0000000 0.2271399
0.09 651 7 103869.3243916 134396.0000000 0.2271398
0.09 652 7 103869.3243916 134396.0000000 0.2271398
0.09 653 7 103869.3243916 134396.0000000 0.2271398
0.09 654 7 103869.3247543 134396.0000000 0.2271398
0.09 655 7 103869.3264280 134396.0000000 0.2271397
0.10 656 7 103869.3268919 134396.0000000 0.2271397
0.09 657 7 103869.3446209 134396.0000000 0.2271396
0.09 658 8 103869.3625026 134396.0000000 0.2271395
0.10 659 10 103869.3843302 134396.0000000 0.2271393
0.09 660 10 103869.3973743 134396.0000000 0.2271392
0.09 661 10 103869.4070138 134396.0000000 0.2271391
0.10 662 10 103869.4327312 134396.0000000 0.2271390
0.09 663 9 103869.5287098 134396.0000000 0.2271382
0.09 664 9 103869.6144199 134396.0000000 0.2271376
0.10 665 11 103869.6844369 134396.0000000 0.2271371
0.10 666 10 103869.8027015 134396.0000000 0.2271362
0.09 667 10 103869.8027015 134396.0000000 0.2271362
0.10 668 10 103869.8507807 134396.0000000 0.2271358
0.10 669 9 103869.8709175 134396.0000000 0.2271357
0.10 670 9 103869.8992863 134396.0000000 0.2271355
0.10 671 11 103870.0354125 134396.0000000 0.2271345
0.10 672 12 103870.0717618 134396.0000000 0.2271342
0.10 673 10 103870.1464030 134396.0000000 0.2271336
0.11 674 11 103870.2059559 134396.0000000 0.2271332
0.11 675 13 103870.2502171 134396.0000000 0.2271329
0.10 676 11 103870.2733416 134396.0000000 0.2271327
0.11 677 10 103870.3013907 134396.0000000 0.2271325
0.10 678 10 103870.3013907 134396.0000000 0.2271325
0.11 679 10 103870.3611891 134396.0000000 0.2271320
0.10 680 10 103870.4014970 134396.0000000 0.2271317
0.11 681 11 103870.4368573 134396.0000000 0.2271315
0.11 682 11 103870.4502683 134396.0000000 0.2271314
0.11 683 11 103870.4690524 134396.0000000 0.2271312
0.11 684 11 103870.4690524 134396.0000000 0.2271312
0.10 685 11 103870.4739163 134396.0000000 0.2271312
0.11 686 11 103870.4739163 134396.0000000 0.2271312
0.11 687 11 103870.4796601 134396.0000000 0.2271312
0.10 688 11 103870.4796601 134396.0000000 0.2271312
0.11 689 11 103870.4858416 134396.0000000 0.2271311
0.11 690 11 103870.4919859 134396.0000000 0.2271311
0.11 691 11 103870.5080400 134396.0000000 0.2271310
0.10 692 8 103870.5855281 134396.0000000 0.2271304
0.10 693 10 103870.5855281 134396.0000000 0.2271304
0.11 694 10 103870.7736995 134396.0000000 0.2271290
0.10 695 9 103870.7736995 134396.0000000 0.2271290
0.11 696 9 103870.7962380 134396.0000000 0.2271288
0.11 697 9 103870.8549288 134396.0000000 0.2271284
0.11 698 10 103870.9753081 134396.0000000 0.2271275
0.11 699 9 103870.9885931 134396.0000000 0.2271274
0.11 700 9 103871.0160391 134396.0000000 0.2271272
0.10 701 8 103871.0160391 134396.0000000 0.2271272
0.11 702 8 103871.3900496 134396.0000000 0.2271244
0.11 703 10 103871.4105271 134396.0000000 0.2271242
0.11 704 10 103871.5749106 134396.0000000 0.2271230
0.10 705 10 103871.5749106 134396.0000000 0.2271230
0.11 706 10 103871.6016272 134396.0000000 0.2271228
0.10 707 10 103871.6016272 134396.0000000 0.2271228
0.10 708 10 103871.6792768 134396.0000000 0.2271222
0.11 709 10 103871.6802241 134396.0000000 0.2271222
0.11 710 10 103871.6802241 134396.0000000 0.2271222
0.11 711 10 103871.6802241 134396.0000000 0.2271222
0.12 712 10 103871.6821825 134396.0000000 0.2271222
0.11 713 10 103871.6821825 134396.0000000 0.2271222
0.11 714 10 103871.6945142 134396.0000000 0.2271221
0.10 715 10 103871.6945142 134396.0000000 0.2271221
0.11 716 10 103871.7086912 134396.0000000 0.2271220
0.10 717 10 103871.7086912 134396.0000000 0.2271220
0.11 718 10 103871.7086912 134396.0000000 0.2271220
0.11 719 10 103871.7086912 134396.0000000 0.2271220
0.11 720 10 103871.7256576 134396.0000000 0.2271219
0.11 721 10 103871.7256576 134396.0000000 0.2271219
0.12 722 10 103871.7256576 134396.0000000 0.2271219
0.11 723 10 103871.7256576 134396.0000000 0.2271219
0.12 724 10 103871.7449457 134396.0000000 0.2271218
0.11 725 9 103871.7449457 134396.0000000 0.2271218
0.11 726 9 103871.7765759 134396.0000000 0.2271215
0.11 727 10 103871.8511302 134396.0000000 0.2271210
0.11 728 9 103871.8511302 134396.0000000 0.2271210
0.11 729 9 103871.8568608 134396.0000000 0.2271209
0.11 730 8 103871.8711279 134396.0000000 0.2271208
0.12 731 9 103871.8711279 134396.0000000 0.2271208
0.12 732 9 103871.8711279 134396.0000000 0.2271208
0.12 733 9 103871.9335931 134396.0000000 0.2271203
0.11 734 9 103871.9431328 134396.0000000 0.2271203
0.11 735 8 103871.9431328 134396.0000000 0.2271203
0.11 736 8 103871.9431328 134396.0000000 0.2271203
0.11 737 8 103871.9431328 134396.0000000 0.2271203
0.11 738 8 103871.9928778 134396.0000000 0.2271199
0.11 739 8 103871.9928778 134396.0000000 0.2271199
0.11 740 8 103871.9928778 134396.0000000 0.2271199
0.11 741 8 103871.9928778 134396.0000000 0.2271199
0.12 742 8 103872.0186829 134396.0000000 0.2271197
0.11 743 8 103872.0197838 134396.0000000 0.2271197
0.12 744 8 103872.0330516 134396.0000000 0.2271196
0.11 745 7 103872.0580097 134396.0000000 0.2271194
0.11 746 7 103872.0646070 134396.0000000 0.2271194
0.11 747 7 103872.0756113 134396.0000000 0.2271193
0.12 748 7 103872.0756113 134396.0000000 0.2271193
0.12 749 7 103872.1385141 134396.0000000 0.2271188
0.11 750 9 103872.1547032 134396.0000000 0.2271187
0.11 751 8 103872.1547032 134396.0000000 0.2271187
0.11 752 8 103872.1547032 134396.0000000 0.2271187
0.11 753 8 103872.1803510 134396.0000000 0.2271185
0.11 754 8 103872.1803510 134396.0000000 0.2271185
0.11 755 8 103872.1954849 134396.0000000 0.2271184
0.11 756 8 103872.2028725 134396.0000000 0.2271183
0.12 757 8 103872.2028725 134396.0000000 0.2271183
0.12 758 8 103872.2028725 134396.0000000 0.2271183
0.12 759 8 103872.2028725 134396.0000000 0.2271183
0.12 760 8 103872.2028725 134396.0000000 0.2271183
0.12 761 8 103872.2028725 134396.0000000 0.2271183
0.13 762 8 103872.2028725 134396.0000000 0.2271183
0.11 763 8 103872.2996244 134396.0000000 0.2271176
0.12 764 8 103872.3211569 134396.0000000 0.2271175
0.12 765 9 103872.3570026 134396.0000000 0.2271172
0.12 766 8 103872.3570026 134396.0000000 0.2271172
0.12 767 8 103872.3570905 134396.0000000 0.2271172
0.11 768 8 103872.3570905 134396.0000000 0.2271172
0.13 769 8 103872.3570905 134396.0000000 0.2271172
0.13 770 8 103872.3570905 134396.0000000 0.2271172
0.13 771 8 103872.3849154 134396.0000000 0.2271170
0.12 772 9 103872.3849154 134396.0000000 0.2271170
0.12 773 9 103872.3849154 134396.0000000 0.2271170
0.13 774 9 103872.4409489 134396.0000000 0.2271166
0.12 775 8 103872.4452510 134396.0000000 0.2271165
0.12 776 8 103872.4452510 134396.0000000 0.2271165
0.12 777 8 103872.4533342 134396.0000000 0.2271165
0.12 778 8 103872.5809102 134396.0000000 0.2271155
0.12 779 9 103872.6308323 134396.0000000 0.2271152
0.11 780 10 103872.6308323 134396.0000000 0.2271152
0.12 781 10 103872.6463832 134396.0000000 0.2271150
0.12 782 8 103872.6463832 134396.0000000 0.2271150
0.11 783 8 103872.6685158 134396.0000000 0.2271149
0.11 784 7 103872.6685158 134396.0000000 0.2271149
0.11 785 7 103872.6717896 134396.0000000 0.2271149
0.11 786 8 103872.6717896 134396.0000000 0.2271149
0.12 787 8 103872.6732431 134396.0000000 0.2271148
0.11 788 7 103872.6732431 134396.0000000 0.2271148
0.11 789 7 103872.6732431 134396.0000000 0.2271148
0.11 790 7 103872.6732431 134396.0000000 0.2271148
0.12 791 7 103872.6732431 134396.0000000 0.2271148
0.11 792 7 103872.6732431 134396.0000000 0.2271148
0.12 793 7 103872.6732431 134396.0000000 0.2271148
0.11 794 7 103872.6732431 134396.0000000 0.2271148
0.12 795 7 103872.7103674 134396.0000000 0.2271146
0.12 796 9 103872.7103674 134396.0000000 0.2271146
0.12 797 9 103872.7103674 134396.0000000 0.2271146
0.12 798 9 103872.7238296 134396.0000000 0.2271145
0.11 799 6 103872.7798287 134396.0000000 0.2271141
0.12 800 7 103872.8032033 134396.0000000 0.2271139
0.11 801 7 103872.8032033 134396.0000000 0.2271139
0.12 802 7 103872.8032033 134396.0000000 0.2271139
0.11 803 7 103872.8032033 134396.0000000 0.2271139
0.11 804 7 103872.8032033 134396.0000000 0.2271139
0.12 805 7 103872.8032033 134396.0000000 0.2271139
0.11 806 7 103872.8032033 134396.0000000 0.2271139
0.12 807 7 103872.8032033 134396.0000000 0.2271139
0.12 808 7 103872.8108977 134396.0000000 0.2271138
0.12 809 7 103872.8285212 134396.0000000 0.2271137
0.11 810 7 103872.8285212 134396.0000000 0.2271137
0.11 811 7 103872.8285212 134396.0000000 0.2271137
0.11 812 7 103872.8285212 134396.0000000 0.2271137
0.11 813 7 103872.8285212 134396.0000000 0.2271137
0.11 814 7 103872.8458019 134396.0000000 0.2271136
0.12 815 9 103872.8458019 134396.0000000 0.2271136
0.12 816 9 103872.8458019 134396.0000000 0.2271136
0.12 817 9 103872.8458019 134396.0000000 0.2271136
0.13 818 9 103872.8458019 134396.0000000 0.2271136
0.12 819 9 103872.8458019 134396.0000000 0.2271136
0.13 820 9 103872.8458019 134396.0000000 0.2271136
0.13 821 9 103872.8755237 134396.0000000 0.2271133
0.13 822 9 103872.9452095 134396.0000000 0.2271128
0.12 823 9 103873.0095458 134396.0000000 0.2271123
0.12 824 10 103873.0178161 134396.0000000 0.2271123
0.12 825 9 103873.0178161 134396.0000000 0.2271123
0.13 826 9 103873.0415486 134396.0000000 0.2271121
0.11 827 9 103873.0415486 134396.0000000 0.2271121
0.12 828 9 103873.0853095 134396.0000000 0.2271118
0.12 829 9 103873.0950898 134396.0000000 0.2271117
0.12 830 9 103873.0950898 134396.0000000 0.2271117
0.12 831 9 103873.0950898 134396.0000000 0.2271117
0.12 832 9 103873.0950898 134396.0000000 0.2271117
0.12 833 9 103873.1048757 134396.0000000 0.2271116
0.12 834 9 103873.1048757 134396.0000000 0.2271116
0.12 835 9 103873.1048757 134396.0000000 0.2271116
0.12 836 9 103873.1200076 134396.0000000 0.2271115
0.12 837 9 103873.1200076 134396.0000000 0.2271115
0.13 838 9 103873.1200076 134396.0000000 0.2271115
0.13 839 9 103873.1200076 134396.0000000 0.2271115
0.13 840 9 103873.1370737 134396.0000000 0.2271114
0.13 841 9 103873.1370737 134396.0000000 0.2271114
0.13 842 9 103874.8068543 134396.0000000 0.2270990
0.12 843 11 103874.8068543 134396.0000000 0.2270990
0.12 844 11 103874.8290226 134396.0000000 0.2270988
0.12 845 10 103874.8840390 134396.0000000 0.2270984
0.12 846 8 103874.8840390 134396.0000000 0.2270984
0.12 847 8 103874.8840390 134396.0000000 0.2270984
0.11 848 8 103874.8840390 134396.0000000 0.2270984
0.12 849 8 103874.9114252 134396.0000000 0.2270982
0.13 850 8 103874.9114252 134396.0000000 0.2270982
0.12 851 8 103874.9114252 134396.0000000 0.2270982
0.12 852 8 103874.9114252 134396.0000000 0.2270982
0.12 853 8 103874.9617714 134396.0000000 0.2270978
0.12 854 8 103874.9617714 134396.0000000 0.2270978
0.12 855 8 103874.9617714 134396.0000000 0.2270978
0.12 856 8 103874.9617714 134396.0000000 0.2270978
0.12 857 8 103874.9804962 134396.0000000 0.2270977
0.12 858 9 103875.3290235 134396.0000000 0.2270951
0.12 859 12 103875.3790147 134396.0000000 0.2270947
0.12 860 11 103875.3986328 134396.0000000 0.2270946
0.12 861 9 103875.3986328 134396.0000000 0.2270946
0.12 862 9 103875.4036278 134396.0000000 0.2270945
0.12 863 10 103875.4532581 134396.0000000 0.2270942
0.12 864 10 103875.5771797 134396.0000000 0.2270932
0.12 865 10 103875.5771797 134396.0000000 0.2270932
0.12 866 10 103875.5771797 134396.0000000 0.2270932
0.12 867 10 103875.5771797 134396.0000000 0.2270932
0.12 868 10 103875.6065720 134396.0000000 0.2270930
0.13 869 9 103875.6105880 134396.0000000 0.2270930
0.12 870 11 103875.6109812 134396.0000000 0.2270930
0.11 871 9 103875.6109812 134396.0000000 0.2270930
0.12 872 9 103875.6272113 134396.0000000 0.2270929
0.12 873 10 103875.6739008 134396.0000000 0.2270925
0.12 874 9 103875.7182935 134396.0000000 0.2270922
0.12 875 8 103875.7182935 134396.0000000 0.2270922
0.12 876 8 103875.7182935 134396.0000000 0.2270922
0.12 877 8 103875.7350395 134396.0000000 0.2270921
0.12 878 9 103875.7350395 134396.0000000 0.2270921
0.12 879 9 103875.7350395 134396.0000000 0.2270921
0.13 880 9 103875.7350395 134396.0000000 0.2270921
0.12 881 9 103875.7737159 134396.0000000 0.2270918
0.12 882 8 103875.7737159 134396.0000000 0.2270918
0.12 883 8 103875.7737159 134396.0000000 0.2270918
0.13 884 8 103875.7737159 134396.0000000 0.2270918
0.13 885 8 103875.7737159 134396.0000000 0.2270918
0.12 886 8 103875.7737159 134396.0000000 0.2270918
0.12 887 8 103875.7737159 134396.0000000 0.2270918
0.12 888 8 103875.7737159 134396.0000000 0.2270918
0.13 889 8 103875.7737257 134396.0000000 0.2270918
0.13 890 8 103875.7737262 134396.0000000 0.2270918
0.12 891 8 103875.7750068 134396.0000000 0.2270918
0.12 892 8 103875.7902332 134396.0000000 0.2270917
0.11 893 7 103875.7905033 134396.0000000 0.2270917
0.11 894 7 103875.7905033 134396.0000000 0.2270917
0.12 895 7 103875.7914803 134396.0000000 0.2270916
0.12 896 7 103875.8073487 134396.0000000 0.2270915
0.12 897 7 103875.8448224 134396.0000000 0.2270912
0.10 898 7 103875.8448224 134396.0000000 0.2270912
0.10 899 7 103875.8448224 134396.0000000 0.2270912
0.11 900 7 103875.8448224 134396.0000000 0.2270912
0.11 901 7 103875.8448224 134396.0000000 0.2270912
0.11 902 7 103875.8448224 134396.0000000 0.2270912
0.12 903 7 103875.8448224 134396.0000000 0.2270912
0.13 904 7 103875.8448224 134396.0000000 0.2270912
0.12 905 7 103875.8448223 134396.0000000 0.2270912
0.12 906 7 103875.8448224 134396.0000000 0.2270912
0.11 907 7 103875.8448224 134396.0000000 0.2270912
0.11 908 7 103875.8448223 134396.0000000 0.2270912
0.11 909 7 103875.8448224 134396.0000000 0.2270912
0.11 910 7 103875.8448223 134396.0000000 0.2270912
0.11 911 7 103875.8448224 134396.0000000 0.2270912
0.11 912 7 103875.8448224 134396.0000000 0.2270912
0.11 913 7 103875.8490447 134396.0000000 0.2270912
0.12 914 7 103875.8557171 134396.0000000 0.2270912
0.12 915 7 103875.8580800 134396.0000000 0.2270911
0.12 916 7 103875.8728916 134396.0000000 0.2270910
0.12 917 7 103876.3722593 134396.0000000 0.2270873
0.12 918 7 103876.3722593 134396.0000000 0.2270873
0.12 919 7 103876.3722593 134396.0000000 0.2270873
0.12 920 7 103876.3722593 134396.0000000 0.2270873
0.12 921 7 103876.3722593 134396.0000000 0.2270873
0.12 922 7 103876.3722593 134396.0000000 0.2270873
0.13 923 7 103876.3722593 134396.0000000 0.2270873
0.12 924 7 103876.3722593 134396.0000000 0.2270873
0.13 925 7 103876.3722593 134396.0000000 0.2270873
0.13 926 7 103876.4172492 134396.0000000 0.2270870
0.12 927 7 103876.4172492 134396.0000000 0.2270870
0.13 928 7 103876.4172492 134396.0000000 0.2270870
0.12 929 7 103876.4172492 134396.0000000 0.2270870
0.13 930 7 103876.4172492 134396.0000000 0.2270870
0.13 931 7 103876.4172492 134396.0000000 0.2270870
0.12 932 7 103876.4172492 134396.0000000 0.2270870
0.12 933 7 103876.4172492 134396.0000000 0.2270870
0.12 934 7 103876.4172492 134396.0000000 0.2270870
0.12 935 7 103876.4172492 134396.0000000 0.2270870
0.12 936 7 103876.4172492 134396.0000000 0.2270870
0.12 937 7 103876.4172492 134396.0000000 0.2270870
0.12 938 7 103876.4172492 134396.0000000 0.2270870
0.13 939 7 103876.4172492 134396.0000000 0.2270870
0.13 940 7 103876.4172492 134396.0000000 0.2270870
0.13 941 7 103876.4172492 134396.0000000 0.2270870
0.13 942 7 103876.4172492 134396.0000000 0.2270870
0.13 943 7 103876.4172492 134396.0000000 0.2270870
0.14 944 7 103876.4172492 134396.0000000 0.2270870
0.12 945 7 103876.4172492 134396.0000000 0.2270870
0.13 946 7 103876.4828251 134396.0000000 0.2270865
0.13 947 8 103876.5436650 134396.0000000 0.2270860
0.12 948 9 103876.6134090 134396.0000000 0.2270855
0.12 949 9 103876.6691337 134396.0000000 0.2270851
0.13 950 8 103876.6691337 134396.0000000 0.2270851
0.12 951 8 103876.7025431 134396.0000000 0.2270849
0.13 952 7 103876.7025431 134396.0000000 0.2270849
0.12 953 7 103876.7025431 134396.0000000 0.2270849
0.12 954 7 103876.7025431 134396.0000000 0.2270849
0.12 955 7 103876.7025431 134396.0000000 0.2270849
0.12 956 7 103876.7025431 134396.0000000 0.2270849
0.13 957 7 103876.7025431 134396.0000000 0.2270849
0.13 958 7 103876.7025431 134396.0000000 0.2270849
0.12 959 7 103876.7025431 134396.0000000 0.2270849
0.12 960 7 103876.7720878 134396.0000000 0.2270843
0.12 961 7 103876.7720878 134396.0000000 0.2270843
0.12 962 7 103876.7720878 134396.0000000 0.2270843
0.12 963 7 103876.7720878 134396.0000000 0.2270843
0.12 964 7 103876.7731984 134396.0000000 0.2270843
0.13 965 7 103876.7956920 134396.0000000 0.2270842
0.13 966 10 103876.7956920 134396.0000000 0.2270842
0.13 967 10 103876.8285428 134396.0000000 0.2270839
0.13 968 9 103876.8285428 134396.0000000 0.2270839
0.14 969 9 103876.8285428 134396.0000000 0.2270839
0.13 970 9 103876.8285428 134396.0000000 0.2270839
0.13 971 9 103876.8285428 134396.0000000 0.2270839
0.13 972 9 103876.8285428 134396.0000000 0.2270839
0.14 973 9 103876.8285428 134396.0000000 0.2270839
0.13 974 9 103876.8285428 134396.0000000 0.2270839
0.14 975 9 103876.8285428 134396.0000000 0.2270839
0.14 976 9 103876.8422192 134396.0000000 0.2270838
0.14 977 10 103876.9308652 134396.0000000 0.2270832
0.13 978 9 103876.9308652 134396.0000000 0.2270832
0.13 979 9 103876.9308652 134396.0000000 0.2270832
0.13 980 9 103876.9363161 134396.0000000 0.2270831
0.14 981 9 103876.9943205 134396.0000000 0.2270827
0.13 982 11 103877.0892786 134396.0000000 0.2270820
0.12 983 10 103877.0969574 134396.0000000 0.2270819
0.13 984 9 103877.0969574 134396.0000000 0.2270819
0.13 985 9 103877.0969574 134396.0000000 0.2270819
0.13 986 9 103877.0969574 134396.0000000 0.2270819
0.13 987 9 103877.0969574 134396.0000000 0.2270819
0.13 988 9 103877.0969574 134396.0000000 0.2270819
0.13 989 9 103877.0969574 134396.0000000 0.2270819
0.13 990 9 103877.0969574 134396.0000000 0.2270819
0.14 991 9 103877.0969574 134396.0000000 0.2270819
0.14 992 9 103877.0969574 134396.0000000 0.2270819
0.13 993 9 103877.0969574 134396.0000000 0.2270819
0.14 994 9 103877.0969574 134396.0000000 0.2270819
0.14 995 9 103877.0969574 134396.0000000 0.2270819
0.13 996 9 103877.0969574 134396.0000000 0.2270819
0.14 997 9 103877.0969574 134396.0000000 0.2270819
0.14 998 9 103877.0969574 134396.0000000 0.2270819
0.13 999 9 103877.0969574 134396.0000000 0.2270819
