3.45 0 0 126333.2042504 179283.0000000 0.2953420
0.01 1 28 126333.2925940 179283.0000000 0.2953415
0.01 2 26 126340.8787351 179283.0000000 0.2952992
0.01 3 32 126344.8393405 179283.0000000 0.2952771
0.01 4 35 126352.1219972 179283.0000000 0.2952365
0.01 5 35 126356.4126488 179283.0000000 0.2952125
0.01 6 32 126362.4201461 179283.0000000 0.2951790
0.01 7 32 126363.1277220 179283.0000000 0.2951751
0.01 8 32 126365.2634818 179283.0000000 0.2951632
0.01 9 30 126367.1790372 179283.0000000 0.2951525
0.01 10 31 126370.5367853 179283.0000000 0.2951337
0.01 11 31 126371.2068712 179283.0000000 0.2951300
0.01 12 28 126376.3168385 179283.0000000 0.2951015
0.01 13 37 126377.5687049 179283.0000000 0.2950945
0.02 14 31 126378.6450454 179283.0000000 0.2950885
0.02 15 32 126380.7401577 179283.0000000 0.2950768
0.01 16 30 126382.0071910 179283.0000000 0.2950698
0.02 17 29 126383.2437743 179283.0000000 0.2950629
0.02 18 33 126384.0140955 179283.0000000 0.2950586
0.02 19 33 126386.2212556 179283.0000000 0.2950463
0.02 20 33 126388.0627384 179283.0000000 0.2950360
0.02 21 34 126399.5357345 179283.0000000 0.2949720
0.02 22 38 126399.5860568 179283.0000000 0.2949717
0.02 23 33 126401.0843145 179283.0000000 0.2949634
0.02 24 33 126402.2437696 179283.0000000 0.2949569
0.02 25 34 126403.6176525 179283.0000000 0.2949492
0.02 26 36 126404.4661326 179283.0000000 0.2949445
0.02 27 36 126411.9819897 179283.0000000 0.2949026
0.02 28 37 126412.5450178 179283.0000000 0.2948994
0.02 29 36 126423.2902107 179283.0000000 0.2948395
0.02 30 34 126426.0605870 179283.0000000 0.2948240
0.02 31 36 126427.0954289 179283.0000000 0.2948183
0.02 32 37 126430.4577831 179283.0000000 0.2947995
0.02 33 35 126431.4582625 179283.0000000 0.2947939
0.02 34 37 126432.6699995 179283.0000000 0.2947872
0.02 35 37 126433.8842876 179283.0000000 0.2947804
0.02 36 34 126436.4387567 179283.0000000 0.2947662
0.02 37 33 126438.1899502 179283.0000000 0.2947564
0.02 38 35 126438.3696934 179283.0000000 0.2947554
0.02 39 34 126441.3869578 179283.0000000 0.2947386
0.03 40 34 126442.1983448 179283.0000000 0.2947340
0.02 41 34 126444.2938212 179283.0000000 0.2947223
0.03 42 34 126445.0293849 179283.0000000 0.2947182
0.03 43 33 126445.7629358 179283.0000000 0.2947142
0.03 44 35 126446.8612862 179283.0000000 0.2947080
0.03 45 35 126448.2784186 179283.0000000 0.2947001
0.03 46 37 126452.1594389 179283.0000000 0.2946785
0.03 47 32 126453.0936873 179283.0000000 0.2946733
0.03 48 30 126454.3942968 179283.0000000 0.2946660
0.03 49 32 126456.0063905 179283.0000000 0.2946570
0.03 50 30 126458.0955723 179283.0000000 0.2946454
0.03 51 33 126458.1026921 179283.0000000 0.2946453
0.03 52 34 126464.1796778 179283.0000000 0.2946114
0.03 53 32 126464.6595623 179283.0000000 0.2946087
0.03 54 30 126465.7721624 179283.0000000 0.2946025
0.03 55 33 126466.5789166 179283.0000000 0.2945980
0.03 56 34 126469.8311643 179283.0000000 0.2945799
0.03 57 30 126470.7222477 179283.0000000 0.2945749
0.03 58 30 126471.8028433 179283.0000000 0.2945689
0.03 59 29 126473.2533188 179283.0000000 0.2945608
0.03 60 29 126473.9687203 179283.0000000 0.2945568
0.03 61 29 126479.0383650 179283.0000000 0.2945285
0.03 62 28 126480.0399247 179283.0000000 0.2945230
0.03 63 28 126480.8198182 179283.0000000 0.2945186
0.03 64 30 126482.4844120 179283.0000000 0.2945093
0.04 65 27 126483.1649776 179283.0000000 0.2945055
0.04 66 29 126483.7462748 179283.0000000 0.2945023
0.04 67 26 126484.5724704 179283.0000000 0.2944977
0.04 68 31 126484.9172668 179283.0000000 0.2944958
0.04 69 29 126486.0907815 179283.0000000 0.2944892
0.04 70 28 126487.2093650 179283.0000000 0.2944830
0.04 71 30 126487.7892260 179283.0000000 0.2944797
0.04 72 28 126488.5030377 179283.0000000 0.2944758
0.04 73 29 126489.7651887 179283.0000000 0.2944687
0.04 74 29 126490.6631058 179283.0000000 0.2944637
0.04 75 33 126491.3614992 179283.0000000 0.2944598
0.04 76 29 126491.9165354 179283.0000000 0.2944567
0.04 77 29 126492.9497647 179283.0000000 0.2944510
0.04 78 31 126494.5750484 179283.0000000 0.2944419
0.04 79 29 126495.0930571 179283.0000000 0.2944390
0.04 80 26 126495.4806531 179283.0000000 0.2944368
0.04 81 30 126496.7324675 179283.0000000 0.2944299
0.04 82 30 126497.2752084 179283.0000000 0.2944268
0.04 83 28 126498.7579073 179283.0000000 0.2944186
0.04 84 29 126499.2491860 179283.0000000 0.2944158
0.04 85 30 126500.5220817 179283.0000000 0.2944087
0.04 86 29 126500.9816637 179283.0000000 0.2944062
0.04 87 28 126502.2615308 179283.0000000 0.2943990
0.04 88 29 126504.1931479 179283.0000000 0.2943882
0.04 89 29 126504.9304053 179283.0000000 0.2943841
0.05 90 27 126507.0872076 179283.0000000 0.2943721
0.05 91 29 126508.1393796 179283.0000000 0.2943662
0.05 92 28 126508.7549782 179283.0000000 0.2943628
0.05 93 28 126509.8669844 179283.0000000 0.2943566
0.05 94 24 126510.6345198 179283.0000000 0.2943523
0.05 95 27 126511.9648640 179283.0000000 0.2943449
0.05 96 28 126512.7589708 179283.0000000 0.2943405
0.05 97 28 126513.0707915 179283.0000000 0.2943387
0.05 98 28 126513.8602111 179283.0000000 0.2943343
0.05 99 35 126515.2189086 179283.0000000 0.2943267
0.05 100 26 126515.5125962 179283.0000000 0.2943251
0.05 101 26 126515.7728686 179283.0000000 0.2943237
0.05 102 26 126516.1028289 179283.0000000 0.2943218
0.05 103 24 126517.5324305 179283.0000000 0.2943138
0.05 104 23 126519.2534271 179283.0000000 0.2943042
0.05 105 25 126519.5314866 179283.0000000 0.2943027
0.05 106 23 126519.7653700 179283.0000000 0.2943014
0.05 107 24 126521.0152854 179283.0000000 0.2942944
0.05 108 25 126521.3270825 179283.0000000 0.2942927
0.05 109 25 126522.5102477 179283.0000000 0.2942861
0.05 110 23 126522.8609347 179283.0000000 0.2942841
0.05 111 24 126523.1696518 179283.0000000 0.2942824
0.06 112 27 126523.4071149 179283.0000000 0.2942811
0.06 113 27 126524.4410854 179283.0000000 0.2942753
0.06 114 23 126525.8763031 179283.0000000 0.2942673
0.05 115 24 126526.1363051 179283.0000000 0.2942658
0.06 116 25 126526.8572578 179283.0000000 0.2942618
0.06 117 23 126527.1898290 179283.0000000 0.2942600
0.06 118 27 126527.3530960 179283.0000000 0.2942591
0.06 119 29 126528.9050209 179283.0000000 0.2942504
0.06 120 26 126529.5436087 179283.0000000 0.2942468
0.06 121 26 126530.2173367 179283.0000000 0.2942431
0.06 122 26 126530.8546725 179283.0000000 0.2942395
0.06 123 26 126531.7804533 179283.0000000 0.2942344
0.06 124 28 126533.1802595 179283.0000000 0.2942266
0.06 125 27 126533.7908519 179283.0000000 0.2942232
0.07 126 25 126534.5230188 179283.0000000 0.2942191
0.06 127 23 126534.9026914 179283.0000000 0.2942169
0.07 128 26 126535.2434069 179283.0000000 0.2942150
0.07 129 26 126536.3189574 179283.0000000 0.2942090
0.06 130 23 126536.5138603 179283.0000000 0.2942080
0.07 131 24 126536.8820463 179283.0000000 0.2942059
0.07 132 25 126537.7935897 179283.0000000 0.2942008
0.06 133 24 126539.4073477 179283.0000000 0.2941918
0.06 134 28 126539.9101739 179283.0000000 0.2941890
0.06 135 26 126540.5688128 179283.0000000 0.2941853
0.07 136 27 126541.9416426 179283.0000000 0.2941777
0.07 137 27 126542.6575049 179283.0000000 0.2941737
0.07 138 27 126543.2212180 179283.0000000 0.2941706
0.07 139 26 126543.3952191 179283.0000000 0.2941696
0.07 140 29 126544.4064746 179283.0000000 0.2941639
0.07 141 24 126544.7839353 179283.0000000 0.2941618
0.07 142 25 126545.6590857 179283.0000000 0.2941570
0.06 143 24 126546.2886167 179283.0000000 0.2941534
0.06 144 25 126547.1279317 179283.0000000 0.2941488
0.07 145 27 126547.7078733 179283.0000000 0.2941455
0.07 146 26 126548.3444286 179283.0000000 0.2941420
0.07 147 28 126548.5311133 179283.0000000 0.2941409
0.07 148 29 126548.8162715 179283.0000000 0.2941393
0.07 149 25 126549.8269070 179283.0000000 0.2941337
0.07 150 26 126550.4171534 179283.0000000 0.2941304
0.07 151 31 126551.2193713 179283.0000000 0.2941259
0.07 152 30 126552.0778760 179283.0000000 0.2941211
0.07 153 26 126552.2697835 179283.0000000 0.2941201
0.07 154 27 126552.8333579 179283.0000000 0.2941169
0.07 155 25 126553.3633981 179283.0000000 0.2941140
0.08 156 26 126553.4392339 179283.0000000 0.2941136
0.08 157 29 126553.9872940 179283.0000000 0.2941105
0.08 158 27 126554.4813888 179283.0000000 0.2941077
0.07 159 32 126554.6103394 179283.0000000 0.2941070
0.08 160 32 126555.0655828 179283.0000000 0.2941045
0.08 161 29 126555.1421071 179283.0000000 0.2941041
0.08 162 31 126556.4812721 179283.0000000 0.2940966
0.07 163 32 126556.7380353 179283.0000000 0.2940952
0.08 164 33 126557.2576780 179283.0000000 0.2940923
0.08 165 33 126557.7219676 179283.0000000 0.2940897
0.08 166 32 126558.4551460 179283.0000000 0.2940856
0.08 167 33 126558.7800057 179283.0000000 0.2940838
0.09 168 30 126559.2878158 179283.0000000 0.2940809
0.09 169 29 126559.7934668 179283.0000000 0.2940781
0.09 170 32 126560.4573670 179283.0000000 0.2940744
0.08 171 36 126560.6444415 179283.0000000 0.2940734
0.08 172 33 126561.1429300 179283.0000000 0.2940706
0.08 173 31 126561.6197560 179283.0000000 0.2940679
0.09 174 29 126561.8092266 179283.0000000 0.2940669
0.09 175 34 126562.8377961 179283.0000000 0.2940611
0.09 176 32 126563.0216815 179283.0000000 0.2940601
0.09 177 31 126563.1941076 179283.0000000 0.2940591
0.09 178 34 126563.4517251 179283.0000000 0.2940577
0.09 179 33 126563.8162161 179283.0000000 0.2940557
0.09 180 32 126564.0406635 179283.0000000 0.2940544
0.10 181 30 126564.5524164 179283.0000000 0.2940516
0.10 182 29 126565.2418378 179283.0000000 0.2940477
0.10 183 30 126565.4851449 179283.0000000 0.2940464
0.10 184 28 126565.7472064 179283.0000000 0.2940449
0.09 185 30 126565.9391397 179283.0000000 0.2940438
0.09 186 31 126566.4064556 179283.0000000 0.2940412
0.10 187 30 126566.7484057 179283.0000000 0.2940393
0.10 188 31 126567.0174383 179283.0000000 0.2940378
0.10 189 35 126567.2163263 179283.0000000 0.2940367
0.10 190 34 126567.3552390 179283.0000000 0.2940359
0.10 191 34 126567.6589852 179283.0000000 0.2940342
0.10 192 31 126568.3222335 179283.0000000 0.2940305
0.10 193 30 126568.5273356 179283.0000000 0.2940294
0.10 194 33 126569.0744941 179283.0000000 0.2940263
0.10 195 34 126569.4130707 179283.0000000 0.2940245
0.10 196 31 126570.0599106 179283.0000000 0.2940209
0.10 197 35 126570.1738709 179283.0000000 0.2940202
0.10 198 32 126570.2657008 179283.0000000 0.2940197
0.10 199 31 126570.5634118 179283.0000000 0.2940180
0.11 200 32 126572.0911975 179283.0000000 0.2940095
0.09 201 30 126572.3637044 179283.0000000 0.2940080
0.09 202 29 126572.6228772 179283.0000000 0.2940066
0.10 203 33 126572.7374077 179283.0000000 0.2940059
0.10 204 29 126572.9865703 179283.0000000 0.2940045
0.10 205 31 126573.2055543 179283.0000000 0.2940033
0.10 206 27 126573.4511799 179283.0000000 0.2940019
0.10 207 27 126573.6059157 179283.0000000 0.2940011
0.10 208 27 126573.8417434 179283.0000000 0.2939998
0.11 209 32 126574.0116788 179283.0000000 0.2939988
0.10 210 30 126574.1394137 179283.0000000 0.2939981
0.11 211 31 126574.3532253 179283.0000000 0.2939969
0.11 212 32 126574.5430200 179283.0000000 0.2939958
0.11 213 32 126574.9951273 179283.0000000 0.2939933
0.11 214 32 126575.1390843 179283.0000000 0.2939925
0.11 215 32 126575.3514060 179283.0000000 0.2939913
0.11 216 31 126575.6265892 179283.0000000 0.2939898
0.12 217 31 126575.8647179 179283.0000000 0.2939885
0.12 218 33 126576.2787132 179283.0000000 0.2939862
0.11 219 33 126576.4122695 179283.0000000 0.2939854
0.11 220 30 126576.6383328 179283.0000000 0.2939842
0.12 221 29 126576.7532448 179283.0000000 0.2939835
0.12 222 28 126577.0563838 179283.0000000 0.2939818
0.13 223 35 126577.2436129 179283.0000000 0.2939808
0.13 224 33 126577.4159627 179283.0000000 0.2939798
0.13 225 33 126577.5925465 179283.0000000 0.2939788
0.11 226 34 126577.6175984 179283.0000000 0.2939787
0.12 227 33 126577.7053914 179283.0000000 0.2939782
0.12 228 33 126577.7900742 179283.0000000 0.2939777
0.12 229 34 126578.0288038 179283.0000000 0.2939764
0.12 230 33 126578.2572017 179283.0000000 0.2939751
0.12 231 32 126578.8606401 179283.0000000 0.2939718
0.12 232 31 126579.2202108 179283.0000000 0.2939698
0.13 233 29 126579.4176311 179283.0000000 0.2939687
0.12 234 33 126579.5907262 179283.0000000 0.2939677
0.13 235 31 126579.8255075 179283.0000000 0.2939664
0.13 236 30 126580.5098762 179283.0000000 0.2939626
0.12 237 30 126580.6322035 179283.0000000 0.2939619
0.13 238 27 126580.8503799 179283.0000000 0.2939607
0.13 239 32 126580.9733016 179283.0000000 0.2939600
0.13 240 30 126581.1067028 179283.0000000 0.2939592
0.14 241 29 126581.3690120 179283.0000000 0.2939578
0.13 242 29 126581.4287250 179283.0000000 0.2939574
0.14 243 28 126581.5448262 179283.0000000 0.2939568
0.14 244 30 126581.6529450 179283.0000000 0.2939562
0.13 245 32 126581.8473005 179283.0000000 0.2939551
0.13 246 29 126581.9542212 179283.0000000 0.2939545
0.13 247 30 126582.4108200 179283.0000000 0.2939520
0.13 248 27 126582.5908955 179283.0000000 0.2939510
0.13 249 27 126582.9719603 179283.0000000 0.2939488
0.13 250 27 126583.2204120 179283.0000000 0.2939474
0.13 251 29 126583.4630294 179283.0000000 0.2939461
0.13 252 29 126583.5163633 179283.0000000 0.2939458
0.14 253 27 126583.6218156 179283.0000000 0.2939452
0.13 254 28 126583.7413326 179283.0000000 0.2939445
0.14 255 33 126583.8931360 179283.0000000 0.2939437
0.14 256 29 126584.0830768 179283.0000000 0.2939426
0.13 257 30 126584.2166189 179283.0000000 0.2939419
0.14 258 32 126584.2919773 179283.0000000 0.2939415
0.13 259 30 126584.3994289 179283.0000000 0.2939409
0.14 260 31 126584.6293825 179283.0000000 0.2939396
0.14 261 28 126584.8638029 179283.0000000 0.2939383
0.13 262 29 126585.0812832 179283.0000000 0.2939371
0.14 263 28 126585.1897216 179283.0000000 0.2939365
0.14 264 26 126585.3127364 179283.0000000 0.2939358
0.14 265 27 126585.4767610 179283.0000000 0.2939349
0.15 266 28 126585.6480523 179283.0000000 0.2939339
0.14 267 28 126585.7797441 179283.0000000 0.2939332
0.14 268 28 126585.9678294 179283.0000000 0.2939321
0.15 269 30 126586.0819964 179283.0000000 0.2939315
0.15 270 27 126586.1944964 179283.0000000 0.2939309
0.15 271 25 126586.3795396 179283.0000000 0.2939298
0.15 272 29 126586.6004849 179283.0000000 0.2939286
0.15 273 28 126586.6958849 179283.0000000 0.2939281
0.16 274 27 126586.9422497 179283.0000000 0.2939267
