0.90 0 0 2603308.5000000 2611520.0000000 0.0031443
0.01 1 23 2604758.5000000 2611520.0000000 0.0025891
0.00 2 11 2605755.6666667 2611520.0000000 0.0022073
0.00 3 10 2606472.6000000 2611520.0000000 0.0019327
0.00 4 9 2607342.5000000 2611520.0000000 0.0015996
0.00 5 7 2607521.1333333 2611520.0000000 0.0015312
0.00 6 6 2607734.1500000 2611520.0000000 0.0014497
0.00 7 5 2607801.2333333 2611520.0000000 0.0014240
0.00 8 6 2607953.9000000 2611520.0000000 0.0013655
0.00 9 5 2608138.0000000 2611520.0000000 0.0012950
0.00 10 5 2608169.2785714 2611520.0000000 0.0012831
0.00 11 4 2608347.1785714 2611520.0000000 0.0012149
0.00 12 4 2608481.8333333 2611520.0000000 0.0011634
0.00 13 4 2608483.3333333 2611520.0000000 0.0011628
0.00 14 4 2608496.0000000 2611520.0000000 0.0011579
0.00 15 3 2608539.0000000 2611520.0000000 0.0011415
0.00 16 1 2608539.0000000 2611520.0000000 0.0011415
0.00 17 1 2608539.0000000 2611520.0000000 0.0011415
0.00 18 1 2608539.0000000 2611520.0000000 0.0011415
0.00 19 1 2608539.0000000 2611520.0000000 0.0011415
0.00 20 1 2608539.0000000 2611520.0000000 0.0011415
0.00 21 1 2608539.0000000 2611520.0000000 0.0011415
0.00 22 1 2608539.0000000 2611520.0000000 0.0011415
0.00 23 1 2608558.7608696 2611520.0000000 0.0011339
0.00 24 1 2608677.0000000 2611520.0000000 0.0010886
