0.04 0 0 2423977.0000000 2429420.0000000 0.0022405
0.00 1 12 2424980.5000000 2429420.0000000 0.0018274
0.00 2 8 2425783.1833333 2429420.0000000 0.0014970
0.00 3 8 2426751.0000000 2429420.0000000 0.0010986
0.00 4 6 2426876.0000000 2429420.0000000 0.0010472
0.00 5 6 2426926.2000000 2429420.0000000 0.0010265
0.00 6 6 2427251.3750000 2429420.0000000 0.0008927
0.00 7 5 2427452.2500000 2429420.0000000 0.0008100
0.00 8 3 2427478.1666667 2429420.0000000 0.0007993
0.00 9 3 2427699.1666667 2429420.0000000 0.0007083
0.00 10 3 2427731.1666667 2429420.0000000 0.0006952
0.00 11 3 2427774.0494505 2429420.0000000 0.0006775
0.00 12 3 2427899.6666667 2429420.0000000 0.0006258
0.00 13 3 2427926.1666667 2429420.0000000 0.0006149
0.00 14 3 2427930.6666667 2429420.0000000 0.0006130
0.00 15 3 2427939.2177033 2429420.0000000 0.0006095
0.00 16 3 2427963.8192982 2429420.0000000 0.0005994
0.00 17 3 2427966.1526316 2429420.0000000 0.0005984
0.00 18 3 2428005.6454545 2429420.0000000 0.0005822
0.00 19 2 2428007.3311688 2429420.0000000 0.0005815
0.00 20 2 2428007.3579545 2429420.0000000 0.0005815
0.00 21 2 2428014.6551724 2429420.0000000 0.0005785
0.00 22 2 2428043.2066667 2429420.0000000 0.0005667
0.00 23 4 2428048.6400000 2429420.0000000 0.0005645
0.00 24 4 2428061.1831502 2429420.0000000 0.0005593
0.00 25 2 2428093.2222222 2429420.0000000 0.0005461
0.00 26 1 2428095.2681159 2429420.0000000 0.0005453
0.00 27 2 2428098.3852459 2429420.0000000 0.0005440
0.00 28 2 2428098.3852459 2429420.0000000 0.0005440
0.00 29 3 2428106.8137255 2429420.0000000 0.0005405
0.00 30 4 2428107.5410959 2429420.0000000 0.0005402
0.00 31 3 2428107.5736842 2429420.0000000 0.0005402
0.00 32 2 2428112.2619048 2429420.0000000 0.0005383
0.00 33 1 2428116.5642570 2429420.0000000 0.0005365
0.00 34 1 2428116.5642570 2429420.0000000 0.0005365
0.00 35 1 2428119.6975684 2429420.0000000 0.0005352
0.00 36 3 2428120.9242424 2429420.0000000 0.0005347
0.00 37 3 2428123.2781775 2429420.0000000 0.0005338
0.00 38 5 2428134.7471910 2429420.0000000 0.0005290
0.00 39 1 2428134.7471910 2429420.0000000 0.0005290
0.00 40 1 2428135.4591837 2429420.0000000 0.0005287
0.00 41 2 2428138.0037670 2429420.0000000 0.0005277
0.00 42 2 2428141.5000000 2429420.0000000 0.0005263
0.00 43 2 2428144.1073781 2429420.0000000 0.0005252
0.00 44 2 2428151.4254144 2429420.0000000 0.0005222
0.00 45 1 2428151.4254144 2429420.0000000 0.0005222
0.00 46 1 2428153.1599241 2429420.0000000 0.0005215
0.00 47 2 2428159.3411526 2429420.0000000 0.0005189
0.00 48 2 2428162.6728600 2429420.0000000 0.0005175
0.00 49 3 2428165.2380917 2429420.0000000 0.0005165
0.00 50 3 2428167.3683924 2429420.0000000 0.0005156
0.00 51 4 2428167.4087525 2429420.0000000 0.0005156
0.00 52 4 2428169.3469073 2429420.0000000 0.0005148
0.00 53 5 2428173.0115049 2429420.0000000 0.0005133
0.00 54 3 2428175.8977372 2429420.0000000 0.0005121
0.00 55 3 2428177.6103448 2429420.0000000 0.0005114
0.00 56 3 2428180.8847262 2429420.0000000 0.0005100
0.00 57 4 2428183.3488546 2429420.0000000 0.0005090
0.00 58 3 2428184.6339587 2429420.0000000 0.0005085
0.00 59 4 2428185.1770209 2429420.0000000 0.0005083
0.00 60 2 2428192.2201597 2429420.0000000 0.0005054
0.00 61 3 2428194.3668354 2429420.0000000 0.0005045
0.00 62 9 2428198.1054964 2429420.0000000 0.0005030
0.00 63 5 2428200.5815464 2429420.0000000 0.0005019
0.00 64 2 2428204.3079361 2429420.0000000 0.0005004
0.00 65 6 2428206.8992773 2429420.0000000 0.0004993
0.00 66 3 2428211.1205116 2429420.0000000 0.0004976
0.00 67 6 2428215.7608270 2429420.0000000 0.0004957
0.00 68 13 2428219.9092126 2429420.0000000 0.0004940
0.00 69 2 2428225.3830829 2429420.0000000 0.0004917
0.00 70 2 2428232.8633191 2429420.0000000 0.0004887
0.00 71 5 2428234.4812043 2429420.0000000 0.0004880
0.00 72 13 2428235.9121283 2429420.0000000 0.0004874
0.00 73 12 2428236.0758565 2429420.0000000 0.0004873
0.00 74 6 2428237.1553415 2429420.0000000 0.0004869
0.00 75 11 2428240.0485018 2429420.0000000 0.0004857
0.00 76 31 2428243.6211562 2429420.0000000 0.0004842
0.00 77 22 2428245.9667345 2429420.0000000 0.0004833
0.00 78 5 2428247.0339470 2429420.0000000 0.0004828
0.00 79 3 2428248.2414160 2429420.0000000 0.0004823
0.00 80 35 2428250.1912263 2429420.0000000 0.0004815
0.00 81 4 2428251.0794489 2429420.0000000 0.0004812
0.00 82 3 2428253.7008704 2429420.0000000 0.0004801
0.00 83 6 2428254.0317870 2429420.0000000 0.0004799
0.00 84 9 2428255.1584073 2429420.0000000 0.0004795
0.00 85 11 2428255.6834237 2429420.0000000 0.0004793
0.00 86 38 2428259.0531598 2429420.0000000 0.0004779
0.00 87 28 2428263.2722259 2429420.0000000 0.0004761
0.00 88 4 2428265.3052718 2429420.0000000 0.0004753
0.00 89 2 2428267.0391744 2429420.0000000 0.0004746
0.00 90 5 2428270.5385363 2429420.0000000 0.0004731
0.00 91 23 2428272.5181554 2429420.0000000 0.0004723
0.00 92 27 2428273.7607451 2429420.0000000 0.0004718
0.00 93 4 2428274.7213436 2429420.0000000 0.0004714
0.00 94 5 2428277.3725303 2429420.0000000 0.0004703
0.00 95 5 2428279.0838532 2429420.0000000 0.0004696
0.00 96 3 2428279.9237494 2429420.0000000 0.0004693
0.00 97 3 2428281.5624064 2429420.0000000 0.0004686
0.00 98 6 2428282.9219109 2429420.0000000 0.0004680
0.00 99 3 2428282.9273764 2429420.0000000 0.0004680
0.00 100 3 2428283.6503415 2429420.0000000 0.0004677
0.00 101 6 2428284.4663641 2429420.0000000 0.0004674
0.00 102 3 2428288.3094360 2429420.0000000 0.0004658
0.00 103 4 2428289.9484445 2429420.0000000 0.0004652
0.00 104 16 2428291.3860409 2429420.0000000 0.0004646
0.00 105 2 2428292.5747832 2429420.0000000 0.0004641
0.00 106 5 2428294.0209672 2429420.0000000 0.0004635
0.00 107 4 2428294.0209672 2429420.0000000 0.0004635
0.00 108 4 2428294.7674789 2429420.0000000 0.0004632
0.00 109 4 2428294.7674789 2429420.0000000 0.0004632
0.00 110 4 2428295.3989992 2429420.0000000 0.0004629
0.00 111 5 2428295.3989992 2429420.0000000 0.0004629
0.00 112 5 2428296.1961818 2429420.0000000 0.0004626
0.00 113 6 2428298.0934007 2429420.0000000 0.0004618
0.00 114 3 2428300.1520454 2429420.0000000 0.0004610
0.00 115 6 2428304.2063707 2429420.0000000 0.0004593
0.00 116 3 2428305.9465094 2429420.0000000 0.0004586
0.00 117 2 2428307.3574194 2429420.0000000 0.0004580
0.00 118 4 2428309.4396597 2429420.0000000 0.0004571
0.00 119 2 2428309.4396597 2429420.0000000 0.0004571
0.00 120 2 2428310.5000000 2429420.0000000 0.0004567
