0.06 0 0 2582994.0000000 2590330.0000000 0.0028321
0.00 1 25 2585623.5000000 2590330.0000000 0.0018169
0.00 2 15 2586916.1666667 2590330.0000000 0.0013179
0.00 3 10 2587793.8333333 2590330.0000000 0.0009791
0.00 4 6 2588389.5000000 2590330.0000000 0.0007491
0.00 5 4 2588526.5555556 2590330.0000000 0.0006962
0.00 6 4 2588765.3333333 2590330.0000000 0.0006040
0.00 7 4 2588781.0000000 2590330.0000000 0.0005980
0.00 8 4 2588828.6250000 2590330.0000000 0.0005796
0.00 9 4 2588884.7500000 2590330.0000000 0.0005579
0.00 10 3 2588901.1250000 2590330.0000000 0.0005516
0.00 11 3 2589617.7222222 2590330.0000000 0.0002750
0.00 12 2 2589645.1000000 2590330.0000000 0.0002644
0.00 13 2 2589738.1666667 2590330.0000000 0.0002285
0.00 14 2 2589767.0000000 2590330.0000000 0.0002173
0.00 15 2 2589789.8333333 2590330.0000000 0.0002085
0.00 16 2 2589790.5666667 2590330.0000000 0.0002082
0.00 17 2 2589804.3000000 2590330.0000000 0.0002029
0.00 18 2 2589819.4000000 2590330.0000000 0.0001971
0.00 19 2 2589825.1500000 2590330.0000000 0.0001949
0.00 20 2 2589840.0000000 2590330.0000000 0.0001892
0.00 21 2 2589840.0000000 2590330.0000000 0.0001892
0.00 22 2 2589841.0000000 2590330.0000000 0.0001888
0.00 23 2 2589860.6666667 2590330.0000000 0.0001812
0.00 24 2 2589865.5714286 2590330.0000000 0.0001793
0.00 25 2 2589869.2500000 2590330.0000000 0.0001779
0.00 26 2 2589874.4000000 2590330.0000000 0.0001759
0.00 27 2 2589910.4500000 2590330.0000000 0.0001620
0.00 28 1 2589911.9629630 2590330.0000000 0.0001614
0.00 29 1 2589946.5000000 2590330.0000000 0.0001481
0.00 30 1 2589946.5000000 2590330.0000000 0.0001481
0.00 31 1 2589950.6818182 2590330.0000000 0.0001464
0.00 32 1 2589963.7000000 2590330.0000000 0.0001414
0.00 33 1 2589971.9444444 2590330.0000000 0.0001382
0.00 34 1 2589995.7500000 2590330.0000000 0.0001290
0.00 35 1 2590001.5470588 2590330.0000000 0.0001268
0.00 36 1 2590027.9000000 2590330.0000000 0.0001166
0.00 37 1 2590044.9444444 2590330.0000000 0.0001100
0.00 38 1 2590046.0833333 2590330.0000000 0.0001096
0.00 39 1 2590047.0000000 2590330.0000000 0.0001093
0.00 40 1 2590051.7985075 2590330.0000000 0.0001074
0.00 41 2 2590116.5000000 2590330.0000000 0.0000824
