0.07 0 0 2715490.6666666 2725750.0000000 0.0037639
0.00 1 31 2718082.8333333 2725750.0000000 0.0028129
0.00 2 23 2718948.7500000 2725750.0000000 0.0024952
0.00 3 21 2720390.0952381 2725750.0000000 0.0019664
0.00 4 12 2720450.6666667 2725750.0000000 0.0019442
0.00 5 10 2720530.1666667 2725750.0000000 0.0019150
0.00 6 9 2720763.8666667 2725750.0000000 0.0018293
0.00 7 9 2720776.2416667 2725750.0000000 0.0018247
0.00 8 8 2720843.0000000 2725750.0000000 0.0018002
0.00 9 9 2721199.4875000 2725750.0000000 0.0016695
0.00 10 10 2721367.4166667 2725750.0000000 0.0016078
0.00 11 7 2721427.5944444 2725750.0000000 0.0015858
0.00 12 8 2721706.2333333 2725750.0000000 0.0014835
0.00 13 8 2721714.2333333 2725750.0000000 0.0014806
0.00 14 7 2721745.4000000 2725750.0000000 0.0014692
0.00 15 8 2721830.4833333 2725750.0000000 0.0014380
0.00 16 7 2721882.0261905 2725750.0000000 0.0014190
0.00 17 6 2721906.6766667 2725750.0000000 0.0014100
0.00 18 6 2722037.0773810 2725750.0000000 0.0013622
0.00 19 7 2722092.0500000 2725750.0000000 0.0013420
0.00 20 7 2722123.5833333 2725750.0000000 0.0013304
0.00 21 6 2722143.7474120 2725750.0000000 0.0013230
0.00 22 15 2722186.9652194 2725750.0000000 0.0013072
0.00 23 10 2722225.4404762 2725750.0000000 0.0012931
0.00 24 12 2722334.7606732 2725750.0000000 0.0012530
0.00 25 12 2722396.4761905 2725750.0000000 0.0012303
0.00 26 10 2722406.5023810 2725750.0000000 0.0012266
0.00 27 10 2722569.4095238 2725750.0000000 0.0011669
0.00 28 13 2722580.2642857 2725750.0000000 0.0011629
0.00 29 10 2722616.9428571 2725750.0000000 0.0011494
0.00 30 9 2722632.4132376 2725750.0000000 0.0011438
0.00 31 8 2722688.5706349 2725750.0000000 0.0011232
0.00 32 6 2722689.5000000 2725750.0000000 0.0011228
0.00 33 5 2722692.1504329 2725750.0000000 0.0011218
0.00 34 6 2722701.5795238 2725750.0000000 0.0011184
0.00 35 5 2722715.0595238 2725750.0000000 0.0011134
0.00 36 5 2722715.9016291 2725750.0000000 0.0011131
0.00 37 5 2722727.4201795 2725750.0000000 0.0011089
0.00 38 5 2722766.6071429 2725750.0000000 0.0010945
0.00 39 4 2722792.4835859 2725750.0000000 0.0010850
0.00 40 4 2722796.8436286 2725750.0000000 0.0010834
0.00 41 4 2722810.5420654 2725750.0000000 0.0010784
0.00 42 5 2722847.2547847 2725750.0000000 0.0010649
0.00 43 2 2722889.6136364 2725750.0000000 0.0010494
0.00 44 2 2722909.2101648 2725750.0000000 0.0010422
0.00 45 3 2722989.3611111 2725750.0000000 0.0010128
0.00 46 2 2723030.0833333 2725750.0000000 0.0009979
0.00 47 2 2723041.7484709 2725750.0000000 0.0009936
0.00 48 2 2723064.3333333 2725750.0000000 0.0009853
0.00 49 2 2723069.5833333 2725750.0000000 0.0009834
0.00 50 2 2723087.3571429 2725750.0000000 0.0009768
0.00 51 3 2723091.5000000 2725750.0000000 0.0009753
0.00 52 2 2723091.5000000 2725750.0000000 0.0009753
0.00 53 2 2723091.5000000 2725750.0000000 0.0009753
0.00 54 2 2723092.1944444 2725750.0000000 0.0009751
0.00 55 2 2723093.5833333 2725750.0000000 0.0009746
0.00 56 2 2723093.5833333 2725750.0000000 0.0009746
0.00 57 2 2723093.5833333 2725750.0000000 0.0009746
0.00 58 2 2723093.5833333 2725750.0000000 0.0009746
0.00 59 2 2723093.5833333 2725750.0000000 0.0009746
0.00 60 2 2723093.5833333 2725750.0000000 0.0009746
0.00 61 2 2723093.5833333 2725750.0000000 0.0009746
0.00 62 2 2723093.5833333 2725750.0000000 0.0009746
0.00 63 2 2723093.5833333 2725750.0000000 0.0009746
0.00 64 2 2723093.5833333 2725750.0000000 0.0009746
0.00 65 2 2723094.2500000 2725750.0000000 0.0009743
0.00 66 1 2723094.2500000 2725750.0000000 0.0009743
0.00 67 1 2723094.2500000 2725750.0000000 0.0009743
0.00 68 1 2723094.2500000 2725750.0000000 0.0009743
0.00 69 1 2723094.2500000 2725750.0000000 0.0009743
0.00 70 1 2723094.2500000 2725750.0000000 0.0009743
0.00 71 1 2723094.2500000 2725750.0000000 0.0009743
0.00 72 1 2723094.2500000 2725750.0000000 0.0009743
0.00 73 1 2723094.2500000 2725750.0000000 0.0009743
0.00 74 1 2723094.2500000 2725750.0000000 0.0009743
0.00 75 1 2723094.2500000 2725750.0000000 0.0009743
0.00 76 1 2723094.2500000 2725750.0000000 0.0009743
0.00 77 1 2723094.2500000 2725750.0000000 0.0009743
0.00 78 1 2723094.2500000 2725750.0000000 0.0009743
0.00 79 1 2723094.2500000 2725750.0000000 0.0009743
0.00 80 1 2723094.2500000 2725750.0000000 0.0009743
0.00 81 1 2723094.2500000 2725750.0000000 0.0009743
0.00 82 1 2723094.2500000 2725750.0000000 0.0009743
0.00 83 1 2723094.2500000 2725750.0000000 0.0009743
0.00 84 1 2723094.2500000 2725750.0000000 0.0009743
0.00 85 1 2723094.2500000 2725750.0000000 0.0009743
0.00 86 1 2723094.2500000 2725750.0000000 0.0009743
0.00 87 1 2723094.2500000 2725750.0000000 0.0009743
0.00 88 1 2723094.2500000 2725750.0000000 0.0009743
0.00 89 1 2723094.2500000 2725750.0000000 0.0009743
0.00 90 1 2723094.2500000 2725750.0000000 0.0009743
0.00 91 1 2723094.2500000 2725750.0000000 0.0009743
0.00 92 1 2723094.2500000 2725750.0000000 0.0009743
0.00 93 1 2723094.2500000 2725750.0000000 0.0009743
0.00 94 1 2723094.4737960 2725750.0000000 0.0009742
0.00 95 3 2723095.3949275 2725750.0000000 0.0009739
0.00 96 3 2723103.9166667 2725750.0000000 0.0009708
0.00 97 1 2723103.9166667 2725750.0000000 0.0009708
0.00 98 1 2723103.9166667 2725750.0000000 0.0009708
0.00 99 1 2723106.3333333 2725750.0000000 0.0009699
0.00 100 2 2723107.1136364 2725750.0000000 0.0009696
0.00 101 2 2723108.9500000 2725750.0000000 0.0009689
0.00 102 3 2723112.1875000 2725750.0000000 0.0009677
0.00 103 2 2723113.6926230 2725750.0000000 0.0009672
0.00 104 2 2723115.8220000 2725750.0000000 0.0009664
0.00 105 2 2723117.8785714 2725750.0000000 0.0009657
0.00 106 3 2723118.2870370 2725750.0000000 0.0009655
0.00 107 3 2723119.1774725 2725750.0000000 0.0009652
0.00 108 4 2723124.4500000 2725750.0000000 0.0009632
0.00 109 1 2723124.4500000 2725750.0000000 0.0009632
0.00 110 2 2723125.3452381 2725750.0000000 0.0009629
0.00 111 2 2723125.5431034 2725750.0000000 0.0009628
0.00 112 2 2723127.0143979 2725750.0000000 0.0009623
0.00 113 3 2723132.0000000 2725750.0000000 0.0009605
0.00 114 1 2723132.0000000 2725750.0000000 0.0009605
0.00 115 1 2723132.0000000 2725750.0000000 0.0009605
0.00 116 1 2723132.0000000 2725750.0000000 0.0009605
0.00 117 1 2723132.0000000 2725750.0000000 0.0009605
0.00 118 2 2723132.0000000 2725750.0000000 0.0009605
0.00 119 1 2723132.0000000 2725750.0000000 0.0009605
0.00 120 1 2723132.0000000 2725750.0000000 0.0009605
0.00 121 1 2723132.0000000 2725750.0000000 0.0009605
0.00 122 2 2723132.7300000 2725750.0000000 0.0009602
0.00 123 2 2723132.8923358 2725750.0000000 0.0009601
0.00 124 3 2723136.8543956 2725750.0000000 0.0009587
0.00 125 2 2723137.2835570 2725750.0000000 0.0009585
0.00 126 3 2723141.6590909 2725750.0000000 0.0009569
0.00 127 2 2723141.8639601 2725750.0000000 0.0009569
0.00 128 3 2723143.0541667 2725750.0000000 0.0009564
0.00 129 2 2723144.5833333 2725750.0000000 0.0009559
0.00 130 1 2723144.5876034 2725750.0000000 0.0009559
0.00 131 2 2723147.2500000 2725750.0000000 0.0009549
