0.01 0 0 1688793.3333333 1696890.0000000 0.0047715
0.00 1 22 1691581.5000000 1696890.0000000 0.0031284
0.00 2 17 1692590.0000000 1696890.0000000 0.0025340
0.00 3 15 1692893.2000000 1696890.0000000 0.0023554
0.00 4 8 1693901.9365079 1696890.0000000 0.0017609
0.00 5 6 1694335.6666667 1696890.0000000 0.0015053
0.00 6 5 1694777.3333333 1696890.0000000 0.0012450
0.00 7 4 1694823.5000000 1696890.0000000 0.0012178
0.00 8 4 1694877.2000000 1696890.0000000 0.0011862
0.00 9 4 1695242.3333333 1696890.0000000 0.0009710
0.00 10 4 1695268.8571429 1696890.0000000 0.0009554
0.00 11 4 1695273.5000000 1696890.0000000 0.0009526
0.00 12 4 1695273.5000000 1696890.0000000 0.0009526
0.00 13 4 1695300.4000000 1696890.0000000 0.0009368
0.00 14 4 1695349.5000000 1696890.0000000 0.0009078
0.00 15 4 1695361.2000000 1696890.0000000 0.0009009
0.00 16 4 1695397.3333333 1696890.0000000 0.0008796
0.00 17 4 1695408.0000000 1696890.0000000 0.0008734
0.00 18 3 1695408.0000000 1696890.0000000 0.0008734
0.00 19 3 1695519.0000000 1696890.0000000 0.0008079
0.00 20 3 1695519.0000000 1696890.0000000 0.0008079
0.00 21 3 1695519.0000000 1696890.0000000 0.0008079
0.00 22 3 1695519.0000000 1696890.0000000 0.0008079
0.00 23 3 1695522.3979592 1696890.0000000 0.0008059
0.00 24 3 1695584.4000000 1696890.0000000 0.0007694
0.00 25 3 1695589.4000000 1696890.0000000 0.0007665
0.00 26 3 1695589.4000000 1696890.0000000 0.0007665
0.00 27 3 1695676.4000000 1696890.0000000 0.0007152
0.00 28 3 1695692.3411765 1696890.0000000 0.0007058
0.00 29 3 1695710.0000000 1696890.0000000 0.0006954
0.00 30 3 1695739.5376623 1696890.0000000 0.0006780
0.00 31 3 1695753.9500000 1696890.0000000 0.0006695
0.00 32 4 1695794.2222222 1696890.0000000 0.0006458
0.00 33 2 1695857.7142857 1696890.0000000 0.0006083
0.00 34 2 1695889.7142857 1696890.0000000 0.0005895
0.00 35 2 1695899.6363636 1696890.0000000 0.0005836
0.00 36 2 1695917.1428571 1696890.0000000 0.0005733
0.00 37 2 1695926.0000000 1696890.0000000 0.0005681
0.00 38 2 1695926.0000000 1696890.0000000 0.0005681
0.00 39 2 1695942.0689655 1696890.0000000 0.0005586
0.00 40 2 1695986.0000000 1696890.0000000 0.0005327
0.00 41 1 1695986.0000000 1696890.0000000 0.0005327
0.00 42 1 1695988.9090909 1696890.0000000 0.0005310
0.00 43 1 1696082.0000000 1696890.0000000 0.0004762
