2.18 0 0 1098263.2333333 1102590.0000000 0.0039242
0.00 1 70 1098701.6666667 1102590.0000000 0.0035265
0.00 2 53 1098980.0513889 1102590.0000000 0.0032741
0.01 3 53 1099284.5583333 1102590.0000000 0.0029979
0.00 4 33 1099503.5059524 1102590.0000000 0.0027993
0.00 5 38 1099629.0349206 1102590.0000000 0.0026855
0.01 6 39 1099739.4702004 1102590.0000000 0.0025853
0.01 7 37 1099835.0169414 1102590.0000000 0.0024986
0.01 8 37 1099976.8363137 1102590.0000000 0.0023700
0.01 9 40 1100035.8835581 1102590.0000000 0.0023165
0.01 10 39 1100143.3889430 1102590.0000000 0.0022190
0.01 11 48 1100298.5205107 1102590.0000000 0.0020783
0.01 12 38 1100386.8696950 1102590.0000000 0.0019981
0.01 13 37 1100429.8175866 1102590.0000000 0.0019592
0.01 14 42 1100496.4352664 1102590.0000000 0.0018988
0.01 15 47 1100527.5143810 1102590.0000000 0.0018706
0.01 16 36 1100582.8799242 1102590.0000000 0.0018204
0.01 17 35 1100626.0395146 1102590.0000000 0.0017812
0.01 18 35 1100644.1483481 1102590.0000000 0.0017648
0.01 19 39 1100694.5524541 1102590.0000000 0.0017191
0.01 20 40 1100727.6689453 1102590.0000000 0.0016891
0.01 21 45 1100761.3620224 1102590.0000000 0.0016585
0.01 22 41 1100767.8605609 1102590.0000000 0.0016526
0.01 23 47 1100776.8389718 1102590.0000000 0.0016445
0.01 24 52 1100789.4632821 1102590.0000000 0.0016330
0.01 25 46 1100843.7465801 1102590.0000000 0.0015838
0.01 26 26 1100865.6596824 1102590.0000000 0.0015639
0.01 27 26 1100877.5062403 1102590.0000000 0.0015532
0.01 28 26 1100887.5579047 1102590.0000000 0.0015440
0.01 29 26 1100894.5613680 1102590.0000000 0.0015377
0.01 30 27 1100900.5835293 1102590.0000000 0.0015322
0.01 31 25 1100905.6621236 1102590.0000000 0.0015276
0.01 32 26 1100911.7242264 1102590.0000000 0.0015221
0.01 33 25 1100920.2241840 1102590.0000000 0.0015144
0.01 34 25 1100926.4784537 1102590.0000000 0.0015087
0.01 35 20 1100934.9099341 1102590.0000000 0.0015011
0.01 36 19 1100962.7918525 1102590.0000000 0.0014758
0.01 37 25 1100973.2695055 1102590.0000000 0.0014663
0.01 38 28 1100998.2404474 1102590.0000000 0.0014437
0.01 39 30 1101013.0423292 1102590.0000000 0.0014302
0.01 40 27 1101027.6344115 1102590.0000000 0.0014170
0.01 41 28 1101042.4424815 1102590.0000000 0.0014036
0.01 42 27 1101050.7889871 1102590.0000000 0.0013960
0.01 43 30 1101055.4660165 1102590.0000000 0.0013918
0.01 44 36 1101079.3520196 1102590.0000000 0.0013701
0.01 45 30 1101089.1010055 1102590.0000000 0.0013612
0.01 46 32 1101100.9249705 1102590.0000000 0.0013505
0.01 47 25 1101113.9944278 1102590.0000000 0.0013387
0.01 48 23 1101128.5734427 1102590.0000000 0.0013254
0.01 49 38 1101136.0130522 1102590.0000000 0.0013187
0.01 50 33 1101145.3766952 1102590.0000000 0.0013102
0.01 51 37 1101202.7548252 1102590.0000000 0.0012582
0.01 52 21 1101210.0783325 1102590.0000000 0.0012515
0.01 53 23 1101218.4354926 1102590.0000000 0.0012439
0.01 54 35 1101225.8306445 1102590.0000000 0.0012372
0.01 55 24 1101233.2378282 1102590.0000000 0.0012305
0.01 56 29 1101244.3067151 1102590.0000000 0.0012205
0.01 57 33 1101250.2863487 1102590.0000000 0.0012151
0.01 58 15 1101254.0817009 1102590.0000000 0.0012116
0.01 59 22 1101258.8898229 1102590.0000000 0.0012073
0.01 60 20 1101263.9864193 1102590.0000000 0.0012026
0.01 61 24 1101268.7486287 1102590.0000000 0.0011983
0.01 62 36 1101272.4223497 1102590.0000000 0.0011950
0.01 63 15 1101275.8025269 1102590.0000000 0.0011919
0.01 64 20 1101280.1609947 1102590.0000000 0.0011880
0.01 65 19 1101283.7463193 1102590.0000000 0.0011847
0.01 66 25 1101289.1510635 1102590.0000000 0.0011798
0.01 67 30 1101292.7169150 1102590.0000000 0.0011766
0.01 68 26 1101303.5409929 1102590.0000000 0.0011668
0.01 69 19 1101309.1828887 1102590.0000000 0.0011616
0.01 70 32 1101312.8539574 1102590.0000000 0.0011583
0.01 71 29 1101318.0773593 1102590.0000000 0.0011536
0.01 72 36 1101321.7244498 1102590.0000000 0.0011503
0.01 73 32 1101327.1130728 1102590.0000000 0.0011454
0.01 74 22 1101332.1057895 1102590.0000000 0.0011409
0.01 75 30 1101340.8232039 1102590.0000000 0.0011329
0.01 76 22 1101347.6010206 1102590.0000000 0.0011268
0.02 77 27 1101352.7956760 1102590.0000000 0.0011221
0.02 78 30 1101358.6884318 1102590.0000000 0.0011167
0.02 79 22 1101361.9825434 1102590.0000000 0.0011138
0.02 80 25 1101367.2174436 1102590.0000000 0.0011090
0.02 81 30 1101371.0093069 1102590.0000000 0.0011056
0.02 82 27 1101374.5852502 1102590.0000000 0.0011023
0.02 83 25 1101378.6006610 1102590.0000000 0.0010987
0.02 84 30 1101383.5395419 1102590.0000000 0.0010942
0.02 85 27 1101390.2075279 1102590.0000000 0.0010882
0.02 86 30 1101398.8849549 1102590.0000000 0.0010803
0.02 87 45 1101403.8345460 1102590.0000000 0.0010758
0.02 88 37 1101411.8310918 1102590.0000000 0.0010685
0.02 89 53 1101415.3243011 1102590.0000000 0.0010654
0.02 90 44 1101421.7723375 1102590.0000000 0.0010595
0.02 91 42 1101425.9059857 1102590.0000000 0.0010558
0.03 92 49 1101430.4337608 1102590.0000000 0.0010517
0.03 93 60 1101434.0850480 1102590.0000000 0.0010484
0.03 94 61 1101439.6639651 1102590.0000000 0.0010433
0.02 95 51 1101444.8930545 1102590.0000000 0.0010386
0.03 96 62 1101449.0507378 1102590.0000000 0.0010348
0.03 97 69 1101454.2628816 1102590.0000000 0.0010301
0.03 98 47 1101456.8452771 1102590.0000000 0.0010277
0.03 99 48 1101459.5786625 1102590.0000000 0.0010252
0.03 100 64 1101467.2987268 1102590.0000000 0.0010182
0.03 101 55 1101472.1235689 1102590.0000000 0.0010139
0.03 102 59 1101479.3702432 1102590.0000000 0.0010073
0.04 103 119 1101485.0760627 1102590.0000000 0.0010021
0.04 104 87 1101491.2071750 1102590.0000000 0.0009966
0.04 105 115 1101496.6541980 1102590.0000000 0.0009916
0.04 106 86 1101503.2437558 1102590.0000000 0.0009856
0.04 107 113 1101507.5638254 1102590.0000000 0.0009817
0.04 108 106 1101512.2732077 1102590.0000000 0.0009775
0.05 109 103 1101517.4014595 1102590.0000000 0.0009728
0.05 110 85 1101522.8297808 1102590.0000000 0.0009679
0.05 111 72 1101527.5342948 1102590.0000000 0.0009636
0.05 112 101 1101530.9484655 1102590.0000000 0.0009605
0.05 113 93 1101533.7740378 1102590.0000000 0.0009579
0.05 114 82 1101539.1637801 1102590.0000000 0.0009531
0.06 115 86 1101545.6998123 1102590.0000000 0.0009471
0.06 116 83 1101551.7054915 1102590.0000000 0.0009417
0.06 117 75 1101556.8993565 1102590.0000000 0.0009370
0.06 118 90 1101560.7476058 1102590.0000000 0.0009335
0.06 119 76 1101567.0237902 1102590.0000000 0.0009278
0.06 120 80 1101570.3621248 1102590.0000000 0.0009248
0.07 121 110 1101574.0320631 1102590.0000000 0.0009214
0.06 122 116 1101576.3090945 1102590.0000000 0.0009194
0.07 123 112 1101580.1747814 1102590.0000000 0.0009159
0.07 124 126 1101583.1083257 1102590.0000000 0.0009132
0.08 125 176 1101585.0598215 1102590.0000000 0.0009114
0.08 126 126 1101588.6314658 1102590.0000000 0.0009082
0.08 127 133 1101591.2845773 1102590.0000000 0.0009058
0.08 128 111 1101595.6798562 1102590.0000000 0.0009018
0.08 129 98 1101598.8428663 1102590.0000000 0.0008989
0.08 130 152 1101602.4916103 1102590.0000000 0.0008956
0.08 131 98 1101606.0106304 1102590.0000000 0.0008924
0.10 132 137 1101612.4605505 1102590.0000000 0.0008866
0.10 133 117 1101619.8094992 1102590.0000000 0.0008799
0.09 134 112 1101625.3396912 1102590.0000000 0.0008749
0.09 135 94 1101631.5567700 1102590.0000000 0.0008693
0.10 136 211 1101635.4919357 1102590.0000000 0.0008657
0.09 137 136 1101638.8653497 1102590.0000000 0.0008626
0.10 138 112 1101641.1738606 1102590.0000000 0.0008605
0.11 139 124 1101643.9571848 1102590.0000000 0.0008580
0.11 140 243 1101645.7799855 1102590.0000000 0.0008564
0.12 141 220 1101647.7605773 1102590.0000000 0.0008546
0.12 142 134 1101649.4780361 1102590.0000000 0.0008530
0.13 143 191 1101651.1844063 1102590.0000000 0.0008515
0.14 144 184 1101655.3479829 1102590.0000000 0.0008477
0.14 145 228 1101659.2461762 1102590.0000000 0.0008442
0.14 146 241 1101664.0384518 1102590.0000000 0.0008398
0.14 147 234 1101668.2590962 1102590.0000000 0.0008360
0.16 148 318 1101672.3704361 1102590.0000000 0.0008322
0.16 149 332 1101675.5211722 1102590.0000000 0.0008294
0.17 150 178 1101678.6861972 1102590.0000000 0.0008265
0.17 151 206 1101680.7527748 1102590.0000000 0.0008246
0.19 152 233 1101682.8637945 1102590.0000000 0.0008227
0.19 153 228 1101686.6581562 1102590.0000000 0.0008193
0.21 154 326 1101692.4018245 1102590.0000000 0.0008141
0.20 155 164 1101696.9446299 1102590.0000000 0.0008100
0.20 156 298 1101701.1725705 1102590.0000000 0.0008061
0.21 157 196 1101706.5708141 1102590.0000000 0.0008012
0.22 158 228 1101710.0583148 1102590.0000000 0.0007981
0.22 159 249 1101714.3356298 1102590.0000000 0.0007942
0.24 160 350 1101719.2176043 1102590.0000000 0.0007898
0.25 161 297 1101722.0994226 1102590.0000000 0.0007871
0.25 162 310 1101725.5132911 1102590.0000000 0.0007841
0.17 163 266 1101729.4973401 1102590.0000000 0.0007804
0.14 164 230 1101733.1871882 1102590.0000000 0.0007771
0.16 165 516 1101736.0951823 1102590.0000000 0.0007745
0.14 166 156 1101738.4550205 1102590.0000000 0.0007723
0.16 167 413 1101742.6052625 1102590.0000000 0.0007685
0.16 168 224 1101745.5262799 1102590.0000000 0.0007659
0.15 169 144 1101747.4331540 1102590.0000000 0.0007642
0.16 170 174 1101748.6736006 1102590.0000000 0.0007630
0.18 171 448 1101749.7562790 1102590.0000000 0.0007621
0.18 172 237 1101750.8776621 1102590.0000000 0.0007610
0.19 173 269 1101752.4840655 1102590.0000000 0.0007596
0.20 174 468 1101754.6176145 1102590.0000000 0.0007577
0.22 175 515 1101757.2648684 1102590.0000000 0.0007553
0.21 176 123 1101761.1160670 1102590.0000000 0.0007518
0.23 177 291 1101764.8251176 1102590.0000000 0.0007484
0.22 178 282 1101769.1296460 1102590.0000000 0.0007445
0.21 179 226 1101771.7723307 1102590.0000000 0.0007421
0.24 180 719 1101776.5516362 1102590.0000000 0.0007378
0.22 181 198 1101778.7989585 1102590.0000000 0.0007357
0.29 182 1057 1101780.8882550 1102590.0000000 0.0007338
0.27 183 163 1101784.3739633 1102590.0000000 0.0007307
0.25 184 440 1101787.8382537 1102590.0000000 0.0007275
0.28 185 533 1101792.2111335 1102590.0000000 0.0007236
0.31 186 510 1101795.2544140 1102590.0000000 0.0007208
0.31 187 482 1101797.8392729 1102590.0000000 0.0007185
0.30 188 271 1101799.7341077 1102590.0000000 0.0007167
0.33 189 435 1101801.9150106 1102590.0000000 0.0007148
0.33 190 712 1101806.7009823 1102590.0000000 0.0007104
0.31 191 486 1101809.1045111 1102590.0000000 0.0007082
0.38 192 867 1101813.2122884 1102590.0000000 0.0007045
0.41 193 1351 1101815.3072155 1102590.0000000 0.0007026
0.43 194 826 1101817.0128610 1102590.0000000 0.0007011
0.46 195 1441 1101820.2402363 1102590.0000000 0.0006981
0.43 196 300 1101822.1810909 1102590.0000000 0.0006964
0.40 197 349 1101823.7518999 1102590.0000000 0.0006950
0.48 198 791 1101825.3133721 1102590.0000000 0.0006935
0.49 199 680 1101827.7736820 1102590.0000000 0.0006913
0.59 200 1110 1101829.9520717 1102590.0000000 0.0006893
0.53 201 1028 1101831.8921136 1102590.0000000 0.0006876
0.57 202 1011 1101835.3580430 1102590.0000000 0.0006844
0.65 203 1394 1101838.6371873 1102590.0000000 0.0006815
0.61 204 832 1101840.6346557 1102590.0000000 0.0006796
0.62 205 784 1101842.5401272 1102590.0000000 0.0006779
0.68 206 1067 1101844.3638726 1102590.0000000 0.0006763
0.64 207 769 1101846.9041231 1102590.0000000 0.0006740
0.66 208 1063 1101848.3379033 1102590.0000000 0.0006727
0.72 209 1497 1101850.0236030 1102590.0000000 0.0006711
0.75 210 2339 1101851.4898365 1102590.0000000 0.0006698
0.76 211 900 1101853.0845992 1102590.0000000 0.0006683
0.82 212 792 1101855.0880673 1102590.0000000 0.0006665
0.88 213 1343 1101856.1223281 1102590.0000000 0.0006656
0.95 214 1826 1101857.8087905 1102590.0000000 0.0006641
1.25 215 3310 1101859.8786926 1102590.0000000 0.0006622
1.36 216 2777 1101862.6627174 1102590.0000000 0.0006597
1.05 217 1305 1101866.2245533 1102590.0000000 0.0006564
1.20 218 2058 1101869.3808355 1102590.0000000 0.0006536
1.34 219 3883 1101871.4959484 1102590.0000000 0.0006517
1.76 220 3409 1101875.9269427 1102590.0000000 0.0006476
1.41 221 2668 1101878.6556759 1102590.0000000 0.0006452
0.61 222 1232 1101880.2241740 1102590.0000000 0.0006437
0.58 223 908 1101881.6372805 1102590.0000000 0.0006425
0.65 224 1313 1101882.6498232 1102590.0000000 0.0006415
0.82 225 2391 1101884.3916354 1102590.0000000 0.0006400
0.76 226 2325 1101884.7808584 1102590.0000000 0.0006396
0.97 227 3663 1101886.3821023 1102590.0000000 0.0006382
0.83 228 1726 1101887.9645536 1102590.0000000 0.0006367
0.93 229 2416 1101888.9835348 1102590.0000000 0.0006358
0.95 230 1827 1101889.8439815 1102590.0000000 0.0006350
1.31 231 4450 1101890.5188452 1102590.0000000 0.0006344
1.53 232 4748 1101892.3649191 1102590.0000000 0.0006327
1.13 233 1367 1101895.7018618 1102590.0000000 0.0006297
