2.03 0 0 1150943.2916667 1156370.0000000 0.0046929
0.00 1 81 1151732.7718750 1156370.0000000 0.0040102
0.01 2 71 1151996.3145833 1156370.0000000 0.0037823
0.01 3 60 1152509.8291667 1156370.0000000 0.0033382
0.01 4 58 1152946.2523810 1156370.0000000 0.0029608
0.01 5 52 1153222.9355235 1156370.0000000 0.0027215
0.01 6 51 1153525.8232906 1156370.0000000 0.0024596
0.01 7 43 1153632.7420195 1156370.0000000 0.0023671
0.01 8 41 1153708.9436650 1156370.0000000 0.0023012
0.01 9 37 1153768.9281212 1156370.0000000 0.0022493
0.01 10 28 1153828.0527339 1156370.0000000 0.0021982
0.01 11 30 1153904.5708204 1156370.0000000 0.0021320
0.01 12 38 1153957.9631091 1156370.0000000 0.0020859
0.01 13 42 1154006.2751651 1156370.0000000 0.0020441
0.01 14 40 1154067.8119349 1156370.0000000 0.0019909
0.01 15 30 1154105.5170340 1156370.0000000 0.0019583
0.01 16 37 1154160.8598454 1156370.0000000 0.0019104
0.01 17 32 1154246.9595299 1156370.0000000 0.0018360
0.01 18 26 1154287.8564421 1156370.0000000 0.0018006
0.01 19 25 1154339.3152924 1156370.0000000 0.0017561
0.01 20 24 1154398.8056132 1156370.0000000 0.0017046
0.01 21 30 1154421.7901977 1156370.0000000 0.0016848
0.01 22 25 1154457.4606011 1156370.0000000 0.0016539
0.01 23 24 1154474.9376857 1156370.0000000 0.0016388
0.01 24 26 1154576.3690825 1156370.0000000 0.0015511
0.01 25 21 1154640.9316693 1156370.0000000 0.0014953
0.01 26 24 1154664.1749101 1156370.0000000 0.0014752
0.01 27 23 1154725.7834412 1156370.0000000 0.0014219
0.01 28 29 1154763.4599748 1156370.0000000 0.0013893
0.01 29 24 1154784.6382466 1156370.0000000 0.0013710
0.01 30 32 1154797.8035866 1156370.0000000 0.0013596
0.01 31 25 1154819.5217901 1156370.0000000 0.0013408
0.01 32 28 1154829.7864375 1156370.0000000 0.0013319
0.01 33 25 1154841.0785292 1156370.0000000 0.0013222
0.01 34 25 1154848.0611047 1156370.0000000 0.0013161
0.01 35 28 1154858.4638141 1156370.0000000 0.0013071
0.01 36 29 1154871.7048546 1156370.0000000 0.0012957
0.01 37 34 1154881.0471181 1156370.0000000 0.0012876
0.01 38 27 1154894.9737231 1156370.0000000 0.0012756
0.01 39 24 1154903.6178649 1156370.0000000 0.0012681
0.01 40 25 1154917.0981506 1156370.0000000 0.0012564
0.01 41 32 1154924.0673551 1156370.0000000 0.0012504
0.01 42 25 1154931.0856108 1156370.0000000 0.0012443
0.01 43 27 1154935.1723168 1156370.0000000 0.0012408
0.01 44 30 1154948.1888163 1156370.0000000 0.0012295
0.01 45 34 1154953.6199994 1156370.0000000 0.0012249
0.01 46 38 1154957.9576254 1156370.0000000 0.0012211
0.01 47 48 1154965.2130940 1156370.0000000 0.0012148
0.01 48 51 1154974.5065802 1156370.0000000 0.0012068
0.01 49 45 1154983.2662593 1156370.0000000 0.0011992
0.01 50 35 1154991.4754647 1156370.0000000 0.0011921
0.01 51 81 1154998.6582418 1156370.0000000 0.0011859
0.01 52 73 1155003.8906348 1156370.0000000 0.0011814
0.02 53 58 1155008.9397547 1156370.0000000 0.0011770
0.02 54 82 1155014.0538270 1156370.0000000 0.0011726
0.02 55 171 1155021.2689028 1156370.0000000 0.0011663
0.02 56 79 1155031.3559601 1156370.0000000 0.0011576
0.02 57 84 1155037.4248508 1156370.0000000 0.0011524
0.02 58 59 1155041.8998350 1156370.0000000 0.0011485
0.03 59 264 1155050.7637978 1156370.0000000 0.0011408
0.03 60 134 1155055.4916244 1156370.0000000 0.0011368
0.02 61 116 1155062.6313736 1156370.0000000 0.0011306
0.03 62 209 1155066.6696675 1156370.0000000 0.0011271
0.02 63 118 1155076.3536525 1156370.0000000 0.0011187
0.02 64 134 1155085.7271789 1156370.0000000 0.0011106
0.04 65 295 1155094.4399172 1156370.0000000 0.0011031
0.04 66 201 1155102.7540657 1156370.0000000 0.0010959
0.05 67 238 1155118.8649248 1156370.0000000 0.0010820
0.05 68 257 1155126.3662813 1156370.0000000 0.0010755
0.04 69 185 1155133.2525812 1156370.0000000 0.0010695
0.04 70 186 1155137.9694484 1156370.0000000 0.0010654
0.05 71 171 1155140.1862632 1156370.0000000 0.0010635
0.05 72 125 1155146.1234938 1156370.0000000 0.0010584
0.07 73 334 1155153.9854913 1156370.0000000 0.0010516
0.08 74 274 1155157.8186622 1156370.0000000 0.0010483
0.06 75 324 1155161.3203116 1156370.0000000 0.0010452
0.06 76 175 1155165.5567499 1156370.0000000 0.0010416
0.07 77 292 1155168.6234058 1156370.0000000 0.0010389
0.09 78 293 1155170.1691467 1156370.0000000 0.0010376
0.08 79 283 1155172.7036021 1156370.0000000 0.0010354
0.15 80 887 1155175.8548450 1156370.0000000 0.0010327
0.11 81 583 1155183.1031635 1156370.0000000 0.0010264
0.13 82 663 1155194.9928937 1156370.0000000 0.0010161
0.10 83 235 1155199.1257946 1156370.0000000 0.0010125
0.19 84 1123 1155204.8909292 1156370.0000000 0.0010076
0.12 85 418 1155209.2814997 1156370.0000000 0.0010038
0.21 86 756 1155219.0423554 1156370.0000000 0.0009953
0.15 87 294 1155223.5826196 1156370.0000000 0.0009914
0.13 88 197 1155225.5316882 1156370.0000000 0.0009897
0.19 89 692 1155229.6644520 1156370.0000000 0.0009861
0.28 90 720 1155231.5938872 1156370.0000000 0.0009845
0.24 91 790 1155233.6271799 1156370.0000000 0.0009827
0.14 92 229 1155239.7237029 1156370.0000000 0.0009774
0.29 93 856 1155242.9681130 1156370.0000000 0.0009746
0.14 94 395 1155245.5846176 1156370.0000000 0.0009724
0.24 95 369 1155249.6009802 1156370.0000000 0.0009689
0.22 96 578 1155254.3159259 1156370.0000000 0.0009648
0.38 97 919 1155256.0073938 1156370.0000000 0.0009634
0.30 98 629 1155258.4418563 1156370.0000000 0.0009612
0.31 99 1138 1155260.9593698 1156370.0000000 0.0009591
0.47 100 1041 1155264.7991539 1156370.0000000 0.0009558
0.51 101 1480 1155267.9951283 1156370.0000000 0.0009530
0.30 102 623 1155272.0320163 1156370.0000000 0.0009495
0.45 103 1025 1155274.5170481 1156370.0000000 0.0009473
0.29 104 591 1155277.8035460 1156370.0000000 0.0009445
0.37 105 902 1155282.4955367 1156370.0000000 0.0009404
0.61 106 1233 1155286.2294723 1156370.0000000 0.0009372
0.39 107 421 1155289.8784255 1156370.0000000 0.0009341
0.42 108 677 1155292.9345263 1156370.0000000 0.0009314
0.32 109 578 1155294.9390309 1156370.0000000 0.0009297
0.40 110 780 1155296.2045664 1156370.0000000 0.0009286
0.49 111 835 1155297.8650342 1156370.0000000 0.0009272
0.08 112 634 1155299.0928238 1156370.0000000 0.0009261
0.09 113 477 1155301.6796824 1156370.0000000 0.0009239
0.11 114 245 1155304.5542724 1156370.0000000 0.0009214
0.11 115 326 1155306.5951815 1156370.0000000 0.0009196
0.11 116 399 1155307.7369187 1156370.0000000 0.0009186
0.14 117 528 1155309.9822365 1156370.0000000 0.0009167
0.11 118 360 1155314.0779954 1156370.0000000 0.0009131
0.10 119 375 1155316.9626267 1156370.0000000 0.0009106
0.12 120 315 1155319.8838390 1156370.0000000 0.0009081
0.17 121 430 1155320.8250690 1156370.0000000 0.0009073
0.16 122 827 1155327.2197308 1156370.0000000 0.0009018
0.15 123 455 1155330.4993597 1156370.0000000 0.0008989
0.17 124 227 1155333.4993638 1156370.0000000 0.0008963
0.15 125 306 1155334.9240858 1156370.0000000 0.0008951
0.17 126 379 1155335.9679488 1156370.0000000 0.0008942
0.19 127 819 1155336.9108458 1156370.0000000 0.0008934
0.17 128 264 1155338.6125658 1156370.0000000 0.0008919
0.20 129 700 1155339.5775914 1156370.0000000 0.0008911
0.27 130 1391 1155342.9678133 1156370.0000000 0.0008882
0.22 131 419 1155344.5161968 1156370.0000000 0.0008868
0.24 132 621 1155347.2385144 1156370.0000000 0.0008845
0.06 133 143 1155347.7626669 1156370.0000000 0.0008840
0.06 134 97 1155348.7463334 1156370.0000000 0.0008832
0.07 135 235 1155349.0273457 1156370.0000000 0.0008829
0.06 136 147 1155349.1409402 1156370.0000000 0.0008828
0.07 137 174 1155350.0498847 1156370.0000000 0.0008820
0.07 138 358 1155350.2011701 1156370.0000000 0.0008819
0.06 139 136 1155350.5009479 1156370.0000000 0.0008816
0.07 140 245 1155351.1082841 1156370.0000000 0.0008811
0.07 141 295 1155351.3217969 1156370.0000000 0.0008809
0.08 142 388 1155351.7932593 1156370.0000000 0.0008805
0.09 143 328 1155352.0612503 1156370.0000000 0.0008803
0.09 144 228 1155352.3612459 1156370.0000000 0.0008800
0.08 145 250 1155353.0381628 1156370.0000000 0.0008794
0.09 146 190 1155353.9912674 1156370.0000000 0.0008786
0.20 147 525 1155354.8013607 1156370.0000000 0.0008779
0.23 148 504 1155355.7376760 1156370.0000000 0.0008771
0.31 149 1597 1155357.6234637 1156370.0000000 0.0008755
0.33 150 685 1155359.7408223 1156370.0000000 0.0008736
0.42 151 1546 1155360.9881731 1156370.0000000 0.0008726
0.43 152 754 1155362.7028523 1156370.0000000 0.0008711
0.38 153 882 1155364.6733982 1156370.0000000 0.0008694
0.43 154 1097 1155366.4721844 1156370.0000000 0.0008678
0.42 155 1517 1155368.0709658 1156370.0000000 0.0008664
0.43 156 1121 1155368.9693528 1156370.0000000 0.0008657
0.42 157 773 1155369.8596305 1156370.0000000 0.0008649
0.66 158 2198 1155370.3876022 1156370.0000000 0.0008644
0.60 159 1181 1155371.1727703 1156370.0000000 0.0008638
0.63 160 1999 1155372.6693555 1156370.0000000 0.0008625
0.53 161 797 1155373.6296435 1156370.0000000 0.0008616
0.48 162 495 1155374.8030483 1156370.0000000 0.0008606
0.71 163 1627 1155376.6892809 1156370.0000000 0.0008590
0.61 164 982 1155380.8070860 1156370.0000000 0.0008554
0.49 165 666 1155382.8360841 1156370.0000000 0.0008537
0.65 166 1420 1155385.2975483 1156370.0000000 0.0008515
0.55 167 725 1155387.0685923 1156370.0000000 0.0008500
0.74 168 1224 1155388.7672585 1156370.0000000 0.0008485
0.66 169 790 1155390.4549297 1156370.0000000 0.0008471
0.82 170 1289 1155391.9780802 1156370.0000000 0.0008458
1.06 171 1992 1155392.8292724 1156370.0000000 0.0008450
0.74 172 1190 1155394.1603544 1156370.0000000 0.0008439
0.78 173 1295 1155395.0303352 1156370.0000000 0.0008431
0.69 174 527 1155395.4827149 1156370.0000000 0.0008427
0.97 175 1947 1155396.1098947 1156370.0000000 0.0008422
1.02 176 1912 1155398.4061458 1156370.0000000 0.0008402
0.98 177 1106 1155401.1257097 1156370.0000000 0.0008379
0.82 178 891 1155402.2905047 1156370.0000000 0.0008369
0.86 179 1390 1155404.6514012 1156370.0000000 0.0008348
0.17 180 218 1155404.7587264 1156370.0000000 0.0008347
0.18 181 208 1155404.8386059 1156370.0000000 0.0008346
0.19 182 201 1155405.0241652 1156370.0000000 0.0008345
0.19 183 299 1155405.6353888 1156370.0000000 0.0008340
0.20 184 498 1155406.5581859 1156370.0000000 0.0008332
0.18 185 255 1155406.9021359 1156370.0000000 0.0008329
0.20 186 521 1155407.1549143 1156370.0000000 0.0008326
0.19 187 385 1155407.4557452 1156370.0000000 0.0008324
0.23 188 744 1155407.9348366 1156370.0000000 0.0008320
0.22 189 250 1155408.4809141 1156370.0000000 0.0008315
0.24 190 370 1155409.0715396 1156370.0000000 0.0008310
0.22 191 349 1155409.3484685 1156370.0000000 0.0008307
0.22 192 245 1155409.6060334 1156370.0000000 0.0008305
0.26 193 523 1155409.9159760 1156370.0000000 0.0008303
0.22 194 165 1155410.0700402 1156370.0000000 0.0008301
0.23 195 353 1155410.2916503 1156370.0000000 0.0008299
0.21 196 179 1155410.3898775 1156370.0000000 0.0008298
0.24 197 299 1155410.5601709 1156370.0000000 0.0008297
0.26 198 619 1155410.7587480 1156370.0000000 0.0008295
0.27 199 772 1155410.9117669 1156370.0000000 0.0008294
0.24 200 287 1155411.1035672 1156370.0000000 0.0008292
0.26 201 285 1155411.3121496 1156370.0000000 0.0008290
0.28 202 72 1155411.5153535 1156370.0000000 0.0008289
0.27 203 203 1155411.6197389 1156370.0000000 0.0008288
0.28 204 213 1155411.8361618 1156370.0000000 0.0008286
0.30 205 204 1155412.1972726 1156370.0000000 0.0008283
0.27 206 47 1155412.3897690 1156370.0000000 0.0008281
0.27 207 31 1155412.5257180 1156370.0000000 0.0008280
0.27 208 24 1155412.7030995 1156370.0000000 0.0008278
0.27 209 20 1155412.9385327 1156370.0000000 0.0008276
0.28 210 151 1155413.0437794 1156370.0000000 0.0008276
0.28 211 376 1155413.2867349 1156370.0000000 0.0008273
0.30 212 376 1155413.5430605 1156370.0000000 0.0008271
0.26 213 159 1155413.7147364 1156370.0000000 0.0008270
0.29 214 67 1155413.8973968 1156370.0000000 0.0008268
0.32 215 328 1155414.0535106 1156370.0000000 0.0008267
0.27 216 57 1155414.1960278 1156370.0000000 0.0008266
0.28 217 26 1155414.2944853 1156370.0000000 0.0008265
0.32 218 222 1155414.4367966 1156370.0000000 0.0008263
0.33 219 282 1155414.6083654 1156370.0000000 0.0008262
0.34 220 298 1155414.8657244 1156370.0000000 0.0008260
0.34 221 283 1155415.0842291 1156370.0000000 0.0008258
0.33 222 273 1155415.4602551 1156370.0000000 0.0008255
0.35 223 362 1155415.8783401 1156370.0000000 0.0008251
0.29 224 185 1155416.0471551 1156370.0000000 0.0008250
0.33 225 332 1155416.0537671 1156370.0000000 0.0008249
0.36 226 268 1155416.2871857 1156370.0000000 0.0008247
0.36 227 287 1155416.8244426 1156370.0000000 0.0008243
0.33 228 358 1155417.0527500 1156370.0000000 0.0008241
0.35 229 313 1155417.3034078 1156370.0000000 0.0008239
