1.25 0 0 1002954.6166667 1006460.0000000 0.0034829
0.00 1 48 1003544.5429487 1006460.0000000 0.0028967
0.00 2 46 1003849.5238095 1006460.0000000 0.0025937
0.00 3 47 1004334.0231685 1006460.0000000 0.0021123
0.00 4 47 1004433.1500000 1006460.0000000 0.0020138
0.00 5 48 1004584.3371172 1006460.0000000 0.0018636
0.00 6 40 1004703.3918699 1006460.0000000 0.0017453
0.00 7 44 1004762.5273508 1006460.0000000 0.0016866
0.00 8 46 1004797.3549298 1006460.0000000 0.0016520
0.00 9 43 1004826.9948646 1006460.0000000 0.0016225
0.00 10 28 1004874.2328491 1006460.0000000 0.0015756
0.00 11 33 1004980.5026369 1006460.0000000 0.0014700
0.00 12 45 1005036.6594858 1006460.0000000 0.0014142
0.00 13 27 1005063.3254574 1006460.0000000 0.0013877
0.00 14 38 1005082.9479469 1006460.0000000 0.0013682
0.01 15 41 1005200.5793948 1006460.0000000 0.0012513
0.00 16 33 1005227.7514715 1006460.0000000 0.0012243
0.00 17 28 1005257.1973359 1006460.0000000 0.0011951
0.01 18 40 1005340.9636273 1006460.0000000 0.0011119
0.00 19 32 1005366.5207992 1006460.0000000 0.0010865
0.01 20 44 1005394.9164801 1006460.0000000 0.0010582
0.00 21 23 1005433.8458381 1006460.0000000 0.0010196
0.00 22 33 1005456.3210201 1006460.0000000 0.0009972
0.00 23 32 1005479.0982676 1006460.0000000 0.0009746
0.01 24 46 1005509.8000644 1006460.0000000 0.0009441
0.01 25 25 1005534.1433002 1006460.0000000 0.0009199
0.01 26 37 1005541.3472479 1006460.0000000 0.0009128
0.01 27 33 1005550.7254843 1006460.0000000 0.0009034
0.01 28 24 1005562.9763695 1006460.0000000 0.0008913
0.01 29 33 1005565.4531223 1006460.0000000 0.0008888
0.01 30 29 1005571.3947612 1006460.0000000 0.0008829
0.01 31 34 1005573.2980524 1006460.0000000 0.0008810
0.01 32 42 1005577.7061103 1006460.0000000 0.0008766
0.01 33 44 1005583.8240467 1006460.0000000 0.0008706
0.01 34 63 1005596.3363241 1006460.0000000 0.0008581
0.01 35 43 1005612.7217982 1006460.0000000 0.0008418
0.01 36 34 1005614.6187224 1006460.0000000 0.0008400
0.01 37 62 1005622.7029392 1006460.0000000 0.0008319
0.01 38 47 1005624.2682118 1006460.0000000 0.0008304
0.01 39 70 1005624.5888083 1006460.0000000 0.0008300
0.01 40 88 1005625.3091749 1006460.0000000 0.0008293
0.01 41 85 1005628.2290832 1006460.0000000 0.0008264
0.01 42 99 1005629.1380658 1006460.0000000 0.0008255
0.01 43 77 1005630.6440416 1006460.0000000 0.0008240
0.01 44 137 1005633.1589545 1006460.0000000 0.0008215
0.01 45 59 1005637.4185050 1006460.0000000 0.0008173
0.02 46 156 1005639.4738573 1006460.0000000 0.0008153
0.02 47 114 1005641.2746151 1006460.0000000 0.0008135
0.02 48 125 1005643.9766534 1006460.0000000 0.0008108
0.03 49 153 1005645.5396322 1006460.0000000 0.0008092
0.02 50 92 1005649.3331184 1006460.0000000 0.0008055
0.03 51 110 1005650.7822374 1006460.0000000 0.0008040
0.04 52 263 1005651.9122221 1006460.0000000 0.0008029
0.04 53 143 1005652.7917757 1006460.0000000 0.0008020
0.06 54 234 1005654.9938306 1006460.0000000 0.0007998
0.04 55 292 1005655.9038850 1006460.0000000 0.0007989
0.05 56 134 1005660.2580927 1006460.0000000 0.0007946
0.05 57 236 1005661.6850111 1006460.0000000 0.0007932
0.06 58 259 1005665.1823556 1006460.0000000 0.0007897
0.09 59 272 1005666.9854632 1006460.0000000 0.0007879
0.12 60 403 1005667.7552607 1006460.0000000 0.0007872
0.15 61 509 1005668.4135142 1006460.0000000 0.0007865
0.18 62 291 1005672.6430259 1006460.0000000 0.0007823
0.23 63 1018 1005673.9851906 1006460.0000000 0.0007810
0.14 64 297 1005674.9041651 1006460.0000000 0.0007801
0.46 65 980 1005676.2967960 1006460.0000000 0.0007787
0.21 66 631 1005676.9981701 1006460.0000000 0.0007780
0.26 67 459 1005680.0010959 1006460.0000000 0.0007750
0.71 68 1022 1005682.5642145 1006460.0000000 0.0007724
0.36 69 1047 1005686.0128092 1006460.0000000 0.0007690
0.92 70 1504 1005692.0821365 1006460.0000000 0.0007630
1.30 71 1403 1005695.4783744 1006460.0000000 0.0007596
1.25 72 2079 1005702.9527962 1006460.0000000 0.0007522
1.70 73 2324 1005713.8206235 1006460.0000000 0.0007414
0.56 74 680 1005717.2956279 1006460.0000000 0.0007379
1.62 75 3532 1005720.2903871 1006460.0000000 0.0007350
0.94 76 1619 1005722.2287337 1006460.0000000 0.0007330
2.30 77 2213 1005725.1988704 1006460.0000000 0.0007301
0.85 78 757 1005726.9174501 1006460.0000000 0.0007284
2.11 79 1359 1005729.1010320 1006460.0000000 0.0007262
1.97 80 2185 1005731.1840681 1006460.0000000 0.0007241
2.35 81 2328 1005732.5481037 1006460.0000000 0.0007228
4.33 82 3611 1005733.9419507 1006460.0000000 0.0007214
1.97 83 4923 1005735.0748249 1006460.0000000 0.0007203
2.57 84 1616 1005736.8565786 1006460.0000000 0.0007185
1.01 85 796 1005737.5476552 1006460.0000000 0.0007178
1.85 86 1547 1005743.7530837 1006460.0000000 0.0007116
5.54 87 3880 1005745.2263027 1006460.0000000 0.0007102
2.12 88 2187 1005745.5532549 1006460.0000000 0.0007099
6.59 89 4878 1005746.7557636 1006460.0000000 0.0007087
10.12 90 9813 1005747.6378827 1006460.0000000 0.0007078
12.87 91 7279 1005748.4872317 1006460.0000000 0.0007069
10.83 92 6469 1005748.8193014 1006460.0000000 0.0007066
9.93 93 5783 1005749.3436235 1006460.0000000 0.0007061
41.38 94 14582 1005750.0910890 1006460.0000000 0.0007054
35.20 95 9092 1005751.3006024 1006460.0000000 0.0007042
19.22 96 7718 1005752.9164400 1006460.0000000 0.0007025
15.80 97 5937 1005754.7913441 1006460.0000000 0.0007007
54.29 98 17461 1005755.5845778 1006460.0000000 0.0006999
