2.15 0 0 1147777.6666667 1153870.0000000 0.0052799
0.01 1 67 1148005.6666667 1153870.0000000 0.0050823
0.01 2 71 1148331.7389881 1153870.0000000 0.0047997
0.01 3 71 1148755.7366667 1153870.0000000 0.0044323
0.01 4 66 1149175.9880952 1153870.0000000 0.0040681
0.01 5 59 1149240.6059524 1153870.0000000 0.0040121
0.01 6 57 1149404.6727078 1153870.0000000 0.0038699
0.01 7 53 1150112.5652730 1153870.0000000 0.0032564
0.01 8 58 1150236.6999084 1153870.0000000 0.0031488
0.01 9 64 1150321.7866914 1153870.0000000 0.0030751
0.01 10 42 1150397.7638889 1153870.0000000 0.0030092
0.01 11 37 1150479.1572167 1153870.0000000 0.0029387
0.01 12 34 1150568.9853535 1153870.0000000 0.0028608
0.01 13 31 1150609.3365676 1153870.0000000 0.0028258
0.01 14 35 1150683.1643939 1153870.0000000 0.0027619
0.01 15 28 1150742.2662088 1153870.0000000 0.0027106
0.01 16 29 1150797.4993939 1153870.0000000 0.0026628
0.01 17 25 1150815.5780904 1153870.0000000 0.0026471
0.01 18 28 1150847.4282197 1153870.0000000 0.0026195
0.01 19 31 1150916.2378788 1153870.0000000 0.0025599
0.01 20 24 1150940.9774123 1153870.0000000 0.0025384
0.01 21 23 1150980.3511867 1153870.0000000 0.0025043
0.01 22 29 1151024.3377525 1153870.0000000 0.0024662
0.01 23 29 1151061.1011334 1153870.0000000 0.0024343
0.01 24 28 1151087.2138498 1153870.0000000 0.0024117
0.01 25 21 1151095.7393937 1153870.0000000 0.0024043
0.01 26 18 1151110.7651050 1153870.0000000 0.0023913
0.01 27 22 1151124.3037022 1153870.0000000 0.0023796
0.01 28 18 1151153.4998674 1153870.0000000 0.0023543
0.01 29 17 1151165.6078214 1153870.0000000 0.0023438
0.01 30 18 1151181.8002921 1153870.0000000 0.0023297
0.01 31 20 1151194.1425343 1153870.0000000 0.0023190
0.01 32 18 1151207.2168465 1153870.0000000 0.0023077
0.01 33 17 1151217.9838079 1153870.0000000 0.0022984
0.01 34 20 1151227.6723961 1153870.0000000 0.0022900
0.01 35 27 1151243.9145202 1153870.0000000 0.0022759
0.01 36 22 1151255.3592324 1153870.0000000 0.0022660
0.01 37 19 1151268.6431825 1153870.0000000 0.0022545
0.01 38 19 1151288.0885465 1153870.0000000 0.0022376
0.01 39 20 1151297.4382230 1153870.0000000 0.0022295
0.01 40 24 1151310.1814980 1153870.0000000 0.0022185
0.01 41 25 1151331.9348639 1153870.0000000 0.0021996
0.01 42 23 1151339.7006688 1153870.0000000 0.0021929
0.01 43 21 1151352.1121929 1153870.0000000 0.0021821
0.01 44 26 1151375.6858082 1153870.0000000 0.0021617
0.01 45 30 1151390.3509694 1153870.0000000 0.0021490
0.01 46 27 1151407.0204131 1153870.0000000 0.0021345
0.01 47 32 1151421.4499103 1153870.0000000 0.0021220
0.01 48 25 1151451.1707684 1153870.0000000 0.0020963
0.01 49 27 1151458.3100570 1153870.0000000 0.0020901
0.01 50 34 1151465.4988457 1153870.0000000 0.0020839
0.01 51 38 1151478.3508723 1153870.0000000 0.0020727
0.01 52 28 1151486.1177173 1153870.0000000 0.0020660
0.01 53 39 1151490.7275794 1153870.0000000 0.0020620
0.01 54 45 1151497.1845151 1153870.0000000 0.0020564
0.01 55 41 1151499.5080196 1153870.0000000 0.0020544
0.01 56 34 1151506.7621306 1153870.0000000 0.0020481
0.01 57 29 1151533.7507595 1153870.0000000 0.0020247
0.01 58 46 1151536.3799430 1153870.0000000 0.0020224
0.01 59 86 1151543.8675964 1153870.0000000 0.0020159
0.01 60 58 1151547.2904024 1153870.0000000 0.0020130
0.01 61 52 1151555.8522631 1153870.0000000 0.0020056
0.01 62 47 1151560.5781357 1153870.0000000 0.0020015
0.01 63 70 1151606.6601644 1153870.0000000 0.0019615
0.01 64 90 1151609.9231917 1153870.0000000 0.0019587
0.02 65 114 1151611.3469034 1153870.0000000 0.0019575
0.02 66 78 1151613.6856178 1153870.0000000 0.0019554
0.01 67 148 1151614.1694307 1153870.0000000 0.0019550
0.02 68 93 1151615.9003319 1153870.0000000 0.0019535
0.02 69 41 1151618.7933220 1153870.0000000 0.0019510
0.02 70 47 1151624.2580910 1153870.0000000 0.0019463
0.02 71 93 1151626.3322604 1153870.0000000 0.0019445
0.02 72 63 1151628.7181357 1153870.0000000 0.0019424
0.02 73 102 1151629.9550081 1153870.0000000 0.0019413
0.02 74 95 1151632.9564883 1153870.0000000 0.0019387
0.02 75 136 1151635.6802832 1153870.0000000 0.0019364
0.03 76 232 1151638.6846942 1153870.0000000 0.0019338
0.02 77 204 1151638.8278444 1153870.0000000 0.0019336
0.03 78 148 1151641.1557702 1153870.0000000 0.0019316
0.03 79 478 1151643.6961457 1153870.0000000 0.0019294
0.04 80 240 1151645.5844793 1153870.0000000 0.0019278
0.03 81 369 1151649.0900874 1153870.0000000 0.0019247
0.07 82 435 1151651.1711026 1153870.0000000 0.0019229
0.10 83 754 1151652.4047724 1153870.0000000 0.0019219
0.14 84 1420 1151653.3053953 1153870.0000000 0.0019211
0.25 85 1795 1151655.0089999 1153870.0000000 0.0019196
0.23 86 3156 1151658.4332915 1153870.0000000 0.0019167
0.20 87 1165 1151659.4734025 1153870.0000000 0.0019158
0.17 88 1463 1151660.5688982 1153870.0000000 0.0019148
0.26 89 2115 1151663.0995959 1153870.0000000 0.0019126
0.31 90 1726 1151663.3662674 1153870.0000000 0.0019124
0.78 91 4083 1151665.8163538 1153870.0000000 0.0019103
1.22 92 4951 1151666.8377338 1153870.0000000 0.0019094
2.61 93 8606 1151668.4852244 1153870.0000000 0.0019079
1.17 94 2690 1151669.5076036 1153870.0000000 0.0019071
1.46 95 4984 1151669.6874490 1153870.0000000 0.0019069
2.46 96 8332 1151672.1418110 1153870.0000000 0.0019048
4.99 97 14099 1151672.9660586 1153870.0000000 0.0019041
4.73 98 11322 1151674.1336607 1153870.0000000 0.0019030
7.47 99 16832 1151674.3794018 1153870.0000000 0.0019028
9.62 100 17524 1151675.3909164 1153870.0000000 0.0019020
5.79 101 9233 1151675.4232711 1153870.0000000 0.0019019
15.78 102 28556 1151676.6677316 1153870.0000000 0.0019008
42.25 103 31921 1151678.3492596 1153870.0000000 0.0018994
