2.09 0 0 1136666.5153846 1140600.0000000 0.0034486
0.01 1 55 1137161.5388889 1140600.0000000 0.0030146
0.01 2 47 1137364.8210317 1140600.0000000 0.0028364
0.01 3 51 1137649.9187500 1140600.0000000 0.0025864
0.01 4 34 1137989.3160714 1140600.0000000 0.0022889
0.01 5 39 1138130.6816239 1140600.0000000 0.0021649
0.01 6 29 1138242.8458333 1140600.0000000 0.0020666
0.01 7 30 1138387.1323165 1140600.0000000 0.0019401
0.01 8 33 1138420.0996148 1140600.0000000 0.0019112
0.01 9 31 1138489.0099359 1140600.0000000 0.0018508
0.01 10 28 1138579.0050971 1140600.0000000 0.0017719
0.01 11 28 1138639.4443399 1140600.0000000 0.0017189
0.01 12 26 1138678.4464080 1140600.0000000 0.0016847
0.01 13 25 1138712.8249239 1140600.0000000 0.0016545
0.01 14 23 1138798.6934042 1140600.0000000 0.0015793
0.01 15 25 1138894.9850064 1140600.0000000 0.0014948
0.01 16 25 1138929.4544958 1140600.0000000 0.0014646
0.01 17 26 1138950.8670565 1140600.0000000 0.0014458
0.01 18 28 1138977.2935224 1140600.0000000 0.0014227
0.01 19 22 1139008.5473073 1140600.0000000 0.0013953
0.01 20 22 1139090.5295139 1140600.0000000 0.0013234
0.01 21 27 1139117.2979930 1140600.0000000 0.0012999
0.01 22 23 1139177.1588028 1140600.0000000 0.0012474
0.01 23 22 1139202.3997742 1140600.0000000 0.0012253
0.01 24 18 1139218.5917395 1140600.0000000 0.0012111
0.01 25 23 1139404.3345783 1140600.0000000 0.0010483
0.01 26 22 1139425.8173568 1140600.0000000 0.0010294
0.01 27 15 1139437.5140906 1140600.0000000 0.0010192
0.01 28 19 1139440.3759594 1140600.0000000 0.0010167
0.01 29 22 1139443.7379926 1140600.0000000 0.0010137
0.01 30 23 1139457.6124180 1140600.0000000 0.0010016
0.01 31 21 1139468.7793719 1140600.0000000 0.0009918
0.01 32 21 1139473.4581921 1140600.0000000 0.0009877
0.01 33 19 1139482.4430828 1140600.0000000 0.0009798
0.01 34 20 1139489.1074627 1140600.0000000 0.0009740
0.01 35 19 1139500.2336636 1140600.0000000 0.0009642
0.01 36 20 1139509.1061670 1140600.0000000 0.0009564
0.01 37 18 1139532.2203393 1140600.0000000 0.0009362
0.01 38 18 1139549.0485111 1140600.0000000 0.0009214
0.01 39 16 1139554.9263870 1140600.0000000 0.0009162
0.01 40 17 1139568.5814367 1140600.0000000 0.0009043
0.01 41 18 1139573.7268681 1140600.0000000 0.0008998
0.01 42 15 1139577.3818653 1140600.0000000 0.0008966
0.01 43 16 1139581.0570064 1140600.0000000 0.0008933
0.01 44 14 1139596.9584633 1140600.0000000 0.0008794
0.01 45 16 1139600.9991315 1140600.0000000 0.0008759
0.01 46 15 1139604.1488881 1140600.0000000 0.0008731
0.01 47 15 1139607.5421591 1140600.0000000 0.0008701
0.01 48 15 1139614.3886219 1140600.0000000 0.0008641
0.01 49 17 1139620.9665665 1140600.0000000 0.0008583
0.01 50 17 1139626.4336573 1140600.0000000 0.0008536
0.01 51 20 1139629.5247510 1140600.0000000 0.0008508
0.01 52 13 1139634.4223652 1140600.0000000 0.0008466
0.01 53 14 1139637.6915422 1140600.0000000 0.0008437
0.01 54 12 1139639.6573331 1140600.0000000 0.0008420
0.01 55 14 1139642.2711714 1140600.0000000 0.0008397
0.01 56 18 1139643.6877027 1140600.0000000 0.0008384
0.01 57 13 1139644.8504076 1140600.0000000 0.0008374
0.01 58 14 1139647.7990289 1140600.0000000 0.0008348
0.01 59 18 1139652.5598959 1140600.0000000 0.0008307
0.01 60 13 1139655.5269995 1140600.0000000 0.0008280
0.01 61 13 1139657.7055506 1140600.0000000 0.0008261
0.01 62 12 1139673.6890731 1140600.0000000 0.0008121
0.01 63 14 1139676.6446213 1140600.0000000 0.0008095
0.01 64 15 1139679.4227325 1140600.0000000 0.0008071
0.01 65 19 1139682.7135260 1140600.0000000 0.0008042
0.01 66 18 1139684.1565847 1140600.0000000 0.0008029
0.01 67 12 1139685.1775053 1140600.0000000 0.0008021
0.01 68 13 1139687.1191589 1140600.0000000 0.0008004
0.01 69 11 1139688.8640984 1140600.0000000 0.0007988
0.01 70 13 1139690.3380695 1140600.0000000 0.0007975
0.01 71 11 1139690.9210023 1140600.0000000 0.0007970
0.01 72 11 1139691.8164269 1140600.0000000 0.0007962
0.01 73 12 1139692.8021384 1140600.0000000 0.0007954
0.01 74 17 1139693.5636917 1140600.0000000 0.0007947
0.01 75 17 1139696.7651046 1140600.0000000 0.0007919
0.01 76 12 1139699.0652427 1140600.0000000 0.0007899
0.01 77 13 1139701.2395219 1140600.0000000 0.0007880
0.01 78 17 1139702.7032863 1140600.0000000 0.0007867
0.01 79 16 1139703.6587077 1140600.0000000 0.0007859
0.01 80 18 1139704.8227569 1140600.0000000 0.0007848
0.01 81 17 1139705.5539001 1140600.0000000 0.0007842
0.01 82 18 1139706.7482322 1140600.0000000 0.0007831
0.01 83 20 1139707.7039138 1140600.0000000 0.0007823
0.01 84 18 1139708.7220005 1140600.0000000 0.0007814
0.01 85 20 1139709.5967144 1140600.0000000 0.0007806
0.01 86 16 1139711.9202595 1140600.0000000 0.0007786
0.01 87 19 1139715.0361495 1140600.0000000 0.0007759
0.01 88 19 1139717.5005800 1140600.0000000 0.0007737
0.01 89 18 1139718.9889186 1140600.0000000 0.0007724
0.01 90 21 1139719.8685435 1140600.0000000 0.0007716
0.01 91 24 1139721.0631362 1140600.0000000 0.0007706
0.01 92 16 1139722.0655096 1140600.0000000 0.0007697
0.01 93 22 1139723.2656457 1140600.0000000 0.0007687
0.02 94 20 1139727.1892796 1140600.0000000 0.0007652
0.01 95 22 1139732.8191666 1140600.0000000 0.0007603
0.01 96 17 1139736.2182580 1140600.0000000 0.0007573
0.01 97 28 1139741.6940946 1140600.0000000 0.0007525
0.01 98 19 1139743.9305489 1140600.0000000 0.0007505
0.01 99 19 1139747.4944055 1140600.0000000 0.0007474
0.01 100 29 1139748.9734514 1140600.0000000 0.0007461
0.01 101 24 1139752.0462190 1140600.0000000 0.0007434
0.01 102 24 1139753.3474986 1140600.0000000 0.0007423
0.02 103 20 1139755.2047619 1140600.0000000 0.0007407
0.02 104 23 1139763.4655214 1140600.0000000 0.0007334
0.02 105 19 1139765.0197086 1140600.0000000 0.0007321
0.02 106 17 1139766.7407384 1140600.0000000 0.0007305
0.02 107 19 1139768.0698001 1140600.0000000 0.0007294
0.02 108 16 1139770.6316448 1140600.0000000 0.0007271
0.02 109 16 1139773.9014314 1140600.0000000 0.0007243
0.02 110 19 1139778.7876600 1140600.0000000 0.0007200
0.02 111 20 1139780.1251437 1140600.0000000 0.0007188
0.02 112 26 1139781.9504594 1140600.0000000 0.0007172
0.02 113 21 1139784.5553620 1140600.0000000 0.0007149
0.02 114 21 1139786.2050190 1140600.0000000 0.0007135
0.02 115 27 1139788.0157664 1140600.0000000 0.0007119
0.02 116 23 1139789.1990790 1140600.0000000 0.0007109
0.02 117 23 1139790.6531608 1140600.0000000 0.0007096
0.02 118 22 1139792.1717859 1140600.0000000 0.0007082
0.02 119 22 1139793.1598114 1140600.0000000 0.0007074
0.02 120 27 1139795.5047484 1140600.0000000 0.0007053
0.02 121 31 1139796.7036418 1140600.0000000 0.0007043
0.02 122 25 1139800.2852209 1140600.0000000 0.0007011
0.02 123 21 1139801.6273788 1140600.0000000 0.0007000
0.02 124 47 1139803.0582724 1140600.0000000 0.0006987
0.02 125 16 1139805.3547622 1140600.0000000 0.0006967
0.02 126 19 1139805.5129660 1140600.0000000 0.0006966
0.01 127 22 1139806.0538614 1140600.0000000 0.0006961
0.02 128 25 1139808.1816153 1140600.0000000 0.0006942
0.01 129 22 1139808.4158531 1140600.0000000 0.0006940
0.01 130 23 1139809.0696503 1140600.0000000 0.0006934
0.02 131 19 1139811.9044392 1140600.0000000 0.0006909
0.02 132 18 1139813.0336060 1140600.0000000 0.0006900
0.02 133 22 1139815.1134193 1140600.0000000 0.0006881
0.02 134 33 1139816.2712482 1140600.0000000 0.0006871
0.02 135 19 1139817.2072565 1140600.0000000 0.0006863
0.02 136 25 1139817.5308636 1140600.0000000 0.0006860
0.02 137 25 1139818.1421171 1140600.0000000 0.0006855
0.02 138 16 1139821.5290142 1140600.0000000 0.0006825
0.03 139 19 1139829.8150398 1140600.0000000 0.0006752
0.02 140 22 1139831.3648025 1140600.0000000 0.0006739
0.02 141 33 1139833.1804232 1140600.0000000 0.0006723
0.02 142 17 1139834.6210915 1140600.0000000 0.0006710
0.03 143 21 1139836.4563109 1140600.0000000 0.0006694
0.03 144 20 1139841.2182899 1140600.0000000 0.0006652
0.03 145 26 1139844.9159479 1140600.0000000 0.0006620
0.02 146 18 1139849.9550808 1140600.0000000 0.0006576
0.02 147 20 1139852.6277664 1140600.0000000 0.0006552
0.02 148 23 1139854.2976143 1140600.0000000 0.0006538
0.03 149 20 1139855.7618542 1140600.0000000 0.0006525
0.03 150 20 1139857.9690909 1140600.0000000 0.0006506
0.03 151 23 1139859.8609663 1140600.0000000 0.0006489
0.03 152 21 1139860.8546680 1140600.0000000 0.0006480
0.03 153 22 1139861.9580771 1140600.0000000 0.0006471
0.03 154 27 1139864.1929164 1140600.0000000 0.0006451
0.03 155 22 1139866.5650866 1140600.0000000 0.0006430
0.03 156 24 1139867.3634878 1140600.0000000 0.0006423
0.03 157 26 1139868.3907994 1140600.0000000 0.0006414
0.03 158 32 1139868.9576499 1140600.0000000 0.0006409
0.03 159 31 1139870.2238181 1140600.0000000 0.0006398
0.03 160 21 1139871.0781987 1140600.0000000 0.0006391
0.03 161 20 1139872.1121248 1140600.0000000 0.0006382
0.03 162 23 1139873.0614949 1140600.0000000 0.0006373
0.03 163 26 1139873.6074503 1140600.0000000 0.0006369
0.03 164 25 1139874.5419571 1140600.0000000 0.0006360
0.03 165 31 1139875.5811793 1140600.0000000 0.0006351
0.03 166 31 1139876.6542792 1140600.0000000 0.0006342
0.04 167 28 1139877.9471916 1140600.0000000 0.0006330
0.03 168 23 1139879.5296586 1140600.0000000 0.0006317
0.03 169 22 1139881.4060669 1140600.0000000 0.0006300
0.04 170 25 1139883.2525082 1140600.0000000 0.0006284
0.02 171 18 1139883.4820910 1140600.0000000 0.0006282
0.02 172 14 1139883.6795944 1140600.0000000 0.0006280
0.02 173 29 1139885.1106480 1140600.0000000 0.0006268
0.04 174 33 1139886.4631360 1140600.0000000 0.0006256
0.03 175 45 1139887.8730970 1140600.0000000 0.0006243
0.03 176 32 1139889.3636476 1140600.0000000 0.0006230
0.04 177 37 1139892.1872337 1140600.0000000 0.0006206
0.03 178 27 1139893.5401557 1140600.0000000 0.0006194
0.04 179 30 1139894.5401132 1140600.0000000 0.0006185
0.04 180 29 1139895.3984095 1140600.0000000 0.0006177
0.04 181 34 1139896.1258009 1140600.0000000 0.0006171
0.04 182 24 1139897.1038786 1140600.0000000 0.0006163
0.04 183 22 1139897.8643230 1140600.0000000 0.0006156
0.04 184 28 1139898.5332964 1140600.0000000 0.0006150
0.04 185 27 1139898.9452314 1140600.0000000 0.0006146
0.03 186 20 1139899.4883493 1140600.0000000 0.0006142
0.03 187 16 1139899.6634303 1140600.0000000 0.0006140
0.04 188 25 1139899.8031435 1140600.0000000 0.0006139
0.04 189 24 1139900.0662144 1140600.0000000 0.0006137
0.04 190 32 1139900.3747216 1140600.0000000 0.0006134
0.03 191 20 1139900.8234333 1140600.0000000 0.0006130
0.03 192 25 1139901.0317181 1140600.0000000 0.0006128
0.03 193 20 1139901.1685134 1140600.0000000 0.0006127
0.03 194 30 1139901.3586618 1140600.0000000 0.0006125
0.03 195 31 1139901.4688869 1140600.0000000 0.0006124
0.03 196 41 1139901.6209827 1140600.0000000 0.0006123
0.03 197 19 1139901.7402748 1140600.0000000 0.0006122
0.03 198 21 1139901.8385273 1140600.0000000 0.0006121
0.03 199 20 1139901.9898166 1140600.0000000 0.0006120
0.03 200 23 1139902.0564714 1140600.0000000 0.0006119
0.02 201 13 1139902.1809815 1140600.0000000 0.0006118
0.03 202 33 1139902.2690600 1140600.0000000 0.0006117
0.04 203 41 1139902.3352317 1140600.0000000 0.0006117
0.03 204 27 1139902.4287557 1140600.0000000 0.0006116
0.04 205 28 1139902.6771934 1140600.0000000 0.0006114
0.03 206 23 1139902.9709626 1140600.0000000 0.0006111
0.04 207 34 1139903.5280077 1140600.0000000 0.0006106
0.03 208 30 1139903.9606145 1140600.0000000 0.0006102
0.03 209 27 1139904.4488590 1140600.0000000 0.0006098
0.04 210 30 1139904.9186473 1140600.0000000 0.0006094
0.03 211 21 1139905.2744872 1140600.0000000 0.0006091
0.04 212 30 1139905.5121102 1140600.0000000 0.0006089
0.03 213 17 1139905.7523223 1140600.0000000 0.0006087
0.03 214 12 1139905.8928439 1140600.0000000 0.0006085
0.04 215 27 1139906.0070247 1140600.0000000 0.0006084
0.04 216 23 1139906.1558586 1140600.0000000 0.0006083
0.04 217 32 1139906.3569487 1140600.0000000 0.0006081
0.04 218 32 1139906.5371044 1140600.0000000 0.0006080
0.04 219 24 1139907.0024940 1140600.0000000 0.0006076
0.03 220 20 1139907.3289717 1140600.0000000 0.0006073
0.04 221 32 1139907.5958301 1140600.0000000 0.0006071
0.04 222 23 1139907.9588697 1140600.0000000 0.0006067
0.04 223 29 1139908.3814230 1140600.0000000 0.0006064
0.04 224 30 1139908.8269564 1140600.0000000 0.0006060
0.03 225 19 1139909.0344318 1140600.0000000 0.0006058
0.04 226 33 1139909.2832923 1140600.0000000 0.0006056
0.04 227 21 1139909.4872672 1140600.0000000 0.0006054
0.04 228 20 1139909.6512738 1140600.0000000 0.0006053
0.04 229 23 1139909.7403451 1140600.0000000 0.0006052
0.04 230 42 1139909.8226679 1140600.0000000 0.0006051
0.04 231 22 1139909.8692297 1140600.0000000 0.0006051
0.04 232 23 1139909.9493097 1140600.0000000 0.0006050
0.04 233 20 1139910.0977690 1140600.0000000 0.0006049
0.04 234 25 1139910.4053722 1140600.0000000 0.0006046
0.04 235 25 1139910.6460262 1140600.0000000 0.0006044
0.04 236 25 1139910.7656218 1140600.0000000 0.0006043
0.04 237 15 1139911.0836280 1140600.0000000 0.0006040
0.05 238 38 1139911.5487583 1140600.0000000 0.0006036
0.04 239 32 1139911.8741626 1140600.0000000 0.0006033
0.04 240 23 1139912.1478067 1140600.0000000 0.0006031
0.05 241 40 1139912.2687041 1140600.0000000 0.0006030
0.04 242 30 1139912.3918855 1140600.0000000 0.0006028
0.04 243 38 1139912.7881880 1140600.0000000 0.0006025
0.04 244 30 1139913.0679148 1140600.0000000 0.0006023
0.04 245 36 1139913.2252753 1140600.0000000 0.0006021
0.04 246 25 1139913.4788859 1140600.0000000 0.0006019
0.05 247 47 1139913.6755090 1140600.0000000 0.0006017
0.05 248 26 1139913.8371161 1140600.0000000 0.0006016
0.05 249 26 1139913.9503888 1140600.0000000 0.0006015
0.05 250 29 1139914.0895545 1140600.0000000 0.0006014
0.05 251 41 1139914.2683791 1140600.0000000 0.0006012
0.05 252 42 1139914.4231048 1140600.0000000 0.0006011
0.05 253 41 1139914.5983634 1140600.0000000 0.0006009
0.05 254 42 1139914.7769131 1140600.0000000 0.0006008
0.05 255 40 1139914.9531715 1140600.0000000 0.0006006
0.06 256 48 1139915.1179958 1140600.0000000 0.0006005
0.05 257 42 1139915.2284642 1140600.0000000 0.0006004
0.05 258 49 1139915.3049371 1140600.0000000 0.0006003
0.06 259 41 1139915.3926187 1140600.0000000 0.0006002
0.06 260 39 1139915.5923336 1140600.0000000 0.0006000
0.07 261 56 1139915.9455661 1140600.0000000 0.0005997
0.06 262 41 1139916.4818115 1140600.0000000 0.0005993
0.06 263 43 1139917.0953819 1140600.0000000 0.0005987
0.06 264 50 1139917.5929725 1140600.0000000 0.0005983
0.07 265 49 1139918.4373594 1140600.0000000 0.0005975
0.06 266 45 1139918.8093962 1140600.0000000 0.0005972
0.06 267 38 1139919.2664599 1140600.0000000 0.0005968
0.06 268 44 1139919.5106358 1140600.0000000 0.0005966
0.06 269 43 1139919.8545600 1140600.0000000 0.0005963
0.06 270 37 1139920.2062219 1140600.0000000 0.0005960
0.05 271 21 1139920.5036641 1140600.0000000 0.0005957
0.06 272 40 1139920.6986827 1140600.0000000 0.0005956
0.06 273 36 1139920.8669281 1140600.0000000 0.0005954
0.06 274 65 1139921.1087568 1140600.0000000 0.0005952
0.06 275 66 1139921.2393317 1140600.0000000 0.0005951
0.06 276 65 1139921.3405944 1140600.0000000 0.0005950
0.07 277 68 1139921.4348043 1140600.0000000 0.0005949
0.07 278 119 1139921.5272355 1140600.0000000 0.0005948
0.07 279 121 1139921.7183723 1140600.0000000 0.0005947
0.07 280 66 1139921.8516963 1140600.0000000 0.0005946
0.08 281 66 1139922.0313669 1140600.0000000 0.0005944
0.09 282 124 1139922.2184115 1140600.0000000 0.0005942
0.07 283 65 1139922.4714745 1140600.0000000 0.0005940
0.07 284 56 1139923.0215469 1140600.0000000 0.0005935
0.07 285 39 1139923.4623573 1140600.0000000 0.0005931
0.07 286 55 1139923.8830100 1140600.0000000 0.0005928
0.07 287 57 1139924.2330315 1140600.0000000 0.0005925
0.07 288 67 1139924.4704559 1140600.0000000 0.0005923
0.08 289 56 1139924.6096846 1140600.0000000 0.0005921
0.08 290 175 1139924.7834415 1140600.0000000 0.0005920
0.09 291 160 1139924.9926226 1140600.0000000 0.0005918
0.10 292 123 1139925.5875348 1140600.0000000 0.0005913
0.09 293 98 1139925.9482889 1140600.0000000 0.0005910
0.08 294 161 1139926.2363837 1140600.0000000 0.0005907
0.09 295 100 1139926.5445905 1140600.0000000 0.0005904
0.09 296 116 1139926.6428117 1140600.0000000 0.0005904
0.09 297 74 1139926.7862449 1140600.0000000 0.0005902
0.09 298 128 1139926.8569640 1140600.0000000 0.0005902
0.10 299 228 1139926.9174558 1140600.0000000 0.0005901
0.12 300 315 1139927.0345439 1140600.0000000 0.0005900
0.11 301 74 1139927.2684803 1140600.0000000 0.0005898
0.11 302 52 1139927.4442996 1140600.0000000 0.0005897
0.10 303 302 1139927.5744575 1140600.0000000 0.0005895
0.13 304 535 1139927.7358961 1140600.0000000 0.0005894
0.13 305 213 1139927.8976888 1140600.0000000 0.0005893
0.13 306 96 1139928.0815718 1140600.0000000 0.0005891
0.13 307 166 1139928.2852571 1140600.0000000 0.0005889
0.13 308 309 1139928.4536610 1140600.0000000 0.0005888
0.16 309 588 1139928.6057235 1140600.0000000 0.0005886
0.16 310 210 1139928.7941522 1140600.0000000 0.0005885
0.16 311 369 1139929.0434392 1140600.0000000 0.0005882
0.16 312 110 1139929.2032686 1140600.0000000 0.0005881
0.16 313 115 1139929.3678176 1140600.0000000 0.0005880
0.15 314 60 1139929.4785758 1140600.0000000 0.0005879
0.16 315 214 1139929.6185081 1140600.0000000 0.0005877
0.15 316 115 1139929.8062738 1140600.0000000 0.0005876
0.17 317 219 1139930.0595022 1140600.0000000 0.0005874
0.16 318 111 1139930.3485433 1140600.0000000 0.0005871
0.16 319 198 1139930.4612353 1140600.0000000 0.0005870
0.17 320 341 1139930.5991782 1140600.0000000 0.0005869
0.17 321 200 1139930.7255746 1140600.0000000 0.0005868
0.19 322 377 1139930.8004904 1140600.0000000 0.0005867
0.20 323 401 1139930.9175838 1140600.0000000 0.0005866
0.20 324 378 1139931.0735523 1140600.0000000 0.0005865
0.23 325 666 1139931.2232731 1140600.0000000 0.0005863
0.22 326 219 1139931.3372112 1140600.0000000 0.0005862
0.23 327 354 1139931.4385291 1140600.0000000 0.0005861
0.25 328 214 1139931.6329454 1140600.0000000 0.0005860
0.24 329 215 1139931.8764044 1140600.0000000 0.0005858
0.26 330 405 1139932.1766986 1140600.0000000 0.0005855
0.25 331 112 1139932.4922388 1140600.0000000 0.0005852
0.29 332 221 1139932.8001157 1140600.0000000 0.0005850
0.27 333 215 1139933.1262694 1140600.0000000 0.0005847
0.28 334 422 1139933.6061754 1140600.0000000 0.0005842
0.27 335 382 1139934.0176478 1140600.0000000 0.0005839
0.27 336 322 1139934.2324437 1140600.0000000 0.0005837
0.25 337 204 1139934.3958755 1140600.0000000 0.0005836
0.26 338 214 1139934.4885687 1140600.0000000 0.0005835
0.29 339 215 1139934.6539340 1140600.0000000 0.0005833
0.30 340 221 1139934.7599587 1140600.0000000 0.0005832
0.28 341 127 1139934.8671750 1140600.0000000 0.0005831
0.31 342 129 1139935.0202676 1140600.0000000 0.0005830
0.30 343 64 1139935.2372618 1140600.0000000 0.0005828
0.31 344 71 1139935.5726079 1140600.0000000 0.0005825
0.28 345 110 1139935.7853817 1140600.0000000 0.0005823
0.31 346 405 1139936.1332767 1140600.0000000 0.0005820
0.28 347 109 1139936.2687844 1140600.0000000 0.0005819
0.26 348 183 1139936.3012321 1140600.0000000 0.0005819
0.29 349 56 1139936.3552463 1140600.0000000 0.0005818
0.32 350 246 1139936.4124146 1140600.0000000 0.0005818
0.31 351 214 1139936.4485588 1140600.0000000 0.0005818
0.33 352 134 1139936.4978577 1140600.0000000 0.0005817
0.32 353 113 1139936.5435915 1140600.0000000 0.0005817
0.36 354 250 1139936.6053153 1140600.0000000 0.0005816
0.32 355 77 1139936.6749891 1140600.0000000 0.0005816
0.37 356 66 1139936.7742624 1140600.0000000 0.0005815
0.36 357 199 1139936.8507782 1140600.0000000 0.0005814
0.40 358 114 1139936.9593402 1140600.0000000 0.0005813
0.34 359 131 1139937.0320668 1140600.0000000 0.0005812
0.33 360 71 1139937.0814177 1140600.0000000 0.0005812
0.34 361 63 1139937.1262618 1140600.0000000 0.0005812
0.38 362 138 1139937.2200343 1140600.0000000 0.0005811
0.39 363 111 1139937.4346209 1140600.0000000 0.0005809
0.34 364 112 1139937.5128117 1140600.0000000 0.0005808
0.41 365 73 1139937.6895315 1140600.0000000 0.0005807
0.39 366 70 1139938.1423516 1140600.0000000 0.0005803
0.35 367 214 1139938.6166016 1140600.0000000 0.0005799
0.39 368 795 1139938.9245545 1140600.0000000 0.0005796
0.42 369 878 1139939.3763799 1140600.0000000 0.0005792
0.42 370 451 1139939.6378045 1140600.0000000 0.0005790
0.44 371 844 1139939.9695106 1140600.0000000 0.0005787
0.45 372 712 1139940.1384160 1140600.0000000 0.0005785
0.47 373 759 1139940.3648461 1140600.0000000 0.0005783
0.46 374 361 1139940.5986658 1140600.0000000 0.0005781
0.47 375 784 1139940.8344154 1140600.0000000 0.0005779
0.51 376 764 1139941.0305442 1140600.0000000 0.0005777
0.49 377 243 1139941.1628973 1140600.0000000 0.0005776
0.50 378 674 1139941.2831011 1140600.0000000 0.0005775
0.59 379 600 1139941.4739675 1140600.0000000 0.0005774
0.53 380 383 1139941.6859590 1140600.0000000 0.0005772
0.52 381 674 1139941.9025194 1140600.0000000 0.0005770
0.49 382 388 1139941.9839421 1140600.0000000 0.0005769
0.54 383 712 1139942.1404765 1140600.0000000 0.0005768
0.57 384 373 1139942.2918252 1140600.0000000 0.0005766
0.60 385 344 1139942.5077697 1140600.0000000 0.0005764
0.57 386 694 1139942.7161864 1140600.0000000 0.0005763
