0.18 0 0 822339.4166667 825594.0000000 0.0039421
0.00 1 38 822889.5416667 825594.0000000 0.0032758
0.00 2 33 823376.4000000 825594.0000000 0.0026861
0.00 3 33 823949.4166667 825594.0000000 0.0019920
0.00 4 28 824140.9285714 825594.0000000 0.0017600
0.00 5 23 824444.0000000 825594.0000000 0.0013929
0.00 6 15 824549.5388889 825594.0000000 0.0012651
0.00 7 15 824771.1642857 825594.0000000 0.0009967
0.00 8 13 824895.0198413 825594.0000000 0.0008466
0.00 9 12 824928.5757576 825594.0000000 0.0008060
0.00 10 9 824938.4876623 825594.0000000 0.0007940
0.00 11 11 824965.9833333 825594.0000000 0.0007607
0.00 12 9 825012.3690476 825594.0000000 0.0007045
0.00 13 8 825066.0419048 825594.0000000 0.0006395
0.00 14 10 825098.8580586 825594.0000000 0.0005997
0.00 15 11 825127.1408040 825594.0000000 0.0005655
0.00 16 11 825178.8135198 825594.0000000 0.0005029
0.00 17 9 825190.0333333 825594.0000000 0.0004893
0.00 18 5 825204.0416667 825594.0000000 0.0004723
0.00 19 9 825219.2901235 825594.0000000 0.0004539
0.00 20 11 825252.0080722 825594.0000000 0.0004142
0.00 21 10 825266.2322581 825594.0000000 0.0003970
0.00 22 7 825271.9760589 825594.0000000 0.0003901
0.00 23 8 825280.2506631 825594.0000000 0.0003800
0.00 24 7 825309.5198777 825594.0000000 0.0003446
0.00 25 7 825320.2500000 825594.0000000 0.0003316
0.00 26 3 825322.4743590 825594.0000000 0.0003289
0.00 27 5 825330.6666667 825594.0000000 0.0003190
0.00 28 7 825337.6500000 825594.0000000 0.0003105
0.00 29 11 825342.4743590 825594.0000000 0.0003047
0.00 30 7 825352.1049784 825594.0000000 0.0002930
0.00 31 10 825355.7115385 825594.0000000 0.0002886
0.00 32 10 825357.6199634 825594.0000000 0.0002863
0.00 33 10 825360.9621212 825594.0000000 0.0002823
0.00 34 5 825365.0597643 825594.0000000 0.0002773
0.00 35 12 825371.3472222 825594.0000000 0.0002697
0.00 36 6 825373.4722222 825594.0000000 0.0002671
0.00 37 7 825375.9719298 825594.0000000 0.0002641
0.00 38 6 825392.7947154 825594.0000000 0.0002437
0.00 39 8 825406.1523810 825594.0000000 0.0002275
0.00 40 9 825419.6069182 825594.0000000 0.0002112
0.00 41 11 825427.8333333 825594.0000000 0.0002013
0.00 42 1 825427.8333333 825594.0000000 0.0002013
0.00 43 1 825438.6666667 825594.0000000 0.0001881
