0.13 0 0 790076.5000000 793445.0000000 0.0042454
0.00 1 25 790391.6666667 793445.0000000 0.0038482
0.00 2 18 790515.9000000 793445.0000000 0.0036916
0.00 3 19 790799.5833333 793445.0000000 0.0033341
0.00 4 12 790846.6417749 793445.0000000 0.0032748
0.00 5 13 790932.6250000 793445.0000000 0.0031664
0.00 6 11 791089.5772727 793445.0000000 0.0029686
0.00 7 13 791310.6833333 793445.0000000 0.0026899
0.00 8 12 791398.8696970 793445.0000000 0.0025788
0.00 9 12 791440.5333333 793445.0000000 0.0025263
0.00 10 12 791550.6502127 793445.0000000 0.0023875
0.00 11 12 791721.6369963 793445.0000000 0.0021720
0.00 12 11 791753.7545455 793445.0000000 0.0021315
0.00 13 13 791808.8423077 793445.0000000 0.0020621
0.00 14 12 791936.2000000 793445.0000000 0.0019016
0.00 15 9 791954.1333333 793445.0000000 0.0018790
0.00 16 8 791962.9524725 793445.0000000 0.0018679
0.00 17 10 791974.3210623 793445.0000000 0.0018535
0.00 18 9 791978.5761905 793445.0000000 0.0018482
0.00 19 8 791990.5287415 793445.0000000 0.0018331
0.00 20 8 792001.7561404 793445.0000000 0.0018190
0.00 21 8 792028.6476703 793445.0000000 0.0017851
0.00 22 8 792038.0221661 793445.0000000 0.0017733
0.00 23 7 792053.2581536 793445.0000000 0.0017540
0.00 24 8 792076.3832347 793445.0000000 0.0017249
0.00 25 8 792097.2987074 793445.0000000 0.0016985
0.00 26 7 792104.0767131 793445.0000000 0.0016900
0.00 27 7 792117.5317791 793445.0000000 0.0016730
0.00 28 7 792145.1518519 793445.0000000 0.0016382
0.00 29 6 792148.3000000 793445.0000000 0.0016343
0.00 30 5 792165.2580153 793445.0000000 0.0016129
0.00 31 6 792197.4219512 793445.0000000 0.0015724
0.00 32 6 792204.2642857 793445.0000000 0.0015637
0.00 33 5 792207.3230325 793445.0000000 0.0015599
0.00 34 7 792229.9667494 793445.0000000 0.0015313
0.00 35 5 792231.9840376 793445.0000000 0.0015288
0.00 36 5 792235.1339539 793445.0000000 0.0015248
0.00 37 6 792244.6095238 793445.0000000 0.0015129
0.00 38 5 792244.8160307 793445.0000000 0.0015126
0.00 39 5 792247.4722431 793445.0000000 0.0015093
0.00 40 5 792251.8775083 793445.0000000 0.0015037
0.00 41 4 792255.8616809 793445.0000000 0.0014987
0.00 42 6 792271.2366251 793445.0000000 0.0014793
0.00 43 5 792272.1107143 793445.0000000 0.0014782
0.00 44 7 792272.9910593 793445.0000000 0.0014771
0.00 45 5 792280.2982906 793445.0000000 0.0014679
0.00 46 6 792284.4579365 793445.0000000 0.0014627
0.00 47 9 792288.8746704 793445.0000000 0.0014571
0.00 48 6 792293.5753084 793445.0000000 0.0014512
0.00 49 9 792299.8036347 793445.0000000 0.0014433
0.00 50 7 792305.3655022 793445.0000000 0.0014363
0.00 51 6 792337.0220538 793445.0000000 0.0013964
0.00 52 6 792346.2913813 793445.0000000 0.0013847
0.00 53 7 792354.0859084 793445.0000000 0.0013749
0.00 54 6 792368.1529121 793445.0000000 0.0013572
0.00 55 4 792370.5030785 793445.0000000 0.0013542
0.00 56 4 792376.0746002 793445.0000000 0.0013472
0.00 57 6 792389.7862242 793445.0000000 0.0013299
0.00 58 5 792398.1174261 793445.0000000 0.0013194
0.00 59 6 792408.8552813 793445.0000000 0.0013059
0.00 60 7 792415.3107798 793445.0000000 0.0012977
0.00 61 4 792419.4947254 793445.0000000 0.0012925
0.00 62 4 792428.3675043 793445.0000000 0.0012813
0.00 63 4 792430.9809853 793445.0000000 0.0012780
0.00 64 6 792436.1511628 793445.0000000 0.0012715
0.00 65 5 792439.6138641 793445.0000000 0.0012671
0.00 66 4 792442.8766150 793445.0000000 0.0012630
0.00 67 5 792445.3070537 793445.0000000 0.0012599
0.00 68 5 792465.5173509 793445.0000000 0.0012345
0.00 69 5 792470.0587582 793445.0000000 0.0012287
0.00 70 4 792470.5845561 793445.0000000 0.0012281
0.00 71 5 792472.7923698 793445.0000000 0.0012253
0.00 72 6 792480.7530864 793445.0000000 0.0012153
0.00 73 4 792484.3810642 793445.0000000 0.0012107
0.00 74 3 792487.4072564 793445.0000000 0.0012069
0.00 75 3 792489.6507830 793445.0000000 0.0012041
0.00 76 3 792494.1317521 793445.0000000 0.0011984
0.00 77 3 792496.3580918 793445.0000000 0.0011956
0.00 78 4 792497.2203660 793445.0000000 0.0011945
0.00 79 3 792497.9896362 793445.0000000 0.0011935
0.00 80 3 792499.2055474 793445.0000000 0.0011920
0.00 81 3 792500.3710493 793445.0000000 0.0011905
0.00 82 3 792502.1864759 793445.0000000 0.0011883
0.00 83 4 792504.6199985 793445.0000000 0.0011852
0.00 84 3 792506.9022099 793445.0000000 0.0011823
0.00 85 4 792509.2428856 793445.0000000 0.0011794
0.00 86 4 792515.8333333 793445.0000000 0.0011711
