10.87 0 0 8.0000000 38.0000000 0.7894737
0.08 1 504 8.0000000 38.0000000 0.7894737
0.12 2 676 8.0000000 38.0000000 0.7894737
0.15 3 721 8.0000000 38.0000000 0.7894737
0.20 4 834 8.0000000 38.0000000 0.7894737
0.23 5 859 8.0000000 38.0000000 0.7894737
0.25 6 806 8.0000000 38.0000000 0.7894737
0.28 7 834 8.0000000 38.0000000 0.7894737
0.31 8 822 8.0000000 38.0000000 0.7894737
0.36 9 890 8.0000000 38.0000000 0.7894737
0.38 10 821 8.0000000 38.0000000 0.7894737
0.42 11 869 8.0000000 38.0000000 0.7894737
0.46 12 849 8.0000000 38.0000000 0.7894737
0.50 13 867 8.0000000 38.0000000 0.7894737
0.54 14 882 8.0000000 38.0000000 0.7894737
0.55 15 851 8.0000000 38.0000000 0.7894737
0.64 16 891 8.0000000 38.0000000 0.7894737
0.65 17 834 8.0000000 38.0000000 0.7894737
0.64 18 838 8.0000000 38.0000000 0.7894737
0.70 19 853 8.0000000 38.0000000 0.7894737
