15.30 0 0 72.0000000 83.0000000 0.1325301
0.08 1 452 72.0000000 83.0000000 0.1325301
0.11 2 588 72.0000000 83.0000000 0.1325301
0.15 3 677 72.0000000 83.0000000 0.1325301
0.19 4 742 72.0000000 83.0000000 0.1325301
0.17 5 648 72.0000000 83.0000000 0.1325301
0.20 6 688 72.0000000 83.0000000 0.1325301
0.23 7 703 72.0000000 83.0000000 0.1325301
0.24 8 641 72.0000000 83.0000000 0.1325301
0.25 9 639 72.0000000 83.0000000 0.1325301
0.23 10 603 72.0000000 83.0000000 0.1325301
0.28 11 657 72.0000000 83.0000000 0.1325301
0.28 12 622 72.0000000 83.0000000 0.1325301
0.27 13 527 72.0000000 83.0000000 0.1325301
0.30 14 586 72.0000000 83.0000000 0.1325301
0.31 15 573 72.0000000 83.0000000 0.1325301
0.32 16 580 72.0000000 83.0000000 0.1325301
0.32 17 522 72.0000000 83.0000000 0.1325301
0.33 18 522 72.0000000 83.0000000 0.1325301
0.34 19 493 72.0000000 83.0000000 0.1325301
0.34 20 498 72.0000000 83.0000000 0.1325301
0.36 21 498 72.0000000 83.0000000 0.1325301
0.37 22 487 72.0000000 83.0000000 0.1325301
0.38 23 506 72.0000000 83.0000000 0.1325301
0.40 24 496 72.0000000 83.0000000 0.1325301
0.42 25 450 72.0000000 83.0000000 0.1325301
