10.99 0 0 10.0000000 41.0000000 0.7560976
0.07 1 461 10.0000000 41.0000000 0.7560976
0.12 2 676 10.0000000 41.0000000 0.7560976
0.16 3 794 10.0000000 41.0000000 0.7560976
0.20 4 816 10.0000000 41.0000000 0.7560976
0.23 5 837 10.0000000 41.0000000 0.7560976
0.26 6 858 10.0000000 41.0000000 0.7560976
0.28 7 838 10.0000000 41.0000000 0.7560976
0.31 8 826 10.0000000 41.0000000 0.7560976
0.33 9 807 10.0000000 41.0000000 0.7560976
0.39 10 877 10.0000000 41.0000000 0.7560976
0.42 11 843 10.0513796 41.0000000 0.7548444
0.44 12 832 10.1032374 41.0000000 0.7535796
0.44 13 840 10.1525561 41.0000000 0.7523767
0.50 14 818 10.1772305 41.0000000 0.7517749
0.58 15 855 10.2092768 41.0000000 0.7509932
0.59 16 850 10.2451974 41.0000000 0.7501171
0.62 17 853 10.3201037 41.0000000 0.7482902
0.67 18 854 10.3296578 41.0000000 0.7480571
0.75 19 880 10.3527348 41.0000000 0.7474943
