15.60 0 0 88.0000000 229.0000000 0.6157205
0.07 1 434 88.0000000 229.0000000 0.6157205
0.11 2 609 88.0000000 229.0000000 0.6157205
0.13 3 665 88.0000000 229.0000000 0.6157205
0.15 4 634 88.0000000 229.0000000 0.6157205
0.17 5 669 88.0000000 229.0000000 0.6157205
0.19 6 663 88.0000000 229.0000000 0.6157205
0.21 7 662 88.0000000 229.0000000 0.6157205
0.23 8 648 88.0000000 229.0000000 0.6157205
0.24 9 629 88.0000000 229.0000000 0.6157205
0.27 10 652 88.0000000 229.0000000 0.6157205
0.29 11 621 88.0000000 229.0000000 0.6157205
0.31 12 658 88.0000000 229.0000000 0.6157205
0.30 13 612 88.0000000 229.0000000 0.6157205
0.33 14 609 88.0000000 229.0000000 0.6157205
0.36 15 670 88.0000000 229.0000000 0.6157205
0.40 16 646 88.0000000 229.0000000 0.6157205
0.41 17 668 88.0000000 229.0000000 0.6157205
0.46 18 692 88.0000000 229.0000000 0.6157205
0.48 19 659 88.0000000 229.0000000 0.6157205
0.47 20 623 88.0000000 229.0000000 0.6157205
0.51 21 674 88.0000000 229.0000000 0.6157205
0.57 22 693 88.0000000 229.0000000 0.6157205
