1.31 0 0 287.1666667 303.0000000 0.0522552
0.03 1 311 288.8333333 303.0000000 0.0467547
0.03 2 278 290.2555556 303.0000000 0.0420609
0.03 3 285 292.0000000 303.0000000 0.0363036
0.03 4 245 292.0666667 303.0000000 0.0360836
0.03 5 240 292.1666667 303.0000000 0.0357536
0.04 6 251 292.1666667 303.0000000 0.0357536
0.04 7 250 292.1666667 303.0000000 0.0357536
0.04 8 253 292.1666667 303.0000000 0.0357536
0.05 9 294 292.1666667 303.0000000 0.0357536
0.05 10 252 292.1666667 303.0000000 0.0357536
0.05 11 242 292.1666667 303.0000000 0.0357536
0.05 12 232 292.1666667 303.0000000 0.0357536
0.05 13 216 292.1666667 303.0000000 0.0357536
0.05 14 212 292.1666667 303.0000000 0.0357536
0.05 15 195 292.1666667 303.0000000 0.0357536
0.05 16 172 292.1666667 303.0000000 0.0357536
0.04 17 160 292.1666667 303.0000000 0.0357536
0.05 18 183 292.1666667 303.0000000 0.0357536
0.05 19 179 292.1666667 303.0000000 0.0357536
0.04 20 121 292.1666667 303.0000000 0.0357536
0.05 21 150 292.1666667 303.0000000 0.0357536
0.05 22 154 292.1666667 303.0000000 0.0357536
0.05 23 142 292.1666667 303.0000000 0.0357536
0.05 24 161 292.1666667 303.0000000 0.0357536
0.06 25 146 292.1666667 303.0000000 0.0357536
0.05 26 146 292.1666667 303.0000000 0.0357536
0.06 27 142 292.1666667 303.0000000 0.0357536
0.06 28 132 292.1666667 303.0000000 0.0357536
0.05 29 120 292.1666667 303.0000000 0.0357536
0.05 30 114 292.1666667 303.0000000 0.0357536
0.05 31 118 292.1666667 303.0000000 0.0357536
0.05 32 130 292.1666667 303.0000000 0.0357536
0.06 33 129 292.1666667 303.0000000 0.0357536
0.06 34 106 292.1666667 303.0000000 0.0357536
0.05 35 99 292.1666667 303.0000000 0.0357536
0.06 36 115 292.1666667 303.0000000 0.0357536
0.05 37 99 292.1666667 303.0000000 0.0357536
0.05 38 104 292.1666667 303.0000000 0.0357536
0.05 39 91 292.1666667 303.0000000 0.0357536
0.05 40 98 292.1666667 303.0000000 0.0357536
0.06 41 81 292.1666667 303.0000000 0.0357536
0.05 42 80 292.1666667 303.0000000 0.0357536
0.04 43 77 292.1666667 303.0000000 0.0357536
0.05 44 76 292.1666667 303.0000000 0.0357536
0.04 45 72 292.1666667 303.0000000 0.0357536
0.05 46 63 292.1666667 303.0000000 0.0357536
0.05 47 65 292.1666667 303.0000000 0.0357536
0.05 48 60 292.1666667 303.0000000 0.0357536
0.05 49 68 292.1666667 303.0000000 0.0357536
0.04 50 73 292.1666667 303.0000000 0.0357536
0.05 51 65 292.1666667 303.0000000 0.0357536
0.05 52 73 292.1666667 303.0000000 0.0357536
0.06 53 73 292.1666667 303.0000000 0.0357536
0.05 54 44 292.1666667 303.0000000 0.0357536
0.05 55 61 292.1666667 303.0000000 0.0357536
0.05 56 56 292.1666667 303.0000000 0.0357536
0.04 57 53 292.1666667 303.0000000 0.0357536
0.05 58 60 292.1666667 303.0000000 0.0357536
0.04 59 51 292.1666667 303.0000000 0.0357536
0.05 60 55 292.1666667 303.0000000 0.0357536
0.05 61 59 292.1666667 303.0000000 0.0357536
0.05 62 58 292.1666667 303.0000000 0.0357536
0.05 63 58 292.1666667 303.0000000 0.0357536
0.05 64 59 292.1666667 303.0000000 0.0357536
0.05 65 70 292.1666667 303.0000000 0.0357536
0.06 66 63 292.1666667 303.0000000 0.0357536
0.05 67 59 292.1666667 303.0000000 0.0357536
0.06 68 54 292.1666667 303.0000000 0.0357536
0.06 69 63 292.1666667 303.0000000 0.0357536
0.05 70 41 292.1666667 303.0000000 0.0357536
0.06 71 63 292.1666667 303.0000000 0.0357536
0.05 72 43 292.1666667 303.0000000 0.0357536
0.04 73 53 292.1666667 303.0000000 0.0357536
0.05 74 43 292.1666667 303.0000000 0.0357536
0.04 75 37 292.1666667 303.0000000 0.0357536
0.05 76 48 292.1666667 303.0000000 0.0357536
0.04 77 30 292.1666667 303.0000000 0.0357536
0.03 78 29 292.1666667 303.0000000 0.0357536
0.04 79 29 292.1666667 303.0000000 0.0357536
0.03 80 28 292.1666667 303.0000000 0.0357536
0.03 81 30 292.1666667 303.0000000 0.0357536
0.03 82 23 292.1666667 303.0000000 0.0357536
0.03 83 25 292.1666667 303.0000000 0.0357536
0.03 84 27 292.1666667 303.0000000 0.0357536
0.03 85 29 292.1666667 303.0000000 0.0357536
0.04 86 29 292.1666667 303.0000000 0.0357536
0.04 87 30 292.1666667 303.0000000 0.0357536
0.04 88 30 292.1666667 303.0000000 0.0357536
0.04 89 29 292.1666667 303.0000000 0.0357536
0.03 90 27 292.1666667 303.0000000 0.0357536
0.04 91 26 292.1666667 303.0000000 0.0357536
0.03 92 26 292.1666667 303.0000000 0.0357536
0.04 93 27 292.1666667 303.0000000 0.0357536
0.03 94 21 292.1666667 303.0000000 0.0357536
0.03 95 18 292.1666667 303.0000000 0.0357536
0.03 96 15 292.1666667 303.0000000 0.0357536
0.03 97 17 292.1666667 303.0000000 0.0357536
0.03 98 17 292.1666667 303.0000000 0.0357536
0.03 99 16 292.1666667 303.0000000 0.0357536
0.03 100 18 292.1666667 303.0000000 0.0357536
0.03 101 20 292.1666667 303.0000000 0.0357536
0.03 102 18 292.1666667 303.0000000 0.0357536
0.03 103 18 292.1666667 303.0000000 0.0357536
0.03 104 19 292.1666667 303.0000000 0.0357536
0.03 105 16 292.1666667 303.0000000 0.0357536
0.04 106 24 292.1666667 303.0000000 0.0357536
0.03 107 18 292.1666667 303.0000000 0.0357536
0.03 108 17 292.1666667 303.0000000 0.0357536
0.03 109 18 292.1666667 303.0000000 0.0357536
0.03 110 17 292.1666667 303.0000000 0.0357536
0.03 111 21 292.1666667 303.0000000 0.0357536
0.04 112 24 292.1666667 303.0000000 0.0357536
0.03 113 22 292.1666667 303.0000000 0.0357536
0.04 114 24 292.1666667 303.0000000 0.0357536
0.04 115 17 292.1666667 303.0000000 0.0357536
0.04 116 14 292.1666667 303.0000000 0.0357536
0.03 117 15 292.1666667 303.0000000 0.0357536
0.04 118 15 292.1666667 303.0000000 0.0357536
0.04 119 20 292.1666667 303.0000000 0.0357536
0.04 120 22 292.1666667 303.0000000 0.0357536
0.04 121 20 292.1666667 303.0000000 0.0357536
0.04 122 18 292.1666667 303.0000000 0.0357536
0.04 123 19 292.1666667 303.0000000 0.0357536
0.04 124 18 292.1666667 303.0000000 0.0357536
0.03 125 15 292.1666667 303.0000000 0.0357536
0.04 126 15 292.1666667 303.0000000 0.0357536
0.04 127 19 292.1666667 303.0000000 0.0357536
0.04 128 19 292.1666667 303.0000000 0.0357536
0.04 129 22 292.1666667 303.0000000 0.0357536
0.04 130 18 292.1666667 303.0000000 0.0357536
0.04 131 23 292.1666667 303.0000000 0.0357536
0.03 132 13 292.1666667 303.0000000 0.0357536
0.04 133 17 292.1666667 303.0000000 0.0357536
0.04 134 17 292.1666667 303.0000000 0.0357536
0.04 135 26 292.1666667 303.0000000 0.0357536
0.04 136 22 292.1666667 303.0000000 0.0357536
0.04 137 18 292.1666667 303.0000000 0.0357536
0.04 138 17 292.1666667 303.0000000 0.0357536
0.04 139 19 292.1666667 303.0000000 0.0357536
0.04 140 18 292.1666667 303.0000000 0.0357536
0.04 141 19 292.1666667 303.0000000 0.0357536
0.04 142 20 292.1666667 303.0000000 0.0357536
0.04 143 24 292.1666667 303.0000000 0.0357536
0.04 144 21 292.1666667 303.0000000 0.0357536
0.04 145 20 292.1666667 303.0000000 0.0357536
0.04 146 16 292.1666667 303.0000000 0.0357536
0.04 147 20 292.1666667 303.0000000 0.0357536
0.04 148 19 292.1666667 303.0000000 0.0357536
0.04 149 28 292.1666667 303.0000000 0.0357536
0.04 150 30 292.1666667 303.0000000 0.0357536
0.04 151 22 292.1666667 303.0000000 0.0357536
0.04 152 21 292.1666667 303.0000000 0.0357536
0.04 153 24 292.1666667 303.0000000 0.0357536
0.04 154 20 292.1666667 303.0000000 0.0357536
0.04 155 18 292.1666667 303.0000000 0.0357536
0.04 156 18 292.1666667 303.0000000 0.0357536
0.04 157 20 292.1666667 303.0000000 0.0357536
0.02 158 6 292.1666667 303.0000000 0.0357536
0.02 159 6 292.1666667 303.0000000 0.0357536
0.03 160 7 292.1666667 303.0000000 0.0357536
0.03 161 9 292.1666667 303.0000000 0.0357536
0.02 162 5 292.1666667 303.0000000 0.0357536
0.03 163 9 292.1666667 303.0000000 0.0357536
0.02 164 4 292.1666667 303.0000000 0.0357536
0.03 165 4 292.1666667 303.0000000 0.0357536
