11.96 0 0 12.0000000 22.0000000 0.4545455
0.08 1 515 12.0000000 22.0000000 0.4545455
0.12 2 690 12.0000000 22.0000000 0.4545455
0.14 3 722 12.0000000 22.0000000 0.4545455
0.17 4 779 12.0000000 22.0000000 0.4545455
0.20 5 774 12.0000000 22.0000000 0.4545455
0.21 6 702 12.0000000 22.0000000 0.4545455
0.24 7 711 12.0000000 22.0000000 0.4545455
0.28 8 769 12.0000000 22.0000000 0.4545455
0.30 9 731 12.0000000 22.0000000 0.4545455
0.32 10 739 12.0000000 22.0000000 0.4545455
0.34 11 727 12.0000000 22.0000000 0.4545455
0.40 12 810 12.0000000 22.0000000 0.4545455
0.43 13 817 12.0000000 22.0000000 0.4545455
0.43 14 797 12.0000000 22.0000000 0.4545455
0.47 15 797 12.0000000 22.0000000 0.4545455
0.52 16 789 12.0000000 22.0000000 0.4545455
0.52 17 766 12.0000000 22.0000000 0.4545455
0.56 18 776 12.0000000 22.0000000 0.4545455
0.62 19 831 12.0000000 22.0000000 0.4545455
0.59 20 744 12.0000000 22.0000000 0.4545455
0.65 21 764 12.0000000 22.0000000 0.4545455
