2.47 0 0 181.0000000 197.0000000 0.0812183
0.03 1 253 181.0000000 197.0000000 0.0812183
0.03 2 215 181.0000000 197.0000000 0.0812183
0.03 3 183 181.0000000 197.0000000 0.0812183
0.03 4 172 181.0000000 197.0000000 0.0812183
0.03 5 182 181.0000000 197.0000000 0.0812183
0.02 6 145 181.0000000 197.0000000 0.0812183
0.03 7 139 181.0000000 197.0000000 0.0812183
0.03 8 129 181.0000000 197.0000000 0.0812183
0.03 9 136 181.0000000 197.0000000 0.0812183
0.03 10 155 181.0000000 197.0000000 0.0812183
0.03 11 135 181.0000000 197.0000000 0.0812183
0.03 12 156 181.0000000 197.0000000 0.0812183
0.03 13 148 181.0000000 197.0000000 0.0812183
0.03 14 122 181.0000000 197.0000000 0.0812183
0.03 15 123 181.0000000 197.0000000 0.0812183
0.03 16 144 181.0000000 197.0000000 0.0812183
0.03 17 117 181.0000000 197.0000000 0.0812183
0.03 18 121 181.0000000 197.0000000 0.0812183
0.03 19 116 181.0000000 197.0000000 0.0812183
0.03 20 114 181.0000000 197.0000000 0.0812183
0.03 21 109 181.0000000 197.0000000 0.0812183
0.03 22 96 181.0000000 197.0000000 0.0812183
0.03 23 109 181.0000000 197.0000000 0.0812183
0.04 24 122 181.0000000 197.0000000 0.0812183
0.03 25 86 181.0000000 197.0000000 0.0812183
0.03 26 102 181.0003122 197.0000000 0.0812167
0.04 27 115 181.0159574 197.0000000 0.0811373
0.04 28 93 181.0322581 197.0000000 0.0810545
0.04 29 107 181.0566038 197.0000000 0.0809309
0.04 30 93 181.0639835 197.0000000 0.0808935
0.03 31 74 181.0725734 197.0000000 0.0808499
0.03 32 58 181.0758381 197.0000000 0.0808333
0.03 33 61 181.0819932 197.0000000 0.0808021
0.03 34 58 181.0976194 197.0000000 0.0807227
0.04 35 60 181.1171828 197.0000000 0.0806234
0.03 36 59 181.1218083 197.0000000 0.0806000
0.03 37 77 181.1320524 197.0000000 0.0805480
0.03 38 56 181.1344340 197.0000000 0.0805359
0.03 39 55 181.1590296 197.0000000 0.0804110
0.03 40 55 181.1595094 197.0000000 0.0804086
0.04 41 71 181.1644375 197.0000000 0.0803836
0.03 42 63 181.1683197 197.0000000 0.0803639
0.03 43 51 181.1776404 197.0000000 0.0803165
0.03 44 50 181.1826960 197.0000000 0.0802909
0.03 45 39 181.1887478 197.0000000 0.0802602
0.03 46 48 181.2023014 197.0000000 0.0801914
0.04 47 46 181.2109763 197.0000000 0.0801473
0.04 48 51 181.2152267 197.0000000 0.0801258
0.04 49 44 181.2221167 197.0000000 0.0800908
0.04 50 42 181.2279332 197.0000000 0.0800613
0.04 51 43 181.2425237 197.0000000 0.0799872
0.04 52 55 181.2599466 197.0000000 0.0798987
0.04 53 49 181.2655929 197.0000000 0.0798701
0.04 54 56 181.2737451 197.0000000 0.0798287
0.04 55 35 181.2778626 197.0000000 0.0798078
0.04 56 44 181.2916339 197.0000000 0.0797379
0.05 57 57 181.3223350 197.0000000 0.0795821
0.03 58 43 181.3229576 197.0000000 0.0795789
0.03 59 40 181.3309875 197.0000000 0.0795381
0.04 60 51 181.3333333 197.0000000 0.0795262
0.02 61 26 181.3333333 197.0000000 0.0795262
0.03 62 30 181.3333333 197.0000000 0.0795262
0.02 63 27 181.3333333 197.0000000 0.0795262
0.03 64 25 181.3333333 197.0000000 0.0795262
0.03 65 26 181.3333333 197.0000000 0.0795262
0.02 66 19 181.3333333 197.0000000 0.0795262
0.03 67 35 181.3333333 197.0000000 0.0795262
0.02 68 25 181.3333333 197.0000000 0.0795262
0.03 69 20 181.3333333 197.0000000 0.0795262
0.02 70 12 181.3333333 197.0000000 0.0795262
0.03 71 20 181.3333333 197.0000000 0.0795262
0.03 72 25 181.3333333 197.0000000 0.0795262
0.02 73 15 181.3333333 197.0000000 0.0795262
0.02 74 14 181.3333333 197.0000000 0.0795262
0.02 75 9 181.3333333 197.0000000 0.0795262
0.02 76 18 181.3333333 197.0000000 0.0795262
0.02 77 15 181.3333333 197.0000000 0.0795262
0.02 78 15 181.3333333 197.0000000 0.0795262
0.02 79 20 181.3333333 197.0000000 0.0795262
0.03 80 23 181.3333333 197.0000000 0.0795262
0.02 81 7 181.3333333 197.0000000 0.0795262
0.02 82 17 181.3333333 197.0000000 0.0795262
0.02 83 19 181.3333333 197.0000000 0.0795262
0.03 84 17 181.3333333 197.0000000 0.0795262
0.02 85 13 181.3333333 197.0000000 0.0795262
0.02 86 14 181.3333333 197.0000000 0.0795262
0.03 87 17 181.3333333 197.0000000 0.0795262
0.03 88 17 181.3333333 197.0000000 0.0795262
0.02 89 16 181.3333333 197.0000000 0.0795262
0.03 90 18 181.3333333 197.0000000 0.0795262
0.02 91 12 181.3333333 197.0000000 0.0795262
0.02 92 12 181.3333333 197.0000000 0.0795262
0.02 93 13 181.3333333 197.0000000 0.0795262
0.02 94 15 181.3333333 197.0000000 0.0795262
0.02 95 8 181.3333333 197.0000000 0.0795262
0.02 96 18 181.3333333 197.0000000 0.0795262
0.02 97 15 181.3333333 197.0000000 0.0795262
0.03 98 22 181.3333333 197.0000000 0.0795262
0.03 99 17 181.3333333 197.0000000 0.0795262
0.03 100 26 181.3333333 197.0000000 0.0795262
0.03 101 14 181.3333333 197.0000000 0.0795262
0.02 102 17 181.3333333 197.0000000 0.0795262
0.03 103 16 181.3333333 197.0000000 0.0795262
0.03 104 19 181.3333333 197.0000000 0.0795262
0.03 105 16 181.3333333 197.0000000 0.0795262
0.03 106 21 181.3333333 197.0000000 0.0795262
0.03 107 16 181.3333333 197.0000000 0.0795262
0.03 108 15 181.3333333 197.0000000 0.0795262
0.03 109 19 181.3333333 197.0000000 0.0795262
0.03 110 12 181.3333333 197.0000000 0.0795262
0.03 111 18 181.3333333 197.0000000 0.0795262
0.03 112 14 181.3333333 197.0000000 0.0795262
0.03 113 17 181.3333333 197.0000000 0.0795262
0.03 114 20 181.3333333 197.0000000 0.0795262
0.03 115 18 181.3333333 197.0000000 0.0795262
0.03 116 18 181.3333333 197.0000000 0.0795262
0.03 117 15 181.3333333 197.0000000 0.0795262
0.03 118 25 181.3333333 197.0000000 0.0795262
0.02 119 19 181.3333333 197.0000000 0.0795262
0.03 120 26 181.3333333 197.0000000 0.0795262
0.03 121 14 181.3333333 197.0000000 0.0795262
0.03 122 22 181.3333333 197.0000000 0.0795262
0.03 123 15 181.3333333 197.0000000 0.0795262
0.03 124 17 181.3333333 197.0000000 0.0795262
0.03 125 17 181.3333333 197.0000000 0.0795262
0.02 126 11 181.3333333 197.0000000 0.0795262
0.03 127 11 181.3333333 197.0000000 0.0795262
0.03 128 14 181.3333333 197.0000000 0.0795262
0.03 129 25 181.3333333 197.0000000 0.0795262
0.03 130 29 181.3333333 197.0000000 0.0795262
0.03 131 15 181.3333333 197.0000000 0.0795262
0.03 132 22 181.3333333 197.0000000 0.0795262
0.03 133 18 181.3333333 197.0000000 0.0795262
0.03 134 16 181.3333333 197.0000000 0.0795262
0.03 135 13 181.3333333 197.0000000 0.0795262
0.03 136 17 181.3333333 197.0000000 0.0795262
0.03 137 17 181.3333333 197.0000000 0.0795262
0.03 138 15 181.3333333 197.0000000 0.0795262
0.03 139 17 181.3333333 197.0000000 0.0795262
0.03 140 13 181.3333333 197.0000000 0.0795262
0.03 141 17 181.3333333 197.0000000 0.0795262
0.03 142 18 181.3333333 197.0000000 0.0795262
0.03 143 16 181.3333333 197.0000000 0.0795262
0.03 144 13 181.3333333 197.0000000 0.0795262
0.03 145 18 181.3333333 197.0000000 0.0795262
0.03 146 20 181.3333333 197.0000000 0.0795262
0.03 147 14 181.3333333 197.0000000 0.0795262
0.03 148 8 181.3333333 197.0000000 0.0795262
0.03 149 19 181.3333333 197.0000000 0.0795262
0.03 150 19 181.3333333 197.0000000 0.0795262
0.03 151 20 181.3333333 197.0000000 0.0795262
0.03 152 3 181.3333333 197.0000000 0.0795262
0.03 153 17 181.3333333 197.0000000 0.0795262
0.03 154 13 181.3333333 197.0000000 0.0795262
0.02 155 14 181.3333333 197.0000000 0.0795262
0.02 156 13 181.3333333 197.0000000 0.0795262
0.02 157 13 181.3333333 197.0000000 0.0795262
0.02 158 13 181.3333333 197.0000000 0.0795262
0.03 159 14 181.3333333 197.0000000 0.0795262
0.02 160 10 181.3333333 197.0000000 0.0795262
0.02 161 6 181.3333333 197.0000000 0.0795262
0.02 162 8 181.3333333 197.0000000 0.0795262
0.02 163 6 181.3333333 197.0000000 0.0795262
0.02 164 9 181.3333333 197.0000000 0.0795262
0.02 165 2 181.3333333 197.0000000 0.0795262
0.02 166 2 181.3333333 197.0000000 0.0795262
0.02 167 3 181.3333333 197.0000000 0.0795262
0.02 168 4 181.3333333 197.0000000 0.0795262
0.02 169 3 181.3333333 197.0000000 0.0795262
