18.62 0 0 88.0000000 235.0000000 0.6255319
0.07 1 464 88.0000000 235.0000000 0.6255319
0.11 2 615 88.0000000 235.0000000 0.6255319
0.14 3 705 88.0000000 235.0000000 0.6255319
0.17 4 714 88.0000000 235.0000000 0.6255319
0.19 5 722 88.0000000 235.0000000 0.6255319
0.24 6 835 88.0000000 235.0000000 0.6255319
0.24 7 700 88.0000000 235.0000000 0.6255319
0.26 8 747 88.0000000 235.0000000 0.6255319
0.29 9 791 88.0000000 235.0000000 0.6255319
0.34 10 796 88.0000000 235.0000000 0.6255319
0.34 11 739 88.0000000 235.0000000 0.6255319
0.37 12 747 88.0000000 235.0000000 0.6255319
0.40 13 753 88.0000000 235.0000000 0.6255319
0.42 14 742 88.0000000 235.0000000 0.6255319
0.45 15 722 88.0000000 235.0000000 0.6255319
0.44 16 676 88.0000000 235.0000000 0.6255319
0.49 17 723 88.0000000 235.0000000 0.6255319
0.47 18 690 88.0000000 235.0000000 0.6255319
0.52 19 745 88.0000000 235.0000000 0.6255319
0.56 20 700 88.0000000 235.0000000 0.6255319
