1.22 0 0 268.1666667 284.0000000 0.0557512
0.03 1 309 269.8333333 284.0000000 0.0498826
0.03 2 265 271.2555556 284.0000000 0.0448748
0.03 3 250 273.0000000 284.0000000 0.0387324
0.03 4 227 273.0666667 284.0000000 0.0384977
0.03 5 189 273.1666667 284.0000000 0.0381455
0.03 6 169 273.1666667 284.0000000 0.0381455
0.03 7 167 273.1666667 284.0000000 0.0381455
0.03 8 159 273.1666667 284.0000000 0.0381455
0.03 9 168 273.1666667 284.0000000 0.0381455
0.03 10 175 273.1666667 284.0000000 0.0381455
0.03 11 138 273.1666667 284.0000000 0.0381455
0.03 12 168 273.1666667 284.0000000 0.0381455
0.04 13 184 273.1666667 284.0000000 0.0381455
0.03 14 152 273.1666667 284.0000000 0.0381455
0.03 15 158 273.1666667 284.0000000 0.0381455
0.03 16 134 273.1666667 284.0000000 0.0381455
0.03 17 136 273.1666667 284.0000000 0.0381455
0.03 18 138 273.1666667 284.0000000 0.0381455
0.04 19 147 273.1666667 284.0000000 0.0381455
0.03 20 110 273.1666667 284.0000000 0.0381455
0.04 21 126 273.1666667 284.0000000 0.0381455
0.04 22 122 273.1666667 284.0000000 0.0381455
0.04 23 103 273.1666667 284.0000000 0.0381455
0.04 24 116 273.1666667 284.0000000 0.0381455
0.04 25 93 273.1666667 284.0000000 0.0381455
0.04 26 98 273.1666667 284.0000000 0.0381455
0.04 27 94 273.1666667 284.0000000 0.0381455
0.04 28 98 273.1666667 284.0000000 0.0381455
0.04 29 87 273.1666667 284.0000000 0.0381455
0.04 30 94 273.1666667 284.0000000 0.0381455
0.04 31 100 273.1666667 284.0000000 0.0381455
0.04 32 87 273.1666667 284.0000000 0.0381455
0.04 33 83 273.1666667 284.0000000 0.0381455
0.03 34 67 273.1666667 284.0000000 0.0381455
0.04 35 81 273.1666667 284.0000000 0.0381455
0.04 36 84 273.1666667 284.0000000 0.0381455
0.04 37 85 273.1666667 284.0000000 0.0381455
0.04 38 85 273.1666667 284.0000000 0.0381455
0.04 39 78 273.1666667 284.0000000 0.0381455
0.04 40 71 273.1666667 284.0000000 0.0381455
0.04 41 70 273.1666667 284.0000000 0.0381455
0.04 42 64 273.1666667 284.0000000 0.0381455
0.04 43 49 273.1666667 284.0000000 0.0381455
0.03 44 66 273.1666667 284.0000000 0.0381455
0.04 45 69 273.1666667 284.0000000 0.0381455
0.03 46 57 273.1666667 284.0000000 0.0381455
0.04 47 68 273.1666667 284.0000000 0.0381455
0.04 48 65 273.1666667 284.0000000 0.0381455
0.04 49 46 273.1666667 284.0000000 0.0381455
0.04 50 49 273.1666667 284.0000000 0.0381455
0.04 51 62 273.1666667 284.0000000 0.0381455
0.04 52 55 273.1666667 284.0000000 0.0381455
0.04 53 52 273.1666667 284.0000000 0.0381455
0.04 54 57 273.1666667 284.0000000 0.0381455
0.04 55 64 273.1666667 284.0000000 0.0381455
0.04 56 73 273.1666667 284.0000000 0.0381455
0.04 57 64 273.1666667 284.0000000 0.0381455
0.04 58 64 273.1666667 284.0000000 0.0381455
0.04 59 42 273.1666667 284.0000000 0.0381455
0.04 60 61 273.1666667 284.0000000 0.0381455
0.04 61 74 273.1666667 284.0000000 0.0381455
0.04 62 60 273.1666667 284.0000000 0.0381455
0.04 63 56 273.1666667 284.0000000 0.0381455
0.04 64 58 273.1666667 284.0000000 0.0381455
0.04 65 64 273.1666667 284.0000000 0.0381455
0.04 66 46 273.1666667 284.0000000 0.0381455
0.03 67 43 273.1666667 284.0000000 0.0381455
0.03 68 52 273.1666667 284.0000000 0.0381455
0.03 69 41 273.1666667 284.0000000 0.0381455
0.03 70 39 273.1666667 284.0000000 0.0381455
0.04 71 44 273.1666667 284.0000000 0.0381455
0.04 72 46 273.1666667 284.0000000 0.0381455
0.04 73 57 273.1666667 284.0000000 0.0381455
0.04 74 40 273.1666667 284.0000000 0.0381455
0.03 75 55 273.1666667 284.0000000 0.0381455
0.04 76 49 273.1666667 284.0000000 0.0381455
0.04 77 42 273.1666667 284.0000000 0.0381455
0.03 78 43 273.1666667 284.0000000 0.0381455
0.03 79 39 273.1666667 284.0000000 0.0381455
0.03 80 50 273.1666667 284.0000000 0.0381455
0.04 81 38 273.1666667 284.0000000 0.0381455
0.03 82 41 273.1666667 284.0000000 0.0381455
0.04 83 53 273.1666667 284.0000000 0.0381455
0.04 84 44 273.1666667 284.0000000 0.0381455
0.03 85 47 273.1666667 284.0000000 0.0381455
0.04 86 44 273.1666667 284.0000000 0.0381455
0.03 87 27 273.1666667 284.0000000 0.0381455
0.03 88 25 273.1666667 284.0000000 0.0381455
0.03 89 30 273.1666667 284.0000000 0.0381455
0.03 90 30 273.1666667 284.0000000 0.0381455
0.03 91 24 273.1666667 284.0000000 0.0381455
0.03 92 26 273.1666667 284.0000000 0.0381455
0.03 93 29 273.1666667 284.0000000 0.0381455
0.03 94 25 273.1666667 284.0000000 0.0381455
0.03 95 23 273.1666667 284.0000000 0.0381455
0.03 96 25 273.1666667 284.0000000 0.0381455
0.03 97 26 273.1666667 284.0000000 0.0381455
0.03 98 35 273.1666667 284.0000000 0.0381455
0.03 99 31 273.1666667 284.0000000 0.0381455
0.03 100 25 273.1666667 284.0000000 0.0381455
0.03 101 36 273.1666667 284.0000000 0.0381455
0.04 102 33 273.1666667 284.0000000 0.0381455
0.03 103 31 273.1666667 284.0000000 0.0381455
0.03 104 34 273.1666667 284.0000000 0.0381455
0.03 105 33 273.1666667 284.0000000 0.0381455
0.03 106 32 273.1666667 284.0000000 0.0381455
0.03 107 22 273.1666667 284.0000000 0.0381455
0.03 108 31 273.1666667 284.0000000 0.0381455
0.03 109 28 273.1666667 284.0000000 0.0381455
0.03 110 13 273.1666667 284.0000000 0.0381455
0.03 111 18 273.1666667 284.0000000 0.0381455
0.03 112 18 273.1666667 284.0000000 0.0381455
0.03 113 15 273.1666667 284.0000000 0.0381455
0.03 114 24 273.1666667 284.0000000 0.0381455
0.03 115 22 273.1666667 284.0000000 0.0381455
0.03 116 20 273.1666667 284.0000000 0.0381455
0.03 117 16 273.1666667 284.0000000 0.0381455
0.03 118 12 273.1666667 284.0000000 0.0381455
0.03 119 15 273.1666667 284.0000000 0.0381455
0.03 120 15 273.1666667 284.0000000 0.0381455
0.03 121 18 273.1666667 284.0000000 0.0381455
0.03 122 22 273.1666667 284.0000000 0.0381455
0.03 123 17 273.1666667 284.0000000 0.0381455
0.03 124 19 273.1666667 284.0000000 0.0381455
0.03 125 25 273.1666667 284.0000000 0.0381455
0.03 126 23 273.1666667 284.0000000 0.0381455
0.03 127 21 273.1666667 284.0000000 0.0381455
0.03 128 15 273.1666667 284.0000000 0.0381455
0.03 129 9 273.1666667 284.0000000 0.0381455
0.03 130 19 273.1666667 284.0000000 0.0381455
0.03 131 18 273.1666667 284.0000000 0.0381455
0.03 132 15 273.1666667 284.0000000 0.0381455
0.03 133 18 273.1666667 284.0000000 0.0381455
0.03 134 7 273.1666667 284.0000000 0.0381455
0.03 135 19 273.1666667 284.0000000 0.0381455
0.03 136 13 273.1666667 284.0000000 0.0381455
0.03 137 11 273.1666667 284.0000000 0.0381455
0.03 138 13 273.1666667 284.0000000 0.0381455
0.02 139 12 273.1666667 284.0000000 0.0381455
0.02 140 13 273.1666667 284.0000000 0.0381455
0.03 141 13 273.1666667 284.0000000 0.0381455
0.03 142 20 273.1666667 284.0000000 0.0381455
0.03 143 22 273.1666667 284.0000000 0.0381455
0.03 144 13 273.1666667 284.0000000 0.0381455
0.03 145 11 273.1666667 284.0000000 0.0381455
0.03 146 13 273.1666667 284.0000000 0.0381455
0.03 147 10 273.1666667 284.0000000 0.0381455
0.03 148 19 273.1666667 284.0000000 0.0381455
0.03 149 6 273.1666667 284.0000000 0.0381455
0.03 150 23 273.1666667 284.0000000 0.0381455
0.03 151 9 273.1666667 284.0000000 0.0381455
0.03 152 14 273.1666667 284.0000000 0.0381455
0.03 153 6 273.1666667 284.0000000 0.0381455
0.03 154 18 273.1666667 284.0000000 0.0381455
0.02 155 14 273.1666667 284.0000000 0.0381455
0.03 156 10 273.1666667 284.0000000 0.0381455
0.02 157 4 273.1666667 284.0000000 0.0381455
0.03 158 16 273.1666667 284.0000000 0.0381455
0.02 159 6 273.1666667 284.0000000 0.0381455
0.03 160 8 273.1666667 284.0000000 0.0381455
0.02 161 7 273.1666667 284.0000000 0.0381455
0.03 162 8 273.1666667 284.0000000 0.0381455
0.03 163 19 273.1666667 284.0000000 0.0381455
0.03 164 9 273.1666667 284.0000000 0.0381455
0.03 165 7 273.1666667 284.0000000 0.0381455
0.03 166 11 273.1666667 284.0000000 0.0381455
0.03 167 10 273.1666667 284.0000000 0.0381455
0.03 168 6 273.1666667 284.0000000 0.0381455
0.03 169 6 273.1666667 284.0000000 0.0381455
0.03 170 12 273.1666667 284.0000000 0.0381455
0.03 171 9 273.1666667 284.0000000 0.0381455
0.03 172 16 273.1666667 284.0000000 0.0381455
0.03 173 7 273.1666667 284.0000000 0.0381455
0.03 174 7 273.1666667 284.0000000 0.0381455
0.03 175 14 273.1666667 284.0000000 0.0381455
0.03 176 8 273.1666667 284.0000000 0.0381455
0.03 177 16 273.1666667 284.0000000 0.0381455
0.03 178 10 273.1666667 284.0000000 0.0381455
0.03 179 12 273.1666667 284.0000000 0.0381455
0.03 180 10 273.1666667 284.0000000 0.0381455
0.03 181 9 273.1666667 284.0000000 0.0381455
0.03 182 10 273.1666667 284.0000000 0.0381455
0.03 183 7 273.1666667 284.0000000 0.0381455
0.03 184 6 273.1666667 284.0000000 0.0381455
0.03 185 16 273.1666667 284.0000000 0.0381455
0.03 186 9 273.1666667 284.0000000 0.0381455
0.03 187 18 273.1666667 284.0000000 0.0381455
0.03 188 15 273.1666667 284.0000000 0.0381455
0.03 189 16 273.1666667 284.0000000 0.0381455
0.03 190 11 273.1666667 284.0000000 0.0381455
0.03 191 8 273.1666667 284.0000000 0.0381455
0.03 192 13 273.1666667 284.0000000 0.0381455
0.03 193 9 273.1666667 284.0000000 0.0381455
0.03 194 6 273.1666667 284.0000000 0.0381455
0.03 195 6 273.1666667 284.0000000 0.0381455
0.03 196 14 273.1666667 284.0000000 0.0381455
0.02 197 10 273.1666667 284.0000000 0.0381455
0.03 198 7 273.1666667 284.0000000 0.0381455
0.03 199 9 273.1666667 284.0000000 0.0381455
0.03 200 10 273.1666667 284.0000000 0.0381455
0.03 201 8 273.1666667 284.0000000 0.0381455
0.03 202 12 273.1666667 284.0000000 0.0381455
0.03 203 6 273.1666667 284.0000000 0.0381455
0.03 204 12 273.1666667 284.0000000 0.0381455
0.03 205 6 273.1666667 284.0000000 0.0381455
0.03 206 8 273.1666667 284.0000000 0.0381455
0.03 207 6 273.1666667 284.0000000 0.0381455
0.03 208 13 273.1666667 284.0000000 0.0381455
0.03 209 4 273.1666667 284.0000000 0.0381455
0.03 210 6 273.1666667 284.0000000 0.0381455
0.03 211 7 273.1666667 284.0000000 0.0381455
0.03 212 7 273.1666667 284.0000000 0.0381455
0.03 213 2 273.1666667 284.0000000 0.0381455
0.03 214 5 273.1666667 284.0000000 0.0381455
0.03 215 4 273.1666667 284.0000000 0.0381455
0.02 216 2 273.1666667 284.0000000 0.0381455
0.03 217 9 273.1666667 284.0000000 0.0381455
0.03 218 5 273.1666667 284.0000000 0.0381455
0.03 219 9 273.1666667 284.0000000 0.0381455
0.03 220 5 273.1666667 284.0000000 0.0381455
0.03 221 8 273.1666667 284.0000000 0.0381455
0.03 222 7 273.1666667 284.0000000 0.0381455
0.02 223 5 273.1666667 284.0000000 0.0381455
0.03 224 6 273.1666667 284.0000000 0.0381455
0.03 225 13 273.1666667 284.0000000 0.0381455
0.03 226 8 273.1666667 284.0000000 0.0381455
0.03 227 6 273.1666667 284.0000000 0.0381455
0.03 228 9 273.1666667 284.0000000 0.0381455
0.03 229 8 273.1666667 284.0000000 0.0381455
0.03 230 11 273.1666667 284.0000000 0.0381455
0.03 231 6 273.1666667 284.0000000 0.0381455
0.03 232 7 273.1666667 284.0000000 0.0381455
0.03 233 5 273.1666667 284.0000000 0.0381455
0.03 234 7 273.1666667 284.0000000 0.0381455
0.03 235 5 273.1666667 284.0000000 0.0381455
0.03 236 10 273.1666667 284.0000000 0.0381455
0.03 237 14 273.1666667 284.0000000 0.0381455
0.03 238 4 273.1666667 284.0000000 0.0381455
0.03 239 9 273.1666667 284.0000000 0.0381455
0.03 240 10 273.1666667 284.0000000 0.0381455
0.03 241 5 273.1666667 284.0000000 0.0381455
0.03 242 9 273.1666667 284.0000000 0.0381455
0.03 243 11 273.1666667 284.0000000 0.0381455
0.03 244 11 273.1666667 284.0000000 0.0381455
0.03 245 9 273.1666667 284.0000000 0.0381455
0.03 246 9 273.1666667 284.0000000 0.0381455
0.03 247 14 273.1666667 284.0000000 0.0381455
0.03 248 5 273.1666667 284.0000000 0.0381455
0.03 249 9 273.1666667 284.0000000 0.0381455
0.03 250 9 273.1666667 284.0000000 0.0381455
0.03 251 4 273.1666667 284.0000000 0.0381455
0.03 252 4 273.1666667 284.0000000 0.0381455
0.03 253 8 273.1666667 284.0000000 0.0381455
0.03 254 6 273.1666667 284.0000000 0.0381455
0.03 255 7 273.1666667 284.0000000 0.0381455
0.03 256 9 273.1666667 284.0000000 0.0381455
0.03 257 7 273.1666667 284.0000000 0.0381455
0.03 258 7 273.1666667 284.0000000 0.0381455
0.03 259 10 273.1666667 284.0000000 0.0381455
0.03 260 7 273.1666667 284.0000000 0.0381455
0.03 261 9 273.1666667 284.0000000 0.0381455
0.03 262 7 273.1666667 284.0000000 0.0381455
0.03 263 11 273.1666667 284.0000000 0.0381455
0.03 264 12 273.1666667 284.0000000 0.0381455
0.03 265 10 273.1666667 284.0000000 0.0381455
0.03 266 8 273.1666667 284.0000000 0.0381455
0.03 267 7 273.1666667 284.0000000 0.0381455
0.03 268 14 273.1666667 284.0000000 0.0381455
0.03 269 5 273.1666667 284.0000000 0.0381455
0.03 270 4 273.1666667 284.0000000 0.0381455
0.03 271 10 273.1666667 284.0000000 0.0381455
0.03 272 8 273.1666667 284.0000000 0.0381455
0.03 273 7 273.1666667 284.0000000 0.0381455
0.03 274 7 273.1666667 284.0000000 0.0381455
0.03 275 11 273.1666667 284.0000000 0.0381455
0.03 276 9 273.1666667 284.0000000 0.0381455
0.03 277 10 273.1666667 284.0000000 0.0381455
0.03 278 9 273.1666667 284.0000000 0.0381455
0.03 279 11 273.1666667 284.0000000 0.0381455
0.03 280 6 273.1666667 284.0000000 0.0381455
0.04 281 9 273.1666667 284.0000000 0.0381455
0.03 282 7 273.1666667 284.0000000 0.0381455
0.03 283 7 273.1666667 284.0000000 0.0381455
0.03 284 8 273.1666667 284.0000000 0.0381455
0.03 285 6 273.1666667 284.0000000 0.0381455
0.03 286 11 273.1666667 284.0000000 0.0381455
0.03 287 7 273.1666667 284.0000000 0.0381455
0.03 288 11 273.1666667 284.0000000 0.0381455
0.03 289 6 273.1666667 284.0000000 0.0381455
0.03 290 12 273.1666667 284.0000000 0.0381455
0.03 291 10 273.1666667 284.0000000 0.0381455
0.03 292 10 273.1666667 284.0000000 0.0381455
0.03 293 8 273.1666667 284.0000000 0.0381455
0.03 294 7 273.1666667 284.0000000 0.0381455
0.03 295 5 273.1666667 284.0000000 0.0381455
0.03 296 8 273.1666667 284.0000000 0.0381455
0.03 297 6 273.1666667 284.0000000 0.0381455
0.03 298 9 273.1666667 284.0000000 0.0381455
0.03 299 8 273.1666667 284.0000000 0.0381455
0.03 300 6 273.1666667 284.0000000 0.0381455
0.03 301 8 273.1666667 284.0000000 0.0381455
0.03 302 8 273.1666667 284.0000000 0.0381455
0.03 303 5 273.1666667 284.0000000 0.0381455
0.03 304 8 273.1666667 284.0000000 0.0381455
0.03 305 6 273.1666667 284.0000000 0.0381455
0.04 306 8 273.1666667 284.0000000 0.0381455
0.03 307 7 273.1666667 284.0000000 0.0381455
0.03 308 7 273.1666667 284.0000000 0.0381455
0.04 309 7 273.1666667 284.0000000 0.0381455
0.03 310 7 273.1666667 284.0000000 0.0381455
0.03 311 7 273.1666667 284.0000000 0.0381455
0.03 312 8 273.1666667 284.0000000 0.0381455
0.03 313 7 273.1666667 284.0000000 0.0381455
0.03 314 9 273.1666667 284.0000000 0.0381455
0.03 315 7 273.1666667 284.0000000 0.0381455
0.03 316 8 273.1666667 284.0000000 0.0381455
0.03 317 8 273.1666667 284.0000000 0.0381455
0.03 318 9 273.1666667 284.0000000 0.0381455
0.03 319 8 273.1666667 284.0000000 0.0381455
0.04 320 7 273.1666667 284.0000000 0.0381455
0.04 321 11 273.1666667 284.0000000 0.0381455
0.04 322 9 273.1666667 284.0000000 0.0381455
0.04 323 11 273.1666667 284.0000000 0.0381455
0.03 324 8 273.1666667 284.0000000 0.0381455
0.04 325 9 273.1666667 284.0000000 0.0381455
0.03 326 7 273.1666667 284.0000000 0.0381455
0.04 327 11 273.1666667 284.0000000 0.0381455
0.04 328 8 273.1666667 284.0000000 0.0381455
0.03 329 6 273.1666667 284.0000000 0.0381455
0.04 330 7 273.1666667 284.0000000 0.0381455
0.04 331 10 273.1666667 284.0000000 0.0381455
0.03 332 11 273.1666667 284.0000000 0.0381455
0.03 333 8 273.1666667 284.0000000 0.0381455
0.03 334 7 273.1666667 284.0000000 0.0381455
0.03 335 8 273.1666667 284.0000000 0.0381455
0.03 336 6 273.1666667 284.0000000 0.0381455
0.03 337 11 273.1666667 284.0000000 0.0381455
0.03 338 9 273.1666667 284.0000000 0.0381455
0.04 339 8 273.1666667 284.0000000 0.0381455
0.04 340 8 273.1666667 284.0000000 0.0381455
0.04 341 9 273.1666667 284.0000000 0.0381455
0.04 342 8 273.1666667 284.0000000 0.0381455
0.04 343 8 273.1666667 284.0000000 0.0381455
0.04 344 8 273.1666667 284.0000000 0.0381455
0.04 345 10 273.1666667 284.0000000 0.0381455
0.04 346 7 273.1666667 284.0000000 0.0381455
0.04 347 9 273.1666667 284.0000000 0.0381455
0.04 348 7 273.1666667 284.0000000 0.0381455
0.03 349 4 273.1666667 284.0000000 0.0381455
0.03 350 5 273.1666667 284.0000000 0.0381455
0.03 351 1 273.1666667 284.0000000 0.0381455
0.03 352 5 273.1666667 284.0000000 0.0381455
0.03 353 5 273.1666667 284.0000000 0.0381455
0.03 354 4 273.1666667 284.0000000 0.0381455
0.03 355 4 273.1666667 284.0000000 0.0381455
0.03 356 5 273.1666667 284.0000000 0.0381455
0.03 357 2 273.1666667 284.0000000 0.0381455
0.03 358 6 273.1666667 284.0000000 0.0381455
0.03 359 3 273.1666667 284.0000000 0.0381455
0.03 360 6 273.1666667 284.0000000 0.0381455
0.03 361 2 273.1666667 284.0000000 0.0381455
0.03 362 3 273.1666667 284.0000000 0.0381455
0.04 363 6 273.1666667 284.0000000 0.0381455
0.03 364 4 273.1666667 284.0000000 0.0381455
0.03 365 2 273.1666667 284.0000000 0.0381455
0.03 366 4 273.1666667 284.0000000 0.0381455
0.03 367 6 273.1666667 284.0000000 0.0381455
0.03 368 6 273.1666667 284.0000000 0.0381455
0.04 369 2 273.1666667 284.0000000 0.0381455
0.04 370 6 273.1666667 284.0000000 0.0381455
0.03 371 1 273.1666667 284.0000000 0.0381455
