2.19 0 0 223.5000000 240.0000000 0.0687500
0.03 1 253 223.5000000 240.0000000 0.0687500
0.02 2 212 223.5166667 240.0000000 0.0686806
0.02 3 176 223.6250000 240.0000000 0.0682292
0.02 4 138 223.7000000 240.0000000 0.0679167
0.02 5 123 223.7400000 240.0000000 0.0677500
0.03 6 172 223.7666667 240.0000000 0.0676389
0.02 7 131 223.7992424 240.0000000 0.0675032
0.03 8 143 224.0000000 240.0000000 0.0666667
0.03 9 120 224.0000000 240.0000000 0.0666667
0.02 10 116 224.0000000 240.0000000 0.0666667
0.03 11 126 224.0034965 240.0000000 0.0666521
0.03 12 111 224.0144231 240.0000000 0.0666066
0.03 13 131 224.0555556 240.0000000 0.0664352
0.03 14 120 224.0555556 240.0000000 0.0664352
0.03 15 120 224.0666667 240.0000000 0.0663889
0.03 16 92 224.0744949 240.0000000 0.0663563
0.03 17 123 224.1000000 240.0000000 0.0662500
0.03 18 107 224.1666667 240.0000000 0.0659722
0.04 19 122 224.1666667 240.0000000 0.0659722
0.03 20 80 224.1666667 240.0000000 0.0659722
0.02 21 69 224.1666667 240.0000000 0.0659722
0.03 22 92 224.1666667 240.0000000 0.0659722
0.03 23 86 224.1666667 240.0000000 0.0659722
0.03 24 80 224.1666667 240.0000000 0.0659722
0.03 25 70 224.1666667 240.0000000 0.0659722
0.03 26 77 224.1666667 240.0000000 0.0659722
0.03 27 73 224.1666667 240.0000000 0.0659722
0.03 28 73 224.1666667 240.0000000 0.0659722
0.03 29 75 224.1666667 240.0000000 0.0659722
0.04 30 91 224.1666667 240.0000000 0.0659722
0.03 31 70 224.1666667 240.0000000 0.0659722
0.04 32 71 224.1666667 240.0000000 0.0659722
0.04 33 74 224.1666667 240.0000000 0.0659722
0.04 34 74 224.1666667 240.0000000 0.0659722
0.03 35 78 224.1666667 240.0000000 0.0659722
0.03 36 62 224.1666667 240.0000000 0.0659722
0.03 37 57 224.1666667 240.0000000 0.0659722
0.03 38 55 224.1666667 240.0000000 0.0659722
0.03 39 52 224.1666667 240.0000000 0.0659722
0.04 40 67 224.1666667 240.0000000 0.0659722
0.03 41 43 224.1666667 240.0000000 0.0659722
0.03 42 60 224.1666667 240.0000000 0.0659722
0.04 43 61 224.1666667 240.0000000 0.0659722
0.03 44 39 224.1666667 240.0000000 0.0659722
0.03 45 53 224.1666667 240.0000000 0.0659722
0.03 46 38 224.1666667 240.0000000 0.0659722
0.02 47 22 224.1666667 240.0000000 0.0659722
0.03 48 34 224.1666667 240.0000000 0.0659722
0.03 49 35 224.1666667 240.0000000 0.0659722
0.03 50 28 224.1666667 240.0000000 0.0659722
0.03 51 29 224.1666667 240.0000000 0.0659722
0.03 52 27 224.1666667 240.0000000 0.0659722
0.03 53 24 224.1666667 240.0000000 0.0659722
0.03 54 33 224.1666667 240.0000000 0.0659722
0.03 55 37 224.1666667 240.0000000 0.0659722
0.03 56 34 224.1666667 240.0000000 0.0659722
0.02 57 16 224.1666667 240.0000000 0.0659722
0.03 58 20 224.1666667 240.0000000 0.0659722
0.03 59 24 224.1666667 240.0000000 0.0659722
0.03 60 26 224.1666667 240.0000000 0.0659722
0.02 61 18 224.1666667 240.0000000 0.0659722
0.02 62 8 224.1666667 240.0000000 0.0659722
0.02 63 13 224.1666667 240.0000000 0.0659722
0.02 64 14 224.1666667 240.0000000 0.0659722
0.02 65 17 224.1666667 240.0000000 0.0659722
0.02 66 13 224.1666667 240.0000000 0.0659722
0.02 67 17 224.1666667 240.0000000 0.0659722
0.03 68 19 224.1666667 240.0000000 0.0659722
0.02 69 20 224.1666667 240.0000000 0.0659722
0.03 70 27 224.1666667 240.0000000 0.0659722
0.03 71 19 224.1666667 240.0000000 0.0659722
0.02 72 21 224.1666667 240.0000000 0.0659722
0.03 73 18 224.1666667 240.0000000 0.0659722
0.02 74 13 224.1666667 240.0000000 0.0659722
0.02 75 12 224.1666667 240.0000000 0.0659722
0.03 76 16 224.1666667 240.0000000 0.0659722
0.02 77 15 224.1666667 240.0000000 0.0659722
0.02 78 11 224.1666667 240.0000000 0.0659722
0.02 79 7 224.1666667 240.0000000 0.0659722
0.02 80 8 224.1666667 240.0000000 0.0659722
0.02 81 12 224.1666667 240.0000000 0.0659722
0.02 82 7 224.1666667 240.0000000 0.0659722
0.02 83 7 224.1666667 240.0000000 0.0659722
0.02 84 7 224.1666667 240.0000000 0.0659722
0.02 85 5 224.1666667 240.0000000 0.0659722
0.02 86 7 224.1666667 240.0000000 0.0659722
0.02 87 4 224.1666667 240.0000000 0.0659722
0.02 88 4 224.1666667 240.0000000 0.0659722
0.02 89 7 224.1666667 240.0000000 0.0659722
0.02 90 7 224.1666667 240.0000000 0.0659722
0.02 91 7 224.1666667 240.0000000 0.0659722
0.02 92 3 224.1666667 240.0000000 0.0659722
0.02 93 6 224.1666667 240.0000000 0.0659722
0.02 94 10 224.1666667 240.0000000 0.0659722
0.02 95 10 224.1666667 240.0000000 0.0659722
0.02 96 8 224.1666667 240.0000000 0.0659722
0.02 97 6 224.1666667 240.0000000 0.0659722
0.03 98 15 224.1666667 240.0000000 0.0659722
0.02 99 9 224.1666667 240.0000000 0.0659722
0.02 100 7 224.1666667 240.0000000 0.0659722
0.02 101 9 224.1666667 240.0000000 0.0659722
0.02 102 5 224.1666667 240.0000000 0.0659722
0.02 103 8 224.1666667 240.0000000 0.0659722
0.02 104 8 224.1666667 240.0000000 0.0659722
0.03 105 9 224.1666667 240.0000000 0.0659722
0.02 106 7 224.1666667 240.0000000 0.0659722
0.02 107 7 224.1666667 240.0000000 0.0659722
0.02 108 9 224.1666667 240.0000000 0.0659722
0.02 109 6 224.1666667 240.0000000 0.0659722
0.02 110 6 224.1666667 240.0000000 0.0659722
0.02 111 8 224.1666667 240.0000000 0.0659722
0.02 112 9 224.1666667 240.0000000 0.0659722
0.02 113 5 224.1666667 240.0000000 0.0659722
0.03 114 10 224.1666667 240.0000000 0.0659722
0.02 115 9 224.1666667 240.0000000 0.0659722
0.02 116 7 224.1666667 240.0000000 0.0659722
0.02 117 5 224.1666667 240.0000000 0.0659722
0.02 118 10 224.1666667 240.0000000 0.0659722
0.02 119 9 224.1666667 240.0000000 0.0659722
0.02 120 10 224.1666667 240.0000000 0.0659722
0.02 121 7 224.1666667 240.0000000 0.0659722
0.02 122 8 224.1666667 240.0000000 0.0659722
0.02 123 9 224.1666667 240.0000000 0.0659722
0.02 124 5 224.1666667 240.0000000 0.0659722
0.02 125 5 224.1666667 240.0000000 0.0659722
0.02 126 8 224.1666667 240.0000000 0.0659722
0.02 127 9 224.1666667 240.0000000 0.0659722
0.02 128 9 224.1666667 240.0000000 0.0659722
0.02 129 8 224.1666667 240.0000000 0.0659722
0.02 130 8 224.1666667 240.0000000 0.0659722
0.02 131 7 224.1666667 240.0000000 0.0659722
0.02 132 8 224.1666667 240.0000000 0.0659722
0.02 133 9 224.1666667 240.0000000 0.0659722
0.02 134 9 224.1666667 240.0000000 0.0659722
0.02 135 8 224.1666667 240.0000000 0.0659722
0.02 136 8 224.1666667 240.0000000 0.0659722
0.02 137 5 224.1666667 240.0000000 0.0659722
0.02 138 7 224.1666667 240.0000000 0.0659722
0.03 139 6 224.1666667 240.0000000 0.0659722
0.03 140 9 224.1666667 240.0000000 0.0659722
0.02 141 8 224.1666667 240.0000000 0.0659722
0.03 142 8 224.1666667 240.0000000 0.0659722
0.03 143 8 224.1666667 240.0000000 0.0659722
0.03 144 10 224.1666667 240.0000000 0.0659722
0.03 145 8 224.1666667 240.0000000 0.0659722
0.03 146 8 224.1666667 240.0000000 0.0659722
0.03 147 10 224.1666667 240.0000000 0.0659722
0.03 148 10 224.1666667 240.0000000 0.0659722
0.03 149 10 224.1666667 240.0000000 0.0659722
0.03 150 7 224.1666667 240.0000000 0.0659722
0.03 151 10 224.1666667 240.0000000 0.0659722
0.03 152 11 224.1666667 240.0000000 0.0659722
0.03 153 10 224.1666667 240.0000000 0.0659722
0.03 154 7 224.1666667 240.0000000 0.0659722
0.03 155 8 224.1666667 240.0000000 0.0659722
0.03 156 9 224.1666667 240.0000000 0.0659722
0.03 157 11 224.1666667 240.0000000 0.0659722
0.03 158 9 224.1666667 240.0000000 0.0659722
0.02 159 11 224.1666667 240.0000000 0.0659722
