2.60 0 0 191.5000000 219.0000000 0.1255708
0.04 1 345 191.5000000 219.0000000 0.1255708
0.04 2 361 191.8898810 219.0000000 0.1237905
0.04 3 362 192.5515873 219.0000000 0.1207690
0.04 4 320 193.0114234 219.0000000 0.1186693
0.04 5 304 193.5514811 219.0000000 0.1162033
0.05 6 331 194.0670203 219.0000000 0.1138492
0.05 7 279 194.7203063 219.0000000 0.1108662
0.05 8 277 195.2159020 219.0000000 0.1086032
0.05 9 251 195.8254269 219.0000000 0.1058200
0.05 10 249 196.1757350 219.0000000 0.1042204
0.05 11 205 196.5659817 219.0000000 0.1024384
0.05 12 232 196.8486208 219.0000000 0.1011479
0.05 13 236 197.2043556 219.0000000 0.0995235
0.06 14 239 197.4515554 219.0000000 0.0983947
0.06 15 211 197.6554600 219.0000000 0.0974637
0.07 16 222 197.9134002 219.0000000 0.0962858
0.06 17 182 198.0660874 219.0000000 0.0955886
0.07 18 206 198.1909714 219.0000000 0.0950184
0.08 19 215 198.3236293 219.0000000 0.0944127
0.07 20 208 198.4588445 219.0000000 0.0937952
0.07 21 178 198.5498480 219.0000000 0.0933797
0.07 22 179 198.7029405 219.0000000 0.0926806
0.06 23 179 198.8023938 219.0000000 0.0922265
0.08 24 203 198.8736062 219.0000000 0.0919013
0.07 25 147 198.9740713 219.0000000 0.0914426
0.06 26 114 199.0511265 219.0000000 0.0910907
0.08 27 159 199.1131308 219.0000000 0.0908076
0.06 28 94 199.1623206 219.0000000 0.0905830
0.06 29 132 199.1868424 219.0000000 0.0904710
0.07 30 117 199.2211244 219.0000000 0.0903145
0.07 31 130 199.2719895 219.0000000 0.0900822
0.06 32 105 199.3227182 219.0000000 0.0898506
0.07 33 126 199.3978325 219.0000000 0.0895076
0.07 34 129 199.4773286 219.0000000 0.0891446
0.08 35 125 199.5303179 219.0000000 0.0889027
0.06 36 107 199.5899585 219.0000000 0.0886303
0.07 37 107 199.6429895 219.0000000 0.0883882
0.08 38 108 199.7150643 219.0000000 0.0880591
0.08 39 103 199.7759740 219.0000000 0.0877809
0.09 40 108 199.8395903 219.0000000 0.0874905
0.09 41 124 199.8927383 219.0000000 0.0872478
0.07 42 86 199.9157008 219.0000000 0.0871429
0.06 43 92 199.9428285 219.0000000 0.0870190
0.06 44 93 199.9818944 219.0000000 0.0868407
0.06 45 80 200.0019955 219.0000000 0.0867489
0.07 46 80 200.0342889 219.0000000 0.0866014
0.07 47 77 200.0435938 219.0000000 0.0865589
0.08 48 73 200.0850468 219.0000000 0.0863696
0.07 49 84 200.1003767 219.0000000 0.0862996
0.07 50 80 200.1267065 219.0000000 0.0861794
0.08 51 90 200.1678532 219.0000000 0.0859915
0.09 52 96 200.2259483 219.0000000 0.0857263
0.09 53 94 200.2772449 219.0000000 0.0854920
0.10 54 122 200.2993526 219.0000000 0.0853911
0.08 55 77 200.3283777 219.0000000 0.0852585
0.07 56 65 200.3586092 219.0000000 0.0851205
0.10 57 98 200.3820985 219.0000000 0.0850132
0.07 58 60 200.4102199 219.0000000 0.0848848
0.07 59 81 200.4412970 219.0000000 0.0847429
0.07 60 83 200.4665061 219.0000000 0.0846278
0.06 61 68 200.4740479 219.0000000 0.0845934
0.08 62 69 200.4893866 219.0000000 0.0845233
0.09 63 80 200.5009781 219.0000000 0.0844704
0.07 64 66 200.5138518 219.0000000 0.0844116
0.08 65 88 200.5309522 219.0000000 0.0843336
0.08 66 63 200.5455526 219.0000000 0.0842669
0.08 67 66 200.5637566 219.0000000 0.0841838
0.09 68 77 200.5877799 219.0000000 0.0840741
0.11 69 82 200.6147637 219.0000000 0.0839509
0.09 70 64 200.6299298 219.0000000 0.0838816
0.12 71 64 200.6520630 219.0000000 0.0837805
0.11 72 80 200.6732097 219.0000000 0.0836840
0.14 73 83 200.6906752 219.0000000 0.0836042
0.07 74 90 200.7120025 219.0000000 0.0835068
0.13 75 71 200.7464251 219.0000000 0.0833497
0.13 76 89 200.7755031 219.0000000 0.0832169
0.13 77 59 200.7966202 219.0000000 0.0831205
0.12 78 70 200.8118547 219.0000000 0.0830509
0.10 79 62 200.8178814 219.0000000 0.0830234
0.09 80 64 200.8363781 219.0000000 0.0829389
0.10 81 50 200.8448471 219.0000000 0.0829002
0.08 82 43 200.8539481 219.0000000 0.0828587
0.11 83 60 200.8598463 219.0000000 0.0828318
0.06 84 37 200.8665839 219.0000000 0.0828010
0.11 85 59 200.8755978 219.0000000 0.0827598
0.09 86 44 200.8814924 219.0000000 0.0827329
0.08 87 48 200.8922590 219.0000000 0.0826837
0.10 88 70 200.9081756 219.0000000 0.0826111
