6.38 0 0 28.0278153 107.0000000 0.7380578
0.02 1 162 29.3196324 107.0000000 0.7259847
0.02 2 207 30.2426184 107.0000000 0.7173587
0.03 3 269 31.5929630 107.0000000 0.7047387
0.04 4 305 32.3263207 107.0000000 0.6978849
0.05 5 318 32.8742862 107.0000000 0.6927637
0.06 6 350 33.2483542 107.0000000 0.6892677
0.06 7 310 33.9395960 107.0000000 0.6828075
0.07 8 374 34.7865928 107.0000000 0.6748917
0.08 9 353 35.2920164 107.0000000 0.6701681
0.09 10 364 35.9126491 107.0000000 0.6643678
0.10 11 364 36.4927892 107.0000000 0.6589459
0.10 12 368 37.0627335 107.0000000 0.6536193
0.14 13 430 37.6853895 107.0000000 0.6478001
0.13 14 362 38.2486048 107.0000000 0.6425364
0.17 15 406 38.9290009 107.0000000 0.6361776
0.17 16 386 39.4147799 107.0000000 0.6316376
0.17 17 346 40.0096338 107.0000000 0.6260782
0.20 18 399 40.5754811 107.0000000 0.6207899
0.20 19 369 41.2157179 107.0000000 0.6148064
0.22 20 362 41.8102598 107.0000000 0.6092499
0.23 21 351 42.5130474 107.0000000 0.6026818
0.21 22 329 43.0285760 107.0000000 0.5978638
0.25 23 373 43.6787882 107.0000000 0.5917870
0.26 24 331 44.1560170 107.0000000 0.5873269
0.27 25 359 44.6863141 107.0000000 0.5823709
0.29 26 327 45.3695248 107.0000000 0.5759857
0.29 27 336 45.9743149 107.0000000 0.5703335
0.32 28 282 46.4351680 107.0000000 0.5660265
0.32 29 284 46.9108462 107.0000000 0.5615809
0.31 30 294 47.4318959 107.0000000 0.5567113
0.33 31 274 47.9557452 107.0000000 0.5518155
0.31 32 267 48.5583505 107.0000000 0.5461836
0.36 33 275 49.0811299 107.0000000 0.5412979
0.29 34 239 49.4779247 107.0000000 0.5375895
0.32 35 258 49.7863684 107.0000000 0.5347068
0.34 36 247 50.1657028 107.0000000 0.5311617
0.35 37 260 50.5615838 107.0000000 0.5274618
0.34 38 269 50.8450809 107.0000000 0.5248123
0.32 39 227 51.1513202 107.0000000 0.5219503
0.41 40 253 51.5051726 107.0000000 0.5186432
0.40 41 217 51.7911482 107.0000000 0.5159706
0.38 42 233 52.0921277 107.0000000 0.5131577
0.46 43 250 52.4141200 107.0000000 0.5101484
0.46 44 225 52.6919742 107.0000000 0.5075516
0.33 45 195 52.9842055 107.0000000 0.5048205
0.45 46 182 53.2106992 107.0000000 0.5027037
0.50 47 197 53.4369662 107.0000000 0.5005891
0.52 48 209 53.7591401 107.0000000 0.4975781
0.48 49 212 54.0584164 107.0000000 0.4947812
0.50 50 230 54.3439770 107.0000000 0.4921124
0.44 51 233 54.5500840 107.0000000 0.4901861
0.45 52 196 54.8485333 107.0000000 0.4873969
0.45 53 200 55.0992968 107.0000000 0.4850533
0.49 54 186 55.3100438 107.0000000 0.4830837
0.49 55 178 55.5415631 107.0000000 0.4809200
0.49 56 191 55.6899816 107.0000000 0.4795329
0.50 57 155 55.8827139 107.0000000 0.4777316
0.46 58 141 56.0306319 107.0000000 0.4763492
0.45 59 146 56.2661630 107.0000000 0.4741480
0.51 60 156 56.4536978 107.0000000 0.4723953
0.50 61 134 56.5889977 107.0000000 0.4711309
