6.67 0 0 62.2007703 157.0000000 0.6038167
0.02 1 151 63.9644453 157.0000000 0.5925832
0.02 2 208 65.1609138 157.0000000 0.5849623
0.03 3 231 66.3774786 157.0000000 0.5772135
0.03 4 276 67.4086071 157.0000000 0.5706458
0.04 5 300 68.5550726 157.0000000 0.5633435
0.05 6 305 69.4522985 157.0000000 0.5576287
0.06 7 344 70.6283747 157.0000000 0.5501377
0.07 8 393 71.5381238 157.0000000 0.5443432
0.07 9 360 72.4498035 157.0000000 0.5385363
0.08 10 352 73.1807242 157.0000000 0.5338807
0.10 11 405 73.9360655 157.0000000 0.5290696
0.11 12 363 74.6355508 157.0000000 0.5246143
0.12 13 397 75.4093824 157.0000000 0.5196855
0.13 14 402 76.0580820 157.0000000 0.5155536
0.14 15 379 76.8734411 157.0000000 0.5103602
0.14 16 336 77.5504718 157.0000000 0.5060480
0.15 17 347 78.0947070 157.0000000 0.5025815
0.16 18 351 79.0921677 157.0000000 0.4962282
0.17 19 344 79.6972756 157.0000000 0.4923740
0.16 20 287 80.2708842 157.0000000 0.4887205
0.18 21 304 80.8993781 157.0000000 0.4847173
0.20 22 318 81.4217344 157.0000000 0.4813902
0.20 23 320 81.9124115 157.0000000 0.4782649
0.23 24 321 82.5213768 157.0000000 0.4743861
0.22 25 304 83.1556477 157.0000000 0.4703462
0.23 26 334 83.7757629 157.0000000 0.4663964
0.22 27 294 84.2088385 157.0000000 0.4636380
0.26 28 290 84.7279788 157.0000000 0.4603313
0.27 29 294 85.4127810 157.0000000 0.4559695
0.25 30 274 86.0058705 157.0000000 0.4521919
0.26 31 268 86.3854850 157.0000000 0.4497740
0.26 32 292 86.7703854 157.0000000 0.4473224
0.27 33 244 87.2375826 157.0000000 0.4443466
0.30 34 285 87.6269435 157.0000000 0.4418666
0.26 35 251 88.0570099 157.0000000 0.4391273
0.30 36 256 88.4045187 157.0000000 0.4369139
0.30 37 250 88.7500053 157.0000000 0.4347133
0.27 38 201 89.0588399 157.0000000 0.4327462
0.32 39 214 89.4411170 157.0000000 0.4303114
0.30 40 179 89.7758308 157.0000000 0.4281794
0.32 41 206 90.1595553 157.0000000 0.4257353
0.35 42 207 90.4505752 157.0000000 0.4238817
0.36 43 192 90.9080202 157.0000000 0.4209680
0.34 44 173 91.2577297 157.0000000 0.4187406
0.35 45 241 91.5100387 157.0000000 0.4171335
0.34 46 191 91.7386380 157.0000000 0.4156775
0.36 47 196 92.0500563 157.0000000 0.4136939
0.38 48 206 92.3978480 157.0000000 0.4114787
0.35 49 202 92.6914065 157.0000000 0.4096089
0.38 50 172 92.9822285 157.0000000 0.4077565
0.38 51 175 93.2775600 157.0000000 0.4058754
0.36 52 194 93.5533559 157.0000000 0.4041188
0.43 53 187 93.8887220 157.0000000 0.4019827
0.42 54 176 94.1583697 157.0000000 0.4002652
0.44 55 169 94.4523249 157.0000000 0.3983928
0.38 56 179 94.7908962 157.0000000 0.3962363
0.41 57 160 95.0688541 157.0000000 0.3944659
0.40 58 162 95.2894755 157.0000000 0.3930607
0.40 59 176 95.5512338 157.0000000 0.3913934
0.43 60 155 95.8041469 157.0000000 0.3897825
0.42 61 161 96.0896380 157.0000000 0.3879641
0.39 62 146 96.3361728 157.0000000 0.3863938
0.49 63 167 96.5557508 157.0000000 0.3849952
0.45 64 140 96.7895113 157.0000000 0.3835063
0.52 65 157 97.0316034 157.0000000 0.3819643
