4.28 0 0 0.0000000 111.0000000 1.0000000
0.04 1 298 0.0000000 111.0000000 1.0000000
0.05 2 367 0.0000000 111.0000000 1.0000000
0.07 3 430 0.0000000 111.0000000 1.0000000
0.07 4 438 0.0000000 111.0000000 1.0000000
0.09 5 455 0.0000000 111.0000000 1.0000000
0.10 6 462 0.0000000 111.0000000 1.0000000
0.11 7 432 0.0000000 111.0000000 1.0000000
0.12 8 445 0.0000000 111.0000000 1.0000000
0.13 9 429 0.0000000 111.0000000 1.0000000
0.13 10 404 0.0000000 111.0000000 1.0000000
0.14 11 398 0.0000000 111.0000000 1.0000000
0.14 12 406 0.0000000 111.0000000 1.0000000
0.16 13 434 0.0000000 111.0000000 1.0000000
0.17 14 432 0.0000000 111.0000000 1.0000000
0.18 15 433 0.0000000 111.0000000 1.0000000
0.20 16 433 0.0000000 111.0000000 1.0000000
0.20 17 419 0.0000000 111.0000000 1.0000000
0.21 18 407 0.0000000 111.0000000 1.0000000
0.22 19 428 0.0000000 111.0000000 1.0000000
0.24 20 434 0.0000000 111.0000000 1.0000000
0.24 21 401 0.0000000 111.0000000 1.0000000
0.25 22 430 0.0000000 111.0000000 1.0000000
0.26 23 426 0.0000000 111.0000000 1.0000000
0.28 24 439 0.0000000 111.0000000 1.0000000
0.27 25 382 0.0000000 111.0000000 1.0000000
0.28 26 407 0.0000000 111.0000000 1.0000000
0.30 27 425 0.0000000 111.0000000 1.0000000
0.33 28 416 0.0000000 111.0000000 1.0000000
0.32 29 379 0.0000000 111.0000000 1.0000000
0.34 30 410 0.0000000 111.0000000 1.0000000
0.35 31 412 0.0000000 111.0000000 1.0000000
0.37 32 439 0.0000000 111.0000000 1.0000000
0.41 33 456 0.0000000 111.0000000 1.0000000
