3.25 0 0 6.0000000 18.0000000 0.6666667
0.03 1 328 6.0000000 18.0000000 0.6666667
0.04 2 367 6.0000000 18.0000000 0.6666667
0.05 3 401 6.0000000 18.0000000 0.6666667
0.05 4 391 6.0222222 18.0000000 0.6654321
0.07 5 427 6.0909091 18.0000000 0.6616162
0.07 6 417 6.1423611 18.0000000 0.6587577
0.08 7 436 6.2146520 18.0000000 0.6547416
0.10 8 451 6.2870136 18.0000000 0.6507215
0.10 9 421 6.4012533 18.0000000 0.6443748
0.12 10 465 6.6571777 18.0000000 0.6301568
0.11 11 416 6.9832918 18.0000000 0.6120393
0.13 12 435 7.1951115 18.0000000 0.6002716
0.14 13 454 7.4690601 18.0000000 0.5850522
0.15 14 439 7.6776819 18.0000000 0.5734621
0.16 15 431 7.8983384 18.0000000 0.5612034
0.18 16 449 7.9961330 18.0000000 0.5557704
0.18 17 464 8.0825399 18.0000000 0.5509700
0.17 18 397 8.1632223 18.0000000 0.5464877
0.18 19 374 8.2397750 18.0000000 0.5422347
0.20 20 386 8.3760814 18.0000000 0.5346621
0.22 21 396 8.4603344 18.0000000 0.5299814
0.22 22 371 8.5636915 18.0000000 0.5242394
0.22 23 369 8.6787793 18.0000000 0.5178456
0.22 24 357 8.7503335 18.0000000 0.5138704
0.26 25 415 8.8521635 18.0000000 0.5082131
0.25 26 356 8.9471295 18.0000000 0.5029372
0.29 27 370 9.0551302 18.0000000 0.4969372
0.29 28 376 9.1572528 18.0000000 0.4912637
0.23 29 309 9.2521874 18.0000000 0.4859896
0.27 30 320 9.4104877 18.0000000 0.4771951
0.22 31 298 9.4987788 18.0000000 0.4722901
0.28 32 273 9.6098213 18.0000000 0.4661210
0.31 33 322 9.6821486 18.0000000 0.4621029
