1.99 0 0 9.4083295 29.0000000 0.6755748
0.02 1 210 9.4083295 29.0000000 0.6755748
0.03 2 263 9.4317409 29.0000000 0.6747676
0.03 3 298 9.4536399 29.0000000 0.6740124
0.03 4 295 9.4798589 29.0000000 0.6731083
0.04 5 282 9.5235400 29.0000000 0.6716021
0.03 6 252 9.5950503 29.0000000 0.6691362
0.04 7 270 9.7367008 29.0000000 0.6642517
0.05 8 303 9.9873292 29.0000000 0.6556093
0.06 9 326 10.2418894 29.0000000 0.6468314
0.06 10 316 10.6811871 29.0000000 0.6316832
0.07 11 346 10.9379731 29.0000000 0.6228285
0.09 12 354 11.1771582 29.0000000 0.6145808
0.09 13 339 11.4733457 29.0000000 0.6043674
0.10 14 343 11.6771485 29.0000000 0.5973397
0.10 15 324 11.8540874 29.0000000 0.5912384
0.13 16 363 12.1694126 29.0000000 0.5803651
0.13 17 359 12.4136509 29.0000000 0.5719431
0.14 18 347 12.6770245 29.0000000 0.5628612
0.14 19 340 12.9503897 29.0000000 0.5534348
0.17 20 375 13.1629016 29.0000000 0.5461068
0.16 21 302 13.4514223 29.0000000 0.5361579
0.16 22 324 13.6600660 29.0000000 0.5289632
0.17 23 300 13.8536744 29.0000000 0.5222871
0.16 24 267 14.0180225 29.0000000 0.5166199
0.18 25 286 14.1930123 29.0000000 0.5105858
0.19 26 297 14.3466062 29.0000000 0.5052894
0.20 27 275 14.5650685 29.0000000 0.4977563
0.21 28 284 14.6949578 29.0000000 0.4932773
0.22 29 274 14.8760357 29.0000000 0.4870333
0.20 30 248 15.0024772 29.0000000 0.4826732
0.23 31 260 15.1020417 29.0000000 0.4792399
0.21 32 233 15.2129893 29.0000000 0.4754142
0.24 33 217 15.3123628 29.0000000 0.4719875
0.21 34 219 15.3908929 29.0000000 0.4692796
0.21 35 180 15.4575727 29.0000000 0.4669803
0.22 36 196 15.5409717 29.0000000 0.4641044
0.23 37 237 15.6202056 29.0000000 0.4613722
0.20 38 198 15.6845878 29.0000000 0.4591521
0.21 39 202 15.7455712 29.0000000 0.4570493
0.25 40 201 15.8026657 29.0000000 0.4550805
0.30 41 192 15.8590183 29.0000000 0.4531373
0.26 42 203 15.9227039 29.0000000 0.4509412
0.28 43 175 15.9911814 29.0000000 0.4485800
0.24 44 185 16.0514928 29.0000000 0.4465002
0.25 45 161 16.1003776 29.0000000 0.4448146
0.27 46 180 16.1528610 29.0000000 0.4430048
0.29 47 178 16.2210570 29.0000000 0.4406532
0.28 48 168 16.2748513 29.0000000 0.4387982
0.30 49 177 16.3296341 29.0000000 0.4369092
0.30 50 159 16.3849093 29.0000000 0.4350031
0.25 51 138 16.4148608 29.0000000 0.4339703
0.33 52 144 16.4652179 29.0000000 0.4322339
0.25 53 139 16.5023398 29.0000000 0.4309538
0.27 54 147 16.5483276 29.0000000 0.4293680
0.31 55 144 16.6075285 29.0000000 0.4273266
0.29 56 156 16.6368948 29.0000000 0.4263140
0.32 57 141 16.6807637 29.0000000 0.4248013
0.36 58 161 16.7284547 29.0000000 0.4231567
0.31 59 138 16.7622719 29.0000000 0.4219906
0.36 60 152 16.7982824 29.0000000 0.4207489
0.32 61 128 16.8337044 29.0000000 0.4195274
0.43 62 139 16.8663995 29.0000000 0.4184000
0.32 63 144 16.8901617 29.0000000 0.4175806
0.42 64 131 16.9175982 29.0000000 0.4166345
0.40 65 144 16.9533524 29.0000000 0.4154016
0.41 66 142 16.9853738 29.0000000 0.4142975
0.44 67 130 17.0167754 29.0000000 0.4132146
0.44 68 133 17.0495541 29.0000000 0.4120843
0.42 69 128 17.0876632 29.0000000 0.4107702
0.45 70 137 17.1213931 29.0000000 0.4096071
0.37 71 143 17.1469820 29.0000000 0.4087248
0.46 72 138 17.1751657 29.0000000 0.4077529
0.47 73 140 17.2022348 29.0000000 0.4068195
0.43 74 128 17.2402440 29.0000000 0.4055088
0.38 75 122 17.2596603 29.0000000 0.4048393
0.46 76 114 17.2878906 29.0000000 0.4038658
0.51 77 142 17.3197282 29.0000000 0.4027680
0.50 78 122 17.3442529 29.0000000 0.4019223
