0.89 0 0 240.0000000 240.0000000 0.0000000
0.01 1 227 240.0000000 240.0000000 0.0000000
0.02 2 219 240.0000000 240.0000000 0.0000000
0.02 3 224 240.0000000 240.0000000 0.0000000
0.02 4 247 240.0000000 240.0000000 0.0000000
0.03 5 255 240.0000000 240.0000000 0.0000000
0.03 6 241 240.0000000 240.0000000 0.0000000
0.03 7 262 240.0000000 240.0000000 0.0000000
0.03 8 252 240.0000000 240.0000000 0.0000000
0.03 9 228 240.0000000 240.0000000 0.0000000
0.04 10 233 240.0000000 240.0000000 0.0000000
0.04 11 260 240.0000000 240.0000000 0.0000000
0.05 12 252 240.0000000 240.0000000 0.0000000
0.05 13 256 240.0000000 240.0000000 0.0000000
0.05 14 246 240.0000000 240.0000000 0.0000000
0.05 15 222 240.0000000 240.0000000 0.0000000
0.06 16 239 240.0000000 240.0000000 0.0000000
0.05 17 237 240.0000000 240.0000000 0.0000000
0.06 18 249 240.0000000 240.0000000 0.0000000
0.05 19 224 240.0000000 240.0000000 0.0000000
0.06 20 223 240.0000000 240.0000000 0.0000000
0.06 21 242 240.0000000 240.0000000 0.0000000
0.07 22 240 240.0000000 240.0000000 0.0000000
0.08 23 247 240.0000000 240.0000000 0.0000000
0.08 24 244 240.0000000 240.0000000 0.0000000
0.09 25 249 240.0000000 240.0000000 0.0000000
0.09 26 245 240.0000000 240.0000000 0.0000000
0.09 27 228 240.0000000 240.0000000 0.0000000
0.08 28 236 240.0000000 240.0000000 0.0000000
0.10 29 235 240.0000000 240.0000000 0.0000000
0.09 30 233 240.0000000 240.0000000 0.0000000
0.10 31 230 240.0000000 240.0000000 0.0000000
0.10 32 242 240.0000000 240.0000000 0.0000000
0.12 33 229 240.0000000 240.0000000 0.0000000
0.12 34 220 240.0000000 240.0000000 0.0000000
0.13 35 237 240.0000000 240.0000000 0.0000000
0.12 36 208 240.0000000 240.0000000 0.0000000
0.12 37 230 240.0000000 240.0000000 0.0000000
0.14 38 235 240.0000000 240.0000000 0.0000000
0.12 39 218 240.0000000 240.0000000 0.0000000
0.13 40 219 240.0000000 240.0000000 0.0000000
0.13 41 223 240.0000000 240.0000000 0.0000000
0.14 42 197 240.0000000 240.0000000 0.0000000
0.12 43 174 240.0000000 240.0000000 0.0000000
0.15 44 202 240.0000000 240.0000000 0.0000000
0.14 45 179 240.0000000 240.0000000 0.0000000
0.13 46 167 240.0000000 240.0000000 0.0000000
0.12 47 197 240.0000000 240.0000000 0.0000000
0.12 48 173 240.0000000 240.0000000 0.0000000
0.11 49 151 240.0000000 240.0000000 0.0000000
0.10 50 149 240.0000000 240.0000000 0.0000000
0.13 51 171 240.0000000 240.0000000 0.0000000
0.13 52 145 240.0000000 240.0000000 0.0000000
0.15 53 169 240.0000000 240.0000000 0.0000000
0.13 54 159 240.0000000 240.0000000 0.0000000
0.11 55 115 240.0000000 240.0000000 0.0000000
0.11 56 147 240.0000000 240.0000000 0.0000000
0.15 57 148 240.0000000 240.0000000 0.0000000
0.13 58 148 240.0000000 240.0000000 0.0000000
0.13 59 131 240.0000000 240.0000000 0.0000000
0.16 60 161 240.0000000 240.0000000 0.0000000
0.12 61 157 240.0000000 240.0000000 0.0000000
