0.81 0 0 277.7500000 303.0000000 0.0833333
0.02 1 260 278.3333333 303.0000000 0.0814081
0.02 2 279 278.8333333 303.0000000 0.0797580
0.02 3 291 279.1666667 303.0000000 0.0786579
0.03 4 305 279.5000000 303.0000000 0.0775578
0.03 5 301 279.6315659 303.0000000 0.0771235
0.03 6 301 280.1466211 303.0000000 0.0754237
0.04 7 299 280.6250000 303.0000000 0.0738449
0.04 8 319 280.9122222 303.0000000 0.0728970
0.05 9 342 281.1825397 303.0000000 0.0720048
0.05 10 327 281.3160714 303.0000000 0.0715641
0.05 11 344 281.3643869 303.0000000 0.0714047
0.05 12 267 281.4330177 303.0000000 0.0711782
0.05 13 291 281.5718190 303.0000000 0.0707201
0.05 14 264 281.8461397 303.0000000 0.0698147
0.06 15 277 282.0818774 303.0000000 0.0690367
0.05 16 275 282.3348307 303.0000000 0.0682019
0.06 17 266 282.4355766 303.0000000 0.0678694
0.07 18 296 282.6863586 303.0000000 0.0670417
0.07 19 289 283.0062048 303.0000000 0.0659861
0.08 20 307 283.2536277 303.0000000 0.0651695
0.08 21 292 283.4356794 303.0000000 0.0645687
0.09 22 311 283.6750611 303.0000000 0.0637787
0.09 23 305 283.8633490 303.0000000 0.0631573
0.08 24 279 284.0478706 303.0000000 0.0625483
0.12 25 349 284.3125260 303.0000000 0.0616748
0.11 26 321 284.5770190 303.0000000 0.0608019
0.12 27 335 284.8744245 303.0000000 0.0598204
0.13 28 345 285.0408932 303.0000000 0.0592710
0.15 29 344 285.3154942 303.0000000 0.0583647
0.13 30 313 285.5614934 303.0000000 0.0575528
0.15 31 342 285.7544415 303.0000000 0.0569160
0.17 32 367 285.9929459 303.0000000 0.0561289
0.15 33 315 286.2342008 303.0000000 0.0553327
0.19 34 381 286.5096973 303.0000000 0.0544234
0.23 35 389 286.7477260 303.0000000 0.0536379
0.20 36 346 287.0438936 303.0000000 0.0526604
0.25 37 386 287.3098305 303.0000000 0.0517827
0.24 38 374 287.6102727 303.0000000 0.0507912
0.22 39 339 287.8889713 303.0000000 0.0498714
0.21 40 340 288.1458713 303.0000000 0.0490235
0.25 41 365 288.3779302 303.0000000 0.0482577
0.19 42 344 288.6679792 303.0000000 0.0473004
0.23 43 343 288.8859654 303.0000000 0.0465810
0.33 44 393 289.0922351 303.0000000 0.0459002
0.30 45 364 289.3044623 303.0000000 0.0451998
0.31 46 399 289.5476375 303.0000000 0.0443972
0.30 47 347 289.7619518 303.0000000 0.0436899
0.28 48 349 289.9234079 303.0000000 0.0431571
0.30 49 352 290.0996217 303.0000000 0.0425755
0.32 50 340 290.3041625 303.0000000 0.0419005
0.34 51 342 290.4560536 303.0000000 0.0413992
0.26 52 317 290.6358047 303.0000000 0.0408059
0.45 53 365 290.8681396 303.0000000 0.0400391
0.36 54 346 291.0357589 303.0000000 0.0394859
0.35 55 326 291.1969633 303.0000000 0.0389539
0.36 56 348 291.3710687 303.0000000 0.0383793
0.38 57 334 291.5682994 303.0000000 0.0377284
0.43 58 339 291.7719795 303.0000000 0.0370562
0.31 59 294 291.9238719 303.0000000 0.0365549
0.40 60 309 292.0926394 303.0000000 0.0359979
