0.76 0 0 235.0000000 240.0000000 0.0208333
0.01 1 205 235.0000000 240.0000000 0.0208333
0.02 2 239 235.0000000 240.0000000 0.0208333
0.02 3 262 235.0000000 240.0000000 0.0208333
0.02 4 264 235.0000000 240.0000000 0.0208333
0.03 5 250 235.0000000 240.0000000 0.0208333
0.03 6 283 235.0000000 240.0000000 0.0208333
0.04 7 283 235.0000000 240.0000000 0.0208333
0.03 8 277 235.0000000 240.0000000 0.0208333
0.04 9 306 235.0000000 240.0000000 0.0208333
0.05 10 292 235.0000000 240.0000000 0.0208333
0.04 11 255 235.0000000 240.0000000 0.0208333
0.05 12 279 235.0580808 240.0000000 0.0205913
0.05 13 259 235.0758242 240.0000000 0.0205174
0.05 14 280 235.1798387 240.0000000 0.0200840
0.06 15 269 235.2012642 240.0000000 0.0199947
0.06 16 261 235.2446122 240.0000000 0.0198141
0.05 17 257 235.3095008 240.0000000 0.0195437
0.05 18 233 235.3790680 240.0000000 0.0192539
0.06 19 247 235.4333701 240.0000000 0.0190276
0.05 20 223 235.4751458 240.0000000 0.0188536
0.06 21 254 235.5221136 240.0000000 0.0186579
0.06 22 203 235.5974123 240.0000000 0.0183441
0.07 23 248 235.6931991 240.0000000 0.0179450
0.08 24 262 235.7529401 240.0000000 0.0176961
0.08 25 256 235.8568818 240.0000000 0.0172630
0.08 26 252 235.8992234 240.0000000 0.0170866
0.09 27 268 235.9487007 240.0000000 0.0168804
0.10 28 260 236.0545137 240.0000000 0.0164395
0.10 29 258 236.1898325 240.0000000 0.0158757
0.10 30 257 236.2122930 240.0000000 0.0157821
0.12 31 262 236.2683077 240.0000000 0.0155487
0.11 32 252 236.3201930 240.0000000 0.0153325
0.11 33 274 236.3890143 240.0000000 0.0150458
0.12 34 286 236.4581968 240.0000000 0.0147575
0.12 35 254 236.6171838 240.0000000 0.0140951
0.12 36 266 236.6458227 240.0000000 0.0139757
0.13 37 270 236.6868963 240.0000000 0.0138046
0.16 38 280 236.7497516 240.0000000 0.0135427
0.15 39 262 236.8511250 240.0000000 0.0131203
0.17 40 295 236.9140839 240.0000000 0.0128580
0.16 41 276 236.9581061 240.0000000 0.0126746
0.17 42 280 237.0316043 240.0000000 0.0123683
0.19 43 278 237.1160097 240.0000000 0.0120166
0.19 44 253 237.2165659 240.0000000 0.0115976
0.17 45 252 237.3251450 240.0000000 0.0111452
0.19 46 275 237.3479836 240.0000000 0.0110501
0.20 47 269 237.3988999 240.0000000 0.0108379
0.22 48 270 237.4151960 240.0000000 0.0107700
0.20 49 254 237.4401891 240.0000000 0.0106659
0.20 50 249 237.4707334 240.0000000 0.0105386
0.21 51 231 237.4982235 240.0000000 0.0104241
0.19 52 251 237.5184834 240.0000000 0.0103397
