5.06 0 0 56.0000000 119.0000000 0.5294118
0.03 1 255 56.0000000 119.0000000 0.5294118
0.05 2 344 56.0000000 119.0000000 0.5294118
0.06 3 366 56.0000000 119.0000000 0.5294118
0.07 4 366 56.0000000 119.0000000 0.5294118
0.08 5 403 56.0000000 119.0000000 0.5294118
0.08 6 374 56.0000000 119.0000000 0.5294118
0.09 7 395 56.0000000 119.0000000 0.5294118
0.10 8 356 56.0000000 119.0000000 0.5294118
0.09 9 363 56.0000000 119.0000000 0.5294118
0.10 10 346 56.0000000 119.0000000 0.5294118
0.11 11 325 56.0000000 119.0000000 0.5294118
0.12 12 346 56.0000000 119.0000000 0.5294118
0.12 13 344 56.0000000 119.0000000 0.5294118
0.12 14 343 56.0000000 119.0000000 0.5294118
0.14 15 348 56.0000000 119.0000000 0.5294118
0.14 16 342 56.0000000 119.0000000 0.5294118
0.16 17 366 56.0000000 119.0000000 0.5294118
0.15 18 337 56.0000000 119.0000000 0.5294118
0.16 19 307 56.0000000 119.0000000 0.5294118
0.17 20 347 56.0000000 119.0000000 0.5294118
0.17 21 335 56.0000000 119.0000000 0.5294118
0.17 22 339 56.0000000 119.0000000 0.5294118
0.19 23 333 56.0000000 119.0000000 0.5294118
0.19 24 334 56.0000000 119.0000000 0.5294118
0.20 25 341 56.0000000 119.0000000 0.5294118
0.20 26 334 56.0000000 119.0000000 0.5294118
0.18 27 288 56.0000000 119.0000000 0.5294118
0.21 28 312 56.0000000 119.0000000 0.5294118
0.22 29 348 56.0000000 119.0000000 0.5294118
0.22 30 312 56.0000000 119.0000000 0.5294118
0.23 31 274 56.0000000 119.0000000 0.5294118
0.23 32 310 56.0000000 119.0000000 0.5294118
0.24 33 298 56.0000000 119.0000000 0.5294118
0.22 34 257 56.0000000 119.0000000 0.5294118
0.24 35 313 56.0000000 119.0000000 0.5294118
0.27 36 280 56.0000000 119.0000000 0.5294118
0.24 37 254 56.0000000 119.0000000 0.5294118
0.26 38 259 56.0000000 119.0000000 0.5294118
0.25 39 285 56.0000000 119.0000000 0.5294118
0.27 40 305 56.0000000 119.0000000 0.5294118
0.26 41 270 56.0000000 119.0000000 0.5294118
0.26 42 243 56.0000000 119.0000000 0.5294118
0.27 43 256 56.0000000 119.0000000 0.5294118
0.28 44 239 56.0000000 119.0000000 0.5294118
0.26 45 246 56.0000000 119.0000000 0.5294118
0.27 46 223 56.0000000 119.0000000 0.5294118
