4.34 0 0 31.0000000 78.0000000 0.6025641
0.03 1 285 31.0000000 78.0000000 0.6025641
0.05 2 357 31.0000000 78.0000000 0.6025641
0.06 3 383 31.0000000 78.0000000 0.6025641
0.07 4 440 31.0000000 78.0000000 0.6025641
0.08 5 444 31.0000000 78.0000000 0.6025641
0.09 6 417 31.0000000 78.0000000 0.6025641
0.10 7 432 31.0000000 78.0000000 0.6025641
0.11 8 437 31.0000000 78.0000000 0.6025641
0.13 9 515 31.0000000 78.0000000 0.6025641
0.13 10 444 31.0000000 78.0000000 0.6025641
0.15 11 441 31.0000000 78.0000000 0.6025641
0.16 12 459 31.0000000 78.0000000 0.6025641
0.17 13 436 31.0000000 78.0000000 0.6025641
0.18 14 435 31.0000000 78.0000000 0.6025641
0.19 15 465 31.0000000 78.0000000 0.6025641
0.21 16 440 31.0000000 78.0000000 0.6025641
0.23 17 464 31.0000000 78.0000000 0.6025641
0.24 18 464 31.0000000 78.0000000 0.6025641
0.26 19 440 31.0000000 78.0000000 0.6025641
0.27 20 489 31.0000000 78.0000000 0.6025641
0.28 21 448 31.0000000 78.0000000 0.6025641
0.28 22 458 31.0000000 78.0000000 0.6025641
0.31 23 466 31.0000000 78.0000000 0.6025641
0.32 24 432 31.0000000 78.0000000 0.6025641
0.38 25 476 31.0000000 78.0000000 0.6025641
0.37 26 458 31.0000000 78.0000000 0.6025641
0.42 27 466 31.0000000 78.0000000 0.6025641
0.42 28 445 31.0000000 78.0000000 0.6025641
0.38 29 423 31.0000000 78.0000000 0.6025641
