1.00 0 0 233.0000000 237.0000000 0.0168776
0.01 1 215 233.0000000 237.0000000 0.0168776
0.02 2 253 233.0000000 237.0000000 0.0168776
0.03 3 294 233.0000000 237.0000000 0.0168776
0.03 4 287 233.0000000 237.0000000 0.0168776
0.03 5 298 233.0000000 237.0000000 0.0168776
0.04 6 301 233.0000000 237.0000000 0.0168776
0.04 7 324 233.0000000 237.0000000 0.0168776
0.05 8 315 233.0000000 237.0000000 0.0168776
0.05 9 311 233.0000000 237.0000000 0.0168776
0.05 10 302 233.0000000 237.0000000 0.0168776
0.06 11 307 233.0000000 237.0000000 0.0168776
0.06 12 299 233.0000000 237.0000000 0.0168776
0.06 13 309 233.0000000 237.0000000 0.0168776
0.07 14 325 233.0000000 237.0000000 0.0168776
0.08 15 324 233.0000000 237.0000000 0.0168776
0.08 16 308 233.0000000 237.0000000 0.0168776
0.09 17 332 233.0000000 237.0000000 0.0168776
0.09 18 309 233.0000000 237.0000000 0.0168776
0.09 19 304 233.0000000 237.0000000 0.0168776
0.09 20 275 233.0000000 237.0000000 0.0168776
0.09 21 278 233.0000000 237.0000000 0.0168776
0.08 22 262 233.0000000 237.0000000 0.0168776
0.11 23 275 233.0000000 237.0000000 0.0168776
0.09 24 231 233.0000000 237.0000000 0.0168776
0.09 25 261 233.0370588 237.0000000 0.0167213
0.07 26 224 233.0638625 237.0000000 0.0166082
0.07 27 224 233.0913347 237.0000000 0.0164923
0.06 28 183 233.1335990 237.0000000 0.0163139
0.07 29 181 233.1662202 237.0000000 0.0161763
0.07 30 194 233.2012925 237.0000000 0.0160283
0.07 31 196 233.2299753 237.0000000 0.0159073
0.08 32 194 233.2953109 237.0000000 0.0156316
0.06 33 189 233.3113408 237.0000000 0.0155640
0.08 34 202 233.3317834 237.0000000 0.0154777
0.08 35 186 233.3535776 237.0000000 0.0153857
0.08 36 194 233.3791434 237.0000000 0.0152779
0.09 37 191 233.4395008 237.0000000 0.0150232
0.08 38 167 233.4869472 237.0000000 0.0148230
0.08 39 176 233.5276746 237.0000000 0.0146512
0.10 40 211 233.5811285 237.0000000 0.0144256
0.11 41 190 233.6448272 237.0000000 0.0141568
0.11 42 200 233.6802504 237.0000000 0.0140074
0.07 43 166 233.7261769 237.0000000 0.0138136
0.11 44 201 233.7768657 237.0000000 0.0135997
0.10 45 174 233.8249193 237.0000000 0.0133970
0.10 46 198 233.8886254 237.0000000 0.0131282
0.12 47 182 233.9557038 237.0000000 0.0128451
0.13 48 186 234.0479191 237.0000000 0.0124560
0.12 49 216 234.1011892 237.0000000 0.0122313
0.10 50 185 234.1505250 237.0000000 0.0120231
0.12 51 201 234.2006894 237.0000000 0.0118114
0.10 52 180 234.2412690 237.0000000 0.0116402
0.10 53 168 234.2730734 237.0000000 0.0115060
0.09 54 143 234.3166094 237.0000000 0.0113223
0.06 55 133 234.3514248 237.0000000 0.0111754
0.08 56 131 234.3888626 237.0000000 0.0110175
0.09 57 131 234.4391066 237.0000000 0.0108055
0.06 58 133 234.4664996 237.0000000 0.0106899
0.09 59 128 234.4904515 237.0000000 0.0105888
0.08 60 103 234.5133645 237.0000000 0.0104921
0.07 61 143 234.5590852 237.0000000 0.0102992
0.07 62 113 234.5839764 237.0000000 0.0101942
0.06 63 109 234.6036652 237.0000000 0.0101111
0.10 64 139 234.6387818 237.0000000 0.0099629
0.09 65 118 234.6547551 237.0000000 0.0098955
0.09 66 124 234.6813943 237.0000000 0.0097831
0.07 67 130 234.7178713 237.0000000 0.0096292
0.11 68 122 234.7430575 237.0000000 0.0095230
0.06 69 101 234.7635726 237.0000000 0.0094364
0.10 70 129 234.7812452 237.0000000 0.0093618
0.05 71 71 234.7910418 237.0000000 0.0093205
0.05 72 82 234.8105472 237.0000000 0.0092382
0.06 73 105 234.8253496 237.0000000 0.0091757
0.06 74 85 234.8469225 237.0000000 0.0090847
0.05 75 103 234.8587296 237.0000000 0.0090349
0.07 76 108 234.8766766 237.0000000 0.0089592
