6.43 0 0 111.0000000 221.0000000 0.4977376
0.03 1 230 111.0000000 221.0000000 0.4977376
0.05 2 341 111.0000000 221.0000000 0.4977376
0.06 3 426 111.0000000 221.0000000 0.4977376
0.07 4 459 111.0000000 221.0000000 0.4977376
0.09 5 476 111.0000000 221.0000000 0.4977376
0.10 6 453 111.0000000 221.0000000 0.4977376
0.10 7 464 111.0000000 221.0000000 0.4977376
0.12 8 465 111.0000000 221.0000000 0.4977376
0.14 9 485 111.0000000 221.0000000 0.4977376
0.15 10 488 111.0000000 221.0000000 0.4977376
0.15 11 445 111.0000000 221.0000000 0.4977376
0.15 12 422 111.0000000 221.0000000 0.4977376
0.15 13 413 111.0000000 221.0000000 0.4977376
0.17 14 483 111.0000000 221.0000000 0.4977376
0.18 15 433 111.0000000 221.0000000 0.4977376
0.20 16 456 111.0000000 221.0000000 0.4977376
0.22 17 499 111.0000000 221.0000000 0.4977376
0.24 18 462 111.0000000 221.0000000 0.4977376
0.28 19 497 111.0000000 221.0000000 0.4977376
0.44 20 469 111.0000000 221.0000000 0.4977376
0.31 21 484 111.0000000 221.0000000 0.4977376
0.31 22 474 111.0000000 221.0000000 0.4977376
0.34 23 477 111.0000000 221.0000000 0.4977376
0.33 24 479 111.0000000 221.0000000 0.4977376
0.30 25 475 111.0000000 221.0000000 0.4977376
0.32 26 448 111.0000000 221.0000000 0.4977376
0.34 27 440 111.0000000 221.0000000 0.4977376
0.33 28 434 111.1103165 221.0000000 0.4972384
