0.93 0 0 232.0000000 236.0000000 0.0169492
0.01 1 214 232.2500000 236.0000000 0.0158898
0.02 2 248 232.5000000 236.0000000 0.0148305
0.02 3 285 232.7500000 236.0000000 0.0137712
0.03 4 307 233.0833333 236.0000000 0.0123588
0.03 5 302 233.2412698 236.0000000 0.0116895
0.04 6 314 233.4583333 236.0000000 0.0107698
0.05 7 334 233.6250000 236.0000000 0.0100636
0.05 8 306 233.8846154 236.0000000 0.0089635
0.05 9 318 233.9285714 236.0000000 0.0087772
0.05 10 297 233.9615385 236.0000000 0.0086375
0.05 11 275 234.0000000 236.0000000 0.0084746
0.06 12 301 234.0000000 236.0000000 0.0084746
0.06 13 306 234.0000000 236.0000000 0.0084746
0.06 14 311 234.0000000 236.0000000 0.0084746
0.07 15 328 234.0000000 236.0000000 0.0084746
0.08 16 306 234.0000000 236.0000000 0.0084746
0.08 17 309 234.0000000 236.0000000 0.0084746
0.08 18 311 234.0000000 236.0000000 0.0084746
0.08 19 296 234.0000000 236.0000000 0.0084746
0.07 20 277 234.0098288 236.0000000 0.0084329
0.09 21 299 234.0210210 236.0000000 0.0083855
0.09 22 294 234.0292969 236.0000000 0.0083504
0.09 23 287 234.0455487 236.0000000 0.0082816
0.08 24 272 234.0952381 236.0000000 0.0080710
0.11 25 308 234.1307506 236.0000000 0.0079205
0.11 26 301 234.1339286 236.0000000 0.0079071
0.13 27 295 234.1448413 236.0000000 0.0078608
0.10 28 233 234.1596639 236.0000000 0.0077980
0.10 29 248 234.1653139 236.0000000 0.0077741
0.14 30 308 234.1835093 236.0000000 0.0076970
0.11 31 253 234.1932472 236.0000000 0.0076557
0.10 32 224 234.1992311 236.0000000 0.0076304
0.07 33 175 234.2063512 236.0000000 0.0076002
0.10 34 246 234.2168805 236.0000000 0.0075556
0.09 35 223 234.2219075 236.0000000 0.0075343
0.11 36 226 234.2306296 236.0000000 0.0074973
0.10 37 218 234.2336702 236.0000000 0.0074844
0.10 38 218 234.2396639 236.0000000 0.0074591
0.07 39 177 234.2515576 236.0000000 0.0074087
0.08 40 207 234.2546261 236.0000000 0.0073957
0.07 41 174 234.2562438 236.0000000 0.0073888
0.08 42 158 234.2596240 236.0000000 0.0073745
0.09 43 184 234.2679528 236.0000000 0.0073392
0.07 44 167 234.2858678 236.0000000 0.0072633
0.09 45 168 234.3045037 236.0000000 0.0071843
0.08 46 161 234.3138492 236.0000000 0.0071447
0.07 47 139 234.3161881 236.0000000 0.0071348
0.10 48 174 234.3181015 236.0000000 0.0071267
0.09 49 168 234.3197281 236.0000000 0.0071198
0.11 50 174 234.3239365 236.0000000 0.0071020
0.08 51 169 234.3307931 236.0000000 0.0070729
0.11 52 160 234.3331525 236.0000000 0.0070629
0.09 53 155 234.3431071 236.0000000 0.0070207
0.11 54 145 234.3558019 236.0000000 0.0069669
0.11 55 162 234.3621103 236.0000000 0.0069402
0.12 56 156 234.3736040 236.0000000 0.0068915
0.11 57 149 234.3846730 236.0000000 0.0068446
0.14 58 183 234.3929409 236.0000000 0.0068096
0.15 59 185 234.4131578 236.0000000 0.0067239
0.16 60 171 234.4196660 236.0000000 0.0066963
0.12 61 156 234.4340895 236.0000000 0.0066352
0.09 62 140 234.4483559 236.0000000 0.0065748
0.12 63 147 234.4680887 236.0000000 0.0064911
0.14 64 160 234.4872727 236.0000000 0.0064099
0.13 65 133 234.5063848 236.0000000 0.0063289
0.11 66 183 234.5282133 236.0000000 0.0062364
