3.59 0 0 0.0000000 34.0000000 1.0000000
0.04 1 316 0.0000000 34.0000000 1.0000000
0.06 2 425 0.0000000 34.0000000 1.0000000
0.08 3 477 0.0000000 34.0000000 1.0000000
0.09 4 498 0.0000000 34.0000000 1.0000000
0.10 5 487 0.0000000 34.0000000 1.0000000
0.11 6 487 0.0000000 34.0000000 1.0000000
0.11 7 480 0.0000000 34.0000000 1.0000000
0.13 8 498 0.0000000 34.0000000 1.0000000
0.14 9 461 0.0000000 34.0000000 1.0000000
0.15 10 484 0.0000000 34.0000000 1.0000000
0.18 11 509 0.0000000 34.0000000 1.0000000
0.17 12 483 0.0000000 34.0000000 1.0000000
0.21 13 500 0.0000000 34.0000000 1.0000000
0.22 14 497 0.0000000 34.0000000 1.0000000
0.23 15 488 0.0000000 34.0000000 1.0000000
0.24 16 452 0.0000000 34.0000000 1.0000000
0.24 17 457 0.0000000 34.0000000 1.0000000
0.28 18 500 0.0000000 34.0000000 1.0000000
0.28 19 478 0.0000000 34.0000000 1.0000000
0.29 20 460 0.0000000 34.0000000 1.0000000
0.34 21 544 0.0000000 34.0000000 1.0000000
0.36 22 502 0.0000000 34.0000000 1.0000000
0.36 23 493 0.0000000 34.0000000 1.0000000
0.39 24 470 0.0000000 34.0000000 1.0000000
0.39 25 419 0.0000000 34.0000000 1.0000000
0.41 26 469 0.0000000 34.0000000 1.0000000
0.42 27 491 0.0000000 34.0000000 1.0000000
0.46 28 479 0.0000000 34.0000000 1.0000000
