4.25 0 0 5.6863636 35.0000000 0.8375325
0.02 1 202 5.9363636 35.0000000 0.8303896
0.02 2 232 5.9805556 35.0000000 0.8291270
0.02 3 216 6.1400121 35.0000000 0.8245711
0.03 4 238 6.4032479 35.0000000 0.8170501
0.03 5 259 6.6664388 35.0000000 0.8095303
0.04 6 275 7.0219945 35.0000000 0.7993716
0.04 7 263 7.4860726 35.0000000 0.7861122
0.05 8 294 7.8490371 35.0000000 0.7757418
0.06 9 310 8.2157977 35.0000000 0.7652629
0.07 10 328 8.5441325 35.0000000 0.7558819
0.08 11 316 8.9755304 35.0000000 0.7435563
0.09 12 355 9.3280951 35.0000000 0.7334830
0.09 13 370 9.6640415 35.0000000 0.7238845
0.11 14 389 9.9400532 35.0000000 0.7159985
0.12 15 358 10.2412715 35.0000000 0.7073922
0.11 16 342 10.4517396 35.0000000 0.7013789
0.14 17 377 10.8522493 35.0000000 0.6899357
0.15 18 389 11.2007297 35.0000000 0.6799792
0.16 19 367 11.4656243 35.0000000 0.6724107
0.17 20 371 11.8117878 35.0000000 0.6625203
0.18 21 358 12.0239056 35.0000000 0.6564598
0.18 22 338 12.2745829 35.0000000 0.6492976
0.19 23 337 12.5165629 35.0000000 0.6423839
0.21 24 338 12.7173258 35.0000000 0.6366478
0.22 25 365 12.9922326 35.0000000 0.6287934
0.25 26 373 13.1798981 35.0000000 0.6234315
0.24 27 361 13.3684408 35.0000000 0.6180445
0.25 28 343 13.5594457 35.0000000 0.6125873
0.29 29 348 13.7448514 35.0000000 0.6072900
0.32 30 379 13.9354212 35.0000000 0.6018451
0.30 31 327 14.1096501 35.0000000 0.5968671
0.30 32 318 14.3057285 35.0000000 0.5912649
0.37 33 356 14.4733798 35.0000000 0.5864749
0.33 34 303 14.6650866 35.0000000 0.5809975
0.36 35 300 14.8045652 35.0000000 0.5770124
0.37 36 320 14.9528904 35.0000000 0.5727746
0.38 37 279 15.1059409 35.0000000 0.5684017
0.30 38 248 15.2238563 35.0000000 0.5650327
0.37 39 251 15.3503952 35.0000000 0.5614173
0.41 40 278 15.4774411 35.0000000 0.5577874
0.35 41 243 15.5885071 35.0000000 0.5546141
0.37 42 251 15.7317793 35.0000000 0.5505206
0.48 43 290 15.8606115 35.0000000 0.5468397
0.48 44 274 15.9478411 35.0000000 0.5443474
0.43 45 263 16.0403456 35.0000000 0.5417044
0.47 46 279 16.1311714 35.0000000 0.5391094
0.48 47 256 16.2085480 35.0000000 0.5368986
0.45 48 218 16.2905290 35.0000000 0.5345563
0.57 49 249 16.3768472 35.0000000 0.5320901
0.55 50 226 16.4430893 35.0000000 0.5301974
0.56 51 234 16.5126275 35.0000000 0.5282106
0.57 52 226 16.6016514 35.0000000 0.5256671
0.59 53 222 16.6835231 35.0000000 0.5233279
0.53 54 193 16.7684774 35.0000000 0.5209006
0.53 55 221 16.8330037 35.0000000 0.5190570
0.44 56 178 16.9078834 35.0000000 0.5169176
0.59 57 195 16.9895806 35.0000000 0.5145834
0.45 58 196 17.0311317 35.0000000 0.5133962
0.54 59 203 17.0917438 35.0000000 0.5116645
0.43 60 188 17.1310744 35.0000000 0.5105407
0.50 61 199 17.1874629 35.0000000 0.5089296
