0.37 0 0 35.1000000 44.0000000 0.2022727
0.01 1 98 35.3222222 44.0000000 0.1972222
0.01 2 113 35.4583333 44.0000000 0.1941288
0.01 3 87 35.5608841 44.0000000 0.1917981
0.01 4 102 35.7229503 44.0000000 0.1881148
0.01 5 112 35.9237567 44.0000000 0.1835510
0.01 6 119 36.3023459 44.0000000 0.1749467
0.01 7 118 36.7792885 44.0000000 0.1641071
0.01 8 105 37.1126247 44.0000000 0.1565313
0.01 9 123 37.4783919 44.0000000 0.1482184
0.01 10 112 37.8128876 44.0000000 0.1406162
0.02 11 131 38.1153419 44.0000000 0.1337422
0.02 12 112 38.3533365 44.0000000 0.1283333
0.02 13 108 38.5831114 44.0000000 0.1231111
0.02 14 102 38.6804214 44.0000000 0.1208995
0.02 15 95 38.8573350 44.0000000 0.1168787
0.02 16 94 38.9585482 44.0000000 0.1145784
0.02 17 107 39.0534096 44.0000000 0.1124225
0.02 18 96 39.1779986 44.0000000 0.1095909
0.02 19 88 39.2997342 44.0000000 0.1068242
0.02 20 114 39.4233268 44.0000000 0.1040153
0.02 21 118 39.5220362 44.0000000 0.1017719
0.02 22 97 39.6256923 44.0000000 0.0994161
0.03 23 123 39.7454152 44.0000000 0.0966951
0.03 24 117 39.8516860 44.0000000 0.0942799
0.03 25 122 39.9421961 44.0000000 0.0922228
0.02 26 97 40.0102813 44.0000000 0.0906754
0.03 27 88 40.0742841 44.0000000 0.0892208
0.04 28 96 40.1534439 44.0000000 0.0874217
0.03 29 94 40.1996795 44.0000000 0.0863709
0.03 30 70 40.2522681 44.0000000 0.0851757
0.04 31 92 40.3124423 44.0000000 0.0838081
0.03 32 89 40.3724034 44.0000000 0.0824454
0.04 33 83 40.4114042 44.0000000 0.0815590
0.04 34 75 40.4941040 44.0000000 0.0796795
0.04 35 71 40.5664566 44.0000000 0.0780351
0.04 36 81 40.6177627 44.0000000 0.0768690
0.04 37 75 40.6637908 44.0000000 0.0758229
0.04 38 91 40.7382088 44.0000000 0.0741316
0.05 39 83 40.8291693 44.0000000 0.0720643
0.05 40 82 40.8969586 44.0000000 0.0705237
0.04 41 71 40.9250379 44.0000000 0.0698855
0.05 42 70 40.9530267 44.0000000 0.0692494
0.04 43 57 40.9649270 44.0000000 0.0689789
0.05 44 53 40.9853935 44.0000000 0.0685138
0.03 45 58 41.0088619 44.0000000 0.0679804
0.06 46 71 41.0435650 44.0000000 0.0671917
0.05 47 94 41.0859455 44.0000000 0.0662285
0.05 48 75 41.1119432 44.0000000 0.0656377
0.05 49 72 41.1456916 44.0000000 0.0648706
0.06 50 83 41.1757801 44.0000000 0.0641868
0.06 51 62 41.1991554 44.0000000 0.0636556
0.07 52 76 41.2166276 44.0000000 0.0632585
0.06 53 68 41.2299428 44.0000000 0.0629558
0.05 54 56 41.2477902 44.0000000 0.0625502
0.05 55 45 41.2580959 44.0000000 0.0623160
0.03 56 39 41.2617286 44.0000000 0.0622334
0.03 57 42 41.2658584 44.0000000 0.0621396
0.06 58 45 41.2741686 44.0000000 0.0619507
0.02 59 42 41.2789233 44.0000000 0.0618427
0.05 60 38 41.2857257 44.0000000 0.0616881
0.03 61 50 41.2894277 44.0000000 0.0616039
0.03 62 39 41.2942828 44.0000000 0.0614936
0.04 63 45 41.3065682 44.0000000 0.0612144
0.06 64 50 41.3262104 44.0000000 0.0607679
0.04 65 56 41.3400508 44.0000000 0.0604534
0.05 66 50 41.3554897 44.0000000 0.0601025
0.03 67 58 41.3581870 44.0000000 0.0600412
0.05 68 49 41.3779821 44.0000000 0.0595913
0.05 69 29 41.3852700 44.0000000 0.0594257
0.02 70 23 41.3897008 44.0000000 0.0593250
0.05 71 34 41.4024444 44.0000000 0.0590354
0.02 72 26 41.4033077 44.0000000 0.0590157
0.05 73 50 41.4082458 44.0000000 0.0589035
0.06 74 30 41.4111111 44.0000000 0.0588384
0.02 75 37 41.4111111 44.0000000 0.0588384
0.02 76 39 41.4147300 44.0000000 0.0587561
0.06 77 38 41.4214286 44.0000000 0.0586039
0.02 78 32 41.4219176 44.0000000 0.0585928
0.05 79 36 41.4256877 44.0000000 0.0585071
0.06 80 48 41.4297614 44.0000000 0.0584145
0.02 81 36 41.4324491 44.0000000 0.0583534
0.06 82 47 41.4393400 44.0000000 0.0581968
0.05 83 50 41.4439106 44.0000000 0.0580929
0.05 84 33 41.4496157 44.0000000 0.0579633
0.05 85 37 41.4571508 44.0000000 0.0577920
0.07 86 44 41.4617657 44.0000000 0.0576871
0.07 87 42 41.4697953 44.0000000 0.0575047
0.06 88 44 41.4779705 44.0000000 0.0573189
0.06 89 46 41.4779835 44.0000000 0.0573186
0.02 90 25 41.4833333 44.0000000 0.0571970
0.03 91 39 41.4850793 44.0000000 0.0571573
0.06 92 41 41.4891111 44.0000000 0.0570657
0.03 93 33 41.4895561 44.0000000 0.0570555
0.07 94 35 41.4991429 44.0000000 0.0568377
0.03 95 38 41.5031814 44.0000000 0.0567459
0.07 96 44 41.5086955 44.0000000 0.0566206
0.06 97 33 41.5161684 44.0000000 0.0564507
0.06 98 25 41.5241513 44.0000000 0.0562693
0.03 99 35 41.5262644 44.0000000 0.0562213
0.06 100 30 41.5315080 44.0000000 0.0561021
0.03 101 38 41.5347318 44.0000000 0.0560288
0.07 102 30 41.5421198 44.0000000 0.0558609
0.03 103 46 41.5431034 44.0000000 0.0558386
0.02 104 20 41.5440844 44.0000000 0.0558163
0.06 105 29 41.5538370 44.0000000 0.0555946
0.06 106 33 41.5576978 44.0000000 0.0555069
0.03 107 42 41.5582305 44.0000000 0.0554948
0.02 108 20 41.5586281 44.0000000 0.0554857
0.07 109 26 41.5654147 44.0000000 0.0553315
0.07 110 39 41.5722657 44.0000000 0.0551758
0.07 111 45 41.5757778 44.0000000 0.0550960
0.02 112 21 41.5781071 44.0000000 0.0550430
0.07 113 32 41.5804085 44.0000000 0.0549907
0.02 114 24 41.5826911 44.0000000 0.0549388
0.07 115 34 41.5941086 44.0000000 0.0546793
0.09 116 42 41.5968413 44.0000000 0.0546172
0.03 117 35 41.6000247 44.0000000 0.0545449
0.07 118 24 41.6151180 44.0000000 0.0542019
0.06 119 31 41.6178161 44.0000000 0.0541405
0.02 120 20 41.6222491 44.0000000 0.0540398
0.03 121 32 41.6238799 44.0000000 0.0540027
0.07 122 27 41.6300779 44.0000000 0.0538619
0.02 123 31 41.6332942 44.0000000 0.0537888
0.07 124 52 41.6380840 44.0000000 0.0536799
0.02 125 26 41.6392929 44.0000000 0.0536524
0.02 126 35 41.6396960 44.0000000 0.0536433
0.03 127 29 41.6414561 44.0000000 0.0536033
0.08 128 44 41.6500845 44.0000000 0.0534072
0.07 129 22 41.6522335 44.0000000 0.0533583
0.02 130 29 41.6546154 44.0000000 0.0533042
0.07 131 29 41.6606976 44.0000000 0.0531660
0.09 132 30 41.6609159 44.0000000 0.0531610
0.03 133 37 41.6652444 44.0000000 0.0530626
0.07 134 24 41.6749809 44.0000000 0.0528413
0.08 135 28 41.6800667 44.0000000 0.0527258
0.08 136 27 41.6874646 44.0000000 0.0525576
0.09 137 39 41.6936645 44.0000000 0.0524167
0.09 138 31 41.6974295 44.0000000 0.0523311
0.08 139 44 41.6991124 44.0000000 0.0522929
0.03 140 33 41.7021006 44.0000000 0.0522250
0.09 141 31 41.7068816 44.0000000 0.0521163
0.08 142 29 41.7101443 44.0000000 0.0520422
0.04 143 36 41.7110508 44.0000000 0.0520216
0.10 144 40 41.7173499 44.0000000 0.0518784
0.08 145 20 41.7215613 44.0000000 0.0517827
0.10 146 37 41.7264236 44.0000000 0.0516722
0.11 147 50 41.7325332 44.0000000 0.0515333
0.10 148 22 41.7358365 44.0000000 0.0514583
0.03 149 30 41.7374212 44.0000000 0.0514222
0.10 150 31 41.7453265 44.0000000 0.0512426
0.09 151 21 41.7535019 44.0000000 0.0510568
0.09 152 23 41.7592816 44.0000000 0.0509254
0.03 153 38 41.7613139 44.0000000 0.0508792
0.10 154 37 41.7691243 44.0000000 0.0507017
0.09 155 25 41.7760897 44.0000000 0.0505434
0.10 156 29 41.7772857 44.0000000 0.0505162
0.03 157 20 41.7794444 44.0000000 0.0504672
0.09 158 24 41.7853902 44.0000000 0.0503320
0.09 159 23 41.7909259 44.0000000 0.0502062
0.11 160 29 41.7948729 44.0000000 0.0501165
0.10 161 27 41.7988110 44.0000000 0.0500270
0.11 162 20 41.8037223 44.0000000 0.0499154
0.11 163 41 41.8082939 44.0000000 0.0498115
0.10 164 34 41.8133828 44.0000000 0.0496958
0.10 165 30 41.8189014 44.0000000 0.0495704
0.13 166 49 41.8235803 44.0000000 0.0494641
0.11 167 37 41.8267433 44.0000000 0.0493922
0.12 168 44 41.8313926 44.0000000 0.0492865
0.12 169 62 41.8349425 44.0000000 0.0492059
0.11 170 46 41.8370617 44.0000000 0.0491577
0.13 171 34 41.8420511 44.0000000 0.0490443
0.12 172 46 41.8495583 44.0000000 0.0488737
0.12 173 24 41.8539743 44.0000000 0.0487733
0.12 174 27 41.8577866 44.0000000 0.0486867
0.13 175 31 41.8619233 44.0000000 0.0485927
0.03 176 24 41.8625115 44.0000000 0.0485793
0.12 177 37 41.8656293 44.0000000 0.0485084
0.13 178 44 41.8704326 44.0000000 0.0483993
0.14 179 26 41.8722541 44.0000000 0.0483579
0.05 180 42 41.8742444 44.0000000 0.0483126
0.16 181 29 41.8784718 44.0000000 0.0482166
0.04 182 34 41.8793558 44.0000000 0.0481965
0.13 183 31 41.8838067 44.0000000 0.0480953
0.14 184 45 41.8852941 44.0000000 0.0480615
0.03 185 33 41.8852941 44.0000000 0.0480615
0.03 186 28 41.8866691 44.0000000 0.0480302
0.13 187 30 41.8921269 44.0000000 0.0479062
0.13 188 24 41.8951510 44.0000000 0.0478375
0.13 189 37 41.8978441 44.0000000 0.0477763
0.15 190 39 41.9028193 44.0000000 0.0476632
0.15 191 41 41.9077316 44.0000000 0.0475516
