0.33 0 0 26.0296296 37.0000000 0.2964965
0.00 1 90 26.7864514 37.0000000 0.2760419
0.01 2 106 27.1888422 37.0000000 0.2651664
0.01 3 114 27.7426461 37.0000000 0.2501988
0.01 4 112 28.0030896 37.0000000 0.2431597
0.01 5 120 28.3936941 37.0000000 0.2326029
0.01 6 137 28.8277804 37.0000000 0.2208708
0.01 7 155 29.1972430 37.0000000 0.2108853
0.01 8 123 29.4264017 37.0000000 0.2046918
0.02 9 141 29.7041821 37.0000000 0.1971843
0.02 10 141 29.9095845 37.0000000 0.1916329
0.02 11 155 30.1777801 37.0000000 0.1843843
0.02 12 148 30.3648567 37.0000000 0.1793282
0.02 13 153 30.5247833 37.0000000 0.1750059
0.02 14 139 30.7862367 37.0000000 0.1679395
0.03 15 130 31.0216180 37.0000000 0.1615779
0.03 16 157 31.1265053 37.0000000 0.1587431
0.04 17 168 31.2830061 37.0000000 0.1545133
0.03 18 139 31.4031016 37.0000000 0.1512675
0.03 19 142 31.5387973 37.0000000 0.1476001
0.03 20 132 31.6722177 37.0000000 0.1439941
0.04 21 138 31.8307734 37.0000000 0.1397088
0.04 22 140 31.9709258 37.0000000 0.1359209
0.05 23 145 32.0799805 37.0000000 0.1329735
0.03 24 121 32.1489909 37.0000000 0.1311084
0.04 25 122 32.2269867 37.0000000 0.1290004
0.04 26 125 32.3103548 37.0000000 0.1267472
0.06 27 148 32.4211650 37.0000000 0.1237523
0.05 28 79 32.4988751 37.0000000 0.1216520
0.05 29 111 32.5419836 37.0000000 0.1204869
0.05 30 95 32.5913138 37.0000000 0.1191537
0.04 31 86 32.6623189 37.0000000 0.1172346
0.04 32 97 32.7098103 37.0000000 0.1159511
0.06 33 95 32.7677396 37.0000000 0.1143854
0.06 34 103 32.8032470 37.0000000 0.1134258
0.06 35 93 32.8599862 37.0000000 0.1118923
0.07 36 102 32.9134282 37.0000000 0.1104479
0.05 37 96 32.9460202 37.0000000 0.1095670
0.06 38 99 32.9867637 37.0000000 0.1084658
0.06 39 96 33.0258563 37.0000000 0.1074093
0.07 40 91 33.0559555 37.0000000 0.1065958
0.06 41 93 33.0901822 37.0000000 0.1056708
0.07 42 87 33.1211562 37.0000000 0.1048336
0.08 43 74 33.1566658 37.0000000 0.1038739
0.06 44 98 33.1938671 37.0000000 0.1028685
0.09 45 83 33.2113706 37.0000000 0.1023954
0.07 46 90 33.2399812 37.0000000 0.1016221
0.08 47 92 33.2863811 37.0000000 0.1003681
0.08 48 88 33.3191295 37.0000000 0.0994830
0.07 49 83 33.3393960 37.0000000 0.0989352
0.07 50 81 33.3847177 37.0000000 0.0977103
0.07 51 88 33.4095391 37.0000000 0.0970395
0.08 52 88 33.4492682 37.0000000 0.0959657
0.07 53 85 33.4794085 37.0000000 0.0951511
0.11 54 101 33.5187847 37.0000000 0.0940869
0.10 55 85 33.5508447 37.0000000 0.0932204
0.09 56 92 33.5825498 37.0000000 0.0923635
0.11 57 86 33.6009487 37.0000000 0.0918663
0.10 58 84 33.6234905 37.0000000 0.0912570
0.08 59 79 33.6435257 37.0000000 0.0907155
0.10 60 79 33.6743671 37.0000000 0.0898820
0.13 61 88 33.7042436 37.0000000 0.0890745
0.12 62 99 33.7267604 37.0000000 0.0884659
0.09 63 75 33.7479614 37.0000000 0.0878929
0.12 64 80 33.7753892 37.0000000 0.0871516
0.11 65 95 33.8028673 37.0000000 0.0864090
0.13 66 82 33.8403052 37.0000000 0.0853972
0.12 67 88 33.8734159 37.0000000 0.0845023
0.11 68 87 33.9074871 37.0000000 0.0835814
0.12 69 80 33.9392969 37.0000000 0.0827217
0.14 70 89 33.9770626 37.0000000 0.0817010
0.14 71 99 34.0076704 37.0000000 0.0808738
0.11 72 86 34.0408875 37.0000000 0.0799760
0.17 73 84 34.0831179 37.0000000 0.0788347
0.18 74 104 34.1086051 37.0000000 0.0781458
0.13 75 104 34.1384674 37.0000000 0.0773387
0.14 76 97 34.1699456 37.0000000 0.0764880
0.15 77 89 34.1949702 37.0000000 0.0758116
0.12 78 87 34.2198013 37.0000000 0.0751405
0.18 79 86 34.2459650 37.0000000 0.0744334
0.15 80 68 34.2626193 37.0000000 0.0739833
0.14 81 78 34.2885971 37.0000000 0.0732812
0.16 82 58 34.3242131 37.0000000 0.0723186
0.15 83 79 34.3517082 37.0000000 0.0715755
0.13 84 64 34.3845603 37.0000000 0.0706876
0.16 85 69 34.4083988 37.0000000 0.0700433
0.11 86 64 34.4286291 37.0000000 0.0694965
0.12 87 59 34.4492376 37.0000000 0.0689395
0.16 88 64 34.4811609 37.0000000 0.0680767
0.15 89 41 34.4987353 37.0000000 0.0676017
0.14 90 63 34.5227775 37.0000000 0.0669520
0.15 91 44 34.5405146 37.0000000 0.0664726
0.13 92 59 34.5595856 37.0000000 0.0659571
0.19 93 52 34.5763583 37.0000000 0.0655038
0.15 94 60 34.6018688 37.0000000 0.0648144
0.16 95 53 34.6213722 37.0000000 0.0642872
0.16 96 51 34.6347430 37.0000000 0.0639259
0.09 97 51 34.6507805 37.0000000 0.0634924
0.15 98 58 34.6703795 37.0000000 0.0629627
0.16 99 49 34.6863414 37.0000000 0.0625313
0.18 100 57 34.7040160 37.0000000 0.0620536
0.13 101 58 34.7209515 37.0000000 0.0615959
0.12 102 43 34.7425593 37.0000000 0.0610119
0.14 103 56 34.7599373 37.0000000 0.0605422
0.17 104 42 34.7717420 37.0000000 0.0602232
0.12 105 43 34.7846427 37.0000000 0.0598745
0.15 106 51 34.8056805 37.0000000 0.0593059
0.12 107 50 34.8172094 37.0000000 0.0589943
0.17 108 55 34.8331481 37.0000000 0.0585636
0.18 109 41 34.8476137 37.0000000 0.0581726
0.13 110 53 34.8596541 37.0000000 0.0578472
0.21 111 40 34.8712194 37.0000000 0.0575346
0.21 112 40 34.8916990 37.0000000 0.0569811
0.17 113 46 34.9036633 37.0000000 0.0566577
0.12 114 44 34.9175588 37.0000000 0.0562822
0.15 115 50 34.9299737 37.0000000 0.0559467
0.16 116 63 34.9377953 37.0000000 0.0557353
0.19 117 40 34.9519797 37.0000000 0.0553519
0.17 118 37 34.9663785 37.0000000 0.0549627
0.17 119 41 34.9882697 37.0000000 0.0543711
0.21 120 45 34.9988280 37.0000000 0.0540857
0.22 121 39 35.0111184 37.0000000 0.0537536
0.16 122 45 35.0216601 37.0000000 0.0534686
0.17 123 45 35.0298219 37.0000000 0.0532481
0.19 124 49 35.0402759 37.0000000 0.0529655
0.21 125 46 35.0457272 37.0000000 0.0528182
0.26 126 45 35.0496987 37.0000000 0.0527108
0.17 127 28 35.0517186 37.0000000 0.0526563
0.11 128 6 35.0517186 37.0000000 0.0526563
0.11 129 7 35.0517186 37.0000000 0.0526563
0.11 130 8 35.0517186 37.0000000 0.0526563
0.11 131 7 35.0517186 37.0000000 0.0526563
0.11 132 9 35.0517186 37.0000000 0.0526563
0.11 133 8 35.0517186 37.0000000 0.0526563
0.11 134 8 35.0517186 37.0000000 0.0526563
0.11 135 9 35.0517186 37.0000000 0.0526563
0.11 136 9 35.0517186 37.0000000 0.0526563
0.11 137 10 35.0517186 37.0000000 0.0526563
0.11 138 5 35.0517186 37.0000000 0.0526563
0.11 139 8 35.0517186 37.0000000 0.0526563
0.11 140 7 35.0517186 37.0000000 0.0526563
0.11 141 9 35.0517186 37.0000000 0.0526563
0.11 142 9 35.0517186 37.0000000 0.0526563
0.11 143 6 35.0517186 37.0000000 0.0526563
0.11 144 8 35.0517186 37.0000000 0.0526563
0.11 145 8 35.0517186 37.0000000 0.0526563
0.11 146 8 35.0517186 37.0000000 0.0526563
0.11 147 4 35.0517186 37.0000000 0.0526563
0.11 148 8 35.0517186 37.0000000 0.0526563
0.11 149 9 35.0517186 37.0000000 0.0526563
0.11 150 8 35.0517186 37.0000000 0.0526563
0.11 151 8 35.0517186 37.0000000 0.0526563
0.11 152 12 35.0517186 37.0000000 0.0526563
0.11 153 8 35.0517186 37.0000000 0.0526563
0.11 154 6 35.0517186 37.0000000 0.0526563
0.11 155 8 35.0517186 37.0000000 0.0526563
0.12 156 5 35.0517186 37.0000000 0.0526563
0.11 157 8 35.0517186 37.0000000 0.0526563
0.11 158 8 35.0517186 37.0000000 0.0526563
0.11 159 9 35.0517186 37.0000000 0.0526563
0.12 160 11 35.0517186 37.0000000 0.0526563
0.12 161 9 35.0517186 37.0000000 0.0526563
0.11 162 7 35.0517186 37.0000000 0.0526563
0.11 163 8 35.0518968 37.0000000 0.0526514
0.12 164 7 35.0523003 37.0000000 0.0526405
0.12 165 7 35.0526202 37.0000000 0.0526319
0.17 166 20 35.0538118 37.0000000 0.0525997
0.11 167 12 35.0562857 37.0000000 0.0525328
0.14 168 12 35.0571910 37.0000000 0.0525084
0.19 169 30 35.0607404 37.0000000 0.0524124
