0.27 0 0 100.9300000 130.0000000 0.2236154
0.00 1 58 102.9642857 130.0000000 0.2079670
0.00 2 66 103.4733801 130.0000000 0.2040509
0.01 3 89 104.9564714 130.0000000 0.1926425
0.01 4 88 106.5750731 130.0000000 0.1801917
0.01 5 121 107.7292223 130.0000000 0.1713137
0.01 6 116 110.1625472 130.0000000 0.1525958
0.01 7 140 111.8689526 130.0000000 0.1394696
0.01 8 97 112.9039648 130.0000000 0.1315080
0.01 9 106 113.8074540 130.0000000 0.1245580
0.01 10 107 114.4705763 130.0000000 0.1194571
0.01 11 83 114.9925234 130.0000000 0.1154421
0.01 12 107 115.6314840 130.0000000 0.1105270
0.02 13 115 116.4025123 130.0000000 0.1045961
0.01 14 97 116.9806623 130.0000000 0.1001488
0.02 15 108 117.5260601 130.0000000 0.0959534
0.02 16 110 118.1085441 130.0000000 0.0914727
0.02 17 106 118.7816259 130.0000000 0.0862952
0.02 18 97 119.4259254 130.0000000 0.0813390
0.02 19 97 119.9389652 130.0000000 0.0773926
0.02 20 101 120.3556546 130.0000000 0.0741873
0.03 21 90 121.0636341 130.0000000 0.0687413
0.02 22 71 121.3022786 130.0000000 0.0669055
0.02 23 83 121.6502480 130.0000000 0.0642289
0.02 24 84 121.8322469 130.0000000 0.0628289
0.02 25 88 122.0596355 130.0000000 0.0610797
0.03 26 70 122.3044075 130.0000000 0.0591969
0.02 27 55 122.5178109 130.0000000 0.0575553
0.03 28 79 122.6703003 130.0000000 0.0563823
0.03 29 62 122.7762110 130.0000000 0.0555676
0.02 30 55 122.9827897 130.0000000 0.0539785
0.03 31 47 123.3566668 130.0000000 0.0511026
0.02 32 36 123.4843098 130.0000000 0.0501207
0.03 33 45 123.6308955 130.0000000 0.0489931
0.02 34 49 123.7663400 130.0000000 0.0479512
0.03 35 43 123.9043875 130.0000000 0.0468893
0.03 36 28 124.0500716 130.0000000 0.0457687
0.03 37 52 124.1410359 130.0000000 0.0450690
0.03 38 38 124.2094654 130.0000000 0.0445426
0.03 39 51 124.3391938 130.0000000 0.0435447
0.03 40 47 124.4733771 130.0000000 0.0425125
0.03 41 40 124.5203871 130.0000000 0.0421509
0.03 42 40 124.5935422 130.0000000 0.0415881
0.04 43 41 124.6417951 130.0000000 0.0412170
0.02 44 35 124.6820019 130.0000000 0.0409077
0.02 45 16 124.7548760 130.0000000 0.0403471
0.02 46 22 124.7678361 130.0000000 0.0402474
0.03 47 22 124.7796054 130.0000000 0.0401569
0.03 48 19 124.8139287 130.0000000 0.0398929
0.02 49 18 124.8523412 130.0000000 0.0395974
0.02 50 17 124.8760140 130.0000000 0.0394153
0.03 51 28 124.9099055 130.0000000 0.0391546
0.02 52 17 124.9240433 130.0000000 0.0390458
0.03 53 10 124.9353880 130.0000000 0.0389586
0.03 54 10 124.9472591 130.0000000 0.0388672
0.03 55 28 124.9847520 130.0000000 0.0385788
0.03 56 19 124.9985075 130.0000000 0.0384730
0.03 57 12 125.0243055 130.0000000 0.0382746
0.04 58 7 125.0287272 130.0000000 0.0382406
0.03 59 14 125.0350803 130.0000000 0.0381917
0.03 60 8 125.0537303 130.0000000 0.0380482
0.03 61 17 125.0657715 130.0000000 0.0379556
0.02 62 15 125.0826606 130.0000000 0.0378257
0.03 63 13 125.1011370 130.0000000 0.0376836
0.03 64 17 125.1082594 130.0000000 0.0376288
0.02 65 4 125.1118359 130.0000000 0.0376013
0.02 66 11 125.1177425 130.0000000 0.0375558
0.02 67 25 125.1306272 130.0000000 0.0374567
0.02 68 8 125.1401098 130.0000000 0.0373838
0.01 69 17 125.1457247 130.0000000 0.0373406
0.02 70 13 125.1503974 130.0000000 0.0373046
0.02 71 10 125.1568498 130.0000000 0.0372550
0.02 72 4 125.1592108 130.0000000 0.0372368
0.02 73 7 125.1649528 130.0000000 0.0371927
0.01 74 7 125.1661033 130.0000000 0.0371838
0.02 75 7 125.1686576 130.0000000 0.0371642
0.02 76 10 125.1763101 130.0000000 0.0371053
0.02 77 8 125.1770063 130.0000000 0.0371000
0.02 78 6 125.1841223 130.0000000 0.0370452
0.02 79 5 125.1958398 130.0000000 0.0369551
0.03 80 13 125.2035562 130.0000000 0.0368957
0.02 81 18 125.2145851 130.0000000 0.0368109
0.02 82 4 125.2161368 130.0000000 0.0367989
0.02 83 2 125.2162876 130.0000000 0.0367978
0.03 84 3 125.2185435 130.0000000 0.0367804
0.02 85 10 125.2229669 130.0000000 0.0367464
0.02 86 3 125.2287490 130.0000000 0.0367019
0.02 87 1 125.2344266 130.0000000 0.0366583
0.02 88 5 125.2351761 130.0000000 0.0366525
0.02 89 2 125.2365034 130.0000000 0.0366423
0.02 90 4 125.2376938 130.0000000 0.0366331
0.02 91 3 125.2380202 130.0000000 0.0366306
0.02 92 1 125.2394776 130.0000000 0.0366194
0.02 93 1 125.2396299 130.0000000 0.0366182
0.02 94 2 125.2396299 130.0000000 0.0366182
0.02 95 2 125.2396830 130.0000000 0.0366178
0.03 96 2 125.2435298 130.0000000 0.0365882
0.02 97 5 125.2496905 130.0000000 0.0365408
0.02 98 5 125.2499455 130.0000000 0.0365389
