0.39 0 0 8.0000000 17.0000000 0.5294118
0.01 1 119 8.0000000 17.0000000 0.5294118
0.01 2 175 8.0000000 17.0000000 0.5294118
0.01 3 160 8.0000000 17.0000000 0.5294118
0.01 4 162 8.0000000 17.0000000 0.5294118
0.01 5 166 8.0000000 17.0000000 0.5294118
0.02 6 178 8.0000000 17.0000000 0.5294118
0.02 7 153 8.0000000 17.0000000 0.5294118
0.02 8 148 8.0000000 17.0000000 0.5294118
0.02 9 150 8.0000000 17.0000000 0.5294118
0.02 10 156 8.0000000 17.0000000 0.5294118
0.02 11 164 8.0000000 17.0000000 0.5294118
0.02 12 142 8.0000000 17.0000000 0.5294118
0.02 13 128 8.0000000 17.0000000 0.5294118
0.03 14 148 8.0322581 17.0000000 0.5275142
0.02 15 127 8.0907407 17.0000000 0.5240741
0.03 16 178 8.1634085 17.0000000 0.5197995
0.03 17 162 8.3723229 17.0000000 0.5075104
0.03 18 148 8.5693434 17.0000000 0.4959210
0.03 19 158 8.6350760 17.0000000 0.4920544
0.04 20 175 8.7375086 17.0000000 0.4860289
0.03 21 129 8.7960615 17.0000000 0.4825846
0.03 22 150 8.8517176 17.0000000 0.4793107
0.03 23 139 8.9243279 17.0000000 0.4750395
0.04 24 152 8.9643294 17.0000000 0.4726865
0.04 25 127 9.0146686 17.0000000 0.4697254
0.04 26 123 9.0580950 17.0000000 0.4671709
0.04 27 118 9.1025209 17.0000000 0.4645576
0.04 28 131 9.1537590 17.0000000 0.4615436
0.04 29 113 9.2168192 17.0000000 0.4578342
0.04 30 102 9.2446188 17.0000000 0.4561989
0.04 31 117 9.2715293 17.0000000 0.4546159
0.05 32 121 9.3229162 17.0000000 0.4515932
0.05 33 114 9.3622632 17.0000000 0.4492786
0.04 34 144 9.4034715 17.0000000 0.4468546
0.05 35 114 9.4226984 17.0000000 0.4457236
0.05 36 122 9.4420173 17.0000000 0.4445872
0.06 37 107 9.4874049 17.0000000 0.4419174
0.05 38 101 9.5219767 17.0000000 0.4398837
0.05 39 101 9.5521010 17.0000000 0.4381117
0.05 40 85 9.5797602 17.0000000 0.4364847
0.06 41 104 9.6278422 17.0000000 0.4336563
0.06 42 80 9.6886640 17.0000000 0.4300786
0.06 43 89 9.7451710 17.0000000 0.4267546
0.06 44 89 9.7946113 17.0000000 0.4238464
0.06 45 74 9.8173220 17.0000000 0.4225105
0.06 46 100 9.8545145 17.0000000 0.4203227
0.08 47 110 9.8859153 17.0000000 0.4184756
0.07 48 89 9.9101262 17.0000000 0.4170514
0.07 49 95 9.9389448 17.0000000 0.4153562
0.07 50 103 9.9699095 17.0000000 0.4135347
0.07 51 87 9.9974249 17.0000000 0.4119162
0.06 52 90 10.0084885 17.0000000 0.4112654
0.07 53 79 10.0257901 17.0000000 0.4102476
0.06 54 70 10.0373176 17.0000000 0.4095696
0.06 55 91 10.0437732 17.0000000 0.4091898
0.07 56 98 10.0603194 17.0000000 0.4082165
0.07 57 84 10.0758069 17.0000000 0.4073055
0.07 58 96 10.0857549 17.0000000 0.4067203
0.07 59 78 10.1013695 17.0000000 0.4058018
0.07 60 90 10.1308061 17.0000000 0.4040702
0.06 61 82 10.1535695 17.0000000 0.4027312
0.07 62 75 10.1591748 17.0000000 0.4024015
0.07 63 85 10.1800240 17.0000000 0.4011751
0.07 64 68 10.1860843 17.0000000 0.4008186
0.08 65 63 10.2000033 17.0000000 0.3999998
0.08 66 84 10.2117140 17.0000000 0.3993109
0.07 67 74 10.2241575 17.0000000 0.3985790
0.08 68 63 10.2350101 17.0000000 0.3979406
0.07 69 76 10.2378873 17.0000000 0.3977713
0.09 70 62 10.2470243 17.0000000 0.3972339
0.09 71 78 10.2557860 17.0000000 0.3967185
0.09 72 47 10.2654844 17.0000000 0.3961480
0.09 73 56 10.2831815 17.0000000 0.3951070
0.08 74 60 10.2901629 17.0000000 0.3946963
0.09 75 66 10.3016227 17.0000000 0.3940222
0.08 76 55 10.3047862 17.0000000 0.3938361
0.08 77 81 10.3178170 17.0000000 0.3930696
0.09 78 46 10.3284072 17.0000000 0.3924466
0.07 79 78 10.3364933 17.0000000 0.3919710
0.09 80 58 10.3626499 17.0000000 0.3904324
0.09 81 52 10.3773196 17.0000000 0.3895694
0.08 82 70 10.3871584 17.0000000 0.3889907
0.10 83 85 10.4030404 17.0000000 0.3880564
0.10 84 52 10.4261015 17.0000000 0.3866999
0.10 85 65 10.4338395 17.0000000 0.3862447
0.08 86 56 10.4428116 17.0000000 0.3857170
0.09 87 63 10.4483886 17.0000000 0.3853889
0.07 88 62 10.4512217 17.0000000 0.3852223
0.08 89 75 10.4580504 17.0000000 0.3848206
0.08 90 51 10.4610800 17.0000000 0.3846424
0.09 91 78 10.4685906 17.0000000 0.3842006
0.08 92 72 10.4704771 17.0000000 0.3840896
0.08 93 47 10.4761663 17.0000000 0.3837549
0.07 94 58 10.4791246 17.0000000 0.3835809
0.09 95 59 10.4825766 17.0000000 0.3833778
0.07 96 58 10.4838569 17.0000000 0.3833025
0.09 97 66 10.4863218 17.0000000 0.3831575
0.10 98 50 10.4915484 17.0000000 0.3828501
0.09 99 45 10.4926604 17.0000000 0.3827847
0.09 100 64 10.4964347 17.0000000 0.3825627
0.09 101 68 10.4985280 17.0000000 0.3824395
0.09 102 45 10.4998741 17.0000000 0.3823603
0.09 103 38 10.5020367 17.0000000 0.3822331
0.09 104 43 10.5064011 17.0000000 0.3819764
0.10 105 57 10.5094487 17.0000000 0.3817971
0.10 106 54 10.5183217 17.0000000 0.3812752
0.09 107 43 10.5280975 17.0000000 0.3807001
0.09 108 76 10.5331883 17.0000000 0.3804007
0.10 109 42 10.5391378 17.0000000 0.3800507
0.09 110 43 10.5449123 17.0000000 0.3797110
0.09 111 42 10.5503378 17.0000000 0.3793919
0.09 112 58 10.5562058 17.0000000 0.3790467
0.10 113 47 10.5593922 17.0000000 0.3788593
0.11 114 63 10.5594997 17.0000000 0.3788530
0.09 115 68 10.5594997 17.0000000 0.3788530
0.09 116 38 10.5594997 17.0000000 0.3788530
0.09 117 70 10.5594997 17.0000000 0.3788530
0.08 118 39 10.5594997 17.0000000 0.3788530
0.08 119 37 10.5594997 17.0000000 0.3788530
0.07 120 51 10.5594997 17.0000000 0.3788530
0.08 121 40 10.5594997 17.0000000 0.3788530
0.08 122 40 10.5594997 17.0000000 0.3788530
0.08 123 51 10.5594997 17.0000000 0.3788530
0.08 124 40 10.5594997 17.0000000 0.3788530
0.08 125 29 10.5594997 17.0000000 0.3788530
0.08 126 35 10.5594997 17.0000000 0.3788530
0.09 127 30 10.5594997 17.0000000 0.3788530
0.08 128 32 10.5594997 17.0000000 0.3788530
0.08 129 50 10.5594997 17.0000000 0.3788530
0.09 130 45 10.5594997 17.0000000 0.3788530
0.08 131 47 10.5594997 17.0000000 0.3788530
0.08 132 30 10.5594997 17.0000000 0.3788530
0.08 133 52 10.5594997 17.0000000 0.3788530
0.08 134 36 10.5594997 17.0000000 0.3788530
0.08 135 38 10.5594997 17.0000000 0.3788530
0.08 136 55 10.5594997 17.0000000 0.3788530
0.08 137 48 10.5594997 17.0000000 0.3788530
0.08 138 36 10.5594997 17.0000000 0.3788530
0.08 139 30 10.5594997 17.0000000 0.3788530
0.08 140 39 10.5594997 17.0000000 0.3788530
0.09 141 23 10.5594997 17.0000000 0.3788530
0.08 142 37 10.5594997 17.0000000 0.3788530
0.08 143 61 10.5594997 17.0000000 0.3788530
0.08 144 36 10.5594997 17.0000000 0.3788530
0.08 145 55 10.5594997 17.0000000 0.3788530
0.09 146 50 10.5594997 17.0000000 0.3788530
0.08 147 36 10.5594997 17.0000000 0.3788530
0.09 148 33 10.5594997 17.0000000 0.3788530
0.08 149 33 10.5594997 17.0000000 0.3788530
0.09 150 46 10.5594997 17.0000000 0.3788530
0.08 151 43 10.5594997 17.0000000 0.3788530
0.09 152 27 10.5594997 17.0000000 0.3788530
0.09 153 50 10.5594997 17.0000000 0.3788530
0.09 154 33 10.5594997 17.0000000 0.3788530
0.08 155 38 10.5594997 17.0000000 0.3788530
0.07 156 58 10.5594997 17.0000000 0.3788530
0.08 157 45 10.5594997 17.0000000 0.3788530
0.08 158 43 10.5594997 17.0000000 0.3788530
0.08 159 41 10.5594997 17.0000000 0.3788530
0.08 160 57 10.5594997 17.0000000 0.3788530
0.09 161 75 10.5594997 17.0000000 0.3788530
0.09 162 30 10.5594997 17.0000000 0.3788530
0.08 163 45 10.5594997 17.0000000 0.3788530
0.09 164 44 10.5594997 17.0000000 0.3788530
0.09 165 66 10.5594997 17.0000000 0.3788530
0.09 166 39 10.5594997 17.0000000 0.3788530
0.08 167 39 10.5594997 17.0000000 0.3788530
0.09 168 53 10.5594997 17.0000000 0.3788530
0.10 169 22 10.5594997 17.0000000 0.3788530
0.09 170 47 10.5594997 17.0000000 0.3788530
0.09 171 38 10.5594997 17.0000000 0.3788530
0.09 172 38 10.5594997 17.0000000 0.3788530
0.08 173 30 10.5594997 17.0000000 0.3788530
0.08 174 33 10.5594997 17.0000000 0.3788530
0.08 175 26 10.5594997 17.0000000 0.3788530
0.08 176 46 10.5594997 17.0000000 0.3788530
0.09 177 27 10.5594997 17.0000000 0.3788530
0.09 178 30 10.5594997 17.0000000 0.3788530
0.08 179 46 10.5594997 17.0000000 0.3788530
0.09 180 29 10.5594997 17.0000000 0.3788530
