0.52 0 0 51.5681818 59.0000000 0.1259630
0.00 1 56 52.2555096 59.0000000 0.1143134
0.00 2 73 52.8451386 59.0000000 0.1043197
0.01 3 61 53.3818925 59.0000000 0.0952222
0.01 4 79 53.8932404 59.0000000 0.0865552
0.01 5 85 54.4590431 59.0000000 0.0769654
0.01 6 97 54.6987665 59.0000000 0.0729023
0.01 7 87 54.9958948 59.0000000 0.0678662
0.01 8 93 55.1781419 59.0000000 0.0647773
0.01 9 106 55.4052740 59.0000000 0.0609276
0.01 10 95 55.6060108 59.0000000 0.0575252
0.01 11 85 55.6949029 59.0000000 0.0560186
0.01 12 82 55.7948400 59.0000000 0.0543247
0.01 13 92 55.9202674 59.0000000 0.0521989
0.01 14 97 56.0378174 59.0000000 0.0502065
0.01 15 88 56.2116734 59.0000000 0.0472598
0.01 16 79 56.3158404 59.0000000 0.0454942
0.02 17 95 56.4808937 59.0000000 0.0426967
0.02 18 114 56.5701087 59.0000000 0.0411846
0.02 19 86 56.6364480 59.0000000 0.0400602
0.02 20 98 56.7655550 59.0000000 0.0378719
0.02 21 103 56.9289402 59.0000000 0.0351027
0.02 22 95 57.0481649 59.0000000 0.0330820
0.03 23 101 57.1398112 59.0000000 0.0315286
0.03 24 96 57.2325411 59.0000000 0.0299569
0.02 25 77 57.3371302 59.0000000 0.0281842
0.03 26 95 57.4275905 59.0000000 0.0266510
0.03 27 76 57.4976825 59.0000000 0.0254630
0.03 28 70 57.5746739 59.0000000 0.0241581
0.03 29 88 57.6680840 59.0000000 0.0225748
0.03 30 78 57.7270973 59.0000000 0.0215746
0.04 31 71 57.7996443 59.0000000 0.0203450
0.03 32 90 57.8414944 59.0000000 0.0196357
0.04 33 66 57.8926748 59.0000000 0.0187682
0.03 34 81 57.9415656 59.0000000 0.0179396
0.04 35 74 57.9787319 59.0000000 0.0173096
0.04 36 52 58.0125797 59.0000000 0.0167359
0.04 37 84 58.0553209 59.0000000 0.0160115
0.04 38 60 58.1003412 59.0000000 0.0152485
0.03 39 55 58.1167490 59.0000000 0.0149704
0.04 40 65 58.1351142 59.0000000 0.0146591
0.04 41 60 58.1755521 59.0000000 0.0139737
0.04 42 80 58.2052214 59.0000000 0.0134708
0.05 43 69 58.2293006 59.0000000 0.0130627
0.05 44 62 58.2523156 59.0000000 0.0126726
0.05 45 61 58.2738284 59.0000000 0.0123080
0.04 46 61 58.3004753 59.0000000 0.0118564
0.06 47 50 58.3309186 59.0000000 0.0113404
0.04 48 43 58.3573596 59.0000000 0.0108922
0.06 49 51 58.3720112 59.0000000 0.0106439
0.03 50 40 58.3826599 59.0000000 0.0104634
0.03 51 37 58.3916270 59.0000000 0.0103114
0.05 52 43 58.4090767 59.0000000 0.0100156
0.05 53 48 58.4276368 59.0000000 0.0097011
0.05 54 31 58.4406282 59.0000000 0.0094809
0.07 55 35 58.4520535 59.0000000 0.0092872
0.04 56 36 58.4660253 59.0000000 0.0090504
0.05 57 43 58.4777813 59.0000000 0.0088512
0.05 58 39 58.5026987 59.0000000 0.0084288
0.06 59 32 58.5117006 59.0000000 0.0082763
0.04 60 28 58.5178739 59.0000000 0.0081716
0.03 61 13 58.5206516 59.0000000 0.0081245
0.03 62 36 58.5284791 59.0000000 0.0079919
0.04 63 23 58.5342426 59.0000000 0.0078942
0.04 64 27 58.5381202 59.0000000 0.0078285
0.05 65 23 58.5446442 59.0000000 0.0077179
0.05 66 22 58.5473252 59.0000000 0.0076725
0.04 67 29 58.5530169 59.0000000 0.0075760
0.04 68 15 58.5555084 59.0000000 0.0075338
0.04 69 21 58.5591294 59.0000000 0.0074724
0.04 70 28 58.5647172 59.0000000 0.0073777
0.03 71 6 58.5672875 59.0000000 0.0073341
0.05 72 21 58.5709174 59.0000000 0.0072726
0.05 73 34 58.5768041 59.0000000 0.0071728
0.05 74 21 58.5819638 59.0000000 0.0070854
0.04 75 16 58.5861540 59.0000000 0.0070143
0.04 76 8 58.5869903 59.0000000 0.0070002
0.07 77 20 58.5886892 59.0000000 0.0069714
0.07 78 27 58.5917895 59.0000000 0.0069188
0.05 79 23 58.5960650 59.0000000 0.0068464
0.04 80 20 58.5981597 59.0000000 0.0068109
0.04 81 12 58.6006041 59.0000000 0.0067694
0.05 82 18 58.6019118 59.0000000 0.0067473
0.06 83 14 58.6025723 59.0000000 0.0067361
0.06 84 22 58.6083967 59.0000000 0.0066373
0.03 85 14 58.6119472 59.0000000 0.0065772
0.04 86 17 58.6157485 59.0000000 0.0065127
0.04 87 28 58.6213641 59.0000000 0.0064176
0.05 88 20 58.6253251 59.0000000 0.0063504
0.05 89 18 58.6276279 59.0000000 0.0063114
0.04 90 13 58.6323536 59.0000000 0.0062313
0.06 91 32 58.6343797 59.0000000 0.0061970
0.06 92 17 58.6365630 59.0000000 0.0061599
0.07 93 21 58.6396411 59.0000000 0.0061078
0.06 94 18 58.6420914 59.0000000 0.0060662
0.06 95 32 58.6451527 59.0000000 0.0060144
0.05 96 13 58.6482677 59.0000000 0.0059616
0.06 97 26 58.6522102 59.0000000 0.0058947
0.03 98 10 58.6538993 59.0000000 0.0058661
0.05 99 8 58.6542917 59.0000000 0.0058595
0.06 100 16 58.6576772 59.0000000 0.0058021
0.06 101 14 58.6597670 59.0000000 0.0057667
0.06 102 19 58.6611639 59.0000000 0.0057430
0.05 103 12 58.6627042 59.0000000 0.0057169
0.04 104 8 58.6653935 59.0000000 0.0056713
0.05 105 21 58.6680008 59.0000000 0.0056271
0.05 106 25 58.6704624 59.0000000 0.0055854
0.02 107 23 58.6731355 59.0000000 0.0055401
0.08 108 20 58.6754279 59.0000000 0.0055012
0.05 109 8 58.6755463 59.0000000 0.0054992
0.08 110 11 58.6767625 59.0000000 0.0054786
0.06 111 13 58.6782167 59.0000000 0.0054540
0.04 112 9 58.6788664 59.0000000 0.0054429
0.05 113 24 58.6809002 59.0000000 0.0054085
0.07 114 16 58.6853681 59.0000000 0.0053327
0.05 115 18 58.6873282 59.0000000 0.0052995
0.05 116 13 58.6888331 59.0000000 0.0052740
0.05 117 12 58.6908636 59.0000000 0.0052396
