0.51 0 0 283.9494048 306.0000000 0.0720608
0.00 1 46 285.3413844 306.0000000 0.0675118
0.01 2 76 286.4827007 306.0000000 0.0637820
0.01 3 52 287.6015709 306.0000000 0.0601256
0.01 4 63 288.6566414 306.0000000 0.0566776
0.01 5 75 289.4292371 306.0000000 0.0541528
0.01 6 86 290.2205784 306.0000000 0.0515667
0.01 7 74 290.8890713 306.0000000 0.0493821
0.01 8 63 292.2554174 306.0000000 0.0449169
0.01 9 85 292.9023742 306.0000000 0.0428027
0.01 10 84 293.4976007 306.0000000 0.0408575
0.01 11 78 293.9978157 306.0000000 0.0392228
0.01 12 65 294.6489771 306.0000000 0.0370948
0.01 13 63 295.0892699 306.0000000 0.0356560
0.01 14 59 295.2915068 306.0000000 0.0349951
0.01 15 59 295.6212114 306.0000000 0.0339176
0.01 16 64 296.0393991 306.0000000 0.0325510
0.02 17 66 296.4601329 306.0000000 0.0311760
0.01 18 64 296.8083775 306.0000000 0.0300380
0.01 19 49 296.9737482 306.0000000 0.0294976
0.01 20 29 297.1359603 306.0000000 0.0289674
0.01 21 53 297.3498320 306.0000000 0.0282685
0.01 22 51 297.5710362 306.0000000 0.0275456
0.02 23 50 297.7847513 306.0000000 0.0268472
0.01 24 62 298.0027036 306.0000000 0.0261350
0.02 25 42 298.1680252 306.0000000 0.0255947
0.01 26 29 298.3792165 306.0000000 0.0249045
0.02 27 44 298.6130201 306.0000000 0.0241405
0.01 28 61 298.7930440 306.0000000 0.0235521
0.02 29 55 298.9327005 306.0000000 0.0230957
0.01 30 42 299.0543368 306.0000000 0.0226982
0.02 31 55 299.2085188 306.0000000 0.0221944
0.02 32 53 299.4589343 306.0000000 0.0213760
0.02 33 41 299.6436191 306.0000000 0.0207725
0.02 34 38 299.8360021 306.0000000 0.0201438
0.02 35 35 299.9487224 306.0000000 0.0197754
0.02 36 59 300.0850413 306.0000000 0.0193299
0.02 37 34 300.2686474 306.0000000 0.0187299
0.02 38 34 300.3423938 306.0000000 0.0184889
0.03 39 42 300.6805794 306.0000000 0.0173837
0.03 40 45 300.8638002 306.0000000 0.0167850
0.02 41 32 300.9480591 306.0000000 0.0165096
0.03 42 48 301.1229678 306.0000000 0.0159380
0.03 43 45 301.2104211 306.0000000 0.0156522
0.02 44 27 301.2982274 306.0000000 0.0153653
0.02 45 29 301.3884667 306.0000000 0.0150704
0.03 46 54 301.4279425 306.0000000 0.0149414
0.03 47 41 301.4604089 306.0000000 0.0148353
0.02 48 27 301.5011161 306.0000000 0.0147022
0.01 49 10 301.5043572 306.0000000 0.0146916
0.02 50 14 301.5135075 306.0000000 0.0146617
0.02 51 34 301.5568620 306.0000000 0.0145201
0.02 52 30 301.5759805 306.0000000 0.0144576
0.02 53 24 301.5982477 306.0000000 0.0143848
0.02 54 31 301.6259275 306.0000000 0.0142944
0.02 55 18 301.6300878 306.0000000 0.0142808
0.02 56 17 301.6415803 306.0000000 0.0142432
0.02 57 11 301.6529186 306.0000000 0.0142061
0.02 58 9 301.6632179 306.0000000 0.0141725
0.02 59 8 301.6761756 306.0000000 0.0141301
0.02 60 12 301.6957613 306.0000000 0.0140661
0.02 61 5 301.7080309 306.0000000 0.0140260
0.03 62 8 301.7235046 306.0000000 0.0139755
0.03 63 10 301.7427369 306.0000000 0.0139126
0.03 64 2 301.7469410 306.0000000 0.0138989
0.03 65 18 301.7618979 306.0000000 0.0138500
0.03 66 9 301.7796611 306.0000000 0.0137920
0.02 67 4 301.7821399 306.0000000 0.0137839
0.03 68 11 301.7966169 306.0000000 0.0137365
0.03 69 13 301.8139413 306.0000000 0.0136799
0.02 70 17 301.8370506 306.0000000 0.0136044
0.02 71 13 301.8491283 306.0000000 0.0135649
0.02 72 15 301.8602467 306.0000000 0.0135286
0.02 73 15 301.8873257 306.0000000 0.0134401
0.02 74 20 301.8969402 306.0000000 0.0134087
0.02 75 20 301.9057092 306.0000000 0.0133800
0.02 76 19 301.9149207 306.0000000 0.0133499
0.03 77 13 301.9229359 306.0000000 0.0133237
0.03 78 18 301.9269921 306.0000000 0.0133105
0.02 79 16 301.9362399 306.0000000 0.0132803
0.03 80 23 301.9485164 306.0000000 0.0132401
0.03 81 15 301.9684105 306.0000000 0.0131751
0.02 82 22 301.9878325 306.0000000 0.0131117
0.02 83 9 301.9918509 306.0000000 0.0130985
0.02 84 12 302.0000000 306.0000000 0.0130719
0.00 85 3 302.0133242 306.0000000 0.0130284
0.03 86 11 302.0165595 306.0000000 0.0130178
0.02 87 7 302.0214700 306.0000000 0.0130017
0.03 88 9 302.0290583 306.0000000 0.0129769
0.02 89 3 302.0290583 306.0000000 0.0129769
0.02 90 3 302.0290583 306.0000000 0.0129769
0.02 91 3 302.0302068 306.0000000 0.0129732
0.02 92 5 302.0365447 306.0000000 0.0129525
0.02 93 7 302.0462788 306.0000000 0.0129207
0.02 94 16 302.0500062 306.0000000 0.0129085
0.02 95 14 302.0554411 306.0000000 0.0128907
0.02 96 17 302.0736732 306.0000000 0.0128311
0.02 97 4 302.0833109 306.0000000 0.0127996
0.02 98 8 302.0848411 306.0000000 0.0127946
0.02 99 20 302.0896089 306.0000000 0.0127791
0.02 100 2 302.0979785 306.0000000 0.0127517
0.03 101 4 302.1002809 306.0000000 0.0127442
0.03 102 10 302.1031410 306.0000000 0.0127348
0.03 103 9 302.1056017 306.0000000 0.0127268
0.02 104 3 302.1102130 306.0000000 0.0127117
0.02 105 4 302.1147105 306.0000000 0.0126970
0.02 106 3 302.1242186 306.0000000 0.0126660
0.02 107 8 302.1362936 306.0000000 0.0126265
0.02 108 11 302.1465466 306.0000000 0.0125930
0.02 109 16 302.1478435 306.0000000 0.0125887
0.02 110 11 302.1530311 306.0000000 0.0125718
0.02 111 9 302.1576939 306.0000000 0.0125566
0.02 112 4 302.1672239 306.0000000 0.0125254
0.01 113 9 302.1713277 306.0000000 0.0125120
0.02 114 8 302.1742438 306.0000000 0.0125025
0.02 115 7 302.1745108 306.0000000 0.0125016
0.01 116 5 302.1825765 306.0000000 0.0124752
0.02 117 14 302.1926841 306.0000000 0.0124422
0.02 118 7 302.2045289 306.0000000 0.0124035
0.02 119 12 302.2060914 306.0000000 0.0123984
0.02 120 4 302.2060914 306.0000000 0.0123984
0.02 121 4 302.2060914 306.0000000 0.0123984
0.02 122 4 302.2077818 306.0000000 0.0123929
0.03 123 9 302.2097087 306.0000000 0.0123866
0.02 124 6 302.2150056 306.0000000 0.0123693
0.02 125 6 302.2206492 306.0000000 0.0123508
0.03 126 11 302.2287993 306.0000000 0.0123242
0.02 127 5 302.2370789 306.0000000 0.0122971
0.02 128 4 302.2431337 306.0000000 0.0122773
0.01 129 8 302.2490130 306.0000000 0.0122581
0.02 130 4 302.2517845 306.0000000 0.0122491
0.02 131 3 302.2531513 306.0000000 0.0122446
