0.25 0 0 53.0000000 58.0000000 0.0862069
0.00 1 101 53.1666667 58.0000000 0.0833333
0.00 2 65 53.1666667 58.0000000 0.0833333
0.00 3 82 53.2380952 58.0000000 0.0821018
0.01 4 94 53.5000000 58.0000000 0.0775862
0.01 5 81 53.5000000 58.0000000 0.0775862
0.01 6 86 53.5000000 58.0000000 0.0775862
0.01 7 78 53.5144928 58.0000000 0.0773363
0.01 8 84 53.5303030 58.0000000 0.0770637
0.01 9 76 53.5512821 58.0000000 0.0767020
0.01 10 70 53.6666667 58.0000000 0.0747126
0.01 11 75 53.6666667 58.0000000 0.0747126
0.01 12 55 53.6666667 58.0000000 0.0747126
0.01 13 61 53.6666667 58.0000000 0.0747126
0.01 14 75 53.6666667 58.0000000 0.0747126
0.01 15 65 53.7009456 58.0000000 0.0741216
0.01 16 62 53.7083333 58.0000000 0.0739943
0.01 17 65 53.7400110 58.0000000 0.0734481
0.01 18 59 53.7703793 58.0000000 0.0729245
0.01 19 42 53.7767857 58.0000000 0.0728140
0.01 20 46 53.7836439 58.0000000 0.0726958
0.01 21 46 53.8053241 58.0000000 0.0723220
0.01 22 55 53.8157672 58.0000000 0.0721419
0.01 23 50 53.8338650 58.0000000 0.0718299
0.01 24 47 53.8366422 58.0000000 0.0717820
0.01 25 52 53.8471440 58.0000000 0.0716010
0.01 26 41 53.8564292 58.0000000 0.0714409
0.01 27 37 53.8792659 58.0000000 0.0710471
0.01 28 43 53.8941531 58.0000000 0.0707905
0.01 29 47 53.9036363 58.0000000 0.0706270
0.01 30 49 53.9298725 58.0000000 0.0701746
0.01 31 43 53.9401042 58.0000000 0.0699982
0.01 32 39 53.9577486 58.0000000 0.0696940
0.01 33 42 53.9686975 58.0000000 0.0695052
0.01 34 41 53.9749666 58.0000000 0.0693971
0.01 35 47 53.9885802 58.0000000 0.0691624
0.01 36 37 54.0061143 58.0000000 0.0688601
0.01 37 39 54.0140449 58.0000000 0.0687234
0.01 38 46 54.0257895 58.0000000 0.0685209
0.01 39 43 54.0322815 58.0000000 0.0684089
0.01 40 43 54.0425113 58.0000000 0.0682326
0.01 41 50 54.0431305 58.0000000 0.0682219
0.01 42 47 54.0559643 58.0000000 0.0680006
0.02 43 49 54.0653254 58.0000000 0.0678392
0.02 44 50 54.0678030 58.0000000 0.0677965
0.01 45 31 54.0766099 58.0000000 0.0676447
0.02 46 48 54.0815752 58.0000000 0.0675590
0.01 47 40 54.0833333 58.0000000 0.0675287
0.02 48 44 54.0851417 58.0000000 0.0674976
0.02 49 43 54.0897640 58.0000000 0.0674179
0.01 50 35 54.0913024 58.0000000 0.0673913
0.02 51 42 54.1164343 58.0000000 0.0669580
0.02 52 43 54.1193964 58.0000000 0.0669070
0.02 53 38 54.1261655 58.0000000 0.0667902
0.01 54 42 54.1309524 58.0000000 0.0667077
0.01 55 33 54.1309524 58.0000000 0.0667077
0.02 56 44 54.1309524 58.0000000 0.0667077
0.01 57 39 54.1311898 58.0000000 0.0667036
0.01 58 42 54.1312903 58.0000000 0.0667019
0.02 59 39 54.1337231 58.0000000 0.0666599
0.02 60 41 54.1370012 58.0000000 0.0666034
0.01 61 37 54.1381119 58.0000000 0.0665843
0.01 62 34 54.1381119 58.0000000 0.0665843
0.02 63 35 54.1404642 58.0000000 0.0665437
0.02 64 34 54.1431455 58.0000000 0.0664975
0.02 65 40 54.1457115 58.0000000 0.0664532
0.02 66 41 54.1472702 58.0000000 0.0664264
0.02 67 29 54.1497781 58.0000000 0.0663831
0.02 68 39 54.1524627 58.0000000 0.0663369
0.02 69 38 54.1574095 58.0000000 0.0662516
0.02 70 37 54.1606897 58.0000000 0.0661950
0.02 71 33 54.1731459 58.0000000 0.0659802
0.02 72 29 54.1755346 58.0000000 0.0659391
0.02 73 35 54.1821763 58.0000000 0.0658245
0.03 74 53 54.1897895 58.0000000 0.0656933
0.02 75 35 54.1957399 58.0000000 0.0655907
0.02 76 45 54.2021294 58.0000000 0.0654805
0.02 77 35 54.2087936 58.0000000 0.0653656
0.03 78 43 54.2114654 58.0000000 0.0653196
0.02 79 42 54.2174907 58.0000000 0.0652157
0.03 80 48 54.2280406 58.0000000 0.0650338
0.03 81 40 54.2339066 58.0000000 0.0649326
0.03 82 35 54.2396267 58.0000000 0.0648340
0.03 83 38 54.2463216 58.0000000 0.0647186
0.03 84 39 54.2558442 58.0000000 0.0645544
0.03 85 32 54.2587558 58.0000000 0.0645042
0.02 86 25 54.2600833 58.0000000 0.0644813
0.02 87 35 54.2646611 58.0000000 0.0644024
0.03 88 36 54.2714309 58.0000000 0.0642857
0.03 89 43 54.2848238 58.0000000 0.0640548
0.03 90 35 54.2922950 58.0000000 0.0639259
0.03 91 32 54.2927711 58.0000000 0.0639177
0.03 92 36 54.2949547 58.0000000 0.0638801
0.03 93 35 54.2986953 58.0000000 0.0638156
0.03 94 43 54.3095776 58.0000000 0.0636280
0.04 95 34 54.3173661 58.0000000 0.0634937
0.03 96 35 54.3251264 58.0000000 0.0633599
0.04 97 41 54.3320530 58.0000000 0.0632405
0.04 98 45 54.3385058 58.0000000 0.0631292
0.04 99 36 54.3436124 58.0000000 0.0630412
0.04 100 34 54.3481292 58.0000000 0.0629633
0.04 101 33 54.3531953 58.0000000 0.0628759
0.04 102 45 54.3571135 58.0000000 0.0628084
0.05 103 37 54.3606463 58.0000000 0.0627475
0.05 104 41 54.3638803 58.0000000 0.0626917
0.05 105 39 54.3698815 58.0000000 0.0625883
0.05 106 42 54.3735264 58.0000000 0.0625254
0.05 107 37 54.3766592 58.0000000 0.0624714
0.04 108 29 54.3802123 58.0000000 0.0624101
0.04 109 19 54.3850950 58.0000000 0.0623259
0.04 110 28 54.3922404 58.0000000 0.0622028
0.05 111 33 54.3983320 58.0000000 0.0620977
0.04 112 26 54.4058624 58.0000000 0.0619679
0.03 113 30 54.4095848 58.0000000 0.0619037
0.04 114 22 54.4185677 58.0000000 0.0617488
0.04 115 27 54.4240135 58.0000000 0.0616549
0.04 116 20 54.4290167 58.0000000 0.0615687
0.05 117 32 54.4332601 58.0000000 0.0614955
0.05 118 36 54.4406797 58.0000000 0.0613676
0.04 119 30 54.4490508 58.0000000 0.0612233
0.04 120 29 54.4551240 58.0000000 0.0611186
0.04 121 30 54.4599502 58.0000000 0.0610353
0.03 122 32 54.4617724 58.0000000 0.0610039
0.04 123 32 54.4645722 58.0000000 0.0609557
0.03 124 33 54.4654993 58.0000000 0.0609397
0.04 125 33 54.4672437 58.0000000 0.0609096
0.04 126 30 54.4694757 58.0000000 0.0608711
0.04 127 28 54.4717155 58.0000000 0.0608325
0.04 128 27 54.4740590 58.0000000 0.0607921
0.04 129 32 54.4785423 58.0000000 0.0607148
0.05 130 33 54.4812920 58.0000000 0.0606674
0.05 131 32 54.4845855 58.0000000 0.0606106
0.05 132 31 54.4886284 58.0000000 0.0605409
0.05 133 28 54.4925849 58.0000000 0.0604727
0.05 134 31 54.4967581 58.0000000 0.0604007
0.05 135 36 54.5026415 58.0000000 0.0602993
0.05 136 32 54.5101304 58.0000000 0.0601702
0.05 137 37 54.5166113 58.0000000 0.0600584
0.05 138 30 54.5203319 58.0000000 0.0599943
0.05 139 32 54.5230794 58.0000000 0.0599469
0.06 140 38 54.5268960 58.0000000 0.0598811
0.06 141 34 54.5318956 58.0000000 0.0597949
0.07 142 40 54.5354637 58.0000000 0.0597334
0.06 143 43 54.5421235 58.0000000 0.0596186
0.07 144 39 54.5486563 58.0000000 0.0595059
0.05 145 32 54.5520319 58.0000000 0.0594477
0.05 146 33 54.5559929 58.0000000 0.0593794
0.05 147 34 54.5616023 58.0000000 0.0592827
0.06 148 43 54.5635304 58.0000000 0.0592495
0.03 149 36 54.5653142 58.0000000 0.0592187
0.06 150 34 54.5692780 58.0000000 0.0591504
0.06 151 37 54.5699223 58.0000000 0.0591393
0.06 152 28 54.5717875 58.0000000 0.0591071
0.06 153 26 54.5743118 58.0000000 0.0590636
0.05 154 32 54.5772813 58.0000000 0.0590124
0.06 155 37 54.5799007 58.0000000 0.0589672
0.04 156 31 54.5822282 58.0000000 0.0589271
0.07 157 41 54.5833333 58.0000000 0.0589080
0.01 158 12 54.5833333 58.0000000 0.0589080
0.02 159 26 54.5833333 58.0000000 0.0589080
0.01 160 25 54.5833333 58.0000000 0.0589080
0.02 161 31 54.5834577 58.0000000 0.0589059
0.05 162 19 54.5855562 58.0000000 0.0588697
0.06 163 38 54.5866667 58.0000000 0.0588506
0.02 164 21 54.5880077 58.0000000 0.0588275
0.07 165 29 54.5906891 58.0000000 0.0587812
0.05 166 16 54.5909091 58.0000000 0.0587774
0.01 167 9 54.5916667 58.0000000 0.0587644
0.02 168 20 54.5941517 58.0000000 0.0587215
0.04 169 30 54.5952381 58.0000000 0.0587028
0.01 170 11 54.5952381 58.0000000 0.0587028
0.02 171 13 54.5952381 58.0000000 0.0587028
0.02 172 17 54.5952381 58.0000000 0.0587028
0.02 173 15 54.5952381 58.0000000 0.0587028
0.02 174 15 54.5952381 58.0000000 0.0587028
0.02 175 22 54.5952381 58.0000000 0.0587028
0.02 176 23 54.5952381 58.0000000 0.0587028
0.02 177 18 54.5963812 58.0000000 0.0586831
0.06 178 24 54.5981969 58.0000000 0.0586518
0.07 179 20 54.6054062 58.0000000 0.0585275
0.06 180 26 54.6067428 58.0000000 0.0585044
0.03 181 26 54.6091902 58.0000000 0.0584622
0.06 182 26 54.6101903 58.0000000 0.0584450
0.06 183 24 54.6109787 58.0000000 0.0584314
0.06 184 18 54.6133906 58.0000000 0.0583898
0.07 185 21 54.6175633 58.0000000 0.0583179
0.06 186 22 54.6186947 58.0000000 0.0582984
0.02 187 15 54.6220857 58.0000000 0.0582399
0.07 188 30 54.6231271 58.0000000 0.0582219
0.06 189 14 54.6290535 58.0000000 0.0581198
0.07 190 31 54.6335172 58.0000000 0.0580428
0.09 191 40 54.6347631 58.0000000 0.0580213
0.08 192 28 54.6353538 58.0000000 0.0580111
0.07 193 19 54.6378546 58.0000000 0.0579680
0.07 194 22 54.6407483 58.0000000 0.0579181
0.06 195 20 54.6419744 58.0000000 0.0578970
0.02 196 17 54.6454347 58.0000000 0.0578373
0.02 197 24 54.6481377 58.0000000 0.0577907
0.08 198 33 54.6522456 58.0000000 0.0577199
0.02 199 13 54.6546301 58.0000000 0.0576788
0.06 200 25 54.6570026 58.0000000 0.0576379
0.02 201 24 54.6571353 58.0000000 0.0576356
0.03 202 27 54.6583143 58.0000000 0.0576153
0.03 203 27 54.6600710 58.0000000 0.0575850
0.06 204 25 54.6620402 58.0000000 0.0575510
0.02 205 17 54.6626200 58.0000000 0.0575410
0.07 206 23 54.6643440 58.0000000 0.0575113
0.06 207 19 54.6646294 58.0000000 0.0575064
0.06 208 12 54.6646294 58.0000000 0.0575064
0.06 209 19 54.6649127 58.0000000 0.0575015
0.07 210 21 54.6658743 58.0000000 0.0574849
0.03 211 20 54.6666667 58.0000000 0.0574713
0.01 212 10 54.6666667 58.0000000 0.0574713
0.02 213 22 54.6666667 58.0000000 0.0574713
0.03 214 25 54.6666667 58.0000000 0.0574713
0.02 215 14 54.6666667 58.0000000 0.0574713
0.02 216 20 54.6666667 58.0000000 0.0574713
0.02 217 25 54.6666667 58.0000000 0.0574713
0.02 218 14 54.6666667 58.0000000 0.0574713
0.01 219 10 54.6666667 58.0000000 0.0574713
0.02 220 12 54.6666667 58.0000000 0.0574713
0.01 221 4 54.6666667 58.0000000 0.0574713
0.02 222 6 54.6666667 58.0000000 0.0574713
0.02 223 10 54.6666667 58.0000000 0.0574713
0.01 224 10 54.6666667 58.0000000 0.0574713
0.01 225 9 54.6666667 58.0000000 0.0574713
0.02 226 12 54.6666667 58.0000000 0.0574713
0.01 227 8 54.6666667 58.0000000 0.0574713
0.02 228 18 54.6666667 58.0000000 0.0574713
0.01 229 7 54.6666667 58.0000000 0.0574713
0.01 230 5 54.6666667 58.0000000 0.0574713
0.01 231 4 54.6666667 58.0000000 0.0574713
0.02 232 14 54.6666667 58.0000000 0.0574713
0.02 233 19 54.6666667 58.0000000 0.0574713
0.02 234 16 54.6666667 58.0000000 0.0574713
0.01 235 2 54.6666667 58.0000000 0.0574713
