0.35 0 0 42.8270332 66.0000000 0.3511056
0.01 1 109 43.0576720 66.0000000 0.3476110
0.01 2 89 43.2853933 66.0000000 0.3441607
0.01 3 98 43.5885281 66.0000000 0.3395678
0.01 4 107 44.1062566 66.0000000 0.3317234
0.01 5 120 44.6027144 66.0000000 0.3242013
0.01 6 129 45.1126293 66.0000000 0.3164753
0.01 7 136 45.4469801 66.0000000 0.3114094
0.01 8 138 45.8067942 66.0000000 0.3059577
0.02 9 153 46.4080108 66.0000000 0.2968483
0.02 10 162 46.7487547 66.0000000 0.2916855
0.02 11 171 47.1925446 66.0000000 0.2849614
0.02 12 152 47.4248481 66.0000000 0.2814417
0.03 13 166 47.7133689 66.0000000 0.2770702
0.02 14 146 47.8574178 66.0000000 0.2748876
0.03 15 148 48.2054957 66.0000000 0.2696137
0.03 16 164 48.3855438 66.0000000 0.2668857
0.03 17 135 48.5404199 66.0000000 0.2645391
0.03 18 136 48.7698613 66.0000000 0.2610627
0.04 19 169 48.9911423 66.0000000 0.2577100
0.03 20 133 49.2068219 66.0000000 0.2544421
0.04 21 139 49.3452551 66.0000000 0.2523446
0.04 22 132 49.5114166 66.0000000 0.2498270
0.04 23 152 49.6996995 66.0000000 0.2469742
0.05 24 128 49.9046719 66.0000000 0.2438686
0.06 25 157 50.0554088 66.0000000 0.2415847
0.05 26 134 50.1797179 66.0000000 0.2397012
0.06 27 158 50.3370573 66.0000000 0.2373173
0.06 28 137 50.4709999 66.0000000 0.2352879
0.05 29 141 50.6197509 66.0000000 0.2330341
0.07 30 135 50.7730526 66.0000000 0.2307113
0.07 31 153 50.9079363 66.0000000 0.2286676
0.07 32 145 51.0134906 66.0000000 0.2270683
0.07 33 131 51.1483540 66.0000000 0.2250249
0.08 34 134 51.2777214 66.0000000 0.2230648
0.09 35 131 51.4265570 66.0000000 0.2208097
0.09 36 128 51.5606894 66.0000000 0.2187774
0.07 37 108 51.6533047 66.0000000 0.2173742
0.09 38 130 51.8314945 66.0000000 0.2146743
0.10 39 141 51.9819784 66.0000000 0.2123943
0.10 40 124 52.0983091 66.0000000 0.2106317
0.09 41 118 52.1727469 66.0000000 0.2095038
0.09 42 130 52.2570395 66.0000000 0.2082267
0.10 43 120 52.3700631 66.0000000 0.2065142
0.11 44 123 52.4883327 66.0000000 0.2047222
0.12 45 124 52.6003406 66.0000000 0.2030251
0.12 46 128 52.6898468 66.0000000 0.2016690
0.12 47 120 52.8222625 66.0000000 0.1996627
0.12 48 131 52.9150596 66.0000000 0.1982567
0.13 49 136 53.0067638 66.0000000 0.1968672
0.15 50 125 53.1197522 66.0000000 0.1951553
0.16 51 125 53.2312291 66.0000000 0.1934662
0.14 52 123 53.3454539 66.0000000 0.1917355
0.14 53 125 53.4129027 66.0000000 0.1907136
0.13 54 95 53.4981663 66.0000000 0.1894217
0.17 55 134 53.5792103 66.0000000 0.1881938
0.16 56 124 53.6571434 66.0000000 0.1870130
0.15 57 133 53.7119866 66.0000000 0.1861820
0.19 58 117 53.7786363 66.0000000 0.1851722
0.16 59 116 53.8530595 66.0000000 0.1840446
0.20 60 120 53.9227407 66.0000000 0.1829888
0.21 61 120 53.9868628 66.0000000 0.1820172
0.19 62 119 54.0619270 66.0000000 0.1808799
0.19 63 128 54.1123593 66.0000000 0.1801158
0.17 64 100 54.1670790 66.0000000 0.1792867
0.22 65 127 54.2294990 66.0000000 0.1783409
0.18 66 121 54.3029459 66.0000000 0.1772281
0.20 67 120 54.3576976 66.0000000 0.1763985
0.17 68 93 54.4066404 66.0000000 0.1756570
0.17 69 102 54.4697053 66.0000000 0.1747014
0.27 70 127 54.5214130 66.0000000 0.1739180
0.13 71 97 54.5669245 66.0000000 0.1732284
0.27 72 126 54.6296410 66.0000000 0.1722782
0.21 73 106 54.6722375 66.0000000 0.1716328
0.28 74 118 54.7297262 66.0000000 0.1707617
0.29 75 115 54.8008002 66.0000000 0.1696848
0.31 76 130 54.8537035 66.0000000 0.1688833
0.24 77 117 54.9053006 66.0000000 0.1681015
0.32 78 117 54.9684218 66.0000000 0.1671451
0.33 79 135 55.0330364 66.0000000 0.1661661
0.33 80 121 55.0890991 66.0000000 0.1653167
0.37 81 137 55.1405601 66.0000000 0.1645370
0.36 82 124 55.1794995 66.0000000 0.1639470
0.21 83 109 55.2075308 66.0000000 0.1635223
0.40 84 130 55.2570268 66.0000000 0.1627723
0.39 85 122 55.3252751 66.0000000 0.1617383
0.41 86 132 55.3894367 66.0000000 0.1607661
0.40 87 122 55.4349137 66.0000000 0.1600771
0.30 88 118 55.4774850 66.0000000 0.1594320
0.44 89 124 55.5187435 66.0000000 0.1588069
0.27 90 138 55.5632297 66.0000000 0.1581329
0.46 91 125 55.6101938 66.0000000 0.1574213
0.35 92 107 55.6597875 66.0000000 0.1566699
0.36 93 119 55.7006832 66.0000000 0.1560503
0.34 94 116 55.7444773 66.0000000 0.1553867
0.36 95 115 55.7799657 66.0000000 0.1548490
0.50 96 121 55.8251101 66.0000000 0.1541650
0.51 97 150 55.8603724 66.0000000 0.1536307
0.16 98 123 55.8894068 66.0000000 0.1531908
