0.20 0 0 49.0000000 51.0000000 0.0392157
0.00 1 86 49.0000000 51.0000000 0.0392157
0.00 2 48 49.0625000 51.0000000 0.0379902
0.00 3 59 49.0833333 51.0000000 0.0375817
0.00 4 55 49.0909091 51.0000000 0.0374332
0.00 5 54 49.2000000 51.0000000 0.0352941
0.00 6 41 49.2000000 51.0000000 0.0352941
0.00 7 49 49.2222222 51.0000000 0.0348584
0.00 8 52 49.2500000 51.0000000 0.0343137
0.00 9 27 49.2692308 51.0000000 0.0339367
0.00 10 37 49.2978723 51.0000000 0.0333751
0.00 11 54 49.3055556 51.0000000 0.0332244
0.01 12 45 49.3217822 51.0000000 0.0329062
0.00 13 42 49.3291139 51.0000000 0.0327625
0.01 14 44 49.3846154 51.0000000 0.0316742
0.00 15 38 49.3928571 51.0000000 0.0315126
0.01 16 47 49.4181818 51.0000000 0.0310160
0.01 17 53 49.4727273 51.0000000 0.0299465
0.01 18 40 49.5147059 51.0000000 0.0291234
0.01 19 42 49.5161290 51.0000000 0.0290955
0.01 20 37 49.5245902 51.0000000 0.0289296
0.01 21 40 49.5517241 51.0000000 0.0283976
0.01 22 44 49.5714286 51.0000000 0.0280112
0.01 23 36 49.5714286 51.0000000 0.0280112
0.01 24 38 49.5714286 51.0000000 0.0280112
0.01 25 29 49.5744681 51.0000000 0.0279516
0.01 26 41 49.5763889 51.0000000 0.0279139
0.01 27 47 49.5833333 51.0000000 0.0277778
0.01 28 53 49.5897436 51.0000000 0.0276521
0.01 29 52 49.5909091 51.0000000 0.0276292
0.01 30 45 49.5957447 51.0000000 0.0275344
0.01 31 43 49.6006885 51.0000000 0.0274375
0.01 32 41 49.6388889 51.0000000 0.0266885
0.01 33 31 49.6458333 51.0000000 0.0265523
0.01 34 47 49.6652174 51.0000000 0.0261722
0.01 35 34 49.6846591 51.0000000 0.0257910
0.01 36 33 49.6862745 51.0000000 0.0257593
0.01 37 31 49.6862745 51.0000000 0.0257593
0.01 38 29 49.6865672 51.0000000 0.0257536
0.01 39 37 49.6898396 51.0000000 0.0256894
0.01 40 38 49.6923077 51.0000000 0.0256410
0.01 41 29 49.6923077 51.0000000 0.0256410
0.01 42 35 49.6923077 51.0000000 0.0256410
0.01 43 28 49.7000000 51.0000000 0.0254902
0.01 44 23 49.7000000 51.0000000 0.0254902
0.01 45 22 49.7054054 51.0000000 0.0253842
0.01 46 25 49.7142857 51.0000000 0.0252101
0.01 47 22 49.7142857 51.0000000 0.0252101
0.01 48 17 49.7142857 51.0000000 0.0252101
0.01 49 20 49.7142857 51.0000000 0.0252101
0.01 50 26 49.7142857 51.0000000 0.0252101
0.01 51 23 49.7142857 51.0000000 0.0252101
0.01 52 25 49.7142857 51.0000000 0.0252101
0.01 53 19 49.7142857 51.0000000 0.0252101
0.01 54 26 49.7142857 51.0000000 0.0252101
0.01 55 22 49.7142857 51.0000000 0.0252101
0.01 56 28 49.7142857 51.0000000 0.0252101
0.01 57 18 49.7142857 51.0000000 0.0252101
0.01 58 24 49.7142857 51.0000000 0.0252101
0.01 59 23 49.7142857 51.0000000 0.0252101
0.01 60 24 49.7150000 51.0000000 0.0251961
0.01 61 24 49.7222222 51.0000000 0.0250545
0.01 62 24 49.7234043 51.0000000 0.0250313
0.01 63 21 49.7407407 51.0000000 0.0246914
0.01 64 27 49.7413793 51.0000000 0.0246788
0.01 65 28 49.7419355 51.0000000 0.0246679
0.01 66 28 49.7419355 51.0000000 0.0246679
0.01 67 32 49.7428571 51.0000000 0.0246499
0.01 68 30 49.7428571 51.0000000 0.0246499
0.01 69 26 49.7440000 51.0000000 0.0246275
0.01 70 27 49.7440000 51.0000000 0.0246275
0.01 71 31 49.7459459 51.0000000 0.0245893
0.01 72 28 49.7500000 51.0000000 0.0245098
0.01 73 27 49.7500000 51.0000000 0.0245098
0.02 74 31 49.7500000 51.0000000 0.0245098
0.01 75 27 49.7500000 51.0000000 0.0245098
0.01 76 25 49.7500000 51.0000000 0.0245098
0.01 77 25 49.7500000 51.0000000 0.0245098
0.01 78 28 49.7500000 51.0000000 0.0245098
0.01 79 28 49.7500000 51.0000000 0.0245098
0.01 80 27 49.7500000 51.0000000 0.0245098
0.01 81 30 49.7500000 51.0000000 0.0245098
0.02 82 33 49.7500000 51.0000000 0.0245098
0.01 83 30 49.7500000 51.0000000 0.0245098
0.01 84 29 49.7500000 51.0000000 0.0245098
0.01 85 26 49.7500000 51.0000000 0.0245098
0.02 86 32 49.7500000 51.0000000 0.0245098
0.02 87 29 49.7500000 51.0000000 0.0245098
0.02 88 28 49.7500000 51.0000000 0.0245098
0.02 89 30 49.7508251 51.0000000 0.0244936
0.02 90 34 49.7552083 51.0000000 0.0244077
0.02 91 17 49.7590361 51.0000000 0.0243326
0.01 92 18 49.7590361 51.0000000 0.0243326
0.01 93 13 49.7644046 51.0000000 0.0242274
0.01 94 21 49.7673575 51.0000000 0.0241695
0.01 95 18 49.7752809 51.0000000 0.0240141
0.01 96 14 49.7792208 51.0000000 0.0239368
0.01 97 16 49.7815126 51.0000000 0.0238919
0.01 98 18 49.7835821 51.0000000 0.0238513
0.02 99 23 49.7858431 51.0000000 0.0238070
0.02 100 32 49.7875000 51.0000000 0.0237745
0.02 101 33 49.7904762 51.0000000 0.0237162
0.02 102 19 49.7916264 51.0000000 0.0236936
0.01 103 17 49.7925907 51.0000000 0.0236747
0.02 104 18 49.7946698 51.0000000 0.0236339
0.02 105 17 49.7961595 51.0000000 0.0236047
0.02 106 16 49.7979698 51.0000000 0.0235692
0.02 107 20 49.8009901 51.0000000 0.0235100
0.01 108 16 49.8030181 51.0000000 0.0234702
0.01 109 15 49.8047329 51.0000000 0.0234366
0.02 110 23 49.8066717 51.0000000 0.0233986
0.02 111 18 49.8099808 51.0000000 0.0233337
0.02 112 15 49.8113143 51.0000000 0.0233076
0.02 113 18 49.8132213 51.0000000 0.0232702
0.02 114 21 49.8151081 51.0000000 0.0232332
0.02 115 13 49.8170743 51.0000000 0.0231946
0.02 116 15 49.8185832 51.0000000 0.0231650
0.02 117 17 49.8194953 51.0000000 0.0231472
0.02 118 16 49.8195155 51.0000000 0.0231468
0.02 119 22 49.8212690 51.0000000 0.0231124
0.02 120 18 49.8234683 51.0000000 0.0230692
0.02 121 17 49.8273413 51.0000000 0.0229933
0.02 122 22 49.8296222 51.0000000 0.0229486
0.03 123 31 49.8324593 51.0000000 0.0228930
0.02 124 24 49.8325682 51.0000000 0.0228908
0.02 125 20 49.8336269 51.0000000 0.0228701
0.02 126 18 49.8363242 51.0000000 0.0228172
0.03 127 25 49.8430738 51.0000000 0.0226848
0.03 128 32 49.8490815 51.0000000 0.0225670
0.02 129 25 49.8512275 51.0000000 0.0225250
0.03 130 24 49.8551063 51.0000000 0.0224489
0.02 131 27 49.8551225 51.0000000 0.0224486
0.03 132 39 49.8573416 51.0000000 0.0224051
0.03 133 25 49.8617685 51.0000000 0.0223183
0.02 134 24 49.8649095 51.0000000 0.0222567
0.02 135 26 49.8668182 51.0000000 0.0222193
0.03 136 26 49.8691757 51.0000000 0.0221730
0.02 137 21 49.8692304 51.0000000 0.0221720
0.03 138 30 49.8717854 51.0000000 0.0221219
0.02 139 23 49.8747522 51.0000000 0.0220637
0.02 140 21 49.8747706 51.0000000 0.0220633
0.02 141 16 49.8753451 51.0000000 0.0220521
0.02 142 20 49.8767670 51.0000000 0.0220242
0.02 143 23 49.8790299 51.0000000 0.0219798
0.02 144 18 49.8806253 51.0000000 0.0219485
0.02 145 22 49.8815980 51.0000000 0.0219295
0.02 146 19 49.8828190 51.0000000 0.0219055
0.03 147 25 49.8841906 51.0000000 0.0218786
0.02 148 14 49.8851104 51.0000000 0.0218606
0.02 149 18 49.8865656 51.0000000 0.0218320
0.03 150 19 49.8879592 51.0000000 0.0218047
0.03 151 22 49.8906815 51.0000000 0.0217513
0.03 152 24 49.8938299 51.0000000 0.0216896
0.03 153 26 49.8958359 51.0000000 0.0216503
0.03 154 23 49.8974479 51.0000000 0.0216187
0.03 155 25 49.8993214 51.0000000 0.0215819
0.03 156 25 49.9009869 51.0000000 0.0215493
0.03 157 21 49.9022509 51.0000000 0.0215245
0.03 158 23 49.9036035 51.0000000 0.0214980
0.03 159 22 49.9050123 51.0000000 0.0214703
0.03 160 20 49.9078424 51.0000000 0.0214149
0.03 161 18 49.9115914 51.0000000 0.0213413
0.03 162 20 49.9132754 51.0000000 0.0213083
0.03 163 20 49.9154170 51.0000000 0.0212663
0.04 164 26 49.9154253 51.0000000 0.0212662
0.04 165 22 49.9160299 51.0000000 0.0212543
0.03 166 26 49.9170087 51.0000000 0.0212351
0.03 167 20 49.9183938 51.0000000 0.0212080
0.03 168 17 49.9214032 51.0000000 0.0211490
0.03 169 25 49.9236652 51.0000000 0.0211046
0.03 170 16 49.9257290 51.0000000 0.0210641
0.04 171 18 49.9276412 51.0000000 0.0210266
0.03 172 26 49.9289696 51.0000000 0.0210006
0.03 173 19 49.9303435 51.0000000 0.0209737
0.03 174 21 49.9303536 51.0000000 0.0209735
0.03 175 14 49.9307975 51.0000000 0.0209648
0.03 176 25 49.9314497 51.0000000 0.0209520
0.04 177 18 49.9332043 51.0000000 0.0209176
0.03 178 16 49.9363702 51.0000000 0.0208555
0.03 179 24 49.9391538 51.0000000 0.0208009
0.03 180 23 49.9416010 51.0000000 0.0207529
0.03 181 22 49.9464118 51.0000000 0.0206586
0.03 182 20 49.9492975 51.0000000 0.0206020
0.03 183 19 49.9520497 51.0000000 0.0205480
0.03 184 21 49.9549074 51.0000000 0.0204920
0.04 185 18 49.9570361 51.0000000 0.0204503
0.03 186 19 49.9594281 51.0000000 0.0204034
0.03 187 22 49.9604729 51.0000000 0.0203829
0.03 188 22 49.9619947 51.0000000 0.0203530
0.03 189 16 49.9620294 51.0000000 0.0203524
0.03 190 17 49.9641760 51.0000000 0.0203103
0.04 191 19 49.9664565 51.0000000 0.0202656
0.04 192 16 49.9692128 51.0000000 0.0202115
0.04 193 26 49.9705962 51.0000000 0.0201844
0.05 194 24 49.9717290 51.0000000 0.0201622
0.05 195 25 49.9732055 51.0000000 0.0201332
0.04 196 22 49.9756592 51.0000000 0.0200851
0.04 197 28 49.9756843 51.0000000 0.0200846
0.04 198 19 49.9781787 51.0000000 0.0200357
0.04 199 17 49.9793946 51.0000000 0.0200119
0.04 200 20 49.9812648 51.0000000 0.0199752
0.04 201 19 49.9830875 51.0000000 0.0199395
0.04 202 22 49.9844776 51.0000000 0.0199122
0.04 203 25 49.9855674 51.0000000 0.0198908
0.04 204 28 49.9862476 51.0000000 0.0198775
0.05 205 27 49.9869422 51.0000000 0.0198639
0.04 206 18 49.9877868 51.0000000 0.0198473
0.04 207 18 49.9878302 51.0000000 0.0198465
0.05 208 20 49.9890834 51.0000000 0.0198219
0.04 209 22 49.9898924 51.0000000 0.0198060
0.05 210 17 49.9899034 51.0000000 0.0198058
0.05 211 28 49.9901249 51.0000000 0.0198015
0.05 212 25 49.9904782 51.0000000 0.0197945
0.06 213 22 49.9926579 51.0000000 0.0197518
0.05 214 23 49.9953492 51.0000000 0.0196990
0.05 215 20 49.9977041 51.0000000 0.0196529
0.05 216 19 49.9998818 51.0000000 0.0196102
0.04 217 16 50.0000000 51.0000000 0.0196078
0.02 218 23 50.0000000 51.0000000 0.0196078
0.02 219 12 50.0000000 51.0000000 0.0196078
0.02 220 20 50.0000000 51.0000000 0.0196078
0.02 221 17 50.0000000 51.0000000 0.0196078
0.02 222 19 50.0000000 51.0000000 0.0196078
0.01 223 14 50.0000000 51.0000000 0.0196078
0.02 224 22 50.0000000 51.0000000 0.0196078
0.02 225 14 50.0000000 51.0000000 0.0196078
0.01 226 2 50.0000000 51.0000000 0.0196078
0.02 227 11 50.0000000 51.0000000 0.0196078
0.01 228 7 50.0000000 51.0000000 0.0196078
0.02 229 15 50.0000000 51.0000000 0.0196078
0.01 230 11 50.0000000 51.0000000 0.0196078
0.02 231 15 50.0000000 51.0000000 0.0196078
0.01 232 11 50.0000000 51.0000000 0.0196078
0.02 233 16 50.0000000 51.0000000 0.0196078
0.02 234 12 50.0000000 51.0000000 0.0196078
0.01 235 8 50.0000000 51.0000000 0.0196078
0.01 236 10 50.0000000 51.0000000 0.0196078
0.02 237 14 50.0000000 51.0000000 0.0196078
0.01 238 10 50.0000000 51.0000000 0.0196078
0.02 239 11 50.0000000 51.0000000 0.0196078
0.01 240 7 50.0000000 51.0000000 0.0196078
0.01 241 7 50.0000000 51.0000000 0.0196078
0.02 242 13 50.0000000 51.0000000 0.0196078
0.02 243 17 50.0000000 51.0000000 0.0196078
0.02 244 15 50.0000000 51.0000000 0.0196078
0.01 245 12 50.0000000 51.0000000 0.0196078
0.01 246 8 50.0000000 51.0000000 0.0196078
0.02 247 9 50.0000000 51.0000000 0.0196078
0.02 248 18 50.0000000 51.0000000 0.0196078
0.02 249 20 50.0000000 51.0000000 0.0196078
0.02 250 12 50.0000000 51.0000000 0.0196078
0.02 251 10 50.0000000 51.0000000 0.0196078
0.02 252 12 50.0000000 51.0000000 0.0196078
0.02 253 16 50.0000000 51.0000000 0.0196078
0.02 254 11 50.0000000 51.0000000 0.0196078
0.02 255 18 50.0000000 51.0000000 0.0196078
0.02 256 10 50.0000000 51.0000000 0.0196078
0.02 257 11 50.0000000 51.0000000 0.0196078
0.02 258 10 50.0000000 51.0000000 0.0196078
0.02 259 12 50.0000000 51.0000000 0.0196078
0.02 260 10 50.0000000 51.0000000 0.0196078
0.01 261 6 50.0000000 51.0000000 0.0196078
0.02 262 7 50.0000000 51.0000000 0.0196078
0.02 263 7 50.0000000 51.0000000 0.0196078
0.01 264 6 50.0000000 51.0000000 0.0196078
