0.28 0 0 21.0000000 32.0000000 0.3437500
0.00 1 84 21.4912281 32.0000000 0.3283991
0.01 2 100 22.4356303 32.0000000 0.2988866
0.01 3 111 23.0603392 32.0000000 0.2793644
0.01 4 136 23.6648102 32.0000000 0.2604747
0.01 5 131 24.1852822 32.0000000 0.2442099
0.01 6 130 24.5986317 32.0000000 0.2312928
0.01 7 132 24.8936575 32.0000000 0.2220732
0.01 8 112 25.3168990 32.0000000 0.2088469
0.01 9 124 25.5882842 32.0000000 0.2003661
0.01 10 124 25.7814862 32.0000000 0.1943286
0.01 11 104 26.0194027 32.0000000 0.1868937
0.02 12 148 26.2540367 32.0000000 0.1795614
0.02 13 133 26.4048531 32.0000000 0.1748483
0.01 14 104 26.5772272 32.0000000 0.1694617
0.02 15 119 26.8326032 32.0000000 0.1614812
0.02 16 96 27.0597842 32.0000000 0.1543817
0.02 17 119 27.1663141 32.0000000 0.1510527
0.02 18 146 27.3409227 32.0000000 0.1455962
0.02 19 111 27.4922061 32.0000000 0.1408686
0.02 20 120 27.6112548 32.0000000 0.1371483
0.03 21 132 27.7555835 32.0000000 0.1326380
0.02 22 111 27.8772661 32.0000000 0.1288354
0.03 23 128 27.9887472 32.0000000 0.1253517
0.03 24 122 28.0767876 32.0000000 0.1226004
0.03 25 116 28.1478523 32.0000000 0.1203796
0.03 26 133 28.2074226 32.0000000 0.1185180
0.02 27 100 28.3300734 32.0000000 0.1146852
0.04 28 118 28.4243759 32.0000000 0.1117383
0.04 29 151 28.5024418 32.0000000 0.1092987
0.03 30 120 28.5612350 32.0000000 0.1074614
0.04 31 125 28.6759124 32.0000000 0.1038777
0.04 32 109 28.7579994 32.0000000 0.1013125
0.04 33 108 28.8404785 32.0000000 0.0987350
0.05 34 106 28.9130568 32.0000000 0.0964670
0.04 35 78 28.9489547 32.0000000 0.0953452
0.03 36 78 28.9911431 32.0000000 0.0940268
0.04 37 93 29.0444521 32.0000000 0.0923609
0.05 38 93 29.0874224 32.0000000 0.0910180
0.05 39 115 29.1253756 32.0000000 0.0898320
0.05 40 71 29.1629988 32.0000000 0.0886563
0.06 41 106 29.1994515 32.0000000 0.0875171
0.04 42 106 29.2249618 32.0000000 0.0867199
0.06 43 99 29.2725276 32.0000000 0.0852335
0.06 44 96 29.3065868 32.0000000 0.0841692
0.05 45 100 29.3455024 32.0000000 0.0829530
0.07 46 96 29.3720681 32.0000000 0.0821229
0.06 47 86 29.4015340 32.0000000 0.0812021
0.06 48 80 29.4305190 32.0000000 0.0802963
0.05 49 76 29.4569167 32.0000000 0.0794714
0.05 50 93 29.4888552 32.0000000 0.0784733
0.07 51 87 29.5179153 32.0000000 0.0775651
0.05 52 76 29.5383245 32.0000000 0.0769274
0.06 53 67 29.5527424 32.0000000 0.0764768
0.04 54 70 29.5681219 32.0000000 0.0759962
0.06 55 58 29.5882445 32.0000000 0.0753674
0.04 56 59 29.6103332 32.0000000 0.0746771
0.06 57 55 29.6191824 32.0000000 0.0744005
0.05 58 54 29.6456725 32.0000000 0.0735727
0.05 59 65 29.6553275 32.0000000 0.0732710
0.04 60 75 29.6759111 32.0000000 0.0726278
0.05 61 68 29.6936742 32.0000000 0.0720727
0.05 62 61 29.7058118 32.0000000 0.0716934
0.06 63 51 29.7206588 32.0000000 0.0712294
0.06 64 60 29.7373001 32.0000000 0.0707094
0.03 65 52 29.7430969 32.0000000 0.0705282
0.04 66 52 29.7498959 32.0000000 0.0703158
0.06 67 70 29.7630484 32.0000000 0.0699047
0.07 68 77 29.7829593 32.0000000 0.0692825
0.06 69 60 29.8018213 32.0000000 0.0686931
0.08 70 73 29.8188613 32.0000000 0.0681606
0.07 71 73 29.8319914 32.0000000 0.0677503
0.05 72 65 29.8421666 32.0000000 0.0674323
0.08 73 72 29.8572353 32.0000000 0.0669614
0.07 74 64 29.8723302 32.0000000 0.0664897
0.06 75 76 29.8881598 32.0000000 0.0659950
0.09 76 64 29.9073197 32.0000000 0.0653963
0.05 77 66 29.9154298 32.0000000 0.0651428
0.10 78 48 29.9496960 32.0000000 0.0640720
0.07 79 70 29.9683844 32.0000000 0.0634880
0.04 80 60 29.9831431 32.0000000 0.0630268
0.06 81 62 30.0097310 32.0000000 0.0621959
0.09 82 66 30.0260006 32.0000000 0.0616875
0.07 83 59 30.0404832 32.0000000 0.0612349
0.10 84 66 30.0628337 32.0000000 0.0605364
0.11 85 73 30.0777040 32.0000000 0.0600717
0.09 86 62 30.0913926 32.0000000 0.0596440
0.07 87 80 30.1110111 32.0000000 0.0590309
0.07 88 49 30.1228809 32.0000000 0.0586600
0.10 89 63 30.1481615 32.0000000 0.0578700
0.11 90 80 30.1674330 32.0000000 0.0572677
0.09 91 73 30.1874871 32.0000000 0.0566410
0.10 92 90 30.2010808 32.0000000 0.0562162
0.07 93 76 30.2100541 32.0000000 0.0559358
0.04 94 56 30.2131955 32.0000000 0.0558376
0.08 95 42 30.2237657 32.0000000 0.0555073
0.07 96 70 30.2338576 32.0000000 0.0551920
0.08 97 74 30.2461724 32.0000000 0.0548071
0.07 98 59 30.2538182 32.0000000 0.0545682
0.07 99 52 30.2587766 32.0000000 0.0544132
0.07 100 74 30.2635926 32.0000000 0.0542627
0.05 101 44 30.2740779 32.0000000 0.0539351
0.07 102 70 30.2785211 32.0000000 0.0537962
0.06 103 65 30.2917459 32.0000000 0.0533829
0.08 104 70 30.2968917 32.0000000 0.0532221
0.07 105 59 30.3071945 32.0000000 0.0529002
0.10 106 72 30.3176419 32.0000000 0.0525737
0.07 107 58 30.3252066 32.0000000 0.0523373
0.07 108 60 30.3305007 32.0000000 0.0521719
0.06 109 59 30.3363713 32.0000000 0.0519884
0.07 110 66 30.3450856 32.0000000 0.0517161
0.08 111 57 30.3602369 32.0000000 0.0512426
0.07 112 60 30.3665820 32.0000000 0.0510443
0.05 113 58 30.3737940 32.0000000 0.0508189
0.07 114 55 30.3767870 32.0000000 0.0507254
0.05 115 49 30.3821460 32.0000000 0.0505579
0.06 116 65 30.3863044 32.0000000 0.0504280
0.07 117 64 30.3893842 32.0000000 0.0503317
0.10 118 62 30.3969077 32.0000000 0.0500966
0.05 119 36 30.4036877 32.0000000 0.0498848
0.08 120 65 30.4095904 32.0000000 0.0497003
0.10 121 54 30.4138327 32.0000000 0.0495677
0.04 122 32 30.4138327 32.0000000 0.0495677
0.04 123 43 30.4146375 32.0000000 0.0495426
0.07 124 38 30.4174177 32.0000000 0.0494557
0.10 125 57 30.4198726 32.0000000 0.0493790
0.09 126 40 30.4211462 32.0000000 0.0493392
0.07 127 42 30.4211663 32.0000000 0.0493386
0.06 128 40 30.4245638 32.0000000 0.0492324
0.10 129 49 30.4285411 32.0000000 0.0491081
0.10 130 44 30.4305036 32.0000000 0.0490468
0.05 131 37 30.4312701 32.0000000 0.0490228
0.09 132 43 30.4320561 32.0000000 0.0489982
0.06 133 39 30.4333668 32.0000000 0.0489573
0.07 134 36 30.4380976 32.0000000 0.0488095
0.07 135 48 30.4411080 32.0000000 0.0487154
0.08 136 50 30.4434218 32.0000000 0.0486431
0.12 137 61 30.4455951 32.0000000 0.0485752
0.05 138 46 30.4477221 32.0000000 0.0485087
0.05 139 42 30.4502883 32.0000000 0.0484285
0.12 140 40 30.4517485 32.0000000 0.0483829
0.08 141 43 30.4539743 32.0000000 0.0483133
0.10 142 51 30.4570836 32.0000000 0.0482161
0.12 143 55 30.4601125 32.0000000 0.0481215
0.11 144 50 30.4636480 32.0000000 0.0480110
0.09 145 45 30.4656228 32.0000000 0.0479493
0.06 146 49 30.4671826 32.0000000 0.0479005
0.10 147 69 30.4706428 32.0000000 0.0477924
0.04 148 45 30.4748835 32.0000000 0.0476599
0.09 149 59 30.4771219 32.0000000 0.0475899
0.07 150 55 30.4790340 32.0000000 0.0475302
0.05 151 46 30.4827741 32.0000000 0.0474133
0.10 152 54 30.4836280 32.0000000 0.0473866
0.05 153 48 30.4881840 32.0000000 0.0472442
0.11 154 40 30.4920573 32.0000000 0.0471232
0.04 155 32 30.4938668 32.0000000 0.0470667
0.05 156 37 30.4957906 32.0000000 0.0470065
0.09 157 48 30.4982952 32.0000000 0.0469283
0.07 158 32 30.5027844 32.0000000 0.0467880
