0.18 0 0 34.6000000 42.0000000 0.1761905
0.00 1 75 34.6000000 42.0000000 0.1761905
0.00 2 83 34.6250000 42.0000000 0.1755952
0.00 3 69 34.7194699 42.0000000 0.1733460
0.00 4 89 34.7668958 42.0000000 0.1722168
0.00 5 82 34.9587526 42.0000000 0.1676487
0.01 6 95 35.2624615 42.0000000 0.1604176
0.01 7 105 35.7007108 42.0000000 0.1499831
0.01 8 114 36.0240925 42.0000000 0.1422835
0.01 9 101 36.3909578 42.0000000 0.1335486
0.01 10 101 36.7556326 42.0000000 0.1248659
0.01 11 116 37.0073271 42.0000000 0.1188732
0.01 12 102 37.2785336 42.0000000 0.1124159
0.01 13 118 37.4954890 42.0000000 0.1072503
0.01 14 96 37.7530252 42.0000000 0.1011184
0.01 15 111 37.9063948 42.0000000 0.0974668
0.02 16 107 38.0762835 42.0000000 0.0934218
0.02 17 109 38.1988628 42.0000000 0.0905033
0.02 18 90 38.2816068 42.0000000 0.0885332
0.02 19 103 38.3874322 42.0000000 0.0860135
0.02 20 107 38.6000922 42.0000000 0.0809502
0.02 21 109 38.7344412 42.0000000 0.0777514
0.02 22 104 38.8059801 42.0000000 0.0760481
0.03 23 121 38.9520914 42.0000000 0.0725693
0.03 24 114 39.0828590 42.0000000 0.0694557
0.03 25 115 39.2125830 42.0000000 0.0663671
0.02 26 90 39.2616818 42.0000000 0.0651981
0.03 27 105 39.3871658 42.0000000 0.0622103
0.03 28 106 39.4452370 42.0000000 0.0608277
0.02 29 86 39.4787184 42.0000000 0.0600305
0.03 30 98 39.5651631 42.0000000 0.0579723
0.02 31 70 39.6012895 42.0000000 0.0571122
0.04 32 94 39.6674924 42.0000000 0.0555359
0.03 33 99 39.7053120 42.0000000 0.0546354
0.03 34 79 39.7655368 42.0000000 0.0532015
0.04 35 117 39.8333068 42.0000000 0.0515879
0.03 36 58 39.8534066 42.0000000 0.0511094
0.03 37 77 39.9209755 42.0000000 0.0495006
0.03 38 87 39.9606790 42.0000000 0.0485553
0.04 39 70 40.0348184 42.0000000 0.0467900
0.04 40 67 40.0927442 42.0000000 0.0454109
0.04 41 96 40.1467393 42.0000000 0.0441253
0.02 42 80 40.1683457 42.0000000 0.0436108
0.04 43 85 40.2005273 42.0000000 0.0428446
0.03 44 71 40.2310027 42.0000000 0.0421190
0.04 45 76 40.2702798 42.0000000 0.0411838
0.04 46 75 40.3041250 42.0000000 0.0403780
0.04 47 65 40.3376975 42.0000000 0.0395786
0.04 48 90 40.3789613 42.0000000 0.0385962
0.05 49 79 40.4072898 42.0000000 0.0379217
0.05 50 67 40.4715388 42.0000000 0.0363919
0.05 51 73 40.4890444 42.0000000 0.0359751
0.04 52 58 40.5098458 42.0000000 0.0354799
0.04 53 48 40.5268934 42.0000000 0.0350740
0.03 54 40 40.5443061 42.0000000 0.0346594
0.04 55 50 40.5623513 42.0000000 0.0342297
0.04 56 56 40.5771617 42.0000000 0.0338771
0.04 57 53 40.5912270 42.0000000 0.0335422
0.05 58 44 40.6024849 42.0000000 0.0332742
0.04 59 70 40.6109034 42.0000000 0.0330737
0.04 60 48 40.6131484 42.0000000 0.0330203
0.02 61 42 40.6221899 42.0000000 0.0328050
0.04 62 45 40.6354803 42.0000000 0.0324886
0.02 63 54 40.6365829 42.0000000 0.0324623
0.02 64 46 40.6415094 42.0000000 0.0323450
0.02 65 39 40.6421965 42.0000000 0.0323287
0.02 66 39 40.6456591 42.0000000 0.0322462
0.02 67 47 40.6494873 42.0000000 0.0321551
0.04 68 49 40.6639310 42.0000000 0.0318112
0.04 69 42 40.6704687 42.0000000 0.0316555
0.02 70 38 40.6749789 42.0000000 0.0315481
0.02 71 45 40.6800211 42.0000000 0.0314281
0.05 72 59 40.6932426 42.0000000 0.0311133
0.03 73 35 40.7043716 42.0000000 0.0308483
0.02 74 51 40.7085794 42.0000000 0.0307481
0.04 75 43 40.7156407 42.0000000 0.0305800
0.01 76 26 40.7178060 42.0000000 0.0305284
0.04 77 31 40.7367229 42.0000000 0.0300780
0.04 78 39 40.7395480 42.0000000 0.0300108
0.02 79 35 40.7415530 42.0000000 0.0299630
0.04 80 38 40.7441319 42.0000000 0.0299016
0.05 81 44 40.7488026 42.0000000 0.0297904
0.06 82 54 40.7549448 42.0000000 0.0296442
0.06 83 44 40.7635831 42.0000000 0.0294385
0.05 84 41 40.7733416 42.0000000 0.0292062
0.05 85 37 40.7785897 42.0000000 0.0290812
0.05 86 46 40.7848511 42.0000000 0.0289321
0.03 87 46 40.7899014 42.0000000 0.0288119
0.05 88 46 40.7975025 42.0000000 0.0286309
0.05 89 56 40.8000000 42.0000000 0.0285714
0.02 90 32 40.8037753 42.0000000 0.0284815
0.04 91 40 40.8043478 42.0000000 0.0284679
0.02 92 23 40.8052632 42.0000000 0.0284461
0.02 93 23 40.8078836 42.0000000 0.0283837
0.04 94 29 40.8090909 42.0000000 0.0283550
0.02 95 26 40.8116859 42.0000000 0.0282932
0.04 96 25 40.8206450 42.0000000 0.0280799
0.05 97 29 40.8284917 42.0000000 0.0278931
0.06 98 44 40.8312459 42.0000000 0.0278275
0.03 99 46 40.8333333 42.0000000 0.0277778
0.02 100 24 40.8333333 42.0000000 0.0277778
0.02 101 21 40.8342618 42.0000000 0.0277557
0.06 102 42 40.8406699 42.0000000 0.0276031
0.07 103 30 40.8477849 42.0000000 0.0274337
0.06 104 33 40.8498403 42.0000000 0.0273848
0.02 105 24 40.8502838 42.0000000 0.0273742
0.06 106 29 40.8581741 42.0000000 0.0271863
0.07 107 44 40.8638702 42.0000000 0.0270507
0.03 108 46 40.8663880 42.0000000 0.0269908
0.09 109 47 40.8722526 42.0000000 0.0268511
0.02 110 27 40.8768947 42.0000000 0.0267406
0.02 111 31 40.8786142 42.0000000 0.0266997
0.05 112 22 40.8842178 42.0000000 0.0265662
0.06 113 35 40.8917817 42.0000000 0.0263861
0.06 114 29 40.8970184 42.0000000 0.0262615
0.05 115 20 40.9026284 42.0000000 0.0261279
0.05 116 17 40.9051721 42.0000000 0.0260673
0.05 117 21 40.9069767 42.0000000 0.0260244
0.01 118 17 40.9085469 42.0000000 0.0259870
0.05 119 21 40.9115740 42.0000000 0.0259149
0.03 120 31 40.9143399 42.0000000 0.0258491
0.06 121 27 40.9179962 42.0000000 0.0257620
0.07 122 32 40.9224738 42.0000000 0.0256554
0.03 123 28 40.9236137 42.0000000 0.0256282
0.07 124 31 40.9320129 42.0000000 0.0254283
0.06 125 25 40.9354665 42.0000000 0.0253460
0.05 126 30 40.9375000 42.0000000 0.0252976
0.02 127 18 40.9393708 42.0000000 0.0252531
0.06 128 27 40.9432291 42.0000000 0.0251612
0.07 129 32 40.9472536 42.0000000 0.0250654
0.08 130 33 40.9524962 42.0000000 0.0249406
0.07 131 22 40.9566602 42.0000000 0.0248414
0.06 132 27 40.9608363 42.0000000 0.0247420
0.07 133 24 40.9663559 42.0000000 0.0246106
0.07 134 22 40.9671229 42.0000000 0.0245923
0.03 135 38 40.9701832 42.0000000 0.0245194
0.07 136 37 40.9749240 42.0000000 0.0244066
0.02 137 22 40.9760473 42.0000000 0.0243798
0.07 138 20 40.9789117 42.0000000 0.0243116
0.08 139 31 40.9866597 42.0000000 0.0241271
0.07 140 26 40.9924182 42.0000000 0.0239900
0.06 141 14 40.9950495 42.0000000 0.0239274
0.02 142 21 40.9954128 42.0000000 0.0239187
0.02 143 21 40.9958678 42.0000000 0.0239079
0.02 144 31 40.9959571 42.0000000 0.0239058
0.07 145 31 41.0000000 42.0000000 0.0238095
0.01 146 14 41.0007381 42.0000000 0.0237919
0.07 147 26 41.0035705 42.0000000 0.0237245
0.04 148 26 41.0042273 42.0000000 0.0237089
0.04 149 26 41.0059612 42.0000000 0.0236676
0.10 150 37 41.0118084 42.0000000 0.0235284
0.07 151 32 41.0181594 42.0000000 0.0233772
0.08 152 34 41.0199660 42.0000000 0.0233341
0.02 153 28 41.0216902 42.0000000 0.0232931
0.09 154 30 41.0273000 42.0000000 0.0231595
0.10 155 42 41.0309614 42.0000000 0.0230723
0.10 156 35 41.0349671 42.0000000 0.0229770
0.11 157 38 41.0373734 42.0000000 0.0229197
0.03 158 27 41.0407264 42.0000000 0.0228398
0.08 159 23 41.0451313 42.0000000 0.0227350
0.03 160 30 41.0462095 42.0000000 0.0227093
0.10 161 30 41.0476484 42.0000000 0.0226750
0.02 162 30 41.0495934 42.0000000 0.0226287
0.09 163 27 41.0539064 42.0000000 0.0225260
0.03 164 29 41.0551069 42.0000000 0.0224975
0.08 165 25 41.0560980 42.0000000 0.0224739
0.08 166 24 41.0614348 42.0000000 0.0223468
0.11 167 35 41.0676701 42.0000000 0.0221983
0.09 168 22 41.0715892 42.0000000 0.0221050
0.11 169 36 41.0754190 42.0000000 0.0220138
0.10 170 30 41.0787636 42.0000000 0.0219342
0.09 171 26 41.0794393 42.0000000 0.0219181
0.02 172 25 41.0818262 42.0000000 0.0218613
0.10 173 33 41.0866854 42.0000000 0.0217456
0.09 174 25 41.0882353 42.0000000 0.0217087
0.02 175 18 41.0889231 42.0000000 0.0216923
0.09 176 24 41.0929235 42.0000000 0.0215971
0.10 177 28 41.0975047 42.0000000 0.0214880
0.12 178 30 41.0993048 42.0000000 0.0214451
0.04 179 36 41.1004639 42.0000000 0.0214175
0.11 180 25 41.1041726 42.0000000 0.0213292
0.13 181 41 41.1077758 42.0000000 0.0212434
0.11 182 33 41.1115279 42.0000000 0.0211541
0.11 183 28 41.1156507 42.0000000 0.0210559
0.11 184 27 41.1179335 42.0000000 0.0210016
0.03 185 29 41.1184655 42.0000000 0.0209889
0.04 186 31 41.1215456 42.0000000 0.0209156
0.13 187 36 41.1259568 42.0000000 0.0208106
0.11 188 26 41.1297755 42.0000000 0.0207196
0.04 189 33 41.1301887 42.0000000 0.0207098
0.03 190 22 41.1310115 42.0000000 0.0206902
0.11 191 24 41.1367267 42.0000000 0.0205541
