0.42 0 0 51.6255869 62.0000000 0.1673292
0.01 1 88 52.3246834 62.0000000 0.1560535
0.01 2 103 52.9067085 62.0000000 0.1466660
0.01 3 127 53.2743645 62.0000000 0.1407361
0.01 4 120 53.7482411 62.0000000 0.1330929
0.01 5 143 54.3380282 62.0000000 0.1235802
0.01 6 147 54.7465837 62.0000000 0.1169906
0.01 7 157 55.1002974 62.0000000 0.1112855
0.02 8 171 55.4330443 62.0000000 0.1059186
0.02 9 126 55.7405765 62.0000000 0.1009584
0.02 10 138 55.9965730 62.0000000 0.0968295
0.02 11 151 56.1999791 62.0000000 0.0935487
0.02 12 144 56.4811312 62.0000000 0.0890140
0.02 13 141 56.7208779 62.0000000 0.0851471
0.02 14 151 56.8395848 62.0000000 0.0832325
0.03 15 121 57.0873853 62.0000000 0.0792357
0.03 16 123 57.2133767 62.0000000 0.0772036
0.03 17 120 57.3270716 62.0000000 0.0753698
0.03 18 154 57.4377609 62.0000000 0.0735845
0.03 19 133 57.5223295 62.0000000 0.0722205
0.04 20 131 57.6914874 62.0000000 0.0694921
0.04 21 132 57.7829036 62.0000000 0.0680177
0.04 22 132 57.8652044 62.0000000 0.0666903
0.04 23 125 57.9586938 62.0000000 0.0651824
0.04 24 116 58.0279286 62.0000000 0.0640657
0.03 25 99 58.1037213 62.0000000 0.0628432
0.05 26 117 58.1969892 62.0000000 0.0613389
0.04 27 114 58.2905969 62.0000000 0.0598291
0.05 28 104 58.3663351 62.0000000 0.0586075
0.05 29 115 58.4237169 62.0000000 0.0576820
0.04 30 108 58.5172533 62.0000000 0.0561733
0.05 31 108 58.6254360 62.0000000 0.0544285
0.05 32 116 58.7262045 62.0000000 0.0528032
0.05 33 108 58.8122395 62.0000000 0.0514155
0.05 34 105 58.9089468 62.0000000 0.0498557
0.07 35 123 58.9942484 62.0000000 0.0484799
0.07 36 108 59.0502492 62.0000000 0.0475766
0.06 37 106 59.1235270 62.0000000 0.0463947
0.06 38 99 59.1879588 62.0000000 0.0453555
0.06 39 105 59.2488463 62.0000000 0.0443734
0.07 40 109 59.2995335 62.0000000 0.0435559
0.08 41 120 59.3553758 62.0000000 0.0426552
0.06 42 94 59.3925991 62.0000000 0.0420549
0.08 43 121 59.4495024 62.0000000 0.0411371
0.09 44 105 59.4973121 62.0000000 0.0403659
0.07 45 113 59.5395416 62.0000000 0.0396848
0.08 46 122 59.5888220 62.0000000 0.0388900
0.10 47 96 59.6474947 62.0000000 0.0379436
0.11 48 134 59.6953183 62.0000000 0.0371723
0.12 49 95 59.7332366 62.0000000 0.0365607
0.10 50 78 59.7713184 62.0000000 0.0359465
0.11 51 100 59.8043943 62.0000000 0.0354130
0.08 52 127 59.8369910 62.0000000 0.0348872
0.11 53 102 59.8797291 62.0000000 0.0341979
0.11 54 87 59.9026799 62.0000000 0.0338277
0.07 55 103 59.9247081 62.0000000 0.0334725
0.11 56 94 59.9755770 62.0000000 0.0326520
0.10 57 104 60.0045000 62.0000000 0.0321855
0.06 58 97 60.0212305 62.0000000 0.0319156
0.11 59 92 60.0682393 62.0000000 0.0311574
0.11 60 77 60.0899010 62.0000000 0.0308080
0.07 61 98 60.1132458 62.0000000 0.0304315
0.11 62 101 60.1500520 62.0000000 0.0298379
0.15 63 88 60.1734916 62.0000000 0.0294598
0.16 64 105 60.2137243 62.0000000 0.0288109
0.15 65 109 60.2581188 62.0000000 0.0280949
0.13 66 117 60.3037790 62.0000000 0.0273584
0.15 67 120 60.3408662 62.0000000 0.0267602
0.18 68 119 60.3781621 62.0000000 0.0261587
0.18 69 101 60.4147365 62.0000000 0.0255688
0.16 70 103 60.4529304 62.0000000 0.0249527
0.21 71 81 60.4721723 62.0000000 0.0246424
0.19 72 90 60.5003202 62.0000000 0.0241884
0.16 73 84 60.5294144 62.0000000 0.0237191
0.19 74 83 60.5542399 62.0000000 0.0233187
0.16 75 108 60.5774226 62.0000000 0.0229448
0.21 76 92 60.6012195 62.0000000 0.0225610
0.18 77 88 60.6249496 62.0000000 0.0221782
0.16 78 83 60.6450789 62.0000000 0.0218536
0.09 79 90 60.6626833 62.0000000 0.0215696
0.18 80 81 60.6811250 62.0000000 0.0212722
0.22 81 83 60.7051909 62.0000000 0.0208840
0.22 82 95 60.7314523 62.0000000 0.0204604
0.23 83 94 60.7523609 62.0000000 0.0201232
0.14 84 91 60.7727064 62.0000000 0.0197951
0.19 85 74 60.7981682 62.0000000 0.0193844
0.24 86 85 60.8178949 62.0000000 0.0190662
0.26 87 83 60.8375619 62.0000000 0.0187490
0.20 88 80 60.8515640 62.0000000 0.0185232
0.23 89 85 60.8694614 62.0000000 0.0182345
0.25 90 76 60.8861801 62.0000000 0.0179648
0.17 91 75 60.9038664 62.0000000 0.0176796
0.25 92 74 60.9218293 62.0000000 0.0173899
0.23 93 70 60.9382014 62.0000000 0.0171258
0.24 94 66 60.9595900 62.0000000 0.0167808
0.12 95 61 60.9664254 62.0000000 0.0166706
0.13 96 62 60.9814617 62.0000000 0.0164280
0.18 97 75 60.9873525 62.0000000 0.0163330
0.13 98 67 61.0006270 62.0000000 0.0161189
0.14 99 70 61.0105207 62.0000000 0.0159593
0.12 100 72 61.0268317 62.0000000 0.0156963
0.23 101 78 61.0448718 62.0000000 0.0154053
0.23 102 57 61.0591793 62.0000000 0.0151745
0.20 103 57 61.0733447 62.0000000 0.0149461
0.22 104 74 61.0951856 62.0000000 0.0145938
0.25 105 81 61.1053556 62.0000000 0.0144297
0.28 106 52 61.1229845 62.0000000 0.0141454
0.28 107 87 61.1354294 62.0000000 0.0139447
0.26 108 62 61.1479763 62.0000000 0.0137423
0.20 109 92 61.1635185 62.0000000 0.0134916
