0.24 0 0 52.4166667 56.0000000 0.0639881
0.00 1 96 52.7500000 56.0000000 0.0580357
0.01 2 103 52.8571429 56.0000000 0.0561224
0.01 3 86 52.8750000 56.0000000 0.0558036
0.00 4 60 53.0000000 56.0000000 0.0535714
0.01 5 85 53.0000000 56.0000000 0.0535714
0.01 6 81 53.0000000 56.0000000 0.0535714
0.01 7 64 53.0000000 56.0000000 0.0535714
0.00 8 38 53.0256410 56.0000000 0.0531136
0.01 9 74 53.0302632 56.0000000 0.0530310
0.01 10 58 53.1111111 56.0000000 0.0515873
0.01 11 52 53.1507037 56.0000000 0.0508803
0.01 12 71 53.1916513 56.0000000 0.0501491
0.01 13 70 53.2199700 56.0000000 0.0496434
0.01 14 50 53.2229437 56.0000000 0.0495903
0.01 15 63 53.2313128 56.0000000 0.0494408
0.01 16 72 53.2397059 56.0000000 0.0492910
0.01 17 52 53.2423971 56.0000000 0.0492429
0.01 18 49 53.2460630 56.0000000 0.0491774
0.01 19 60 53.2500394 56.0000000 0.0491064
0.01 20 47 53.2550927 56.0000000 0.0490162
0.01 21 36 53.2573770 56.0000000 0.0489754
0.01 22 29 53.2608696 56.0000000 0.0489130
0.01 23 33 53.2656538 56.0000000 0.0488276
0.01 24 32 53.2720193 56.0000000 0.0487139
0.01 25 33 53.2762955 56.0000000 0.0486376
0.01 26 32 53.2777778 56.0000000 0.0486111
0.01 27 39 53.2827004 56.0000000 0.0485232
0.01 28 29 53.2857143 56.0000000 0.0484694
0.01 29 38 53.2857143 56.0000000 0.0484694
0.01 30 31 53.2917466 56.0000000 0.0483617
0.01 31 45 53.3068349 56.0000000 0.0480922
0.01 32 46 53.3155061 56.0000000 0.0479374
0.01 33 35 53.3333333 56.0000000 0.0476190
0.01 34 27 53.3333333 56.0000000 0.0476190
0.01 35 31 53.3333333 56.0000000 0.0476190
0.01 36 32 53.3333333 56.0000000 0.0476190
0.01 37 22 53.3333333 56.0000000 0.0476190
0.01 38 32 53.3333333 56.0000000 0.0476190
0.01 39 31 53.3333333 56.0000000 0.0476190
0.01 40 23 53.3333333 56.0000000 0.0476190
0.01 41 35 53.3333333 56.0000000 0.0476190
0.01 42 29 53.3333333 56.0000000 0.0476190
0.01 43 24 53.3333333 56.0000000 0.0476190
0.01 44 24 53.3333333 56.0000000 0.0476190
0.01 45 30 53.3333333 56.0000000 0.0476190
0.01 46 30 53.3333333 56.0000000 0.0476190
0.01 47 38 53.3333333 56.0000000 0.0476190
0.01 48 28 53.3333333 56.0000000 0.0476190
0.01 49 37 53.3333333 56.0000000 0.0476190
0.01 50 33 53.3333333 56.0000000 0.0476190
0.01 51 28 53.3333333 56.0000000 0.0476190
0.01 52 19 53.3333333 56.0000000 0.0476190
0.01 53 22 53.3333333 56.0000000 0.0476190
0.01 54 31 53.3334385 56.0000000 0.0476172
0.01 55 34 53.3358772 56.0000000 0.0475736
0.01 56 34 53.3394891 56.0000000 0.0475091
0.01 57 40 53.3427368 56.0000000 0.0474511
0.01 58 35 53.3441761 56.0000000 0.0474254
0.01 59 39 53.3466667 56.0000000 0.0473810
0.01 60 30 53.3493025 56.0000000 0.0473339
0.02 61 42 53.3574603 56.0000000 0.0471882
0.02 62 40 53.3618762 56.0000000 0.0471094
0.02 63 34 53.3667646 56.0000000 0.0470221
0.02 64 33 53.3838696 56.0000000 0.0467166
0.02 65 39 53.3920466 56.0000000 0.0465706
0.02 66 42 53.3988469 56.0000000 0.0464492
0.02 67 29 53.4033839 56.0000000 0.0463681
0.02 68 38 53.4071447 56.0000000 0.0463010
0.02 69 28 53.4096607 56.0000000 0.0462561
0.02 70 31 53.4133101 56.0000000 0.0461909
0.02 71 34 53.4149565 56.0000000 0.0461615
0.02 72 30 53.4162570 56.0000000 0.0461383
0.02 73 29 53.4187254 56.0000000 0.0460942
0.02 74 36 53.4222374 56.0000000 0.0460315
0.02 75 33 53.4248772 56.0000000 0.0459843
0.02 76 39 53.4288130 56.0000000 0.0459141
0.02 77 33 53.4321765 56.0000000 0.0458540
0.02 78 31 53.4374882 56.0000000 0.0457591
0.02 79 27 53.4437383 56.0000000 0.0456475
0.02 80 28 53.4487519 56.0000000 0.0455580
0.02 81 34 53.4531239 56.0000000 0.0454799
0.02 82 31 53.4606378 56.0000000 0.0453458
0.02 83 36 53.4669846 56.0000000 0.0452324
0.02 84 36 53.4718403 56.0000000 0.0451457
0.02 85 37 53.4742015 56.0000000 0.0451035
0.03 86 41 53.4800671 56.0000000 0.0449988
0.02 87 30 53.4833644 56.0000000 0.0449399
0.03 88 35 53.4872205 56.0000000 0.0448711
0.03 89 34 53.4921352 56.0000000 0.0447833
0.03 90 31 53.4947222 56.0000000 0.0447371
0.03 91 33 53.4975656 56.0000000 0.0446863
0.03 92 33 53.4997190 56.0000000 0.0446479
0.03 93 34 53.5000000 56.0000000 0.0446429
0.01 94 22 53.5000000 56.0000000 0.0446429
0.01 95 19 53.5010298 56.0000000 0.0446245
0.03 96 27 53.5045128 56.0000000 0.0445623
0.03 97 45 53.5067965 56.0000000 0.0445215
0.03 98 40 53.5103870 56.0000000 0.0444574
0.03 99 38 53.5128930 56.0000000 0.0444126
0.03 100 38 53.5169874 56.0000000 0.0443395
0.03 101 35 53.5218558 56.0000000 0.0442526
0.03 102 29 53.5286300 56.0000000 0.0441316
0.03 103 34 53.5341592 56.0000000 0.0440329
0.03 104 34 53.5379672 56.0000000 0.0439649
0.04 105 39 53.5441292 56.0000000 0.0438548
0.03 106 30 53.5499539 56.0000000 0.0437508
0.03 107 39 53.5531729 56.0000000 0.0436933
0.03 108 40 53.5580724 56.0000000 0.0436059
0.04 109 39 53.5629990 56.0000000 0.0435179
0.04 110 36 53.5681989 56.0000000 0.0434250
0.04 111 42 53.5748416 56.0000000 0.0433064
0.04 112 37 53.5788447 56.0000000 0.0432349
0.04 113 39 53.5831420 56.0000000 0.0431582
0.04 114 39 53.5833333 56.0000000 0.0431548
0.01 115 17 53.5869733 56.0000000 0.0430898
0.04 116 36 53.5908054 56.0000000 0.0430213
0.04 117 33 53.5938567 56.0000000 0.0429668
0.04 118 35 53.5969202 56.0000000 0.0429121
0.04 119 31 53.5989881 56.0000000 0.0428752
0.04 120 32 53.6025616 56.0000000 0.0428114
0.05 121 38 53.6082323 56.0000000 0.0427101
0.04 122 34 53.6120108 56.0000000 0.0426427
0.04 123 34 53.6153025 56.0000000 0.0425839
0.04 124 34 53.6172292 56.0000000 0.0425495
0.04 125 31 53.6196456 56.0000000 0.0425063
0.04 126 26 53.6221944 56.0000000 0.0424608
0.04 127 35 53.6256435 56.0000000 0.0423992
0.04 128 31 53.6304173 56.0000000 0.0423140
0.04 129 28 53.6347923 56.0000000 0.0422359
0.04 130 34 53.6390375 56.0000000 0.0421600
0.04 131 32 53.6461235 56.0000000 0.0420335
0.04 132 34 53.6518424 56.0000000 0.0419314
0.05 133 35 53.6559350 56.0000000 0.0418583
0.05 134 36 53.6579610 56.0000000 0.0418221
0.05 135 32 53.6603268 56.0000000 0.0417799
0.05 136 38 53.6633237 56.0000000 0.0417264
0.06 137 37 53.6663223 56.0000000 0.0416728
0.06 138 35 53.6694109 56.0000000 0.0416177
0.06 139 37 53.6739508 56.0000000 0.0415366
0.06 140 33 53.6789145 56.0000000 0.0414480
0.06 141 41 53.6838133 56.0000000 0.0413605
0.06 142 34 53.6887246 56.0000000 0.0412728
0.06 143 37 53.6927448 56.0000000 0.0412010
0.06 144 39 53.6961171 56.0000000 0.0411408
0.06 145 35 53.6984992 56.0000000 0.0410982
0.07 146 38 53.7010502 56.0000000 0.0410527
0.06 147 37 53.7043631 56.0000000 0.0409935
0.07 148 41 53.7072277 56.0000000 0.0409424
0.06 149 33 53.7106740 56.0000000 0.0408808
0.06 150 36 53.7146898 56.0000000 0.0408091
0.06 151 37 53.7184398 56.0000000 0.0407421
0.07 152 41 53.7217104 56.0000000 0.0406837
0.08 153 45 53.7251088 56.0000000 0.0406231
0.07 154 38 53.7273614 56.0000000 0.0405828
0.07 155 30 53.7297094 56.0000000 0.0405409
0.07 156 38 53.7326535 56.0000000 0.0404883
0.07 157 35 53.7348023 56.0000000 0.0404500
0.07 158 32 53.7368096 56.0000000 0.0404141
0.08 159 35 53.7394346 56.0000000 0.0403672
0.07 160 32 53.7422585 56.0000000 0.0403168
0.08 161 36 53.7444023 56.0000000 0.0402785
0.08 162 36 53.7481139 56.0000000 0.0402123
0.07 163 33 53.7503627 56.0000000 0.0401721
0.08 164 31 53.7527374 56.0000000 0.0401297
0.07 165 37 53.7549418 56.0000000 0.0400903
0.08 166 51 53.7565996 56.0000000 0.0400607
0.08 167 41 53.7582450 56.0000000 0.0400313
0.09 168 38 53.7604157 56.0000000 0.0399926
0.09 169 45 53.7631230 56.0000000 0.0399442
0.09 170 40 53.7651798 56.0000000 0.0399075
0.09 171 36 53.7685857 56.0000000 0.0398467
0.09 172 38 53.7708680 56.0000000 0.0398059
0.09 173 42 53.7724298 56.0000000 0.0397780
0.09 174 42 53.7739421 56.0000000 0.0397510
0.09 175 55 53.7767839 56.0000000 0.0397003
0.10 176 38 53.7796712 56.0000000 0.0396487
0.09 177 42 53.7826561 56.0000000 0.0395954
0.09 178 38 53.7855003 56.0000000 0.0395446
0.09 179 30 53.7885201 56.0000000 0.0394907
0.10 180 35 53.7913668 56.0000000 0.0394399
0.10 181 37 53.7955427 56.0000000 0.0393653
0.10 182 44 53.7984573 56.0000000 0.0393133
0.10 183 38 53.8013369 56.0000000 0.0392618
0.07 184 36 53.8037331 56.0000000 0.0392191
0.08 185 41 53.8065926 56.0000000 0.0391680
0.07 186 38 53.8082930 56.0000000 0.0391376
0.07 187 38 53.8105696 56.0000000 0.0390970
0.08 188 27 53.8132487 56.0000000 0.0390491
0.08 189 36 53.8160349 56.0000000 0.0389994
0.08 190 36 53.8178680 56.0000000 0.0389666
0.08 191 37 53.8202304 56.0000000 0.0389245
0.08 192 28 53.8241707 56.0000000 0.0388541
0.08 193 29 53.8273321 56.0000000 0.0387976
0.08 194 25 53.8311010 56.0000000 0.0387303
0.09 195 27 53.8348101 56.0000000 0.0386641
0.09 196 28 53.8387045 56.0000000 0.0385946
0.08 197 30 53.8438903 56.0000000 0.0385020
0.09 198 25 53.8489546 56.0000000 0.0384115
0.08 199 24 53.8538459 56.0000000 0.0383242
0.09 200 25 53.8571959 56.0000000 0.0382644
0.08 201 24 53.8603682 56.0000000 0.0382077
0.08 202 23 53.8628463 56.0000000 0.0381635
0.08 203 24 53.8649433 56.0000000 0.0381260
0.08 204 22 53.8667160 56.0000000 0.0380944
0.08 205 23 53.8677520 56.0000000 0.0380759
0.09 206 25 53.8690513 56.0000000 0.0380527
0.09 207 27 53.8706460 56.0000000 0.0380242
0.10 208 29 53.8723666 56.0000000 0.0379935
0.10 209 24 53.8739929 56.0000000 0.0379644
0.10 210 29 53.8761890 56.0000000 0.0379252
0.09 211 29 53.8782911 56.0000000 0.0378877
0.09 212 32 53.8818448 56.0000000 0.0378242
0.08 213 23 53.8845324 56.0000000 0.0377762
0.09 214 20 53.8863142 56.0000000 0.0377444
0.09 215 28 53.8882450 56.0000000 0.0377099
0.09 216 23 53.8899936 56.0000000 0.0376787
0.09 217 19 53.8923972 56.0000000 0.0376358
0.09 218 24 53.8938760 56.0000000 0.0376094
0.10 219 27 53.8953359 56.0000000 0.0375833
0.10 220 31 53.8970605 56.0000000 0.0375525
0.10 221 33 53.9000526 56.0000000 0.0374991
0.09 222 28 53.9032364 56.0000000 0.0374422
0.09 223 35 53.9064041 56.0000000 0.0373856
0.10 224 28 53.9081445 56.0000000 0.0373546
0.10 225 30 53.9095082 56.0000000 0.0373302
0.11 226 25 53.9110846 56.0000000 0.0373021
0.11 227 28 53.9129856 56.0000000 0.0372681
0.12 228 25 53.9167806 56.0000000 0.0372003
0.11 229 33 53.9188639 56.0000000 0.0371631
0.11 230 25 53.9214201 56.0000000 0.0371175
0.11 231 25 53.9253208 56.0000000 0.0370478
0.11 232 32 53.9305635 56.0000000 0.0369542
0.11 233 28 53.9336121 56.0000000 0.0368998
0.11 234 28 53.9361345 56.0000000 0.0368547
0.11 235 25 53.9383649 56.0000000 0.0368149
0.12 236 37 53.9411906 56.0000000 0.0367645
0.11 237 31 53.9430859 56.0000000 0.0367306
0.11 238 27 53.9455785 56.0000000 0.0366861
0.11 239 34 53.9483528 56.0000000 0.0366366
0.11 240 36 53.9494419 56.0000000 0.0366171
0.12 241 36 53.9510137 56.0000000 0.0365890
0.11 242 27 53.9524318 56.0000000 0.0365637
0.13 243 29 53.9534268 56.0000000 0.0365459
0.12 244 38 53.9547708 56.0000000 0.0365220
0.12 245 37 53.9560786 56.0000000 0.0364986
0.12 246 43 53.9585375 56.0000000 0.0364547
0.15 247 29 53.9602500 56.0000000 0.0364241
0.13 248 31 53.9625218 56.0000000 0.0363835
0.12 249 27 53.9641950 56.0000000 0.0363537
0.11 250 26 53.9653060 56.0000000 0.0363338
0.13 251 26 53.9664330 56.0000000 0.0363137
0.13 252 31 53.9676582 56.0000000 0.0362918
0.13 253 31 53.9684530 56.0000000 0.0362776
0.13 254 22 53.9692919 56.0000000 0.0362626
0.15 255 28 53.9710385 56.0000000 0.0362315
0.13 256 28 53.9734080 56.0000000 0.0361891
0.15 257 30 53.9757545 56.0000000 0.0361472
0.14 258 31 53.9770496 56.0000000 0.0361241
0.15 259 30 53.9786175 56.0000000 0.0360961
0.14 260 26 53.9809455 56.0000000 0.0360545
0.13 261 33 53.9835410 56.0000000 0.0360082
0.14 262 26 53.9860163 56.0000000 0.0359640
0.14 263 28 53.9879920 56.0000000 0.0359287
0.13 264 28 53.9897139 56.0000000 0.0358980
0.12 265 23 53.9908084 56.0000000 0.0358784
0.14 266 26 53.9918336 56.0000000 0.0358601
0.15 267 23 53.9924790 56.0000000 0.0358486
0.15 268 21 53.9933257 56.0000000 0.0358335
0.16 269 27 53.9945875 56.0000000 0.0358109
0.14 270 27 53.9956931 56.0000000 0.0357912
0.16 271 28 53.9970282 56.0000000 0.0357674
0.16 272 23 53.9982162 56.0000000 0.0357461
0.16 273 32 53.9989215 56.0000000 0.0357335
0.17 274 34 53.9995698 56.0000000 0.0357220
0.17 275 32 54.0000000 56.0000000 0.0357143
0.01 276 2 54.0000000 56.0000000 0.0357143
0.02 277 17 54.0000000 56.0000000 0.0357143
0.02 278 8 54.0000000 56.0000000 0.0357143
0.02 279 7 54.0000000 56.0000000 0.0357143
0.01 280 7 54.0000000 56.0000000 0.0357143
0.01 281 7 54.0000000 56.0000000 0.0357143
0.01 282 7 54.0000000 56.0000000 0.0357143
0.01 283 7 54.0000000 56.0000000 0.0357143
0.02 284 6 54.0000000 56.0000000 0.0357143
0.02 285 6 54.0000000 56.0000000 0.0357143
0.02 286 10 54.0000000 56.0000000 0.0357143
0.02 287 10 54.0000000 56.0000000 0.0357143
0.02 288 9 54.0000000 56.0000000 0.0357143
