0.20 0 0 32.8532338 43.0000000 0.2359713
0.00 1 61 33.6811594 43.0000000 0.2167172
0.00 2 88 33.7922536 43.0000000 0.2141336
0.01 3 92 34.2086348 43.0000000 0.2044504
0.01 4 115 34.6621937 43.0000000 0.1939025
0.01 5 114 35.0599317 43.0000000 0.1846528
0.01 6 122 35.3435156 43.0000000 0.1780578
0.01 7 125 35.7705303 43.0000000 0.1681272
0.01 8 131 36.0745714 43.0000000 0.1610565
0.01 9 128 36.3642554 43.0000000 0.1543196
0.01 10 133 36.6838046 43.0000000 0.1468883
0.01 11 115 37.1836417 43.0000000 0.1352641
0.02 12 122 37.3874673 43.0000000 0.1305240
0.02 13 135 37.6067725 43.0000000 0.1254239
0.02 14 118 37.8884718 43.0000000 0.1188727
0.02 15 115 38.0474640 43.0000000 0.1151753
0.02 16 109 38.2148649 43.0000000 0.1112822
0.02 17 128 38.3750826 43.0000000 0.1075562
0.03 18 113 38.6363337 43.0000000 0.1014806
0.02 19 107 38.7675761 43.0000000 0.0984285
0.02 20 110 38.9013609 43.0000000 0.0953172
0.02 21 95 39.0614696 43.0000000 0.0915937
0.02 22 114 39.1804381 43.0000000 0.0888270
0.03 23 96 39.2685493 43.0000000 0.0867779
0.03 24 95 39.3626406 43.0000000 0.0845898
0.03 25 89 39.4220509 43.0000000 0.0832081
0.03 26 93 39.4830494 43.0000000 0.0817895
0.03 27 83 39.5630305 43.0000000 0.0799295
0.04 28 102 39.6554784 43.0000000 0.0777796
0.02 29 83 39.6982833 43.0000000 0.0767841
0.04 30 92 39.7817890 43.0000000 0.0748421
0.04 31 97 39.8577281 43.0000000 0.0730761
0.03 32 100 39.9244169 43.0000000 0.0715252
0.02 33 57 39.9683333 43.0000000 0.0705039
0.02 34 66 40.0047286 43.0000000 0.0696575
0.03 35 64 40.0503022 43.0000000 0.0685976
0.03 36 68 40.0929944 43.0000000 0.0676048
0.03 37 76 40.1446238 43.0000000 0.0664041
0.04 38 79 40.1800241 43.0000000 0.0655808
0.04 39 58 40.1980352 43.0000000 0.0651620
0.04 40 64 40.2124369 43.0000000 0.0648270
0.03 41 59 40.2331843 43.0000000 0.0643446
0.03 42 43 40.2485827 43.0000000 0.0639864
0.04 43 43 40.2603876 43.0000000 0.0637119
0.03 44 54 40.2689602 43.0000000 0.0635126
0.04 45 52 40.2852848 43.0000000 0.0631329
0.03 46 66 40.2991538 43.0000000 0.0628104
0.03 47 50 40.3128258 43.0000000 0.0624924
0.04 48 51 40.3231850 43.0000000 0.0622515
0.03 49 61 40.3362713 43.0000000 0.0619472
0.03 50 54 40.3588016 43.0000000 0.0614232
0.03 51 50 40.3705126 43.0000000 0.0611509
0.04 52 58 40.3913226 43.0000000 0.0606669
0.03 53 51 40.4083637 43.0000000 0.0602706
0.03 54 50 40.4236910 43.0000000 0.0599142
0.03 55 47 40.4328342 43.0000000 0.0597015
0.03 56 45 40.4455469 43.0000000 0.0594059
0.04 57 46 40.4910810 43.0000000 0.0583470
0.03 58 57 40.5214044 43.0000000 0.0576418
0.03 59 63 40.5528898 43.0000000 0.0569095
0.04 60 64 40.5780517 43.0000000 0.0563244
0.03 61 47 40.6102647 43.0000000 0.0555752
0.03 62 47 40.6379469 43.0000000 0.0549315
0.03 63 48 40.6906730 43.0000000 0.0537053
0.04 64 55 40.7514910 43.0000000 0.0522909
0.05 65 56 40.8528525 43.0000000 0.0499337
0.04 66 67 40.9045723 43.0000000 0.0487309
0.06 67 66 40.9845047 43.0000000 0.0468720
0.05 68 66 41.0486271 43.0000000 0.0453808
0.05 69 50 41.1108066 43.0000000 0.0439347
0.06 70 68 41.1629518 43.0000000 0.0427221
0.06 71 68 41.2372861 43.0000000 0.0409933
0.06 72 60 41.3041620 43.0000000 0.0394381
0.05 73 41 41.3725736 43.0000000 0.0378471
0.05 74 46 41.4384045 43.0000000 0.0363162
0.06 75 56 41.5100667 43.0000000 0.0346496
0.06 76 55 41.6178065 43.0000000 0.0321440
0.06 77 59 41.6882167 43.0000000 0.0305066
0.06 78 50 41.7413864 43.0000000 0.0292701
0.06 79 53 41.8090146 43.0000000 0.0276973
0.05 80 64 41.8364588 43.0000000 0.0270591
0.07 81 52 41.8963881 43.0000000 0.0256654
0.07 82 59 41.9341196 43.0000000 0.0247879
0.07 83 60 41.9764466 43.0000000 0.0238036
0.07 84 50 42.0088700 43.0000000 0.0230495
0.07 85 62 42.0286008 43.0000000 0.0225907
0.04 86 43 42.0364275 43.0000000 0.0224087
0.03 87 27 42.0518186 43.0000000 0.0220507
0.04 88 23 42.0610554 43.0000000 0.0218359
0.04 89 31 42.0753738 43.0000000 0.0215029
0.04 90 33 42.0938996 43.0000000 0.0210721
0.04 91 24 42.1099653 43.0000000 0.0206985
0.04 92 23 42.1248872 43.0000000 0.0203515
0.03 93 21 42.1386594 43.0000000 0.0200312
0.03 94 24 42.1466033 43.0000000 0.0198464
0.04 95 27 42.1544692 43.0000000 0.0196635
0.02 96 26 42.1557949 43.0000000 0.0196327
0.03 97 23 42.1639789 43.0000000 0.0194424
0.04 98 26 42.1759367 43.0000000 0.0191643
0.04 99 29 42.1821557 43.0000000 0.0190196
0.04 100 25 42.1900631 43.0000000 0.0188357
0.04 101 29 42.2120630 43.0000000 0.0183241
0.04 102 25 42.2222222 43.0000000 0.0180879
0.01 103 12 42.2222222 43.0000000 0.0180879
0.01 104 19 42.2222222 43.0000000 0.0180879
0.01 105 14 42.2222222 43.0000000 0.0180879
0.01 106 15 42.2222222 43.0000000 0.0180879
0.01 107 10 42.2222222 43.0000000 0.0180879
0.01 108 13 42.2222222 43.0000000 0.0180879
0.01 109 8 42.2222222 43.0000000 0.0180879
0.01 110 13 42.2222222 43.0000000 0.0180879
0.01 111 12 42.2222222 43.0000000 0.0180879
0.01 112 11 42.2222222 43.0000000 0.0180879
0.01 113 9 42.2222222 43.0000000 0.0180879
0.01 114 11 42.2222222 43.0000000 0.0180879
0.01 115 10 42.2222222 43.0000000 0.0180879
0.01 116 11 42.2222222 43.0000000 0.0180879
0.01 117 11 42.2222222 43.0000000 0.0180879
0.01 118 7 42.2222222 43.0000000 0.0180879
0.01 119 7 42.2222222 43.0000000 0.0180879
0.01 120 9 42.2222222 43.0000000 0.0180879
0.01 121 7 42.2222222 43.0000000 0.0180879
0.01 122 10 42.2222222 43.0000000 0.0180879
0.01 123 6 42.2222222 43.0000000 0.0180879
0.01 124 6 42.2222222 43.0000000 0.0180879
0.01 125 12 42.2222222 43.0000000 0.0180879
0.01 126 7 42.2222222 43.0000000 0.0180879
0.01 127 11 42.2222222 43.0000000 0.0180879
0.01 128 12 42.2222222 43.0000000 0.0180879
0.01 129 10 42.2222222 43.0000000 0.0180879
0.01 130 8 42.2222222 43.0000000 0.0180879
0.01 131 9 42.2222222 43.0000000 0.0180879
0.01 132 10 42.2222222 43.0000000 0.0180879
0.01 133 9 42.2222222 43.0000000 0.0180879
0.01 134 5 42.2222222 43.0000000 0.0180879
0.01 135 11 42.2222222 43.0000000 0.0180879
0.01 136 8 42.2222222 43.0000000 0.0180879
0.01 137 13 42.2222222 43.0000000 0.0180879
0.01 138 9 42.2222222 43.0000000 0.0180879
0.01 139 11 42.2222222 43.0000000 0.0180879
0.01 140 10 42.2222222 43.0000000 0.0180879
0.01 141 11 42.2222222 43.0000000 0.0180879
0.01 142 10 42.2222222 43.0000000 0.0180879
0.01 143 12 42.2222222 43.0000000 0.0180879
0.01 144 13 42.2222222 43.0000000 0.0180879
0.02 145 12 42.2222222 43.0000000 0.0180879
0.01 146 7 42.2222222 43.0000000 0.0180879
0.01 147 10 42.2222222 43.0000000 0.0180879
0.01 148 8 42.2222222 43.0000000 0.0180879
0.01 149 9 42.2222222 43.0000000 0.0180879
0.01 150 10 42.2222222 43.0000000 0.0180879
0.01 151 9 42.2222222 43.0000000 0.0180879
0.01 152 13 42.2222222 43.0000000 0.0180879
0.02 153 13 42.2222222 43.0000000 0.0180879
0.01 154 5 42.2222222 43.0000000 0.0180879
0.01 155 9 42.2222222 43.0000000 0.0180879
0.02 156 11 42.2222222 43.0000000 0.0180879
0.02 157 11 42.2222222 43.0000000 0.0180879
0.01 158 10 42.2222222 43.0000000 0.0180879
0.02 159 13 42.2222222 43.0000000 0.0180879
0.02 160 9 42.2222222 43.0000000 0.0180879
0.02 161 8 42.2222222 43.0000000 0.0180879
0.02 162 12 42.2222222 43.0000000 0.0180879
0.02 163 15 42.2222222 43.0000000 0.0180879
0.01 164 10 42.2222222 43.0000000 0.0180879
0.02 165 12 42.2222222 43.0000000 0.0180879
0.01 166 9 42.2222222 43.0000000 0.0180879
0.02 167 12 42.2222222 43.0000000 0.0180879
0.02 168 8 42.2222222 43.0000000 0.0180879
0.02 169 10 42.2222222 43.0000000 0.0180879
0.02 170 8 42.2222222 43.0000000 0.0180879
0.02 171 8 42.2222222 43.0000000 0.0180879
0.02 172 8 42.2222222 43.0000000 0.0180879
