0.55 0 0 163.5381773 204.0000000 0.1983423
0.00 1 67 164.7091169 204.0000000 0.1926024
0.01 2 99 166.2947755 204.0000000 0.1848295
0.01 3 110 168.3404420 204.0000000 0.1748018
0.01 4 127 170.0995112 204.0000000 0.1661789
0.01 5 140 171.6360582 204.0000000 0.1586468
0.01 6 122 172.8704925 204.0000000 0.1525956
0.01 7 152 174.3546666 204.0000000 0.1453203
0.01 8 118 175.9800583 204.0000000 0.1373527
0.01 9 120 177.0558848 204.0000000 0.1320790
0.01 10 127 178.5638478 204.0000000 0.1246870
0.01 11 113 179.7793092 204.0000000 0.1187289
0.02 12 138 180.3482082 204.0000000 0.1159402
0.02 13 124 181.3121552 204.0000000 0.1112149
0.02 14 133 182.4007157 204.0000000 0.1058788
0.02 15 129 183.1355434 204.0000000 0.1022767
0.03 16 150 183.5717418 204.0000000 0.1001385
0.03 17 129 184.4526165 204.0000000 0.0958205
0.03 18 145 185.1185577 204.0000000 0.0925561
0.03 19 145 185.5564946 204.0000000 0.0904093
0.03 20 116 186.3011685 204.0000000 0.0867590
0.04 21 133 186.9219294 204.0000000 0.0837160
0.04 22 112 187.3785889 204.0000000 0.0814775
0.04 23 109 187.7708424 204.0000000 0.0795547
0.03 24 98 188.1326311 204.0000000 0.0777812
0.04 25 116 188.6863513 204.0000000 0.0750669
0.05 26 129 189.1367051 204.0000000 0.0728593
0.04 27 122 189.4393451 204.0000000 0.0713758
0.05 28 106 190.0132057 204.0000000 0.0685627
0.05 29 109 190.3739147 204.0000000 0.0667945
0.05 30 80 190.6146913 204.0000000 0.0656143
0.06 31 106 191.0093296 204.0000000 0.0636798
0.05 32 94 191.3441595 204.0000000 0.0620384
0.05 33 106 191.7556767 204.0000000 0.0600212
0.05 34 98 192.0467703 204.0000000 0.0585943
0.07 35 98 192.3384215 204.0000000 0.0571646
0.07 36 107 192.6672891 204.0000000 0.0555525
0.07 37 99 192.9181478 204.0000000 0.0543228
0.05 38 94 193.1859156 204.0000000 0.0530102
0.08 39 97 193.3478101 204.0000000 0.0522166
0.07 40 92 193.5425654 204.0000000 0.0512619
0.06 41 85 193.6905733 204.0000000 0.0505364
0.07 42 61 193.8518167 204.0000000 0.0497460
0.09 43 58 193.9788701 204.0000000 0.0491232
0.08 44 53 194.1724880 204.0000000 0.0481741
0.06 45 78 194.2735015 204.0000000 0.0476789
0.08 46 55 194.3583792 204.0000000 0.0472628
0.06 47 74 194.4842159 204.0000000 0.0466460
0.08 48 57 194.6247238 204.0000000 0.0459572
0.05 49 48 194.7027807 204.0000000 0.0455746
0.10 50 71 194.8548098 204.0000000 0.0448294
0.06 51 74 194.9550754 204.0000000 0.0443379
0.09 52 44 195.0492953 204.0000000 0.0438760
0.06 53 37 195.1236668 204.0000000 0.0435114
0.08 54 35 195.1695398 204.0000000 0.0432866
0.07 55 39 195.2225136 204.0000000 0.0430269
0.11 56 32 195.2935421 204.0000000 0.0426787
0.08 57 40 195.3646500 204.0000000 0.0423301
0.08 58 36 195.4159567 204.0000000 0.0420786
0.07 59 22 195.4355538 204.0000000 0.0419826
0.08 60 23 195.4702752 204.0000000 0.0418124
0.08 61 32 195.5069048 204.0000000 0.0416328
0.08 62 37 195.5987120 204.0000000 0.0411828
0.07 63 33 195.6545307 204.0000000 0.0409092
0.06 64 11 195.6759363 204.0000000 0.0408042
0.07 65 19 195.7011196 204.0000000 0.0406808
0.08 66 21 195.7271219 204.0000000 0.0405533
0.06 67 14 195.7573375 204.0000000 0.0404052
0.07 68 26 195.8098317 204.0000000 0.0401479
0.08 69 20 195.8407158 204.0000000 0.0399965
0.09 70 17 195.8688584 204.0000000 0.0398585
0.09 71 24 195.8807832 204.0000000 0.0398001
0.07 72 15 195.9017255 204.0000000 0.0396974
0.07 73 16 195.9318520 204.0000000 0.0395497
0.07 74 26 195.9524168 204.0000000 0.0394489
0.05 75 15 195.9607378 204.0000000 0.0394081
0.08 76 20 196.0002352 204.0000000 0.0392145
0.06 77 20 196.0362821 204.0000000 0.0390378
0.07 78 20 196.0526603 204.0000000 0.0389575
0.06 79 7 196.0702007 204.0000000 0.0388716
0.06 80 7 196.0868827 204.0000000 0.0387898
0.07 81 25 196.0946832 204.0000000 0.0387516
0.05 82 2 196.0985625 204.0000000 0.0387325
0.08 83 11 196.1275637 204.0000000 0.0385904
0.04 84 15 196.1384115 204.0000000 0.0385372
0.07 85 12 196.1601023 204.0000000 0.0384309
0.06 86 10 196.1923009 204.0000000 0.0382730
0.05 87 10 196.2030495 204.0000000 0.0382203
0.04 88 10 196.2091860 204.0000000 0.0381903
0.06 89 14 196.2168352 204.0000000 0.0381528
