0.45 0 0 34.2548060 48.0000000 0.2863582
0.01 1 96 35.1142908 48.0000000 0.2684523
0.01 2 117 35.5245365 48.0000000 0.2599055
0.01 3 114 35.7613625 48.0000000 0.2549716
0.01 4 110 36.3267712 48.0000000 0.2431923
0.01 5 127 36.6365973 48.0000000 0.2367376
0.01 6 117 36.9857698 48.0000000 0.2294631
0.01 7 135 37.3644912 48.0000000 0.2215731
0.02 8 158 37.7639951 48.0000000 0.2132501
0.02 9 162 38.0756924 48.0000000 0.2067564
0.02 10 147 38.3907239 48.0000000 0.2001933
0.02 11 160 38.7093040 48.0000000 0.1935562
0.02 12 159 39.0694309 48.0000000 0.1860535
0.03 13 158 39.3381454 48.0000000 0.1804553
0.03 14 156 39.5223139 48.0000000 0.1766185
0.03 15 148 39.7075285 48.0000000 0.1727598
0.03 16 162 39.9525744 48.0000000 0.1676547
0.04 17 158 40.2089396 48.0000000 0.1623138
0.04 18 161 40.3947705 48.0000000 0.1584423
0.04 19 137 40.5036408 48.0000000 0.1561742
0.04 20 152 40.6834760 48.0000000 0.1524276
0.05 21 142 40.7998247 48.0000000 0.1500037
0.04 22 113 40.8782792 48.0000000 0.1483692
0.05 23 155 40.9660062 48.0000000 0.1465415
0.05 24 137 41.0565208 48.0000000 0.1446558
0.05 25 125 41.1208177 48.0000000 0.1433163
0.06 26 153 41.2811776 48.0000000 0.1399755
0.06 27 149 41.3763200 48.0000000 0.1379933
0.06 28 141 41.4626290 48.0000000 0.1361952
0.08 29 150 41.5538485 48.0000000 0.1342948
0.08 30 144 41.6376515 48.0000000 0.1325489
0.07 31 114 41.6867811 48.0000000 0.1315254
0.06 32 106 41.7483103 48.0000000 0.1302435
0.07 33 125 41.8175472 48.0000000 0.1288011
0.07 34 145 41.8736681 48.0000000 0.1276319
0.07 35 126 41.9440175 48.0000000 0.1261663
0.08 36 116 42.0032837 48.0000000 0.1249316
0.08 37 122 42.0819651 48.0000000 0.1232924
0.10 38 122 42.1350943 48.0000000 0.1221855
0.09 39 127 42.1969757 48.0000000 0.1208963
0.09 40 99 42.2583276 48.0000000 0.1196182
0.09 41 115 42.2986001 48.0000000 0.1187792
0.08 42 92 42.3278302 48.0000000 0.1181702
0.08 43 97 42.3512153 48.0000000 0.1176830
0.10 44 102 42.3831937 48.0000000 0.1170168
0.08 45 98 42.4071652 48.0000000 0.1165174
0.12 46 108 42.4389111 48.0000000 0.1158560
0.10 47 91 42.4667054 48.0000000 0.1152770
0.12 48 94 42.5010351 48.0000000 0.1145618
0.07 49 79 42.5269967 48.0000000 0.1140209
0.08 50 79 42.5603453 48.0000000 0.1133261
0.09 51 75 42.5833081 48.0000000 0.1128477
0.11 52 70 42.6065869 48.0000000 0.1123628
0.13 53 81 42.6391223 48.0000000 0.1116850
0.13 54 89 42.6681273 48.0000000 0.1110807
0.13 55 89 42.7001744 48.0000000 0.1104130
0.14 56 102 42.7363784 48.0000000 0.1096588
0.13 57 84 42.7590532 48.0000000 0.1091864
0.10 58 89 42.7776971 48.0000000 0.1087980
0.12 59 91 42.8079632 48.0000000 0.1081674
0.15 60 89 42.8272986 48.0000000 0.1077646
0.14 61 91 42.8520008 48.0000000 0.1072500
0.14 62 94 42.8759933 48.0000000 0.1067501
0.13 63 88 42.9058878 48.0000000 0.1061273
0.15 64 95 42.9320754 48.0000000 0.1055818
0.14 65 90 42.9512435 48.0000000 0.1051824
0.15 66 82 42.9884336 48.0000000 0.1044076
0.13 67 92 43.0136738 48.0000000 0.1038818
0.14 68 86 43.0456729 48.0000000 0.1032151
0.15 69 86 43.0775083 48.0000000 0.1025519
0.15 70 95 43.1048107 48.0000000 0.1019831
0.11 71 81 43.1282016 48.0000000 0.1014958
0.16 72 96 43.1589174 48.0000000 0.1008559
0.10 73 95 43.1785318 48.0000000 0.1004473
0.17 74 92 43.2079529 48.0000000 0.0998343
0.13 75 93 43.2349372 48.0000000 0.0992721
0.13 76 104 43.2592351 48.0000000 0.0987659
0.19 77 101 43.2923667 48.0000000 0.0980757
0.19 78 102 43.3229904 48.0000000 0.0974377
0.19 79 101 43.3552077 48.0000000 0.0967665
0.20 80 84 43.3861074 48.0000000 0.0961228
0.21 81 94 43.4244612 48.0000000 0.0953237
0.20 82 100 43.4526164 48.0000000 0.0947372
0.16 83 88 43.4699267 48.0000000 0.0943765
0.16 84 80 43.4809462 48.0000000 0.0941470
0.13 85 86 43.5062117 48.0000000 0.0936206
0.23 86 96 43.5287865 48.0000000 0.0931503
0.19 87 100 43.5499052 48.0000000 0.0927103
0.15 88 96 43.5759996 48.0000000 0.0921667
0.19 89 96 43.5985294 48.0000000 0.0916973
0.22 90 83 43.6195712 48.0000000 0.0912589
0.17 91 81 43.6434224 48.0000000 0.0907620
0.27 92 99 43.6753721 48.0000000 0.0900964
0.17 93 44 43.6927019 48.0000000 0.0897354
0.14 94 54 43.7075935 48.0000000 0.0894251
0.20 95 73 43.7322879 48.0000000 0.0889107
0.20 96 88 43.7545147 48.0000000 0.0884476
0.22 97 87 43.7728274 48.0000000 0.0880661
0.23 98 63 43.7895893 48.0000000 0.0877169
0.22 99 55 43.8025523 48.0000000 0.0874468
0.24 100 88 43.8247862 48.0000000 0.0869836
0.18 101 71 43.8420896 48.0000000 0.0866231
0.32 102 89 43.8652956 48.0000000 0.0861397
0.24 103 85 43.8843740 48.0000000 0.0857422
0.29 104 81 43.8993044 48.0000000 0.0854312
0.13 105 57 43.9078909 48.0000000 0.0852523
0.23 106 59 43.9234184 48.0000000 0.0849288
0.16 107 56 43.9314300 48.0000000 0.0847619
0.25 108 54 43.9475495 48.0000000 0.0844261
0.24 109 51 43.9619599 48.0000000 0.0841258
0.26 110 63 43.9744357 48.0000000 0.0838659
