0.21 0 0 55.0000000 59.0000000 0.0677966
0.00 1 99 55.0000000 59.0000000 0.0677966
0.00 2 78 55.1666667 59.0000000 0.0649718
0.00 3 71 55.3653846 59.0000000 0.0616037
0.01 4 80 55.5000000 59.0000000 0.0593220
0.00 5 75 55.5333333 59.0000000 0.0587571
0.00 6 68 55.5918473 59.0000000 0.0577653
0.01 7 74 55.8095238 59.0000000 0.0540759
0.01 8 66 55.8095238 59.0000000 0.0540759
0.01 9 77 55.8484848 59.0000000 0.0534155
0.00 10 54 55.8518182 59.0000000 0.0533590
0.01 11 77 55.9418182 59.0000000 0.0518336
0.01 12 74 55.9894737 59.0000000 0.0510259
0.01 13 75 56.0476545 59.0000000 0.0500398
0.01 14 69 56.1158537 59.0000000 0.0488838
0.01 15 80 56.1456229 59.0000000 0.0483793
0.01 16 59 56.1857143 59.0000000 0.0476998
0.01 17 69 56.2435897 59.0000000 0.0467188
0.01 18 75 56.2969019 59.0000000 0.0458152
0.01 19 63 56.3617021 59.0000000 0.0447169
0.01 20 67 56.4000000 59.0000000 0.0440678
0.01 21 56 56.4117647 59.0000000 0.0438684
0.01 22 59 56.4166667 59.0000000 0.0437853
0.01 23 59 56.4285714 59.0000000 0.0435835
0.01 24 62 56.4333333 59.0000000 0.0435028
0.01 25 51 56.4333333 59.0000000 0.0435028
0.01 26 53 56.4347826 59.0000000 0.0434783
0.01 27 49 56.4444444 59.0000000 0.0433145
0.01 28 30 56.4444444 59.0000000 0.0433145
0.01 29 20 56.4444444 59.0000000 0.0433145
0.01 30 26 56.4473684 59.0000000 0.0432649
0.01 31 22 56.4523810 59.0000000 0.0431800
0.01 32 37 56.5000000 59.0000000 0.0423729
0.00 33 12 56.5000000 59.0000000 0.0423729
0.01 34 10 56.5000000 59.0000000 0.0423729
0.00 35 10 56.5000000 59.0000000 0.0423729
0.00 36 8 56.5000000 59.0000000 0.0423729
0.01 37 12 56.5000000 59.0000000 0.0423729
0.00 38 11 56.5000000 59.0000000 0.0423729
0.00 39 4 56.5000000 59.0000000 0.0423729
0.00 40 9 56.5000000 59.0000000 0.0423729
0.00 41 6 56.5000000 59.0000000 0.0423729
0.00 42 6 56.5000000 59.0000000 0.0423729
0.00 43 7 56.5000000 59.0000000 0.0423729
0.00 44 6 56.5000000 59.0000000 0.0423729
0.00 45 11 56.5000000 59.0000000 0.0423729
0.00 46 8 56.5000000 59.0000000 0.0423729
0.00 47 2 56.5000000 59.0000000 0.0423729
0.00 48 6 56.5000000 59.0000000 0.0423729
0.01 49 6 56.5000000 59.0000000 0.0423729
0.01 50 3 56.5000000 59.0000000 0.0423729
0.01 51 5 56.5000000 59.0000000 0.0423729
0.01 52 13 56.5000000 59.0000000 0.0423729
0.00 53 2 56.5000000 59.0000000 0.0423729
0.00 54 1 56.5000000 59.0000000 0.0423729
