0.39 0 0 219.8333333 338.0000000 0.3496055
0.00 1 76 222.3819444 338.0000000 0.3420653
0.01 2 102 224.4875790 338.0000000 0.3358356
0.01 3 125 228.1063880 338.0000000 0.3251290
0.01 4 130 231.6739480 338.0000000 0.3145741
0.01 5 135 233.6457079 338.0000000 0.3087405
0.01 6 146 235.8765654 338.0000000 0.3021403
0.01 7 143 238.5898122 338.0000000 0.2941130
0.02 8 166 242.3971351 338.0000000 0.2828487
0.02 9 146 244.5961616 338.0000000 0.2763427
0.02 10 161 247.4694354 338.0000000 0.2678419
0.02 11 189 250.2622759 338.0000000 0.2595791
0.02 12 161 253.0593249 338.0000000 0.2513038
0.03 13 165 255.1059765 338.0000000 0.2452486
0.03 14 188 257.3426097 338.0000000 0.2386313
0.04 15 180 259.4727940 338.0000000 0.2323290
0.04 16 180 261.7599924 338.0000000 0.2255622
0.04 17 195 263.7314572 338.0000000 0.2197294
0.04 18 164 265.9012462 338.0000000 0.2133099
0.05 19 188 267.8375703 338.0000000 0.2075812
0.05 20 195 269.5284420 338.0000000 0.2025786
0.05 21 186 270.9778723 338.0000000 0.1982903
0.06 22 187 272.4783638 338.0000000 0.1938510
0.06 23 186 274.0874568 338.0000000 0.1890904
0.07 24 183 275.5191791 338.0000000 0.1848545
0.07 25 182 277.0690245 338.0000000 0.1802692
0.07 26 190 278.0381595 338.0000000 0.1774019
0.08 27 187 279.5640750 338.0000000 0.1728874
0.08 28 181 280.3429647 338.0000000 0.1705829
0.08 29 173 281.2690975 338.0000000 0.1678429
0.10 30 176 282.6222267 338.0000000 0.1638396
0.09 31 166 283.5794947 338.0000000 0.1610074
0.11 32 180 284.4473311 338.0000000 0.1584398
0.11 33 178 285.5943782 338.0000000 0.1550462
0.12 34 181 286.4828369 338.0000000 0.1524176
0.12 35 178 287.3078511 338.0000000 0.1499768
0.12 36 153 288.0884108 338.0000000 0.1476674
0.16 37 185 289.1496864 338.0000000 0.1445276
0.15 38 198 290.4824495 338.0000000 0.1405845
0.14 39 188 291.1931840 338.0000000 0.1384817
0.16 40 181 292.2811243 338.0000000 0.1352629
0.18 41 194 293.2102458 338.0000000 0.1325141
0.17 42 184 294.1832613 338.0000000 0.1296353
0.20 43 177 295.1720309 338.0000000 0.1267100
0.20 44 183 296.2043978 338.0000000 0.1236556
0.20 45 165 296.9912380 338.0000000 0.1213277
0.20 46 198 297.8003985 338.0000000 0.1189337
0.20 47 164 298.7780921 338.0000000 0.1160411
0.23 48 143 299.8779815 338.0000000 0.1127870
0.25 49 173 300.6683856 338.0000000 0.1104486
0.20 50 139 301.3012550 338.0000000 0.1085762
0.28 51 183 302.0443279 338.0000000 0.1063777
0.22 52 173 302.8375081 338.0000000 0.1040310
0.29 53 182 303.6269212 338.0000000 0.1016955
0.28 54 180 304.3816505 338.0000000 0.0994626
0.31 55 182 304.9642582 338.0000000 0.0977389
0.28 56 170 305.6084527 338.0000000 0.0958330
0.36 57 184 306.1148962 338.0000000 0.0943346
0.26 58 150 306.5458483 338.0000000 0.0930596
0.37 59 146 307.2270585 338.0000000 0.0910442
0.32 60 159 307.7320606 338.0000000 0.0895501
0.29 61 164 308.2392092 338.0000000 0.0880497
0.32 62 158 308.6614133 338.0000000 0.0868006
0.36 63 175 309.2300587 338.0000000 0.0851182
0.33 64 144 309.7713874 338.0000000 0.0835166
0.34 65 134 310.3698339 338.0000000 0.0817461
0.42 66 143 310.8333597 338.0000000 0.0803747
0.26 67 124 311.2491557 338.0000000 0.0791445
0.36 68 133 311.6735831 338.0000000 0.0778888
0.32 69 153 312.0923456 338.0000000 0.0766499
0.33 70 149 312.5775012 338.0000000 0.0752145
0.43 71 149 312.9774856 338.0000000 0.0740311
0.40 72 130 313.4260172 338.0000000 0.0727041
0.49 73 151 313.9626847 338.0000000 0.0711163
0.44 74 127 314.3642018 338.0000000 0.0699284
0.42 75 123 314.6665363 338.0000000 0.0690339
0.38 76 152 315.0392754 338.0000000 0.0679311
0.49 77 142 315.4298229 338.0000000 0.0667757
0.48 78 136 315.7904990 338.0000000 0.0657086
0.46 79 138 316.1178714 338.0000000 0.0647400
0.40 80 138 316.5089586 338.0000000 0.0635830
0.34 81 130 316.7843136 338.0000000 0.0627683
0.44 82 142 317.0158740 338.0000000 0.0620832
