0.22 0 0 51.0000000 54.0000000 0.0555556
0.00 1 82 51.0000000 54.0000000 0.0555556
0.00 2 90 51.1666667 54.0000000 0.0524691
0.01 3 99 51.3571429 54.0000000 0.0489418
0.00 4 66 51.5000000 54.0000000 0.0462963
0.01 5 87 51.5000000 54.0000000 0.0462963
0.01 6 60 51.5000000 54.0000000 0.0462963
0.01 7 56 51.5000000 54.0000000 0.0462963
0.00 8 41 51.5500000 54.0000000 0.0453704
0.00 9 55 51.5500000 54.0000000 0.0453704
0.00 10 39 51.6060606 54.0000000 0.0443322
0.01 11 59 51.6428571 54.0000000 0.0436508
0.01 12 34 51.6428571 54.0000000 0.0436508
0.01 13 43 51.6666667 54.0000000 0.0432099
0.01 14 48 51.6741573 54.0000000 0.0430712
0.01 15 46 51.7222222 54.0000000 0.0421811
0.01 16 41 51.7448980 54.0000000 0.0417611
0.01 17 59 51.7500000 54.0000000 0.0416667
0.01 18 31 51.7500000 54.0000000 0.0416667
0.01 19 44 51.7500000 54.0000000 0.0416667
0.01 20 41 51.7500000 54.0000000 0.0416667
0.01 21 53 51.7500000 54.0000000 0.0416667
0.01 22 36 51.7500000 54.0000000 0.0416667
0.01 23 39 51.7500000 54.0000000 0.0416667
0.01 24 41 51.7500000 54.0000000 0.0416667
0.00 25 15 51.7500000 54.0000000 0.0416667
0.00 26 16 51.7500000 54.0000000 0.0416667
0.00 27 16 51.7500000 54.0000000 0.0416667
0.01 28 19 51.7500000 54.0000000 0.0416667
0.01 29 17 51.7500000 54.0000000 0.0416667
0.00 30 11 51.7500000 54.0000000 0.0416667
0.00 31 9 51.7500000 54.0000000 0.0416667
0.00 32 11 51.7500000 54.0000000 0.0416667
0.00 33 13 51.7500000 54.0000000 0.0416667
0.00 34 15 51.7542373 54.0000000 0.0415882
0.01 35 27 51.7789474 54.0000000 0.0411306
0.01 36 22 51.7866667 54.0000000 0.0409877
0.01 37 20 51.7920000 54.0000000 0.0408889
0.01 38 16 51.8000000 54.0000000 0.0407407
0.01 39 18 51.8049470 54.0000000 0.0406491
0.01 40 31 51.8143460 54.0000000 0.0404751
0.01 41 19 51.8214286 54.0000000 0.0403439
0.01 42 14 51.8227513 54.0000000 0.0403194
0.01 43 17 51.8227513 54.0000000 0.0403194
0.01 44 19 51.8235294 54.0000000 0.0403050
0.01 45 18 51.8250000 54.0000000 0.0402778
0.01 46 17 51.8285714 54.0000000 0.0402116
0.01 47 20 51.8285714 54.0000000 0.0402116
0.01 48 13 51.8285714 54.0000000 0.0402116
0.01 49 19 51.8333333 54.0000000 0.0401235
0.01 50 17 51.8333333 54.0000000 0.0401235
0.01 51 16 51.8333333 54.0000000 0.0401235
0.01 52 15 51.8333333 54.0000000 0.0401235
0.01 53 13 51.8333333 54.0000000 0.0401235
0.01 54 15 51.8333333 54.0000000 0.0401235
0.01 55 15 51.8333333 54.0000000 0.0401235
0.00 56 9 51.8333333 54.0000000 0.0401235
0.00 57 9 51.8333333 54.0000000 0.0401235
0.01 58 10 51.8333333 54.0000000 0.0401235
0.01 59 15 51.8333333 54.0000000 0.0401235
0.01 60 11 51.8333333 54.0000000 0.0401235
0.01 61 15 51.8333333 54.0000000 0.0401235
0.01 62 14 51.8333333 54.0000000 0.0401235
0.01 63 19 51.8333333 54.0000000 0.0401235
0.01 64 11 51.8333333 54.0000000 0.0401235
0.01 65 9 51.8333333 54.0000000 0.0401235
0.01 66 12 51.8333333 54.0000000 0.0401235
0.01 67 15 51.8333333 54.0000000 0.0401235
0.00 68 9 51.8333333 54.0000000 0.0401235
0.00 69 12 51.8333333 54.0000000 0.0401235
0.01 70 12 51.8333333 54.0000000 0.0401235
0.00 71 8 51.8333333 54.0000000 0.0401235
0.01 72 16 51.8333333 54.0000000 0.0401235
0.01 73 11 51.8333333 54.0000000 0.0401235
0.00 74 10 51.8333333 54.0000000 0.0401235
0.01 75 11 51.8333333 54.0000000 0.0401235
0.01 76 13 51.8333333 54.0000000 0.0401235
0.01 77 11 51.8333333 54.0000000 0.0401235
0.01 78 12 51.8333333 54.0000000 0.0401235
0.01 79 9 51.8333333 54.0000000 0.0401235
0.01 80 17 51.8333333 54.0000000 0.0401235
0.01 81 14 51.8333333 54.0000000 0.0401235
0.01 82 13 51.8333333 54.0000000 0.0401235
0.01 83 16 51.8333333 54.0000000 0.0401235
0.00 84 11 51.8333333 54.0000000 0.0401235
0.01 85 13 51.8333333 54.0000000 0.0401235
0.00 86 10 51.8333333 54.0000000 0.0401235
0.00 87 11 51.8333333 54.0000000 0.0401235
0.00 88 6 51.8333333 54.0000000 0.0401235
0.01 89 17 51.8333333 54.0000000 0.0401235
0.01 90 14 51.8333333 54.0000000 0.0401235
0.01 91 14 51.8333333 54.0000000 0.0401235
0.01 92 12 51.8333333 54.0000000 0.0401235
0.01 93 11 51.8333333 54.0000000 0.0401235
0.01 94 19 51.8333333 54.0000000 0.0401235
0.01 95 13 51.8333333 54.0000000 0.0401235
0.00 96 8 51.8333333 54.0000000 0.0401235
0.00 97 10 51.8333333 54.0000000 0.0401235
0.01 98 15 51.8333333 54.0000000 0.0401235
0.01 99 19 51.8334198 54.0000000 0.0401219
0.01 100 17 51.8346220 54.0000000 0.0400996
0.01 101 13 51.8381995 54.0000000 0.0400333
0.01 102 13 51.8496732 54.0000000 0.0398209
0.01 103 9 51.8498350 54.0000000 0.0398179
0.01 104 16 51.8500000 54.0000000 0.0398148
0.01 105 14 51.8518519 54.0000000 0.0397805
0.01 106 9 51.8518519 54.0000000 0.0397805
0.01 107 10 51.8548387 54.0000000 0.0397252
0.01 108 9 51.8571429 54.0000000 0.0396825
0.00 109 7 51.8571429 54.0000000 0.0396825
0.01 110 11 51.8571429 54.0000000 0.0396825
0.01 111 12 51.8573111 54.0000000 0.0396794
0.01 112 17 51.8586572 54.0000000 0.0396545
0.01 113 11 51.8624879 54.0000000 0.0395836
0.01 114 14 51.8750000 54.0000000 0.0393519
0.01 115 5 51.8750000 54.0000000 0.0393519
0.00 116 6 51.8750000 54.0000000 0.0393519
0.01 117 7 51.8752115 54.0000000 0.0393479
0.01 118 11 51.8771930 54.0000000 0.0393112
0.01 119 10 51.8784722 54.0000000 0.0392876
0.01 120 17 51.8796962 54.0000000 0.0392649
0.01 121 14 51.8823529 54.0000000 0.0392157
0.01 122 17 51.8878205 54.0000000 0.0391144
0.01 123 11 51.8888889 54.0000000 0.0390947
0.01 124 10 51.8897436 54.0000000 0.0390788
0.01 125 16 51.8913043 54.0000000 0.0390499
0.01 126 24 51.8922889 54.0000000 0.0390317
0.01 127 15 51.8930010 54.0000000 0.0390185
0.01 128 11 51.8937762 54.0000000 0.0390041
0.01 129 12 51.8941384 54.0000000 0.0389974
0.01 130 10 51.8941384 54.0000000 0.0389974
0.01 131 13 51.8951270 54.0000000 0.0389791
0.01 132 13 51.8961175 54.0000000 0.0389608
0.01 133 17 51.8972971 54.0000000 0.0389389
0.01 134 9 51.8972971 54.0000000 0.0389389
0.01 135 9 51.8988943 54.0000000 0.0389094
0.01 136 10 51.9016736 54.0000000 0.0388579
0.01 137 12 51.9016736 54.0000000 0.0388579
0.01 138 12 51.9044780 54.0000000 0.0388060
0.01 139 16 51.9086531 54.0000000 0.0387286
0.01 140 20 51.9133333 54.0000000 0.0386420
0.01 141 14 51.9133333 54.0000000 0.0386420
0.01 142 18 51.9151998 54.0000000 0.0386074
0.01 143 13 51.9164653 54.0000000 0.0385840
0.01 144 13 51.9177331 54.0000000 0.0385605
0.01 145 12 51.9190045 54.0000000 0.0385370
0.01 146 12 51.9195300 54.0000000 0.0385272
0.01 147 11 51.9213028 54.0000000 0.0384944
0.01 148 16 51.9228663 54.0000000 0.0384654
0.01 149 18 51.9239627 54.0000000 0.0384451
0.01 150 11 51.9252098 54.0000000 0.0384220
0.01 151 12 51.9275967 54.0000000 0.0383778
0.01 152 19 51.9287723 54.0000000 0.0383561
0.01 153 11 51.9292398 54.0000000 0.0383474
0.01 154 12 51.9317522 54.0000000 0.0383009
0.01 155 14 51.9332559 54.0000000 0.0382730
0.01 156 14 51.9356992 54.0000000 0.0382278
0.01 157 13 51.9369482 54.0000000 0.0382047
0.01 158 7 51.9387176 54.0000000 0.0381719
0.01 159 13 51.9410103 54.0000000 0.0381294
0.02 160 16 51.9432541 54.0000000 0.0380879
0.01 161 11 51.9444444 54.0000000 0.0380658
0.01 162 20 51.9444444 54.0000000 0.0380658
0.01 163 8 51.9446665 54.0000000 0.0380617
0.01 164 14 51.9465444 54.0000000 0.0380270
0.01 165 14 51.9476220 54.0000000 0.0380070
0.01 166 11 51.9476220 54.0000000 0.0380070
0.01 167 15 51.9496209 54.0000000 0.0379700
0.01 168 12 51.9506348 54.0000000 0.0379512
0.02 169 12 51.9507858 54.0000000 0.0379484
0.01 170 9 51.9518318 54.0000000 0.0379290
0.02 171 12 51.9531413 54.0000000 0.0379048
0.02 172 14 51.9544146 54.0000000 0.0378812
0.02 173 15 51.9567330 54.0000000 0.0378383
0.02 174 12 51.9590181 54.0000000 0.0377960
0.02 175 11 51.9615141 54.0000000 0.0377497
0.02 176 11 51.9628386 54.0000000 0.0377252
0.02 177 11 51.9628487 54.0000000 0.0377250
0.02 178 12 51.9644833 54.0000000 0.0376948
0.02 179 14 51.9657989 54.0000000 0.0376704
0.02 180 12 51.9666667 54.0000000 0.0376543
0.01 181 13 51.9667709 54.0000000 0.0376524
0.02 182 16 51.9682245 54.0000000 0.0376255
0.02 183 16 51.9691839 54.0000000 0.0376077
0.02 184 17 51.9714130 54.0000000 0.0375664
0.02 185 14 51.9749531 54.0000000 0.0375009
0.02 186 13 51.9761905 54.0000000 0.0374780
0.01 187 15 51.9761905 54.0000000 0.0374780
0.01 188 19 51.9761905 54.0000000 0.0374780
0.01 189 9 51.9768865 54.0000000 0.0374651
0.02 190 14 51.9791786 54.0000000 0.0374226
0.02 191 16 51.9811812 54.0000000 0.0373855
0.02 192 12 51.9830987 54.0000000 0.0373500
0.02 193 17 51.9845830 54.0000000 0.0373225
0.02 194 17 51.9858407 54.0000000 0.0372992
0.02 195 11 51.9875149 54.0000000 0.0372682
0.02 196 17 51.9883503 54.0000000 0.0372528
0.02 197 13 51.9895508 54.0000000 0.0372305
0.02 198 15 51.9906156 54.0000000 0.0372108
0.02 199 15 51.9908107 54.0000000 0.0372072
0.02 200 10 51.9915194 54.0000000 0.0371941
0.02 201 14 51.9926035 54.0000000 0.0371740
0.02 202 10 51.9936607 54.0000000 0.0371544
0.02 203 12 51.9949853 54.0000000 0.0371299
0.02 204 17 51.9965968 54.0000000 0.0371001
0.02 205 16 51.9977636 54.0000000 0.0370785
0.02 206 17 51.9985770 54.0000000 0.0370634
0.02 207 16 51.9988873 54.0000000 0.0370576
0.02 208 20 51.9992027 54.0000000 0.0370518
0.02 209 15 51.9999178 54.0000000 0.0370386
0.02 210 18 52.0000000 54.0000000 0.0370370
