0.20 0 0 51.0000000 56.0000000 0.0892857
0.00 1 79 51.0000000 56.0000000 0.0892857
0.00 2 88 51.2916667 56.0000000 0.0840774
0.00 3 72 51.3888889 56.0000000 0.0823413
0.00 4 71 51.5000000 56.0000000 0.0803571
0.00 5 57 51.5892857 56.0000000 0.0787628
0.00 6 56 51.6666667 56.0000000 0.0773810
0.01 7 63 51.6666667 56.0000000 0.0773810
0.00 8 31 51.6666667 56.0000000 0.0773810
0.00 9 31 51.6989247 56.0000000 0.0768049
0.00 10 54 51.8285714 56.0000000 0.0744898
0.00 11 33 51.9027778 56.0000000 0.0731647
0.00 12 36 51.9027778 56.0000000 0.0731647
0.00 13 41 51.9054487 56.0000000 0.0731170
0.01 14 34 51.9250000 56.0000000 0.0727679
0.01 15 51 52.0000000 56.0000000 0.0714286
0.00 16 29 52.0032362 56.0000000 0.0713708
0.01 17 37 52.0799320 56.0000000 0.0700012
0.01 18 44 52.2023810 56.0000000 0.0678146
0.01 19 44 52.2201493 56.0000000 0.0674973
0.01 20 49 52.2500000 56.0000000 0.0669643
0.00 21 21 52.2500000 56.0000000 0.0669643
0.00 22 31 52.2500000 56.0000000 0.0669643
0.01 23 26 52.2500000 56.0000000 0.0669643
0.00 24 21 52.2500000 56.0000000 0.0669643
0.01 25 29 52.2500000 56.0000000 0.0669643
0.00 26 22 52.2500000 56.0000000 0.0669643
0.01 27 32 52.2500000 56.0000000 0.0669643
0.01 28 28 52.2500000 56.0000000 0.0669643
0.01 29 28 52.2500000 56.0000000 0.0669643
0.01 30 29 52.2500000 56.0000000 0.0669643
0.01 31 21 52.2500000 56.0000000 0.0669643
0.01 32 28 52.2500000 56.0000000 0.0669643
0.01 33 33 52.2500000 56.0000000 0.0669643
0.01 34 38 52.2500000 56.0000000 0.0669643
0.01 35 29 52.2500000 56.0000000 0.0669643
0.01 36 26 52.2600000 56.0000000 0.0667857
0.01 37 30 52.2777778 56.0000000 0.0664683
0.01 38 32 52.2777778 56.0000000 0.0664683
0.01 39 26 52.2857143 56.0000000 0.0663265
0.01 40 25 52.2925170 56.0000000 0.0662051
0.01 41 41 52.3000000 56.0000000 0.0660714
0.01 42 30 52.3000000 56.0000000 0.0660714
0.01 43 33 52.3000000 56.0000000 0.0660714
0.01 44 22 52.3018100 56.0000000 0.0660391
0.01 45 28 52.3196078 56.0000000 0.0657213
0.01 46 35 52.3198830 56.0000000 0.0657164
0.01 47 35 52.3548387 56.0000000 0.0650922
0.01 48 19 52.3603604 56.0000000 0.0649936
0.01 49 25 52.3649635 56.0000000 0.0649114
0.01 50 32 52.3888889 56.0000000 0.0644841
0.01 51 25 52.3888889 56.0000000 0.0644841
0.01 52 26 52.3888889 56.0000000 0.0644841
0.01 53 20 52.3888889 56.0000000 0.0644841
0.01 54 22 52.3888889 56.0000000 0.0644841
0.01 55 24 52.3888889 56.0000000 0.0644841
0.01 56 17 52.3888889 56.0000000 0.0644841
0.01 57 21 52.3888889 56.0000000 0.0644841
0.01 58 19 52.3888889 56.0000000 0.0644841
0.01 59 23 52.3888889 56.0000000 0.0644841
0.01 60 18 52.3888889 56.0000000 0.0644841
0.01 61 16 52.3888889 56.0000000 0.0644841
0.01 62 17 52.3939394 56.0000000 0.0643939
0.01 63 22 52.3939394 56.0000000 0.0643939
0.01 64 21 52.3939394 56.0000000 0.0643939
0.01 65 24 52.4000000 56.0000000 0.0642857
0.01 66 27 52.4019608 56.0000000 0.0642507
0.01 67 37 52.4047619 56.0000000 0.0642007
0.01 68 23 52.4047619 56.0000000 0.0642007
0.01 69 23 52.4047619 56.0000000 0.0642007
0.01 70 21 52.4047619 56.0000000 0.0642007
0.01 71 20 52.4047619 56.0000000 0.0642007
0.01 72 20 52.4047619 56.0000000 0.0642007
0.01 73 23 52.4047619 56.0000000 0.0642007
0.01 74 18 52.4053966 56.0000000 0.0641893
0.01 75 26 52.4076923 56.0000000 0.0641484
0.01 76 20 52.4106529 56.0000000 0.0640955
0.01 77 18 52.4106529 56.0000000 0.0640955
0.01 78 17 52.4166667 56.0000000 0.0639881
0.01 79 34 52.4166667 56.0000000 0.0639881
0.01 80 19 52.4166667 56.0000000 0.0639881
0.01 81 18 52.4166667 56.0000000 0.0639881
0.01 82 24 52.4166667 56.0000000 0.0639881
0.01 83 23 52.4166667 56.0000000 0.0639881
0.01 84 23 52.4166667 56.0000000 0.0639881
0.01 85 24 52.4166667 56.0000000 0.0639881
0.01 86 26 52.4166667 56.0000000 0.0639881
0.01 87 23 52.4166667 56.0000000 0.0639881
0.01 88 22 52.4166667 56.0000000 0.0639881
0.01 89 25 52.4166667 56.0000000 0.0639881
0.01 90 27 52.4166667 56.0000000 0.0639881
0.01 91 28 52.4166667 56.0000000 0.0639881
0.01 92 23 52.4166667 56.0000000 0.0639881
0.01 93 32 52.4166667 56.0000000 0.0639881
0.01 94 28 52.4166667 56.0000000 0.0639881
0.01 95 30 52.4166667 56.0000000 0.0639881
0.01 96 18 52.4166667 56.0000000 0.0639881
0.01 97 22 52.4166667 56.0000000 0.0639881
0.01 98 25 52.4168019 56.0000000 0.0639857
0.02 99 26 52.4183908 56.0000000 0.0639573
0.01 100 30 52.4183908 56.0000000 0.0639573
0.02 101 32 52.4194757 56.0000000 0.0639379
0.02 102 22 52.4194757 56.0000000 0.0639379
0.02 103 26 52.4207270 56.0000000 0.0639156
0.02 104 27 52.4260250 56.0000000 0.0638210
0.02 105 20 52.4310345 56.0000000 0.0637315
0.01 106 18 52.4436702 56.0000000 0.0635059
0.02 107 31 52.4480620 56.0000000 0.0634275
0.02 108 24 52.4492754 56.0000000 0.0634058
0.02 109 25 52.4502924 56.0000000 0.0633876
0.02 110 31 52.4509387 56.0000000 0.0633761
0.02 111 25 52.4521652 56.0000000 0.0633542
0.02 112 29 52.4532520 56.0000000 0.0633348
0.02 113 25 52.4539007 56.0000000 0.0633232
0.02 114 30 52.4570858 56.0000000 0.0632663
0.02 115 33 52.4642375 56.0000000 0.0631386
0.02 116 23 52.4659822 56.0000000 0.0631075
0.02 117 26 52.4677277 56.0000000 0.0630763
0.02 118 25 52.4677277 56.0000000 0.0630763
0.02 119 28 52.4719218 56.0000000 0.0630014
0.02 120 29 52.4742698 56.0000000 0.0629595
0.02 121 23 52.4781369 56.0000000 0.0628904
0.02 122 23 52.4808959 56.0000000 0.0628411
0.02 123 29 52.4812395 56.0000000 0.0628350
0.02 124 31 52.4840953 56.0000000 0.0627840
0.02 125 28 52.4878667 56.0000000 0.0627167
0.02 126 28 52.4947275 56.0000000 0.0625942
0.02 127 28 52.4985811 56.0000000 0.0625253
0.03 128 33 52.5035885 56.0000000 0.0624359
0.03 129 31 52.5086353 56.0000000 0.0623458
0.03 130 28 52.5132200 56.0000000 0.0622639
0.02 131 24 52.5174991 56.0000000 0.0621875
0.03 132 40 52.5175227 56.0000000 0.0621871
0.03 133 39 52.5210091 56.0000000 0.0621248
0.02 134 27 52.5227925 56.0000000 0.0620930
0.03 135 33 52.5252316 56.0000000 0.0620494
0.03 136 32 52.5282742 56.0000000 0.0619951
0.03 137 35 52.5312832 56.0000000 0.0619414
0.03 138 31 52.5336071 56.0000000 0.0618999
0.03 139 26 52.5352712 56.0000000 0.0618702
0.03 140 38 52.5379074 56.0000000 0.0618231
0.03 141 26 52.5382213 56.0000000 0.0618175
0.03 142 28 52.5404811 56.0000000 0.0617771
0.03 143 29 52.5440518 56.0000000 0.0617134
0.03 144 31 52.5464841 56.0000000 0.0616699
0.03 145 25 52.5519721 56.0000000 0.0615719
0.03 146 29 52.5573351 56.0000000 0.0614762
0.03 147 28 52.5641622 56.0000000 0.0613542
0.03 148 28 52.5700009 56.0000000 0.0612500
0.03 149 26 52.5729715 56.0000000 0.0611969
0.03 150 32 52.5758928 56.0000000 0.0611448
0.03 151 31 52.5794699 56.0000000 0.0610809
0.03 152 33 52.5803829 56.0000000 0.0610646
0.03 153 33 52.5842938 56.0000000 0.0609948
0.04 154 32 52.5869793 56.0000000 0.0609468
0.03 155 33 52.5870040 56.0000000 0.0609464
0.04 156 34 52.5882171 56.0000000 0.0609247
0.03 157 32 52.5902675 56.0000000 0.0608881
0.03 158 38 52.5941709 56.0000000 0.0608184
0.04 159 34 52.5965103 56.0000000 0.0607766
0.04 160 31 52.5989816 56.0000000 0.0607325
0.04 161 34 52.6003204 56.0000000 0.0607086
0.04 162 37 52.6028900 56.0000000 0.0606627
0.04 163 33 52.6048898 56.0000000 0.0606270
0.04 164 35 52.6078407 56.0000000 0.0605743
0.04 165 34 52.6118893 56.0000000 0.0605020
0.04 166 35 52.6154099 56.0000000 0.0604391
0.04 167 33 52.6159639 56.0000000 0.0604292
0.04 168 37 52.6198273 56.0000000 0.0603602
0.04 169 35 52.6230053 56.0000000 0.0603035
0.05 170 35 52.6263778 56.0000000 0.0602433
0.04 171 28 52.6305394 56.0000000 0.0601689
0.05 172 33 52.6332267 56.0000000 0.0601210
0.04 173 26 52.6369483 56.0000000 0.0600545
0.05 174 37 52.6389562 56.0000000 0.0600186
0.04 175 31 52.6399628 56.0000000 0.0600007
0.05 176 29 52.6415744 56.0000000 0.0599719
0.04 177 27 52.6418927 56.0000000 0.0599662
0.05 178 38 52.6424430 56.0000000 0.0599564
0.05 179 38 52.6439512 56.0000000 0.0599294
0.05 180 29 52.6461591 56.0000000 0.0598900
0.04 181 29 52.6481346 56.0000000 0.0598547
0.05 182 34 52.6500598 56.0000000 0.0598204
0.05 183 37 52.6530330 56.0000000 0.0597673
0.04 184 32 52.6542369 56.0000000 0.0597458
0.05 185 36 52.6548584 56.0000000 0.0597347
0.04 186 29 52.6558626 56.0000000 0.0597167
0.04 187 33 52.6574325 56.0000000 0.0596887
0.04 188 31 52.6597256 56.0000000 0.0596478
0.04 189 35 52.6621609 56.0000000 0.0596043
0.04 190 33 52.6641803 56.0000000 0.0595682
0.05 191 36 52.6657104 56.0000000 0.0595409
0.05 192 36 52.6664650 56.0000000 0.0595274
0.05 193 30 52.6666667 56.0000000 0.0595238
0.02 194 13 52.6666667 56.0000000 0.0595238
0.02 195 16 52.6666667 56.0000000 0.0595238
0.02 196 13 52.6666667 56.0000000 0.0595238
0.02 197 20 52.6666667 56.0000000 0.0595238
0.02 198 22 52.6666667 56.0000000 0.0595238
0.02 199 17 52.6666667 56.0000000 0.0595238
0.02 200 18 52.6666667 56.0000000 0.0595238
0.02 201 22 52.6666667 56.0000000 0.0595238
0.01 202 11 52.6666667 56.0000000 0.0595238
0.02 203 19 52.6666667 56.0000000 0.0595238
0.02 204 18 52.6666667 56.0000000 0.0595238
0.03 205 25 52.6666667 56.0000000 0.0595238
0.02 206 4 52.6666667 56.0000000 0.0595238
0.02 207 18 52.6666667 56.0000000 0.0595238
0.02 208 12 52.6666667 56.0000000 0.0595238
0.02 209 10 52.6666667 56.0000000 0.0595238
0.02 210 12 52.6666667 56.0000000 0.0595238
0.02 211 14 52.6666667 56.0000000 0.0595238
0.02 212 17 52.6666667 56.0000000 0.0595238
0.02 213 17 52.6666667 56.0000000 0.0595238
0.02 214 14 52.6666667 56.0000000 0.0595238
0.02 215 15 52.6666667 56.0000000 0.0595238
0.02 216 16 52.6666667 56.0000000 0.0595238
0.02 217 16 52.6666667 56.0000000 0.0595238
0.02 218 15 52.6666667 56.0000000 0.0595238
0.02 219 16 52.6666667 56.0000000 0.0595238
0.02 220 16 52.6666667 56.0000000 0.0595238
0.02 221 13 52.6666667 56.0000000 0.0595238
0.02 222 14 52.6666667 56.0000000 0.0595238
0.02 223 19 52.6666667 56.0000000 0.0595238
0.02 224 12 52.6666667 56.0000000 0.0595238
0.02 225 16 52.6666667 56.0000000 0.0595238
0.02 226 17 52.6666667 56.0000000 0.0595238
0.02 227 15 52.6666667 56.0000000 0.0595238
0.02 228 14 52.6666667 56.0000000 0.0595238
0.02 229 21 52.6666667 56.0000000 0.0595238
0.02 230 22 52.6666667 56.0000000 0.0595238
0.02 231 16 52.6666667 56.0000000 0.0595238
0.02 232 13 52.6666667 56.0000000 0.0595238
0.02 233 15 52.6666667 56.0000000 0.0595238
0.01 234 8 52.6666667 56.0000000 0.0595238
0.01 235 6 52.6666667 56.0000000 0.0595238
0.01 236 4 52.6666667 56.0000000 0.0595238
0.01 237 3 52.6666667 56.0000000 0.0595238
0.01 238 5 52.6666667 56.0000000 0.0595238
0.01 239 5 52.6666667 56.0000000 0.0595238
0.01 240 4 52.6666667 56.0000000 0.0595238
0.01 241 4 52.6666667 56.0000000 0.0595238
0.01 242 3 52.6666667 56.0000000 0.0595238
0.01 243 4 52.6666667 56.0000000 0.0595238
0.01 244 3 52.6666667 56.0000000 0.0595238
0.01 245 3 52.6666667 56.0000000 0.0595238
0.01 246 4 52.6666667 56.0000000 0.0595238
0.01 247 3 52.6666667 56.0000000 0.0595238
