0.18 0 0 54.4166667 58.0000000 0.0617816
0.00 1 93 54.7500000 58.0000000 0.0560345
0.01 2 103 54.7500000 58.0000000 0.0560345
0.01 3 98 54.8461538 58.0000000 0.0543767
0.01 4 111 55.0000000 58.0000000 0.0517241
0.01 5 106 55.0000000 58.0000000 0.0517241
0.01 6 98 55.0000000 58.0000000 0.0517241
0.01 7 65 55.0000000 58.0000000 0.0517241
0.01 8 82 55.0166667 58.0000000 0.0514368
0.01 9 75 55.0325000 58.0000000 0.0511638
0.00 10 48 55.0556180 58.0000000 0.0507652
0.01 11 64 55.0746252 58.0000000 0.0504375
0.01 12 50 55.1000000 58.0000000 0.0500000
0.01 13 42 55.2083333 58.0000000 0.0481322
0.01 14 60 55.2115385 58.0000000 0.0480769
0.01 15 49 55.2219153 58.0000000 0.0478980
0.01 16 50 55.2330720 58.0000000 0.0477057
0.01 17 46 55.2357724 58.0000000 0.0476591
0.01 18 42 55.2406531 58.0000000 0.0475749
0.01 19 37 55.2457143 58.0000000 0.0474877
0.01 20 42 55.2471910 58.0000000 0.0474622
0.01 21 42 55.2500000 58.0000000 0.0474138
0.00 22 30 55.2500000 58.0000000 0.0474138
0.01 23 39 55.2508108 58.0000000 0.0473998
0.01 24 49 55.2523887 58.0000000 0.0473726
0.01 25 33 55.2553191 58.0000000 0.0473221
0.01 26 36 55.2575041 58.0000000 0.0472844
0.01 27 41 55.2593801 58.0000000 0.0472521
0.01 28 37 55.2681604 58.0000000 0.0471007
0.01 29 44 55.2758340 58.0000000 0.0469684
0.01 30 42 55.2831728 58.0000000 0.0468418
0.01 31 37 55.2917118 58.0000000 0.0466946
0.01 32 41 55.3064516 58.0000000 0.0464405
0.01 33 43 55.3097899 58.0000000 0.0463829
0.01 34 51 55.3146073 58.0000000 0.0462999
0.01 35 51 55.3254385 58.0000000 0.0461131
0.01 36 50 55.3307692 58.0000000 0.0460212
0.01 37 36 55.3314076 58.0000000 0.0460102
0.01 38 42 55.3333333 58.0000000 0.0459770
0.01 39 35 55.3333333 58.0000000 0.0459770
0.01 40 46 55.3333333 58.0000000 0.0459770
0.01 41 35 55.3333333 58.0000000 0.0459770
0.01 42 42 55.3333333 58.0000000 0.0459770
0.01 43 42 55.3340347 58.0000000 0.0459649
0.01 44 49 55.3363134 58.0000000 0.0459256
0.01 45 49 55.3404188 58.0000000 0.0458548
0.02 46 50 55.3634047 58.0000000 0.0454585
0.02 47 56 55.3725490 58.0000000 0.0453009
0.01 48 42 55.3825578 58.0000000 0.0451283
0.01 49 44 55.3859983 58.0000000 0.0450690
0.01 50 37 55.4005119 58.0000000 0.0448188
0.02 51 45 55.4226190 58.0000000 0.0444376
0.01 52 42 55.4238095 58.0000000 0.0444171
0.01 53 38 55.4253911 58.0000000 0.0443898
0.01 54 40 55.4377289 58.0000000 0.0441771
0.01 55 46 55.4382209 58.0000000 0.0441686
0.02 56 46 55.4501822 58.0000000 0.0439624
0.02 57 48 55.4515329 58.0000000 0.0439391
0.02 58 40 55.4589642 58.0000000 0.0438110
0.02 59 46 55.4726011 58.0000000 0.0435758
0.02 60 51 55.4824413 58.0000000 0.0434062
0.02 61 59 55.4882078 58.0000000 0.0433068
0.02 62 60 55.4929386 58.0000000 0.0432252
0.02 63 55 55.4981202 58.0000000 0.0431359
0.02 64 49 55.5035548 58.0000000 0.0430422
0.02 65 52 55.5074137 58.0000000 0.0429756
0.03 66 55 55.5164770 58.0000000 0.0428194
0.02 67 50 55.5451016 58.0000000 0.0423258
0.03 68 49 55.5486133 58.0000000 0.0422653
0.02 69 46 55.5558921 58.0000000 0.0421398
0.02 70 41 55.5636958 58.0000000 0.0420052
0.03 71 45 55.5679800 58.0000000 0.0419314
0.03 72 42 55.5747884 58.0000000 0.0418140
0.03 73 48 55.5874492 58.0000000 0.0415957
0.03 74 46 55.5918817 58.0000000 0.0415193
0.03 75 46 55.5984677 58.0000000 0.0414057
0.03 76 45 55.6021103 58.0000000 0.0413429
0.03 77 39 55.6080417 58.0000000 0.0412407
0.03 78 51 55.6131145 58.0000000 0.0411532
0.03 79 44 55.6228479 58.0000000 0.0409854
0.02 80 31 55.6265109 58.0000000 0.0409222
0.02 81 40 55.6308126 58.0000000 0.0408481
0.02 82 33 55.6338939 58.0000000 0.0407949
0.02 83 31 55.6361899 58.0000000 0.0407553
0.03 84 31 55.6393010 58.0000000 0.0407017
0.03 85 37 55.6417947 58.0000000 0.0406587
0.03 86 33 55.6438029 58.0000000 0.0406241
0.03 87 35 55.6455720 58.0000000 0.0405936
0.03 88 34 55.6480439 58.0000000 0.0405510
0.03 89 42 55.6502043 58.0000000 0.0405137
0.03 90 34 55.6565901 58.0000000 0.0404036
0.03 91 40 55.6606166 58.0000000 0.0403342
0.03 92 37 55.6628167 58.0000000 0.0402963
0.03 93 35 55.6649338 58.0000000 0.0402598
0.03 94 34 55.6665849 58.0000000 0.0402313
0.03 95 35 55.6670946 58.0000000 0.0402225
0.02 96 35 55.6692476 58.0000000 0.0401854
0.02 97 26 55.6715082 58.0000000 0.0401464
0.02 98 27 55.6763459 58.0000000 0.0400630
0.02 99 34 55.6793190 58.0000000 0.0400117
0.02 100 23 55.6843537 58.0000000 0.0399249
0.02 101 24 55.6884565 58.0000000 0.0398542
0.02 102 28 55.6933239 58.0000000 0.0397703
0.02 103 21 55.6977342 58.0000000 0.0396942
0.02 104 22 55.7021760 58.0000000 0.0396177
0.02 105 24 55.7051562 58.0000000 0.0395663
0.02 106 31 55.7090063 58.0000000 0.0394999
0.03 107 24 55.7123010 58.0000000 0.0394431
0.03 108 24 55.7165003 58.0000000 0.0393707
0.03 109 30 55.7193571 58.0000000 0.0393214
0.03 110 29 55.7226195 58.0000000 0.0392652
0.03 111 29 55.7260973 58.0000000 0.0392052
0.03 112 21 55.7307939 58.0000000 0.0391242
0.03 113 22 55.7358019 58.0000000 0.0390379
0.03 114 26 55.7404150 58.0000000 0.0389584
0.03 115 24 55.7452353 58.0000000 0.0388753
0.03 116 22 55.7483900 58.0000000 0.0388209
0.03 117 20 55.7514225 58.0000000 0.0387686
0.03 118 22 55.7573955 58.0000000 0.0386656
0.03 119 20 55.7615023 58.0000000 0.0385948
0.03 120 19 55.7651923 58.0000000 0.0385312
0.03 121 19 55.7704107 58.0000000 0.0384412
0.02 122 21 55.7734075 58.0000000 0.0383895
0.03 123 20 55.7756805 58.0000000 0.0383503
0.03 124 19 55.7784754 58.0000000 0.0383021
0.03 125 18 55.7820019 58.0000000 0.0382413
0.03 126 18 55.7860104 58.0000000 0.0381722
0.03 127 22 55.7875880 58.0000000 0.0381450
0.03 128 15 55.7890236 58.0000000 0.0381203
0.03 129 21 55.7909564 58.0000000 0.0380870
0.03 130 18 55.7936677 58.0000000 0.0380402
0.03 131 22 55.7954940 58.0000000 0.0380087
0.03 132 20 55.7964784 58.0000000 0.0379918
0.03 133 21 55.7974727 58.0000000 0.0379746
0.03 134 22 55.7986728 58.0000000 0.0379539
0.03 135 20 55.8000349 58.0000000 0.0379304
0.03 136 22 55.8009832 58.0000000 0.0379141
0.03 137 19 55.8027659 58.0000000 0.0378833
0.04 138 20 55.8037135 58.0000000 0.0378670
0.03 139 17 55.8075699 58.0000000 0.0378005
0.03 140 20 55.8094693 58.0000000 0.0377678
0.04 141 23 55.8124083 58.0000000 0.0377171
0.03 142 23 55.8149081 58.0000000 0.0376740
0.04 143 25 55.8167180 58.0000000 0.0376428
0.04 144 24 55.8198883 58.0000000 0.0375881
0.04 145 21 55.8235545 58.0000000 0.0375249
0.04 146 22 55.8273532 58.0000000 0.0374594
0.04 147 22 55.8304868 58.0000000 0.0374054
0.04 148 24 55.8331778 58.0000000 0.0373590
0.04 149 26 55.8353917 58.0000000 0.0373208
0.04 150 27 55.8383159 58.0000000 0.0372704
0.04 151 23 55.8414260 58.0000000 0.0372168
0.03 152 20 55.8434405 58.0000000 0.0371821
0.04 153 24 55.8449548 58.0000000 0.0371560
0.04 154 26 55.8461126 58.0000000 0.0371360
0.05 155 24 55.8473962 58.0000000 0.0371139
0.05 156 24 55.8490489 58.0000000 0.0370854
0.05 157 27 55.8510261 58.0000000 0.0370513
0.05 158 24 55.8527335 58.0000000 0.0370218
0.05 159 29 55.8556680 58.0000000 0.0369712
0.05 160 24 55.8597052 58.0000000 0.0369016
0.05 161 29 55.8644236 58.0000000 0.0368203
0.04 162 28 55.8677168 58.0000000 0.0367635
0.05 163 27 55.8707237 58.0000000 0.0367117
0.05 164 28 55.8747052 58.0000000 0.0366430
0.05 165 24 55.8769674 58.0000000 0.0366040
0.05 166 24 55.8790844 58.0000000 0.0365675
0.05 167 25 55.8816924 58.0000000 0.0365225
0.05 168 21 55.8841064 58.0000000 0.0364809
0.05 169 26 55.8854612 58.0000000 0.0364576
0.05 170 25 55.8872479 58.0000000 0.0364268
0.05 171 25 55.8899254 58.0000000 0.0363806
0.05 172 24 55.8925126 58.0000000 0.0363360
0.05 173 28 55.8956356 58.0000000 0.0362821
0.05 174 24 55.8986458 58.0000000 0.0362302
0.05 175 24 55.9004746 58.0000000 0.0361987
0.05 176 26 55.9021573 58.0000000 0.0361697
0.06 177 29 55.9037934 58.0000000 0.0361415
0.06 178 30 55.9055804 58.0000000 0.0361107
0.06 179 27 55.9068919 58.0000000 0.0360881
0.06 180 29 55.9090263 58.0000000 0.0360513
0.06 181 24 55.9109255 58.0000000 0.0360185
0.07 182 35 55.9128946 58.0000000 0.0359846
0.07 183 27 55.9145726 58.0000000 0.0359556
0.07 184 28 55.9169008 58.0000000 0.0359155
0.06 185 33 55.9225053 58.0000000 0.0358189
0.06 186 33 55.9291421 58.0000000 0.0357044
0.06 187 24 55.9343821 58.0000000 0.0356141
0.07 188 28 55.9399831 58.0000000 0.0355175
0.07 189 34 55.9417711 58.0000000 0.0354867
0.07 190 25 55.9437918 58.0000000 0.0354519
0.06 191 29 55.9463577 58.0000000 0.0354076
0.07 192 33 55.9485016 58.0000000 0.0353707
0.07 193 30 55.9511910 58.0000000 0.0353243
0.06 194 25 55.9532726 58.0000000 0.0352884
0.08 195 28 55.9554747 58.0000000 0.0352504
0.06 196 21 55.9576807 58.0000000 0.0352124
0.07 197 27 55.9593581 58.0000000 0.0351835
0.07 198 25 55.9601957 58.0000000 0.0351690
0.08 199 22 55.9620182 58.0000000 0.0351376
0.07 200 24 55.9639750 58.0000000 0.0351039
0.07 201 18 55.9653204 58.0000000 0.0350807
0.08 202 25 55.9674422 58.0000000 0.0350441
0.08 203 24 55.9694462 58.0000000 0.0350095
0.07 204 25 55.9715982 58.0000000 0.0349724
0.08 205 26 55.9728368 58.0000000 0.0349511
0.08 206 22 55.9750766 58.0000000 0.0349125
0.08 207 26 55.9774368 58.0000000 0.0348718
0.07 208 22 55.9792147 58.0000000 0.0348411
0.07 209 25 55.9807096 58.0000000 0.0348154
0.08 210 28 55.9824000 58.0000000 0.0347862
0.07 211 24 55.9839577 58.0000000 0.0347593
0.08 212 25 55.9865054 58.0000000 0.0347154
0.07 213 25 55.9881195 58.0000000 0.0346876
0.08 214 24 55.9893411 58.0000000 0.0346665
0.09 215 24 55.9907612 58.0000000 0.0346420
0.09 216 27 55.9935747 58.0000000 0.0345935
0.08 217 22 55.9954263 58.0000000 0.0345616
0.09 218 26 55.9975812 58.0000000 0.0345245
0.10 219 25 56.0001229 58.0000000 0.0344806
0.09 220 27 56.0022332 58.0000000 0.0344443
0.09 221 25 56.0033454 58.0000000 0.0344251
0.09 222 22 56.0045494 58.0000000 0.0344043
0.09 223 22 56.0059235 58.0000000 0.0343806
0.09 224 21 56.0068502 58.0000000 0.0343647
0.09 225 16 56.0084840 58.0000000 0.0343365
0.09 226 24 56.0098690 58.0000000 0.0343126
0.09 227 28 56.0114558 58.0000000 0.0342852
0.09 228 31 56.0132004 58.0000000 0.0342552
0.10 229 24 56.0162063 58.0000000 0.0342033
0.09 230 28 56.0184487 58.0000000 0.0341647
0.08 231 20 56.0201168 58.0000000 0.0341359
0.09 232 25 56.0210970 58.0000000 0.0341190
0.09 233 20 56.0222026 58.0000000 0.0341000
0.09 234 24 56.0231280 58.0000000 0.0340840
0.10 235 22 56.0246992 58.0000000 0.0340569
0.10 236 21 56.0259723 58.0000000 0.0340350
0.10 237 23 56.0274777 58.0000000 0.0340090
0.09 238 23 56.0286236 58.0000000 0.0339892
0.09 239 22 56.0300499 58.0000000 0.0339647
0.09 240 22 56.0310512 58.0000000 0.0339474
0.10 241 20 56.0317246 58.0000000 0.0339358
0.10 242 23 56.0325031 58.0000000 0.0339224
0.10 243 21 56.0332834 58.0000000 0.0339089
0.10 244 23 56.0342345 58.0000000 0.0338925
0.10 245 25 56.0352979 58.0000000 0.0338742
0.11 246 23 56.0365956 58.0000000 0.0338518
0.10 247 22 56.0378984 58.0000000 0.0338293
0.10 248 22 56.0386087 58.0000000 0.0338171
0.11 249 24 56.0395026 58.0000000 0.0338017
0.09 250 17 56.0402056 58.0000000 0.0337896
0.11 251 21 56.0410537 58.0000000 0.0337749
0.11 252 21 56.0417043 58.0000000 0.0337637
0.11 253 21 56.0426726 58.0000000 0.0337470
0.11 254 26 56.0435401 58.0000000 0.0337321
0.11 255 23 56.0443669 58.0000000 0.0337178
0.11 256 18 56.0453190 58.0000000 0.0337014
0.11 257 23 56.0462964 58.0000000 0.0336845
0.12 258 21 56.0478641 58.0000000 0.0336575
0.11 259 21 56.0492045 58.0000000 0.0336344
0.11 260 19 56.0516059 58.0000000 0.0335930
0.11 261 24 56.0538425 58.0000000 0.0335544
0.12 262 27 56.0562804 58.0000000 0.0335124
0.11 263 23 56.0582977 58.0000000 0.0334776
0.11 264 22 56.0599683 58.0000000 0.0334488
0.12 265 22 56.0624005 58.0000000 0.0334069
0.11 266 24 56.0635966 58.0000000 0.0333863
0.11 267 23 56.0648910 58.0000000 0.0333639
0.11 268 21 56.0663940 58.0000000 0.0333380
0.11 269 21 56.0670674 58.0000000 0.0333264
0.11 270 22 56.0678117 58.0000000 0.0333136
0.11 271 24 56.0685156 58.0000000 0.0333015
0.11 272 23 56.0691607 58.0000000 0.0332903
0.11 273 25 56.0696756 58.0000000 0.0332815
0.11 274 22 56.0706240 58.0000000 0.0332651
0.11 275 21 56.0715063 58.0000000 0.0332499
0.11 276 24 56.0728037 58.0000000 0.0332275
0.12 277 22 56.0738837 58.0000000 0.0332089
0.11 278 22 56.0747679 58.0000000 0.0331937
0.12 279 22 56.0757090 58.0000000 0.0331774
0.12 280 24 56.0764514 58.0000000 0.0331646
0.12 281 22 56.0773703 58.0000000 0.0331488
0.13 282 23 56.0782748 58.0000000 0.0331332
0.13 283 22 56.0793376 58.0000000 0.0331149
0.14 284 28 56.0800589 58.0000000 0.0331024
0.12 285 18 56.0812677 58.0000000 0.0330816
0.13 286 24 56.0826665 58.0000000 0.0330575
0.12 287 25 56.0840067 58.0000000 0.0330344
0.15 288 28 56.0859208 58.0000000 0.0330014
0.13 289 26 56.0875330 58.0000000 0.0329736
0.13 290 28 56.0890795 58.0000000 0.0329469
0.12 291 24 56.0902709 58.0000000 0.0329264
0.13 292 25 56.0911434 58.0000000 0.0329113
0.14 293 29 56.0926588 58.0000000 0.0328852
0.12 294 25 56.0934895 58.0000000 0.0328709
0.13 295 26 56.0949295 58.0000000 0.0328460
0.14 296 27 56.0964674 58.0000000 0.0328195
0.13 297 27 56.0976650 58.0000000 0.0327989
0.13 298 22 56.0985746 58.0000000 0.0327832
0.12 299 22 56.0993066 58.0000000 0.0327706
0.12 300 20 56.1002993 58.0000000 0.0327535
0.13 301 24 56.1015082 58.0000000 0.0327326
0.15 302 25 56.1029527 58.0000000 0.0327077
0.14 303 23 56.1042637 58.0000000 0.0326851
0.14 304 23 56.1056576 58.0000000 0.0326611
0.12 305 21 56.1064979 58.0000000 0.0326466
0.12 306 20 56.1070979 58.0000000 0.0326362
0.12 307 17 56.1079224 58.0000000 0.0326220
0.13 308 21 56.1086283 58.0000000 0.0326099
0.13 309 20 56.1095387 58.0000000 0.0325942
0.14 310 21 56.1102017 58.0000000 0.0325827
0.15 311 20 56.1107174 58.0000000 0.0325738
0.14 312 22 56.1115231 58.0000000 0.0325599
0.14 313 24 56.1125341 58.0000000 0.0325425
0.14 314 23 56.1135717 58.0000000 0.0325246
0.13 315 21 56.1143214 58.0000000 0.0325117
0.13 316 24 56.1151412 58.0000000 0.0324976
0.14 317 22 56.1159341 58.0000000 0.0324839
0.14 318 20 56.1165244 58.0000000 0.0324737
0.13 319 18 56.1172310 58.0000000 0.0324615
0.14 320 20 56.1179722 58.0000000 0.0324488
0.15 321 23 56.1189124 58.0000000 0.0324325
0.14 322 19 56.1194856 58.0000000 0.0324227
0.15 323 23 56.1204381 58.0000000 0.0324062
0.14 324 22 56.1214697 58.0000000 0.0323885
0.15 325 22 56.1223175 58.0000000 0.0323738
0.14 326 21 56.1230225 58.0000000 0.0323617
0.15 327 22 56.1236576 58.0000000 0.0323507
0.14 328 20 56.1246609 58.0000000 0.0323334
0.15 329 21 56.1258378 58.0000000 0.0323131
0.14 330 22 56.1265140 58.0000000 0.0323015
0.15 331 22 56.1269706 58.0000000 0.0322936
0.15 332 19 56.1273393 58.0000000 0.0322873
0.17 333 21 56.1277725 58.0000000 0.0322798
0.17 334 21 56.1282927 58.0000000 0.0322708
0.16 335 20 56.1287075 58.0000000 0.0322637
0.15 336 19 56.1288812 58.0000000 0.0322607
0.14 337 17 56.1292754 58.0000000 0.0322539
0.16 338 23 56.1299582 58.0000000 0.0322421
0.16 339 23 56.1308128 58.0000000 0.0322274
0.15 340 23 56.1311600 58.0000000 0.0322214
0.15 341 22 56.1314319 58.0000000 0.0322167
0.15 342 25 56.1318941 58.0000000 0.0322087
0.15 343 19 56.1322293 58.0000000 0.0322029
0.15 344 21 56.1325847 58.0000000 0.0321968
0.17 345 23 56.1329431 58.0000000 0.0321906
0.17 346 17 56.1334496 58.0000000 0.0321819
0.17 347 22 56.1337257 58.0000000 0.0321771
0.17 348 22 56.1339654 58.0000000 0.0321730
0.18 349 21 56.1343863 58.0000000 0.0321658
0.16 350 24 56.1345731 58.0000000 0.0321625
0.16 351 18 56.1347556 58.0000000 0.0321594
0.17 352 21 56.1349664 58.0000000 0.0321558
0.16 353 18 56.1354757 58.0000000 0.0321470
0.16 354 17 56.1357603 58.0000000 0.0321421
0.17 355 18 56.1362674 58.0000000 0.0321333
