0.19 0 0 30.7333333 42.0000000 0.2682540
0.00 1 68 30.9789474 42.0000000 0.2624060
0.00 2 98 31.0000000 42.0000000 0.2619048
0.00 3 94 31.2757549 42.0000000 0.2553392
0.01 4 105 31.8045826 42.0000000 0.2427480
0.01 5 127 32.0580942 42.0000000 0.2367120
0.01 6 106 32.4948598 42.0000000 0.2263129
0.01 7 131 32.8265077 42.0000000 0.2184165
0.01 8 139 33.1932630 42.0000000 0.2096842
0.01 9 133 33.5525491 42.0000000 0.2011298
0.01 10 134 34.0367951 42.0000000 0.1896001
0.02 11 133 34.4332831 42.0000000 0.1801599
0.02 12 136 34.8037570 42.0000000 0.1713391
0.02 13 152 35.3211808 42.0000000 0.1590195
0.02 14 149 35.6125424 42.0000000 0.1520823
0.02 15 151 35.9887168 42.0000000 0.1431258
0.02 16 141 36.3375490 42.0000000 0.1348203
0.02 17 137 36.7783663 42.0000000 0.1243246
0.03 18 163 36.9787538 42.0000000 0.1195535
0.03 19 142 37.3535099 42.0000000 0.1106307
0.03 20 151 37.6000989 42.0000000 0.1047595
0.03 21 133 37.7419532 42.0000000 0.1013821
0.03 22 127 37.9468943 42.0000000 0.0965025
0.03 23 141 38.1239920 42.0000000 0.0922859
0.03 24 108 38.2561313 42.0000000 0.0891397
0.03 25 100 38.3699573 42.0000000 0.0864296
0.03 26 138 38.5911043 42.0000000 0.0811642
0.03 27 105 38.8147126 42.0000000 0.0758402
0.03 28 116 38.9329852 42.0000000 0.0730242
0.04 29 130 39.0692164 42.0000000 0.0697806
0.04 30 106 39.2685693 42.0000000 0.0650341
0.04 31 121 39.4463997 42.0000000 0.0608000
0.04 32 113 39.5792633 42.0000000 0.0576366
0.04 33 103 39.6741893 42.0000000 0.0553764
0.03 34 78 39.7378546 42.0000000 0.0538606
0.05 35 84 39.7986924 42.0000000 0.0524121
0.04 36 60 39.8811353 42.0000000 0.0504492
0.05 37 92 39.9491226 42.0000000 0.0488304
0.04 38 90 40.0260594 42.0000000 0.0469986
0.03 39 77 40.0690591 42.0000000 0.0459748
0.04 40 80 40.1179473 42.0000000 0.0448108
0.03 41 67 40.1558283 42.0000000 0.0439088
0.03 42 58 40.1883570 42.0000000 0.0431344
0.04 43 48 40.2278784 42.0000000 0.0421934
0.03 44 52 40.2575730 42.0000000 0.0414864
0.03 45 58 40.2885580 42.0000000 0.0407486
0.03 46 58 40.3233806 42.0000000 0.0399195
0.03 47 44 40.3495332 42.0000000 0.0392968
0.03 48 46 40.3640444 42.0000000 0.0389513
0.03 49 37 40.3920800 42.0000000 0.0382838
0.02 50 55 40.4068116 42.0000000 0.0379331
0.03 51 42 40.4324594 42.0000000 0.0373224
0.03 52 40 40.4586030 42.0000000 0.0366999
0.02 53 43 40.4796470 42.0000000 0.0361989
0.03 54 45 40.4980980 42.0000000 0.0357596
0.03 55 54 40.5236562 42.0000000 0.0351510
0.04 56 40 40.5450231 42.0000000 0.0346423
0.03 57 38 40.5530633 42.0000000 0.0344509
0.04 58 51 40.5776253 42.0000000 0.0338661
0.03 59 34 40.5902808 42.0000000 0.0335647
0.02 60 38 40.6013078 42.0000000 0.0333022
0.03 61 40 40.6222424 42.0000000 0.0328038
0.03 62 48 40.6387125 42.0000000 0.0324116
0.03 63 27 40.6450496 42.0000000 0.0322607
0.03 64 31 40.6558380 42.0000000 0.0320039
0.02 65 31 40.6654909 42.0000000 0.0317740
0.03 66 24 40.6700104 42.0000000 0.0316664
0.03 67 24 40.6768819 42.0000000 0.0315028
0.03 68 31 40.6925428 42.0000000 0.0311299
0.04 69 36 40.7064305 42.0000000 0.0307993
0.04 70 36 40.7231440 42.0000000 0.0304013
0.04 71 29 40.7344507 42.0000000 0.0301321
0.04 72 27 40.7424832 42.0000000 0.0299409
0.04 73 42 40.7568078 42.0000000 0.0295998
0.04 74 50 40.7736179 42.0000000 0.0291996
0.04 75 31 40.7794245 42.0000000 0.0290613
0.04 76 27 40.7854521 42.0000000 0.0289178
0.03 77 43 40.7969532 42.0000000 0.0286440
0.04 78 41 40.8098198 42.0000000 0.0283376
0.04 79 12 40.8117869 42.0000000 0.0282908
0.04 80 34 40.8243767 42.0000000 0.0279910
0.04 81 26 40.8348166 42.0000000 0.0277425
0.05 82 28 40.8430718 42.0000000 0.0275459
0.05 83 28 40.8563353 42.0000000 0.0272301
0.04 84 42 40.8619285 42.0000000 0.0270969
0.06 85 40 40.8710967 42.0000000 0.0268787
0.05 86 43 40.8832444 42.0000000 0.0265894
0.05 87 42 40.8950596 42.0000000 0.0263081
0.05 88 31 40.9063220 42.0000000 0.0260400
0.05 89 24 40.9249461 42.0000000 0.0255965
0.07 90 21 40.9462525 42.0000000 0.0250892
0.04 91 27 40.9556042 42.0000000 0.0248666
0.05 92 38 40.9660962 42.0000000 0.0246168
0.03 93 30 40.9778304 42.0000000 0.0243374
0.04 94 29 40.9866622 42.0000000 0.0241271
0.03 95 22 40.9902281 42.0000000 0.0240422
0.05 96 25 40.9959169 42.0000000 0.0239067
0.04 97 17 40.9978785 42.0000000 0.0238600
0.04 98 18 41.0000000 42.0000000 0.0238095
0.00 99 5 41.0000000 42.0000000 0.0238095
0.00 100 7 41.0000000 42.0000000 0.0238095
0.00 101 6 41.0000000 42.0000000 0.0238095
0.00 102 9 41.0000000 42.0000000 0.0238095
0.00 103 7 41.0000000 42.0000000 0.0238095
0.00 104 7 41.0000000 42.0000000 0.0238095
0.00 105 8 41.0000000 42.0000000 0.0238095
0.00 106 8 41.0000000 42.0000000 0.0238095
0.00 107 6 41.0000000 42.0000000 0.0238095
0.00 108 10 41.0000000 42.0000000 0.0238095
0.00 109 9 41.0000000 42.0000000 0.0238095
0.01 110 5 41.0000000 42.0000000 0.0238095
0.00 111 7 41.0000000 42.0000000 0.0238095
0.00 112 10 41.0000000 42.0000000 0.0238095
0.00 113 4 41.0000000 42.0000000 0.0238095
0.00 114 9 41.0000000 42.0000000 0.0238095
0.00 115 4 41.0000000 42.0000000 0.0238095
0.00 116 7 41.0000000 42.0000000 0.0238095
0.00 117 9 41.0000000 42.0000000 0.0238095
0.00 118 4 41.0000000 42.0000000 0.0238095
0.00 119 8 41.0000000 42.0000000 0.0238095
0.00 120 5 41.0000000 42.0000000 0.0238095
0.00 121 5 41.0000000 42.0000000 0.0238095
0.00 122 7 41.0000000 42.0000000 0.0238095
0.00 123 8 41.0000000 42.0000000 0.0238095
0.00 124 3 41.0000000 42.0000000 0.0238095
0.00 125 8 41.0000000 42.0000000 0.0238095
0.00 126 5 41.0000000 42.0000000 0.0238095
0.00 127 8 41.0000000 42.0000000 0.0238095
0.00 128 6 41.0000000 42.0000000 0.0238095
0.00 129 5 41.0000000 42.0000000 0.0238095
0.00 130 5 41.0000000 42.0000000 0.0238095
0.01 131 7 41.0000000 42.0000000 0.0238095
0.00 132 7 41.0000000 42.0000000 0.0238095
0.00 133 3 41.0000000 42.0000000 0.0238095
0.00 134 6 41.0000000 42.0000000 0.0238095
0.00 135 6 41.0000045 42.0000000 0.0238094
0.03 136 9 41.0000711 42.0000000 0.0238078
0.03 137 9 41.0010887 42.0000000 0.0237836
0.04 138 14 41.0014962 42.0000000 0.0237739
0.04 139 9 41.0022817 42.0000000 0.0237552
0.04 140 14 41.0031532 42.0000000 0.0237344
0.04 141 12 41.0035330 42.0000000 0.0237254
0.04 142 12 41.0037923 42.0000000 0.0237192
0.04 143 9 41.0043228 42.0000000 0.0237066
0.04 144 10 41.0047502 42.0000000 0.0236964
0.04 145 22 41.0069016 42.0000000 0.0236452
0.04 146 14 41.0086335 42.0000000 0.0236040
0.04 147 17 41.0140000 42.0000000 0.0234762
0.04 148 14 41.0173995 42.0000000 0.0233952
0.04 149 12 41.0183678 42.0000000 0.0233722
0.05 150 24 41.0207101 42.0000000 0.0233164
0.04 151 17 41.0221795 42.0000000 0.0232814
0.04 152 13 41.0235532 42.0000000 0.0232487
0.04 153 12 41.0238580 42.0000000 0.0232415
0.04 154 13 41.0266939 42.0000000 0.0231740
0.07 155 14 41.0276704 42.0000000 0.0231507
0.07 156 16 41.0279268 42.0000000 0.0231446
0.05 157 5 41.0280085 42.0000000 0.0231427
0.05 158 4 41.0280649 42.0000000 0.0231413
0.05 159 9 41.0292517 42.0000000 0.0231131
0.05 160 7 41.0294627 42.0000000 0.0231080
0.05 161 7 41.0295152 42.0000000 0.0231068
0.05 162 8 41.0295857 42.0000000 0.0231051
0.05 163 5 41.0299105 42.0000000 0.0230974
0.04 164 4 41.0302322 42.0000000 0.0230897
0.04 165 7 41.0305481 42.0000000 0.0230822
0.04 166 6 41.0306155 42.0000000 0.0230806
0.04 167 4 41.0319604 42.0000000 0.0230486
0.04 168 4 41.0322772 42.0000000 0.0230410
0.04 169 6 41.0324587 42.0000000 0.0230367
0.04 170 4 41.0324587 42.0000000 0.0230367
0.04 171 1 41.0324587 42.0000000 0.0230367
0.04 172 2 41.0332650 42.0000000 0.0230175
0.04 173 7 41.0332650 42.0000000 0.0230175
0.04 174 3 41.0332650 42.0000000 0.0230175
0.04 175 3 41.0332650 42.0000000 0.0230175
