0.41 0 0 120.8937908 153.0000000 0.2098445
0.00 1 60 121.9015731 153.0000000 0.2032577
0.01 2 73 123.6344073 153.0000000 0.1919320
0.01 3 100 127.6150938 153.0000000 0.1659144
0.01 4 109 130.3321136 153.0000000 0.1481561
0.01 5 110 131.9029628 153.0000000 0.1378891
0.01 6 116 133.0059839 153.0000000 0.1306798
0.01 7 106 134.0182457 153.0000000 0.1240638
0.01 8 93 134.5192203 153.0000000 0.1207894
0.01 9 111 135.1344519 153.0000000 0.1167683
0.01 10 113 135.8180547 153.0000000 0.1123003
0.02 11 143 136.4300434 153.0000000 0.1083004
0.01 12 123 137.5008630 153.0000000 0.1013015
0.02 13 146 138.7026207 153.0000000 0.0934469
0.02 14 148 139.4408212 153.0000000 0.0886221
0.02 15 103 140.2525550 153.0000000 0.0833166
0.02 16 128 140.5985767 153.0000000 0.0810551
0.02 17 97 141.1732943 153.0000000 0.0772987
0.02 18 114 141.5793683 153.0000000 0.0746447
0.02 19 113 142.0842585 153.0000000 0.0713447
0.02 20 100 142.4150688 153.0000000 0.0691826
0.02 21 109 142.9941427 153.0000000 0.0653978
0.03 22 93 143.7275293 153.0000000 0.0606044
0.02 23 93 144.0379466 153.0000000 0.0585755
0.02 24 73 144.3004844 153.0000000 0.0568596
0.02 25 81 144.7617196 153.0000000 0.0538450
0.02 26 75 145.0440389 153.0000000 0.0519997
0.03 27 72 145.2622892 153.0000000 0.0505733
0.03 28 77 145.6458971 153.0000000 0.0480660
0.04 29 98 145.8361042 153.0000000 0.0468228
0.03 30 57 146.0403535 153.0000000 0.0454879
0.02 31 51 146.1038073 153.0000000 0.0450732
0.03 32 43 146.2317195 153.0000000 0.0442371
0.03 33 60 146.4752582 153.0000000 0.0426454
0.03 34 56 146.5744617 153.0000000 0.0419970
0.03 35 53 146.6978803 153.0000000 0.0411903
0.03 36 69 146.8269301 153.0000000 0.0403469
0.03 37 77 146.9145382 153.0000000 0.0397743
0.03 38 80 147.0519077 153.0000000 0.0388764
0.02 39 46 147.2144794 153.0000000 0.0378139
0.02 40 56 147.3379380 153.0000000 0.0370069
0.03 41 54 147.4031112 153.0000000 0.0365810
0.03 42 79 147.4689969 153.0000000 0.0361503
0.03 43 55 147.5274421 153.0000000 0.0357684
0.04 44 54 147.6316532 153.0000000 0.0350872
0.04 45 71 147.7053835 153.0000000 0.0346053
0.03 46 39 147.8138200 153.0000000 0.0338966
0.03 47 42 147.9043330 153.0000000 0.0333050
0.03 48 49 147.9614307 153.0000000 0.0329318
0.04 49 42 148.0084956 153.0000000 0.0326242
0.04 50 69 148.0656619 153.0000000 0.0322506
0.04 51 49 148.1080727 153.0000000 0.0319734
0.04 52 54 148.1589657 153.0000000 0.0316407
0.03 53 51 148.2396946 153.0000000 0.0311131
0.03 54 47 148.2796181 153.0000000 0.0308522
0.03 55 58 148.3411029 153.0000000 0.0304503
0.04 56 67 148.4118329 153.0000000 0.0299880
0.03 57 46 148.4465998 153.0000000 0.0297608
0.04 58 50 148.4899818 153.0000000 0.0294772
0.04 59 45 148.5430025 153.0000000 0.0291307
0.03 60 62 148.5573407 153.0000000 0.0290370
0.04 61 53 148.6202867 153.0000000 0.0286256
0.04 62 34 148.6637012 153.0000000 0.0283418
0.05 63 50 148.6919075 153.0000000 0.0281575
0.03 64 59 148.7352618 153.0000000 0.0278741
0.03 65 64 148.7941626 153.0000000 0.0274891
0.05 66 37 148.8341504 153.0000000 0.0272278
0.03 67 41 148.8772858 153.0000000 0.0269458
0.04 68 15 148.9028800 153.0000000 0.0267786
0.04 69 37 148.9413198 153.0000000 0.0265273
0.03 70 48 148.9638161 153.0000000 0.0263803
0.04 71 17 148.9799684 153.0000000 0.0262747
0.04 72 75 149.0143775 153.0000000 0.0260498
0.05 73 45 149.0343106 153.0000000 0.0259195
0.03 74 52 149.0510889 153.0000000 0.0258099
0.04 75 45 149.0834421 153.0000000 0.0255984
0.03 76 47 149.0984238 153.0000000 0.0255005
0.02 77 41 149.1084198 153.0000000 0.0254352
0.06 78 42 149.1691984 153.0000000 0.0250379
0.05 79 68 149.2009948 153.0000000 0.0248301
0.05 80 56 149.2458629 153.0000000 0.0245368
0.05 81 43 149.2953080 153.0000000 0.0242137
0.05 82 61 149.3326552 153.0000000 0.0239696
0.03 83 18 149.3373879 153.0000000 0.0239386
0.05 84 37 149.3463747 153.0000000 0.0238799
0.03 85 46 149.3752507 153.0000000 0.0236912
0.05 86 54 149.3960482 153.0000000 0.0235552
0.03 87 46 149.4144909 153.0000000 0.0234347
0.05 88 62 149.4350504 153.0000000 0.0233003
0.04 89 48 149.4619016 153.0000000 0.0231248
0.02 90 54 149.4910579 153.0000000 0.0229343
0.04 91 26 149.4981637 153.0000000 0.0228878
0.03 92 41 149.5000000 153.0000000 0.0228758
0.01 93 22 149.5000000 153.0000000 0.0228758
0.02 94 36 149.5000000 153.0000000 0.0228758
0.01 95 21 149.5000000 153.0000000 0.0228758
0.01 96 15 149.5000000 153.0000000 0.0228758
0.01 97 17 149.5000000 153.0000000 0.0228758
0.02 98 29 149.5000000 153.0000000 0.0228758
0.02 99 26 149.5000000 153.0000000 0.0228758
0.02 100 20 149.5000000 153.0000000 0.0228758
0.02 101 29 149.5000000 153.0000000 0.0228758
0.02 102 31 149.5000000 153.0000000 0.0228758
0.01 103 14 149.5000000 153.0000000 0.0228758
0.02 104 26 149.5000000 153.0000000 0.0228758
0.02 105 21 149.5000000 153.0000000 0.0228758
0.02 106 26 149.5000000 153.0000000 0.0228758
0.02 107 14 149.5000000 153.0000000 0.0228758
0.02 108 20 149.5000000 153.0000000 0.0228758
0.02 109 17 149.5000000 153.0000000 0.0228758
0.01 110 7 149.5000000 153.0000000 0.0228758
0.01 111 7 149.5001382 153.0000000 0.0228749
0.04 112 16 149.5022108 153.0000000 0.0228614
0.02 113 8 149.5022108 153.0000000 0.0228614
