0.20 0 0 54.0000000 56.0000000 0.0357143
0.00 1 72 54.0000000 56.0000000 0.0357143
0.00 2 109 54.0000000 56.0000000 0.0357143
0.00 3 59 54.0714286 56.0000000 0.0344388
0.00 4 72 54.3333333 56.0000000 0.0297619
0.00 5 59 54.3333333 56.0000000 0.0297619
0.00 6 55 54.4000000 56.0000000 0.0285714
0.00 7 47 54.4000000 56.0000000 0.0285714
0.00 8 44 54.5000000 56.0000000 0.0267857
0.00 9 46 54.5000000 56.0000000 0.0267857
0.00 10 28 54.5000000 56.0000000 0.0267857
0.00 11 24 54.5000000 56.0000000 0.0267857
0.00 12 26 54.5000000 56.0000000 0.0267857
0.00 13 37 54.5000000 56.0000000 0.0267857
0.00 14 29 54.5000000 56.0000000 0.0267857
0.00 15 23 54.5000000 56.0000000 0.0267857
0.00 16 27 54.5254237 56.0000000 0.0263317
0.00 17 18 54.5254237 56.0000000 0.0263317
0.00 18 25 54.5714286 56.0000000 0.0255102
0.00 19 14 54.5714286 56.0000000 0.0255102
0.00 20 13 54.5714286 56.0000000 0.0255102
0.00 21 11 54.5925926 56.0000000 0.0251323
0.00 22 23 54.6000000 56.0000000 0.0250000
0.00 23 24 54.6000000 56.0000000 0.0250000
0.00 24 24 54.6000000 56.0000000 0.0250000
0.00 25 26 54.6000000 56.0000000 0.0250000
0.00 26 26 54.6086957 56.0000000 0.0248447
0.00 27 30 54.6111111 56.0000000 0.0248016
0.00 28 26 54.6250000 56.0000000 0.0245536
0.00 29 23 54.6250000 56.0000000 0.0245536
0.00 30 23 54.6250000 56.0000000 0.0245536
0.01 31 27 54.6333333 56.0000000 0.0244048
0.00 32 21 54.6333333 56.0000000 0.0244048
0.01 33 25 54.6333333 56.0000000 0.0244048
0.01 34 25 54.6333333 56.0000000 0.0244048
0.01 35 25 54.6424242 56.0000000 0.0242424
0.01 36 29 54.6666667 56.0000000 0.0238095
0.00 37 8 54.6818182 56.0000000 0.0235390
0.01 38 25 54.6956522 56.0000000 0.0232919
0.01 39 26 54.7058824 56.0000000 0.0231092
0.01 40 27 54.7142857 56.0000000 0.0229592
0.01 41 28 54.7142857 56.0000000 0.0229592
0.01 42 28 54.7149059 56.0000000 0.0229481
0.01 43 32 54.7288136 56.0000000 0.0226998
0.01 44 29 54.7325581 56.0000000 0.0226329
0.01 45 32 54.7325581 56.0000000 0.0226329
0.01 46 27 54.7352941 56.0000000 0.0225840
0.01 47 28 54.7437500 56.0000000 0.0224330
0.01 48 29 54.7500000 56.0000000 0.0223214
0.01 49 24 54.7500000 56.0000000 0.0223214
0.01 50 14 54.7500000 56.0000000 0.0223214
0.01 51 25 54.7500000 56.0000000 0.0223214
0.01 52 28 54.7500000 56.0000000 0.0223214
0.01 53 18 54.7500000 56.0000000 0.0223214
0.01 54 22 54.7500000 56.0000000 0.0223214
0.01 55 20 54.7500000 56.0000000 0.0223214
0.01 56 21 54.7500000 56.0000000 0.0223214
0.01 57 22 54.7500000 56.0000000 0.0223214
0.01 58 25 54.7500000 56.0000000 0.0223214
0.01 59 17 54.7500000 56.0000000 0.0223214
0.01 60 20 54.7500000 56.0000000 0.0223214
0.01 61 12 54.7500000 56.0000000 0.0223214
0.01 62 22 54.7500000 56.0000000 0.0223214
0.01 63 24 54.7500000 56.0000000 0.0223214
0.01 64 21 54.7500000 56.0000000 0.0223214
0.01 65 21 54.7500000 56.0000000 0.0223214
0.01 66 20 54.7500000 56.0000000 0.0223214
0.01 67 25 54.7500000 56.0000000 0.0223214
0.01 68 20 54.7500000 56.0000000 0.0223214
0.01 69 17 54.7500000 56.0000000 0.0223214
0.01 70 26 54.7500000 56.0000000 0.0223214
0.01 71 18 54.7500000 56.0000000 0.0223214
0.01 72 27 54.7500000 56.0000000 0.0223214
0.01 73 26 54.7500000 56.0000000 0.0223214
0.01 74 20 54.7500000 56.0000000 0.0223214
0.01 75 27 54.7500000 56.0000000 0.0223214
0.01 76 20 54.7500000 56.0000000 0.0223214
0.01 77 21 54.7500000 56.0000000 0.0223214
0.01 78 19 54.7500000 56.0000000 0.0223214
0.01 79 24 54.7500000 56.0000000 0.0223214
0.01 80 27 54.7500000 56.0000000 0.0223214
0.01 81 32 54.7500000 56.0000000 0.0223214
0.01 82 20 54.7500000 56.0000000 0.0223214
0.01 83 18 54.7500000 56.0000000 0.0223214
0.01 84 22 54.7500000 56.0000000 0.0223214
0.01 85 20 54.7500000 56.0000000 0.0223214
0.01 86 23 54.7500000 56.0000000 0.0223214
0.01 87 29 54.7500000 56.0000000 0.0223214
0.01 88 28 54.7500000 56.0000000 0.0223214
0.01 89 20 54.7500000 56.0000000 0.0223214
0.01 90 20 54.7500000 56.0000000 0.0223214
0.01 91 20 54.7500000 56.0000000 0.0223214
0.01 92 20 54.7500000 56.0000000 0.0223214
0.01 93 23 54.7500000 56.0000000 0.0223214
0.01 94 23 54.7500000 56.0000000 0.0223214
0.01 95 23 54.7500000 56.0000000 0.0223214
0.01 96 29 54.7501352 56.0000000 0.0223190
0.02 97 28 54.7504658 56.0000000 0.0223131
0.02 98 29 54.7516340 56.0000000 0.0222923
0.02 99 27 54.7556391 56.0000000 0.0222207
0.01 100 19 54.7576375 56.0000000 0.0221850
0.02 101 32 54.7660819 56.0000000 0.0220343
0.01 102 16 54.7724289 56.0000000 0.0219209
0.01 103 20 54.7756410 56.0000000 0.0218636
0.01 104 15 54.7764877 56.0000000 0.0218484
0.01 105 18 54.7795100 56.0000000 0.0217945
0.01 106 12 54.7822117 56.0000000 0.0217462
0.02 107 31 54.7822117 56.0000000 0.0217462
0.02 108 24 54.7848101 56.0000000 0.0216998
0.01 109 15 54.7875000 56.0000000 0.0216518
0.01 110 19 54.7876289 56.0000000 0.0216495
0.01 111 14 54.7968304 56.0000000 0.0214852
0.01 112 14 54.7968304 56.0000000 0.0214852
0.01 113 13 54.7988107 56.0000000 0.0214498
0.01 114 15 54.8025934 56.0000000 0.0213823
0.01 115 15 54.8121693 56.0000000 0.0212113
0.01 116 15 54.8173077 56.0000000 0.0211195
0.01 117 23 54.8188406 56.0000000 0.0210921
0.01 118 13 54.8233720 56.0000000 0.0210112
0.02 119 34 54.8267367 56.0000000 0.0209511
0.02 120 32 54.8285714 56.0000000 0.0209184
0.02 121 30 54.8304531 56.0000000 0.0208848
0.01 122 19 54.8321693 56.0000000 0.0208541
0.01 123 14 54.8321693 56.0000000 0.0208541
0.01 124 16 54.8349555 56.0000000 0.0208044
0.01 125 23 54.8380328 56.0000000 0.0207494
0.01 126 18 54.8409924 56.0000000 0.0206966
0.01 127 19 54.8433301 56.0000000 0.0206548
0.01 128 20 54.8477330 56.0000000 0.0205762
0.01 129 26 54.8477449 56.0000000 0.0205760
0.02 130 17 54.8494356 56.0000000 0.0205458
0.02 131 26 54.8527164 56.0000000 0.0204872
0.01 132 16 54.8593684 56.0000000 0.0203684
0.02 133 32 54.8645161 56.0000000 0.0202765
0.01 134 16 54.8667282 56.0000000 0.0202370
0.01 135 18 54.8694194 56.0000000 0.0201889
0.01 136 15 54.8735607 56.0000000 0.0201150
0.01 137 13 54.8756613 56.0000000 0.0200775
0.01 138 13 54.8773160 56.0000000 0.0200479
0.01 139 20 54.8800553 56.0000000 0.0199990
0.01 140 14 54.8825942 56.0000000 0.0199537
0.01 141 17 54.8857862 56.0000000 0.0198967
0.01 142 15 54.8912226 56.0000000 0.0197996
0.01 143 14 54.8935404 56.0000000 0.0197582
0.01 144 20 54.8961663 56.0000000 0.0197113
0.01 145 15 54.8964574 56.0000000 0.0197061
0.01 146 15 54.8989208 56.0000000 0.0196621
0.01 147 18 54.9016061 56.0000000 0.0196142
0.01 148 17 54.9053112 56.0000000 0.0195480
0.01 149 18 54.9056652 56.0000000 0.0195417
0.01 150 16 54.9071571 56.0000000 0.0195151
0.02 151 20 54.9095528 56.0000000 0.0194723
0.01 152 13 54.9123884 56.0000000 0.0194216
0.02 153 16 54.9152899 56.0000000 0.0193698
0.01 154 19 54.9169893 56.0000000 0.0193395
0.02 155 17 54.9184371 56.0000000 0.0193136
0.02 156 17 54.9197874 56.0000000 0.0192895
0.02 157 16 54.9222232 56.0000000 0.0192460
0.02 158 18 54.9237814 56.0000000 0.0192182
0.01 159 14 54.9263026 56.0000000 0.0191732
0.02 160 21 54.9296080 56.0000000 0.0191141
0.02 161 17 54.9328653 56.0000000 0.0190560
0.02 162 14 54.9329630 56.0000000 0.0190542
0.02 163 22 54.9359140 56.0000000 0.0190015
0.02 164 17 54.9391601 56.0000000 0.0189436
0.02 165 16 54.9417799 56.0000000 0.0188968
0.02 166 14 54.9454522 56.0000000 0.0188312
0.02 167 18 54.9468210 56.0000000 0.0188068
0.02 168 15 54.9494391 56.0000000 0.0187600
0.02 169 17 54.9513725 56.0000000 0.0187255
0.02 170 19 54.9522738 56.0000000 0.0187094
0.02 171 17 54.9530760 56.0000000 0.0186951
0.02 172 18 54.9546443 56.0000000 0.0186671
0.02 173 14 54.9572601 56.0000000 0.0186204
0.02 174 19 54.9601317 56.0000000 0.0185691
0.02 175 23 54.9615647 56.0000000 0.0185435
0.02 176 14 54.9635855 56.0000000 0.0185074
0.02 177 13 54.9658210 56.0000000 0.0184675
0.02 178 14 54.9679573 56.0000000 0.0184293
0.02 179 18 54.9721712 56.0000000 0.0183541
0.02 180 20 54.9773468 56.0000000 0.0182617
0.02 181 19 54.9843427 56.0000000 0.0181367
0.02 182 17 54.9885947 56.0000000 0.0180608
0.03 183 19 54.9936949 56.0000000 0.0179697
0.03 184 17 54.9960652 56.0000000 0.0179274
0.03 185 29 54.9984169 56.0000000 0.0178854
0.03 186 15 55.0000000 56.0000000 0.0178571
0.02 187 25 55.0000000 56.0000000 0.0178571
0.01 188 18 55.0000000 56.0000000 0.0178571
0.01 189 10 55.0000000 56.0000000 0.0178571
0.01 190 17 55.0000000 56.0000000 0.0178571
0.01 191 15 55.0000000 56.0000000 0.0178571
0.01 192 9 55.0000000 56.0000000 0.0178571
0.01 193 11 55.0000000 56.0000000 0.0178571
0.01 194 20 55.0000000 56.0000000 0.0178571
0.01 195 16 55.0000000 56.0000000 0.0178571
0.01 196 15 55.0000000 56.0000000 0.0178571
0.01 197 15 55.0000000 56.0000000 0.0178571
0.01 198 14 55.0000000 56.0000000 0.0178571
0.01 199 9 55.0000000 56.0000000 0.0178571
0.01 200 11 55.0000000 56.0000000 0.0178571
0.02 201 33 55.0000000 56.0000000 0.0178571
0.01 202 11 55.0000000 56.0000000 0.0178571
0.02 203 14 55.0000000 56.0000000 0.0178571
0.01 204 14 55.0000000 56.0000000 0.0178571
0.01 205 10 55.0000000 56.0000000 0.0178571
0.01 206 8 55.0000000 56.0000000 0.0178571
0.01 207 5 55.0000000 56.0000000 0.0178571
0.01 208 10 55.0000000 56.0000000 0.0178571
0.01 209 11 55.0000000 56.0000000 0.0178571
0.01 210 10 55.0000000 56.0000000 0.0178571
0.01 211 9 55.0000000 56.0000000 0.0178571
0.01 212 10 55.0000000 56.0000000 0.0178571
0.01 213 11 55.0000000 56.0000000 0.0178571
0.01 214 14 55.0000000 56.0000000 0.0178571
0.01 215 9 55.0000000 56.0000000 0.0178571
0.01 216 6 55.0000000 56.0000000 0.0178571
0.01 217 3 55.0000000 56.0000000 0.0178571
0.01 218 13 55.0000000 56.0000000 0.0178571
0.01 219 7 55.0000000 56.0000000 0.0178571
0.01 220 7 55.0000000 56.0000000 0.0178571
0.01 221 7 55.0000000 56.0000000 0.0178571
0.01 222 8 55.0000000 56.0000000 0.0178571
0.01 223 12 55.0000000 56.0000000 0.0178571
0.01 224 8 55.0000000 56.0000000 0.0178571
0.01 225 11 55.0000000 56.0000000 0.0178571
0.01 226 3 55.0000000 56.0000000 0.0178571
0.01 227 6 55.0000000 56.0000000 0.0178571
0.01 228 7 55.0000000 56.0000000 0.0178571
0.01 229 6 55.0000000 56.0000000 0.0178571
0.01 230 5 55.0000000 56.0000000 0.0178571
0.01 231 7 55.0000000 56.0000000 0.0178571
0.01 232 12 55.0000000 56.0000000 0.0178571
0.01 233 10 55.0000000 56.0000000 0.0178571
0.01 234 13 55.0000000 56.0000000 0.0178571
0.01 235 9 55.0000000 56.0000000 0.0178571
0.01 236 13 55.0000000 56.0000000 0.0178571
0.01 237 7 55.0000000 56.0000000 0.0178571
0.01 238 12 55.0000000 56.0000000 0.0178571
0.01 239 3 55.0000000 56.0000000 0.0178571
0.01 240 10 55.0000000 56.0000000 0.0178571
0.01 241 10 55.0000000 56.0000000 0.0178571
0.01 242 13 55.0000000 56.0000000 0.0178571
0.01 243 12 55.0000000 56.0000000 0.0178571
0.01 244 9 55.0000000 56.0000000 0.0178571
0.01 245 8 55.0000000 56.0000000 0.0178571
0.01 246 4 55.0000000 56.0000000 0.0178571
0.01 247 2 55.0000000 56.0000000 0.0178571
0.01 248 2 55.0000000 56.0000000 0.0178571
0.01 249 2 55.0000000 56.0000000 0.0178571
0.01 250 2 55.0000000 56.0000000 0.0178571
0.01 251 2 55.0000000 56.0000000 0.0178571
0.01 252 2 55.0000000 56.0000000 0.0178571
0.01 253 2 55.0000000 56.0000000 0.0178571
0.01 254 2 55.0000000 56.0000000 0.0178571
