0.23 0 0 53.0000000 55.0000000 0.0363636
0.00 1 67 53.0000000 55.0000000 0.0363636
0.00 2 71 53.0000000 55.0000000 0.0363636
0.00 3 62 53.0454545 55.0000000 0.0355372
0.00 4 62 53.1666667 55.0000000 0.0333333
0.00 5 54 53.1666667 55.0000000 0.0333333
0.00 6 35 53.1666667 55.0000000 0.0333333
0.00 7 28 53.1666667 55.0000000 0.0333333
0.00 8 35 53.1666667 55.0000000 0.0333333
0.00 9 20 53.1794872 55.0000000 0.0331002
0.00 10 36 53.2000000 55.0000000 0.0327273
0.00 11 38 53.2500000 55.0000000 0.0318182
0.00 12 28 53.3846154 55.0000000 0.0293706
0.00 13 30 53.3846154 55.0000000 0.0293706
0.00 14 29 53.4000000 55.0000000 0.0290909
0.00 15 39 53.4038462 55.0000000 0.0290210
0.00 16 32 53.4090909 55.0000000 0.0289256
0.00 17 35 53.4545455 55.0000000 0.0280992
0.00 18 31 53.4545455 55.0000000 0.0280992
0.00 19 23 53.4545455 55.0000000 0.0280992
0.01 20 39 53.4545455 55.0000000 0.0280992
0.00 21 35 53.4562212 55.0000000 0.0280687
0.01 22 36 53.4562212 55.0000000 0.0280687
0.01 23 41 53.5000000 55.0000000 0.0272727
0.01 24 41 53.5000000 55.0000000 0.0272727
0.01 25 50 53.5000000 55.0000000 0.0272727
0.01 26 45 53.5000000 55.0000000 0.0272727
0.01 27 37 53.5000000 55.0000000 0.0272727
0.01 28 38 53.5454545 55.0000000 0.0264463
0.01 29 41 53.5454545 55.0000000 0.0264463
0.01 30 31 53.5454545 55.0000000 0.0264463
0.01 31 34 53.5490196 55.0000000 0.0263815
0.01 32 37 53.5714286 55.0000000 0.0259740
0.01 33 29 53.5714286 55.0000000 0.0259740
0.01 34 24 53.5714286 55.0000000 0.0259740
0.01 35 30 53.5714286 55.0000000 0.0259740
0.01 36 31 53.5714286 55.0000000 0.0259740
0.01 37 47 53.5714286 55.0000000 0.0259740
0.01 38 44 53.5714286 55.0000000 0.0259740
0.01 39 30 53.5714286 55.0000000 0.0259740
0.01 40 25 53.5714286 55.0000000 0.0259740
0.01 41 18 53.5730337 55.0000000 0.0259448
0.01 42 27 53.5813953 55.0000000 0.0257928
0.01 43 29 53.5833333 55.0000000 0.0257576
0.01 44 30 53.5882353 55.0000000 0.0256684
0.01 45 35 53.5911950 55.0000000 0.0256146
0.01 46 32 53.5937500 55.0000000 0.0255682
0.01 47 26 53.6000000 55.0000000 0.0254545
0.01 48 27 53.6000000 55.0000000 0.0254545
0.01 49 32 53.6017857 55.0000000 0.0254221
0.01 50 35 53.6047244 55.0000000 0.0253686
0.01 51 31 53.6170213 55.0000000 0.0251451
0.01 52 34 53.6202532 55.0000000 0.0250863
0.01 53 31 53.6292428 55.0000000 0.0249229
0.01 54 27 53.6410256 55.0000000 0.0247086
0.01 55 36 53.6433121 55.0000000 0.0246671
0.01 56 27 53.6494157 55.0000000 0.0245561
0.01 57 44 53.6713287 55.0000000 0.0241577
0.01 58 31 53.7142857 55.0000000 0.0233766
0.01 59 21 53.7142857 55.0000000 0.0233766
0.01 60 27 53.7142857 55.0000000 0.0233766
0.01 61 21 53.7142857 55.0000000 0.0233766
0.01 62 11 53.7142857 55.0000000 0.0233766
0.01 63 21 53.7142857 55.0000000 0.0233766
0.01 64 19 53.7142857 55.0000000 0.0233766
0.01 65 23 53.7142857 55.0000000 0.0233766
0.01 66 17 53.7142857 55.0000000 0.0233766
0.01 67 18 53.7142857 55.0000000 0.0233766
0.01 68 15 53.7142857 55.0000000 0.0233766
0.01 69 12 53.7142857 55.0000000 0.0233766
0.01 70 14 53.7142857 55.0000000 0.0233766
0.01 71 21 53.7142857 55.0000000 0.0233766
0.01 72 18 53.7142857 55.0000000 0.0233766
0.01 73 14 53.7142857 55.0000000 0.0233766
0.00 74 12 53.7142857 55.0000000 0.0233766
0.01 75 13 53.7142857 55.0000000 0.0233766
0.01 76 17 53.7142857 55.0000000 0.0233766
0.01 77 14 53.7142857 55.0000000 0.0233766
0.01 78 20 53.7142857 55.0000000 0.0233766
0.01 79 18 53.7142857 55.0000000 0.0233766
0.01 80 23 53.7142857 55.0000000 0.0233766
0.01 81 18 53.7143598 55.0000000 0.0233753
0.01 82 25 53.7160305 55.0000000 0.0233449
0.01 83 31 53.7209302 55.0000000 0.0232558
0.02 84 46 53.7211414 55.0000000 0.0232520
0.01 85 30 53.7241379 55.0000000 0.0231975
0.01 86 38 53.7242604 55.0000000 0.0231953
0.02 87 35 53.7362637 55.0000000 0.0229770
0.01 88 33 53.7368421 55.0000000 0.0229665
0.01 89 29 53.7368421 55.0000000 0.0229665
0.01 90 36 53.7377049 55.0000000 0.0229508
0.01 91 23 53.7399267 55.0000000 0.0229104
0.01 92 31 53.7486339 55.0000000 0.0227521
0.01 93 32 53.7489362 55.0000000 0.0227466
0.02 94 38 53.7500000 55.0000000 0.0227273
0.01 95 36 53.7500000 55.0000000 0.0227273
0.02 96 42 53.7500000 55.0000000 0.0227273
0.02 97 39 53.7500000 55.0000000 0.0227273
0.01 98 27 53.7500000 55.0000000 0.0227273
0.01 99 32 53.7500000 55.0000000 0.0227273
0.01 100 22 53.7500000 55.0000000 0.0227273
0.01 101 23 53.7500000 55.0000000 0.0227273
0.01 102 19 53.7500000 55.0000000 0.0227273
0.01 103 25 53.7500000 55.0000000 0.0227273
0.01 104 28 53.7500000 55.0000000 0.0227273
0.01 105 8 53.7500000 55.0000000 0.0227273
0.01 106 19 53.7500000 55.0000000 0.0227273
0.01 107 25 53.7500000 55.0000000 0.0227273
0.01 108 25 53.7500000 55.0000000 0.0227273
0.01 109 25 53.7500000 55.0000000 0.0227273
0.02 110 33 53.7500000 55.0000000 0.0227273
0.01 111 27 53.7500000 55.0000000 0.0227273
0.01 112 17 53.7500000 55.0000000 0.0227273
0.01 113 26 53.7500000 55.0000000 0.0227273
0.02 114 32 53.7500000 55.0000000 0.0227273
0.02 115 24 53.7500000 55.0000000 0.0227273
0.02 116 27 53.7500000 55.0000000 0.0227273
0.01 117 20 53.7500000 55.0000000 0.0227273
0.02 118 31 53.7500000 55.0000000 0.0227273
0.01 119 31 53.7500000 55.0000000 0.0227273
0.02 120 38 53.7500000 55.0000000 0.0227273
0.01 121 29 53.7500000 55.0000000 0.0227273
0.01 122 23 53.7500000 55.0000000 0.0227273
0.01 123 11 53.7500000 55.0000000 0.0227273
0.01 124 13 53.7500000 55.0000000 0.0227273
0.01 125 22 53.7500000 55.0000000 0.0227273
0.01 126 22 53.7500000 55.0000000 0.0227273
0.01 127 23 53.7500000 55.0000000 0.0227273
0.01 128 19 53.7500000 55.0000000 0.0227273
0.02 129 29 53.7500000 55.0000000 0.0227273
0.02 130 25 53.7502153 55.0000000 0.0227234
0.02 131 17 53.7509074 55.0000000 0.0227108
0.01 132 17 53.7523041 55.0000000 0.0226854
0.02 133 20 53.7559068 55.0000000 0.0226199
0.01 134 19 53.7559068 55.0000000 0.0226199
0.02 135 23 53.7564969 55.0000000 0.0226091
0.02 136 17 53.7649123 55.0000000 0.0224561
0.02 137 17 53.7811600 55.0000000 0.0221607
0.02 138 23 53.7858942 55.0000000 0.0220747
0.01 139 18 53.7962264 55.0000000 0.0218868
0.01 140 25 53.8032787 55.0000000 0.0217586
0.01 141 14 53.8059072 55.0000000 0.0217108
0.02 142 27 53.8061607 55.0000000 0.0217062
0.02 143 22 53.8086124 55.0000000 0.0216616
0.02 144 26 53.8100840 55.0000000 0.0216348
0.02 145 16 53.8116066 55.0000000 0.0216072
0.01 146 13 53.8129438 55.0000000 0.0215828
0.01 147 15 53.8129438 55.0000000 0.0215828
0.02 148 14 53.8149314 55.0000000 0.0215467
0.02 149 20 53.8158756 55.0000000 0.0215295
0.02 150 18 53.8158756 55.0000000 0.0215295
0.02 151 17 53.8166823 55.0000000 0.0215149
0.02 152 18 53.8179741 55.0000000 0.0214914
0.02 153 18 53.8202119 55.0000000 0.0214507
0.02 154 22 53.8245726 55.0000000 0.0213714
0.02 155 19 53.8269093 55.0000000 0.0213289
0.02 156 19 53.8269093 55.0000000 0.0213289
0.02 157 23 53.8290903 55.0000000 0.0212893
0.02 158 16 53.8290903 55.0000000 0.0212893
0.02 159 21 53.8305785 55.0000000 0.0212622
0.02 160 20 53.8305785 55.0000000 0.0212622
0.02 161 16 53.8323366 55.0000000 0.0212302
0.02 162 16 53.8343104 55.0000000 0.0211944
0.02 163 16 53.8343851 55.0000000 0.0211930
0.02 164 21 53.8372620 55.0000000 0.0211407
0.02 165 18 53.8402881 55.0000000 0.0210857
0.02 166 18 53.8402881 55.0000000 0.0210857
0.02 167 27 53.8421757 55.0000000 0.0210514
0.02 168 23 53.8434469 55.0000000 0.0210282
0.02 169 19 53.8450185 55.0000000 0.0209997
0.02 170 21 53.8450185 55.0000000 0.0209997
0.02 171 19 53.8450315 55.0000000 0.0209994
0.02 172 22 53.8455416 55.0000000 0.0209902
0.02 173 30 53.8464331 55.0000000 0.0209739
0.03 174 34 53.8476521 55.0000000 0.0209518
0.03 175 23 53.8496627 55.0000000 0.0209152
0.02 176 16 53.8496793 55.0000000 0.0209149
0.03 177 30 53.8513115 55.0000000 0.0208852
0.02 178 18 53.8513324 55.0000000 0.0208849
0.02 179 14 53.8531223 55.0000000 0.0208523
0.03 180 25 53.8568258 55.0000000 0.0207850
0.02 181 21 53.8616874 55.0000000 0.0206966
0.02 182 20 53.8616877 55.0000000 0.0206966
0.03 183 23 53.8622947 55.0000000 0.0206856
0.03 184 30 53.8646575 55.0000000 0.0206426
0.03 185 18 53.8646981 55.0000000 0.0206419
0.03 186 21 53.8678737 55.0000000 0.0205841
0.02 187 18 53.8700860 55.0000000 0.0205439
0.02 188 19 53.8719777 55.0000000 0.0205095
0.02 189 19 53.8732886 55.0000000 0.0204857
0.02 190 15 53.8733008 55.0000000 0.0204854
0.02 191 15 53.8735831 55.0000000 0.0204803
0.03 192 26 53.8740586 55.0000000 0.0204717
0.03 193 30 53.8746154 55.0000000 0.0204615
0.03 194 26 53.8755287 55.0000000 0.0204449
0.03 195 29 53.8760828 55.0000000 0.0204349
0.03 196 18 53.8768032 55.0000000 0.0204218
0.03 197 21 53.8776085 55.0000000 0.0204071
0.03 198 20 53.8783145 55.0000000 0.0203943
0.04 199 26 53.8789545 55.0000000 0.0203826
0.03 200 21 53.8807159 55.0000000 0.0203506
0.03 201 21 53.8832669 55.0000000 0.0203042
0.03 202 19 53.8873805 55.0000000 0.0202294
0.02 203 17 53.8900336 55.0000000 0.0201812
0.03 204 20 53.8901515 55.0000000 0.0201791
0.03 205 21 53.8931386 55.0000000 0.0201248
0.04 206 35 53.8976620 55.0000000 0.0200425
0.03 207 21 53.9010990 55.0000000 0.0199800
0.02 208 17 53.9034087 55.0000000 0.0199380
0.03 209 21 53.9062100 55.0000000 0.0198871
0.03 210 20 53.9077288 55.0000000 0.0198595
0.03 211 24 53.9078063 55.0000000 0.0198581
0.04 212 24 53.9086600 55.0000000 0.0198425
0.04 213 23 53.9115528 55.0000000 0.0197899
0.04 214 29 53.9173102 55.0000000 0.0196853
0.03 215 21 53.9214131 55.0000000 0.0196107
0.03 216 29 53.9235544 55.0000000 0.0195717
0.04 217 33 53.9263460 55.0000000 0.0195210
0.04 218 31 53.9284523 55.0000000 0.0194827
0.04 219 26 53.9301178 55.0000000 0.0194524
0.04 220 30 53.9320269 55.0000000 0.0194177
0.04 221 24 53.9338972 55.0000000 0.0193837
0.04 222 25 53.9355782 55.0000000 0.0193531
0.04 223 33 53.9371196 55.0000000 0.0193251
0.04 224 21 53.9382989 55.0000000 0.0193037
0.05 225 34 53.9397442 55.0000000 0.0192774
0.04 226 24 53.9408996 55.0000000 0.0192564
0.04 227 24 53.9427516 55.0000000 0.0192227
0.04 228 25 53.9446575 55.0000000 0.0191880
0.04 229 29 53.9459033 55.0000000 0.0191654
0.05 230 37 53.9476313 55.0000000 0.0191340
0.04 231 28 53.9485141 55.0000000 0.0191179
0.05 232 29 53.9499482 55.0000000 0.0190919
0.05 233 27 53.9520177 55.0000000 0.0190542
0.05 234 29 53.9544304 55.0000000 0.0190104
0.04 235 24 53.9566830 55.0000000 0.0189694
0.04 236 23 53.9580842 55.0000000 0.0189439
0.04 237 25 53.9593899 55.0000000 0.0189202
0.04 238 20 53.9607260 55.0000000 0.0188959
0.04 239 21 53.9607293 55.0000000 0.0188958
0.05 240 33 53.9610261 55.0000000 0.0188904
0.05 241 25 53.9616619 55.0000000 0.0188789
0.05 242 21 53.9631865 55.0000000 0.0188512
0.05 243 22 53.9632233 55.0000000 0.0188505
0.05 244 22 53.9652343 55.0000000 0.0188139
0.04 245 22 53.9652464 55.0000000 0.0188137
0.04 246 20 53.9658413 55.0000000 0.0188029
0.05 247 24 53.9668057 55.0000000 0.0187854
0.05 248 29 53.9683460 55.0000000 0.0187573
0.04 249 21 53.9704482 55.0000000 0.0187191
0.05 250 18 53.9719728 55.0000000 0.0186914
0.05 251 32 53.9733429 55.0000000 0.0186665
0.05 252 23 53.9753811 55.0000000 0.0186294
0.05 253 38 53.9754239 55.0000000 0.0186287
0.06 254 36 53.9767437 55.0000000 0.0186047
0.05 255 31 53.9781622 55.0000000 0.0185789
0.06 256 35 53.9798564 55.0000000 0.0185481
0.06 257 28 53.9806076 55.0000000 0.0185344
0.06 258 29 53.9824291 55.0000000 0.0185013
0.05 259 12 53.9846920 55.0000000 0.0184601
0.05 260 22 53.9866481 55.0000000 0.0184246
0.06 261 24 53.9876445 55.0000000 0.0184065
0.05 262 21 53.9891825 55.0000000 0.0183785
0.05 263 25 53.9903710 55.0000000 0.0183569
0.06 264 28 53.9916313 55.0000000 0.0183340
0.05 265 23 53.9928919 55.0000000 0.0183111
0.05 266 18 53.9944310 55.0000000 0.0182831
0.06 267 24 53.9952313 55.0000000 0.0182685
0.06 268 23 53.9966405 55.0000000 0.0182429
0.05 269 20 53.9978003 55.0000000 0.0182218
0.05 270 22 53.9981323 55.0000000 0.0182158
0.07 271 28 53.9995813 55.0000000 0.0181894
0.05 272 19 54.0000000 55.0000000 0.0181818
0.02 273 13 54.0000000 55.0000000 0.0181818
0.01 274 13 54.0000000 55.0000000 0.0181818
0.02 275 13 54.0000000 55.0000000 0.0181818
0.02 276 11 54.0000000 55.0000000 0.0181818
0.01 277 6 54.0000000 55.0000000 0.0181818
0.01 278 6 54.0000000 55.0000000 0.0181818
0.02 279 9 54.0000000 55.0000000 0.0181818
0.02 280 21 54.0000000 55.0000000 0.0181818
0.02 281 23 54.0000000 55.0000000 0.0181818
0.03 282 25 54.0000000 55.0000000 0.0181818
0.03 283 24 54.0000000 55.0000000 0.0181818
0.03 284 26 54.0000000 55.0000000 0.0181818
0.03 285 24 54.0000000 55.0000000 0.0181818
0.02 286 11 54.0000000 55.0000000 0.0181818
0.02 287 13 54.0000000 55.0000000 0.0181818
0.03 288 12 54.0000000 55.0000000 0.0181818
0.03 289 19 54.0000000 55.0000000 0.0181818
0.03 290 19 54.0000000 55.0000000 0.0181818
0.03 291 25 54.0000000 55.0000000 0.0181818
0.03 292 14 54.0000000 55.0000000 0.0181818
0.03 293 26 54.0000000 55.0000000 0.0181818
0.02 294 15 54.0000000 55.0000000 0.0181818
0.02 295 16 54.0000000 55.0000000 0.0181818
0.02 296 19 54.0000000 55.0000000 0.0181818
0.03 297 20 54.0000000 55.0000000 0.0181818
0.02 298 16 54.0000000 55.0000000 0.0181818
0.02 299 10 54.0000000 55.0000000 0.0181818
0.02 300 15 54.0000000 55.0000000 0.0181818
0.02 301 17 54.0000000 55.0000000 0.0181818
0.02 302 16 54.0000000 55.0000000 0.0181818
0.02 303 18 54.0000000 55.0000000 0.0181818
0.01 304 9 54.0000000 55.0000000 0.0181818
0.01 305 9 54.0000000 55.0000000 0.0181818
0.02 306 11 54.0000000 55.0000000 0.0181818
0.01 307 6 54.0000000 55.0000000 0.0181818
0.02 308 8 54.0000000 55.0000000 0.0181818
0.02 309 9 54.0000000 55.0000000 0.0181818
0.02 310 11 54.0000000 55.0000000 0.0181818
0.01 311 9 54.0000000 55.0000000 0.0181818
0.01 312 8 54.0000000 55.0000000 0.0181818
0.02 313 9 54.0000000 55.0000000 0.0181818
0.02 314 12 54.0000000 55.0000000 0.0181818
0.02 315 13 54.0000000 55.0000000 0.0181818
0.02 316 13 54.0000000 55.0000000 0.0181818
0.02 317 19 54.0000000 55.0000000 0.0181818
0.03 318 18 54.0000000 55.0000000 0.0181818
0.03 319 31 54.0000000 55.0000000 0.0181818
0.03 320 16 54.0000000 55.0000000 0.0181818
0.02 321 14 54.0000000 55.0000000 0.0181818
0.02 322 18 54.0000000 55.0000000 0.0181818
0.03 323 19 54.0000000 55.0000000 0.0181818
0.03 324 18 54.0000000 55.0000000 0.0181818
0.03 325 19 54.0000000 55.0000000 0.0181818
0.03 326 21 54.0000000 55.0000000 0.0181818
0.02 327 7 54.0000000 55.0000000 0.0181818
0.02 328 8 54.0000000 55.0000000 0.0181818
0.02 329 11 54.0000000 55.0000000 0.0181818
0.03 330 17 54.0000000 55.0000000 0.0181818
0.03 331 19 54.0000000 55.0000000 0.0181818
0.03 332 13 54.0000000 55.0000000 0.0181818
0.02 333 11 54.0000000 55.0000000 0.0181818
0.03 334 12 54.0000000 55.0000000 0.0181818
0.03 335 19 54.0000000 55.0000000 0.0181818
0.03 336 19 54.0000000 55.0000000 0.0181818
0.03 337 24 54.0000000 55.0000000 0.0181818
0.04 338 19 54.0000000 55.0000000 0.0181818
0.03 339 21 54.0000000 55.0000000 0.0181818
0.02 340 10 54.0000000 55.0000000 0.0181818
0.02 341 7 54.0000000 55.0000000 0.0181818
0.03 342 15 54.0000000 55.0000000 0.0181818
0.03 343 19 54.0000000 55.0000000 0.0181818
0.03 344 5 54.0000000 55.0000000 0.0181818
0.03 345 15 54.0000000 55.0000000 0.0181818
0.02 346 6 54.0000000 55.0000000 0.0181818
0.03 347 8 54.0000000 55.0000000 0.0181818
0.03 348 10 54.0000000 55.0000000 0.0181818
0.03 349 7 54.0000000 55.0000000 0.0181818
0.03 350 9 54.0000000 55.0000000 0.0181818
0.03 351 18 54.0000000 55.0000000 0.0181818
0.01 352 4 54.0000000 55.0000000 0.0181818
0.02 353 5 54.0000000 55.0000000 0.0181818
0.01 354 3 54.0000000 55.0000000 0.0181818
