0.33 0 0 8.0000000 17.0000000 0.5294118
0.01 1 112 8.0000000 17.0000000 0.5294118
0.01 2 148 8.0000000 17.0000000 0.5294118
0.01 3 176 8.0000000 17.0000000 0.5294118
0.01 4 156 8.0000000 17.0000000 0.5294118
0.01 5 162 8.0000000 17.0000000 0.5294118
0.01 6 174 8.0000000 17.0000000 0.5294118
0.02 7 205 8.0000000 17.0000000 0.5294118
0.02 8 151 8.0000000 17.0000000 0.5294118
0.02 9 162 8.0000000 17.0000000 0.5294118
0.02 10 161 8.0000000 17.0000000 0.5294118
0.02 11 145 8.0000000 17.0000000 0.5294118
0.02 12 166 8.0000000 17.0000000 0.5294118
0.03 13 161 8.0000000 17.0000000 0.5294118
0.03 14 133 8.0000000 17.0000000 0.5294118
0.03 15 133 8.0206932 17.0000000 0.5281945
0.03 16 160 8.1782241 17.0000000 0.5189280
0.03 17 157 8.5096926 17.0000000 0.4994298
0.03 18 146 8.6021868 17.0000000 0.4939890
0.03 19 157 8.7107001 17.0000000 0.4876059
0.03 20 119 8.7744947 17.0000000 0.4838533
0.03 21 149 8.8211381 17.0000000 0.4811095
0.03 22 99 8.8873407 17.0000000 0.4772153
0.03 23 135 8.9192547 17.0000000 0.4753380
0.03 24 131 8.9362100 17.0000000 0.4743406
0.04 25 123 8.9908715 17.0000000 0.4711252
0.03 26 89 9.0266935 17.0000000 0.4690180
0.04 27 93 9.0851604 17.0000000 0.4655788
0.04 28 108 9.1682577 17.0000000 0.4606907
0.03 29 76 9.2345438 17.0000000 0.4567915
0.04 30 86 9.2543816 17.0000000 0.4556246
0.03 31 80 9.2758084 17.0000000 0.4543642
0.04 32 82 9.3221568 17.0000000 0.4516378
0.04 33 99 9.3601111 17.0000000 0.4494052
0.03 34 93 9.3709538 17.0000000 0.4487674
0.04 35 73 9.4073306 17.0000000 0.4466276
0.04 36 103 9.4264591 17.0000000 0.4455024
0.04 37 92 9.4402789 17.0000000 0.4446895
0.05 38 85 9.4709243 17.0000000 0.4428868
0.05 39 83 9.5290623 17.0000000 0.4394669
0.05 40 95 9.5828090 17.0000000 0.4363054
0.05 41 83 9.6352482 17.0000000 0.4332207
0.05 42 84 9.6934437 17.0000000 0.4297974
0.05 43 90 9.7327752 17.0000000 0.4274838
0.06 44 82 9.7779199 17.0000000 0.4248282
0.05 45 85 9.8192721 17.0000000 0.4223958
0.06 46 63 9.8524314 17.0000000 0.4204452
0.05 47 59 9.8686777 17.0000000 0.4194895
0.05 48 83 9.8940867 17.0000000 0.4179949
0.05 49 53 9.9126612 17.0000000 0.4169023
0.04 50 61 9.9285724 17.0000000 0.4159663
0.05 51 47 9.9485951 17.0000000 0.4147885
0.05 52 72 9.9623400 17.0000000 0.4139800
0.05 53 44 9.9791184 17.0000000 0.4129930
0.05 54 50 10.0038940 17.0000000 0.4115356
0.04 55 42 10.0162143 17.0000000 0.4108109
0.06 56 47 10.0421214 17.0000000 0.4092870
0.05 57 50 10.0501635 17.0000000 0.4088139
0.05 58 34 10.0537341 17.0000000 0.4086039
0.06 59 33 10.0677744 17.0000000 0.4077780
0.06 60 45 10.0751714 17.0000000 0.4073429
0.05 61 49 10.0885031 17.0000000 0.4065586
0.05 62 48 10.0997108 17.0000000 0.4058994
0.04 63 55 10.1060330 17.0000000 0.4055275
0.04 64 32 10.1194688 17.0000000 0.4047371
0.06 65 34 10.1435504 17.0000000 0.4033206
0.05 66 37 10.1548121 17.0000000 0.4026581
0.05 67 49 10.1621608 17.0000000 0.4022258
0.05 68 36 10.1789504 17.0000000 0.4012382
0.06 69 53 10.1946535 17.0000000 0.4003145
0.05 70 30 10.2006443 17.0000000 0.3999621
0.04 71 56 10.2078557 17.0000000 0.3995379
0.06 72 26 10.2107997 17.0000000 0.3993647
0.04 73 42 10.2171528 17.0000000 0.3989910
0.05 74 29 10.2222471 17.0000000 0.3986913
0.06 75 27 10.2313450 17.0000000 0.3981562
0.04 76 37 10.2348115 17.0000000 0.3979523
0.04 77 42 10.2451685 17.0000000 0.3973430
0.06 78 40 10.2597841 17.0000000 0.3964833
0.04 79 50 10.2628406 17.0000000 0.3963035
0.05 80 68 10.2815789 17.0000000 0.3952012
0.04 81 46 10.2902575 17.0000000 0.3946907
0.06 82 68 10.3148570 17.0000000 0.3932437
0.06 83 35 10.3233636 17.0000000 0.3927433
0.06 84 48 10.3301984 17.0000000 0.3923413
0.05 85 41 10.3309836 17.0000000 0.3922951
0.06 86 53 10.3344564 17.0000000 0.3920908
0.06 87 46 10.3368143 17.0000000 0.3919521
0.06 88 44 10.3420594 17.0000000 0.3916436
0.05 89 49 10.3465546 17.0000000 0.3913791
0.06 90 45 10.3509869 17.0000000 0.3911184
0.06 91 34 10.3593371 17.0000000 0.3906272
0.06 92 26 10.3595664 17.0000000 0.3906137
0.04 93 25 10.3643985 17.0000000 0.3903295
0.06 94 43 10.3697290 17.0000000 0.3900159
0.04 95 38 10.3714711 17.0000000 0.3899135
0.04 96 34 10.3747600 17.0000000 0.3897200
0.06 97 49 10.3803997 17.0000000 0.3893883
0.05 98 32 10.3833075 17.0000000 0.3892172
0.06 99 33 10.3852074 17.0000000 0.3891054
0.05 100 17 10.3898746 17.0000000 0.3888309
0.06 101 41 10.3928997 17.0000000 0.3886530
0.05 102 51 10.3935084 17.0000000 0.3886172
0.06 103 28 10.3999490 17.0000000 0.3882383
0.06 104 39 10.4035881 17.0000000 0.3880242
0.06 105 29 10.4075700 17.0000000 0.3877900
0.06 106 27 10.4113884 17.0000000 0.3875654
0.07 107 45 10.4193358 17.0000000 0.3870979
0.06 108 31 10.4230977 17.0000000 0.3868766
0.05 109 30 10.4230977 17.0000000 0.3868766
0.05 110 47 10.4230977 17.0000000 0.3868766
0.04 111 17 10.4230977 17.0000000 0.3868766
0.05 112 46 10.4230977 17.0000000 0.3868766
0.05 113 31 10.4230977 17.0000000 0.3868766
0.05 114 36 10.4230977 17.0000000 0.3868766
0.05 115 40 10.4230977 17.0000000 0.3868766
0.05 116 40 10.4230977 17.0000000 0.3868766
0.05 117 39 10.4230977 17.0000000 0.3868766
0.05 118 15 10.4230977 17.0000000 0.3868766
0.05 119 23 10.4230977 17.0000000 0.3868766
0.05 120 20 10.4230977 17.0000000 0.3868766
0.05 121 23 10.4230977 17.0000000 0.3868766
0.05 122 25 10.4230977 17.0000000 0.3868766
0.05 123 9 10.4230977 17.0000000 0.3868766
0.05 124 37 10.4230977 17.0000000 0.3868766
0.05 125 20 10.4230977 17.0000000 0.3868766
0.05 126 27 10.4230977 17.0000000 0.3868766
0.05 127 17 10.4230977 17.0000000 0.3868766
0.05 128 24 10.4230977 17.0000000 0.3868766
0.05 129 26 10.4230977 17.0000000 0.3868766
0.05 130 29 10.4230977 17.0000000 0.3868766
0.05 131 19 10.4230977 17.0000000 0.3868766
0.05 132 27 10.4230977 17.0000000 0.3868766
0.05 133 24 10.4230977 17.0000000 0.3868766
0.05 134 31 10.4230977 17.0000000 0.3868766
0.05 135 20 10.4230977 17.0000000 0.3868766
0.05 136 20 10.4230977 17.0000000 0.3868766
0.05 137 23 10.4230977 17.0000000 0.3868766
0.05 138 10 10.4230977 17.0000000 0.3868766
0.05 139 16 10.4230977 17.0000000 0.3868766
0.05 140 23 10.4230977 17.0000000 0.3868766
0.05 141 12 10.4230977 17.0000000 0.3868766
0.05 142 33 10.4230977 17.0000000 0.3868766
0.05 143 7 10.4230977 17.0000000 0.3868766
0.05 144 35 10.4230977 17.0000000 0.3868766
0.06 145 7 10.4230977 17.0000000 0.3868766
0.05 146 8 10.4230977 17.0000000 0.3868766
0.05 147 24 10.4230977 17.0000000 0.3868766
0.05 148 7 10.4230977 17.0000000 0.3868766
0.05 149 10 10.4230977 17.0000000 0.3868766
0.05 150 11 10.4230977 17.0000000 0.3868766
0.05 151 15 10.4230977 17.0000000 0.3868766
0.05 152 20 10.4230977 17.0000000 0.3868766
0.05 153 6 10.4230977 17.0000000 0.3868766
0.05 154 2 10.4230977 17.0000000 0.3868766
0.05 155 3 10.4230977 17.0000000 0.3868766
0.05 156 6 10.4230977 17.0000000 0.3868766
0.05 157 5 10.4230977 17.0000000 0.3868766
0.05 158 28 10.4230977 17.0000000 0.3868766
0.05 159 16 10.4230977 17.0000000 0.3868766
0.05 160 5 10.4230977 17.0000000 0.3868766
0.05 161 11 10.4230977 17.0000000 0.3868766
0.05 162 10 10.4230977 17.0000000 0.3868766
0.05 163 8 10.4230977 17.0000000 0.3868766
0.05 164 1 10.4230977 17.0000000 0.3868766
