0.42 0 0 45.5970320 73.0000000 0.3753831
0.01 1 72 46.5734196 73.0000000 0.3620080
0.01 2 91 46.8324398 73.0000000 0.3584597
0.01 3 110 46.9737038 73.0000000 0.3565246
0.01 4 111 47.6330681 73.0000000 0.3474922
0.01 5 115 47.9750002 73.0000000 0.3428082
0.01 6 134 48.2256886 73.0000000 0.3393741
0.01 7 128 48.5060676 73.0000000 0.3355333
0.01 8 145 48.8572860 73.0000000 0.3307221
0.02 9 153 49.5992227 73.0000000 0.3205586
0.02 10 135 49.9700156 73.0000000 0.3154792
0.02 11 144 50.5603852 73.0000000 0.3073920
0.02 12 171 51.0251781 73.0000000 0.3010250
0.03 13 167 51.5501600 73.0000000 0.2938334
0.03 14 158 51.8787945 73.0000000 0.2893316
0.03 15 148 52.2678683 73.0000000 0.2840018
0.03 16 153 52.5341550 73.0000000 0.2803540
0.03 17 168 52.8562692 73.0000000 0.2759415
0.04 18 182 53.2495527 73.0000000 0.2705541
0.04 19 170 53.5893447 73.0000000 0.2658994
0.04 20 170 53.7790102 73.0000000 0.2633012
0.04 21 159 53.9927900 73.0000000 0.2603727
0.05 22 158 54.2823653 73.0000000 0.2564060
0.05 23 166 54.5524514 73.0000000 0.2527061
0.06 24 167 54.7817233 73.0000000 0.2495654
0.05 25 147 54.9350088 73.0000000 0.2474656
0.05 26 161 55.1397060 73.0000000 0.2446616
0.06 27 160 55.3661775 73.0000000 0.2415592
0.07 28 178 55.5925956 73.0000000 0.2384576
0.06 29 154 55.7647872 73.0000000 0.2360988
0.08 30 155 55.9853264 73.0000000 0.2330777
0.07 31 118 56.1180537 73.0000000 0.2312595
0.07 32 122 56.2618327 73.0000000 0.2292900
0.06 33 100 56.3325215 73.0000000 0.2283216
0.07 34 98 56.4237760 73.0000000 0.2270716
0.07 35 111 56.5199013 73.0000000 0.2257548
0.09 36 113 56.6529037 73.0000000 0.2239328
0.08 37 121 56.7305393 73.0000000 0.2228693
0.06 38 107 56.8531205 73.0000000 0.2211901
0.06 39 96 57.0112465 73.0000000 0.2190240
0.07 40 107 57.0920937 73.0000000 0.2179165
0.06 41 105 57.2063569 73.0000000 0.2163513
0.07 42 99 57.2836664 73.0000000 0.2152922
0.08 43 94 57.3656060 73.0000000 0.2141698
0.08 44 95 57.4208698 73.0000000 0.2134127
0.08 45 84 57.5283374 73.0000000 0.2119406
0.07 46 82 57.6289358 73.0000000 0.2105625
0.06 47 79 57.6567154 73.0000000 0.2101820
0.08 48 80 57.7116262 73.0000000 0.2094298
0.08 49 93 57.7455709 73.0000000 0.2089648
0.10 50 98 57.8347063 73.0000000 0.2077437
0.09 51 90 57.9047020 73.0000000 0.2067849
0.09 52 70 57.9898795 73.0000000 0.2056181
0.09 53 79 58.0364346 73.0000000 0.2049803
0.09 54 79 58.0845001 73.0000000 0.2043219
0.09 55 84 58.1272400 73.0000000 0.2037364
0.08 56 78 58.1716084 73.0000000 0.2031287
0.09 57 88 58.2340164 73.0000000 0.2022737
0.08 58 65 58.2756251 73.0000000 0.2017038
0.08 59 76 58.3046424 73.0000000 0.2013063
0.09 60 73 58.3183136 73.0000000 0.2011190
0.08 61 62 58.3363909 73.0000000 0.2008714
0.09 62 58 58.3544386 73.0000000 0.2006241
0.09 63 56 58.3822025 73.0000000 0.2002438
0.10 64 69 58.4029891 73.0000000 0.1999591
0.09 65 52 58.4229068 73.0000000 0.1996862
0.11 66 77 58.4617160 73.0000000 0.1991546
0.10 67 68 58.4820449 73.0000000 0.1988761
0.09 68 63 58.5311610 73.0000000 0.1982033
0.11 69 69 58.5693691 73.0000000 0.1976799
0.09 70 63 58.6038765 73.0000000 0.1972072
0.09 71 58 58.6443948 73.0000000 0.1966521
0.12 72 70 58.6709209 73.0000000 0.1962888
0.11 73 85 58.7249057 73.0000000 0.1955492
0.09 74 61 58.7477811 73.0000000 0.1952359
0.09 75 61 58.7688560 73.0000000 0.1949472
0.12 76 66 58.8024309 73.0000000 0.1944872
0.11 77 55 58.8198045 73.0000000 0.1942493
0.13 78 53 58.8514180 73.0000000 0.1938162
0.11 79 61 58.8725989 73.0000000 0.1935260
0.12 80 60 58.8940184 73.0000000 0.1932326
0.14 81 64 58.9177771 73.0000000 0.1929072
0.11 82 52 58.9468820 73.0000000 0.1925085
0.07 83 52 58.9763684 73.0000000 0.1921045
0.09 84 46 59.0002990 73.0000000 0.1917767
0.09 85 68 59.0363597 73.0000000 0.1912827
0.11 86 72 59.0657762 73.0000000 0.1908798
0.09 87 44 59.0819096 73.0000000 0.1906588
0.09 88 47 59.1063910 73.0000000 0.1903234
0.09 89 61 59.1410273 73.0000000 0.1898489
0.10 90 49 59.1922897 73.0000000 0.1891467
0.14 91 67 59.2321891 73.0000000 0.1886001
0.14 92 59 59.2483919 73.0000000 0.1883782
0.16 93 62 59.2771967 73.0000000 0.1879836
0.13 94 32 59.2814495 73.0000000 0.1879253
0.09 95 46 59.2867155 73.0000000 0.1878532
0.13 96 29 59.2941555 73.0000000 0.1877513
0.12 97 37 59.3060039 73.0000000 0.1875890
0.16 98 36 59.3139845 73.0000000 0.1874797
0.14 99 20 59.3270418 73.0000000 0.1873008
0.16 100 20 59.3329029 73.0000000 0.1872205
0.11 101 34 59.3379215 73.0000000 0.1871518
0.13 102 20 59.3421423 73.0000000 0.1870939
0.12 103 24 59.3502393 73.0000000 0.1869830
0.11 104 14 59.3507844 73.0000000 0.1869756
0.12 105 14 59.3532234 73.0000000 0.1869421
0.11 106 11 59.3537141 73.0000000 0.1869354
0.11 107 16 59.3553370 73.0000000 0.1869132
0.10 108 28 59.3581147 73.0000000 0.1868751
0.13 109 17 59.3622548 73.0000000 0.1868184
0.12 110 26 59.3676015 73.0000000 0.1867452
0.11 111 17 59.3677602 73.0000000 0.1867430
0.14 112 18 59.3713088 73.0000000 0.1866944
0.13 113 28 59.3742003 73.0000000 0.1866548
0.14 114 22 59.3797694 73.0000000 0.1865785
0.14 115 16 59.3835616 73.0000000 0.1865266
0.13 116 18 59.3889378 73.0000000 0.1864529
0.13 117 16 59.3909504 73.0000000 0.1864253
0.14 118 16 59.3913666 73.0000000 0.1864196
0.14 119 16 59.3919750 73.0000000 0.1864113
0.13 120 11 59.3925834 73.0000000 0.1864030
0.12 121 8 59.3925864 73.0000000 0.1864029
0.12 122 14 59.3927248 73.0000000 0.1864010
0.13 123 14 59.3930706 73.0000000 0.1863963
0.12 124 13 59.3931946 73.0000000 0.1863946
0.14 125 8 59.3938450 73.0000000 0.1863857
0.14 126 9 59.3942800 73.0000000 0.1863797
0.15 127 10 59.3945114 73.0000000 0.1863766
0.13 128 11 59.3976002 73.0000000 0.1863342
0.16 129 14 59.3980992 73.0000000 0.1863274
0.15 130 7 59.3984460 73.0000000 0.1863227
0.15 131 7 59.3989773 73.0000000 0.1863154
0.15 132 5 59.3993819 73.0000000 0.1863098
0.15 133 4 59.3995346 73.0000000 0.1863077
0.16 134 8 59.3996475 73.0000000 0.1863062
0.16 135 6 59.3998641 73.0000000 0.1863032
0.16 136 4 59.4001743 73.0000000 0.1862990
0.15 137 5 59.4004689 73.0000000 0.1862949
0.15 138 3 59.4011854 73.0000000 0.1862851
0.15 139 1 59.4018188 73.0000000 0.1862765
0.12 140 4 59.4018188 73.0000000 0.1862765
0.12 141 3 59.4018188 73.0000000 0.1862765
0.12 142 6 59.4018188 73.0000000 0.1862765
0.12 143 6 59.4018425 73.0000000 0.1862761
0.12 144 3 59.4018425 73.0000000 0.1862761
0.12 145 5 59.4018630 73.0000000 0.1862758
0.12 146 2 59.4023940 73.0000000 0.1862686
0.12 147 1 59.4025086 73.0000000 0.1862670
0.12 148 4 59.4025086 73.0000000 0.1862670
