0.24 0 0 48.5000000 52.0000000 0.0673077
0.00 1 85 48.5000000 52.0000000 0.0673077
0.00 2 80 49.1000000 52.0000000 0.0557692
0.00 3 59 49.1250000 52.0000000 0.0552885
0.00 4 48 49.2000000 52.0000000 0.0538462
0.00 5 51 49.2500000 52.0000000 0.0528846
0.00 6 47 49.2500000 52.0000000 0.0528846
0.00 7 42 49.2790698 52.0000000 0.0523256
0.00 8 36 49.3333333 52.0000000 0.0512821
0.00 9 20 49.3357200 52.0000000 0.0512362
0.00 10 43 49.3750000 52.0000000 0.0504808
0.00 11 42 49.4012821 52.0000000 0.0499753
0.01 12 56 49.4949495 52.0000000 0.0481740
0.01 13 46 49.5174457 52.0000000 0.0477414
0.01 14 62 49.5400458 52.0000000 0.0473068
0.01 15 67 49.6806184 52.0000000 0.0446035
0.01 16 59 49.6983435 52.0000000 0.0442626
0.01 17 42 49.7476852 52.0000000 0.0433137
0.01 18 45 49.7666667 52.0000000 0.0429487
0.01 19 64 49.8166667 52.0000000 0.0419872
0.01 20 60 49.8368421 52.0000000 0.0415992
0.01 21 56 49.8500000 52.0000000 0.0413462
0.01 22 50 49.8500000 52.0000000 0.0413462
0.01 23 40 49.8500000 52.0000000 0.0413462
0.01 24 40 49.8500000 52.0000000 0.0413462
0.01 25 41 49.8500000 52.0000000 0.0413462
0.01 26 45 49.8500000 52.0000000 0.0413462
0.01 27 48 49.8556338 52.0000000 0.0412378
0.01 28 53 49.8581081 52.0000000 0.0411902
0.01 29 30 49.8750000 52.0000000 0.0408654
0.01 30 46 49.8750000 52.0000000 0.0408654
0.01 31 41 49.8910256 52.0000000 0.0405572
0.01 32 42 49.9059140 52.0000000 0.0402709
0.01 33 47 49.9107143 52.0000000 0.0401786
0.01 34 40 49.9127907 52.0000000 0.0401386
0.01 35 54 49.9166667 52.0000000 0.0400641
0.01 36 38 49.9178082 52.0000000 0.0400421
0.01 37 43 49.9285714 52.0000000 0.0398352
0.01 38 40 49.9441176 52.0000000 0.0395362
0.01 39 63 49.9676471 52.0000000 0.0390837
0.01 40 56 49.9676471 52.0000000 0.0390837
0.01 41 56 49.9762357 52.0000000 0.0389185
0.01 42 55 49.9804786 52.0000000 0.0388370
0.01 43 53 49.9850427 52.0000000 0.0387492
0.01 44 47 50.0000000 52.0000000 0.0384615
0.01 45 28 50.0000000 52.0000000 0.0384615
0.01 46 39 50.0000000 52.0000000 0.0384615
0.01 47 43 50.0000000 52.0000000 0.0384615
0.01 48 38 50.0000000 52.0000000 0.0384615
0.01 49 24 50.0000000 52.0000000 0.0384615
0.01 50 22 50.0000000 52.0000000 0.0384615
0.01 51 36 50.0000000 52.0000000 0.0384615
0.01 52 29 50.0000000 52.0000000 0.0384615
0.01 53 29 50.0000000 52.0000000 0.0384615
0.01 54 23 50.0000000 52.0000000 0.0384615
0.01 55 36 50.0000000 52.0000000 0.0384615
0.01 56 35 50.0000000 52.0000000 0.0384615
0.01 57 27 50.0000000 52.0000000 0.0384615
0.01 58 36 50.0000000 52.0000000 0.0384615
0.01 59 37 50.0000000 52.0000000 0.0384615
0.01 60 33 50.0000000 52.0000000 0.0384615
0.01 61 29 50.0000000 52.0000000 0.0384615
0.01 62 23 50.0000000 52.0000000 0.0384615
0.01 63 24 50.0000000 52.0000000 0.0384615
0.01 64 24 50.0000000 52.0000000 0.0384615
0.01 65 25 50.0000000 52.0000000 0.0384615
0.01 66 28 50.0000000 52.0000000 0.0384615
0.01 67 28 50.0000000 52.0000000 0.0384615
0.01 68 26 50.0000000 52.0000000 0.0384615
0.01 69 35 50.0000000 52.0000000 0.0384615
0.01 70 30 50.0000000 52.0000000 0.0384615
0.01 71 34 50.0000000 52.0000000 0.0384615
0.02 72 36 50.0000000 52.0000000 0.0384615
0.01 73 29 50.0000000 52.0000000 0.0384615
0.02 74 35 50.0000000 52.0000000 0.0384615
0.02 75 41 50.0000000 52.0000000 0.0384615
0.02 76 37 50.0000000 52.0000000 0.0384615
0.02 77 40 50.0000000 52.0000000 0.0384615
0.02 78 27 50.0000000 52.0000000 0.0384615
0.02 79 35 50.0000000 52.0000000 0.0384615
0.02 80 39 50.0000000 52.0000000 0.0384615
0.02 81 43 50.0000000 52.0000000 0.0384615
0.02 82 36 50.0000000 52.0000000 0.0384615
0.02 83 47 50.0000000 52.0000000 0.0384615
0.02 84 41 50.0000000 52.0000000 0.0384615
0.02 85 35 50.0000000 52.0000000 0.0384615
0.02 86 42 50.0000000 52.0000000 0.0384615
0.02 87 48 50.0000000 52.0000000 0.0384615
0.02 88 48 50.0000000 52.0000000 0.0384615
0.02 89 47 50.0000000 52.0000000 0.0384615
0.02 90 46 50.0000000 52.0000000 0.0384615
0.02 91 31 50.0000000 52.0000000 0.0384615
0.02 92 45 50.0000000 52.0000000 0.0384615
0.02 93 34 50.0000000 52.0000000 0.0384615
0.02 94 48 50.0000000 52.0000000 0.0384615
0.02 95 32 50.0000000 52.0000000 0.0384615
0.02 96 37 50.0001688 52.0000000 0.0384583
0.02 97 24 50.0009018 52.0000000 0.0384442
0.02 98 35 50.0031250 52.0000000 0.0384014
0.03 99 43 50.0105263 52.0000000 0.0382591
0.03 100 37 50.0222908 52.0000000 0.0380329
0.01 101 28 50.0241640 52.0000000 0.0379968
0.02 102 27 50.0357143 52.0000000 0.0377747
0.01 103 17 50.0357143 52.0000000 0.0377747
0.01 104 19 50.0357143 52.0000000 0.0377747
0.01 105 24 50.0410448 52.0000000 0.0376722
0.02 106 27 50.0456879 52.0000000 0.0375829
0.01 107 29 50.0500000 52.0000000 0.0375000
0.01 108 22 50.0500000 52.0000000 0.0375000
0.01 109 18 50.0500000 52.0000000 0.0375000
0.01 110 10 50.0500000 52.0000000 0.0375000
0.01 111 16 50.0500000 52.0000000 0.0375000
0.01 112 12 50.0500000 52.0000000 0.0375000
0.01 113 32 50.0500000 52.0000000 0.0375000
0.01 114 16 50.0500000 52.0000000 0.0375000
0.01 115 14 50.0502008 52.0000000 0.0374961
0.01 116 11 50.0513016 52.0000000 0.0374750
0.01 117 12 50.0576923 52.0000000 0.0373521
0.01 118 23 50.0576923 52.0000000 0.0373521
0.01 119 27 50.0629771 52.0000000 0.0372504
0.01 120 18 50.0665049 52.0000000 0.0371826
0.01 121 23 50.0735294 52.0000000 0.0370475
0.01 122 20 50.0750000 52.0000000 0.0370192
0.01 123 15 50.0758528 52.0000000 0.0370028
0.01 124 19 50.0786558 52.0000000 0.0369489
0.01 125 13 50.0786558 52.0000000 0.0369489
0.01 126 25 50.0809927 52.0000000 0.0369040
0.01 127 18 50.0833333 52.0000000 0.0368590
0.01 128 11 50.0833333 52.0000000 0.0368590
0.01 129 15 50.0836603 52.0000000 0.0368527
0.01 130 16 50.0850052 52.0000000 0.0368268
0.02 131 20 50.0890635 52.0000000 0.0367488
0.01 132 15 50.0910372 52.0000000 0.0367108
0.02 133 20 50.0927426 52.0000000 0.0366780
0.02 134 28 50.0953865 52.0000000 0.0366272
0.01 135 12 50.0984477 52.0000000 0.0365683
0.01 136 18 50.0984477 52.0000000 0.0365683
0.01 137 21 50.0992221 52.0000000 0.0365534
0.02 138 32 50.1013572 52.0000000 0.0365124
0.02 139 22 50.1041217 52.0000000 0.0364592
0.02 140 24 50.1065752 52.0000000 0.0364120
0.02 141 24 50.1083723 52.0000000 0.0363775
0.02 142 21 50.1084567 52.0000000 0.0363758
0.02 143 25 50.1108485 52.0000000 0.0363298
0.02 144 24 50.1136862 52.0000000 0.0362753
0.02 145 22 50.1169362 52.0000000 0.0362128
0.02 146 20 50.1197447 52.0000000 0.0361588
0.02 147 27 50.1217538 52.0000000 0.0361201
0.02 148 29 50.1221990 52.0000000 0.0361116
0.02 149 27 50.1237044 52.0000000 0.0360826
0.02 150 29 50.1247663 52.0000000 0.0360622
0.02 151 20 50.1267150 52.0000000 0.0360247
0.03 152 29 50.1284841 52.0000000 0.0359907
0.02 153 24 50.1297430 52.0000000 0.0359665
0.02 154 19 50.1311430 52.0000000 0.0359396
0.02 155 22 50.1323634 52.0000000 0.0359161
0.02 156 22 50.1338820 52.0000000 0.0358869
0.03 157 19 50.1356368 52.0000000 0.0358531
0.03 158 23 50.1383785 52.0000000 0.0358004
0.03 159 23 50.1410445 52.0000000 0.0357491
0.03 160 22 50.1415550 52.0000000 0.0357393
0.03 161 20 50.1443490 52.0000000 0.0356856
0.03 162 25 50.1477543 52.0000000 0.0356201
0.03 163 26 50.1525980 52.0000000 0.0355270
0.03 164 22 50.1561899 52.0000000 0.0354579
0.03 165 18 50.1592762 52.0000000 0.0353985
0.03 166 23 50.1627008 52.0000000 0.0353327
0.03 167 20 50.1667334 52.0000000 0.0352551
0.03 168 31 50.1693018 52.0000000 0.0352057
0.03 169 21 50.1698178 52.0000000 0.0351958
0.03 170 21 50.1728310 52.0000000 0.0351379
0.03 171 21 50.1756367 52.0000000 0.0350839
0.03 172 26 50.1765088 52.0000000 0.0350671
0.03 173 24 50.1799540 52.0000000 0.0350009
0.03 174 24 50.1840752 52.0000000 0.0349216
0.03 175 24 50.1875039 52.0000000 0.0348557
0.03 176 25 50.1880467 52.0000000 0.0348453
0.03 177 20 50.1930498 52.0000000 0.0347490
0.03 178 19 50.1958084 52.0000000 0.0346960
0.03 179 23 50.1984670 52.0000000 0.0346449
0.03 180 21 50.2006616 52.0000000 0.0346027
0.03 181 18 50.2025758 52.0000000 0.0345658
0.03 182 22 50.2041338 52.0000000 0.0345359
0.03 183 25 50.2061699 52.0000000 0.0344967
0.03 184 28 50.2072605 52.0000000 0.0344758
0.03 185 15 50.2091087 52.0000000 0.0344402
0.03 186 20 50.2107779 52.0000000 0.0344081
0.03 187 15 50.2126535 52.0000000 0.0343720
0.03 188 16 50.2144669 52.0000000 0.0343372
0.03 189 23 50.2168048 52.0000000 0.0342922
0.03 190 17 50.2187500 52.0000000 0.0342548
0.01 191 17 50.2187500 52.0000000 0.0342548
0.01 192 16 50.2187500 52.0000000 0.0342548
0.01 193 17 50.2187500 52.0000000 0.0342548
0.01 194 25 50.2201745 52.0000000 0.0342274
0.03 195 20 50.2237079 52.0000000 0.0341595
0.03 196 14 50.2335953 52.0000000 0.0339693
0.03 197 28 50.2368241 52.0000000 0.0339072
0.03 198 27 50.2372473 52.0000000 0.0338991
0.03 199 25 50.2424960 52.0000000 0.0337982
0.03 200 19 50.2449697 52.0000000 0.0337506
0.03 201 24 50.2462176 52.0000000 0.0337266
0.03 202 23 50.2496510 52.0000000 0.0336606
0.03 203 19 50.2496694 52.0000000 0.0336602
0.04 204 23 50.2500000 52.0000000 0.0336538
0.01 205 9 50.2500000 52.0000000 0.0336538
0.01 206 10 50.2500000 52.0000000 0.0336538
0.01 207 4 50.2500000 52.0000000 0.0336538
0.01 208 5 50.2500000 52.0000000 0.0336538
0.02 209 8 50.2500000 52.0000000 0.0336538
0.01 210 6 50.2500000 52.0000000 0.0336538
0.01 211 6 50.2500000 52.0000000 0.0336538
0.02 212 6 50.2500000 52.0000000 0.0336538
