0.27 0 0 33.7500000 42.0000000 0.1964286
0.00 1 65 34.5000000 42.0000000 0.1785714
0.01 2 105 34.5625000 42.0000000 0.1770833
0.01 3 84 34.7666667 42.0000000 0.1722222
0.01 4 106 35.1666667 42.0000000 0.1626984
0.01 5 84 35.1875000 42.0000000 0.1622024
0.01 6 107 35.3446542 42.0000000 0.1584606
0.01 7 105 35.5001719 42.0000000 0.1547578
0.01 8 119 35.6083356 42.0000000 0.1521825
0.01 9 99 35.7026507 42.0000000 0.1499369
0.01 10 137 35.9688457 42.0000000 0.1435989
0.01 11 116 36.1201838 42.0000000 0.1399956
0.02 12 138 36.3592858 42.0000000 0.1343027
0.02 13 130 36.4809506 42.0000000 0.1314059
0.02 14 126 36.5350046 42.0000000 0.1301189
0.02 15 98 36.6172462 42.0000000 0.1281608
0.02 16 122 36.7176920 42.0000000 0.1257692
0.02 17 95 36.7974699 42.0000000 0.1238698
0.02 18 106 36.9031094 42.0000000 0.1213545
0.02 19 124 37.0538915 42.0000000 0.1177645
0.02 20 104 37.1670191 42.0000000 0.1150710
0.02 21 108 37.3029234 42.0000000 0.1118352
0.02 22 93 37.3761882 42.0000000 0.1100908
0.03 23 121 37.4740151 42.0000000 0.1077615
0.02 24 103 37.5461436 42.0000000 0.1060442
0.03 25 90 37.6546976 42.0000000 0.1034596
0.03 26 118 37.7297116 42.0000000 0.1016735
0.03 27 99 37.8001000 42.0000000 0.0999976
0.03 28 94 37.8520731 42.0000000 0.0987602
0.03 29 108 37.9296761 42.0000000 0.0969125
0.03 30 100 37.9809365 42.0000000 0.0956920
0.03 31 98 38.0399429 42.0000000 0.0942871
0.04 32 104 38.0868263 42.0000000 0.0931708
0.04 33 87 38.1482725 42.0000000 0.0917078
0.04 34 97 38.1959163 42.0000000 0.0905734
0.04 35 88 38.2211857 42.0000000 0.0899718
0.03 36 96 38.2656620 42.0000000 0.0889128
0.05 37 93 38.3061645 42.0000000 0.0879485
0.04 38 86 38.3213877 42.0000000 0.0875860
0.04 39 72 38.3427681 42.0000000 0.0870770
0.03 40 52 38.3547258 42.0000000 0.0867922
0.03 41 63 38.3773966 42.0000000 0.0862525
0.04 42 77 38.3943333 42.0000000 0.0858492
0.05 43 76 38.4143684 42.0000000 0.0853722
0.04 44 69 38.4325599 42.0000000 0.0849391
0.04 45 69 38.4447716 42.0000000 0.0846483
0.04 46 67 38.4629686 42.0000000 0.0842150
0.05 47 72 38.4810978 42.0000000 0.0837834
0.05 48 79 38.4977396 42.0000000 0.0833872
0.05 49 61 38.5169815 42.0000000 0.0829290
0.06 50 78 38.5338020 42.0000000 0.0825285
0.04 51 71 38.5524195 42.0000000 0.0820853
0.04 52 62 38.5655089 42.0000000 0.0817736
0.07 53 71 38.5859884 42.0000000 0.0812860
0.04 54 58 38.5949519 42.0000000 0.0810726
0.05 55 65 38.6063708 42.0000000 0.0808007
0.05 56 60 38.6176189 42.0000000 0.0805329
0.05 57 66 38.6381831 42.0000000 0.0800433
0.06 58 67 38.6593076 42.0000000 0.0795403
0.06 59 62 38.6759959 42.0000000 0.0791430
0.05 60 67 38.6886567 42.0000000 0.0788415
0.06 61 64 38.7035226 42.0000000 0.0784876
0.06 62 75 38.7225767 42.0000000 0.0780339
0.06 63 74 38.7371158 42.0000000 0.0776877
0.05 64 74 38.7488961 42.0000000 0.0774072
0.07 65 67 38.7630876 42.0000000 0.0770693
0.05 66 57 38.7787450 42.0000000 0.0766965
0.05 67 65 38.7891589 42.0000000 0.0764486
0.05 68 68 38.8017879 42.0000000 0.0761479
0.06 69 52 38.8119734 42.0000000 0.0759054
0.06 70 50 38.8234146 42.0000000 0.0756330
0.08 71 74 38.8355888 42.0000000 0.0753431
0.09 72 72 38.8483247 42.0000000 0.0750399
0.07 73 78 38.8608664 42.0000000 0.0747413
0.06 74 68 38.8723667 42.0000000 0.0744675
0.07 75 67 38.8890245 42.0000000 0.0740708
0.06 76 67 38.9061285 42.0000000 0.0736636
0.06 77 74 38.9182083 42.0000000 0.0733760
0.06 78 61 38.9237576 42.0000000 0.0732439
0.04 79 43 38.9297840 42.0000000 0.0731004
0.06 80 53 38.9456332 42.0000000 0.0727230
0.05 81 56 38.9582543 42.0000000 0.0724225
0.07 82 61 38.9709472 42.0000000 0.0721203
0.06 83 55 38.9833994 42.0000000 0.0718238
0.07 84 58 39.0136281 42.0000000 0.0711041
0.08 85 56 39.0332583 42.0000000 0.0706367
0.07 86 69 39.0482037 42.0000000 0.0702809
0.06 87 52 39.0641523 42.0000000 0.0699011
0.09 88 55 39.0791449 42.0000000 0.0695442
0.08 89 53 39.1072129 42.0000000 0.0688759
0.07 90 39 39.1212494 42.0000000 0.0685417
0.07 91 48 39.1395439 42.0000000 0.0681061
0.07 92 44 39.1707826 42.0000000 0.0673623
0.05 93 44 39.1863182 42.0000000 0.0669924
0.08 94 51 39.1939562 42.0000000 0.0668106
0.07 95 45 39.2026485 42.0000000 0.0666036
0.08 96 55 39.2100556 42.0000000 0.0664272
0.06 97 45 39.2171169 42.0000000 0.0662591
0.07 98 46 39.2361100 42.0000000 0.0658069
0.06 99 35 39.2488395 42.0000000 0.0655038
0.05 100 34 39.2650731 42.0000000 0.0651173
0.07 101 48 39.2706067 42.0000000 0.0649856
0.09 102 48 39.2924733 42.0000000 0.0644649
0.08 103 51 39.3015379 42.0000000 0.0642491
0.07 104 59 39.3090721 42.0000000 0.0640697
0.09 105 47 39.3186786 42.0000000 0.0638410
0.08 106 48 39.3353595 42.0000000 0.0634438
0.10 107 52 39.3477860 42.0000000 0.0631480
0.05 108 40 39.3546166 42.0000000 0.0629853
0.09 109 31 39.3692349 42.0000000 0.0626373
0.07 110 53 39.3792235 42.0000000 0.0623994
0.09 111 38 39.3946224 42.0000000 0.0620328
0.10 112 38 39.4098672 42.0000000 0.0616698
0.11 113 37 39.4271791 42.0000000 0.0612576
0.08 114 53 39.4377186 42.0000000 0.0610067
0.10 115 35 39.4471919 42.0000000 0.0607811
0.10 116 33 39.4552874 42.0000000 0.0605884
0.10 117 34 39.4630566 42.0000000 0.0604034
0.12 118 41 39.4704356 42.0000000 0.0602277
0.12 119 38 39.4806849 42.0000000 0.0599837
0.09 120 30 39.4906294 42.0000000 0.0597469
0.09 121 51 39.4992344 42.0000000 0.0595420
0.12 122 42 39.5044297 42.0000000 0.0594183
0.08 123 65 39.5101493 42.0000000 0.0592822
0.12 124 40 39.5151709 42.0000000 0.0591626
0.09 125 37 39.5180678 42.0000000 0.0590936
0.10 126 42 39.5308992 42.0000000 0.0587881
0.09 127 51 39.5444943 42.0000000 0.0584644
0.08 128 31 39.5524468 42.0000000 0.0582751
0.08 129 36 39.5643268 42.0000000 0.0579922
0.10 130 41 39.5741138 42.0000000 0.0577592
0.10 131 43 39.5841838 42.0000000 0.0575194
0.10 132 37 39.5929199 42.0000000 0.0573114
0.06 133 30 39.5994865 42.0000000 0.0571551
0.10 134 33 39.6057141 42.0000000 0.0570068
0.12 135 46 39.6127978 42.0000000 0.0568381
0.09 136 36 39.6211364 42.0000000 0.0566396
0.07 137 39 39.6294514 42.0000000 0.0564416
0.08 138 38 39.6414509 42.0000000 0.0561559
0.07 139 35 39.6467428 42.0000000 0.0560299
0.07 140 39 39.6527798 42.0000000 0.0558862
0.08 141 35 39.6591598 42.0000000 0.0557343
0.07 142 33 39.6738496 42.0000000 0.0553845
0.13 143 45 39.6870177 42.0000000 0.0550710
0.06 144 24 39.6933674 42.0000000 0.0549198
0.07 145 32 39.7019595 42.0000000 0.0547153
0.04 146 27 39.7037875 42.0000000 0.0546717
0.07 147 25 39.7083484 42.0000000 0.0545631
0.10 148 23 39.7133706 42.0000000 0.0544436
0.14 149 44 39.7187945 42.0000000 0.0543144
0.11 150 55 39.7300734 42.0000000 0.0540459
0.15 151 31 39.7379628 42.0000000 0.0538580
0.11 152 56 39.7437194 42.0000000 0.0537210
0.10 153 30 39.7528426 42.0000000 0.0535037
0.11 154 30 39.7573328 42.0000000 0.0533968
0.08 155 28 39.7651230 42.0000000 0.0532114
0.08 156 30 39.7712396 42.0000000 0.0530657
0.07 157 20 39.7724524 42.0000000 0.0530368
0.04 158 33 39.7746131 42.0000000 0.0529854
0.07 159 31 39.7833034 42.0000000 0.0527785
0.10 160 50 39.7889797 42.0000000 0.0526433
0.07 161 25 39.7919477 42.0000000 0.0525727
0.11 162 48 39.7974517 42.0000000 0.0524416
0.07 163 22 39.7999764 42.0000000 0.0523815
0.11 164 42 39.8055488 42.0000000 0.0522488
0.13 165 34 39.8099362 42.0000000 0.0521444
0.12 166 28 39.8135688 42.0000000 0.0520579
0.16 167 62 39.8181529 42.0000000 0.0519487
0.11 168 26 39.8247529 42.0000000 0.0517916
0.13 169 28 39.8301034 42.0000000 0.0516642
0.18 170 32 39.8351815 42.0000000 0.0515433
0.14 171 41 39.8400236 42.0000000 0.0514280
0.15 172 41 39.8434735 42.0000000 0.0513459
0.10 173 25 39.8489994 42.0000000 0.0512143
0.11 174 32 39.8587237 42.0000000 0.0509828
0.10 175 35 39.8660830 42.0000000 0.0508075
0.11 176 28 39.8730435 42.0000000 0.0506418
0.10 177 27 39.8780896 42.0000000 0.0505217
0.13 178 32 39.8813110 42.0000000 0.0504450
