0.32 0 0 19.4093254 32.0000000 0.3934586
0.00 1 92 20.2667112 32.0000000 0.3666653
0.01 2 91 20.6224285 32.0000000 0.3555491
0.01 3 111 20.9251154 32.0000000 0.3460901
0.01 4 99 21.8162955 32.0000000 0.3182408
0.01 5 123 22.1536264 32.0000000 0.3076992
0.01 6 129 22.4480518 32.0000000 0.2984984
0.01 7 134 22.6664215 32.0000000 0.2916743
0.01 8 124 22.8170982 32.0000000 0.2869657
0.01 9 131 23.0385381 32.0000000 0.2800457
0.02 10 145 23.2116456 32.0000000 0.2746361
0.02 11 144 23.3928487 32.0000000 0.2689735
0.02 12 134 23.5704947 32.0000000 0.2634220
0.02 13 129 23.7049348 32.0000000 0.2592208
0.02 14 133 23.8417251 32.0000000 0.2549461
0.02 15 121 23.9995546 32.0000000 0.2500139
0.03 16 132 24.1084854 32.0000000 0.2466098
0.03 17 127 24.2360019 32.0000000 0.2426249
0.03 18 148 24.3370629 32.0000000 0.2394668
0.04 19 124 24.4668394 32.0000000 0.2354113
0.03 20 132 24.5452015 32.0000000 0.2329625
0.04 21 125 24.6248341 32.0000000 0.2304739
0.04 22 139 24.7045684 32.0000000 0.2279822
0.04 23 131 24.7842784 32.0000000 0.2254913
0.05 24 117 24.8625229 32.0000000 0.2230462
0.03 25 94 24.9217136 32.0000000 0.2211965
0.03 26 86 24.9700443 32.0000000 0.2196861
0.05 27 91 25.0275870 32.0000000 0.2178879
0.05 28 93 25.0915787 32.0000000 0.2158882
0.04 29 102 25.1514944 32.0000000 0.2140158
0.05 30 100 25.2057710 32.0000000 0.2123197
0.04 31 96 25.2459797 32.0000000 0.2110631
0.05 32 105 25.2931388 32.0000000 0.2095894
0.07 33 104 25.3535522 32.0000000 0.2077015
0.05 34 89 25.3920155 32.0000000 0.2064995
0.06 35 103 25.4404729 32.0000000 0.2049852
0.05 36 74 25.4601627 32.0000000 0.2043699
0.06 37 66 25.5017880 32.0000000 0.2030691
0.04 38 74 25.5269105 32.0000000 0.2022840
0.06 39 71 25.5612588 32.0000000 0.2012107
0.05 40 53 25.5816203 32.0000000 0.2005744
0.05 41 47 25.6036812 32.0000000 0.1998850
0.06 42 61 25.6167757 32.0000000 0.1994758
0.07 43 65 25.6438089 32.0000000 0.1986310
0.06 44 54 25.6616925 32.0000000 0.1980721
0.05 45 42 25.6753547 32.0000000 0.1976452
0.05 46 46 25.6852587 32.0000000 0.1973357
0.07 47 68 25.7036764 32.0000000 0.1967601
0.07 48 64 25.7230975 32.0000000 0.1961532
0.06 49 52 25.7445192 32.0000000 0.1954838
0.07 50 41 25.7596744 32.0000000 0.1950102
0.07 51 35 25.7694776 32.0000000 0.1947038
0.06 52 41 25.7808040 32.0000000 0.1943499
0.06 53 49 25.7912485 32.0000000 0.1940235
0.06 54 47 25.8001859 32.0000000 0.1937442
0.04 55 37 25.8087766 32.0000000 0.1934757
0.08 56 36 25.8209340 32.0000000 0.1930958
0.07 57 42 25.8332854 32.0000000 0.1927098
0.06 58 32 25.8438744 32.0000000 0.1923789
0.07 59 38 25.8555369 32.0000000 0.1920145
0.07 60 36 25.8748648 32.0000000 0.1914105
0.05 61 33 25.8850433 32.0000000 0.1910924
0.07 62 28 25.8945096 32.0000000 0.1907966
0.07 63 27 25.9024426 32.0000000 0.1905487
0.06 64 29 25.9098372 32.0000000 0.1903176
0.08 65 25 25.9167280 32.0000000 0.1901023
0.06 66 20 25.9206624 32.0000000 0.1899793
0.07 67 24 25.9245119 32.0000000 0.1898590
0.08 68 23 25.9281705 32.0000000 0.1897447
0.08 69 30 25.9336693 32.0000000 0.1895728
0.07 70 18 25.9402373 32.0000000 0.1893676
0.07 71 38 25.9472891 32.0000000 0.1891472
0.05 72 22 25.9518377 32.0000000 0.1890051
0.07 73 20 25.9589402 32.0000000 0.1887831
0.07 74 24 25.9635044 32.0000000 0.1886405
0.06 75 26 25.9659440 32.0000000 0.1885643
0.06 76 22 25.9707379 32.0000000 0.1884144
0.08 77 20 25.9740994 32.0000000 0.1883094
0.08 78 15 25.9776468 32.0000000 0.1881985
0.10 79 13 25.9828398 32.0000000 0.1880363
0.11 80 23 25.9916170 32.0000000 0.1877620
0.08 81 18 25.9980261 32.0000000 0.1875617
0.11 82 20 26.0019138 32.0000000 0.1874402
0.09 83 27 26.0094968 32.0000000 0.1872032
0.08 84 25 26.0165119 32.0000000 0.1869840
0.09 85 17 26.0192648 32.0000000 0.1868980
0.07 86 24 26.0219970 32.0000000 0.1868126
0.05 87 22 26.0228899 32.0000000 0.1867847
0.09 88 21 26.0262593 32.0000000 0.1866794
0.08 89 24 26.0305205 32.0000000 0.1865462
0.06 90 17 26.0363615 32.0000000 0.1863637
0.06 91 23 26.0408595 32.0000000 0.1862231
0.06 92 15 26.0432076 32.0000000 0.1861498
0.08 93 20 26.0478361 32.0000000 0.1860051
0.07 94 15 26.0515204 32.0000000 0.1858900
0.06 95 18 26.0551352 32.0000000 0.1857770
0.08 96 15 26.0579394 32.0000000 0.1856894
0.08 97 16 26.0604006 32.0000000 0.1856125
0.09 98 17 26.0626699 32.0000000 0.1855416
0.09 99 14 26.0655377 32.0000000 0.1854519
0.09 100 17 26.0678168 32.0000000 0.1853807
0.10 101 14 26.0708769 32.0000000 0.1852851
0.10 102 16 26.0756595 32.0000000 0.1851356
0.07 103 12 26.0765590 32.0000000 0.1851075
0.05 104 12 26.0775188 32.0000000 0.1850775
0.06 105 17 26.0793255 32.0000000 0.1850211
0.07 106 21 26.0808357 32.0000000 0.1849739
0.03 107 19 26.0816000 32.0000000 0.1849500
0.09 108 11 26.0835782 32.0000000 0.1848882
0.09 109 18 26.0853533 32.0000000 0.1848327
0.08 110 14 26.0859591 32.0000000 0.1848138
0.10 111 12 26.0869592 32.0000000 0.1847825
0.09 112 16 26.0882620 32.0000000 0.1847418
0.09 113 11 26.0899634 32.0000000 0.1846886
0.08 114 12 26.0931557 32.0000000 0.1845889
0.10 115 12 26.0947881 32.0000000 0.1845379
0.10 116 16 26.0967711 32.0000000 0.1844759
0.10 117 14 26.0988164 32.0000000 0.1844120
0.10 118 10 26.1000037 32.0000000 0.1843749
0.09 119 11 26.1014411 32.0000000 0.1843300
0.09 120 6 26.1019247 32.0000000 0.1843149
0.10 121 12 26.1033135 32.0000000 0.1842715
0.09 122 10 26.1047949 32.0000000 0.1842252
0.08 123 12 26.1069304 32.0000000 0.1841584
0.09 124 10 26.1082901 32.0000000 0.1841159
0.09 125 11 26.1093962 32.0000000 0.1840814
0.10 126 10 26.1100340 32.0000000 0.1840614
0.08 127 5 26.1119203 32.0000000 0.1840025
0.10 128 8 26.1131412 32.0000000 0.1839643
0.08 129 11 26.1153329 32.0000000 0.1838958
0.10 130 13 26.1170582 32.0000000 0.1838419
0.10 131 9 26.1177370 32.0000000 0.1838207
0.11 132 11 26.1208700 32.0000000 0.1837228
0.12 133 13 26.1225116 32.0000000 0.1836715
0.11 134 7 26.1234705 32.0000000 0.1836415
0.11 135 5 26.1240221 32.0000000 0.1836243
0.11 136 11 26.1243677 32.0000000 0.1836135
0.09 137 9 26.1250730 32.0000000 0.1835915
0.11 138 9 26.1258403 32.0000000 0.1835675
0.12 139 14 26.1267182 32.0000000 0.1835401
0.12 140 12 26.1282975 32.0000000 0.1834907
0.10 141 10 26.1297030 32.0000000 0.1834468
0.10 142 6 26.1309676 32.0000000 0.1834073
0.10 143 11 26.1324898 32.0000000 0.1833597
0.09 144 10 26.1338031 32.0000000 0.1833187
0.11 145 5 26.1347262 32.0000000 0.1832898
0.07 146 8 26.1360279 32.0000000 0.1832491
0.08 147 10 26.1368404 32.0000000 0.1832237
0.08 148 10 26.1374793 32.0000000 0.1832038
0.10 149 10 26.1380064 32.0000000 0.1831873
0.13 150 11 26.1391020 32.0000000 0.1831531
0.10 151 10 26.1400674 32.0000000 0.1831229
0.12 152 8 26.1406635 32.0000000 0.1831043
0.06 153 11 26.1421084 32.0000000 0.1830591
0.12 154 10 26.1429202 32.0000000 0.1830337
0.11 155 8 26.1437552 32.0000000 0.1830077
0.11 156 8 26.1447984 32.0000000 0.1829750
0.08 157 11 26.1460340 32.0000000 0.1829364
0.06 158 21 26.1472211 32.0000000 0.1828993
0.10 159 14 26.1481571 32.0000000 0.1828701
0.11 160 11 26.1494562 32.0000000 0.1828295
0.08 161 10 26.1498373 32.0000000 0.1828176
0.10 162 8 26.1503187 32.0000000 0.1828025
0.09 163 5 26.1514962 32.0000000 0.1827657
0.10 164 8 26.1525302 32.0000000 0.1827334
0.12 165 1 26.1532403 32.0000000 0.1827112
