This file contains any messages produced by compilers while
running configure, to aid debugging if configure makes a mistake.

It was created by glpbc configure 0.1, which was
generated by GNU Autoconf 2.65.  Invocation command line was

  $ ./configure 

## --------- ##
## Platform. ##
## --------- ##

hostname = venus
uname -m = x86_64
uname -r = 2.6.32-29-generic
uname -s = Linux
uname -v = #57-Ubuntu SMP Sun Jan 30 06:01:15 UTC 2011

/usr/bin/uname -p = unknown
/bin/uname -X     = unknown

/bin/arch              = unknown
/usr/bin/arch -k       = unknown
/usr/convex/getsysinfo = unknown
/usr/bin/hostinfo      = unknown
/bin/machine           = unknown
/usr/bin/oslevel       = unknown
/bin/universe          = unknown

PATH: /home/haroldo/bin
PATH: /usr/local/sbin
PATH: /usr/local/bin
PATH: /usr/sbin
PATH: /usr/bin
PATH: /sbin
PATH: /bin
PATH: /usr/games
PATH: /home/haroldo/Dropbox/bin/pdfjam/bin/
PATH: /home/haroldo/src/cplex122/cplex/bin/x86-64_sles10_4.1/
PATH: /home/haroldo/bin/


## ----------- ##
## Core tests. ##
## ----------- ##

configure:2398: checking for a BSD-compatible install
configure:2466: result: /usr/bin/install -c
configure:2477: checking whether build environment is sane
configure:2527: result: yes
configure:2668: checking for a thread-safe mkdir -p
configure:2707: result: /bin/mkdir -p
configure:2720: checking for gawk
configure:2736: found /usr/bin/gawk
configure:2747: result: gawk
configure:2758: checking whether make sets $(MAKE)
configure:2780: result: yes
configure:2913: checking for gcc
configure:2929: found /usr/bin/gcc
configure:2940: result: gcc
configure:3169: checking for C compiler version
configure:3178: gcc --version >&5
gcc (Ubuntu 4.4.3-4ubuntu5) 4.4.3
Copyright (C) 2009 Free Software Foundation, Inc.
This is free software; see the source for copying conditions.  There is NO
warranty; not even for MERCHANTABILITY or FITNESS FOR A PARTICULAR PURPOSE.

configure:3189: $? = 0
configure:3178: gcc -v >&5
Using built-in specs.
Target: x86_64-linux-gnu
Configured with: ../src/configure -v --with-pkgversion='Ubuntu 4.4.3-4ubuntu5' --with-bugurl=file:///usr/share/doc/gcc-4.4/README.Bugs --enable-languages=c,c++,fortran,objc,obj-c++ --prefix=/usr --enable-shared --enable-multiarch --enable-linker-build-id --with-system-zlib --libexecdir=/usr/lib --without-included-gettext --enable-threads=posix --with-gxx-include-dir=/usr/include/c++/4.4 --program-suffix=-4.4 --enable-nls --enable-clocale=gnu --enable-libstdcxx-debug --enable-plugin --enable-objc-gc --disable-werror --with-arch-32=i486 --with-tune=generic --enable-checking=release --build=x86_64-linux-gnu --host=x86_64-linux-gnu --target=x86_64-linux-gnu
Thread model: posix
gcc version 4.4.3 (Ubuntu 4.4.3-4ubuntu5) 
configure:3189: $? = 0
configure:3178: gcc -V >&5
gcc: '-V' option must have argument
configure:3189: $? = 1
configure:3178: gcc -qversion >&5
gcc: unrecognized option '-qversion'
gcc: no input files
configure:3189: $? = 1
configure:3209: checking whether the C compiler works
configure:3231: gcc -s -g0 -O2 -mtune=native -march=native -pipe -fomit-frame-pointer -ftree-vectorize   conftest.c  >&5
configure:3235: $? = 0
configure:3284: result: yes
configure:3287: checking for C compiler default output file name
configure:3289: result: a.out
configure:3295: checking for suffix of executables
configure:3302: gcc -o conftest -s -g0 -O2 -mtune=native -march=native -pipe -fomit-frame-pointer -ftree-vectorize   conftest.c  >&5
configure:3306: $? = 0
configure:3328: result: 
configure:3350: checking whether we are cross compiling
configure:3358: gcc -o conftest -s -g0 -O2 -mtune=native -march=native -pipe -fomit-frame-pointer -ftree-vectorize   conftest.c  >&5
configure:3362: $? = 0
configure:3369: ./conftest
configure:3373: $? = 0
configure:3388: result: no
configure:3393: checking for suffix of object files
configure:3415: gcc -c -s -g0 -O2 -mtune=native -march=native -pipe -fomit-frame-pointer -ftree-vectorize  conftest.c >&5
configure:3419: $? = 0
configure:3440: result: o
configure:3444: checking whether we are using the GNU C compiler
configure:3463: gcc -c -s -g0 -O2 -mtune=native -march=native -pipe -fomit-frame-pointer -ftree-vectorize  conftest.c >&5
configure:3463: $? = 0
configure:3472: result: yes
configure:3481: checking whether gcc accepts -g
configure:3501: gcc -c -g  conftest.c >&5
configure:3501: $? = 0
configure:3542: result: yes
configure:3559: checking for gcc option to accept ISO C89
configure:3623: gcc  -c -s -g0 -O2 -mtune=native -march=native -pipe -fomit-frame-pointer -ftree-vectorize  conftest.c >&5
configure:3623: $? = 0
configure:3636: result: none needed
configure:3667: checking for style of include used by make
configure:3695: result: GNU
configure:3720: checking dependency style of gcc
configure:3830: result: gcc3
configure:3874: checking build system type
configure:3888: result: x86_64-unknown-linux-gnu
configure:3908: checking host system type
configure:3921: result: x86_64-unknown-linux-gnu
configure:3941: checking for a sed that does not truncate output
configure:4005: result: /bin/sed
configure:4023: checking for grep that handles long lines and -e
configure:4081: result: /bin/grep
configure:4086: checking for egrep
configure:4148: result: /bin/grep -E
configure:4153: checking for fgrep
configure:4215: result: /bin/grep -F
configure:4250: checking for ld used by gcc
configure:4317: result: /usr/bin/ld
configure:4324: checking if the linker (/usr/bin/ld) is GNU ld
configure:4339: result: yes
configure:4351: checking for BSD- or MS-compatible name lister (nm)
configure:4400: result: /usr/bin/nm -B
configure:4518: checking the name lister (/usr/bin/nm -B) interface
configure:4525: gcc -c -s -g0 -O2 -mtune=native -march=native -pipe -fomit-frame-pointer -ftree-vectorize  conftest.c >&5
configure:4528: /usr/bin/nm -B "conftest.o"
configure:4531: output
0000000000000000 B some_variable
configure:4538: result: BSD nm
configure:4541: checking whether ln -s works
configure:4545: result: yes
configure:4553: checking the maximum length of command line arguments
configure:4673: result: 1572864
configure:4690: checking whether the shell understands some XSI constructs
configure:4700: result: yes
configure:4704: checking whether the shell understands "+="
configure:4710: result: yes
configure:4745: checking for /usr/bin/ld option to reload object files
configure:4752: result: -r
configure:4821: checking for objdump
configure:4837: found /usr/bin/objdump
configure:4848: result: objdump
configure:4880: checking how to recognize dependent libraries
configure:5076: result: pass_all
configure:5136: checking for ar
configure:5152: found /usr/bin/ar
configure:5163: result: ar
configure:5241: checking for strip
configure:5257: found /usr/bin/strip
configure:5268: result: strip
configure:5340: checking for ranlib
configure:5356: found /usr/bin/ranlib
configure:5367: result: ranlib
configure:5457: checking command to parse /usr/bin/nm -B output from gcc object
configure:5575: gcc -c -s -g0 -O2 -mtune=native -march=native -pipe -fomit-frame-pointer -ftree-vectorize  conftest.c >&5
configure:5578: $? = 0
configure:5582: /usr/bin/nm -B conftest.o \| sed -n -e 's/^.*[	 ]\([ABCDGIRSTW][ABCDGIRSTW]*\)[	 ][	 ]*\([_A-Za-z][_A-Za-z0-9]*\)$/\1 \2 \2/p' \> conftest.nm
configure:5585: $? = 0
configure:5639: gcc -o conftest -s -g0 -O2 -mtune=native -march=native -pipe -fomit-frame-pointer -ftree-vectorize   conftest.c conftstm.o >&5
configure:5642: $? = 0
configure:5680: result: ok
configure:5776: gcc -c -s -g0 -O2 -mtune=native -march=native -pipe -fomit-frame-pointer -ftree-vectorize  conftest.c >&5
configure:5779: $? = 0
configure:6489: checking how to run the C preprocessor
configure:6520: gcc -E  conftest.c
configure:6520: $? = 0
configure:6534: gcc -E  conftest.c
conftest.c:11:28: error: ac_nonexistent.h: No such file or directory
configure:6534: $? = 1
configure: failed program was:
| /* confdefs.h */
| #define PACKAGE_NAME "glpbc"
| #define PACKAGE_TARNAME "glpbc"
| #define PACKAGE_VERSION "0.1"
| #define PACKAGE_STRING "glpbc 0.1"
| #define PACKAGE_BUGREPORT "haroldo.santos@gmail.com"
| #define PACKAGE_URL ""
| #define PACKAGE "glpbc"
| #define VERSION "0.1"
| /* end confdefs.h.  */
| #include <ac_nonexistent.h>
configure:6559: result: gcc -E
configure:6579: gcc -E  conftest.c
configure:6579: $? = 0
configure:6593: gcc -E  conftest.c
conftest.c:11:28: error: ac_nonexistent.h: No such file or directory
configure:6593: $? = 1
configure: failed program was:
| /* confdefs.h */
| #define PACKAGE_NAME "glpbc"
| #define PACKAGE_TARNAME "glpbc"
| #define PACKAGE_VERSION "0.1"
| #define PACKAGE_STRING "glpbc 0.1"
| #define PACKAGE_BUGREPORT "haroldo.santos@gmail.com"
| #define PACKAGE_URL ""
| #define PACKAGE "glpbc"
| #define VERSION "0.1"
| /* end confdefs.h.  */
| #include <ac_nonexistent.h>
configure:6622: checking for ANSI C header files
configure:6642: gcc -c -s -g0 -O2 -mtune=native -march=native -pipe -fomit-frame-pointer -ftree-vectorize  conftest.c >&5
configure:6642: $? = 0
configure:6715: gcc -o conftest -s -g0 -O2 -mtune=native -march=native -pipe -fomit-frame-pointer -ftree-vectorize   conftest.c  >&5
configure:6715: $? = 0
configure:6715: ./conftest
configure:6715: $? = 0
configure:6726: result: yes
configure:6739: checking for sys/types.h
configure:6739: gcc -c -s -g0 -O2 -mtune=native -march=native -pipe -fomit-frame-pointer -ftree-vectorize  conftest.c >&5
configure:6739: $? = 0
configure:6739: result: yes
configure:6739: checking for sys/stat.h
configure:6739: gcc -c -s -g0 -O2 -mtune=native -march=native -pipe -fomit-frame-pointer -ftree-vectorize  conftest.c >&5
configure:6739: $? = 0
configure:6739: result: yes
configure:6739: checking for stdlib.h
configure:6739: gcc -c -s -g0 -O2 -mtune=native -march=native -pipe -fomit-frame-pointer -ftree-vectorize  conftest.c >&5
configure:6739: $? = 0
configure:6739: result: yes
configure:6739: checking for string.h
configure:6739: gcc -c -s -g0 -O2 -mtune=native -march=native -pipe -fomit-frame-pointer -ftree-vectorize  conftest.c >&5
configure:6739: $? = 0
configure:6739: result: yes
configure:6739: checking for memory.h
configure:6739: gcc -c -s -g0 -O2 -mtune=native -march=native -pipe -fomit-frame-pointer -ftree-vectorize  conftest.c >&5
configure:6739: $? = 0
configure:6739: result: yes
configure:6739: checking for strings.h
configure:6739: gcc -c -s -g0 -O2 -mtune=native -march=native -pipe -fomit-frame-pointer -ftree-vectorize  conftest.c >&5
configure:6739: $? = 0
configure:6739: result: yes
configure:6739: checking for inttypes.h
configure:6739: gcc -c -s -g0 -O2 -mtune=native -march=native -pipe -fomit-frame-pointer -ftree-vectorize  conftest.c >&5
configure:6739: $? = 0
configure:6739: result: yes
configure:6739: checking for stdint.h
configure:6739: gcc -c -s -g0 -O2 -mtune=native -march=native -pipe -fomit-frame-pointer -ftree-vectorize  conftest.c >&5
configure:6739: $? = 0
configure:6739: result: yes
configure:6739: checking for unistd.h
configure:6739: gcc -c -s -g0 -O2 -mtune=native -march=native -pipe -fomit-frame-pointer -ftree-vectorize  conftest.c >&5
configure:6739: $? = 0
configure:6739: result: yes
configure:6754: checking for dlfcn.h
configure:6754: gcc -c -s -g0 -O2 -mtune=native -march=native -pipe -fomit-frame-pointer -ftree-vectorize  conftest.c >&5
configure:6754: $? = 0
configure:6754: result: yes
configure:6938: checking for objdir
configure:6953: result: .libs
configure:7245: checking if gcc supports -fno-rtti -fno-exceptions
configure:7263: gcc -c -s -g0 -O2 -mtune=native -march=native -pipe -fomit-frame-pointer -ftree-vectorize  -fno-rtti -fno-exceptions conftest.c >&5
cc1: warning: command line option "-fno-rtti" is valid for C++/ObjC++ but not for C
configure:7267: $? = 0
configure:7280: result: no
configure:7300: checking for gcc option to produce PIC
configure:7572: result: -fPIC -DPIC
configure:7584: checking if gcc PIC flag -fPIC -DPIC works
configure:7602: gcc -c -s -g0 -O2 -mtune=native -march=native -pipe -fomit-frame-pointer -ftree-vectorize  -fPIC -DPIC -DPIC conftest.c >&5
configure:7606: $? = 0
configure:7619: result: yes
configure:7643: checking if gcc static flag -static works
configure:7671: result: yes
configure:7686: checking if gcc supports -c -o file.o
configure:7707: gcc -c -s -g0 -O2 -mtune=native -march=native -pipe -fomit-frame-pointer -ftree-vectorize  -o out/conftest2.o conftest.c >&5
configure:7711: $? = 0
configure:7733: result: yes
configure:7741: checking if gcc supports -c -o file.o
configure:7788: result: yes
configure:7821: checking whether the gcc linker (/usr/bin/ld -m elf_x86_64) supports shared libraries
configure:8812: result: yes
configure:8849: checking whether -lc should be explicitly linked in
configure:8854: gcc -c -s -g0 -O2 -mtune=native -march=native -pipe -fomit-frame-pointer -ftree-vectorize  conftest.c >&5
configure:8857: $? = 0
configure:8872: gcc -shared conftest.o  -v -Wl,-soname -Wl,conftest -o conftest 2\>\&1 \| /bin/grep  -lc  \>/dev/null 2\>\&1
configure:8875: $? = 0
configure:8887: result: no
configure:9051: checking dynamic linker characteristics
configure:9484: gcc -o conftest -s -g0 -O2 -mtune=native -march=native -pipe -fomit-frame-pointer -ftree-vectorize   -Wl,-rpath -Wl,/foo conftest.c  >&5
configure:9484: $? = 0
configure:9714: result: GNU/Linux ld.so
configure:9816: checking how to hardcode library paths into programs
configure:9841: result: immediate
configure:10361: checking whether stripping libraries is possible
configure:10366: result: yes
configure:10401: checking if libtool supports shared libraries
configure:10403: result: yes
configure:10406: checking whether to build shared libraries
configure:10427: result: yes
configure:10430: checking whether to build static libraries
configure:10434: result: yes
configure:10471: checking for fabs in -lm
configure:10496: gcc -o conftest -s -g0 -O2 -mtune=native -march=native -pipe -fomit-frame-pointer -ftree-vectorize   conftest.c -lm   >&5
conftest.c:30: warning: conflicting types for built-in function 'fabs'
configure:10496: $? = 0
configure:10505: result: yes
configure:10516: checking for glp_create_prob in -lglpk
configure:10541: gcc -o conftest -s -g0 -O2 -mtune=native -march=native -pipe -fomit-frame-pointer -ftree-vectorize   conftest.c -lglpk  -lm  >&5
configure:10541: $? = 0
configure:10550: result: yes
configure:10563: checking for ANSI C header files
configure:10667: result: yes
configure:10678: checking float.h usability
configure:10678: gcc -c -s -g0 -O2 -mtune=native -march=native -pipe -fomit-frame-pointer -ftree-vectorize  conftest.c >&5
configure:10678: $? = 0
configure:10678: result: yes
configure:10678: checking float.h presence
configure:10678: gcc -E  conftest.c
configure:10678: $? = 0
configure:10678: result: yes
configure:10678: checking for float.h
configure:10678: result: yes
configure:10678: checking limits.h usability
configure:10678: gcc -c -s -g0 -O2 -mtune=native -march=native -pipe -fomit-frame-pointer -ftree-vectorize  conftest.c >&5
configure:10678: $? = 0
configure:10678: result: yes
configure:10678: checking limits.h presence
configure:10678: gcc -E  conftest.c
configure:10678: $? = 0
configure:10678: result: yes
configure:10678: checking for limits.h
configure:10678: result: yes
configure:10678: checking for stdlib.h
configure:10678: result: yes
configure:10678: checking for string.h
configure:10678: result: yes
configure:10678: checking stdio.h usability
configure:10678: gcc -c -s -g0 -O2 -mtune=native -march=native -pipe -fomit-frame-pointer -ftree-vectorize  conftest.c >&5
configure:10678: $? = 0
configure:10678: result: yes
configure:10678: checking stdio.h presence
configure:10678: gcc -E  conftest.c
configure:10678: $? = 0
configure:10678: result: yes
configure:10678: checking for stdio.h
configure:10678: result: yes
configure:10678: checking math.h usability
configure:10678: gcc -c -s -g0 -O2 -mtune=native -march=native -pipe -fomit-frame-pointer -ftree-vectorize  conftest.c >&5
configure:10678: $? = 0
configure:10678: result: yes
configure:10678: checking math.h presence
configure:10678: gcc -E  conftest.c
configure:10678: $? = 0
configure:10678: result: yes
configure:10678: checking for math.h
configure:10678: result: yes
configure:10678: checking glpk.h usability
configure:10678: gcc -c -s -g0 -O2 -mtune=native -march=native -pipe -fomit-frame-pointer -ftree-vectorize  conftest.c >&5
configure:10678: $? = 0
configure:10678: result: yes
configure:10678: checking glpk.h presence
configure:10678: gcc -E  conftest.c
configure:10678: $? = 0
configure:10678: result: yes
configure:10678: checking for glpk.h
configure:10678: result: yes
configure:10691: checking for an ANSI C-conforming const
configure:10756: gcc -c -s -g0 -O2 -mtune=native -march=native -pipe -fomit-frame-pointer -ftree-vectorize  conftest.c >&5
configure:10756: $? = 0
configure:10763: result: yes
configure:10771: checking for size_t
configure:10771: gcc -c -s -g0 -O2 -mtune=native -march=native -pipe -fomit-frame-pointer -ftree-vectorize  conftest.c >&5
configure:10771: $? = 0
configure:10771: gcc -c -s -g0 -O2 -mtune=native -march=native -pipe -fomit-frame-pointer -ftree-vectorize  conftest.c >&5
conftest.c: In function 'main':
conftest.c:69: error: expected expression before ')' token
configure:10771: $? = 1
configure: failed program was:
| /* confdefs.h */
| #define PACKAGE_NAME "glpbc"
| #define PACKAGE_TARNAME "glpbc"
| #define PACKAGE_VERSION "0.1"
| #define PACKAGE_STRING "glpbc 0.1"
| #define PACKAGE_BUGREPORT "haroldo.santos@gmail.com"
| #define PACKAGE_URL ""
| #define PACKAGE "glpbc"
| #define VERSION "0.1"
| #define STDC_HEADERS 1
| #define HAVE_SYS_TYPES_H 1
| #define HAVE_SYS_STAT_H 1
| #define HAVE_STDLIB_H 1
| #define HAVE_STRING_H 1
| #define HAVE_MEMORY_H 1
| #define HAVE_STRINGS_H 1
| #define HAVE_INTTYPES_H 1
| #define HAVE_STDINT_H 1
| #define HAVE_UNISTD_H 1
| #define HAVE_DLFCN_H 1
| #define LT_OBJDIR ".libs/"
| #define HAVE_LIBM 1
| #define HAVE_LIBGLPK 1
| #define STDC_HEADERS 1
| #define HAVE_FLOAT_H 1
| #define HAVE_LIMITS_H 1
| #define HAVE_STDLIB_H 1
| #define HAVE_STRING_H 1
| #define HAVE_STDIO_H 1
| #define HAVE_MATH_H 1
| #define HAVE_GLPK_H 1
| /* end confdefs.h.  */
| #include <stdio.h>
| #ifdef HAVE_SYS_TYPES_H
| # include <sys/types.h>
| #endif
| #ifdef HAVE_SYS_STAT_H
| # include <sys/stat.h>
| #endif
| #ifdef STDC_HEADERS
| # include <stdlib.h>
| # include <stddef.h>
| #else
| # ifdef HAVE_STDLIB_H
| #  include <stdlib.h>
| # endif
| #endif
| #ifdef HAVE_STRING_H
| # if !defined STDC_HEADERS && defined HAVE_MEMORY_H
| #  include <memory.h>
| # endif
| # include <string.h>
| #endif
| #ifdef HAVE_STRINGS_H
| # include <strings.h>
| #endif
| #ifdef HAVE_INTTYPES_H
| # include <inttypes.h>
| #endif
| #ifdef HAVE_STDINT_H
| # include <stdint.h>
| #endif
| #ifdef HAVE_UNISTD_H
| # include <unistd.h>
| #endif
| int
| main ()
| {
| if (sizeof ((size_t)))
| 	    return 0;
|   ;
|   return 0;
| }
configure:10771: result: yes
configure:10786: checking for working alloca.h
configure:10803: gcc -o conftest -s -g0 -O2 -mtune=native -march=native -pipe -fomit-frame-pointer -ftree-vectorize   conftest.c -lglpk -lm  >&5
configure:10803: $? = 0
configure:10811: result: yes
configure:10819: checking for alloca
configure:10856: gcc -o conftest -s -g0 -O2 -mtune=native -march=native -pipe -fomit-frame-pointer -ftree-vectorize   conftest.c -lglpk -lm  >&5
configure:10856: $? = 0
configure:10864: result: yes
configure:10976: checking for stdlib.h
configure:10976: result: yes
configure:10986: checking for GNU libc compatible malloc
configure:11010: gcc -o conftest -s -g0 -O2 -mtune=native -march=native -pipe -fomit-frame-pointer -ftree-vectorize   conftest.c -lglpk -lm  >&5
configure:11010: $? = 0
configure:11010: ./conftest
configure:11010: $? = 0
configure:11020: result: yes
configure:11043: checking for stdlib.h
configure:11043: result: yes
configure:11053: checking for GNU libc compatible realloc
configure:11077: gcc -o conftest -s -g0 -O2 -mtune=native -march=native -pipe -fomit-frame-pointer -ftree-vectorize   conftest.c -lglpk -lm  >&5
configure:11077: $? = 0
configure:11077: ./conftest
configure:11077: $? = 0
configure:11087: result: yes
configure:11111: checking for memset
configure:11111: gcc -o conftest -s -g0 -O2 -mtune=native -march=native -pipe -fomit-frame-pointer -ftree-vectorize   conftest.c -lglpk -lm  >&5
conftest.c:62: warning: conflicting types for built-in function 'memset'
configure:11111: $? = 0
configure:11111: result: yes
configure:11111: checking for strstr
configure:11111: gcc -o conftest -s -g0 -O2 -mtune=native -march=native -pipe -fomit-frame-pointer -ftree-vectorize   conftest.c -lglpk -lm  >&5
conftest.c:63: warning: conflicting types for built-in function 'strstr'
configure:11111: $? = 0
configure:11111: result: yes
configure:11243: creating ./config.status

## ---------------------- ##
## Running config.status. ##
## ---------------------- ##

This file was extended by glpbc config.status 0.1, which was
generated by GNU Autoconf 2.65.  Invocation command line was

  CONFIG_FILES    = 
  CONFIG_HEADERS  = 
  CONFIG_LINKS    = 
  CONFIG_COMMANDS = 
  $ ./config.status 

on venus

config.status:1082: creating Makefile
config.status:1082: creating src/Makefile
config.status:1082: creating config.h
config.status:1254: config.h is unchanged
config.status:1302: executing depfiles commands
config.status:1302: executing libtool commands

## ---------------- ##
## Cache variables. ##
## ---------------- ##

ac_cv_build=x86_64-unknown-linux-gnu
ac_cv_c_compiler_gnu=yes
ac_cv_c_const=yes
ac_cv_env_CC_set=
ac_cv_env_CC_value=
ac_cv_env_CFLAGS_set=set
ac_cv_env_CFLAGS_value='-s -g0 -O2 -mtune=native -march=native -pipe -fomit-frame-pointer -ftree-vectorize'
ac_cv_env_CPPFLAGS_set=
ac_cv_env_CPPFLAGS_value=
ac_cv_env_CPP_set=
ac_cv_env_CPP_value=
ac_cv_env_LDFLAGS_set=
ac_cv_env_LDFLAGS_value=
ac_cv_env_LIBS_set=
ac_cv_env_LIBS_value=
ac_cv_env_build_alias_set=
ac_cv_env_build_alias_value=
ac_cv_env_host_alias_set=
ac_cv_env_host_alias_value=
ac_cv_env_target_alias_set=
ac_cv_env_target_alias_value=
ac_cv_func_alloca_works=yes
ac_cv_func_malloc_0_nonnull=yes
ac_cv_func_memset=yes
ac_cv_func_realloc_0_nonnull=yes
ac_cv_func_strstr=yes
ac_cv_header_dlfcn_h=yes
ac_cv_header_float_h=yes
ac_cv_header_glpk_h=yes
ac_cv_header_inttypes_h=yes
ac_cv_header_limits_h=yes
ac_cv_header_math_h=yes
ac_cv_header_memory_h=yes
ac_cv_header_stdc=yes
ac_cv_header_stdint_h=yes
ac_cv_header_stdio_h=yes
ac_cv_header_stdlib_h=yes
ac_cv_header_string_h=yes
ac_cv_header_strings_h=yes
ac_cv_header_sys_stat_h=yes
ac_cv_header_sys_types_h=yes
ac_cv_header_unistd_h=yes
ac_cv_host=x86_64-unknown-linux-gnu
ac_cv_lib_glpk_glp_create_prob=yes
ac_cv_lib_m_fabs=yes
ac_cv_objext=o
ac_cv_path_EGREP='/bin/grep -E'
ac_cv_path_FGREP='/bin/grep -F'
ac_cv_path_GREP=/bin/grep
ac_cv_path_SED=/bin/sed
ac_cv_path_install='/usr/bin/install -c'
ac_cv_path_mkdir=/bin/mkdir
ac_cv_prog_AWK=gawk
ac_cv_prog_CPP='gcc -E'
ac_cv_prog_ac_ct_AR=ar
ac_cv_prog_ac_ct_CC=gcc
ac_cv_prog_ac_ct_OBJDUMP=objdump
ac_cv_prog_ac_ct_RANLIB=ranlib
ac_cv_prog_ac_ct_STRIP=strip
ac_cv_prog_cc_c89=
ac_cv_prog_cc_g=yes
ac_cv_prog_make_make_set=yes
ac_cv_type_size_t=yes
ac_cv_working_alloca_h=yes
am_cv_CC_dependencies_compiler_type=gcc3
lt_cv_deplibs_check_method=pass_all
lt_cv_file_magic_cmd='$MAGIC_CMD'
lt_cv_file_magic_test_file=
lt_cv_ld_reload_flag=-r
lt_cv_nm_interface='BSD nm'
lt_cv_objdir=.libs
lt_cv_path_LD=/usr/bin/ld
lt_cv_path_NM='/usr/bin/nm -B'
lt_cv_prog_compiler_c_o=yes
lt_cv_prog_compiler_pic_works=yes
lt_cv_prog_compiler_rtti_exceptions=no
lt_cv_prog_compiler_static_works=yes
lt_cv_prog_gnu_ld=yes
lt_cv_sys_global_symbol_pipe='sed -n -e '\''s/^.*[	 ]\([ABCDGIRSTW][ABCDGIRSTW]*\)[	 ][	 ]*\([_A-Za-z][_A-Za-z0-9]*\)$/\1 \2 \2/p'\'''
lt_cv_sys_global_symbol_to_c_name_address='sed -n -e '\''s/^: \([^ ]*\) $/  {\"\1\", (void *) 0},/p'\'' -e '\''s/^[ABCDGIRSTW]* \([^ ]*\) \([^ ]*\)$/  {"\2", (void *) \&\2},/p'\'''
lt_cv_sys_global_symbol_to_c_name_address_lib_prefix='sed -n -e '\''s/^: \([^ ]*\) $/  {\"\1\", (void *) 0},/p'\'' -e '\''s/^[ABCDGIRSTW]* \([^ ]*\) \(lib[^ ]*\)$/  {"\2", (void *) \&\2},/p'\'' -e '\''s/^[ABCDGIRSTW]* \([^ ]*\) \([^ ]*\)$/  {"lib\2", (void *) \&\2},/p'\'''
lt_cv_sys_global_symbol_to_cdecl='sed -n -e '\''s/^T .* \(.*\)$/extern int \1();/p'\'' -e '\''s/^[ABCDGIRSTW]* .* \(.*\)$/extern char \1;/p'\'''
lt_cv_sys_max_cmd_len=1572864

## ----------------- ##
## Output variables. ##
## ----------------- ##

ACLOCAL='${SHELL} /home/haroldo/Dropbox/Development/npsep/missing --run aclocal-1.11'
ALLOCA=''
AMDEPBACKSLASH='\'
AMDEP_FALSE='#'
AMDEP_TRUE=''
AMTAR='${SHELL} /home/haroldo/Dropbox/Development/npsep/missing --run tar'
AR='ar'
AUTOCONF='${SHELL} /home/haroldo/Dropbox/Development/npsep/missing --run autoconf'
AUTOHEADER='${SHELL} /home/haroldo/Dropbox/Development/npsep/missing --run autoheader'
AUTOMAKE='${SHELL} /home/haroldo/Dropbox/Development/npsep/missing --run automake-1.11'
AWK='gawk'
CC='gcc'
CCDEPMODE='depmode=gcc3'
CFLAGS='-s -g0 -O2 -mtune=native -march=native -pipe -fomit-frame-pointer -ftree-vectorize'
CPP='gcc -E'
CPPFLAGS=''
CYGPATH_W='echo'
DEFS='-DHAVE_CONFIG_H'
DEPDIR='.deps'
DSYMUTIL=''
DUMPBIN=''
ECHO_C=''
ECHO_N='-n'
ECHO_T=''
EGREP='/bin/grep -E'
EXEEXT=''
FGREP='/bin/grep -F'
GREP='/bin/grep'
INSTALL_DATA='${INSTALL} -m 644'
INSTALL_PROGRAM='${INSTALL}'
INSTALL_SCRIPT='${INSTALL}'
INSTALL_STRIP_PROGRAM='$(install_sh) -c -s'
LD='/usr/bin/ld -m elf_x86_64'
LDFLAGS=''
LIBOBJS=''
LIBS='-lglpk -lm '
LIBTOOL='$(SHELL) $(top_builddir)/libtool'
LIPO=''
LN_S='ln -s'
LTLIBOBJS=''
MAKEINFO='${SHELL} /home/haroldo/Dropbox/Development/npsep/missing --run makeinfo'
MKDIR_P='/bin/mkdir -p'
NM='/usr/bin/nm -B'
NMEDIT=''
OBJDUMP='objdump'
OBJEXT='o'
OTOOL64=''
OTOOL=''
PACKAGE='glpbc'
PACKAGE_BUGREPORT='haroldo.santos@gmail.com'
PACKAGE_NAME='glpbc'
PACKAGE_STRING='glpbc 0.1'
PACKAGE_TARNAME='glpbc'
PACKAGE_URL=''
PACKAGE_VERSION='0.1'
PATH_SEPARATOR=':'
RANLIB='ranlib'
SED='/bin/sed'
SET_MAKE=''
SHELL='/bin/bash'
STRIP='strip'
VERSION='0.1'
ac_ct_CC='gcc'
ac_ct_DUMPBIN=''
am__EXEEXT_FALSE=''
am__EXEEXT_TRUE='#'
am__fastdepCC_FALSE='#'
am__fastdepCC_TRUE=''
am__include='include'
am__isrc=''
am__leading_dot='.'
am__quote=''
am__tar='${AMTAR} chof - "$$tardir"'
am__untar='${AMTAR} xf -'
bindir='${exec_prefix}/bin'
build='x86_64-unknown-linux-gnu'
build_alias=''
build_cpu='x86_64'
build_os='linux-gnu'
build_vendor='unknown'
datadir='${datarootdir}'
datarootdir='${prefix}/share'
docdir='${datarootdir}/doc/${PACKAGE_TARNAME}'
dvidir='${docdir}'
exec_prefix='${prefix}'
host='x86_64-unknown-linux-gnu'
host_alias=''
host_cpu='x86_64'
host_os='linux-gnu'
host_vendor='unknown'
htmldir='${docdir}'
includedir='${prefix}/include'
infodir='${datarootdir}/info'
install_sh='${SHELL} /home/haroldo/Dropbox/Development/npsep/install-sh'
libdir='${exec_prefix}/lib'
libexecdir='${exec_prefix}/libexec'
localedir='${datarootdir}/locale'
localstatedir='${prefix}/var'
lt_ECHO='echo'
mandir='${datarootdir}/man'
mkdir_p='/bin/mkdir -p'
oldincludedir='/usr/include'
pdfdir='${docdir}'
prefix='/usr/local'
program_transform_name='s,x,x,'
psdir='${docdir}'
sbindir='${exec_prefix}/sbin'
sharedstatedir='${prefix}/com'
sysconfdir='${prefix}/etc'
target_alias=''

## ----------- ##
## confdefs.h. ##
## ----------- ##

/* confdefs.h */
#define PACKAGE_NAME "glpbc"
#define PACKAGE_TARNAME "glpbc"
#define PACKAGE_VERSION "0.1"
#define PACKAGE_STRING "glpbc 0.1"
#define PACKAGE_BUGREPORT "haroldo.santos@gmail.com"
#define PACKAGE_URL ""
#define PACKAGE "glpbc"
#define VERSION "0.1"
#define STDC_HEADERS 1
#define HAVE_SYS_TYPES_H 1
#define HAVE_SYS_STAT_H 1
#define HAVE_STDLIB_H 1
#define HAVE_STRING_H 1
#define HAVE_MEMORY_H 1
#define HAVE_STRINGS_H 1
#define HAVE_INTTYPES_H 1
#define HAVE_STDINT_H 1
#define HAVE_UNISTD_H 1
#define HAVE_DLFCN_H 1
#define LT_OBJDIR ".libs/"
#define HAVE_LIBM 1
#define HAVE_LIBGLPK 1
#define STDC_HEADERS 1
#define HAVE_FLOAT_H 1
#define HAVE_LIMITS_H 1
#define HAVE_STDLIB_H 1
#define HAVE_STRING_H 1
#define HAVE_STDIO_H 1
#define HAVE_MATH_H 1
#define HAVE_GLPK_H 1
#define HAVE_ALLOCA_H 1
#define HAVE_ALLOCA 1
#define HAVE_STDLIB_H 1
#define HAVE_MALLOC 1
#define HAVE_STDLIB_H 1
#define HAVE_REALLOC 1
#define HAVE_MEMSET 1
#define HAVE_STRSTR 1

configure: exit 0
