2.18 0 0 223.5000000 240.0000000 0.0687500
0.10 1 253 223.5000000 240.0000000 0.0687500
0.12 2 217 223.5166667 240.0000000 0.0686806
0.20 3 159 223.6250000 240.0000000 0.0682292
0.16 4 158 223.6428571 240.0000000 0.0681548
0.13 5 131 223.7303030 240.0000000 0.0677904
0.25 6 124 223.7500000 240.0000000 0.0677083
0.54 7 124 223.8131313 240.0000000 0.0674453
0.19 8 98 223.9666667 240.0000000 0.0668056
0.25 9 122 223.9756098 240.0000000 0.0667683
0.69 10 126 224.0000000 240.0000000 0.0666667
0.70 11 113 224.0000000 240.0000000 0.0666667
0.78 12 126 224.0079365 240.0000000 0.0666336
0.85 13 143 224.0384615 240.0000000 0.0665064
0.52 14 120 224.0483871 240.0000000 0.0664651
1.15 15 137 224.0714286 240.0000000 0.0663690
0.78 16 133 224.0833333 240.0000000 0.0663194
0.31 17 113 224.1041667 240.0000000 0.0662326
0.67 18 105 224.1666667 240.0000000 0.0659722
0.32 19 113 224.1666667 240.0000000 0.0659722
0.36 20 87 224.1666667 240.0000000 0.0659722
0.43 21 86 224.1666667 240.0000000 0.0659722
1.02 22 89 224.1666667 240.0000000 0.0659722
0.39 23 86 224.1666667 240.0000000 0.0659722
0.29 24 77 224.1666667 240.0000000 0.0659722
0.21 25 78 224.1666667 240.0000000 0.0659722
0.53 26 80 224.1666667 240.0000000 0.0659722
0.77 27 94 224.1666667 240.0000000 0.0659722
0.75 28 77 224.1666667 240.0000000 0.0659722
0.24 29 71 224.1666667 240.0000000 0.0659722
1.39 30 74 224.1666667 240.0000000 0.0659722
1.09 31 71 224.1666667 240.0000000 0.0659722
0.61 32 68 224.1666667 240.0000000 0.0659722
0.98 33 65 224.1666667 240.0000000 0.0659722
0.23 34 58 224.1666667 240.0000000 0.0659722
3.08 35 69 224.1666667 240.0000000 0.0659722
0.90 36 52 224.1666667 240.0000000 0.0659722
0.88 37 72 224.1666667 240.0000000 0.0659722
0.46 38 77 224.1666667 240.0000000 0.0659722
0.52 39 62 224.1666667 240.0000000 0.0659722
0.47 40 56 224.1666667 240.0000000 0.0659722
0.29 41 60 224.1666667 240.0000000 0.0659722
0.95 42 55 224.1666667 240.0000000 0.0659722
0.36 43 49 224.1666667 240.0000000 0.0659722
0.49 44 38 224.1666667 240.0000000 0.0659722
0.23 45 42 224.1666667 240.0000000 0.0659722
1.03 46 49 224.1666667 240.0000000 0.0659722
3.04 47 26 224.1666667 240.0000000 0.0659722
0.52 48 35 224.1666667 240.0000000 0.0659722
0.24 49 35 224.1666667 240.0000000 0.0659722
1.32 50 27 224.1666667 240.0000000 0.0659722
0.28 51 39 224.1666667 240.0000000 0.0659722
0.59 52 39 224.1666667 240.0000000 0.0659722
1.93 53 43 224.1666667 240.0000000 0.0659722
0.75 54 33 224.1666667 240.0000000 0.0659722
0.50 55 34 224.1666667 240.0000000 0.0659722
0.29 56 25 224.1666667 240.0000000 0.0659722
0.14 57 32 224.1666667 240.0000000 0.0659722
0.11 58 16 224.1666667 240.0000000 0.0659722
0.40 59 29 224.1666667 240.0000000 0.0659722
0.38 60 28 224.1666667 240.0000000 0.0659722
1.64 61 26 224.1666667 240.0000000 0.0659722
0.20 62 24 224.1666667 240.0000000 0.0659722
0.06 63 23 224.1666667 240.0000000 0.0659722
0.14 64 26 224.1666667 240.0000000 0.0659722
0.29 65 22 224.1666667 240.0000000 0.0659722
0.10 66 16 224.1666667 240.0000000 0.0659722
0.08 67 16 224.1666667 240.0000000 0.0659722
0.14 68 17 224.1666667 240.0000000 0.0659722
0.13 69 30 224.1666667 240.0000000 0.0659722
0.11 70 6 224.1666667 240.0000000 0.0659722
0.05 71 8 224.1666667 240.0000000 0.0659722
0.09 72 15 224.1666667 240.0000000 0.0659722
0.21 73 20 224.1666667 240.0000000 0.0659722
0.33 74 18 224.1666667 240.0000000 0.0659722
0.56 75 20 224.1666667 240.0000000 0.0659722
0.10 76 13 224.1666667 240.0000000 0.0659722
0.30 77 15 224.1666667 240.0000000 0.0659722
0.10 78 21 224.1666667 240.0000000 0.0659722
0.10 79 14 224.1666667 240.0000000 0.0659722
0.08 80 14 224.1666667 240.0000000 0.0659722
0.12 81 16 224.1666667 240.0000000 0.0659722
0.14 82 20 224.1666667 240.0000000 0.0659722
0.09 83 14 224.1666667 240.0000000 0.0659722
0.05 84 11 224.1666667 240.0000000 0.0659722
0.10 85 11 224.1666667 240.0000000 0.0659722
0.07 86 9 224.1666667 240.0000000 0.0659722
0.06 87 11 224.1666667 240.0000000 0.0659722
0.05 88 9 224.1666667 240.0000000 0.0659722
0.19 89 6 224.1666667 240.0000000 0.0659722
0.11 90 11 224.1666667 240.0000000 0.0659722
0.55 91 10 224.1666667 240.0000000 0.0659722
0.05 92 10 224.1666667 240.0000000 0.0659722
0.14 93 11 224.1666667 240.0000000 0.0659722
0.10 94 11 224.1666667 240.0000000 0.0659722
0.06 95 12 224.1666667 240.0000000 0.0659722
0.12 96 14 224.1666667 240.0000000 0.0659722
0.05 97 11 224.1666667 240.0000000 0.0659722
0.09 98 13 224.1666667 240.0000000 0.0659722
0.12 99 18 224.1666667 240.0000000 0.0659722
0.05 100 8 224.1666667 240.0000000 0.0659722
0.08 101 6 224.1666667 240.0000000 0.0659722
0.06 102 10 224.1666667 240.0000000 0.0659722
0.07 103 13 224.1666667 240.0000000 0.0659722
0.12 104 18 224.1666667 240.0000000 0.0659722
0.12 105 17 224.1666667 240.0000000 0.0659722
2.76 106 17 224.1666667 240.0000000 0.0659722
0.33 107 20 224.1666667 240.0000000 0.0659722
0.08 108 14 224.1666667 240.0000000 0.0659722
0.05 109 8 224.1666667 240.0000000 0.0659722
0.11 110 9 224.1666667 240.0000000 0.0659722
0.09 111 4 224.1666667 240.0000000 0.0659722
0.04 112 3 224.1666667 240.0000000 0.0659722
0.05 113 6 224.1666667 240.0000000 0.0659722
0.05 114 6 224.1666667 240.0000000 0.0659722
0.05 115 8 224.1666667 240.0000000 0.0659722
1.79 116 9 224.1666667 240.0000000 0.0659722
0.06 117 17 224.1666667 240.0000000 0.0659722
0.04 118 2 224.1666667 240.0000000 0.0659722
0.04 119 4 224.1666667 240.0000000 0.0659722
