2.60 0 0 191.5000000 219.0000000 0.1255708
0.13 1 345 191.5000000 219.0000000 0.1255708
0.17 2 359 191.8898810 219.0000000 0.1237905
0.25 3 369 192.5515873 219.0000000 0.1207690
0.22 4 318 193.0698295 219.0000000 0.1184026
0.40 5 311 193.5800965 219.0000000 0.1160726
0.43 6 299 194.2116801 219.0000000 0.1131887
0.63 7 257 194.5497022 219.0000000 0.1116452
0.55 8 285 195.1663561 219.0000000 0.1088294
2.21 9 245 195.6744986 219.0000000 0.1065091
2.87 10 275 196.2440585 219.0000000 0.1039084
0.42 11 235 196.5756515 219.0000000 0.1023943
3.26 12 202 196.7914135 219.0000000 0.1014091
4.20 13 260 197.1122698 219.0000000 0.0999440
3.36 14 228 197.3465859 219.0000000 0.0988740
10.34 15 209 197.5981817 219.0000000 0.0977252
3.05 16 210 197.8907824 219.0000000 0.0963891
0.74 17 192 198.0652767 219.0000000 0.0955923
1.11 18 188 198.2453626 219.0000000 0.0947700
2.00 19 174 198.4107201 219.0000000 0.0940150
1.00 20 213 198.4890057 219.0000000 0.0936575
9.93 21 164 198.5796775 219.0000000 0.0932435
1.95 22 143 198.6535590 219.0000000 0.0929061
2.90 23 172 198.7405938 219.0000000 0.0925087
2.89 24 149 198.8144206 219.0000000 0.0921716
4.13 25 132 198.8599624 219.0000000 0.0919636
2.62 26 150 198.9326861 219.0000000 0.0916316
9.54 27 134 199.0036004 219.0000000 0.0913078
7.52 28 141 199.0989741 219.0000000 0.0908723
4.42 29 134 199.1599428 219.0000000 0.0905939
8.37 30 126 199.2225114 219.0000000 0.0903082
9.22 31 123 199.3044229 219.0000000 0.0899341
18.20 32 98 199.3710025 219.0000000 0.0896301
7.06 33 106 199.4656192 219.0000000 0.0891981
4.22 34 115 199.5238096 219.0000000 0.0889324
8.08 35 92 199.5723714 219.0000000 0.0887106
6.70 36 95 199.6602675 219.0000000 0.0883093
4.01 37 123 199.7255681 219.0000000 0.0880111
14.42 38 99 199.7732617 219.0000000 0.0877933
7.14 39 121 199.8141016 219.0000000 0.0876068
11.46 40 117 199.8781637 219.0000000 0.0873143
9.25 41 108 199.9550120 219.0000000 0.0869634
9.10 42 131 200.0285528 219.0000000 0.0866276
