15.12 0 0 72.0000000 83.0000000 0.1325301
0.46 1 449 72.0000000 83.0000000 0.1325301
0.70 2 580 72.0000000 83.0000000 0.1325301
0.92 3 667 72.0000000 83.0000000 0.1325301
1.05 4 682 72.0000000 83.0000000 0.1325301
0.99 5 753 72.0000000 83.0000000 0.1325301
0.96 6 676 72.0000000 83.0000000 0.1325301
1.05 7 623 72.0000000 83.0000000 0.1325301
1.07 8 605 72.0000000 83.0000000 0.1325301
1.53 9 653 72.0000000 83.0000000 0.1325301
1.21 10 621 72.0000000 83.0000000 0.1325301
1.34 11 564 72.0000000 83.0000000 0.1325301
1.37 12 583 72.0000000 83.0000000 0.1325301
1.21 13 546 72.0000000 83.0000000 0.1325301
1.15 14 547 72.0000000 83.0000000 0.1325301
1.76 15 607 72.0000000 83.0000000 0.1325301
5.11 16 565 72.0000000 83.0000000 0.1325301
1.22 17 533 72.0000000 83.0000000 0.1325301
1.26 18 502 72.0000000 83.0000000 0.1325301
1.30 19 546 72.0000000 83.0000000 0.1325301
1.13 20 484 72.0000000 83.0000000 0.1325301
1.19 21 442 72.0000000 83.0000000 0.1325301
1.15 22 430 72.0000000 83.0000000 0.1325301
1.46 23 517 72.0000000 83.0000000 0.1325301
