1.23 0 0 268.1666667 284.0000000 0.0557512
0.11 1 311 269.8333333 284.0000000 0.0498826
0.15 2 268 271.2555556 284.0000000 0.0448748
0.15 3 242 273.0000000 284.0000000 0.0387324
0.18 4 237 273.0666667 284.0000000 0.0384977
0.42 5 237 273.1666667 284.0000000 0.0381455
0.36 6 197 273.1666667 284.0000000 0.0381455
0.60 7 208 273.1666667 284.0000000 0.0381455
0.83 8 193 273.1666667 284.0000000 0.0381455
0.81 9 186 273.1666667 284.0000000 0.0381455
0.70 10 170 273.1666667 284.0000000 0.0381455
0.56 11 162 273.1666667 284.0000000 0.0381455
1.49 12 177 273.1666667 284.0000000 0.0381455
1.82 13 148 273.1666667 284.0000000 0.0381455
0.68 14 180 273.1666667 284.0000000 0.0381455
0.79 15 166 273.1666667 284.0000000 0.0381455
2.90 16 135 273.1666667 284.0000000 0.0381455
3.38 17 147 273.1666667 284.0000000 0.0381455
3.68 18 140 273.1666667 284.0000000 0.0381455
1.22 19 130 273.1666667 284.0000000 0.0381455
1.22 20 140 273.1666667 284.0000000 0.0381455
1.03 21 124 273.1666667 284.0000000 0.0381455
3.34 22 127 273.1666667 284.0000000 0.0381455
3.85 23 131 273.1666667 284.0000000 0.0381455
0.69 24 133 273.1666667 284.0000000 0.0381455
0.67 25 129 273.1666667 284.0000000 0.0381455
0.71 26 124 273.1666667 284.0000000 0.0381455
0.40 27 113 273.1666667 284.0000000 0.0381455
0.93 28 103 273.1666667 284.0000000 0.0381455
2.07 29 87 273.1666667 284.0000000 0.0381455
1.51 30 91 273.1666667 284.0000000 0.0381455
3.69 31 99 273.1666667 284.0000000 0.0381455
1.34 32 109 273.1666667 284.0000000 0.0381455
1.41 33 85 273.1666667 284.0000000 0.0381455
1.30 34 98 273.1666667 284.0000000 0.0381455
3.62 35 100 273.1666667 284.0000000 0.0381455
1.00 36 95 273.1666667 284.0000000 0.0381455
3.93 37 87 273.1666667 284.0000000 0.0381455
0.94 38 71 273.1666667 284.0000000 0.0381455
1.14 39 85 273.1666667 284.0000000 0.0381455
3.44 40 87 273.1666667 284.0000000 0.0381455
0.97 41 78 273.1666667 284.0000000 0.0381455
5.08 42 90 273.1666667 284.0000000 0.0381455
5.15 43 74 273.1666667 284.0000000 0.0381455
3.43 44 85 273.1666667 284.0000000 0.0381455
3.31 45 85 273.1666667 284.0000000 0.0381455
2.90 46 82 273.1666667 284.0000000 0.0381455
0.67 47 75 273.1666667 284.0000000 0.0381455
1.21 48 81 273.1666667 284.0000000 0.0381455
2.96 49 72 273.1666667 284.0000000 0.0381455
5.18 50 80 273.1666667 284.0000000 0.0381455
3.67 51 77 273.1666667 284.0000000 0.0381455
2.15 52 72 273.1666667 284.0000000 0.0381455
3.48 53 69 273.1666667 284.0000000 0.0381455
3.28 54 53 273.1666667 284.0000000 0.0381455
1.03 55 66 273.1666667 284.0000000 0.0381455
2.08 56 61 273.1666667 284.0000000 0.0381455
4.05 57 68 273.1666667 284.0000000 0.0381455
0.46 58 62 273.1666667 284.0000000 0.0381455
3.47 59 62 273.1666667 284.0000000 0.0381455
2.17 60 47 273.1666667 284.0000000 0.0381455
4.28 61 52 273.1666667 284.0000000 0.0381455
4.06 62 47 273.1666667 284.0000000 0.0381455
2.41 63 53 273.1666667 284.0000000 0.0381455
4.30 64 48 273.1666667 284.0000000 0.0381455
3.12 65 59 273.1666667 284.0000000 0.0381455
0.21 66 38 273.1666667 284.0000000 0.0381455
2.94 67 53 273.1666667 284.0000000 0.0381455
3.81 68 48 273.1666667 284.0000000 0.0381455
3.07 69 46 273.1666667 284.0000000 0.0381455
6.09 70 39 273.1666667 284.0000000 0.0381455
0.52 71 43 273.1666667 284.0000000 0.0381455
6.10 72 58 273.1666667 284.0000000 0.0381455
2.16 73 54 273.1666667 284.0000000 0.0381455
0.59 74 55 273.1666667 284.0000000 0.0381455
1.03 75 43 273.1666667 284.0000000 0.0381455
2.19 76 53 273.1666667 284.0000000 0.0381455
3.67 77 48 273.1666667 284.0000000 0.0381455
1.18 78 52 273.1666667 284.0000000 0.0381455
0.26 79 45 273.1666667 284.0000000 0.0381455
0.54 80 38 273.1666667 284.0000000 0.0381455
1.01 81 49 273.1666667 284.0000000 0.0381455
4.27 82 42 273.1666667 284.0000000 0.0381455
