2.50 0 0 181.0000000 197.0000000 0.0812183
0.11 1 253 181.0000000 197.0000000 0.0812183
0.12 2 215 181.0000000 197.0000000 0.0812183
0.15 3 203 181.0000000 197.0000000 0.0812183
0.17 4 166 181.0000000 197.0000000 0.0812183
0.26 5 164 181.0000000 197.0000000 0.0812183
0.28 6 152 181.0000000 197.0000000 0.0812183
0.99 7 180 181.0000000 197.0000000 0.0812183
0.39 8 176 181.0000000 197.0000000 0.0812183
0.40 9 129 181.0000000 197.0000000 0.0812183
0.55 10 144 181.0000000 197.0000000 0.0812183
1.37 11 146 181.0000000 197.0000000 0.0812183
1.00 12 138 181.0000000 197.0000000 0.0812183
1.18 13 150 181.0000000 197.0000000 0.0812183
1.25 14 131 181.0000000 197.0000000 0.0812183
2.01 15 141 181.0000000 197.0000000 0.0812183
0.98 16 122 181.0000000 197.0000000 0.0812183
0.35 17 110 181.0000000 197.0000000 0.0812183
3.58 18 124 181.0000000 197.0000000 0.0812183
2.80 19 130 181.0000000 197.0000000 0.0812183
2.83 20 122 181.0000000 197.0000000 0.0812183
1.11 21 134 181.0000000 197.0000000 0.0812183
1.10 22 81 181.0000000 197.0000000 0.0812183
1.12 23 112 181.0000000 197.0000000 0.0812183
2.37 24 107 181.0000000 197.0000000 0.0812183
0.76 25 110 181.0000000 197.0000000 0.0812183
2.03 26 110 181.0000000 197.0000000 0.0812183
2.58 27 99 181.0000000 197.0000000 0.0812183
1.35 28 81 181.0000000 197.0000000 0.0812183
3.35 29 105 181.0010097 197.0000000 0.0812131
3.67 30 102 181.0024276 197.0000000 0.0812060
3.90 31 96 181.0097087 197.0000000 0.0811690
1.76 32 87 181.0190476 197.0000000 0.0811216
1.67 33 91 181.0306767 197.0000000 0.0810626
0.30 34 80 181.0541753 197.0000000 0.0809433
0.76 35 54 181.0639181 197.0000000 0.0808938
3.30 36 53 181.0885283 197.0000000 0.0807689
3.34 37 54 181.1006061 197.0000000 0.0807076
0.71 38 66 181.1071429 197.0000000 0.0806744
0.88 39 55 181.1122195 197.0000000 0.0806486
2.67 40 62 181.1304209 197.0000000 0.0805562
7.17 41 56 181.1399910 197.0000000 0.0805077
1.13 42 52 181.1555796 197.0000000 0.0804285
1.45 43 61 181.1622604 197.0000000 0.0803946
5.87 44 59 181.1886447 197.0000000 0.0802607
2.40 45 52 181.1886447 197.0000000 0.0802607
3.52 46 42 181.1894374 197.0000000 0.0802567
3.15 47 39 181.1957779 197.0000000 0.0802245
0.95 48 40 181.1967556 197.0000000 0.0802195
0.57 49 42 181.1981884 197.0000000 0.0802122
0.74 50 42 181.2165761 197.0000000 0.0801189
2.25 51 51 181.2260788 197.0000000 0.0800707
0.92 52 56 181.2287689 197.0000000 0.0800570
2.11 53 50 181.2460306 197.0000000 0.0799694
5.28 54 41 181.2504073 197.0000000 0.0799472
1.09 55 57 181.2614977 197.0000000 0.0798909
0.49 56 48 181.2664829 197.0000000 0.0798656
2.20 57 54 181.2692131 197.0000000 0.0798517
7.24 58 46 181.2736181 197.0000000 0.0798293
2.15 59 47 181.2836464 197.0000000 0.0797784
0.15 60 46 181.2996032 197.0000000 0.0796974
2.22 61 49 181.3018050 197.0000000 0.0796863
0.70 62 43 181.3158937 197.0000000 0.0796148
5.61 63 49 181.3311519 197.0000000 0.0795373
3.66 64 52 181.3333333 197.0000000 0.0795262
1.86 65 23 181.3333333 197.0000000 0.0795262
0.07 66 21 181.3333333 197.0000000 0.0795262
0.17 67 19 181.3333333 197.0000000 0.0795262
2.20 68 29 181.3333333 197.0000000 0.0795262
0.06 69 22 181.3333333 197.0000000 0.0795262
1.87 70 17 181.3333333 197.0000000 0.0795262
0.19 71 21 181.3333333 197.0000000 0.0795262
0.16 72 33 181.3333333 197.0000000 0.0795262
0.21 73 31 181.3333333 197.0000000 0.0795262
3.62 74 19 181.3333333 197.0000000 0.0795262
0.20 75 28 181.3333333 197.0000000 0.0795262
3.82 76 22 181.3333333 197.0000000 0.0795262
3.79 77 22 181.3333333 197.0000000 0.0795262
3.50 78 30 181.3333333 197.0000000 0.0795262
2.41 79 19 181.3333333 197.0000000 0.0795262
0.84 80 28 181.3333333 197.0000000 0.0795262
0.35 81 23 181.3333333 197.0000000 0.0795262
0.49 82 28 181.3333333 197.0000000 0.0795262
0.57 83 23 181.3333333 197.0000000 0.0795262
0.09 84 14 181.3333333 197.0000000 0.0795262
0.36 85 16 181.3333333 197.0000000 0.0795262
0.55 86 23 181.3333333 197.0000000 0.0795262
0.22 87 18 181.3333333 197.0000000 0.0795262
0.47 88 16 181.3333333 197.0000000 0.0795262
2.10 89 11 181.3333333 197.0000000 0.0795262
0.42 90 19 181.3333333 197.0000000 0.0795262
0.38 91 10 181.3333333 197.0000000 0.0795262
0.51 92 13 181.3333333 197.0000000 0.0795262
4.82 93 12 181.3333333 197.0000000 0.0795262
0.06 94 7 181.3333333 197.0000000 0.0795262
0.05 95 4 181.3333333 197.0000000 0.0795262
0.06 96 5 181.3333333 197.0000000 0.0795262
0.05 97 5 181.3333333 197.0000000 0.0795262
0.06 98 4 181.3333333 197.0000000 0.0795262
0.06 99 3 181.3333333 197.0000000 0.0795262
0.05 100 6 181.3333333 197.0000000 0.0795262
0.06 101 5 181.3333333 197.0000000 0.0795262
0.18 102 3 181.3333333 197.0000000 0.0795262
0.18 103 4 181.3333333 197.0000000 0.0795262
0.07 104 5 181.3333333 197.0000000 0.0795262
0.20 105 11 181.3333333 197.0000000 0.0795262
0.55 106 6 181.3333333 197.0000000 0.0795262
0.52 107 7 181.3333333 197.0000000 0.0795262
0.52 108 6 181.3333333 197.0000000 0.0795262
0.52 109 8 181.3333333 197.0000000 0.0795262
0.52 110 7 181.3333333 197.0000000 0.0795262
0.54 111 6 181.3333333 197.0000000 0.0795262
0.52 112 8 181.3333333 197.0000000 0.0795262
0.52 113 4 181.3333333 197.0000000 0.0795262
0.05 114 5 181.3333333 197.0000000 0.0795262
0.52 115 6 181.3333333 197.0000000 0.0795262
0.54 116 3 181.3333333 197.0000000 0.0795262
0.51 117 6 181.3333333 197.0000000 0.0795262
0.53 118 6 181.3333333 197.0000000 0.0795262
0.53 119 5 181.3333333 197.0000000 0.0795262
0.78 120 6 181.3333333 197.0000000 0.0795262
0.78 121 6 181.3333333 197.0000000 0.0795262
0.52 122 6 181.3333333 197.0000000 0.0795262
0.51 123 6 181.3333333 197.0000000 0.0795262
