1.33 0 0 287.1666667 303.0000000 0.0522552
0.11 1 308 288.8333333 303.0000000 0.0467547
0.13 2 279 290.2555556 303.0000000 0.0420609
0.30 3 279 292.0000000 303.0000000 0.0363036
0.20 4 212 292.0666667 303.0000000 0.0360836
0.63 5 237 292.1666667 303.0000000 0.0357536
0.27 6 202 292.1666667 303.0000000 0.0357536
0.34 7 180 292.1666667 303.0000000 0.0357536
0.34 8 197 292.1666667 303.0000000 0.0357536
0.32 9 144 292.1666667 303.0000000 0.0357536
0.39 10 172 292.1666667 303.0000000 0.0357536
0.53 11 149 292.1666667 303.0000000 0.0357536
0.94 12 167 292.1666667 303.0000000 0.0357536
0.76 13 154 292.1666667 303.0000000 0.0357536
0.80 14 163 292.1666667 303.0000000 0.0357536
0.79 15 163 292.1666667 303.0000000 0.0357536
0.63 16 152 292.1666667 303.0000000 0.0357536
0.26 17 168 292.1666667 303.0000000 0.0357536
1.08 18 145 292.1666667 303.0000000 0.0357536
3.87 19 160 292.1666667 303.0000000 0.0357536
1.20 20 140 292.1666667 303.0000000 0.0357536
3.89 21 156 292.1666667 303.0000000 0.0357536
0.60 22 143 292.1666667 303.0000000 0.0357536
2.88 23 142 292.1666667 303.0000000 0.0357536
1.15 24 139 292.1666667 303.0000000 0.0357536
4.82 25 155 292.1666667 303.0000000 0.0357536
1.16 26 134 292.1666667 303.0000000 0.0357536
1.52 27 148 292.1666667 303.0000000 0.0357536
0.62 28 129 292.1666667 303.0000000 0.0357536
3.36 29 128 292.1666667 303.0000000 0.0357536
2.96 30 126 292.1666667 303.0000000 0.0357536
4.75 31 106 292.1666667 303.0000000 0.0357536
0.65 32 120 292.1666667 303.0000000 0.0357536
1.48 33 122 292.1666667 303.0000000 0.0357536
3.21 34 99 292.1666667 303.0000000 0.0357536
0.52 35 90 292.1666667 303.0000000 0.0357536
1.85 36 99 292.1666667 303.0000000 0.0357536
0.48 37 77 292.1666667 303.0000000 0.0357536
0.25 38 81 292.1666667 303.0000000 0.0357536
0.54 39 77 292.1666667 303.0000000 0.0357536
0.82 40 74 292.1666667 303.0000000 0.0357536
0.48 41 81 292.1666667 303.0000000 0.0357536
0.53 42 56 292.1666667 303.0000000 0.0357536
1.35 43 65 292.1666667 303.0000000 0.0357536
4.27 44 81 292.1666667 303.0000000 0.0357536
2.24 45 52 292.1666667 303.0000000 0.0357536
2.11 46 68 292.1666667 303.0000000 0.0357536
0.78 47 57 292.1666667 303.0000000 0.0357536
1.10 48 62 292.1666667 303.0000000 0.0357536
0.70 49 58 292.1666667 303.0000000 0.0357536
0.25 50 54 292.1666667 303.0000000 0.0357536
0.49 51 62 292.1666667 303.0000000 0.0357536
0.23 52 64 292.1666667 303.0000000 0.0357536
0.30 53 63 292.1666667 303.0000000 0.0357536
0.30 54 46 292.1666667 303.0000000 0.0357536
1.98 55 52 292.1666667 303.0000000 0.0357536
0.54 56 47 292.1666667 303.0000000 0.0357536
4.01 57 56 292.1666667 303.0000000 0.0357536
0.28 58 41 292.1666667 303.0000000 0.0357536
0.20 59 43 292.1666667 303.0000000 0.0357536
3.47 60 47 292.1666667 303.0000000 0.0357536
0.42 61 45 292.1666667 303.0000000 0.0357536
0.28 62 31 292.1666667 303.0000000 0.0357536
0.19 63 31 292.1666667 303.0000000 0.0357536
0.14 64 49 292.1666667 303.0000000 0.0357536
0.42 65 32 292.1666667 303.0000000 0.0357536
0.26 66 45 292.1666667 303.0000000 0.0357536
0.39 67 22 292.1666667 303.0000000 0.0357536
0.14 68 27 292.1666667 303.0000000 0.0357536
0.22 69 33 292.1666667 303.0000000 0.0357536
0.13 70 22 292.1666667 303.0000000 0.0357536
0.24 71 28 292.1666667 303.0000000 0.0357536
0.14 72 27 292.1666667 303.0000000 0.0357536
0.16 73 32 292.1666667 303.0000000 0.0357536
1.72 74 26 292.1666667 303.0000000 0.0357536
0.33 75 27 292.1666667 303.0000000 0.0357536
1.96 76 32 292.1666667 303.0000000 0.0357536
0.14 77 35 292.1666667 303.0000000 0.0357536
0.25 78 35 292.1666667 303.0000000 0.0357536
0.26 79 25 292.1666667 303.0000000 0.0357536
0.09 80 22 292.1666667 303.0000000 0.0357536
0.57 81 26 292.1666667 303.0000000 0.0357536
0.73 82 38 292.1666667 303.0000000 0.0357536
0.81 83 22 292.1666667 303.0000000 0.0357536
0.34 84 22 292.1666667 303.0000000 0.0357536
0.32 85 22 292.1666667 303.0000000 0.0357536
0.41 86 24 292.1666667 303.0000000 0.0357536
3.59 87 30 292.1666667 303.0000000 0.0357536
1.71 88 23 292.1666667 303.0000000 0.0357536
0.23 89 23 292.1666667 303.0000000 0.0357536
0.46 90 26 292.1666667 303.0000000 0.0357536
1.77 91 23 292.1666667 303.0000000 0.0357536
0.47 92 23 292.1666667 303.0000000 0.0357536
0.25 93 28 292.1666667 303.0000000 0.0357536
0.10 94 23 292.1666667 303.0000000 0.0357536
0.19 95 27 292.1666667 303.0000000 0.0357536
1.76 96 23 292.1666667 303.0000000 0.0357536
2.20 97 25 292.1666667 303.0000000 0.0357536
0.25 98 20 292.1666667 303.0000000 0.0357536
0.37 99 21 292.1666667 303.0000000 0.0357536
0.20 100 21 292.1666667 303.0000000 0.0357536
0.25 101 26 292.1666667 303.0000000 0.0357536
0.10 102 24 292.1666667 303.0000000 0.0357536
0.73 103 28 292.1666667 303.0000000 0.0357536
0.60 104 29 292.1666667 303.0000000 0.0357536
3.32 105 29 292.1666667 303.0000000 0.0357536
0.52 106 25 292.1666667 303.0000000 0.0357536
1.87 107 28 292.1666667 303.0000000 0.0357536
0.32 108 29 292.1666667 303.0000000 0.0357536
1.59 109 24 292.1666667 303.0000000 0.0357536
3.50 110 24 292.1666667 303.0000000 0.0357536
1.75 111 26 292.1666667 303.0000000 0.0357536
0.40 112 22 292.1666667 303.0000000 0.0357536
1.97 113 25 292.1666667 303.0000000 0.0357536
0.41 114 22 292.1666667 303.0000000 0.0357536
0.42 115 16 292.1666667 303.0000000 0.0357536
3.18 116 18 292.1666667 303.0000000 0.0357536
3.68 117 23 292.1666667 303.0000000 0.0357536
2.00 118 27 292.1666667 303.0000000 0.0357536
5.57 119 16 292.1666667 303.0000000 0.0357536
5.19 120 21 292.1666667 303.0000000 0.0357536
3.72 121 22 292.1666667 303.0000000 0.0357536
3.76 122 28 292.1666667 303.0000000 0.0357536
0.07 123 20 292.1666667 303.0000000 0.0357536
3.50 124 34 292.1666667 303.0000000 0.0357536
2.30 125 24 292.1666667 303.0000000 0.0357536
0.90 126 22 292.1666667 303.0000000 0.0357536
3.42 127 22 292.1666667 303.0000000 0.0357536
3.75 128 16 292.1666667 303.0000000 0.0357536
0.82 129 22 292.1666667 303.0000000 0.0357536
0.73 130 28 292.1666667 303.0000000 0.0357536
5.75 131 23 292.1666667 303.0000000 0.0357536
0.58 132 24 292.1666667 303.0000000 0.0357536
