18.56 0 0 88.0000000 235.0000000 0.6255319
0.51 1 459 88.0000000 235.0000000 0.6255319
0.76 2 613 88.0000000 235.0000000 0.6255319
0.93 3 721 88.0000000 235.0000000 0.6255319
0.99 4 670 88.0000000 235.0000000 0.6255319
1.10 5 767 88.0000000 235.0000000 0.6255319
1.16 6 697 88.0000000 235.0000000 0.6255319
1.19 7 734 88.0000000 235.0000000 0.6255319
1.26 8 746 88.0000000 235.0000000 0.6255319
1.59 9 750 88.0000000 235.0000000 0.6255319
1.33 10 736 88.0000000 235.0000000 0.6255319
1.53 11 790 88.0000000 235.0000000 0.6255319
1.68 12 747 88.0000000 235.0000000 0.6255319
1.69 13 801 88.0000000 235.0000000 0.6255319
2.20 14 775 88.0000000 235.0000000 0.6255319
1.55 15 771 88.0000000 235.0000000 0.6255319
1.67 16 795 88.0000000 235.0000000 0.6255319
2.00 17 790 88.0000000 235.0000000 0.6255319
2.84 18 749 88.0000000 235.0000000 0.6255319
8.44 19 751 88.0000000 235.0000000 0.6255319
