15.57 0 0 88.0000000 229.0000000 0.6157205
0.44 1 436 88.0000000 229.0000000 0.6157205
0.69 2 606 88.0000000 229.0000000 0.6157205
0.76 3 571 88.0000000 229.0000000 0.6157205
1.19 4 707 88.0000000 229.0000000 0.6157205
0.95 5 682 88.0000000 229.0000000 0.6157205
1.13 6 726 88.0000000 229.0000000 0.6157205
1.08 7 643 88.0000000 229.0000000 0.6157205
1.52 8 664 88.0000000 229.0000000 0.6157205
1.06 9 597 88.0000000 229.0000000 0.6157205
1.23 10 641 88.0000000 229.0000000 0.6157205
1.32 11 651 88.0000000 229.0000000 0.6157205
1.17 12 614 88.0000000 229.0000000 0.6157205
1.78 13 650 88.0000000 229.0000000 0.6157205
1.61 14 666 88.0000000 229.0000000 0.6157205
4.11 15 680 88.0000000 229.0000000 0.6157205
1.77 16 657 88.0000000 229.0000000 0.6157205
1.46 17 649 88.0000000 229.0000000 0.6157205
4.04 18 642 88.0000000 229.0000000 0.6157205
8.98 19 608 88.0000000 229.0000000 0.6157205
2.94 20 618 88.0000000 229.0000000 0.6157205
