3.60 0 0 0.0000000 34.0000000 1.0000000
0.33 1 318 0.0000000 34.0000000 1.0000000
0.64 2 433 0.0000000 34.0000000 1.0000000
1.44 3 476 0.0000000 34.0000000 1.0000000
2.89 4 473 0.0000000 34.0000000 1.0000000
3.18 5 513 0.0000000 34.0000000 1.0000000
4.84 6 447 0.0000000 34.0000000 1.0000000
4.70 7 448 0.0000000 34.0000000 1.0000000
2.54 8 469 0.0000000 34.0000000 1.0000000
4.97 9 475 0.0000000 34.0000000 1.0000000
1.97 10 465 0.0000000 34.0000000 1.0000000
2.73 11 437 0.0000000 34.0000000 1.0000000
4.97 12 456 0.0000000 34.0000000 1.0000000
1.84 13 425 0.0000000 34.0000000 1.0000000
2.98 14 481 0.0000000 34.0000000 1.0000000
8.10 15 447 0.0000000 34.0000000 1.0000000
21.50 16 479 0.0000000 34.0000000 1.0000000
3.05 17 489 0.0000000 34.0000000 1.0000000
8.32 18 468 0.0000000 34.0000000 1.0000000
11.90 19 455 0.0000000 34.0000000 1.0000000
5.23 20 451 0.0000000 34.0000000 1.0000000
21.17 21 426 0.0000000 34.0000000 1.0000000
