0.88 0 0 240.0000000 240.0000000 0.0000000
0.05 1 227 240.0000000 240.0000000 0.0000000
0.07 2 221 240.0000000 240.0000000 0.0000000
0.13 3 234 240.0000000 240.0000000 0.0000000
0.22 4 233 240.0000000 240.0000000 0.0000000
0.36 5 268 240.0000000 240.0000000 0.0000000
0.25 6 260 240.0000000 240.0000000 0.0000000
0.45 7 255 240.0000000 240.0000000 0.0000000
1.07 8 233 240.0000000 240.0000000 0.0000000
0.49 9 245 240.0000000 240.0000000 0.0000000
0.76 10 244 240.0000000 240.0000000 0.0000000
1.20 11 270 240.0000000 240.0000000 0.0000000
1.53 12 267 240.0000000 240.0000000 0.0000000
2.01 13 246 240.0000000 240.0000000 0.0000000
1.60 14 269 240.0000000 240.0000000 0.0000000
2.91 15 258 240.0000000 240.0000000 0.0000000
1.43 16 239 240.0000000 240.0000000 0.0000000
0.83 17 247 240.0000000 240.0000000 0.0000000
1.81 18 252 240.0000000 240.0000000 0.0000000
4.68 19 271 240.0000000 240.0000000 0.0000000
3.13 20 253 240.0000000 240.0000000 0.0000000
17.08 21 242 240.0000000 240.0000000 0.0000000
6.77 22 258 240.0000000 240.0000000 0.0000000
25.53 23 208 240.0000000 240.0000000 0.0000000
8.87 24 224 240.0000000 240.0000000 0.0000000
20.89 25 234 240.0000000 240.0000000 0.0000000
16.10 26 221 240.0000000 240.0000000 0.0000000
17.45 27 223 240.0000000 240.0000000 0.0000000
12.03 28 200 240.0000000 240.0000000 0.0000000
3.94 29 211 240.0000000 240.0000000 0.0000000
18.81 30 225 240.0000000 240.0000000 0.0000000
14.55 31 242 240.0000000 240.0000000 0.0000000
17.68 32 215 240.0000000 240.0000000 0.0000000
