6.47 0 0 111.0000000 221.0000000 0.4977376
0.21 1 230 111.0000000 221.0000000 0.4977376
0.33 2 342 111.0000000 221.0000000 0.4977376
0.55 3 430 111.0000000 221.0000000 0.4977376
1.09 4 442 111.0000000 221.0000000 0.4977376
0.86 5 425 111.0000000 221.0000000 0.4977376
0.82 6 441 111.0000000 221.0000000 0.4977376
2.00 7 436 111.0000000 221.0000000 0.4977376
19.28 8 449 111.0000000 221.0000000 0.4977376
0.95 9 437 111.0000000 221.0000000 0.4977376
5.40 10 430 111.0000000 221.0000000 0.4977376
15.27 11 422 111.0000000 221.0000000 0.4977376
11.30 12 424 111.0000000 221.0000000 0.4977376
5.87 13 421 111.0000000 221.0000000 0.4977376
18.05 14 459 111.0000000 221.0000000 0.4977376
22.66 15 448 111.0000000 221.0000000 0.4977376
14.50 16 503 111.0000000 221.0000000 0.4977376
10.97 17 414 111.0000000 221.0000000 0.4977376
3.99 18 406 111.0000000 221.0000000 0.4977376
17.92 19 449 111.0000000 221.0000000 0.4977376
18.04 20 398 111.0000000 221.0000000 0.4977376
