6.41 0 0 28.0278153 107.0000000 0.7380578
0.10 1 162 29.3196324 107.0000000 0.7259847
0.13 2 209 30.2426184 107.0000000 0.7173587
0.24 3 268 31.5383771 107.0000000 0.7052488
0.56 4 307 32.3328209 107.0000000 0.6978241
0.77 5 311 33.0955586 107.0000000 0.6906957
0.52 6 316 33.5320495 107.0000000 0.6866164
0.79 7 299 33.9487288 107.0000000 0.6827222
1.94 8 325 34.7072628 107.0000000 0.6756331
2.34 9 351 35.2716487 107.0000000 0.6703584
6.96 10 347 35.7372842 107.0000000 0.6660067
4.62 11 352 36.2091738 107.0000000 0.6615965
16.10 12 383 36.7005534 107.0000000 0.6570042
7.72 13 373 37.1996471 107.0000000 0.6523397
17.32 14 350 37.8170098 107.0000000 0.6465700
10.24 15 361 38.4181545 107.0000000 0.6409518
18.25 16 338 38.9434558 107.0000000 0.6360425
23.67 17 328 39.4718140 107.0000000 0.6311045
16.76 18 366 40.0465291 107.0000000 0.6257334
15.70 19 372 40.4250280 107.0000000 0.6221960
26.60 20 285 40.8431724 107.0000000 0.6182881
22.76 21 328 41.5156753 107.0000000 0.6120030
19.93 22 334 42.1322083 107.0000000 0.6062410
27.51 23 317 42.8260045 107.0000000 0.5997570
