3.28 0 0 6.0000000 18.0000000 0.6666667
0.17 1 329 6.0000000 18.0000000 0.6666667
0.28 2 375 6.0000000 18.0000000 0.6666667
0.42 3 426 6.0000000 18.0000000 0.6666667
0.56 4 423 6.0222222 18.0000000 0.6654321
0.77 5 372 6.0909091 18.0000000 0.6616162
0.67 6 393 6.1230159 18.0000000 0.6598325
0.65 7 441 6.2216450 18.0000000 0.6543531
0.98 8 450 6.2794451 18.0000000 0.6511419
1.24 9 467 6.4606015 18.0000000 0.6410777
4.12 10 458 6.7257797 18.0000000 0.6263456
5.34 11 453 7.0136325 18.0000000 0.6103537
2.15 12 479 7.1770001 18.0000000 0.6012778
1.62 13 430 7.3781273 18.0000000 0.5901040
1.24 14 454 7.5553291 18.0000000 0.5802595
1.80 15 451 7.6707699 18.0000000 0.5738461
3.41 16 448 7.8716640 18.0000000 0.5626853
10.74 17 446 8.1084981 18.0000000 0.5495279
7.91 18 436 8.2493200 18.0000000 0.5417044
17.24 19 421 8.3538850 18.0000000 0.5358953
15.22 20 394 8.4485849 18.0000000 0.5306342
1.50 21 348 8.5613443 18.0000000 0.5243698
8.75 22 365 8.6256875 18.0000000 0.5207951
16.86 23 342 8.7014328 18.0000000 0.5165871
