4.22 0 0 0.0000000 111.0000000 1.0000000
0.44 1 299 0.0000000 111.0000000 1.0000000
0.88 2 365 0.0000000 111.0000000 1.0000000
0.77 3 436 0.0000000 111.0000000 1.0000000
1.16 4 445 0.0000000 111.0000000 1.0000000
1.74 5 353 0.0000000 111.0000000 1.0000000
1.26 6 408 0.0000000 111.0000000 1.0000000
1.62 7 398 0.0000000 111.0000000 1.0000000
4.55 8 414 0.0000000 111.0000000 1.0000000
9.84 9 425 0.0000000 111.0000000 1.0000000
3.15 10 429 0.0000000 111.0000000 1.0000000
1.65 11 394 0.0000000 111.0000000 1.0000000
7.75 12 411 0.0000000 111.0000000 1.0000000
8.79 13 393 0.0000000 111.0000000 1.0000000
5.61 14 407 0.0000000 111.0000000 1.0000000
6.69 15 380 0.0000000 111.0000000 1.0000000
4.83 16 411 0.0000000 111.0000000 1.0000000
5.48 17 351 0.0000000 111.0000000 1.0000000
6.54 18 418 0.0000000 111.0000000 1.0000000
11.66 19 394 0.0000000 111.0000000 1.0000000
8.45 20 399 0.0000000 111.0000000 1.0000000
31.24 21 400 0.0000000 111.0000000 1.0000000
21.04 22 416 0.0000000 111.0000000 1.0000000
5.56 23 418 0.0000000 111.0000000 1.0000000
