4.32 0 0 31.0000000 78.0000000 0.6025641
0.20 1 287 31.0000000 78.0000000 0.6025641
0.35 2 355 31.0000000 78.0000000 0.6025641
0.58 3 410 31.0000000 78.0000000 0.6025641
0.76 4 410 31.0000000 78.0000000 0.6025641
1.67 5 437 31.0000000 78.0000000 0.6025641
1.66 6 459 31.0000000 78.0000000 0.6025641
1.92 7 398 31.0000000 78.0000000 0.6025641
0.92 8 450 31.0000000 78.0000000 0.6025641
1.41 9 484 31.0000000 78.0000000 0.6025641
2.69 10 472 31.0000000 78.0000000 0.6025641
2.93 11 461 31.0000000 78.0000000 0.6025641
4.61 12 460 31.0000000 78.0000000 0.6025641
3.20 13 510 31.0000000 78.0000000 0.6025641
3.77 14 445 31.0000000 78.0000000 0.6025641
4.59 15 476 31.0000000 78.0000000 0.6025641
24.35 16 462 31.0000000 78.0000000 0.6025641
13.70 17 460 31.0000000 78.0000000 0.6025641
14.99 18 490 31.0000000 78.0000000 0.6025641
8.29 19 449 31.0000000 78.0000000 0.6025641
45.09 20 461 31.0000000 78.0000000 0.6025641
