0.93 0 0 232.0000000 236.0000000 0.0169492
0.04 1 214 232.2500000 236.0000000 0.0158898
0.08 2 249 232.5000000 236.0000000 0.0148305
0.18 3 275 232.7500000 236.0000000 0.0137712
0.27 4 282 233.0833333 236.0000000 0.0123588
0.34 5 291 233.4000000 236.0000000 0.0110169
0.39 6 288 233.6500000 236.0000000 0.0099576
0.67 7 318 233.9285714 236.0000000 0.0087772
0.71 8 305 234.0000000 236.0000000 0.0084746
0.79 9 307 234.0000000 236.0000000 0.0084746
1.54 10 313 234.0000000 236.0000000 0.0084746
1.17 11 284 234.0000000 236.0000000 0.0084746
1.51 12 304 234.0000000 236.0000000 0.0084746
2.01 13 286 234.0000000 236.0000000 0.0084746
1.39 14 306 234.0000000 236.0000000 0.0084746
2.50 15 291 234.0000000 236.0000000 0.0084746
0.98 16 287 234.0000000 236.0000000 0.0084746
1.84 17 293 234.0000000 236.0000000 0.0084746
8.78 18 251 234.0000000 236.0000000 0.0084746
0.84 19 293 234.0000000 236.0000000 0.0084746
0.69 20 269 234.0303571 236.0000000 0.0083459
10.57 21 297 234.0382353 236.0000000 0.0083126
2.40 22 307 234.0508242 236.0000000 0.0082592
32.60 23 293 234.0714286 236.0000000 0.0081719
25.37 24 276 234.0717593 236.0000000 0.0081705
7.27 25 262 234.0824742 236.0000000 0.0081251
8.60 26 278 234.0958333 236.0000000 0.0080685
15.68 27 289 234.1214286 236.0000000 0.0079600
22.82 28 264 234.1377709 236.0000000 0.0078908
17.21 29 265 234.1483417 236.0000000 0.0078460
20.40 30 247 234.1671486 236.0000000 0.0077663
8.57 31 261 234.1738609 236.0000000 0.0077379
