5.02 0 0 56.0000000 119.0000000 0.5294118
0.53 1 254 56.0000000 119.0000000 0.5294118
0.81 2 335 56.0000000 119.0000000 0.5294118
0.96 3 322 56.0000000 119.0000000 0.5294118
1.54 4 341 56.0000000 119.0000000 0.5294118
1.96 5 419 56.0000000 119.0000000 0.5294118
1.53 6 411 56.0000000 119.0000000 0.5294118
5.07 7 386 56.0000000 119.0000000 0.5294118
3.59 8 396 56.0000000 119.0000000 0.5294118
2.84 9 354 56.0000000 119.0000000 0.5294118
2.69 10 360 56.0000000 119.0000000 0.5294118
3.06 11 350 56.0000000 119.0000000 0.5294118
5.30 12 340 56.0000000 119.0000000 0.5294118
7.26 13 326 56.0000000 119.0000000 0.5294118
22.14 14 294 56.0000000 119.0000000 0.5294118
6.85 15 317 56.0000000 119.0000000 0.5294118
6.56 16 269 56.0000000 119.0000000 0.5294118
5.54 17 271 56.0000000 119.0000000 0.5294118
12.22 18 241 56.0000000 119.0000000 0.5294118
15.04 19 264 56.0000000 119.0000000 0.5294118
4.67 20 265 56.0000000 119.0000000 0.5294118
4.38 21 260 56.0000000 119.0000000 0.5294118
3.88 22 253 56.0000000 119.0000000 0.5294118
3.89 23 235 56.0000000 119.0000000 0.5294118
6.47 24 263 56.0000000 119.0000000 0.5294118
8.13 25 265 56.0000000 119.0000000 0.5294118
10.98 26 228 56.0000000 119.0000000 0.5294118
17.20 27 255 56.0000000 119.0000000 0.5294118
