4.23 0 0 5.6863636 35.0000000 0.8375325
0.13 1 202 5.9363636 35.0000000 0.8303896
0.15 2 233 5.9805556 35.0000000 0.8291270
0.16 3 225 6.1389085 35.0000000 0.8246026
0.22 4 227 6.3652036 35.0000000 0.8181370
0.33 5 261 6.5904942 35.0000000 0.8117002
0.34 6 257 6.9131796 35.0000000 0.8024806
0.60 7 265 7.3070086 35.0000000 0.7912283
5.70 8 303 7.7211164 35.0000000 0.7793967
10.30 9 304 8.0924463 35.0000000 0.7687872
11.70 10 318 8.4432537 35.0000000 0.7587642
16.72 11 345 8.8293724 35.0000000 0.7477322
6.85 12 351 9.0984816 35.0000000 0.7400434
8.86 13 348 9.5386971 35.0000000 0.7274658
20.86 14 383 9.9265087 35.0000000 0.7163855
13.74 15 308 10.1715959 35.0000000 0.7093830
30.56 16 339 10.5146970 35.0000000 0.6995801
27.74 17 353 10.7858536 35.0000000 0.6918328
32.53 18 327 10.9904507 35.0000000 0.6859871
26.07 19 370 11.2481766 35.0000000 0.6786235
13.05 20 360 11.4985355 35.0000000 0.6714704
23.57 21 351 11.8024788 35.0000000 0.6627863
