0.77 0 0 235.0000000 240.0000000 0.0208333
0.04 1 205 235.0000000 240.0000000 0.0208333
0.06 2 240 235.0000000 240.0000000 0.0208333
0.11 3 248 235.0000000 240.0000000 0.0208333
0.33 4 274 235.0000000 240.0000000 0.0208333
0.31 5 285 235.0000000 240.0000000 0.0208333
0.42 6 263 235.0000000 240.0000000 0.0208333
1.02 7 294 235.0000000 240.0000000 0.0208333
0.97 8 308 235.0000000 240.0000000 0.0208333
0.92 9 298 235.0000000 240.0000000 0.0208333
0.98 10 294 235.0000000 240.0000000 0.0208333
1.13 11 291 235.0000000 240.0000000 0.0208333
1.87 12 290 235.0446623 240.0000000 0.0206472
1.26 13 259 235.0836941 240.0000000 0.0204846
0.82 14 256 235.1020833 240.0000000 0.0204080
1.14 15 247 235.1542487 240.0000000 0.0201906
0.63 16 265 235.2288050 240.0000000 0.0198800
2.33 17 280 235.3078841 240.0000000 0.0195505
1.79 18 241 235.4341908 240.0000000 0.0190242
5.63 19 239 235.5132735 240.0000000 0.0186947
3.26 20 287 235.5904140 240.0000000 0.0183733
2.91 21 286 235.6400378 240.0000000 0.0181665
22.39 22 270 235.7049919 240.0000000 0.0178959
1.26 23 265 235.7566205 240.0000000 0.0176807
1.00 24 239 235.8264709 240.0000000 0.0173897
4.62 25 242 235.9295387 240.0000000 0.0169603
6.16 26 242 235.9856846 240.0000000 0.0167263
9.78 27 264 236.0412637 240.0000000 0.0164947
15.29 28 281 236.1080539 240.0000000 0.0162164
9.73 29 261 236.1681611 240.0000000 0.0159660
5.16 30 259 236.2412864 240.0000000 0.0156613
9.88 31 256 236.3305758 240.0000000 0.0152893
2.54 32 218 236.3632839 240.0000000 0.0151530
21.59 33 238 236.4264528 240.0000000 0.0148898
34.27 34 237 236.4976377 240.0000000 0.0145932
