6.72 0 0 62.2007703 157.0000000 0.6038167
0.09 1 151 63.9644453 157.0000000 0.5925832
0.12 2 204 65.1609138 157.0000000 0.5849623
0.19 3 241 66.3662911 157.0000000 0.5772848
0.22 4 265 67.5089510 157.0000000 0.5700067
3.19 5 289 68.6234258 157.0000000 0.5629081
0.75 6 286 69.3594918 157.0000000 0.5582198
10.19 7 358 70.4379279 157.0000000 0.5513508
1.68 8 359 71.3463768 157.0000000 0.5455645
8.40 9 365 72.0949571 157.0000000 0.5407965
7.00 10 370 72.9056523 157.0000000 0.5356328
7.55 11 373 73.7809095 157.0000000 0.5300579
9.84 12 304 74.4504945 157.0000000 0.5257930
11.73 13 380 75.2397485 157.0000000 0.5207659
13.26 14 353 75.9746312 157.0000000 0.5160852
20.95 15 386 76.5827863 157.0000000 0.5122116
19.14 16 394 77.4645576 157.0000000 0.5065952
16.41 17 336 77.9922379 157.0000000 0.5032342
11.27 18 301 78.6198142 157.0000000 0.4992369
20.75 19 336 79.1839976 157.0000000 0.4956433
18.93 20 329 79.6211415 157.0000000 0.4928590
21.99 21 289 80.0796137 157.0000000 0.4899388
21.80 22 317 80.6125660 157.0000000 0.4865442
