0.99 0 0 233.0000000 237.0000000 0.0168776
0.04 1 215 233.0000000 237.0000000 0.0168776
0.08 2 251 233.0000000 237.0000000 0.0168776
0.13 3 298 233.0000000 237.0000000 0.0168776
0.20 4 310 233.0000000 237.0000000 0.0168776
0.32 5 304 233.0000000 237.0000000 0.0168776
0.36 6 308 233.0000000 237.0000000 0.0168776
0.66 7 328 233.0000000 237.0000000 0.0168776
0.77 8 339 233.0000000 237.0000000 0.0168776
0.92 9 331 233.0000000 237.0000000 0.0168776
0.94 10 328 233.0000000 237.0000000 0.0168776
0.61 11 299 233.0000000 237.0000000 0.0168776
1.16 12 319 233.0000000 237.0000000 0.0168776
0.97 13 322 233.0000000 237.0000000 0.0168776
1.21 14 280 233.0000000 237.0000000 0.0168776
1.42 15 305 233.0000000 237.0000000 0.0168776
5.05 16 267 233.0000000 237.0000000 0.0168776
2.46 17 287 233.0000000 237.0000000 0.0168776
1.41 18 264 233.0000000 237.0000000 0.0168776
37.30 19 286 233.0000000 237.0000000 0.0168776
1.47 20 273 233.0000000 237.0000000 0.0168776
11.18 21 288 233.0000000 237.0000000 0.0168776
7.97 22 304 233.0000000 237.0000000 0.0168776
2.97 23 260 233.0000000 237.0000000 0.0168776
22.07 24 259 233.0000000 237.0000000 0.0168776
20.64 25 268 233.0000000 237.0000000 0.0168776
6.09 26 212 233.0000000 237.0000000 0.0168776
15.18 27 229 233.0637545 237.0000000 0.0166086
4.58 28 216 233.0866195 237.0000000 0.0165122
1.03 29 231 233.1601274 237.0000000 0.0162020
3.85 30 250 233.1845861 237.0000000 0.0160988
19.22 31 223 233.2074213 237.0000000 0.0160024
11.06 32 193 233.2374155 237.0000000 0.0158759
