0.80 0 0 277.7500000 303.0000000 0.0833333
0.08 1 263 278.3333333 303.0000000 0.0814081
0.10 2 282 278.8333333 303.0000000 0.0797580
0.13 3 294 279.0500000 303.0000000 0.0790429
0.64 4 287 279.4420290 303.0000000 0.0777491
0.36 5 302 279.7293040 303.0000000 0.0768010
0.45 6 316 280.1231206 303.0000000 0.0755013
0.55 7 302 280.4840278 303.0000000 0.0743101
0.74 8 296 280.7416667 303.0000000 0.0734598
0.52 9 265 280.9846681 303.0000000 0.0726579
1.16 10 302 281.3962963 303.0000000 0.0712994
0.71 11 273 281.4448712 303.0000000 0.0711390
0.84 12 285 281.5972222 303.0000000 0.0706362
0.66 13 261 281.5981448 303.0000000 0.0706332
2.88 14 272 281.6877410 303.0000000 0.0703375
3.14 15 246 281.8644712 303.0000000 0.0697542
5.59 16 236 282.0721923 303.0000000 0.0690687
3.41 17 246 282.2914938 303.0000000 0.0683449
15.84 18 278 282.4787922 303.0000000 0.0677268
8.87 19 297 282.6564368 303.0000000 0.0671405
10.65 20 273 282.8454658 303.0000000 0.0665166
8.59 21 280 283.0987011 303.0000000 0.0656809
6.95 22 272 283.3246667 303.0000000 0.0649351
3.16 23 274 283.5142610 303.0000000 0.0643094
8.35 24 317 283.7831287 303.0000000 0.0634220
27.85 25 316 284.0005714 303.0000000 0.0627044
33.12 26 321 284.3349477 303.0000000 0.0616008
43.63 27 300 284.5795826 303.0000000 0.0607935
44.70 28 351 284.8031524 303.0000000 0.0600556
