0.40 0 0 120.8937908 153.0000000 0.2098445
0.04 1 61 121.9015731 153.0000000 0.2032577
0.07 2 73 123.6344073 153.0000000 0.1919320
0.09 3 103 127.6272361 153.0000000 0.1658351
0.12 4 108 129.6786415 153.0000000 0.1524272
0.14 5 103 130.9131578 153.0000000 0.1443584
0.10 6 109 132.1637226 153.0000000 0.1361848
0.15 7 119 133.8944402 153.0000000 0.1248729
0.14 8 104 134.4975389 153.0000000 0.1209311
0.14 9 106 135.1488654 153.0000000 0.1166741
0.68 10 136 136.1858386 153.0000000 0.1098965
0.29 11 124 136.8066963 153.0000000 0.1058386
0.50 12 132 137.5289308 153.0000000 0.1011181
0.34 13 160 138.5620915 153.0000000 0.0943654
0.49 14 152 139.6722683 153.0000000 0.0871094
0.38 15 136 140.4016965 153.0000000 0.0823419
2.20 16 109 141.0004679 153.0000000 0.0784283
0.18 17 87 141.3783320 153.0000000 0.0759586
2.56 18 113 141.8902688 153.0000000 0.0726126
8.90 19 123 142.4230279 153.0000000 0.0691305
4.59 20 98 142.8509954 153.0000000 0.0663334
4.34 21 97 143.1981360 153.0000000 0.0640645
4.38 22 100 143.4570060 153.0000000 0.0623725
0.92 23 65 143.7464292 153.0000000 0.0604809
3.77 24 98 144.1321276 153.0000000 0.0579600
6.04 25 57 144.5324943 153.0000000 0.0553432
7.73 26 47 144.7288339 153.0000000 0.0540599
2.93 27 66 144.9995511 153.0000000 0.0522905
1.44 28 82 145.4248356 153.0000000 0.0495109
12.42 29 75 145.6706954 153.0000000 0.0479040
4.05 30 67 145.9990681 153.0000000 0.0457577
6.67 31 72 146.1245220 153.0000000 0.0449378
4.32 32 66 146.1986742 153.0000000 0.0444531
10.00 33 55 146.3103142 153.0000000 0.0437234
17.60 34 60 146.4200611 153.0000000 0.0430061
8.70 35 57 146.5264364 153.0000000 0.0423109
3.18 36 74 146.6139144 153.0000000 0.0417391
2.81 37 55 146.7152008 153.0000000 0.0410771
4.73 38 74 146.8470676 153.0000000 0.0402152
13.60 39 40 146.9116884 153.0000000 0.0397929
6.06 40 58 147.0132465 153.0000000 0.0391291
8.68 41 47 147.0941103 153.0000000 0.0386006
1.42 42 48 147.1904586 153.0000000 0.0379709
2.32 43 56 147.2964710 153.0000000 0.0372780
5.34 44 65 147.4009937 153.0000000 0.0365948
10.06 45 56 147.4721186 153.0000000 0.0361299
11.62 46 42 147.5033407 153.0000000 0.0359259
3.90 47 55 147.5681740 153.0000000 0.0355021
9.10 48 47 147.6402687 153.0000000 0.0350309
5.34 49 36 147.7140389 153.0000000 0.0345488
6.51 50 39 147.7417255 153.0000000 0.0343678
3.46 51 36 147.8111867 153.0000000 0.0339138
11.14 52 48 147.8807891 153.0000000 0.0334589
10.88 53 43 147.9376649 153.0000000 0.0330872
9.24 54 41 147.9966444 153.0000000 0.0327017
17.27 55 34 148.0568495 153.0000000 0.0323082
