0.23 0 0 53.0000000 58.0000000 0.0862069
0.02 1 100 53.1666667 58.0000000 0.0833333
0.02 2 73 53.1666667 58.0000000 0.0833333
0.03 3 84 53.2380952 58.0000000 0.0821018
0.14 4 97 53.5000000 58.0000000 0.0775862
0.19 5 77 53.5000000 58.0000000 0.0775862
0.15 6 84 53.5000000 58.0000000 0.0775862
0.17 7 67 53.5144928 58.0000000 0.0773363
0.08 8 77 53.5370370 58.0000000 0.0769476
0.13 9 67 53.6666667 58.0000000 0.0747126
0.15 10 67 53.6666667 58.0000000 0.0747126
0.10 11 59 53.6666667 58.0000000 0.0747126
0.22 12 66 53.6666667 58.0000000 0.0747126
0.50 13 73 53.6839080 58.0000000 0.0744154
0.11 14 49 53.6893939 58.0000000 0.0743208
0.12 15 50 53.6962810 58.0000000 0.0742021
0.08 16 65 53.6987673 58.0000000 0.0741592
0.09 17 57 53.7298094 58.0000000 0.0736240
0.10 18 61 53.7373751 58.0000000 0.0734935
0.18 19 64 53.7650463 58.0000000 0.0730164
0.13 20 66 53.7777327 58.0000000 0.0727977
0.89 21 66 53.7796913 58.0000000 0.0727639
0.68 22 55 53.7886427 58.0000000 0.0726096
3.34 23 51 53.8036840 58.0000000 0.0723503
0.22 24 43 53.8204533 58.0000000 0.0720612
0.68 25 53 53.8496086 58.0000000 0.0715585
0.37 26 33 53.8503008 58.0000000 0.0715465
0.39 27 40 53.8597456 58.0000000 0.0713837
0.39 28 46 53.8675183 58.0000000 0.0712497
0.75 29 45 53.8978546 58.0000000 0.0707266
0.11 30 56 53.9306114 58.0000000 0.0701619
2.73 31 39 53.9493021 58.0000000 0.0698396
0.53 32 40 53.9529984 58.0000000 0.0697759
0.77 33 36 53.9586513 58.0000000 0.0696784
3.78 34 37 53.9657340 58.0000000 0.0695563
0.44 35 41 53.9770663 58.0000000 0.0693609
1.10 36 44 53.9802319 58.0000000 0.0693063
3.34 37 41 53.9880096 58.0000000 0.0691722
0.47 38 25 53.9979500 58.0000000 0.0690009
0.34 39 40 54.0065359 58.0000000 0.0688528
2.90 40 35 54.0115189 58.0000000 0.0687669
7.02 41 38 54.0240326 58.0000000 0.0685512
11.24 42 47 54.0337309 58.0000000 0.0683840
1.76 43 39 54.0537788 58.0000000 0.0680383
0.15 44 46 54.0637255 58.0000000 0.0678668
2.45 45 31 54.0681818 58.0000000 0.0677900
0.27 46 38 54.0725556 58.0000000 0.0677146
0.33 47 36 54.0771317 58.0000000 0.0676357
0.82 48 48 54.0854167 58.0000000 0.0674928
0.12 49 41 54.0905648 58.0000000 0.0674041
2.70 50 48 54.0953907 58.0000000 0.0673208
0.44 51 47 54.0965109 58.0000000 0.0673015
0.94 52 48 54.1009470 58.0000000 0.0672251
3.19 53 40 54.1035986 58.0000000 0.0671793
0.17 54 42 54.1067353 58.0000000 0.0671253
7.47 55 34 54.1196394 58.0000000 0.0669028
0.19 56 39 54.1211589 58.0000000 0.0668766
0.27 57 45 54.1227200 58.0000000 0.0668497
0.39 58 34 54.1250569 58.0000000 0.0668094
9.90 59 31 54.1269835 58.0000000 0.0667761
2.98 60 26 54.1291994 58.0000000 0.0667379
0.68 61 34 54.1301499 58.0000000 0.0667216
0.42 62 23 54.1344811 58.0000000 0.0666469
0.44 63 31 54.1395792 58.0000000 0.0665590
0.46 64 32 54.1441633 58.0000000 0.0664799
0.45 65 41 54.1530410 58.0000000 0.0663269
0.15 66 38 54.1581945 58.0000000 0.0662380
0.31 67 37 54.1679555 58.0000000 0.0660697
0.45 68 32 54.1726215 58.0000000 0.0659893
3.66 69 35 54.1994376 58.0000000 0.0655269
0.85 70 31 54.2059893 58.0000000 0.0654140
0.87 71 33 54.2092566 58.0000000 0.0653576
0.91 72 31 54.2154139 58.0000000 0.0652515
1.23 73 36 54.2240618 58.0000000 0.0651024
1.38 74 36 54.2296184 58.0000000 0.0650066
0.76 75 32 54.2361648 58.0000000 0.0648937
3.29 76 33 54.2419563 58.0000000 0.0647939
7.78 77 35 54.2500000 58.0000000 0.0646552
0.06 78 23 54.2504116 58.0000000 0.0646481
0.72 79 31 54.2568578 58.0000000 0.0645369
1.09 80 33 54.2638839 58.0000000 0.0644158
0.44 81 33 54.2670408 58.0000000 0.0643614
0.30 82 35 54.2762337 58.0000000 0.0642029
4.28 83 30 54.2800100 58.0000000 0.0641378
0.18 84 35 54.2874267 58.0000000 0.0640099
0.26 85 37 54.2899651 58.0000000 0.0639661
0.26 86 38 54.2998831 58.0000000 0.0637951
0.15 87 29 54.3012548 58.0000000 0.0637715
0.51 88 31 54.3096840 58.0000000 0.0636261
0.21 89 23 54.3166043 58.0000000 0.0635068
4.39 90 28 54.3222250 58.0000000 0.0634099
0.62 91 28 54.3284025 58.0000000 0.0633034
0.71 92 33 54.3314085 58.0000000 0.0632516
0.21 93 34 54.3347475 58.0000000 0.0631940
0.27 94 39 54.3366605 58.0000000 0.0631610
4.34 95 40 54.3410406 58.0000000 0.0630855
0.24 96 49 54.3456557 58.0000000 0.0630059
0.23 97 33 54.3504121 58.0000000 0.0629239
0.20 98 33 54.3548972 58.0000000 0.0628466
0.27 99 39 54.3578146 58.0000000 0.0627963
3.33 100 34 54.3623506 58.0000000 0.0627181
4.18 101 35 54.3671862 58.0000000 0.0626347
6.90 102 39 54.3714305 58.0000000 0.0625615
0.28 103 39 54.3753793 58.0000000 0.0624935
0.42 104 27 54.3784645 58.0000000 0.0624403
0.57 105 33 54.3844852 58.0000000 0.0623365
3.48 106 54 54.3886393 58.0000000 0.0622648
0.18 107 39 54.3916183 58.0000000 0.0622135
0.16 108 26 54.3921735 58.0000000 0.0622039
0.67 109 16 54.3922578 58.0000000 0.0622025
0.71 110 16 54.3933478 58.0000000 0.0621837
4.16 111 16 54.3960755 58.0000000 0.0621366
0.75 112 24 54.3975475 58.0000000 0.0621112
0.33 113 22 54.4022030 58.0000000 0.0620310
3.56 114 35 54.4046703 58.0000000 0.0619884
22.82 115 20 54.4066737 58.0000000 0.0619539
37.48 116 26 54.4104832 58.0000000 0.0618882
0.92 117 29 54.4148464 58.0000000 0.0618130
0.18 118 31 54.4198061 58.0000000 0.0617275
0.74 119 24 54.4218101 58.0000000 0.0616929
1.21 120 22 54.4284390 58.0000000 0.0615786
1.14 121 29 54.4323792 58.0000000 0.0615107
0.81 122 34 54.4361135 58.0000000 0.0614463
0.20 123 33 54.4422422 58.0000000 0.0613407
10.60 124 30 54.4465816 58.0000000 0.0612658
