0.20 0 0 32.8532338 43.0000000 0.2359713
0.03 1 61 33.6811594 43.0000000 0.2167172
0.04 2 89 33.7922536 43.0000000 0.2141336
0.06 3 96 34.2122421 43.0000000 0.2043665
0.19 4 107 34.6185216 43.0000000 0.1949181
0.18 5 105 34.9833908 43.0000000 0.1864328
0.15 6 117 35.3509641 43.0000000 0.1778846
0.39 7 129 35.7244796 43.0000000 0.1691981
0.13 8 106 35.9524768 43.0000000 0.1638959
0.37 9 134 36.1902868 43.0000000 0.1583654
0.15 10 93 36.6010457 43.0000000 0.1488129
0.49 11 120 36.8717929 43.0000000 0.1425164
0.95 12 118 37.2045643 43.0000000 0.1347776
0.31 13 115 37.4760799 43.0000000 0.1284633
0.57 14 136 37.7396289 43.0000000 0.1223342
0.39 15 113 38.0179711 43.0000000 0.1158611
0.67 16 111 38.1973343 43.0000000 0.1116899
0.70 17 132 38.3991741 43.0000000 0.1069960
0.84 18 112 38.5294442 43.0000000 0.1039664
0.53 19 117 38.7124294 43.0000000 0.0997109
0.86 20 104 38.8954603 43.0000000 0.0954544
1.24 21 116 39.0199154 43.0000000 0.0925601
0.78 22 116 39.1513678 43.0000000 0.0895031
0.41 23 95 39.2528706 43.0000000 0.0871425
0.58 24 103 39.3433204 43.0000000 0.0850391
3.54 25 82 39.3940306 43.0000000 0.0838598
1.82 26 79 39.4520644 43.0000000 0.0825101
0.69 27 60 39.5250591 43.0000000 0.0808126
0.69 28 83 39.5847932 43.0000000 0.0794234
1.00 29 79 39.6505624 43.0000000 0.0778939
3.32 30 78 39.7019175 43.0000000 0.0766996
0.72 31 84 39.7982134 43.0000000 0.0744602
0.79 32 90 39.9024685 43.0000000 0.0720356
0.83 33 75 39.9490562 43.0000000 0.0709522
1.01 34 71 39.9929378 43.0000000 0.0699317
1.28 35 66 40.0462367 43.0000000 0.0686922
4.57 36 70 40.0829259 43.0000000 0.0678389
0.25 37 71 40.1129457 43.0000000 0.0671408
1.07 38 55 40.1383581 43.0000000 0.0665498
0.72 39 74 40.1679343 43.0000000 0.0658620
0.87 40 59 40.1943632 43.0000000 0.0652474
0.89 41 48 40.2137806 43.0000000 0.0647958
0.50 42 41 40.2359252 43.0000000 0.0642808
3.27 43 52 40.2490958 43.0000000 0.0639745
0.64 44 43 40.2582361 43.0000000 0.0637620
1.00 45 49 40.2685268 43.0000000 0.0635226
0.81 46 45 40.2861469 43.0000000 0.0631129
3.04 47 49 40.2973091 43.0000000 0.0628533
0.90 48 49 40.3030874 43.0000000 0.0627189
0.37 49 47 40.3088015 43.0000000 0.0625860
0.57 50 34 40.3170570 43.0000000 0.0623940
0.60 51 34 40.3290602 43.0000000 0.0621149
0.64 52 50 40.3530009 43.0000000 0.0615581
0.54 53 35 40.3645482 43.0000000 0.0612896
0.21 54 42 40.3818459 43.0000000 0.0608873
0.27 55 42 40.4295577 43.0000000 0.0597777
1.40 56 53 40.4662388 43.0000000 0.0589247
0.65 57 58 40.4875600 43.0000000 0.0584288
0.57 58 46 40.5049362 43.0000000 0.0580247
0.93 59 38 40.5291185 43.0000000 0.0574624
0.87 60 38 40.5685282 43.0000000 0.0565459
0.55 61 35 40.7778341 43.0000000 0.0516783
0.75 62 40 40.8062598 43.0000000 0.0510172
0.28 63 38 40.8359564 43.0000000 0.0503266
0.51 64 29 40.8593838 43.0000000 0.0497818
0.70 65 35 40.8809876 43.0000000 0.0492794
0.74 66 49 40.9159485 43.0000000 0.0484663
0.94 67 41 40.9563893 43.0000000 0.0475258
0.38 68 43 40.9820726 43.0000000 0.0469285
0.54 69 47 41.0232162 43.0000000 0.0459717
0.32 70 47 41.0660020 43.0000000 0.0449767
2.81 71 42 41.0921426 43.0000000 0.0443688
2.35 72 48 41.1301493 43.0000000 0.0434849
6.52 73 42 41.1638232 43.0000000 0.0427018
3.06 74 61 41.2064296 43.0000000 0.0417109
0.64 75 49 41.2446512 43.0000000 0.0408221
2.71 76 52 41.2756626 43.0000000 0.0401009
0.50 77 44 41.3030023 43.0000000 0.0394651
2.90 78 53 41.3359777 43.0000000 0.0386982
0.57 79 46 41.3637555 43.0000000 0.0380522
0.18 80 42 41.4017476 43.0000000 0.0371687
0.38 81 39 41.4395106 43.0000000 0.0362905
0.35 82 50 41.4684474 43.0000000 0.0356175
0.89 83 54 41.5050106 43.0000000 0.0347672
0.57 84 53 41.5368927 43.0000000 0.0340258
2.61 85 45 41.5911877 43.0000000 0.0327631
0.85 86 54 41.6179026 43.0000000 0.0321418
2.71 87 48 41.6996864 43.0000000 0.0302399
3.00 88 61 41.7408539 43.0000000 0.0292825
0.45 89 49 41.7633011 43.0000000 0.0287604
3.10 90 55 41.7834453 43.0000000 0.0282920
0.36 91 49 41.8094880 43.0000000 0.0276863
2.99 92 57 41.8534479 43.0000000 0.0266640
0.68 93 50 41.8868698 43.0000000 0.0258867
2.50 94 52 41.9086921 43.0000000 0.0253793
0.98 95 56 41.9311317 43.0000000 0.0248574
2.65 96 64 41.9671039 43.0000000 0.0240208
2.36 97 43 42.0212827 43.0000000 0.0227609
0.67 98 40 42.0459995 43.0000000 0.0221861
3.33 99 44 42.0619283 43.0000000 0.0218156
0.66 100 47 42.0864338 43.0000000 0.0212457
4.87 101 46 42.1032856 43.0000000 0.0208538
7.81 102 37 42.1175747 43.0000000 0.0205215
1.49 103 39 42.1281369 43.0000000 0.0202759
0.82 104 33 42.1470916 43.0000000 0.0198351
0.92 105 31 42.1649965 43.0000000 0.0194187
6.32 106 39 42.1714307 43.0000000 0.0192691
2.46 107 24 42.1787280 43.0000000 0.0190993
8.10 108 24 42.1828514 43.0000000 0.0190035
3.34 109 31 42.1858074 43.0000000 0.0189347
2.83 110 23 42.1957840 43.0000000 0.0187027
0.48 111 22 42.2000592 43.0000000 0.0186033
3.25 112 32 42.2125272 43.0000000 0.0183133
3.33 113 25 42.2190183 43.0000000 0.0181624
3.26 114 23 42.2222222 43.0000000 0.0180879
0.65 115 13 42.2222222 43.0000000 0.0180879
0.04 116 10 42.2222222 43.0000000 0.0180879
0.35 117 16 42.2222222 43.0000000 0.0180879
0.03 118 6 42.2222222 43.0000000 0.0180879
0.07 119 9 42.2222222 43.0000000 0.0180879
1.83 120 6 42.2222222 43.0000000 0.0180879
0.25 121 8 42.2222222 43.0000000 0.0180879
0.43 122 9 42.2222222 43.0000000 0.0180879
0.07 123 6 42.2222222 43.0000000 0.0180879
0.41 124 4 42.2222222 43.0000000 0.0180879
0.42 125 8 42.2222222 43.0000000 0.0180879
0.06 126 3 42.2222222 43.0000000 0.0180879
0.38 127 9 42.2222222 43.0000000 0.0180879
2.01 128 4 42.2222222 43.0000000 0.0180879
0.41 129 7 42.2222222 43.0000000 0.0180879
0.24 130 7 42.2222222 43.0000000 0.0180879
0.24 131 5 42.2222222 43.0000000 0.0180879
0.07 132 2 42.2222222 43.0000000 0.0180879
0.20 133 4 42.2222222 43.0000000 0.0180879
0.20 134 5 42.2222222 43.0000000 0.0180879
0.35 135 3 42.2222222 43.0000000 0.0180879
0.35 136 3 42.2222222 43.0000000 0.0180879
2.40 137 6 42.2222222 43.0000000 0.0180879
0.04 138 6 42.2222222 43.0000000 0.0180879
0.35 139 5 42.2222222 43.0000000 0.0180879
0.07 140 4 42.2222222 43.0000000 0.0180879
0.22 141 7 42.2222222 43.0000000 0.0180879
0.33 142 7 42.2222222 43.0000000 0.0180879
0.05 143 3 42.2222222 43.0000000 0.0180879
0.08 144 6 42.2222222 43.0000000 0.0180879
0.22 145 5 42.2222222 43.0000000 0.0180879
0.09 146 8 42.2222222 43.0000000 0.0180879
0.04 147 8 42.2222222 43.0000000 0.0180879
0.04 148 7 42.2222222 43.0000000 0.0180879
0.35 149 4 42.2222222 43.0000000 0.0180879
0.38 150 5 42.2222222 43.0000000 0.0180879
0.21 151 6 42.2222222 43.0000000 0.0180879
0.37 152 7 42.2222222 43.0000000 0.0180879
0.38 153 7 42.2222222 43.0000000 0.0180879
0.36 154 4 42.2222222 43.0000000 0.0180879
0.12 155 9 42.2222222 43.0000000 0.0180879
0.22 156 5 42.2222222 43.0000000 0.0180879
0.41 157 8 42.2222222 43.0000000 0.0180879
0.22 158 9 42.2222222 43.0000000 0.0180879
0.11 159 6 42.2222222 43.0000000 0.0180879
0.11 160 8 42.2222222 43.0000000 0.0180879
0.53 161 5 42.2222222 43.0000000 0.0180879
0.55 162 9 42.2222222 43.0000000 0.0180879
0.39 163 8 42.2222222 43.0000000 0.0180879
0.06 164 9 42.2222222 43.0000000 0.0180879
0.40 165 7 42.2222222 43.0000000 0.0180879
0.41 166 6 42.2222222 43.0000000 0.0180879
0.40 167 5 42.2222222 43.0000000 0.0180879
0.22 168 6 42.2222222 43.0000000 0.0180879
0.23 169 8 42.2222222 43.0000000 0.0180879
0.35 170 8 42.2222222 43.0000000 0.0180879
0.57 171 5 42.2222222 43.0000000 0.0180879
0.68 172 7 42.2222222 43.0000000 0.0180879
0.68 173 8 42.2222222 43.0000000 0.0180879
0.35 174 8 42.2222222 43.0000000 0.0180879
0.38 175 11 42.2222222 43.0000000 0.0180879
0.06 176 8 42.2222222 43.0000000 0.0180879
0.06 177 10 42.2222222 43.0000000 0.0180879
0.39 178 8 42.2222222 43.0000000 0.0180879
0.39 179 7 42.2222222 43.0000000 0.0180879
0.05 180 9 42.2222222 43.0000000 0.0180879
0.42 181 7 42.2222222 43.0000000 0.0180879
