0.37 0 0 35.1000000 44.0000000 0.2022727
0.03 1 96 35.3222222 44.0000000 0.1972222
0.06 2 106 35.4583333 44.0000000 0.1941288
0.08 3 108 35.5608841 44.0000000 0.1917981
0.07 4 97 35.7495504 44.0000000 0.1875102
0.10 5 112 35.9832505 44.0000000 0.1821989
0.18 6 120 36.2892821 44.0000000 0.1752436
0.18 7 99 36.7799230 44.0000000 0.1640927
0.15 8 110 37.0847027 44.0000000 0.1571658
0.33 9 107 37.4045565 44.0000000 0.1498964
0.30 10 116 37.7901689 44.0000000 0.1411325
0.25 11 101 37.9621304 44.0000000 0.1372243
0.50 12 121 38.1827770 44.0000000 0.1322096
0.60 13 136 38.4130441 44.0000000 0.1269763
7.32 14 116 38.7053013 44.0000000 0.1203341
0.75 15 138 38.8095413 44.0000000 0.1179650
0.94 16 135 38.9338070 44.0000000 0.1151408
0.93 17 112 39.0629834 44.0000000 0.1122049
0.55 18 120 39.2283631 44.0000000 0.1084463
1.38 19 113 39.3375092 44.0000000 0.1059657
1.94 20 106 39.4350160 44.0000000 0.1037496
3.04 21 75 39.5287926 44.0000000 0.1016183
6.27 22 104 39.6734905 44.0000000 0.0983298
2.57 23 115 39.7687818 44.0000000 0.0961640
6.63 24 108 39.8743857 44.0000000 0.0937640
0.57 25 109 39.9586199 44.0000000 0.0918495
4.86 26 99 40.0333583 44.0000000 0.0901509
0.58 27 84 40.0995581 44.0000000 0.0886464
2.16 28 98 40.1692180 44.0000000 0.0870632
7.24 29 88 40.2292187 44.0000000 0.0856996
6.34 30 89 40.2662906 44.0000000 0.0848570
2.21 31 72 40.3253237 44.0000000 0.0835154
1.33 32 80 40.3741425 44.0000000 0.0824059
4.97 33 99 40.4244933 44.0000000 0.0812615
3.02 34 74 40.4741474 44.0000000 0.0801330
6.32 35 104 40.5384762 44.0000000 0.0786710
9.16 36 79 40.6237179 44.0000000 0.0767337
6.21 37 77 40.6804817 44.0000000 0.0754436
5.60 38 84 40.7524497 44.0000000 0.0738080
5.92 39 75 40.8051261 44.0000000 0.0726108
3.11 40 75 40.8550077 44.0000000 0.0714771
2.40 41 65 40.8868910 44.0000000 0.0707525
0.50 42 60 40.9228126 44.0000000 0.0699361
2.59 43 62 40.9538122 44.0000000 0.0692315
0.47 44 71 40.9694634 44.0000000 0.0688758
0.53 45 51 40.9872920 44.0000000 0.0684706
2.87 46 45 41.0020186 44.0000000 0.0681359
6.46 47 58 41.0263928 44.0000000 0.0675820
5.63 48 67 41.0564649 44.0000000 0.0668985
12.32 49 57 41.0966250 44.0000000 0.0659858
6.30 50 61 41.1123044 44.0000000 0.0656294
7.07 51 63 41.1355872 44.0000000 0.0651003
3.46 52 66 41.1529679 44.0000000 0.0647053
3.15 53 78 41.1735108 44.0000000 0.0642384
3.27 54 50 41.1854609 44.0000000 0.0639668
7.95 55 48 41.1972588 44.0000000 0.0636987
1.00 56 47 41.2097943 44.0000000 0.0634138
8.07 57 54 41.2288112 44.0000000 0.0629816
7.88 58 66 41.2402136 44.0000000 0.0627224
3.52 59 58 41.2463990 44.0000000 0.0625818
2.33 60 58 41.2534990 44.0000000 0.0624205
2.93 61 54 41.2670130 44.0000000 0.0621133
2.75 62 39 41.2708170 44.0000000 0.0620269
5.27 63 38 41.2829089 44.0000000 0.0617521
2.76 64 42 41.2956396 44.0000000 0.0614627
0.54 65 62 41.3095920 44.0000000 0.0611456
6.57 66 28 41.3152630 44.0000000 0.0610168
4.31 67 49 41.3288520 44.0000000 0.0607079
2.99 68 39 41.3338345 44.0000000 0.0605947
4.63 69 48 41.3419659 44.0000000 0.0604099
0.39 70 35 41.3452851 44.0000000 0.0603344
2.87 71 42 41.3524640 44.0000000 0.0601713
0.66 72 53 41.3605326 44.0000000 0.0599879
0.87 73 40 41.3676079 44.0000000 0.0598271
3.68 74 55 41.3754967 44.0000000 0.0596478
0.48 75 40 41.3864288 44.0000000 0.0593993
2.85 76 40 41.3920661 44.0000000 0.0592712
