0.21 0 0 55.0000000 59.0000000 0.0677966
0.03 1 99 55.0000000 59.0000000 0.0677966
0.03 2 79 55.1666667 59.0000000 0.0649718
0.02 3 83 55.3653846 59.0000000 0.0616037
0.10 4 83 55.5000000 59.0000000 0.0593220
0.04 5 67 55.5000000 59.0000000 0.0593220
0.03 6 46 55.5331155 59.0000000 0.0587608
0.09 7 55 55.7291667 59.0000000 0.0554379
0.03 8 40 55.7666667 59.0000000 0.0548023
0.06 9 53 55.7866667 59.0000000 0.0544633
0.09 10 53 55.8333333 59.0000000 0.0536723
0.07 11 40 55.8366667 59.0000000 0.0536158
0.16 12 50 55.8750000 59.0000000 0.0529661
0.09 13 76 55.9939516 59.0000000 0.0509500
0.08 14 66 56.0303288 59.0000000 0.0503334
0.25 15 75 56.1188811 59.0000000 0.0488325
0.21 16 63 56.1468254 59.0000000 0.0483589
0.10 17 51 56.1830065 59.0000000 0.0477457
0.20 18 67 56.2130780 59.0000000 0.0472360
0.64 19 58 56.2973856 59.0000000 0.0458070
0.43 20 67 56.3511905 59.0000000 0.0448951
0.15 21 61 56.3750000 59.0000000 0.0444915
0.09 22 37 56.3802817 59.0000000 0.0444020
0.12 23 49 56.4062500 59.0000000 0.0439619
0.22 24 42 56.4137931 59.0000000 0.0438340
0.15 25 38 56.4198895 59.0000000 0.0437307
0.14 26 49 56.4351852 59.0000000 0.0434714
0.11 27 45 56.4444444 59.0000000 0.0433145
0.22 28 61 56.4444444 59.0000000 0.0433145
0.17 29 43 56.4489796 59.0000000 0.0432376
0.59 30 47 56.4588235 59.0000000 0.0430708
0.63 31 44 56.5000000 59.0000000 0.0423729
0.32 32 46 56.5000000 59.0000000 0.0423729
0.13 33 30 56.5000000 59.0000000 0.0423729
0.11 34 40 56.5000000 59.0000000 0.0423729
0.21 35 25 56.5000000 59.0000000 0.0423729
0.43 36 33 56.5000000 59.0000000 0.0423729
0.27 37 22 56.5000000 59.0000000 0.0423729
0.41 38 27 56.5000000 59.0000000 0.0423729
0.19 39 40 56.5000000 59.0000000 0.0423729
0.13 40 30 56.5000000 59.0000000 0.0423729
0.06 41 20 56.5000000 59.0000000 0.0423729
0.05 42 20 56.5000000 59.0000000 0.0423729
0.02 43 11 56.5000000 59.0000000 0.0423729
0.02 44 6 56.5000000 59.0000000 0.0423729
0.04 45 6 56.5000000 59.0000000 0.0423729
0.02 46 9 56.5000000 59.0000000 0.0423729
0.06 47 10 56.5000000 59.0000000 0.0423729
0.03 48 13 56.5000000 59.0000000 0.0423729
0.02 49 12 56.5000000 59.0000000 0.0423729
0.28 50 11 56.5000000 59.0000000 0.0423729
0.02 51 5 56.5000000 59.0000000 0.0423729
0.03 52 8 56.5000000 59.0000000 0.0423729
0.02 53 6 56.5000000 59.0000000 0.0423729
0.01 54 1 56.5000000 59.0000000 0.0423729
0.12 55 4 56.5000000 59.0000000 0.0423729
0.03 56 4 56.5000000 59.0000000 0.0423729
0.11 57 7 56.5000000 59.0000000 0.0423729
0.02 58 8 56.5000000 59.0000000 0.0423729
0.07 59 4 56.5000000 59.0000000 0.0423729
0.05 60 7 56.5000000 59.0000000 0.0423729
0.05 61 5 56.5000000 59.0000000 0.0423729
0.05 62 7 56.5000000 59.0000000 0.0423729
0.03 63 5 56.5000000 59.0000000 0.0423729
0.05 64 2 56.5000000 59.0000000 0.0423729
