0.41 0 0 45.5970320 73.0000000 0.3753831
0.07 1 72 46.5734196 73.0000000 0.3620080
0.07 2 93 46.8324398 73.0000000 0.3584597
0.07 3 104 46.9737038 73.0000000 0.3565246
0.24 4 120 47.6135547 73.0000000 0.3477595
0.66 5 120 47.8479673 73.0000000 0.3445484
0.16 6 122 48.0784328 73.0000000 0.3413913
0.20 7 129 48.6101214 73.0000000 0.3341079
0.23 8 107 48.8865419 73.0000000 0.3303213
1.85 9 149 49.2859100 73.0000000 0.3248505
0.47 10 121 49.8213733 73.0000000 0.3175154
0.36 11 135 50.2281576 73.0000000 0.3119430
0.23 12 133 50.5482511 73.0000000 0.3075582
0.59 13 144 51.3085485 73.0000000 0.2971432
2.18 14 151 51.5878790 73.0000000 0.2933167
0.92 15 144 51.9127022 73.0000000 0.2888671
0.66 16 152 52.1318624 73.0000000 0.2858649
3.11 17 163 52.4501512 73.0000000 0.2815048
0.69 18 146 52.7130807 73.0000000 0.2779030
0.90 19 150 53.0243308 73.0000000 0.2736393
1.41 20 160 53.2481459 73.0000000 0.2705733
0.75 21 151 53.5273173 73.0000000 0.2667491
1.09 22 139 53.7998145 73.0000000 0.2630162
0.49 23 139 54.0608699 73.0000000 0.2594401
0.67 24 135 54.2129341 73.0000000 0.2573571
3.54 25 123 54.3798055 73.0000000 0.2550712
1.19 26 140 54.5251336 73.0000000 0.2530804
0.65 27 125 54.6746770 73.0000000 0.2510318
1.10 28 150 54.8642154 73.0000000 0.2484354
2.67 29 150 55.0210014 73.0000000 0.2462877
3.50 30 145 55.2907932 73.0000000 0.2425919
0.70 31 137 55.6136288 73.0000000 0.2381695
0.86 32 167 55.8015564 73.0000000 0.2355951
3.23 33 140 55.9803904 73.0000000 0.2331453
0.60 34 121 56.0704258 73.0000000 0.2319120
3.70 35 92 56.2287857 73.0000000 0.2297427
4.31 36 101 56.3676782 73.0000000 0.2278400
0.51 37 90 56.4635162 73.0000000 0.2265272
1.08 38 106 56.5542658 73.0000000 0.2252840
1.28 39 92 56.6285735 73.0000000 0.2242661
2.42 40 88 56.7150448 73.0000000 0.2230816
0.59 41 92 56.8120236 73.0000000 0.2217531
0.99 42 99 56.9080357 73.0000000 0.2204379
1.06 43 118 56.9696741 73.0000000 0.2195935
0.36 44 76 57.0555525 73.0000000 0.2184171
0.53 45 95 57.1581399 73.0000000 0.2170118
0.34 46 90 57.2041222 73.0000000 0.2163819
0.40 47 90 57.2789916 73.0000000 0.2153563
0.50 48 87 57.3435820 73.0000000 0.2144715
0.31 49 69 57.3679867 73.0000000 0.2141372
0.68 50 71 57.4482472 73.0000000 0.2130377
0.40 51 65 57.4856008 73.0000000 0.2125260
1.19 52 67 57.5395265 73.0000000 0.2117873
3.89 53 77 57.5883297 73.0000000 0.2111188
0.44 54 67 57.6585752 73.0000000 0.2101565
0.44 55 68 57.7142481 73.0000000 0.2093939
0.50 56 71 57.7655213 73.0000000 0.2086915
0.72 57 71 57.8115244 73.0000000 0.2080613
0.42 58 64 57.8442793 73.0000000 0.2076126
0.79 59 68 57.9010291 73.0000000 0.2068352
4.05 60 78 57.9548483 73.0000000 0.2060980
0.48 61 70 58.0127553 73.0000000 0.2053047
4.34 62 65 58.0793431 73.0000000 0.2043926
6.08 63 67 58.1157206 73.0000000 0.2038942
3.68 64 56 58.1476379 73.0000000 0.2034570
1.03 65 65 58.1789712 73.0000000 0.2030278
2.45 66 68 58.2142168 73.0000000 0.2025450
2.91 67 68 58.2746103 73.0000000 0.2017177
0.94 68 59 58.3107987 73.0000000 0.2012219
0.69 69 73 58.3411002 73.0000000 0.2008068
0.73 70 73 58.3711648 73.0000000 0.2003950
1.12 71 71 58.3884632 73.0000000 0.2001580
3.12 72 78 58.4102391 73.0000000 0.1998597
2.98 73 61 58.4456525 73.0000000 0.1993746
6.53 74 58 58.4722813 73.0000000 0.1990098
4.74 75 56 58.5065984 73.0000000 0.1985397
4.52 76 75 58.5547896 73.0000000 0.1978796
2.99 77 62 58.5959991 73.0000000 0.1973151
2.83 78 52 58.6144068 73.0000000 0.1970629
1.22 79 65 58.6614456 73.0000000 0.1964186
0.73 80 41 58.6822118 73.0000000 0.1961341
1.01 81 48 58.6972771 73.0000000 0.1959277
0.78 82 49 58.7280269 73.0000000 0.1955065
0.70 83 38 58.7714402 73.0000000 0.1949118
0.81 84 65 58.8218683 73.0000000 0.1942210
0.78 85 58 58.8491807 73.0000000 0.1938468
2.96 86 64 58.8761558 73.0000000 0.1934773
0.84 87 53 58.9171227 73.0000000 0.1929161
1.14 88 57 58.9420091 73.0000000 0.1925752
3.70 89 39 58.9684171 73.0000000 0.1922135
3.25 90 49 58.9954096 73.0000000 0.1918437
1.08 91 59 59.0325469 73.0000000 0.1913350
0.89 92 38 59.0515186 73.0000000 0.1910751
3.64 93 33 59.0669748 73.0000000 0.1908634
3.43 94 34 59.0760869 73.0000000 0.1907385
8.03 95 37 59.1016561 73.0000000 0.1903883
7.47 96 33 59.1178641 73.0000000 0.1901662
5.69 97 31 59.1375890 73.0000000 0.1898960
0.71 98 40 59.1635950 73.0000000 0.1895398
2.77 99 34 59.1774547 73.0000000 0.1893499
3.26 100 41 59.1852467 73.0000000 0.1892432
2.79 101 40 59.2074972 73.0000000 0.1889384
8.63 102 27 59.2189725 73.0000000 0.1887812
0.73 103 15 59.2246178 73.0000000 0.1887039
2.95 104 11 59.2250826 73.0000000 0.1886975
