0.33 0 0 26.0296296 37.0000000 0.2964965
0.04 1 90 26.7864514 37.0000000 0.2760419
0.08 2 106 27.1888422 37.0000000 0.2651664
0.12 3 112 27.7426461 37.0000000 0.2501988
0.11 4 108 28.0020587 37.0000000 0.2431876
0.36 5 129 28.4797321 37.0000000 0.2302775
0.17 6 118 28.7050154 37.0000000 0.2241888
0.24 7 119 29.0348989 37.0000000 0.2152730
0.19 8 123 29.3146872 37.0000000 0.2077112
0.33 9 132 29.6587075 37.0000000 0.1984133
0.31 10 144 29.9302354 37.0000000 0.1910747
0.88 11 133 30.2342389 37.0000000 0.1828584
0.40 12 146 30.4260888 37.0000000 0.1776733
0.56 13 118 30.5840606 37.0000000 0.1734038
0.48 14 132 30.7456415 37.0000000 0.1690367
0.29 15 118 30.9647114 37.0000000 0.1631159
2.32 16 145 31.0821403 37.0000000 0.1599422
0.87 17 130 31.1785207 37.0000000 0.1573373
0.95 18 129 31.3964493 37.0000000 0.1514473
3.48 19 137 31.4915303 37.0000000 0.1488776
3.59 20 145 31.6845245 37.0000000 0.1436615
8.34 21 123 31.7770603 37.0000000 0.1411605
5.61 22 130 31.8558368 37.0000000 0.1390314
1.18 23 123 31.9511480 37.0000000 0.1364555
7.19 24 119 32.0243621 37.0000000 0.1344767
2.91 25 125 32.0976833 37.0000000 0.1324950
4.43 26 111 32.1619049 37.0000000 0.1307593
0.76 27 120 32.2566570 37.0000000 0.1281985
8.91 28 114 32.3464027 37.0000000 0.1257729
7.54 29 128 32.4384443 37.0000000 0.1232853
1.08 30 101 32.5264630 37.0000000 0.1209064
4.47 31 91 32.5801124 37.0000000 0.1194564
0.61 32 105 32.6387231 37.0000000 0.1178723
7.95 33 99 32.7111543 37.0000000 0.1159147
1.90 34 76 32.7466130 37.0000000 0.1149564
0.58 35 75 32.7766532 37.0000000 0.1141445
0.97 36 85 32.8273950 37.0000000 0.1127731
4.06 37 76 32.8758750 37.0000000 0.1114628
5.35 38 84 32.9073965 37.0000000 0.1106109
2.85 39 72 32.9347263 37.0000000 0.1098723
1.07 40 80 32.9675982 37.0000000 0.1089838
7.17 41 72 33.0108003 37.0000000 0.1078162
2.66 42 89 33.0494380 37.0000000 0.1067719
1.13 43 77 33.0831578 37.0000000 0.1058606
0.68 44 91 33.1208565 37.0000000 0.1048417
0.89 45 82 33.1568851 37.0000000 0.1038680
0.59 46 86 33.1941002 37.0000000 0.1028622
1.04 47 84 33.2264585 37.0000000 0.1019876
1.27 48 85 33.2748525 37.0000000 0.1006797
0.98 49 81 33.3129690 37.0000000 0.0996495
1.22 50 74 33.3366550 37.0000000 0.0990093
3.37 51 74 33.3738526 37.0000000 0.0980040
0.94 52 81 33.3948064 37.0000000 0.0974377
0.79 53 82 33.4148166 37.0000000 0.0968968
1.20 54 85 33.4470534 37.0000000 0.0960256
4.18 55 77 33.4715056 37.0000000 0.0953647
1.02 56 77 33.4970227 37.0000000 0.0946751
2.71 57 86 33.5138411 37.0000000 0.0942205
3.19 58 70 33.5380475 37.0000000 0.0935663
2.95 59 71 33.5649255 37.0000000 0.0928399
2.60 60 81 33.5922183 37.0000000 0.0921022
5.90 61 71 33.6163394 37.0000000 0.0914503
2.35 62 76 33.6432227 37.0000000 0.0907237
3.85 63 69 33.6747515 37.0000000 0.0898716
5.05 64 83 33.7106923 37.0000000 0.0889002
0.86 65 80 33.7436792 37.0000000 0.0880087
3.78 66 86 33.7657482 37.0000000 0.0874122
1.54 67 73 33.8117394 37.0000000 0.0861692
9.96 68 72 33.8545126 37.0000000 0.0850132
2.50 69 74 33.8812870 37.0000000 0.0842895
1.20 70 68 33.9233668 37.0000000 0.0831522
3.19 71 67 33.9527313 37.0000000 0.0823586
6.77 72 57 33.9731792 37.0000000 0.0818060
4.29 73 75 34.0031950 37.0000000 0.0809947
3.98 74 78 34.0555918 37.0000000 0.0795786
7.24 75 72 34.0798154 37.0000000 0.0789239
1.59 76 64 34.1055612 37.0000000 0.0782281
1.72 77 57 34.1289048 37.0000000 0.0775972
6.26 78 58 34.1439557 37.0000000 0.0771904
3.86 79 54 34.1607009 37.0000000 0.0767378
