0.38 0 0 219.8333333 338.0000000 0.3496055
0.05 1 76 222.3819444 338.0000000 0.3420653
0.05 2 100 224.4875790 338.0000000 0.3358356
0.10 3 118 228.1437528 338.0000000 0.3250185
0.14 4 131 230.9990916 338.0000000 0.3165707
0.14 5 144 233.2952955 338.0000000 0.3097772
0.21 6 141 235.5870265 338.0000000 0.3029970
0.46 7 152 238.1591645 338.0000000 0.2953871
0.31 8 156 241.4427377 338.0000000 0.2856724
0.22 9 155 244.0552388 338.0000000 0.2779431
0.27 10 161 247.0034681 338.0000000 0.2692205
0.33 11 175 249.2748516 338.0000000 0.2625004
0.33 12 185 252.8144548 338.0000000 0.2520282
0.65 13 183 256.0220879 338.0000000 0.2425382
0.26 14 149 257.9343628 338.0000000 0.2368806
1.93 15 179 260.5180320 338.0000000 0.2292366
1.03 16 163 262.9187115 338.0000000 0.2221340
0.62 17 177 264.6171998 338.0000000 0.2171089
1.09 18 161 266.2567557 338.0000000 0.2122581
1.28 19 189 267.9873049 338.0000000 0.2071382
1.38 20 166 269.1733905 338.0000000 0.2036290
0.63 21 177 270.4121223 338.0000000 0.1999641
2.44 22 183 271.6928040 338.0000000 0.1961751
1.38 23 166 273.5385989 338.0000000 0.1907142
5.75 24 179 274.6888341 338.0000000 0.1873111
2.97 25 170 275.6890426 338.0000000 0.1843519
5.97 26 170 276.8478045 338.0000000 0.1809237
5.48 27 175 278.0338352 338.0000000 0.1774147
3.84 28 165 279.4994753 338.0000000 0.1730785
11.44 29 178 281.2954945 338.0000000 0.1677648
6.23 30 162 282.4291241 338.0000000 0.1644109
19.58 31 164 283.3803314 338.0000000 0.1615967
1.83 32 186 284.3578019 338.0000000 0.1587047
8.31 33 160 285.3645195 338.0000000 0.1557263
12.11 34 189 286.4389470 338.0000000 0.1525475
10.80 35 145 287.6512756 338.0000000 0.1489607
7.40 36 145 288.3191192 338.0000000 0.1469849
11.32 37 146 289.0153515 338.0000000 0.1449250
7.50 38 159 289.8444283 338.0000000 0.1424721
14.82 39 140 290.9229408 338.0000000 0.1392812
14.54 40 167 291.7527651 338.0000000 0.1368261
9.49 41 142 292.5026686 338.0000000 0.1346075
17.79 42 170 293.3723210 338.0000000 0.1320346
16.63 43 167 294.3555058 338.0000000 0.1291257
17.32 44 162 295.3701833 338.0000000 0.1261237
19.48 45 158 296.1181614 338.0000000 0.1239108
