0.52 0 0 51.5681818 59.0000000 0.1259630
0.07 1 56 52.2555096 59.0000000 0.1143134
0.06 2 73 52.8451386 59.0000000 0.1043197
0.07 3 64 53.2695597 59.0000000 0.0971261
0.09 4 73 53.7524016 59.0000000 0.0889423
0.35 5 85 54.4142034 59.0000000 0.0777254
0.19 6 72 54.5771245 59.0000000 0.0749640
0.41 7 79 54.7664062 59.0000000 0.0717558
0.14 8 121 55.1959822 59.0000000 0.0644749
0.18 9 97 55.3926403 59.0000000 0.0611417
0.34 10 106 55.5680565 59.0000000 0.0581685
0.65 11 81 55.6908103 59.0000000 0.0560880
0.53 12 93 55.8063500 59.0000000 0.0541297
0.87 13 105 55.9312367 59.0000000 0.0520129
5.29 14 86 56.1090504 59.0000000 0.0489991
1.10 15 99 56.2540157 59.0000000 0.0465421
1.73 16 84 56.3601913 59.0000000 0.0447425
0.34 17 94 56.4768601 59.0000000 0.0427651
1.10 18 88 56.5737731 59.0000000 0.0411225
2.93 19 72 56.6589568 59.0000000 0.0396787
4.36 20 89 56.7769312 59.0000000 0.0376791
4.64 21 90 56.8858966 59.0000000 0.0358323
3.23 22 93 56.9898796 59.0000000 0.0340698
3.33 23 68 57.0695711 59.0000000 0.0327191
1.91 24 76 57.1795448 59.0000000 0.0308552
2.27 25 71 57.2451546 59.0000000 0.0297431
10.86 26 72 57.3177352 59.0000000 0.0285130
3.44 27 81 57.3895607 59.0000000 0.0272956
10.61 28 81 57.4632055 59.0000000 0.0260474
7.68 29 84 57.5577698 59.0000000 0.0244446
7.88 30 78 57.6507719 59.0000000 0.0228683
8.49 31 80 57.7309114 59.0000000 0.0215100
12.01 32 72 57.7918580 59.0000000 0.0204770
9.79 33 66 57.8478718 59.0000000 0.0195276
7.66 34 74 57.9002427 59.0000000 0.0186400
5.46 35 79 57.9332359 59.0000000 0.0180807
3.36 36 57 57.9668350 59.0000000 0.0175113
12.33 37 61 58.0103640 59.0000000 0.0167735
7.11 38 57 58.0372559 59.0000000 0.0163177
4.98 39 56 58.0642181 59.0000000 0.0158607
6.70 40 58 58.1049880 59.0000000 0.0151697
8.08 41 50 58.1341060 59.0000000 0.0146762
12.35 42 53 58.1640820 59.0000000 0.0141681
7.04 43 46 58.1943173 59.0000000 0.0136556
5.96 44 61 58.2157077 59.0000000 0.0132931
8.30 45 56 58.2455744 59.0000000 0.0127869
4.97 46 57 58.2690532 59.0000000 0.0123889
5.86 47 46 58.2849814 59.0000000 0.0121190
9.32 48 52 58.3063125 59.0000000 0.0117574
7.94 49 37 58.3175345 59.0000000 0.0115672
8.89 50 45 58.3370027 59.0000000 0.0112372
5.57 51 38 58.3462034 59.0000000 0.0110813
11.68 52 43 58.3710571 59.0000000 0.0106600
8.43 53 53 58.3972706 59.0000000 0.0102158
