0.22 0 0 51.0000000 54.0000000 0.0555556
0.02 1 82 51.0000000 54.0000000 0.0555556
0.03 2 92 51.1666667 54.0000000 0.0524691
0.05 3 74 51.3571429 54.0000000 0.0489418
0.05 4 77 51.5000000 54.0000000 0.0462963
0.11 5 68 51.5000000 54.0000000 0.0462963
0.10 6 66 51.5000000 54.0000000 0.0462963
0.11 7 66 51.5000000 54.0000000 0.0462963
0.09 8 73 51.5833333 54.0000000 0.0447531
0.07 9 56 51.6388889 54.0000000 0.0437243
0.33 10 74 51.6666667 54.0000000 0.0432099
0.13 11 61 51.6666667 54.0000000 0.0432099
0.11 12 62 51.6666667 54.0000000 0.0432099
0.17 13 51 51.6969697 54.0000000 0.0426487
0.20 14 59 51.6969697 54.0000000 0.0426487
0.11 15 45 51.7348837 54.0000000 0.0419466
0.20 16 58 51.7464286 54.0000000 0.0417328
0.18 17 68 51.7500000 54.0000000 0.0416667
0.21 18 39 51.7500000 54.0000000 0.0416667
0.09 19 41 51.7500000 54.0000000 0.0416667
0.14 20 42 51.7500000 54.0000000 0.0416667
0.05 21 35 51.7500000 54.0000000 0.0416667
0.10 22 33 51.7500000 54.0000000 0.0416667
0.05 23 19 51.7500000 54.0000000 0.0416667
0.13 24 24 51.7500000 54.0000000 0.0416667
0.08 25 23 51.7500000 54.0000000 0.0416667
0.09 26 26 51.7500000 54.0000000 0.0416667
0.12 27 41 51.7500000 54.0000000 0.0416667
0.57 28 24 51.7500000 54.0000000 0.0416667
0.05 29 22 51.7500000 54.0000000 0.0416667
0.05 30 18 51.7500000 54.0000000 0.0416667
0.12 31 21 51.7500000 54.0000000 0.0416667
0.07 32 27 51.7500000 54.0000000 0.0416667
0.29 33 19 51.7500000 54.0000000 0.0416667
0.04 34 19 51.7528558 54.0000000 0.0416138
0.77 35 28 51.7631579 54.0000000 0.0414230
0.10 36 23 51.7711521 54.0000000 0.0412750
0.35 37 20 51.7857143 54.0000000 0.0410053
0.34 38 29 51.8000000 54.0000000 0.0407407
0.08 39 22 51.8000000 54.0000000 0.0407407
0.13 40 20 51.8000000 54.0000000 0.0407407
0.11 41 18 51.8038033 54.0000000 0.0406703
0.19 42 28 51.8043478 54.0000000 0.0406602
0.38 43 24 51.8120205 54.0000000 0.0405181
0.23 44 25 51.8120205 54.0000000 0.0405181
0.54 45 26 51.8120205 54.0000000 0.0405181
0.21 46 30 51.8181818 54.0000000 0.0404040
0.05 47 28 51.8188406 54.0000000 0.0403918
0.29 48 24 51.8333333 54.0000000 0.0401235
0.04 49 23 51.8333333 54.0000000 0.0401235
0.11 50 24 51.8333333 54.0000000 0.0401235
0.06 51 18 51.8333333 54.0000000 0.0401235
0.61 52 23 51.8333333 54.0000000 0.0401235
0.07 53 23 51.8333333 54.0000000 0.0401235
0.04 54 20 51.8333333 54.0000000 0.0401235
0.04 55 16 51.8333333 54.0000000 0.0401235
0.06 56 15 51.8333333 54.0000000 0.0401235
0.03 57 14 51.8333333 54.0000000 0.0401235
0.07 58 20 51.8333333 54.0000000 0.0401235
0.05 59 15 51.8333333 54.0000000 0.0401235
0.07 60 17 51.8333333 54.0000000 0.0401235
0.03 61 12 51.8333333 54.0000000 0.0401235
0.04 62 12 51.8333333 54.0000000 0.0401235
0.03 63 9 51.8333333 54.0000000 0.0401235
0.08 64 18 51.8333333 54.0000000 0.0401235
0.05 65 13 51.8333333 54.0000000 0.0401235
0.03 66 9 51.8333333 54.0000000 0.0401235
0.03 67 13 51.8333333 54.0000000 0.0401235
0.04 68 13 51.8333333 54.0000000 0.0401235
0.04 69 9 51.8333333 54.0000000 0.0401235
0.03 70 9 51.8333333 54.0000000 0.0401235
0.06 71 16 51.8333333 54.0000000 0.0401235
0.03 72 9 51.8333333 54.0000000 0.0401235
0.03 73 15 51.8333333 54.0000000 0.0401235
0.04 74 11 51.8333333 54.0000000 0.0401235
0.04 75 13 51.8333333 54.0000000 0.0401235
0.31 76 8 51.8333333 54.0000000 0.0401235
0.03 77 12 51.8333333 54.0000000 0.0401235
0.05 78 14 51.8333333 54.0000000 0.0401235
0.06 79 19 51.8333333 54.0000000 0.0401235
0.30 80 12 51.8333333 54.0000000 0.0401235
0.03 81 10 51.8333333 54.0000000 0.0401235
0.04 82 15 51.8333333 54.0000000 0.0401235
0.10 83 11 51.8333333 54.0000000 0.0401235
0.15 84 15 51.8333333 54.0000000 0.0401235
0.04 85 10 51.8333333 54.0000000 0.0401235
0.06 86 9 51.8333333 54.0000000 0.0401235
0.18 87 13 51.8333333 54.0000000 0.0401235
0.11 88 13 51.8333333 54.0000000 0.0401235
0.09 89 15 51.8333333 54.0000000 0.0401235
0.69 90 12 51.8333333 54.0000000 0.0401235
0.33 91 12 51.8333333 54.0000000 0.0401235
0.04 92 12 51.8333333 54.0000000 0.0401235
0.16 93 20 51.8333333 54.0000000 0.0401235
0.19 94 16 51.8333333 54.0000000 0.0401235
0.04 95 11 51.8333333 54.0000000 0.0401235
0.03 96 17 51.8333333 54.0000000 0.0401235
0.06 97 13 51.8333333 54.0000000 0.0401235
0.08 98 15 51.8333333 54.0000000 0.0401235
0.07 99 14 51.8333333 54.0000000 0.0401235
0.29 100 14 51.8333333 54.0000000 0.0401235
0.06 101 18 51.8333333 54.0000000 0.0401235
0.03 102 13 51.8333333 54.0000000 0.0401235
0.05 103 16 51.8333333 54.0000000 0.0401235
1.37 104 15 51.8333333 54.0000000 0.0401235
0.06 105 12 51.8333885 54.0000000 0.0401224
0.17 106 18 51.8335567 54.0000000 0.0401193
0.74 107 22 51.8341742 54.0000000 0.0401079
0.66 108 20 51.8353225 54.0000000 0.0400866
0.80 109 19 51.8382128 54.0000000 0.0400331
3.49 110 18 51.8452359 54.0000000 0.0399030
1.33 111 25 51.8473586 54.0000000 0.0398637
0.60 112 20 51.8529412 54.0000000 0.0397603
0.97 113 24 51.8530962 54.0000000 0.0397575
0.17 114 17 51.8538828 54.0000000 0.0397429
0.51 115 15 51.8549928 54.0000000 0.0397224
3.11 116 18 51.8557350 54.0000000 0.0397086
2.68 117 20 51.8567854 54.0000000 0.0396892
2.84 118 18 51.8580753 54.0000000 0.0396653
0.45 119 19 51.8583552 54.0000000 0.0396601
0.94 120 21 51.8586334 54.0000000 0.0396549
0.93 121 18 51.8601016 54.0000000 0.0396277
3.32 122 25 51.8626767 54.0000000 0.0395801
0.47 123 19 51.8679489 54.0000000 0.0394824
0.47 124 23 51.8695830 54.0000000 0.0394522
0.60 125 15 51.8725360 54.0000000 0.0393975
0.35 126 16 51.8745109 54.0000000 0.0393609
1.02 127 22 51.8750000 54.0000000 0.0393519
0.16 128 12 51.8771112 54.0000000 0.0393128
0.18 129 19 51.8818437 54.0000000 0.0392251
2.76 130 21 51.8831653 54.0000000 0.0392006
0.24 131 21 51.8844774 54.0000000 0.0391763
0.07 132 17 51.8873671 54.0000000 0.0391228
0.11 133 18 51.8896040 54.0000000 0.0390814
0.35 134 14 51.8908410 54.0000000 0.0390585
0.32 135 20 51.8925494 54.0000000 0.0390269
0.27 136 15 51.8952920 54.0000000 0.0389761
0.70 137 22 51.8968690 54.0000000 0.0389469
0.12 138 14 51.8983168 54.0000000 0.0389201
0.09 139 21 51.8997411 54.0000000 0.0388937
0.17 140 19 51.9021910 54.0000000 0.0388483
0.28 141 15 51.9040445 54.0000000 0.0388140
0.31 142 19 51.9057494 54.0000000 0.0387824
0.44 143 15 51.9073714 54.0000000 0.0387524
0.07 144 9 51.9096819 54.0000000 0.0387096
0.11 145 10 51.9113975 54.0000000 0.0386778
0.06 146 10 51.9129574 54.0000000 0.0386489
0.23 147 10 51.9146110 54.0000000 0.0386183
0.08 148 11 51.9161685 54.0000000 0.0385895
0.11 149 11 51.9175176 54.0000000 0.0385645
0.12 150 11 51.9191894 54.0000000 0.0385335
0.16 151 9 51.9208990 54.0000000 0.0385019
0.14 152 9 51.9223406 54.0000000 0.0384752
0.56 153 6 51.9230113 54.0000000 0.0384628
0.35 154 6 51.9240717 54.0000000 0.0384431
0.43 155 12 51.9257165 54.0000000 0.0384127
0.34 156 14 51.9274729 54.0000000 0.0383801
0.38 157 12 51.9303335 54.0000000 0.0383272
0.07 158 11 51.9337110 54.0000000 0.0382646
0.11 159 14 51.9347826 54.0000000 0.0382448
0.03 160 16 51.9372172 54.0000000 0.0381997
0.09 161 10 51.9392764 54.0000000 0.0381615
0.09 162 9 51.9414780 54.0000000 0.0381208
0.06 163 12 51.9429864 54.0000000 0.0380928
0.09 164 11 51.9429864 54.0000000 0.0380928
0.11 165 9 51.9445722 54.0000000 0.0380635
0.06 166 17 51.9458985 54.0000000 0.0380389
0.09 167 19 51.9474577 54.0000000 0.0380100
0.07 168 11 51.9489711 54.0000000 0.0379820
0.34 169 13 51.9504104 54.0000000 0.0379554
0.09 170 10 51.9518868 54.0000000 0.0379280
0.32 171 11 51.9544495 54.0000000 0.0378806
0.29 172 5 51.9562216 54.0000000 0.0378477
0.08 173 11 51.9583359 54.0000000 0.0378086
0.08 174 11 51.9596658 54.0000000 0.0377840
0.32 175 9 51.9610546 54.0000000 0.0377582
0.31 176 14 51.9626917 54.0000000 0.0377279
0.07 177 9 51.9639404 54.0000000 0.0377048
0.33 178 12 51.9643349 54.0000000 0.0376975
0.31 179 10 51.9655702 54.0000000 0.0376746
0.08 180 12 51.9666667 54.0000000 0.0376543
0.03 181 14 51.9666667 54.0000000 0.0376543
0.03 182 11 51.9668706 54.0000000 0.0376505
0.08 183 13 51.9691674 54.0000000 0.0376080
0.28 184 13 51.9729388 54.0000000 0.0375382
0.06 185 14 51.9748540 54.0000000 0.0375027
0.29 186 18 51.9761582 54.0000000 0.0374786
0.12 187 12 51.9763351 54.0000000 0.0374753
0.28 188 11 51.9781880 54.0000000 0.0374410
0.09 189 10 51.9785566 54.0000000 0.0374341
0.04 190 11 51.9794626 54.0000000 0.0374174
0.09 191 13 51.9810386 54.0000000 0.0373882
0.09 192 10 51.9818156 54.0000000 0.0373738
0.07 193 9 51.9822818 54.0000000 0.0373652
0.08 194 12 51.9827684 54.0000000 0.0373561
0.07 195 6 51.9840510 54.0000000 0.0373324
0.12 196 11 51.9847057 54.0000000 0.0373203
0.10 197 13 51.9854987 54.0000000 0.0373056
0.34 198 12 51.9862505 54.0000000 0.0372917
0.12 199 11 51.9867594 54.0000000 0.0372822
2.52 200 11 51.9877180 54.0000000 0.0372645
0.11 201 9 51.9886017 54.0000000 0.0372481
0.11 202 11 51.9895176 54.0000000 0.0372312
0.13 203 14 51.9899429 54.0000000 0.0372233
0.08 204 12 51.9905714 54.0000000 0.0372116
0.55 205 14 51.9913379 54.0000000 0.0371974
0.91 206 14 51.9919087 54.0000000 0.0371869
0.43 207 12 51.9924961 54.0000000 0.0371760
0.27 208 16 51.9924961 54.0000000 0.0371760
1.51 209 14 51.9930224 54.0000000 0.0371663
0.15 210 13 51.9938129 54.0000000 0.0371516
0.08 211 10 51.9947173 54.0000000 0.0371349
0.08 212 11 51.9966283 54.0000000 0.0370995
0.07 213 14 51.9986980 54.0000000 0.0370611
0.11 214 13 51.9997290 54.0000000 0.0370421
0.89 215 11 51.9997290 54.0000000 0.0370421
0.07 216 11 52.0000000 54.0000000 0.0370370
