0.22 0 0 53.0000000 55.0000000 0.0363636
0.01 1 67 53.0000000 55.0000000 0.0363636
0.02 2 71 53.0000000 55.0000000 0.0363636
0.02 3 52 53.0454545 55.0000000 0.0355372
0.12 4 50 53.1666667 55.0000000 0.0333333
0.04 5 55 53.1666667 55.0000000 0.0333333
0.10 6 44 53.1666667 55.0000000 0.0333333
0.05 7 41 53.1666667 55.0000000 0.0333333
0.09 8 43 53.2000000 55.0000000 0.0327273
0.31 9 41 53.2380952 55.0000000 0.0320346
0.14 10 23 53.2407407 55.0000000 0.0319865
0.09 11 54 53.3571429 55.0000000 0.0298701
0.12 12 39 53.3636364 55.0000000 0.0297521
0.04 13 26 53.3855422 55.0000000 0.0293538
0.05 14 41 53.4000000 55.0000000 0.0290909
0.03 15 28 53.4090909 55.0000000 0.0289256
0.18 16 37 53.4204545 55.0000000 0.0287190
0.08 17 35 53.4693878 55.0000000 0.0278293
0.06 18 36 53.4827586 55.0000000 0.0275862
0.04 19 14 53.4909091 55.0000000 0.0274380
0.16 20 22 53.5000000 55.0000000 0.0272727
0.34 21 36 53.5000000 55.0000000 0.0272727
0.21 22 29 53.5294118 55.0000000 0.0267380
0.76 23 16 53.5348837 55.0000000 0.0266385
0.08 24 16 53.5454545 55.0000000 0.0264463
0.13 25 24 53.5555556 55.0000000 0.0262626
0.04 26 29 53.5555556 55.0000000 0.0262626
0.30 27 22 53.5573770 55.0000000 0.0262295
0.32 28 35 53.5652174 55.0000000 0.0260870
0.07 29 16 53.5714286 55.0000000 0.0259740
0.28 30 34 53.5714286 55.0000000 0.0259740
0.16 31 43 53.5754190 55.0000000 0.0259015
2.21 32 28 53.5882353 55.0000000 0.0256684
0.15 33 21 53.5925926 55.0000000 0.0255892
0.38 34 35 53.6000000 55.0000000 0.0254545
0.14 35 29 53.6016260 55.0000000 0.0254250
0.10 36 40 53.6124402 55.0000000 0.0252284
0.54 37 51 53.6171171 55.0000000 0.0251433
1.24 38 30 53.6294821 55.0000000 0.0249185
3.41 39 36 53.6509434 55.0000000 0.0245283
0.64 40 31 53.6666667 55.0000000 0.0242424
0.37 41 39 53.6723460 55.0000000 0.0241392
1.72 42 34 53.6800000 55.0000000 0.0240000
4.34 43 21 53.6906475 55.0000000 0.0238064
0.07 44 21 53.6938776 55.0000000 0.0237477
0.07 45 19 53.7000000 55.0000000 0.0236364
2.55 46 27 53.7094395 55.0000000 0.0234647
0.68 47 21 53.7142857 55.0000000 0.0233766
0.08 48 28 53.7142857 55.0000000 0.0233766
0.83 49 39 53.7142857 55.0000000 0.0233766
0.13 50 23 53.7142857 55.0000000 0.0233766
0.18 51 21 53.7142857 55.0000000 0.0233766
0.08 52 25 53.7142857 55.0000000 0.0233766
0.14 53 22 53.7142857 55.0000000 0.0233766
0.23 54 18 53.7142857 55.0000000 0.0233766
0.10 55 25 53.7142857 55.0000000 0.0233766
0.06 56 21 53.7149877 55.0000000 0.0233639
0.69 57 24 53.7156226 55.0000000 0.0233523
7.50 58 20 53.7179487 55.0000000 0.0233100
3.72 59 29 53.7179487 55.0000000 0.0233100
3.68 60 24 53.7244701 55.0000000 0.0231915
7.20 61 21 53.7333333 55.0000000 0.0230303
0.27 62 20 53.7368421 55.0000000 0.0229665
0.81 63 23 53.7368421 55.0000000 0.0229665
0.31 64 30 53.7368421 55.0000000 0.0229665
0.55 65 29 53.7407407 55.0000000 0.0228956
0.83 66 28 53.7407407 55.0000000 0.0228956
4.40 67 27 53.7407407 55.0000000 0.0228956
0.31 68 30 53.7407407 55.0000000 0.0228956
0.15 69 29 53.7415730 55.0000000 0.0228805
1.06 70 19 53.7422969 55.0000000 0.0228673
2.85 71 38 53.7500000 55.0000000 0.0227273
0.32 72 18 53.7500000 55.0000000 0.0227273
2.87 73 27 53.7500000 55.0000000 0.0227273
0.05 74 23 53.7500000 55.0000000 0.0227273
0.31 75 41 53.7500000 55.0000000 0.0227273
0.06 76 22 53.7500000 55.0000000 0.0227273
0.43 77 30 53.7500000 55.0000000 0.0227273
1.73 78 36 53.7500000 55.0000000 0.0227273
0.08 79 26 53.7500000 55.0000000 0.0227273
0.10 80 27 53.7500000 55.0000000 0.0227273
0.35 81 39 53.7500000 55.0000000 0.0227273
0.71 82 32 53.7500000 55.0000000 0.0227273
1.61 83 22 53.7500000 55.0000000 0.0227273
0.36 84 28 53.7500000 55.0000000 0.0227273
0.34 85 35 53.7500000 55.0000000 0.0227273
2.01 86 22 53.7500000 55.0000000 0.0227273
1.04 87 28 53.7500000 55.0000000 0.0227273
1.74 88 24 53.7500000 55.0000000 0.0227273
0.08 89 21 53.7500000 55.0000000 0.0227273
3.11 90 28 53.7500000 55.0000000 0.0227273
0.33 91 25 53.7500000 55.0000000 0.0227273
0.06 92 30 53.7500000 55.0000000 0.0227273
0.56 93 28 53.7500000 55.0000000 0.0227273
0.67 94 28 53.7500000 55.0000000 0.0227273
0.11 95 22 53.7500000 55.0000000 0.0227273
0.12 96 22 53.7500000 55.0000000 0.0227273
0.22 97 32 53.7500000 55.0000000 0.0227273
0.09 98 21 53.7500000 55.0000000 0.0227273
0.48 99 32 53.7500000 55.0000000 0.0227273
0.10 100 27 53.7500000 55.0000000 0.0227273
0.04 101 22 53.7500000 55.0000000 0.0227273
0.49 102 32 53.7500000 55.0000000 0.0227273
0.33 103 37 53.7500000 55.0000000 0.0227273
0.22 104 30 53.7504488 55.0000000 0.0227191
0.77 105 26 53.7513228 55.0000000 0.0227032
1.68 106 26 53.7526316 55.0000000 0.0226794
2.60 107 33 53.7526316 55.0000000 0.0226794
2.78 108 29 53.7540984 55.0000000 0.0226528
1.91 109 30 53.7565982 55.0000000 0.0226073
0.13 110 29 53.7650000 55.0000000 0.0224545
4.47 111 28 53.7650000 55.0000000 0.0224545
1.69 112 23 53.7679558 55.0000000 0.0224008
3.17 113 30 53.7685856 55.0000000 0.0223894
1.22 114 27 53.7713311 55.0000000 0.0223394
0.87 115 31 53.7713311 55.0000000 0.0223394
3.05 116 25 53.7713311 55.0000000 0.0223394
1.30 117 23 53.7722646 55.0000000 0.0223225
3.76 118 38 53.7738095 55.0000000 0.0222944
0.37 119 22 53.7755511 55.0000000 0.0222627
1.93 120 28 53.7775785 55.0000000 0.0222258
0.37 121 17 53.7807487 55.0000000 0.0221682
4.45 122 28 53.7843137 55.0000000 0.0221034
1.62 123 33 53.7860585 55.0000000 0.0220717
4.71 124 29 53.7878645 55.0000000 0.0220388
2.92 125 25 53.7878728 55.0000000 0.0220387
4.82 126 23 53.7903226 55.0000000 0.0219941
0.37 127 26 53.7946027 55.0000000 0.0219163
5.24 128 24 53.7962324 55.0000000 0.0218867
2.88 129 18 53.8001094 55.0000000 0.0218162
2.82 130 19 53.8001094 55.0000000 0.0218162
3.31 131 20 53.8018519 55.0000000 0.0217845
4.26 132 21 53.8033419 55.0000000 0.0217574
2.42 133 27 53.8033573 55.0000000 0.0217571
3.43 134 23 53.8054689 55.0000000 0.0217187
4.14 135 21 53.8055087 55.0000000 0.0217180
0.56 136 13 53.8069569 55.0000000 0.0216917
3.17 137 24 53.8085562 55.0000000 0.0216626
0.35 138 15 53.8095216 55.0000000 0.0216451
2.78 139 18 53.8120235 55.0000000 0.0215996
1.09 140 18 53.8150544 55.0000000 0.0215445
0.41 141 17 53.8170174 55.0000000 0.0215088
0.46 142 28 53.8192258 55.0000000 0.0214686
5.56 143 17 53.8220421 55.0000000 0.0214174
0.19 144 19 53.8267890 55.0000000 0.0213311
0.18 145 19 53.8303210 55.0000000 0.0212669
0.50 146 15 53.8342158 55.0000000 0.0211961
2.73 147 23 53.8342260 55.0000000 0.0211959
0.50 148 20 53.8363991 55.0000000 0.0211564
3.04 149 19 53.8398061 55.0000000 0.0210944
0.32 150 17 53.8401928 55.0000000 0.0210874
0.36 151 12 53.8409832 55.0000000 0.0210730
5.55 152 14 53.8426379 55.0000000 0.0210429
0.63 153 13 53.8453490 55.0000000 0.0209937
1.07 154 18 53.8488061 55.0000000 0.0209308
0.55 155 21 53.8510486 55.0000000 0.0208900
0.30 156 20 53.8528864 55.0000000 0.0208566
0.13 157 19 53.8528864 55.0000000 0.0208566
0.54 158 17 53.8537256 55.0000000 0.0208414
0.14 159 17 53.8555266 55.0000000 0.0208086
0.63 160 16 53.8567796 55.0000000 0.0207858
0.36 161 14 53.8580990 55.0000000 0.0207618
0.44 162 13 53.8598223 55.0000000 0.0207305
0.14 163 19 53.8611804 55.0000000 0.0207058
0.42 164 14 53.8612288 55.0000000 0.0207049
0.44 165 10 53.8624635 55.0000000 0.0206825
3.15 166 14 53.8649076 55.0000000 0.0206380
0.46 167 13 53.8667383 55.0000000 0.0206048
0.43 168 16 53.8681040 55.0000000 0.0205799
0.37 169 20 53.8691842 55.0000000 0.0205603
0.35 170 22 53.8703294 55.0000000 0.0205395
0.43 171 16 53.8717485 55.0000000 0.0205137
0.31 172 21 53.8717927 55.0000000 0.0205129
1.31 173 20 53.8738252 55.0000000 0.0204759
0.15 174 14 53.8764829 55.0000000 0.0204276
3.44 175 16 53.8765274 55.0000000 0.0204268
3.36 176 12 53.8773864 55.0000000 0.0204112
0.47 177 24 53.8785519 55.0000000 0.0203900
0.60 178 18 53.8803416 55.0000000 0.0203574
0.26 179 11 53.8840331 55.0000000 0.0202903
0.38 180 14 53.8873349 55.0000000 0.0202303
3.30 181 17 53.8898264 55.0000000 0.0201850
0.82 182 11 53.8913509 55.0000000 0.0201573
0.86 183 14 53.8929555 55.0000000 0.0201281
0.39 184 15 53.8929817 55.0000000 0.0201276
0.43 185 17 53.8942028 55.0000000 0.0201054
0.98 186 21 53.8942458 55.0000000 0.0201046
7.94 187 14 53.8946669 55.0000000 0.0200970
0.31 188 13 53.8951631 55.0000000 0.0200879
4.98 189 21 53.8962427 55.0000000 0.0200683
8.01 190 13 53.8981684 55.0000000 0.0200333
0.60 191 19 53.8997912 55.0000000 0.0200038
0.74 192 14 53.9019597 55.0000000 0.0199644
3.00 193 20 53.9034715 55.0000000 0.0199369
1.96 194 13 53.9034817 55.0000000 0.0199367
4.66 195 17 53.9049402 55.0000000 0.0199102
