0.27 0 0 21.0000000 32.0000000 0.3437500
0.03 1 84 21.4912281 32.0000000 0.3283991
0.34 2 99 22.4356303 32.0000000 0.2988866
0.09 3 104 23.0603392 32.0000000 0.2793644
0.13 4 133 23.6998746 32.0000000 0.2593789
0.14 5 123 24.2718916 32.0000000 0.2415034
0.12 6 117 24.7966633 32.0000000 0.2251043
0.17 7 116 25.0630806 32.0000000 0.2167787
0.16 8 115 25.3504067 32.0000000 0.2077998
0.39 9 130 25.5701267 32.0000000 0.2009335
0.43 10 146 25.8534350 32.0000000 0.1920802
0.54 11 95 25.9873437 32.0000000 0.1878955
1.66 12 119 26.2096564 32.0000000 0.1809482
0.24 13 133 26.3634831 32.0000000 0.1761412
0.38 14 121 26.5585340 32.0000000 0.1700458
0.28 15 118 26.7523871 32.0000000 0.1639879
2.30 16 118 26.9080567 32.0000000 0.1591232
3.93 17 118 27.0433456 32.0000000 0.1548954
0.82 18 111 27.1755935 32.0000000 0.1507627
4.44 19 121 27.3760482 32.0000000 0.1444985
0.81 20 130 27.5170192 32.0000000 0.1400931
2.64 21 120 27.6240658 32.0000000 0.1367479
7.36 22 105 27.7390837 32.0000000 0.1331536
5.03 23 128 27.8899807 32.0000000 0.1284381
4.56 24 107 27.9399613 32.0000000 0.1268762
1.56 25 109 28.0603824 32.0000000 0.1231131
9.65 26 112 28.1760344 32.0000000 0.1194989
2.90 27 122 28.3212284 32.0000000 0.1149616
7.65 28 126 28.4215225 32.0000000 0.1118274
10.50 29 92 28.4896537 32.0000000 0.1096983
1.50 30 100 28.5923431 32.0000000 0.1064893
8.25 31 129 28.6794928 32.0000000 0.1037659
4.73 32 91 28.7478447 32.0000000 0.1016299
11.46 33 101 28.7914791 32.0000000 0.1002663
9.04 34 102 28.8539459 32.0000000 0.0983142
4.90 35 88 28.9005886 32.0000000 0.0968566
2.93 36 81 28.9780942 32.0000000 0.0944346
6.24 37 66 29.0110853 32.0000000 0.0934036
2.54 38 84 29.0932292 32.0000000 0.0908366
4.59 39 82 29.1595314 32.0000000 0.0887646
7.20 40 95 29.1916453 32.0000000 0.0877611
9.76 41 83 29.2254895 32.0000000 0.0867035
7.11 42 92 29.2618735 32.0000000 0.0855665
10.34 43 99 29.3009097 32.0000000 0.0843466
12.82 44 89 29.3247868 32.0000000 0.0836004
6.62 45 73 29.3444958 32.0000000 0.0829845
6.53 46 85 29.3683644 32.0000000 0.0822386
6.76 47 84 29.3967010 32.0000000 0.0813531
9.25 48 59 29.4264629 32.0000000 0.0804230
6.73 49 53 29.4420742 32.0000000 0.0799352
3.39 50 53 29.4609587 32.0000000 0.0793450
1.56 51 65 29.4799000 32.0000000 0.0787531
2.53 52 75 29.4982240 32.0000000 0.0781805
6.63 53 71 29.5242498 32.0000000 0.0773672
2.60 54 76 29.5501624 32.0000000 0.0765574
5.62 55 72 29.5690474 32.0000000 0.0759673
5.06 56 60 29.5903669 32.0000000 0.0753010
8.96 57 76 29.6074442 32.0000000 0.0747674
2.18 58 88 29.6204700 32.0000000 0.0743603
4.77 59 60 29.6423894 32.0000000 0.0736753
