0.18 0 0 34.6000000 42.0000000 0.1761905
0.01 1 76 34.6000000 42.0000000 0.1761905
0.02 2 87 34.6250000 42.0000000 0.1755952
0.02 3 85 34.7194699 42.0000000 0.1733460
0.05 4 85 34.7693135 42.0000000 0.1721592
0.10 5 99 35.0588787 42.0000000 0.1652648
0.16 6 95 35.5492462 42.0000000 0.1535894
0.15 7 122 35.8764447 42.0000000 0.1457989
0.22 8 101 36.1457385 42.0000000 0.1393872
0.22 9 99 36.4226899 42.0000000 0.1327931
0.22 10 123 36.7317212 42.0000000 0.1254352
0.25 11 111 37.0627786 42.0000000 0.1175529
0.63 12 112 37.3301564 42.0000000 0.1111868
0.21 13 101 37.5234485 42.0000000 0.1065846
0.62 14 121 37.7666964 42.0000000 0.1007929
0.18 15 107 37.9034974 42.0000000 0.0975358
0.73 16 119 38.1121457 42.0000000 0.0925680
0.19 17 66 38.1879777 42.0000000 0.0907624
2.34 18 105 38.2748993 42.0000000 0.0886929
3.81 19 99 38.3883407 42.0000000 0.0859919
2.15 20 110 38.5109327 42.0000000 0.0830730
3.09 21 100 38.6730619 42.0000000 0.0792128
4.27 22 100 38.8118254 42.0000000 0.0759089
2.26 23 104 38.8936315 42.0000000 0.0739612
0.48 24 84 38.9513787 42.0000000 0.0725862
0.64 25 110 39.0326383 42.0000000 0.0706515
0.80 26 106 39.1937757 42.0000000 0.0668149
1.31 27 102 39.3074460 42.0000000 0.0641084
0.68 28 84 39.3851967 42.0000000 0.0622572
1.49 29 84 39.4459115 42.0000000 0.0608116
2.42 30 99 39.5019581 42.0000000 0.0594772
5.11 31 90 39.5716157 42.0000000 0.0578187
1.51 32 93 39.6508696 42.0000000 0.0559317
2.98 33 85 39.7009409 42.0000000 0.0547395
3.83 34 67 39.7501569 42.0000000 0.0535677
3.38 35 92 39.8001161 42.0000000 0.0523782
4.59 36 87 39.8540592 42.0000000 0.0510938
1.05 37 86 39.9157042 42.0000000 0.0496261
2.64 38 77 39.9633944 42.0000000 0.0484906
0.86 39 83 40.0179093 42.0000000 0.0471926
2.07 40 87 40.0551702 42.0000000 0.0463055
0.43 41 80 40.0907873 42.0000000 0.0454574
4.54 42 75 40.1518185 42.0000000 0.0440043
7.39 43 87 40.1989216 42.0000000 0.0428828
8.17 44 73 40.2333343 42.0000000 0.0420635
2.88 45 84 40.2724957 42.0000000 0.0411311
4.28 46 72 40.2928467 42.0000000 0.0406465
3.12 47 74 40.3260225 42.0000000 0.0398566
3.81 48 84 40.3599657 42.0000000 0.0390484
1.69 49 67 40.4150592 42.0000000 0.0377367
2.50 50 79 40.4383648 42.0000000 0.0371818
0.97 51 59 40.4608650 42.0000000 0.0366461
0.33 52 51 40.4805013 42.0000000 0.0361785
1.83 53 55 40.4979271 42.0000000 0.0357636
0.75 54 51 40.5081820 42.0000000 0.0355195
0.45 55 43 40.5212155 42.0000000 0.0352092
0.59 56 42 40.5335204 42.0000000 0.0349162
0.35 57 45 40.5443621 42.0000000 0.0346580
0.15 58 37 40.5513698 42.0000000 0.0344912
0.45 59 43 40.5570997 42.0000000 0.0343548
2.53 60 43 40.5644346 42.0000000 0.0341801
6.67 61 38 40.5701966 42.0000000 0.0340429
0.20 62 57 40.5806574 42.0000000 0.0337939
3.49 63 44 40.5899225 42.0000000 0.0335733
1.01 64 57 40.5945254 42.0000000 0.0334637
4.27 65 48 40.5998771 42.0000000 0.0333363
0.20 66 30 40.6034722 42.0000000 0.0332507
0.13 67 21 40.6090617 42.0000000 0.0331176
0.44 68 32 40.6131611 42.0000000 0.0330200
0.43 69 31 40.6157970 42.0000000 0.0329572
5.26 70 30 40.6205604 42.0000000 0.0328438
0.18 71 30 40.6248021 42.0000000 0.0327428
2.21 72 36 40.6282092 42.0000000 0.0326617
0.53 73 34 40.6374771 42.0000000 0.0324410
2.26 74 31 40.6425959 42.0000000 0.0323191
1.06 75 35 40.6467108 42.0000000 0.0322212
6.45 76 29 40.6593597 42.0000000 0.0319200
2.43 77 36 40.6668398 42.0000000 0.0317419
1.27 78 49 40.6761822 42.0000000 0.0315195
6.91 79 42 40.6825183 42.0000000 0.0313686
1.02 80 36 40.6876129 42.0000000 0.0312473
7.14 81 39 40.6925428 42.0000000 0.0311299
11.09 82 45 40.6958011 42.0000000 0.0310524
2.86 83 38 40.6999183 42.0000000 0.0309543
10.25 84 43 40.7046916 42.0000000 0.0308407
0.48 85 39 40.7076140 42.0000000 0.0307711
0.38 86 33 40.7111114 42.0000000 0.0306878
2.09 87 40 40.7155953 42.0000000 0.0305811
4.42 88 41 40.7246738 42.0000000 0.0303649
2.51 89 32 40.7275335 42.0000000 0.0302968
0.52 90 38 40.7282248 42.0000000 0.0302804
0.48 91 49 40.7293083 42.0000000 0.0302546
0.10 92 28 40.7328395 42.0000000 0.0301705
0.19 93 33 40.7355093 42.0000000 0.0301069
0.11 94 34 40.7385223 42.0000000 0.0300352
2.28 95 37 40.7502205 42.0000000 0.0297567
1.91 96 41 40.7540449 42.0000000 0.0296656
0.69 97 44 40.7571574 42.0000000 0.0295915
3.76 98 35 40.7605697 42.0000000 0.0295102
0.84 99 33 40.7642907 42.0000000 0.0294216
