0.33 0 0 8.0000000 17.0000000 0.5294118
0.08 1 113 8.0000000 17.0000000 0.5294118
0.11 2 149 8.0000000 17.0000000 0.5294118
0.17 3 177 8.0000000 17.0000000 0.5294118
0.33 4 174 8.0000000 17.0000000 0.5294118
0.21 5 164 8.0000000 17.0000000 0.5294118
0.16 6 151 8.0000000 17.0000000 0.5294118
0.27 7 167 8.0000000 17.0000000 0.5294118
0.19 8 149 8.0000000 17.0000000 0.5294118
0.43 9 158 8.0000000 17.0000000 0.5294118
0.20 10 141 8.0000000 17.0000000 0.5294118
0.25 11 122 8.0000000 17.0000000 0.5294118
0.28 12 166 8.0000000 17.0000000 0.5294118
0.60 13 140 8.0000000 17.0000000 0.5294118
0.34 14 158 8.0000000 17.0000000 0.5294118
2.50 15 169 8.0432432 17.0000000 0.5268680
0.40 16 146 8.1430948 17.0000000 0.5209944
0.25 17 136 8.3196750 17.0000000 0.5106074
0.47 18 132 8.5529077 17.0000000 0.4968878
0.42 19 150 8.7377784 17.0000000 0.4860130
1.16 20 151 8.7959070 17.0000000 0.4825937
0.41 21 147 8.8352302 17.0000000 0.4802806
0.37 22 119 8.8813005 17.0000000 0.4775706
0.31 23 117 8.9418871 17.0000000 0.4740066
0.52 24 102 8.9975479 17.0000000 0.4707325
0.51 25 112 9.0602537 17.0000000 0.4670439
0.34 26 107 9.1024174 17.0000000 0.4645637
0.50 27 88 9.1406079 17.0000000 0.4623172
0.36 28 63 9.1737952 17.0000000 0.4603650
0.91 29 110 9.2138260 17.0000000 0.4580102
2.22 30 92 9.2410130 17.0000000 0.4564110
2.65 31 80 9.2857719 17.0000000 0.4537781
1.35 32 77 9.3111497 17.0000000 0.4522853
0.25 33 89 9.3282546 17.0000000 0.4512791
0.29 34 93 9.3573967 17.0000000 0.4495649
0.42 35 87 9.3804533 17.0000000 0.4482086
0.25 36 67 9.4119625 17.0000000 0.4463551
0.24 37 91 9.4319009 17.0000000 0.4451823
0.55 38 80 9.4523546 17.0000000 0.4439791
0.31 39 80 9.4732528 17.0000000 0.4427498
0.46 40 90 9.5094781 17.0000000 0.4406189
0.37 41 72 9.5499626 17.0000000 0.4382375
0.38 42 93 9.5832499 17.0000000 0.4362794
0.33 43 69 9.6063483 17.0000000 0.4349207
0.37 44 74 9.6231718 17.0000000 0.4339311
0.27 45 74 9.6602211 17.0000000 0.4317517
0.63 46 55 9.6818404 17.0000000 0.4304800
0.32 47 72 9.6984330 17.0000000 0.4295039
2.51 48 55 9.7214128 17.0000000 0.4281522
0.60 49 83 9.7445844 17.0000000 0.4267892
0.31 50 45 9.7630632 17.0000000 0.4257022
0.62 51 63 9.7937543 17.0000000 0.4238968
0.40 52 57 9.8184278 17.0000000 0.4224454
1.97 53 61 9.8382550 17.0000000 0.4212791
2.89 54 51 9.8426143 17.0000000 0.4210227
0.40 55 55 9.8601487 17.0000000 0.4199913
0.33 56 45 9.8689662 17.0000000 0.4194726
0.68 57 63 9.8841625 17.0000000 0.4185787
0.96 58 56 9.8941267 17.0000000 0.4179925
2.64 59 53 9.9052654 17.0000000 0.4173373
0.78 60 43 9.9132405 17.0000000 0.4168682
0.85 61 49 9.9188698 17.0000000 0.4165371
3.75 62 41 9.9209003 17.0000000 0.4164176
1.11 63 46 9.9225048 17.0000000 0.4163232
5.66 64 43 9.9225048 17.0000000 0.4163232
2.52 65 30 9.9225048 17.0000000 0.4163232
0.93 66 53 9.9225048 17.0000000 0.4163232
3.61 67 29 9.9225048 17.0000000 0.4163232
3.72 68 56 9.9225048 17.0000000 0.4163232
0.79 69 41 9.9225048 17.0000000 0.4163232
0.22 70 35 9.9225048 17.0000000 0.4163232
0.62 71 47 9.9225048 17.0000000 0.4163232
0.61 72 35 9.9225048 17.0000000 0.4163232
0.66 73 38 9.9225048 17.0000000 0.4163232
0.79 74 40 9.9234895 17.0000000 0.4162653
0.25 75 32 9.9234895 17.0000000 0.4162653
0.56 76 45 9.9234895 17.0000000 0.4162653
0.50 77 21 9.9234895 17.0000000 0.4162653
1.54 78 43 9.9234895 17.0000000 0.4162653
3.14 79 29 9.9234895 17.0000000 0.4162653
0.84 80 60 9.9234900 17.0000000 0.4162653
4.61 81 23 9.9234900 17.0000000 0.4162653
0.54 82 44 9.9234900 17.0000000 0.4162653
0.26 83 26 9.9234900 17.0000000 0.4162653
0.28 84 51 9.9234900 17.0000000 0.4162653
0.32 85 37 9.9234900 17.0000000 0.4162653
0.27 86 26 9.9234900 17.0000000 0.4162653
0.28 87 30 9.9234900 17.0000000 0.4162653
2.43 88 42 9.9234900 17.0000000 0.4162653
0.28 89 22 9.9234900 17.0000000 0.4162653
0.28 90 39 9.9234900 17.0000000 0.4162653
1.78 91 22 9.9234900 17.0000000 0.4162653
0.67 92 13 9.9234900 17.0000000 0.4162653
0.29 93 27 9.9234900 17.0000000 0.4162653
2.31 94 16 9.9234900 17.0000000 0.4162653
1.91 95 15 9.9234900 17.0000000 0.4162653
0.33 96 19 9.9234900 17.0000000 0.4162653
0.45 97 18 9.9234900 17.0000000 0.4162653
0.33 98 27 9.9234900 17.0000000 0.4162653
0.49 99 15 9.9234900 17.0000000 0.4162653
0.25 100 35 9.9234900 17.0000000 0.4162653
0.29 101 10 9.9234900 17.0000000 0.4162653
0.34 102 42 9.9234900 17.0000000 0.4162653
0.56 103 19 9.9234900 17.0000000 0.4162653
0.25 104 27 9.9234900 17.0000000 0.4162653
0.59 105 18 9.9234900 17.0000000 0.4162653
0.53 106 19 9.9234900 17.0000000 0.4162653
0.44 107 13 9.9234900 17.0000000 0.4162653
0.69 108 14 9.9234900 17.0000000 0.4162653
0.43 109 14 9.9234900 17.0000000 0.4162653
0.71 110 12 9.9234900 17.0000000 0.4162653
0.68 111 33 9.9234900 17.0000000 0.4162653
0.27 112 8 9.9234900 17.0000000 0.4162653
1.96 113 27 9.9234900 17.0000000 0.4162653
0.43 114 12 9.9234900 17.0000000 0.4162653
2.12 115 19 9.9234900 17.0000000 0.4162653
1.78 116 33 9.9234900 17.0000000 0.4162653
0.27 117 17 9.9234900 17.0000000 0.4162653
2.02 118 28 9.9234900 17.0000000 0.4162653
0.59 119 30 9.9234900 17.0000000 0.4162653
0.71 120 20 9.9234900 17.0000000 0.4162653
0.65 121 7 9.9234900 17.0000000 0.4162653
3.73 122 22 9.9234900 17.0000000 0.4162653
0.29 123 15 9.9234900 17.0000000 0.4162653
0.84 124 9 9.9234900 17.0000000 0.4162653
0.46 125 50 9.9234900 17.0000000 0.4162653
1.98 126 6 9.9234900 17.0000000 0.4162653
0.69 127 18 9.9234900 17.0000000 0.4162653
1.05 128 16 9.9234900 17.0000000 0.4162653
0.23 129 11 9.9234900 17.0000000 0.4162653
0.39 130 15 9.9234900 17.0000000 0.4162653
0.67 131 10 9.9234900 17.0000000 0.4162653
0.26 132 10 9.9234900 17.0000000 0.4162653
0.76 133 3 9.9234900 17.0000000 0.4162653
0.31 134 5 9.9234900 17.0000000 0.4162653
0.59 135 9 9.9234900 17.0000000 0.4162653
0.59 136 7 9.9234900 17.0000000 0.4162653
3.63 137 6 9.9234900 17.0000000 0.4162653
0.42 138 9 9.9234900 17.0000000 0.4162653
0.67 139 10 9.9234900 17.0000000 0.4162653
2.03 140 6 9.9234900 17.0000000 0.4162653
0.28 141 6 9.9234900 17.0000000 0.4162653
2.10 142 7 9.9234900 17.0000000 0.4162653
0.44 143 5 9.9234900 17.0000000 0.4162653
2.11 144 6 9.9234900 17.0000000 0.4162653
0.38 145 8 9.9234900 17.0000000 0.4162653
0.98 146 4 9.9234900 17.0000000 0.4162653
3.77 147 5 9.9234900 17.0000000 0.4162653
2.11 148 12 9.9234900 17.0000000 0.4162653
2.03 149 6 9.9234900 17.0000000 0.4162653
2.00 150 3 9.9234900 17.0000000 0.4162653
0.41 151 7 9.9234900 17.0000000 0.4162653
3.47 152 4 9.9234900 17.0000000 0.4162653
2.19 153 2 9.9234900 17.0000000 0.4162653
3.75 154 3 9.9234900 17.0000000 0.4162653
2.13 155 3 9.9234900 17.0000000 0.4162653
2.02 156 2 9.9234900 17.0000000 0.4162653
0.55 157 3 9.9234900 17.0000000 0.4162653
0.40 158 2 9.9234900 17.0000000 0.4162653
0.43 159 3 9.9234900 17.0000000 0.4162653
0.58 160 5 9.9234900 17.0000000 0.4162653
0.43 161 2 9.9234900 17.0000000 0.4162653
0.64 162 2 9.9234900 17.0000000 0.4162653
0.75 163 2 9.9234900 17.0000000 0.4162653
2.29 164 5 9.9234900 17.0000000 0.4162653
2.18 165 3 9.9234900 17.0000000 0.4162653
0.57 166 5 9.9234900 17.0000000 0.4162653
2.22 167 5 9.9234900 17.0000000 0.4162653
2.68 168 4 9.9234900 17.0000000 0.4162653
4.03 169 4 9.9234900 17.0000000 0.4162653
3.69 170 11 9.9234900 17.0000000 0.4162653
0.76 171 6 9.9234900 17.0000000 0.4162653
2.23 172 9 9.9234900 17.0000000 0.4162653
0.57 173 2 9.9234900 17.0000000 0.4162653
2.50 174 12 9.9234900 17.0000000 0.4162653
2.59 175 2 9.9234900 17.0000000 0.4162653
4.19 176 6 9.9234900 17.0000000 0.4162653
0.57 177 6 9.9234900 17.0000000 0.4162653
2.29 178 11 9.9234900 17.0000000 0.4162653
4.28 179 1 9.9234900 17.0000000 0.4162653
4.08 180 5 9.9234900 17.0000000 0.4162653
0.43 181 3 9.9234900 17.0000000 0.4162653
2.90 182 18 9.9234900 17.0000000 0.4162653
0.42 183 11 9.9234900 17.0000000 0.4162653
0.44 184 8 9.9234900 17.0000000 0.4162653
0.58 185 13 9.9234900 17.0000000 0.4162653
0.30 186 13 9.9234900 17.0000000 0.4162653
0.41 187 8 9.9234900 17.0000000 0.4162653
0.33 188 3 9.9234900 17.0000000 0.4162653
0.73 189 8 9.9234900 17.0000000 0.4162653
0.61 190 8 9.9234900 17.0000000 0.4162653
