0.39 0 0 8.0000000 17.0000000 0.5294118
0.10 1 119 8.0000000 17.0000000 0.5294118
0.13 2 176 8.0000000 17.0000000 0.5294118
0.16 3 174 8.0000000 17.0000000 0.5294118
0.21 4 177 8.0000000 17.0000000 0.5294118
0.19 5 176 8.0000000 17.0000000 0.5294118
0.21 6 185 8.0000000 17.0000000 0.5294118
0.20 7 162 8.0000000 17.0000000 0.5294118
0.28 8 154 8.0000000 17.0000000 0.5294118
0.28 9 186 8.0000000 17.0000000 0.5294118
0.27 10 133 8.0000000 17.0000000 0.5294118
0.38 11 132 8.0000000 17.0000000 0.5294118
0.45 12 153 8.0000000 17.0000000 0.5294118
0.95 13 167 8.0509554 17.0000000 0.5264144
0.65 14 146 8.0774194 17.0000000 0.5248577
0.98 15 146 8.2601221 17.0000000 0.5141105
0.28 16 128 8.4473454 17.0000000 0.5030973
0.22 17 116 8.5780120 17.0000000 0.4954111
0.29 18 142 8.7107223 17.0000000 0.4876046
0.48 19 125 8.7337997 17.0000000 0.4862471
0.26 20 129 8.7914057 17.0000000 0.4828585
0.33 21 132 8.8176727 17.0000000 0.4813134
0.19 22 110 8.8600365 17.0000000 0.4788214
0.28 23 86 8.8985484 17.0000000 0.4765560
0.26 24 98 8.9223236 17.0000000 0.4751574
0.24 25 99 8.9659948 17.0000000 0.4725885
0.32 26 93 8.9925145 17.0000000 0.4710286
1.12 27 69 9.0649251 17.0000000 0.4667691
2.28 28 113 9.1633592 17.0000000 0.4609789
0.50 29 96 9.2161364 17.0000000 0.4578743
2.05 30 76 9.2460260 17.0000000 0.4561161
0.99 31 86 9.2789018 17.0000000 0.4541822
0.65 32 91 9.3065526 17.0000000 0.4525557
1.97 33 81 9.3260054 17.0000000 0.4514114
0.28 34 76 9.3621663 17.0000000 0.4492843
0.34 35 82 9.3742743 17.0000000 0.4485721
0.24 36 71 9.3932039 17.0000000 0.4474586
0.36 37 70 9.4202174 17.0000000 0.4458696
0.23 38 83 9.4410137 17.0000000 0.4446463
0.26 39 73 9.4688577 17.0000000 0.4430084
0.35 40 88 9.4969654 17.0000000 0.4413550
0.36 41 104 9.5206292 17.0000000 0.4399630
0.79 42 91 9.5535470 17.0000000 0.4380266
0.37 43 63 9.5796665 17.0000000 0.4364902
0.74 44 69 9.6223757 17.0000000 0.4339779
0.42 45 66 9.6615579 17.0000000 0.4316731
0.38 46 87 9.6861798 17.0000000 0.4302247
0.31 47 63 9.7101430 17.0000000 0.4288151
0.50 48 67 9.7378794 17.0000000 0.4271836
0.48 49 63 9.7565745 17.0000000 0.4260839
0.47 50 67 9.7732624 17.0000000 0.4251022
0.55 51 65 9.7834591 17.0000000 0.4245024
0.71 52 74 9.7873632 17.0000000 0.4242728
0.67 53 45 9.7899979 17.0000000 0.4241178
0.30 54 51 9.8004883 17.0000000 0.4235007
0.40 55 45 9.8060898 17.0000000 0.4231712
0.40 56 60 9.8151392 17.0000000 0.4226389
0.34 57 26 9.8151392 17.0000000 0.4226389
0.72 58 22 9.8151392 17.0000000 0.4226389
0.27 59 33 9.8151392 17.0000000 0.4226389
1.85 60 14 9.8151392 17.0000000 0.4226389
1.83 61 26 9.8151392 17.0000000 0.4226389
0.36 62 26 9.8151392 17.0000000 0.4226389
0.28 63 28 9.8151392 17.0000000 0.4226389
0.57 64 11 9.8151392 17.0000000 0.4226389
0.33 65 25 9.8151392 17.0000000 0.4226389
0.61 66 17 9.8151392 17.0000000 0.4226389
0.34 67 17 9.8151392 17.0000000 0.4226389
0.35 68 33 9.8151392 17.0000000 0.4226389
1.87 69 15 9.8151392 17.0000000 0.4226389
1.96 70 27 9.8151392 17.0000000 0.4226389
0.39 71 27 9.8151392 17.0000000 0.4226389
0.34 72 18 9.8151392 17.0000000 0.4226389
0.26 73 28 9.8151392 17.0000000 0.4226389
0.97 74 20 9.8151392 17.0000000 0.4226389
1.97 75 16 9.8151392 17.0000000 0.4226389
0.52 76 30 9.8151392 17.0000000 0.4226389
0.56 77 40 9.8151392 17.0000000 0.4226389
0.38 78 28 9.8151392 17.0000000 0.4226389
1.71 79 28 9.8151392 17.0000000 0.4226389
2.47 80 35 9.8151392 17.0000000 0.4226389
0.64 81 30 9.8151392 17.0000000 0.4226389
0.33 82 21 9.8151392 17.0000000 0.4226389
0.50 83 37 9.8151392 17.0000000 0.4226389
0.69 84 14 9.8151392 17.0000000 0.4226389
0.30 85 14 9.8151392 17.0000000 0.4226389
0.37 86 12 9.8151392 17.0000000 0.4226389
0.70 87 27 9.8151392 17.0000000 0.4226389
0.68 88 19 9.8151392 17.0000000 0.4226389
0.48 89 18 9.8151392 17.0000000 0.4226389
0.32 90 30 9.8151392 17.0000000 0.4226389
0.67 91 7 9.8151392 17.0000000 0.4226389
0.37 92 8 9.8151392 17.0000000 0.4226389
0.41 93 16 9.8151392 17.0000000 0.4226389
0.29 94 21 9.8151392 17.0000000 0.4226389
2.06 95 16 9.8151392 17.0000000 0.4226389
2.16 96 12 9.8151392 17.0000000 0.4226389
0.99 97 16 9.8151392 17.0000000 0.4226389
0.35 98 11 9.8151392 17.0000000 0.4226389
0.92 99 12 9.8151392 17.0000000 0.4226389
0.60 100 10 9.8151392 17.0000000 0.4226389
0.37 101 16 9.8151392 17.0000000 0.4226389
0.50 102 9 9.8151392 17.0000000 0.4226389
3.30 103 15 9.8151392 17.0000000 0.4226389
1.85 104 22 9.8151392 17.0000000 0.4226389
0.37 105 9 9.8151392 17.0000000 0.4226389
0.50 106 18 9.8151392 17.0000000 0.4226389
1.99 107 27 9.8151392 17.0000000 0.4226389
0.33 108 9 9.8151392 17.0000000 0.4226389
0.50 109 20 9.8151392 17.0000000 0.4226389
0.44 110 29 9.8151392 17.0000000 0.4226389
2.26 111 15 9.8151392 17.0000000 0.4226389
0.37 112 20 9.8151392 17.0000000 0.4226389
1.94 113 19 9.8151392 17.0000000 0.4226389
0.59 114 22 9.8151392 17.0000000 0.4226389
0.72 115 11 9.8151392 17.0000000 0.4226389
0.31 116 23 9.8151392 17.0000000 0.4226389
3.36 117 7 9.8151392 17.0000000 0.4226389
0.59 118 17 9.8151392 17.0000000 0.4226389
0.60 119 16 9.8151392 17.0000000 0.4226389
0.34 120 6 9.8151392 17.0000000 0.4226389
0.36 121 30 9.8151392 17.0000000 0.4226389
0.89 122 13 9.8151392 17.0000000 0.4226389
1.99 123 32 9.8151392 17.0000000 0.4226389
0.37 124 24 9.8151392 17.0000000 0.4226389
0.40 125 20 9.8151392 17.0000000 0.4226389
0.31 126 20 9.8151392 17.0000000 0.4226389
0.32 127 16 9.8151392 17.0000000 0.4226389
0.38 128 14 9.8151392 17.0000000 0.4226389
3.43 129 19 9.8151392 17.0000000 0.4226389
3.54 130 17 9.8151392 17.0000000 0.4226389
0.65 131 29 9.8151392 17.0000000 0.4226389
2.04 132 26 9.8151392 17.0000000 0.4226389
2.08 133 28 9.8151392 17.0000000 0.4226389
3.48 134 28 9.8151392 17.0000000 0.4226389
2.20 135 22 9.8151392 17.0000000 0.4226389
0.35 136 14 9.8151392 17.0000000 0.4226389
0.49 137 25 9.8151392 17.0000000 0.4226389
1.90 138 20 9.8151392 17.0000000 0.4226389
0.49 139 28 9.8151392 17.0000000 0.4226389
1.92 140 22 9.8151392 17.0000000 0.4226389
2.05 141 29 9.8151392 17.0000000 0.4226389
0.51 142 25 9.8151392 17.0000000 0.4226389
0.71 143 14 9.8151392 17.0000000 0.4226389
0.32 144 26 9.8151392 17.0000000 0.4226389
0.55 145 15 9.8151392 17.0000000 0.4226389
1.83 146 41 9.8151392 17.0000000 0.4226389
0.71 147 27 9.8151392 17.0000000 0.4226389
0.51 148 41 9.8151392 17.0000000 0.4226389
2.29 149 35 9.8151392 17.0000000 0.4226389
1.98 150 42 9.8151392 17.0000000 0.4226389
0.61 151 40 9.8151392 17.0000000 0.4226389
0.77 152 40 9.8151392 17.0000000 0.4226389
0.35 153 17 9.8151392 17.0000000 0.4226389
0.32 154 22 9.8151392 17.0000000 0.4226389
0.33 155 15 9.8151392 17.0000000 0.4226389
3.49 156 56 9.8151392 17.0000000 0.4226389
0.87 157 17 9.8151392 17.0000000 0.4226389
0.34 158 36 9.8151392 17.0000000 0.4226389
0.31 159 15 9.8151392 17.0000000 0.4226389
0.47 160 33 9.8151392 17.0000000 0.4226389
0.54 161 18 9.8151392 17.0000000 0.4226389
0.61 162 27 9.8151392 17.0000000 0.4226389
0.55 163 17 9.8151392 17.0000000 0.4226389
1.88 164 35 9.8151392 17.0000000 0.4226389
2.02 165 15 9.8151392 17.0000000 0.4226389
0.37 166 35 9.8151392 17.0000000 0.4226389
0.50 167 25 9.8151392 17.0000000 0.4226389
3.38 168 19 9.8151392 17.0000000 0.4226389
0.45 169 12 9.8151392 17.0000000 0.4226389
2.21 170 27 9.8151392 17.0000000 0.4226389
2.14 171 11 9.8151392 17.0000000 0.4226389
2.15 172 11 9.8151392 17.0000000 0.4226389
2.26 173 39 9.8151392 17.0000000 0.4226389
2.14 174 7 9.8151392 17.0000000 0.4226389
0.35 175 14 9.8151392 17.0000000 0.4226389
0.32 176 27 9.8151392 17.0000000 0.4226389
0.85 177 22 9.8151392 17.0000000 0.4226389
0.49 178 33 9.8151392 17.0000000 0.4226389
0.91 179 37 9.8151392 17.0000000 0.4226389
2.14 180 16 9.8151392 17.0000000 0.4226389
2.02 181 45 9.8151392 17.0000000 0.4226389
0.76 182 16 9.8151392 17.0000000 0.4226389
0.61 183 35 9.8151392 17.0000000 0.4226389
2.10 184 21 9.8151392 17.0000000 0.4226389
0.42 185 31 9.8151392 17.0000000 0.4226389
2.22 186 26 9.8151392 17.0000000 0.4226389
1.96 187 31 9.8151392 17.0000000 0.4226389
0.29 188 37 9.8151392 17.0000000 0.4226389
2.40 189 22 9.8151392 17.0000000 0.4226389
0.75 190 42 9.8151392 17.0000000 0.4226389
2.20 191 31 9.8151392 17.0000000 0.4226389
0.82 192 17 9.8151392 17.0000000 0.4226389
0.55 193 14 9.8151392 17.0000000 0.4226389
0.58 194 27 9.8151392 17.0000000 0.4226389
2.04 195 20 9.8151392 17.0000000 0.4226389
0.75 196 34 9.8151392 17.0000000 0.4226389
0.51 197 10 9.8151392 17.0000000 0.4226389
0.49 198 18 9.8151392 17.0000000 0.4226389
0.32 199 28 9.8151392 17.0000000 0.4226389
2.29 200 22 9.8151392 17.0000000 0.4226389
0.30 201 18 9.8151392 17.0000000 0.4226389
2.32 202 20 9.8151392 17.0000000 0.4226389
0.36 203 19 9.8151392 17.0000000 0.4226389
1.24 204 15 9.8151392 17.0000000 0.4226389
2.14 205 20 9.8151392 17.0000000 0.4226389
