0.18 0 0 54.4166667 58.0000000 0.0617816
0.03 1 93 54.7500000 58.0000000 0.0560345
0.07 2 99 54.7500000 58.0000000 0.0560345
0.29 3 90 54.8461538 58.0000000 0.0543767
0.16 4 99 55.0000000 58.0000000 0.0517241
0.13 5 99 55.0000000 58.0000000 0.0517241
0.12 6 85 55.0000000 58.0000000 0.0517241
0.11 7 72 55.0104167 58.0000000 0.0515445
0.12 8 68 55.0200000 58.0000000 0.0513793
0.19 9 81 55.0509554 58.0000000 0.0508456
0.87 10 83 55.0575758 58.0000000 0.0507315
0.61 11 71 55.1192308 58.0000000 0.0496684
0.23 12 58 55.2106023 58.0000000 0.0480931
0.20 13 51 55.2239057 58.0000000 0.0478637
0.12 14 59 55.2306250 58.0000000 0.0477478
0.16 15 55 55.2373315 58.0000000 0.0476322
0.43 16 55 55.2406417 58.0000000 0.0475751
0.12 17 36 55.2419068 58.0000000 0.0475533
0.55 18 46 55.2451753 58.0000000 0.0474970
0.50 19 41 55.2473735 58.0000000 0.0474591
1.96 20 39 55.2530636 58.0000000 0.0473610
0.78 21 34 55.2562074 58.0000000 0.0473068
0.16 22 35 55.2586876 58.0000000 0.0472640
0.32 23 44 55.2619329 58.0000000 0.0472081
2.44 24 34 55.2660253 58.0000000 0.0471375
0.71 25 31 55.2758621 58.0000000 0.0469679
0.35 26 42 55.2833333 58.0000000 0.0468391
0.08 27 34 55.2855960 58.0000000 0.0468001
1.95 28 42 55.2898802 58.0000000 0.0467262
0.68 29 44 55.2926829 58.0000000 0.0466779
4.35 30 39 55.2986111 58.0000000 0.0465757
0.60 31 50 55.3083280 58.0000000 0.0464081
0.81 32 46 55.3112694 58.0000000 0.0463574
1.59 33 40 55.3125000 58.0000000 0.0463362
0.36 34 35 55.3166321 58.0000000 0.0462650
0.79 35 40 55.3290239 58.0000000 0.0460513
2.97 36 49 55.3333333 58.0000000 0.0459770
0.20 37 34 55.3333333 58.0000000 0.0459770
0.06 38 38 55.3333333 58.0000000 0.0459770
0.39 39 43 55.3333333 58.0000000 0.0459770
0.08 40 41 55.3333333 58.0000000 0.0459770
0.06 41 39 55.3333333 58.0000000 0.0459770
0.29 42 59 55.3333333 58.0000000 0.0459770
0.32 43 29 55.3333333 58.0000000 0.0459770
0.05 44 35 55.3333333 58.0000000 0.0459770
0.09 45 43 55.3333333 58.0000000 0.0459770
0.11 46 36 55.3333333 58.0000000 0.0459770
0.10 47 31 55.3333333 58.0000000 0.0459770
0.29 48 34 55.3334811 58.0000000 0.0459745
0.33 49 42 55.3340665 58.0000000 0.0459644
4.61 50 41 55.3358584 58.0000000 0.0459335
0.39 51 45 55.3395853 58.0000000 0.0458692
2.91 52 48 55.3439801 58.0000000 0.0457934
0.34 53 44 55.3467332 58.0000000 0.0457460
0.15 54 37 55.3506234 58.0000000 0.0456789
0.26 55 37 55.3532819 58.0000000 0.0456331
0.24 56 50 55.3595462 58.0000000 0.0455251
0.96 57 54 55.3686391 58.0000000 0.0453683
0.56 58 53 55.3782952 58.0000000 0.0452018
10.42 59 57 55.3889108 58.0000000 0.0450188
2.49 60 56 55.4039678 58.0000000 0.0447592
3.25 61 55 55.4196733 58.0000000 0.0444884
5.43 62 50 55.4383229 58.0000000 0.0441668
0.68 63 47 55.4524278 58.0000000 0.0439237
3.64 64 50 55.4602622 58.0000000 0.0437886
0.61 65 42 55.4757808 58.0000000 0.0435210
2.82 66 43 55.4837901 58.0000000 0.0433829
0.19 67 37 55.4915307 58.0000000 0.0432495
2.01 68 37 55.5081142 58.0000000 0.0429635
0.85 69 35 55.5120745 58.0000000 0.0428953
0.93 70 56 55.5169809 58.0000000 0.0428107
2.91 71 47 55.5363491 58.0000000 0.0424767
0.17 72 44 55.5467873 58.0000000 0.0422968
3.88 73 41 55.5510445 58.0000000 0.0422234
3.40 74 40 55.5585622 58.0000000 0.0420938
3.09 75 47 55.5709015 58.0000000 0.0418810
5.99 76 35 55.5753200 58.0000000 0.0418048
0.22 77 41 55.5812988 58.0000000 0.0417017
3.90 78 35 55.5877195 58.0000000 0.0415910
3.31 79 47 55.5927559 58.0000000 0.0415042
0.44 80 41 55.5976672 58.0000000 0.0414195
3.32 81 39 55.6016317 58.0000000 0.0413512
1.42 82 43 55.6060813 58.0000000 0.0412745
0.17 83 34 55.6101210 58.0000000 0.0412048
4.00 84 36 55.6124469 58.0000000 0.0411647
3.29 85 41 55.6178106 58.0000000 0.0410722
3.63 86 34 55.6222923 58.0000000 0.0409950
2.63 87 40 55.6257993 58.0000000 0.0409345
0.15 88 49 55.6294375 58.0000000 0.0408718
29.55 89 45 55.6382935 58.0000000 0.0407191
0.41 90 47 55.6418270 58.0000000 0.0406582
0.42 91 47 55.6464044 58.0000000 0.0405792
0.68 92 43 55.6505093 58.0000000 0.0405085
0.15 93 33 55.6535453 58.0000000 0.0404561
0.15 94 39 55.6558984 58.0000000 0.0404155
2.62 95 31 55.6584264 58.0000000 0.0403720
0.47 96 35 55.6604533 58.0000000 0.0403370
0.15 97 40 55.6627439 58.0000000 0.0402975
0.33 98 28 55.6651114 58.0000000 0.0402567
3.56 99 24 55.6666667 58.0000000 0.0402299
0.03 100 23 55.6666667 58.0000000 0.0402299
0.03 101 19 55.6671853 58.0000000 0.0402209
0.07 102 19 55.6691428 58.0000000 0.0401872
0.71 103 32 55.6707582 58.0000000 0.0401593
11.90 104 44 55.6747548 58.0000000 0.0400904
62.84 105 46 55.6787554 58.0000000 0.0400215
1.87 106 30 55.6815619 58.0000000 0.0399731
0.33 107 25 55.6836719 58.0000000 0.0399367
5.69 108 23 55.6867428 58.0000000 0.0398837
0.10 109 17 55.6901261 58.0000000 0.0398254
24.97 110 21 55.6945266 58.0000000 0.0397495
