0.56 0 0 163.5381773 204.0000000 0.1983423
0.06 1 67 164.7091169 204.0000000 0.1926024
0.08 2 95 166.2947755 204.0000000 0.1848295
0.13 3 116 168.3464789 204.0000000 0.1747722
0.24 4 123 170.2261121 204.0000000 0.1655583
0.18 5 147 171.7275680 204.0000000 0.1581982
0.20 6 131 173.4023904 204.0000000 0.1499883
0.26 7 137 175.0366883 204.0000000 0.1419770
0.18 8 122 176.2272133 204.0000000 0.1361411
0.24 9 134 177.5547509 204.0000000 0.1296336
0.16 10 104 178.3400930 204.0000000 0.1257839
0.19 11 109 179.0017749 204.0000000 0.1225403
0.25 12 120 179.6964063 204.0000000 0.1191353
0.21 13 113 180.5371443 204.0000000 0.1150140
0.30 14 130 181.4028459 204.0000000 0.1107704
0.58 15 134 182.0341920 204.0000000 0.1076755
0.34 16 153 183.2881355 204.0000000 0.1015287
0.25 17 131 184.2548413 204.0000000 0.0967900
0.26 18 120 185.0594086 204.0000000 0.0928460
0.69 19 131 185.7610593 204.0000000 0.0894066
0.33 20 115 186.1546030 204.0000000 0.0874774
0.30 21 116 186.7269950 204.0000000 0.0846716
0.57 22 107 187.2187546 204.0000000 0.0822610
0.36 23 105 187.6112440 204.0000000 0.0803370
0.66 24 101 188.0565065 204.0000000 0.0781544
0.29 25 107 188.6506784 204.0000000 0.0752418
0.53 26 109 189.1324620 204.0000000 0.0728801
0.69 27 94 189.5366881 204.0000000 0.0708986
0.41 28 101 189.8766592 204.0000000 0.0692321
0.78 29 108 190.1878343 204.0000000 0.0677067
1.80 30 98 190.5766205 204.0000000 0.0658009
1.22 31 105 190.8731073 204.0000000 0.0643475
2.37 32 77 191.1120020 204.0000000 0.0631765
4.23 33 86 191.2890306 204.0000000 0.0623087
2.33 34 104 191.5377493 204.0000000 0.0610895
1.11 35 64 191.8011511 204.0000000 0.0597983
2.14 36 84 192.0155269 204.0000000 0.0587474
0.86 37 86 192.2459991 204.0000000 0.0576177
3.42 38 74 192.5920016 204.0000000 0.0559216
1.03 39 106 192.7408942 204.0000000 0.0551917
3.07 40 82 192.8915891 204.0000000 0.0544530
0.62 41 68 193.0466554 204.0000000 0.0536929
4.17 42 71 193.2162205 204.0000000 0.0528617
0.67 43 74 193.2676528 204.0000000 0.0526095
0.87 44 53 193.3347024 204.0000000 0.0522809
3.05 45 55 193.4839516 204.0000000 0.0515493
4.76 46 54 193.6366091 204.0000000 0.0508009
7.56 47 65 193.7966612 204.0000000 0.0500164
5.91 48 49 193.9101114 204.0000000 0.0494602
3.08 49 35 194.0133415 204.0000000 0.0489542
7.66 50 41 194.1365493 204.0000000 0.0483502
2.31 51 50 194.2449576 204.0000000 0.0478188
3.25 52 61 194.3645684 204.0000000 0.0472325
4.92 53 47 194.4707309 204.0000000 0.0467121
1.18 54 53 194.5632429 204.0000000 0.0462586
7.16 55 52 194.6293094 204.0000000 0.0459348
3.61 56 44 194.7461088 204.0000000 0.0453622
6.42 57 46 194.8424781 204.0000000 0.0448898
6.05 58 37 194.9579700 204.0000000 0.0443237
9.60 59 29 195.0122684 204.0000000 0.0440575
0.95 60 32 195.0392085 204.0000000 0.0439254
7.29 61 22 195.0558912 204.0000000 0.0438437
2.68 62 20 195.0778069 204.0000000 0.0437362
10.64 63 24 195.1252221 204.0000000 0.0435038
6.30 64 42 195.1663157 204.0000000 0.0433024
14.01 65 33 195.2204232 204.0000000 0.0430371
2.16 66 19 195.2837630 204.0000000 0.0427267
5.05 67 26 195.3442009 204.0000000 0.0424304
2.17 68 22 195.3794667 204.0000000 0.0422575
3.91 69 18 195.3952498 204.0000000 0.0421801
1.84 70 25 195.4366979 204.0000000 0.0419770
3.08 71 14 195.4530010 204.0000000 0.0418971
9.16 72 13 195.4871309 204.0000000 0.0417298
10.85 73 15 195.5306795 204.0000000 0.0415163
4.13 74 12 195.5455514 204.0000000 0.0414434
8.44 75 11 195.5585804 204.0000000 0.0413795
8.42 76 17 195.5701582 204.0000000 0.0413228
3.76 77 5 195.5972475 204.0000000 0.0411900
17.44 78 17 195.6128139 204.0000000 0.0411137
