0.20 0 0 49.0000000 51.0000000 0.0392157
0.02 1 86 49.0000000 51.0000000 0.0392157
0.01 2 48 49.0625000 51.0000000 0.0379902
0.03 3 61 49.0833333 51.0000000 0.0375817
0.07 4 71 49.0909091 51.0000000 0.0374332
0.37 5 57 49.1666667 51.0000000 0.0359477
1.06 6 58 49.1666667 51.0000000 0.0359477
0.07 7 44 49.3333333 51.0000000 0.0326797
0.09 8 36 49.3333333 51.0000000 0.0326797
0.16 9 39 49.3529412 51.0000000 0.0322953
0.08 10 36 49.4000000 51.0000000 0.0313725
0.61 11 17 49.4137931 51.0000000 0.0311021
0.14 12 36 49.4285714 51.0000000 0.0308123
0.11 13 47 49.4318182 51.0000000 0.0307487
0.54 14 32 49.4318182 51.0000000 0.0307487
0.36 15 44 49.4347826 51.0000000 0.0306905
0.30 16 39 49.4444444 51.0000000 0.0305011
2.81 17 34 49.4615385 51.0000000 0.0301659
0.20 18 26 49.5000000 51.0000000 0.0294118
0.02 19 25 49.5000000 51.0000000 0.0294118
0.04 20 29 49.5333333 51.0000000 0.0287582
0.61 21 36 49.5333333 51.0000000 0.0287582
0.76 22 39 49.5454545 51.0000000 0.0285205
0.15 23 24 49.5454545 51.0000000 0.0285205
0.40 24 42 49.5454545 51.0000000 0.0285205
0.47 25 41 49.5714286 51.0000000 0.0280112
0.22 26 36 49.5714286 51.0000000 0.0280112
0.31 27 37 49.5714286 51.0000000 0.0280112
0.82 28 30 49.5714286 51.0000000 0.0280112
0.16 29 25 49.5744681 51.0000000 0.0279516
0.68 30 30 49.5882353 51.0000000 0.0276817
0.08 31 40 49.5909091 51.0000000 0.0276292
0.13 32 30 49.5941176 51.0000000 0.0275663
0.24 33 36 49.6086957 51.0000000 0.0272805
0.41 34 32 49.6250000 51.0000000 0.0269608
0.12 35 32 49.6279070 51.0000000 0.0269038
1.01 36 41 49.6315789 51.0000000 0.0268318
0.05 37 44 49.6341463 51.0000000 0.0267814
0.50 38 42 49.6425406 51.0000000 0.0266169
1.10 39 29 49.6538462 51.0000000 0.0263952
0.15 40 29 49.6724638 51.0000000 0.0260301
2.78 41 38 49.6800895 51.0000000 0.0258806
0.60 42 30 49.6950276 51.0000000 0.0255877
2.24 43 30 49.6978417 51.0000000 0.0255325
0.77 44 26 49.7000000 51.0000000 0.0254902
0.55 45 34 49.7000000 51.0000000 0.0254902
3.94 46 26 49.7051935 51.0000000 0.0253884
0.09 47 25 49.7073171 51.0000000 0.0253467
0.26 48 21 49.7073171 51.0000000 0.0253467
0.38 49 25 49.7073171 51.0000000 0.0253467
0.84 50 27 49.7073171 51.0000000 0.0253467
6.29 51 26 49.7078385 51.0000000 0.0253365
2.93 52 22 49.7099237 51.0000000 0.0252956
6.50 53 32 49.7142857 51.0000000 0.0252101
0.23 54 21 49.7142857 51.0000000 0.0252101
0.06 55 26 49.7142857 51.0000000 0.0252101
0.11 56 29 49.7160494 51.0000000 0.0251755
2.57 57 27 49.7185792 51.0000000 0.0251259
3.69 58 28 49.7210008 51.0000000 0.0250784
5.64 59 24 49.7243590 51.0000000 0.0250126
0.43 60 37 49.7244094 51.0000000 0.0250116
0.05 61 27 49.7307692 51.0000000 0.0248869
1.13 62 18 49.7368421 51.0000000 0.0247678
0.06 63 25 49.7368421 51.0000000 0.0247678
2.61 64 21 49.7414966 51.0000000 0.0246765
0.38 65 24 49.7435897 51.0000000 0.0246355
3.07 66 21 49.7471264 51.0000000 0.0245661
2.77 67 23 49.7471264 51.0000000 0.0245661
5.44 68 24 49.7473226 51.0000000 0.0245623
0.56 69 23 49.7500000 51.0000000 0.0245098
0.09 70 23 49.7500000 51.0000000 0.0245098
0.16 71 23 49.7500000 51.0000000 0.0245098
0.11 72 24 49.7500000 51.0000000 0.0245098
0.08 73 20 49.7500000 51.0000000 0.0245098
0.14 74 24 49.7500000 51.0000000 0.0245098
1.74 75 18 49.7500000 51.0000000 0.0245098
0.07 76 19 49.7500000 51.0000000 0.0245098
0.38 77 22 49.7500000 51.0000000 0.0245098
0.07 78 24 49.7500000 51.0000000 0.0245098
0.09 79 26 49.7500000 51.0000000 0.0245098
0.11 80 35 49.7500000 51.0000000 0.0245098
0.37 81 24 49.7500000 51.0000000 0.0245098
0.07 82 28 49.7500000 51.0000000 0.0245098
0.05 83 26 49.7500000 51.0000000 0.0245098
3.51 84 25 49.7500000 51.0000000 0.0245098
0.10 85 23 49.7500000 51.0000000 0.0245098
0.46 86 22 49.7500000 51.0000000 0.0245098
0.32 87 35 49.7500000 51.0000000 0.0245098
0.31 88 38 49.7500000 51.0000000 0.0245098
0.31 89 24 49.7500000 51.0000000 0.0245098
0.15 90 31 49.7500000 51.0000000 0.0245098
0.09 91 36 49.7510480 51.0000000 0.0244893
0.66 92 25 49.7528645 51.0000000 0.0244536
3.11 93 29 49.7547170 51.0000000 0.0244173
0.18 94 25 49.7553444 51.0000000 0.0244050
0.66 95 28 49.7553444 51.0000000 0.0244050
0.58 96 25 49.7560976 51.0000000 0.0243902
5.61 97 28 49.7560976 51.0000000 0.0243902
5.26 98 21 49.7590848 51.0000000 0.0243317
0.75 99 30 49.7620120 51.0000000 0.0242743
0.38 100 23 49.7708333 51.0000000 0.0241013
0.62 101 30 49.7708333 51.0000000 0.0241013
3.12 102 25 49.7710438 51.0000000 0.0240972
0.39 103 24 49.7723214 51.0000000 0.0240721
3.61 104 35 49.7761733 51.0000000 0.0239966
3.58 105 27 49.7781377 51.0000000 0.0239581
3.29 106 21 49.7781759 51.0000000 0.0239573
2.67 107 25 49.7794486 51.0000000 0.0239324
0.90 108 26 49.7814970 51.0000000 0.0238922
2.90 109 30 49.7814970 51.0000000 0.0238922
0.14 110 24 49.7848101 51.0000000 0.0238273
3.52 111 31 49.7869757 51.0000000 0.0237848
3.05 112 26 49.7892024 51.0000000 0.0237411
0.41 113 25 49.7927677 51.0000000 0.0236712
0.62 114 26 49.7929582 51.0000000 0.0236675
7.29 115 24 49.8014872 51.0000000 0.0235003
0.56 116 26 49.8034188 51.0000000 0.0234624
2.79 117 26 49.8034188 51.0000000 0.0234624
0.09 118 26 49.8036014 51.0000000 0.0234588
2.79 119 32 49.8063370 51.0000000 0.0234052
0.91 120 21 49.8096134 51.0000000 0.0233409
0.14 121 29 49.8126244 51.0000000 0.0232819
0.42 122 22 49.8150371 51.0000000 0.0232346
3.30 123 20 49.8168761 51.0000000 0.0231985
3.30 124 17 49.8188988 51.0000000 0.0231588
4.82 125 20 49.8205119 51.0000000 0.0231272
0.36 126 20 49.8220948 51.0000000 0.0230962
0.19 127 21 49.8240096 51.0000000 0.0230586
4.55 128 20 49.8248845 51.0000000 0.0230415
6.80 129 18 49.8262429 51.0000000 0.0230148
3.07 130 12 49.8285714 51.0000000 0.0229692
3.24 131 17 49.8319441 51.0000000 0.0229031
0.46 132 13 49.8346411 51.0000000 0.0228502
0.08 133 16 49.8376100 51.0000000 0.0227920
2.98 134 20 49.8376100 51.0000000 0.0227920
0.17 135 18 49.8392319 51.0000000 0.0227602
0.44 136 18 49.8393034 51.0000000 0.0227588
3.44 137 27 49.8395218 51.0000000 0.0227545
0.43 138 21 49.8412824 51.0000000 0.0227200
4.34 139 35 49.8414685 51.0000000 0.0227163
0.27 140 27 49.8433978 51.0000000 0.0226785
3.16 141 26 49.8456364 51.0000000 0.0226346
2.86 142 34 49.8474392 51.0000000 0.0225992
3.75 143 23 49.8483983 51.0000000 0.0225804
0.81 144 27 49.8493286 51.0000000 0.0225622
0.12 145 24 49.8505574 51.0000000 0.0225381
3.13 146 31 49.8506241 51.0000000 0.0225368
0.11 147 17 49.8528611 51.0000000 0.0224929
6.01 148 19 49.8548854 51.0000000 0.0224532
0.52 149 27 49.8569208 51.0000000 0.0224133
0.33 150 27 49.8582364 51.0000000 0.0223875
3.51 151 35 49.8596288 51.0000000 0.0223602
0.94 152 21 49.8597345 51.0000000 0.0223581
0.24 153 29 49.8617038 51.0000000 0.0223195
3.94 154 21 49.8617271 51.0000000 0.0223191
1.20 155 32 49.8625354 51.0000000 0.0223032
3.75 156 31 49.8646285 51.0000000 0.0222622
1.90 157 27 49.8663340 51.0000000 0.0222287
3.83 158 23 49.8679026 51.0000000 0.0221980
2.96 159 17 49.8691988 51.0000000 0.0221726
3.95 160 29 49.8704031 51.0000000 0.0221490
0.15 161 17 49.8718261 51.0000000 0.0221211
4.92 162 15 49.8726468 51.0000000 0.0221050
0.47 163 29 49.8744456 51.0000000 0.0220697
2.97 164 16 49.8803523 51.0000000 0.0219539
3.75 165 29 49.8803523 51.0000000 0.0219539
0.30 166 33 49.8843122 51.0000000 0.0218762
5.99 167 34 49.8843601 51.0000000 0.0218753
2.70 168 23 49.8854783 51.0000000 0.0218534
