0.20 0 0 51.0000000 56.0000000 0.0892857
0.02 1 79 51.0000000 56.0000000 0.0892857
0.03 2 90 51.2916667 56.0000000 0.0840774
0.03 3 86 51.3888889 56.0000000 0.0823413
0.05 4 79 51.5000000 56.0000000 0.0803571
0.05 5 63 51.6190476 56.0000000 0.0782313
0.06 6 67 51.6666667 56.0000000 0.0773810
0.28 7 63 51.6666667 56.0000000 0.0773810
0.05 8 44 51.6666667 56.0000000 0.0773810
0.14 9 54 51.7466667 56.0000000 0.0759524
0.07 10 41 51.7700000 56.0000000 0.0755357
0.18 11 50 51.8533333 56.0000000 0.0740476
0.05 12 52 51.8666667 56.0000000 0.0738095
0.10 13 34 51.9120370 56.0000000 0.0729993
0.07 14 45 51.9404959 56.0000000 0.0724911
0.06 15 41 52.0233093 56.0000000 0.0710123
0.08 16 47 52.1190476 56.0000000 0.0693027
0.04 17 37 52.2021739 56.0000000 0.0678183
0.06 18 33 52.2348485 56.0000000 0.0672348
0.09 19 43 52.2366667 56.0000000 0.0672024
0.21 20 45 52.2500000 56.0000000 0.0669643
0.30 21 24 52.2500000 56.0000000 0.0669643
0.09 22 32 52.2500000 56.0000000 0.0669643
0.12 23 27 52.2500000 56.0000000 0.0669643
0.13 24 22 52.2500000 56.0000000 0.0669643
0.30 25 21 52.2500000 56.0000000 0.0669643
0.18 26 24 52.2500000 56.0000000 0.0669643
0.09 27 31 52.2500000 56.0000000 0.0669643
0.39 28 27 52.2500000 56.0000000 0.0669643
0.06 29 28 52.2507042 56.0000000 0.0669517
0.33 30 33 52.2551020 56.0000000 0.0668732
0.13 31 25 52.2615031 56.0000000 0.0667589
0.34 32 32 52.2638889 56.0000000 0.0667163
0.28 33 24 52.2727273 56.0000000 0.0665584
0.07 34 34 52.2857143 56.0000000 0.0663265
0.13 35 29 52.2857143 56.0000000 0.0663265
0.12 36 23 52.3000000 56.0000000 0.0660714
0.56 37 29 52.3000000 56.0000000 0.0660714
0.32 38 34 52.3003350 56.0000000 0.0660654
0.41 39 33 52.3333333 56.0000000 0.0654762
0.35 40 26 52.3363636 56.0000000 0.0654221
2.93 41 36 52.3409091 56.0000000 0.0653409
3.04 42 26 52.3428571 56.0000000 0.0653061
0.76 43 30 52.3450413 56.0000000 0.0652671
4.66 44 21 52.3644578 56.0000000 0.0649204
0.16 45 25 52.3888889 56.0000000 0.0644841
0.34 46 27 52.3888889 56.0000000 0.0644841
0.14 47 24 52.3888889 56.0000000 0.0644841
3.21 48 22 52.3888889 56.0000000 0.0644841
0.26 49 21 52.3888889 56.0000000 0.0644841
1.51 50 17 52.3888889 56.0000000 0.0644841
0.37 51 21 52.3888889 56.0000000 0.0644841
0.39 52 24 52.3888889 56.0000000 0.0644841
0.72 53 24 52.3888889 56.0000000 0.0644841
1.43 54 27 52.3888889 56.0000000 0.0644841
0.08 55 19 52.3888889 56.0000000 0.0644841
0.22 56 22 52.3888889 56.0000000 0.0644841
0.51 57 23 52.3888889 56.0000000 0.0644841
3.85 58 26 52.3888889 56.0000000 0.0644841
0.11 59 21 52.3895833 56.0000000 0.0644717
0.98 60 25 52.3939394 56.0000000 0.0643939
0.31 61 21 52.3939394 56.0000000 0.0643939
0.33 62 23 52.3939394 56.0000000 0.0643939
6.96 63 25 52.3939394 56.0000000 0.0643939
7.19 64 27 52.4000000 56.0000000 0.0642857
0.05 65 23 52.4000000 56.0000000 0.0642857
0.10 66 23 52.4059829 56.0000000 0.0641789
0.52 67 21 52.4060745 56.0000000 0.0641772
3.42 68 25 52.4166667 56.0000000 0.0639881
0.04 69 20 52.4166667 56.0000000 0.0639881
3.10 70 26 52.4166667 56.0000000 0.0639881
0.15 71 30 52.4166667 56.0000000 0.0639881
0.39 72 21 52.4166667 56.0000000 0.0639881
1.46 73 21 52.4166667 56.0000000 0.0639881
8.64 74 28 52.4166667 56.0000000 0.0639881
0.07 75 19 52.4166667 56.0000000 0.0639881
0.09 76 21 52.4166667 56.0000000 0.0639881
1.84 77 24 52.4166667 56.0000000 0.0639881
0.07 78 24 52.4166667 56.0000000 0.0639881
0.56 79 26 52.4166667 56.0000000 0.0639881
0.38 80 26 52.4166667 56.0000000 0.0639881
4.23 81 27 52.4166667 56.0000000 0.0639881
0.06 82 24 52.4166667 56.0000000 0.0639881
0.12 83 21 52.4166667 56.0000000 0.0639881
0.05 84 22 52.4166667 56.0000000 0.0639881
0.08 85 21 52.4166667 56.0000000 0.0639881
0.07 86 23 52.4166667 56.0000000 0.0639881
0.05 87 24 52.4166667 56.0000000 0.0639881
0.10 88 24 52.4166667 56.0000000 0.0639881
0.05 89 27 52.4166667 56.0000000 0.0639881
0.09 90 30 52.4166667 56.0000000 0.0639881
0.09 91 23 52.4168026 56.0000000 0.0639857
2.95 92 30 52.4174620 56.0000000 0.0639739
0.06 93 24 52.4189602 56.0000000 0.0639471
0.64 94 28 52.4194139 56.0000000 0.0639390
0.12 95 28 52.4194139 56.0000000 0.0639390
0.13 96 21 52.4265092 56.0000000 0.0638123
2.93 97 25 52.4265092 56.0000000 0.0638123
0.15 98 19 52.4298246 56.0000000 0.0637531
4.14 99 19 52.4305556 56.0000000 0.0637401
0.42 100 16 52.4305556 56.0000000 0.0637401
3.35 101 20 52.4338710 56.0000000 0.0636809
0.66 102 27 52.4407407 56.0000000 0.0635582
0.16 103 29 52.4455128 56.0000000 0.0634730
2.90 104 27 52.4455128 56.0000000 0.0634730
2.91 105 27 52.4506173 56.0000000 0.0633818
0.28 106 24 52.4561404 56.0000000 0.0632832
0.43 107 26 52.4610592 56.0000000 0.0631954
3.06 108 28 52.4624506 56.0000000 0.0631705
0.44 109 25 52.4651021 56.0000000 0.0631232
2.97 110 27 52.4651344 56.0000000 0.0631226
1.23 111 24 52.4679546 56.0000000 0.0630722
0.27 112 18 52.4697590 56.0000000 0.0630400
0.14 113 16 52.4726930 56.0000000 0.0629876
0.05 114 17 52.4727558 56.0000000 0.0629865
0.08 115 19 52.4769076 56.0000000 0.0629124
0.43 116 23 52.4816797 56.0000000 0.0628271
0.08 117 27 52.4878587 56.0000000 0.0627168
0.12 118 19 52.4913123 56.0000000 0.0626551
0.10 119 25 52.4913123 56.0000000 0.0626551
0.06 120 26 52.4952561 56.0000000 0.0625847
0.34 121 25 52.4952561 56.0000000 0.0625847
0.51 122 26 52.4969419 56.0000000 0.0625546
2.12 123 19 52.4982693 56.0000000 0.0625309
0.46 124 18 52.4994580 56.0000000 0.0625097
0.07 125 21 52.4995023 56.0000000 0.0625089
0.12 126 26 52.5001505 56.0000000 0.0624973
0.41 127 28 52.5017041 56.0000000 0.0624696
0.42 128 24 52.5044327 56.0000000 0.0624208
0.14 129 24 52.5062644 56.0000000 0.0623881
0.13 130 19 52.5094471 56.0000000 0.0623313
0.07 131 23 52.5134434 56.0000000 0.0622599
0.08 132 25 52.5134557 56.0000000 0.0622597
2.59 133 24 52.5142354 56.0000000 0.0622458
1.02 134 24 52.5180391 56.0000000 0.0621779
0.32 135 30 52.5181198 56.0000000 0.0621764
0.11 136 31 52.5193386 56.0000000 0.0621547
0.57 137 28 52.5215957 56.0000000 0.0621144
0.40 138 22 52.5261180 56.0000000 0.0620336
0.53 139 22 52.5303904 56.0000000 0.0619573
0.12 140 25 52.5333755 56.0000000 0.0619040
0.44 141 27 52.5366093 56.0000000 0.0618463
0.10 142 24 52.5366556 56.0000000 0.0618454
0.44 143 24 52.5394746 56.0000000 0.0617951
0.10 144 22 52.5416673 56.0000000 0.0617559
0.10 145 27 52.5422294 56.0000000 0.0617459
0.18 146 19 52.5444011 56.0000000 0.0617071
3.82 147 31 52.5473693 56.0000000 0.0616541
5.74 148 26 52.5494552 56.0000000 0.0616169
0.59 149 23 52.5526642 56.0000000 0.0615596
3.59 150 22 52.5553069 56.0000000 0.0615124
0.15 151 30 52.5571548 56.0000000 0.0614794
0.20 152 19 52.5589926 56.0000000 0.0614466
0.54 153 20 52.5614015 56.0000000 0.0614035
0.11 154 19 52.5646547 56.0000000 0.0613455
0.64 155 20 52.5647357 56.0000000 0.0613440
0.66 156 25 52.5666616 56.0000000 0.0613096
0.91 157 30 52.5691439 56.0000000 0.0612653
3.80 158 24 52.5717206 56.0000000 0.0612193
0.11 159 29 52.5752432 56.0000000 0.0611564
0.13 160 24 52.5778663 56.0000000 0.0611095
3.43 161 32 52.5797713 56.0000000 0.0610755
0.34 162 30 52.5816536 56.0000000 0.0610419
0.51 163 25 52.5835429 56.0000000 0.0610082
0.20 164 25 52.5835905 56.0000000 0.0610073
3.55 165 30 52.5852954 56.0000000 0.0609769
3.45 166 22 52.5862110 56.0000000 0.0609605
36.95 167 28 52.5886015 56.0000000 0.0609178
0.11 168 26 52.5921598 56.0000000 0.0608543
0.92 169 30 52.5951949 56.0000000 0.0608001
2.71 170 31 52.5987845 56.0000000 0.0607360
0.12 171 25 52.6005294 56.0000000 0.0607048
0.42 172 26 52.6022261 56.0000000 0.0606745
3.46 173 23 52.6022490 56.0000000 0.0606741
0.40 174 32 52.6026381 56.0000000 0.0606672
0.61 175 28 52.6035108 56.0000000 0.0606516
0.40 176 30 52.6063331 56.0000000 0.0606012
0.15 177 23 52.6088374 56.0000000 0.0605565
34.83 178 23 52.6127827 56.0000000 0.0604860
0.87 179 19 52.6160762 56.0000000 0.0604272
0.47 180 28 52.6175665 56.0000000 0.0604006
1.16 181 26 52.6202071 56.0000000 0.0603534
3.64 182 23 52.6220923 56.0000000 0.0603198
3.66 183 29 52.6243547 56.0000000 0.0602794
0.39 184 22 52.6243547 56.0000000 0.0602794
0.37 185 22 52.6256716 56.0000000 0.0602559
4.13 186 27 52.6256718 56.0000000 0.0602559
3.59 187 27 52.6274958 56.0000000 0.0602233
0.13 188 30 52.6289647 56.0000000 0.0601971
0.54 189 25 52.6300902 56.0000000 0.0601770
0.48 190 23 52.6301766 56.0000000 0.0601754
2.17 191 24 52.6314016 56.0000000 0.0601535
0.74 192 34 52.6314043 56.0000000 0.0601535
