0.27 0 0 100.9300000 130.0000000 0.2236154
0.04 1 58 102.9642857 130.0000000 0.2079670
0.03 2 66 103.4733801 130.0000000 0.2040509
0.06 3 81 104.9831984 130.0000000 0.1924369
0.06 4 86 106.7273455 130.0000000 0.1790204
0.19 5 111 108.4086744 130.0000000 0.1660871
0.24 6 113 109.9814775 130.0000000 0.1539886
0.20 7 121 111.1983889 130.0000000 0.1446278
0.85 8 104 112.1237282 130.0000000 0.1375098
0.25 9 110 112.8852536 130.0000000 0.1316519
0.53 10 105 113.8136730 130.0000000 0.1245102
4.10 11 94 114.4734883 130.0000000 0.1194347
0.28 12 116 115.2656764 130.0000000 0.1133410
4.26 13 104 115.9485222 130.0000000 0.1080883
5.23 14 102 116.5438902 130.0000000 0.1035085
0.50 15 98 117.2088016 130.0000000 0.0983938
2.10 16 104 117.7093988 130.0000000 0.0945431
1.79 17 104 118.0085864 130.0000000 0.0922416
3.89 18 96 118.9002095 130.0000000 0.0853830
10.32 19 92 119.5048054 130.0000000 0.0807323
5.81 20 95 119.8580693 130.0000000 0.0780149
3.19 21 80 120.1716123 130.0000000 0.0756030
9.22 22 75 120.5096827 130.0000000 0.0730024
14.14 23 67 120.8823206 130.0000000 0.0701360
10.91 24 67 121.2117162 130.0000000 0.0676022
5.43 25 73 121.4591986 130.0000000 0.0656985
2.91 26 65 121.7666546 130.0000000 0.0633334
4.88 27 60 121.8949973 130.0000000 0.0623462
5.74 28 52 122.1028076 130.0000000 0.0607476
17.13 29 70 122.3384727 130.0000000 0.0589348
11.53 30 73 122.5846218 130.0000000 0.0570414
11.33 31 49 122.7759400 130.0000000 0.0555697
4.31 32 43 123.0191941 130.0000000 0.0536985
4.28 33 45 123.1908617 130.0000000 0.0523780
6.09 34 32 123.2929191 130.0000000 0.0515929
2.95 35 69 123.4552754 130.0000000 0.0503440
5.77 36 51 123.5603074 130.0000000 0.0495361
9.53 37 45 123.6093947 130.0000000 0.0491585
10.83 38 36 123.6729916 130.0000000 0.0486693
10.75 39 44 123.7244031 130.0000000 0.0482738
2.89 40 37 123.7966473 130.0000000 0.0477181
4.79 41 40 123.9018783 130.0000000 0.0469086
6.33 42 40 123.9460160 130.0000000 0.0465691
12.95 43 54 124.0246234 130.0000000 0.0459644
7.54 44 33 124.1216639 130.0000000 0.0452180
0.22 45 39 124.1627502 130.0000000 0.0449019
8.21 46 32 124.2355610 130.0000000 0.0443418
7.30 47 36 124.3292999 130.0000000 0.0436208
13.63 48 31 124.4082339 130.0000000 0.0430136
0.60 49 37 124.4916609 130.0000000 0.0423718
7.17 50 24 124.5372255 130.0000000 0.0420213
9.76 51 23 124.5901580 130.0000000 0.0416142
