0.46 0 0 34.2548060 48.0000000 0.2863582
0.06 1 96 35.1142908 48.0000000 0.2684523
0.09 2 117 35.5245365 48.0000000 0.2599055
0.10 3 113 35.7613625 48.0000000 0.2549716
0.13 4 109 36.3361256 48.0000000 0.2429974
0.41 5 120 36.8795877 48.0000000 0.2316753
0.21 6 123 37.2038637 48.0000000 0.2249195
0.25 7 135 37.5278483 48.0000000 0.2181698
0.46 8 146 37.8029472 48.0000000 0.2124386
1.09 9 140 38.0933139 48.0000000 0.2063893
0.38 10 138 38.3971908 48.0000000 0.2000585
0.36 11 159 38.6277133 48.0000000 0.1952560
0.94 12 160 39.0234864 48.0000000 0.1870107
0.48 13 139 39.2762307 48.0000000 0.1817452
0.88 14 146 39.4935817 48.0000000 0.1772170
0.50 15 155 39.7140993 48.0000000 0.1726229
1.09 16 141 39.9330334 48.0000000 0.1680618
1.02 17 161 40.1862330 48.0000000 0.1627868
1.00 18 130 40.3551049 48.0000000 0.1592686
0.68 19 170 40.4879748 48.0000000 0.1565005
0.35 20 127 40.5870174 48.0000000 0.1544371
1.54 21 124 40.6832737 48.0000000 0.1524318
1.05 22 105 40.7641107 48.0000000 0.1507477
6.17 23 113 40.8446560 48.0000000 0.1490697
0.92 24 116 40.9174397 48.0000000 0.1475533
1.20 25 104 40.9887292 48.0000000 0.1460681
3.00 26 113 41.0839710 48.0000000 0.1440839
6.05 27 117 41.1463341 48.0000000 0.1427847
6.13 28 115 41.2459388 48.0000000 0.1407096
1.69 29 132 41.3468277 48.0000000 0.1386078
4.35 30 137 41.4059060 48.0000000 0.1373770
1.10 31 127 41.4668142 48.0000000 0.1361080
5.60 32 135 41.5653801 48.0000000 0.1340546
3.14 33 114 41.6767522 48.0000000 0.1317343
4.66 34 116 41.7386716 48.0000000 0.1304443
4.65 35 108 41.7948623 48.0000000 0.1292737
6.80 36 116 41.8683385 48.0000000 0.1277429
7.91 37 120 41.9326615 48.0000000 0.1264029
7.61 38 115 41.9928286 48.0000000 0.1251494
11.66 39 125 42.0825809 48.0000000 0.1232796
2.89 40 109 42.1324034 48.0000000 0.1222416
3.09 41 101 42.1875802 48.0000000 0.1210921
5.75 42 98 42.2273614 48.0000000 0.1202633
6.39 43 99 42.2872855 48.0000000 0.1190149
10.04 44 118 42.3352948 48.0000000 0.1180147
10.97 45 98 42.3652018 48.0000000 0.1173916
7.37 46 99 42.3890712 48.0000000 0.1168943
10.87 47 86 42.4208284 48.0000000 0.1162327
10.85 48 74 42.4434729 48.0000000 0.1157610
5.13 49 84 42.4600572 48.0000000 0.1154155
2.20 50 78 42.4894361 48.0000000 0.1148034
10.07 51 77 42.5026281 48.0000000 0.1145286
6.87 52 56 42.5232270 48.0000000 0.1140994
6.51 53 79 42.5525275 48.0000000 0.1134890
11.18 54 76 42.5784200 48.0000000 0.1129496
2.59 55 73 42.6004204 48.0000000 0.1124912
5.01 56 80 42.6208603 48.0000000 0.1120654
14.79 57 69 42.6493940 48.0000000 0.1114710
6.79 58 80 42.6730506 48.0000000 0.1109781
2.24 59 82 42.6947858 48.0000000 0.1105253
2.97 60 73 42.7216073 48.0000000 0.1099665
1.59 61 67 42.7427001 48.0000000 0.1095271
