0.41 0 0 51.6255869 62.0000000 0.1673292
0.05 1 89 52.3413364 62.0000000 0.1557849
0.07 2 102 52.8835316 62.0000000 0.1470398
0.18 3 121 53.3440341 62.0000000 0.1396124
0.12 4 113 53.9161742 62.0000000 0.1303843
0.25 5 142 54.2873014 62.0000000 0.1243984
0.20 6 136 54.7819962 62.0000000 0.1164194
0.71 7 160 55.1066822 62.0000000 0.1111825
0.17 8 124 55.4567048 62.0000000 0.1055370
0.48 9 151 55.7227606 62.0000000 0.1012458
0.63 10 149 55.9482956 62.0000000 0.0976081
0.95 11 137 56.2136260 62.0000000 0.0933286
0.49 12 150 56.4336372 62.0000000 0.0897800
3.25 13 136 56.7113199 62.0000000 0.0853013
0.77 14 152 56.9418120 62.0000000 0.0815837
0.62 15 143 57.1005992 62.0000000 0.0790226
3.77 16 131 57.2253760 62.0000000 0.0770101
2.69 17 132 57.3483267 62.0000000 0.0750270
2.18 18 113 57.4411511 62.0000000 0.0735298
4.44 19 121 57.5603913 62.0000000 0.0716066
4.40 20 130 57.6985841 62.0000000 0.0693777
4.90 21 126 57.7845898 62.0000000 0.0679905
3.38 22 114 57.8982049 62.0000000 0.0661580
5.35 23 109 58.0022319 62.0000000 0.0644801
1.15 24 114 58.0651307 62.0000000 0.0634656
6.87 25 101 58.1730513 62.0000000 0.0617250
4.26 26 131 58.2661267 62.0000000 0.0602238
4.39 27 105 58.3738052 62.0000000 0.0584870
5.00 28 87 58.4538567 62.0000000 0.0571959
4.56 29 90 58.5451381 62.0000000 0.0557236
4.38 30 95 58.6335439 62.0000000 0.0542977
4.82 31 104 58.6933263 62.0000000 0.0533334
4.07 32 106 58.7895863 62.0000000 0.0517809
11.90 33 108 58.8727559 62.0000000 0.0504394
11.71 34 105 58.9306252 62.0000000 0.0495060
4.92 35 93 58.9965428 62.0000000 0.0484429
4.85 36 105 59.0497742 62.0000000 0.0475843
7.22 37 101 59.1095170 62.0000000 0.0466207
14.35 38 92 59.1621101 62.0000000 0.0457724
4.96 39 88 59.1992674 62.0000000 0.0451731
8.40 40 88 59.2375719 62.0000000 0.0445553
3.05 41 111 59.2805101 62.0000000 0.0438627
12.06 42 95 59.3342152 62.0000000 0.0429965
2.89 43 92 59.3781554 62.0000000 0.0422878
9.04 44 80 59.4284927 62.0000000 0.0414759
3.80 45 93 59.4691038 62.0000000 0.0408209
4.96 46 83 59.5091746 62.0000000 0.0401746
11.91 47 94 59.5578188 62.0000000 0.0393900
10.04 48 68 59.5862280 62.0000000 0.0389318
2.97 49 93 59.6274343 62.0000000 0.0382672
9.32 50 68 59.6488127 62.0000000 0.0379224
4.50 51 80 59.6668121 62.0000000 0.0376321
1.60 52 71 59.7050056 62.0000000 0.0370160
10.35 53 93 59.7450415 62.0000000 0.0363703
5.74 54 88 59.7815471 62.0000000 0.0357815
6.07 55 106 59.8139004 62.0000000 0.0352597
