0.20 0 0 54.0000000 56.0000000 0.0357143
0.01 1 72 54.0000000 56.0000000 0.0357143
0.07 2 109 54.0000000 56.0000000 0.0357143
0.03 3 68 54.0714286 56.0000000 0.0344388
0.06 4 81 54.2500000 56.0000000 0.0312500
0.12 5 73 54.2500000 56.0000000 0.0312500
0.07 6 61 54.2857143 56.0000000 0.0306122
0.08 7 39 54.2857143 56.0000000 0.0306122
0.06 8 23 54.3043478 56.0000000 0.0302795
0.04 9 37 54.5000000 56.0000000 0.0267857
0.32 10 39 54.5000000 56.0000000 0.0267857
0.21 11 30 54.5000000 56.0000000 0.0267857
0.08 12 28 54.5000000 56.0000000 0.0267857
0.08 13 21 54.5000000 56.0000000 0.0267857
0.43 14 17 54.5000000 56.0000000 0.0267857
0.46 15 18 54.5000000 56.0000000 0.0267857
0.59 16 21 54.5000000 56.0000000 0.0267857
0.05 17 26 54.5094340 56.0000000 0.0266173
0.02 18 21 54.5714286 56.0000000 0.0255102
0.08 19 23 54.5714286 56.0000000 0.0255102
0.08 20 27 54.5714286 56.0000000 0.0255102
0.32 21 32 54.5714286 56.0000000 0.0255102
0.02 22 22 54.5833333 56.0000000 0.0252976
0.13 23 22 54.5882353 56.0000000 0.0252101
0.26 24 38 54.5945946 56.0000000 0.0250965
2.90 25 33 54.6000000 56.0000000 0.0250000
0.11 26 32 54.6000000 56.0000000 0.0250000
0.18 27 27 54.6000000 56.0000000 0.0250000
2.70 28 36 54.6000000 56.0000000 0.0250000
0.29 29 33 54.6019417 56.0000000 0.0249653
0.31 30 35 54.6086957 56.0000000 0.0248447
0.22 31 27 54.6190476 56.0000000 0.0246599
0.36 32 32 54.6250000 56.0000000 0.0245536
0.17 33 23 54.6285714 56.0000000 0.0244898
0.38 34 33 54.6400000 56.0000000 0.0242857
1.49 35 25 54.6470588 56.0000000 0.0241597
2.74 36 35 54.6521739 56.0000000 0.0240683
1.18 37 33 54.6538462 56.0000000 0.0240385
0.10 38 33 54.6571429 56.0000000 0.0239796
0.20 39 35 54.6648649 56.0000000 0.0238417
1.91 40 33 54.6923077 56.0000000 0.0233516
1.64 41 38 54.7142857 56.0000000 0.0229592
1.69 42 31 54.7171053 56.0000000 0.0229088
3.84 43 33 54.7172565 56.0000000 0.0229061
0.58 44 26 54.7283951 56.0000000 0.0227072
0.17 45 24 54.7400000 56.0000000 0.0225000
2.42 46 29 54.7492063 56.0000000 0.0223356
0.95 47 28 54.7500000 56.0000000 0.0223214
0.17 48 34 54.7500000 56.0000000 0.0223214
0.36 49 27 54.7500000 56.0000000 0.0223214
0.16 50 25 54.7500000 56.0000000 0.0223214
0.03 51 18 54.7500000 56.0000000 0.0223214
0.03 52 21 54.7500000 56.0000000 0.0223214
0.07 53 21 54.7500000 56.0000000 0.0223214
0.54 54 23 54.7500000 56.0000000 0.0223214
0.03 55 20 54.7500000 56.0000000 0.0223214
0.31 56 25 54.7500000 56.0000000 0.0223214
0.08 57 20 54.7500000 56.0000000 0.0223214
0.02 58 22 54.7500000 56.0000000 0.0223214
0.03 59 24 54.7500000 56.0000000 0.0223214
0.02 60 17 54.7500000 56.0000000 0.0223214
0.03 61 26 54.7500000 56.0000000 0.0223214
0.14 62 17 54.7500000 56.0000000 0.0223214
0.02 63 17 54.7500000 56.0000000 0.0223214
0.04 64 18 54.7500000 56.0000000 0.0223214
0.02 65 18 54.7500000 56.0000000 0.0223214
0.07 66 21 54.7500000 56.0000000 0.0223214
0.05 67 25 54.7500000 56.0000000 0.0223214
0.09 68 21 54.7500000 56.0000000 0.0223214
0.03 69 23 54.7500000 56.0000000 0.0223214
0.05 70 23 54.7500000 56.0000000 0.0223214
0.06 71 22 54.7500000 56.0000000 0.0223214
0.12 72 23 54.7500000 56.0000000 0.0223214
0.03 73 24 54.7500000 56.0000000 0.0223214
0.03 74 23 54.7500000 56.0000000 0.0223214
0.10 75 20 54.7500000 56.0000000 0.0223214
0.05 76 21 54.7500000 56.0000000 0.0223214
0.02 77 20 54.7500000 56.0000000 0.0223214
0.06 78 27 54.7500000 56.0000000 0.0223214
0.20 79 23 54.7500000 56.0000000 0.0223214
0.05 80 20 54.7500000 56.0000000 0.0223214
0.32 81 19 54.7500000 56.0000000 0.0223214
0.06 82 19 54.7500000 56.0000000 0.0223214
0.06 83 23 54.7500000 56.0000000 0.0223214
0.07 84 26 54.7500000 56.0000000 0.0223214
0.11 85 23 54.7500000 56.0000000 0.0223214
0.05 86 17 54.7500000 56.0000000 0.0223214
0.52 87 16 54.7504655 56.0000000 0.0223131
0.09 88 25 54.7504655 56.0000000 0.0223131
0.49 89 22 54.7507226 56.0000000 0.0223085
0.05 90 24 54.7516119 56.0000000 0.0222926
0.04 91 23 54.7550940 56.0000000 0.0222305
0.60 92 27 54.7601810 56.0000000 0.0221396
3.01 93 23 54.7692308 56.0000000 0.0219780
0.21 94 23 54.7700935 56.0000000 0.0219626
5.39 95 26 54.7726218 56.0000000 0.0219175
3.11 96 27 54.7812500 56.0000000 0.0217634
5.81 97 24 54.7858284 56.0000000 0.0216816
5.41 98 16 54.7884074 56.0000000 0.0216356
3.40 99 23 54.7909055 56.0000000 0.0215910
3.19 100 16 54.7909055 56.0000000 0.0215910
0.71 101 19 54.7971831 56.0000000 0.0214789
0.56 102 30 54.8000000 56.0000000 0.0214286
0.12 103 13 54.8000000 56.0000000 0.0214286
0.03 104 12 54.8024882 56.0000000 0.0213841
3.25 105 23 54.8039969 56.0000000 0.0213572
2.58 106 16 54.8079827 56.0000000 0.0212860
2.90 107 18 54.8080919 56.0000000 0.0212841
0.42 108 18 54.8101015 56.0000000 0.0212482
0.11 109 14 54.8111547 56.0000000 0.0212294
0.12 110 20 54.8129272 56.0000000 0.0211977
0.13 111 26 54.8155768 56.0000000 0.0211504
0.31 112 19 54.8180708 56.0000000 0.0211059
0.11 113 10 54.8221298 56.0000000 0.0210334
2.78 114 15 54.8255162 56.0000000 0.0209729
0.09 115 21 54.8314357 56.0000000 0.0208672
0.08 116 12 54.8333333 56.0000000 0.0208333
0.08 117 10 54.8333333 56.0000000 0.0208333
0.03 118 21 54.8333333 56.0000000 0.0208333
0.02 119 12 54.8333333 56.0000000 0.0208333
0.03 120 14 54.8333735 56.0000000 0.0208326
0.09 121 19 54.8349436 56.0000000 0.0208046
0.07 122 15 54.8404724 56.0000000 0.0207059
0.32 123 18 54.8436192 56.0000000 0.0206497
0.58 124 19 54.8473127 56.0000000 0.0205837
0.29 125 14 54.8480878 56.0000000 0.0205699
0.09 126 17 54.8496473 56.0000000 0.0205420
0.35 127 12 54.8521457 56.0000000 0.0204974
0.08 128 13 54.8536973 56.0000000 0.0204697
0.08 129 14 54.8557051 56.0000000 0.0204338
0.71 130 12 54.8560147 56.0000000 0.0204283
0.57 131 14 54.8580836 56.0000000 0.0203914
0.38 132 14 54.8594641 56.0000000 0.0203667
0.32 133 12 54.8600613 56.0000000 0.0203560
0.35 134 18 54.8622301 56.0000000 0.0203173
0.08 135 13 54.8665673 56.0000000 0.0202399
0.04 136 14 54.8670632 56.0000000 0.0202310
0.04 137 12 54.8707888 56.0000000 0.0201645
0.37 138 18 54.8756521 56.0000000 0.0200776
0.73 139 16 54.8803031 56.0000000 0.0199946
0.72 140 17 54.8855285 56.0000000 0.0199013
0.45 141 18 54.8901169 56.0000000 0.0198193
0.06 142 11 54.8935778 56.0000000 0.0197575
0.39 143 15 54.8974632 56.0000000 0.0196882
0.10 144 14 54.9000546 56.0000000 0.0196419
0.33 145 11 54.9000910 56.0000000 0.0196412
0.08 146 17 54.9028542 56.0000000 0.0195919
0.38 147 24 54.9045827 56.0000000 0.0195610
3.17 148 13 54.9070758 56.0000000 0.0195165
0.08 149 12 54.9098395 56.0000000 0.0194672
0.36 150 16 54.9135129 56.0000000 0.0194016
3.17 151 11 54.9159103 56.0000000 0.0193587
0.04 152 9 54.9180518 56.0000000 0.0193205
3.53 153 8 54.9193788 56.0000000 0.0192968
3.25 154 19 54.9206409 56.0000000 0.0192743
0.04 155 15 54.9218525 56.0000000 0.0192526
0.57 156 14 54.9229028 56.0000000 0.0192339
0.07 157 14 54.9251916 56.0000000 0.0191930
0.22 158 14 54.9282235 56.0000000 0.0191389
0.37 159 13 54.9333728 56.0000000 0.0190469
0.37 160 13 54.9363660 56.0000000 0.0189935
3.07 161 12 54.9368118 56.0000000 0.0189855
0.05 162 12 54.9399265 56.0000000 0.0189299
0.25 163 7 54.9429772 56.0000000 0.0188754
3.41 164 8 54.9430592 56.0000000 0.0188739
0.04 165 11 54.9445213 56.0000000 0.0188478
0.66 166 10 54.9456943 56.0000000 0.0188269
1.62 167 8 54.9497528 56.0000000 0.0187544
0.35 168 9 54.9531063 56.0000000 0.0186945
3.08 169 19 54.9579374 56.0000000 0.0186083
4.20 170 16 54.9627552 56.0000000 0.0185222
0.52 171 26 54.9661968 56.0000000 0.0184608
0.45 172 18 54.9702403 56.0000000 0.0183886
0.04 173 14 54.9719754 56.0000000 0.0183576
4.35 174 23 54.9733964 56.0000000 0.0183322
3.79 175 16 54.9735159 56.0000000 0.0183301
3.96 176 12 54.9751209 56.0000000 0.0183014
1.18 177 15 54.9771603 56.0000000 0.0182650
0.06 178 12 54.9788843 56.0000000 0.0182342
6.18 179 17 54.9818965 56.0000000 0.0181804
0.43 180 16 54.9846636 56.0000000 0.0181310
0.47 181 12 54.9874286 56.0000000 0.0180816
0.78 182 14 54.9889600 56.0000000 0.0180543
29.87 183 14 54.9910602 56.0000000 0.0180168
1.11 184 17 54.9928056 56.0000000 0.0179856
0.23 185 16 54.9940829 56.0000000 0.0179628
1.79 186 11 54.9940890 56.0000000 0.0179627
0.37 187 17 54.9944248 56.0000000 0.0179567
0.05 188 19 54.9952544 56.0000000 0.0179419
0.76 189 15 54.9960108 56.0000000 0.0179284
1.44 190 12 54.9971958 56.0000000 0.0179072
2.43 191 16 55.0000000 56.0000000 0.0178571
0.03 192 16 55.0000000 56.0000000 0.0178571
1.64 193 13 55.0000000 56.0000000 0.0178571
1.62 194 10 55.0000000 56.0000000 0.0178571
0.20 195 13 55.0000000 56.0000000 0.0178571
