0.34 0 0 42.8270332 66.0000000 0.3511056
0.05 1 109 43.0576720 66.0000000 0.3476110
0.04 2 92 43.2925812 66.0000000 0.3440518
0.07 3 103 43.5957187 66.0000000 0.3394588
0.18 4 113 44.1433448 66.0000000 0.3311614
0.12 5 111 44.4657384 66.0000000 0.3262767
0.22 6 117 44.8762405 66.0000000 0.3200570
0.20 7 126 45.3638265 66.0000000 0.3126693
0.49 8 133 45.8299328 66.0000000 0.3056071
0.28 9 133 46.0775107 66.0000000 0.3018559
0.49 10 135 46.4204868 66.0000000 0.2966593
0.36 11 140 46.8233510 66.0000000 0.2905553
0.48 12 147 47.1398739 66.0000000 0.2857595
0.52 13 152 47.5337573 66.0000000 0.2797916
0.34 14 157 47.7547887 66.0000000 0.2764426
0.68 15 143 47.9917894 66.0000000 0.2728517
0.33 16 144 48.2379008 66.0000000 0.2691227
0.54 17 143 48.4911924 66.0000000 0.2652850
1.00 18 134 48.7922942 66.0000000 0.2607228
0.43 19 146 49.0136921 66.0000000 0.2573683
0.69 20 136 49.2297983 66.0000000 0.2540940
1.13 21 149 49.4161505 66.0000000 0.2512704
1.66 22 159 49.6547452 66.0000000 0.2476554
0.34 23 132 49.7562032 66.0000000 0.2461181
3.74 24 145 49.9014264 66.0000000 0.2439178
3.94 25 158 50.0917370 66.0000000 0.2410343
0.96 26 129 50.2556003 66.0000000 0.2385515
2.08 27 137 50.3888563 66.0000000 0.2365325
5.89 28 145 50.5201713 66.0000000 0.2345429
0.84 29 137 50.6635310 66.0000000 0.2323707
2.86 30 156 50.8234526 66.0000000 0.2299477
2.65 31 144 50.9381220 66.0000000 0.2282103
4.09 32 131 51.0566827 66.0000000 0.2264139
0.71 33 126 51.1957295 66.0000000 0.2243071
3.61 34 136 51.3259937 66.0000000 0.2223334
5.98 35 120 51.4411364 66.0000000 0.2205888
3.41 36 129 51.5858478 66.0000000 0.2183962
6.87 37 124 51.6986472 66.0000000 0.2166872
5.22 38 133 51.8402452 66.0000000 0.2145417
8.34 39 118 51.9493907 66.0000000 0.2128880
1.49 40 128 52.0532198 66.0000000 0.2113149
5.38 41 116 52.1408755 66.0000000 0.2099867
4.18 42 124 52.2155899 66.0000000 0.2088547
1.24 43 114 52.2999420 66.0000000 0.2075766
0.95 44 102 52.3513990 66.0000000 0.2067970
2.70 45 110 52.4458592 66.0000000 0.2053658
2.40 46 116 52.5391522 66.0000000 0.2039522
3.13 47 112 52.6206556 66.0000000 0.2027173
4.25 48 131 52.7345074 66.0000000 0.2009923
5.51 49 108 52.8156630 66.0000000 0.1997627
14.21 50 128 52.9080915 66.0000000 0.1983623
4.11 51 123 53.0042262 66.0000000 0.1969057
6.47 52 107 53.1069064 66.0000000 0.1953499
4.78 53 120 53.1986186 66.0000000 0.1939603
2.90 54 107 53.2830915 66.0000000 0.1926804
5.66 55 115 53.3680299 66.0000000 0.1913935
9.87 56 98 53.4397910 66.0000000 0.1903062
1.78 57 114 53.5021340 66.0000000 0.1893616
3.50 58 105 53.5710188 66.0000000 0.1883179
2.57 59 108 53.6529084 66.0000000 0.1870771
6.01 60 102 53.7209448 66.0000000 0.1860463
4.12 61 109 53.7811578 66.0000000 0.1851340
3.09 62 108 53.8443780 66.0000000 0.1841761
10.73 63 111 53.9046149 66.0000000 0.1832634
9.58 64 102 53.9524240 66.0000000 0.1825390
1.89 65 92 53.9854000 66.0000000 0.1820394
5.66 66 97 54.0220905 66.0000000 0.1814835
