0.51 0 0 283.9494048 306.0000000 0.0720608
0.06 1 46 285.3413844 306.0000000 0.0675118
0.09 2 76 286.4827007 306.0000000 0.0637820
0.10 3 52 287.6015709 306.0000000 0.0601256
0.09 4 59 288.7684463 306.0000000 0.0563123
0.14 5 69 289.2724687 306.0000000 0.0546651
0.15 6 71 290.0074734 306.0000000 0.0522632
0.18 7 96 291.1280897 306.0000000 0.0486010
0.20 8 64 292.0813152 306.0000000 0.0454859
0.71 9 83 292.8468236 306.0000000 0.0429842
0.45 10 75 293.7638711 306.0000000 0.0399873
0.47 11 62 294.3175436 306.0000000 0.0381780
0.11 12 60 294.5432588 306.0000000 0.0374403
1.77 13 58 294.8330407 306.0000000 0.0364933
1.63 14 42 295.1959918 306.0000000 0.0353072
2.10 15 51 295.5190228 306.0000000 0.0342516
1.82 16 60 295.7693416 306.0000000 0.0334335
1.61 17 57 296.0867893 306.0000000 0.0323961
3.83 18 49 296.4062293 306.0000000 0.0313522
3.40 19 56 296.6992026 306.0000000 0.0303948
1.99 20 58 297.0145314 306.0000000 0.0293643
2.65 21 35 297.3876965 306.0000000 0.0281448
0.75 22 60 297.5460771 306.0000000 0.0276272
3.67 23 46 297.7922340 306.0000000 0.0268228
0.21 24 52 297.8811424 306.0000000 0.0265322
4.42 25 27 297.9123518 306.0000000 0.0264302
0.20 26 30 298.0647083 306.0000000 0.0259323
3.28 27 41 298.2426679 306.0000000 0.0253508
3.41 28 54 298.4261928 306.0000000 0.0247510
1.94 29 44 298.5727933 306.0000000 0.0242719
5.27 30 37 298.7149337 306.0000000 0.0238074
0.33 31 40 298.8681454 306.0000000 0.0233067
5.89 32 56 299.0023266 306.0000000 0.0228682
2.81 33 43 299.1338009 306.0000000 0.0224386
0.94 34 28 299.1967363 306.0000000 0.0222329
0.99 35 36 299.2558335 306.0000000 0.0220398
5.17 36 31 299.3928915 306.0000000 0.0215919
0.53 37 29 299.5343869 306.0000000 0.0211295
17.40 38 29 300.0047540 306.0000000 0.0195923
6.55 39 39 300.1383432 306.0000000 0.0191557
6.77 40 35 300.1907762 306.0000000 0.0189844
13.20 41 31 300.4297573 306.0000000 0.0182034
5.91 42 35 300.5424855 306.0000000 0.0178350
1.45 43 47 300.6869715 306.0000000 0.0173628
1.17 44 47 300.8533247 306.0000000 0.0168192
3.22 45 34 301.0306591 306.0000000 0.0162397
4.90 46 41 301.1307032 306.0000000 0.0159127
3.85 47 45 301.2139230 306.0000000 0.0156408
10.08 48 42 301.2952347 306.0000000 0.0153751
8.59 49 30 301.3572510 306.0000000 0.0151724
3.21 50 25 301.3926058 306.0000000 0.0150568
2.84 51 34 301.4464267 306.0000000 0.0148810
0.42 52 29 301.4510120 306.0000000 0.0148660
0.41 53 19 301.4712611 306.0000000 0.0147998
3.74 54 19 301.4817551 306.0000000 0.0147655
2.93 55 8 301.4889913 306.0000000 0.0147419
2.76 56 10 301.4968350 306.0000000 0.0147162
5.97 57 14 301.5190653 306.0000000 0.0146436
