0.23 0 0 52.4166667 56.0000000 0.0639881
0.02 1 96 52.7500000 56.0000000 0.0580357
0.09 2 103 52.8571429 56.0000000 0.0561224
0.30 3 89 52.8750000 56.0000000 0.0558036
0.07 4 94 53.0000000 56.0000000 0.0535714
0.14 5 89 53.0000000 56.0000000 0.0535714
0.17 6 81 53.0000000 56.0000000 0.0535714
0.15 7 75 53.0000000 56.0000000 0.0535714
0.67 8 63 53.0125000 56.0000000 0.0533482
0.60 9 90 53.0131579 56.0000000 0.0533365
0.16 10 64 53.0303030 56.0000000 0.0530303
0.34 11 68 53.0498718 56.0000000 0.0526809
0.40 12 61 53.1247329 56.0000000 0.0513441
0.58 13 68 53.1373967 56.0000000 0.0511179
0.59 14 55 53.1989796 56.0000000 0.0500182
0.19 15 37 53.2086835 56.0000000 0.0498449
0.37 16 46 53.2304348 56.0000000 0.0494565
0.14 17 31 53.2365192 56.0000000 0.0493479
0.34 18 37 53.2377056 56.0000000 0.0493267
0.45 19 38 53.2474747 56.0000000 0.0491522
0.22 20 40 53.2485769 56.0000000 0.0491326
0.37 21 38 53.2500000 56.0000000 0.0491071
0.02 22 20 53.2500000 56.0000000 0.0491071
0.02 23 16 53.2505369 56.0000000 0.0490976
0.15 24 27 53.2510421 56.0000000 0.0490885
0.12 25 29 53.2520188 56.0000000 0.0490711
4.31 26 26 53.2565358 56.0000000 0.0489904
6.98 27 34 53.2592593 56.0000000 0.0489418
0.86 28 36 53.2625000 56.0000000 0.0488839
0.39 29 26 53.2653061 56.0000000 0.0488338
0.46 30 32 53.2763987 56.0000000 0.0486357
7.83 31 28 53.2889069 56.0000000 0.0484124
0.80 32 29 53.2975898 56.0000000 0.0482573
5.70 33 29 53.3065476 56.0000000 0.0480974
1.26 34 31 53.3098845 56.0000000 0.0480378
3.44 35 25 53.3238725 56.0000000 0.0477880
0.86 36 35 53.3284024 56.0000000 0.0477071
2.89 37 28 53.3291667 56.0000000 0.0476935
0.13 38 35 53.3326256 56.0000000 0.0476317
0.20 39 29 53.3333333 56.0000000 0.0476190
0.05 40 25 53.3333333 56.0000000 0.0476190
0.27 41 25 53.3333333 56.0000000 0.0476190
0.10 42 21 53.3333333 56.0000000 0.0476190
0.04 43 21 53.3333333 56.0000000 0.0476190
0.09 44 16 53.3333333 56.0000000 0.0476190
0.71 45 21 53.3333333 56.0000000 0.0476190
0.26 46 18 53.3333333 56.0000000 0.0476190
0.02 47 10 53.3333333 56.0000000 0.0476190
0.06 48 21 53.3333333 56.0000000 0.0476190
0.14 49 24 53.3333333 56.0000000 0.0476190
0.50 50 19 53.3333333 56.0000000 0.0476190
0.21 51 27 53.3333333 56.0000000 0.0476190
0.18 52 23 53.3333333 56.0000000 0.0476190
0.05 53 31 53.3333333 56.0000000 0.0476190
0.06 54 28 53.3333333 56.0000000 0.0476190
0.13 55 28 53.3333333 56.0000000 0.0476190
0.03 56 27 53.3333333 56.0000000 0.0476190
0.04 57 16 53.3333333 56.0000000 0.0476190
0.03 58 15 53.3333333 56.0000000 0.0476190
0.11 59 20 53.3344785 56.0000000 0.0475986
0.65 60 37 53.3363667 56.0000000 0.0475649
0.13 61 41 53.3374803 56.0000000 0.0475450
6.78 62 40 53.3387827 56.0000000 0.0475217
2.57 63 42 53.3415554 56.0000000 0.0474722
3.69 64 41 53.3495296 56.0000000 0.0473298
0.38 65 33 53.3610023 56.0000000 0.0471250
0.83 66 34 53.3685784 56.0000000 0.0469897
0.43 67 34 53.3932385 56.0000000 0.0465493
0.58 68 25 53.3974682 56.0000000 0.0464738
2.67 69 23 53.3996046 56.0000000 0.0464356
1.08 70 29 53.4021043 56.0000000 0.0463910
0.43 71 26 53.4059107 56.0000000 0.0463230
3.03 72 38 53.4088364 56.0000000 0.0462708
0.12 73 29 53.4145746 56.0000000 0.0461683
0.84 74 25 53.4179621 56.0000000 0.0461078
0.20 75 25 53.4215300 56.0000000 0.0460441
0.14 76 31 53.4255386 56.0000000 0.0459725
0.52 77 33 53.4324844 56.0000000 0.0458485
0.26 78 36 53.4366315 56.0000000 0.0457744
0.16 79 33 53.4431281 56.0000000 0.0456584
0.56 80 41 53.4455404 56.0000000 0.0456153
0.09 81 33 53.4492379 56.0000000 0.0455493
0.95 82 40 53.4523772 56.0000000 0.0454933
1.35 83 34 53.4551130 56.0000000 0.0454444
2.53 84 33 53.4573364 56.0000000 0.0454047
0.24 85 30 53.4611252 56.0000000 0.0453370
0.26 86 28 53.4681173 56.0000000 0.0452122
0.70 87 29 53.4725102 56.0000000 0.0451337
0.56 88 32 53.4783734 56.0000000 0.0450290
3.24 89 35 53.4842432 56.0000000 0.0449242
0.78 90 34 53.4888131 56.0000000 0.0448426
0.42 91 33 53.4950178 56.0000000 0.0447318
0.34 92 32 53.4994923 56.0000000 0.0446519
0.23 93 28 53.5010671 56.0000000 0.0446238
0.71 94 19 53.5064564 56.0000000 0.0445276
121.33 95 28 53.5084176 56.0000000 0.0444925
2.73 96 34 53.5129233 56.0000000 0.0444121
0.31 97 35 53.5176474 56.0000000 0.0443277
8.08 98 35 53.5226234 56.0000000 0.0442389
0.30 99 35 53.5257880 56.0000000 0.0441824
0.34 100 35 53.5301381 56.0000000 0.0441047
6.83 101 35 53.5343678 56.0000000 0.0440291
19.47 102 28 53.5372076 56.0000000 0.0439784
27.39 103 26 53.5426027 56.0000000 0.0438821
0.29 104 38 53.5493647 56.0000000 0.0437613
7.18 105 30 53.5553398 56.0000000 0.0436546
0.42 106 31 53.5612810 56.0000000 0.0435486
0.42 107 40 53.5668752 56.0000000 0.0434487
3.28 108 34 53.5722596 56.0000000 0.0433525
1.08 109 31 53.5755132 56.0000000 0.0432944
0.26 110 31 53.5783049 56.0000000 0.0432446
