0.28 0 0 33.7500000 42.0000000 0.1964286
0.02 1 65 34.5000000 42.0000000 0.1785714
0.07 2 106 34.5625000 42.0000000 0.1770833
0.05 3 76 34.7666667 42.0000000 0.1722222
0.11 4 108 35.0000000 42.0000000 0.1666667
0.13 5 108 35.2009255 42.0000000 0.1618827
0.13 6 107 35.3225663 42.0000000 0.1589865
0.34 7 116 35.4435399 42.0000000 0.1561062
0.15 8 130 35.6104263 42.0000000 0.1521327
0.32 9 116 35.7917771 42.0000000 0.1478148
0.22 10 132 36.0313667 42.0000000 0.1421103
0.17 11 105 36.2021984 42.0000000 0.1380429
0.51 12 128 36.3494460 42.0000000 0.1345370
0.85 13 139 36.5331397 42.0000000 0.1301633
0.80 14 108 36.6281049 42.0000000 0.1279023
0.47 15 126 36.7640164 42.0000000 0.1246663
2.05 16 120 36.9088792 42.0000000 0.1212172
0.75 17 126 36.9922449 42.0000000 0.1192323
6.04 18 121 37.0828999 42.0000000 0.1170738
0.68 19 96 37.1754351 42.0000000 0.1148706
6.66 20 125 37.2943633 42.0000000 0.1120390
2.46 21 98 37.3781635 42.0000000 0.1100437
0.81 22 110 37.4644654 42.0000000 0.1079889
3.75 23 113 37.5454792 42.0000000 0.1060600
0.79 24 102 37.6312109 42.0000000 0.1040188
5.47 25 103 37.6965907 42.0000000 0.1024621
5.31 26 102 37.7641550 42.0000000 0.1008535
5.78 27 112 37.8528720 42.0000000 0.0987411
5.83 28 99 37.9278427 42.0000000 0.0969561
2.96 29 80 37.9823249 42.0000000 0.0956589
3.50 30 88 38.0208640 42.0000000 0.0947413
9.29 31 92 38.0541595 42.0000000 0.0939486
6.88 32 88 38.0984788 42.0000000 0.0928934
5.85 33 95 38.1286305 42.0000000 0.0921755
13.79 34 80 38.1682873 42.0000000 0.0912313
7.63 35 79 38.2144899 42.0000000 0.0901312
8.50 36 82 38.2478742 42.0000000 0.0893363
7.00 37 90 38.2944129 42.0000000 0.0882283
5.84 38 90 38.3352959 42.0000000 0.0872549
11.54 39 72 38.3757460 42.0000000 0.0862918
10.48 40 81 38.4091629 42.0000000 0.0854961
15.34 41 64 38.4285601 42.0000000 0.0850343
11.97 42 69 38.4367070 42.0000000 0.0848403
6.29 43 69 38.4514568 42.0000000 0.0844891
17.10 44 55 38.4604562 42.0000000 0.0842749
8.32 45 70 38.4777144 42.0000000 0.0838639
8.67 46 63 38.4902940 42.0000000 0.0835644
3.92 47 76 38.5096282 42.0000000 0.0831041
0.48 48 66 38.5178323 42.0000000 0.0829088
7.63 49 54 38.5279907 42.0000000 0.0826669
9.07 50 47 38.5420800 42.0000000 0.0823314
5.55 51 61 38.5602602 42.0000000 0.0818986
15.36 52 57 38.5759670 42.0000000 0.0815246
18.46 53 75 38.5913331 42.0000000 0.0811587
