0.33 0 0 19.4093254 32.0000000 0.3934586
0.05 1 92 20.2667112 32.0000000 0.3666653
0.06 2 92 20.6224285 32.0000000 0.3555491
0.14 3 107 20.9704508 32.0000000 0.3446734
0.10 4 109 21.8525550 32.0000000 0.3171077
0.17 5 133 22.1957384 32.0000000 0.3063832
0.23 6 120 22.4249402 32.0000000 0.2992206
0.42 7 132 22.6003180 32.0000000 0.2937401
0.20 8 130 22.8244468 32.0000000 0.2867360
0.45 9 137 23.0414200 32.0000000 0.2799556
0.37 10 127 23.2105701 32.0000000 0.2746697
0.39 11 129 23.3539388 32.0000000 0.2701894
1.78 12 117 23.4910406 32.0000000 0.2659050
3.69 13 132 23.6685298 32.0000000 0.2603584
0.90 14 137 23.7851179 32.0000000 0.2567151
2.81 15 117 23.9232592 32.0000000 0.2523981
7.03 16 124 24.0909228 32.0000000 0.2471587
2.55 17 120 24.1937258 32.0000000 0.2439461
11.08 18 123 24.3256442 32.0000000 0.2398236
3.20 19 110 24.4192544 32.0000000 0.2368983
9.37 20 114 24.5123121 32.0000000 0.2339902
4.56 21 129 24.5957192 32.0000000 0.2313838
5.68 22 99 24.6439374 32.0000000 0.2298770
6.15 23 109 24.7391642 32.0000000 0.2269011
6.24 24 91 24.7868202 32.0000000 0.2254119
8.56 25 96 24.8503125 32.0000000 0.2234277
3.29 26 101 24.9066280 32.0000000 0.2216679
14.79 27 101 24.9704761 32.0000000 0.2196726
10.02 28 88 25.0382362 32.0000000 0.2175551
6.23 29 93 25.0748854 32.0000000 0.2164098
8.15 30 88 25.1277295 32.0000000 0.2147585
5.14 31 103 25.1897528 32.0000000 0.2128202
17.39 32 81 25.2335053 32.0000000 0.2114530
8.15 33 85 25.2890831 32.0000000 0.2097162
7.54 34 77 25.3270073 32.0000000 0.2085310
15.87 35 81 25.3592287 32.0000000 0.2075241
18.18 36 85 25.3969988 32.0000000 0.2063438
25.61 37 74 25.4327366 32.0000000 0.2052270
5.59 38 62 25.4482226 32.0000000 0.2047430
24.09 39 68 25.4729679 32.0000000 0.2039698
6.28 40 60 25.4971351 32.0000000 0.2032145
13.38 41 62 25.5125152 32.0000000 0.2027339
