0.24 0 0 48.5000000 52.0000000 0.0673077
0.03 1 85 48.5000000 52.0000000 0.0673077
0.03 2 80 49.1000000 52.0000000 0.0557692
0.05 3 68 49.2500000 52.0000000 0.0528846
0.04 4 38 49.2500000 52.0000000 0.0528846
0.06 5 51 49.2857143 52.0000000 0.0521978
0.06 6 46 49.2857143 52.0000000 0.0521978
0.13 7 47 49.3076923 52.0000000 0.0517751
0.15 8 37 49.3160714 52.0000000 0.0516140
0.12 9 60 49.3555556 52.0000000 0.0508547
0.09 10 56 49.4269294 52.0000000 0.0494821
0.10 11 51 49.4746503 52.0000000 0.0485644
0.14 12 58 49.5233918 52.0000000 0.0476271
0.07 13 57 49.5268817 52.0000000 0.0475600
0.21 14 45 49.5979319 52.0000000 0.0461936
0.25 15 59 49.6562500 52.0000000 0.0450721
0.10 16 54 49.7107527 52.0000000 0.0440240
0.39 17 59 49.7417136 52.0000000 0.0434286
0.08 18 45 49.7686641 52.0000000 0.0429103
0.21 19 41 49.7933526 52.0000000 0.0424355
0.08 20 47 49.8175676 52.0000000 0.0419699
0.07 21 40 49.8175676 52.0000000 0.0419699
0.10 22 35 49.8306452 52.0000000 0.0417184
0.10 23 39 49.8382353 52.0000000 0.0415724
0.08 24 19 49.8500000 52.0000000 0.0413462
0.06 25 30 49.8560606 52.0000000 0.0412296
0.11 26 41 49.8560606 52.0000000 0.0412296
0.16 27 48 49.8636364 52.0000000 0.0410839
1.91 28 32 49.8676471 52.0000000 0.0410068
2.95 29 45 49.8766667 52.0000000 0.0408333
0.10 30 39 49.8920455 52.0000000 0.0405376
0.05 31 32 49.9166667 52.0000000 0.0400641
0.10 32 24 49.9166667 52.0000000 0.0400641
0.05 33 28 49.9176798 52.0000000 0.0400446
0.17 34 27 49.9300000 52.0000000 0.0398077
0.08 35 29 49.9438776 52.0000000 0.0395408
0.15 36 31 49.9715190 52.0000000 0.0390093
0.32 37 34 49.9864865 52.0000000 0.0387214
0.35 38 35 49.9935897 52.0000000 0.0385848
0.22 39 29 50.0000000 52.0000000 0.0384615
0.68 40 36 50.0000000 52.0000000 0.0384615
0.91 41 23 50.0000000 52.0000000 0.0384615
0.13 42 35 50.0000000 52.0000000 0.0384615
0.61 43 35 50.0000000 52.0000000 0.0384615
0.05 44 20 50.0000000 52.0000000 0.0384615
0.08 45 29 50.0000000 52.0000000 0.0384615
0.06 46 28 50.0000000 52.0000000 0.0384615
0.07 47 21 50.0000000 52.0000000 0.0384615
0.09 48 22 50.0000000 52.0000000 0.0384615
0.06 49 27 50.0000000 52.0000000 0.0384615
0.08 50 22 50.0000000 52.0000000 0.0384615
0.05 51 27 50.0000000 52.0000000 0.0384615
0.09 52 29 50.0000000 52.0000000 0.0384615
0.11 53 33 50.0000000 52.0000000 0.0384615
0.51 54 32 50.0000000 52.0000000 0.0384615
0.09 55 38 50.0000000 52.0000000 0.0384615
2.82 56 43 50.0000000 52.0000000 0.0384615
0.20 57 38 50.0000000 52.0000000 0.0384615
0.74 58 37 50.0000000 52.0000000 0.0384615
0.05 59 23 50.0000000 52.0000000 0.0384615
0.14 60 34 50.0000000 52.0000000 0.0384615
0.11 61 32 50.0000000 52.0000000 0.0384615
0.36 62 32 50.0000000 52.0000000 0.0384615
0.31 63 32 50.0000000 52.0000000 0.0384615
0.19 64 39 50.0000000 52.0000000 0.0384615
0.11 65 27 50.0000000 52.0000000 0.0384615
0.05 66 31 50.0000000 52.0000000 0.0384615
0.05 67 31 50.0000000 52.0000000 0.0384615
0.04 68 24 50.0000000 52.0000000 0.0384615
0.06 69 33 50.0000000 52.0000000 0.0384615
0.04 70 20 50.0000000 52.0000000 0.0384615
0.10 71 28 50.0000000 52.0000000 0.0384615
0.03 72 19 50.0000000 52.0000000 0.0384615
0.09 73 25 50.0000000 52.0000000 0.0384615
0.03 74 21 50.0000000 52.0000000 0.0384615
0.04 75 23 50.0000000 52.0000000 0.0384615
0.21 76 33 50.0000000 52.0000000 0.0384615
0.54 77 24 50.0000000 52.0000000 0.0384615
0.05 78 22 50.0000000 52.0000000 0.0384615
0.07 79 24 50.0000000 52.0000000 0.0384615
0.07 80 28 50.0000000 52.0000000 0.0384615
0.21 81 29 50.0000000 52.0000000 0.0384615
0.07 82 36 50.0000000 52.0000000 0.0384615
0.17 83 32 50.0000307 52.0000000 0.0384609
0.78 84 30 50.0000559 52.0000000 0.0384605
2.16 85 26 50.0002513 52.0000000 0.0384567
2.10 86 45 50.0007364 52.0000000 0.0384474
0.32 87 30 50.0033333 52.0000000 0.0383974
3.13 88 33 50.0081645 52.0000000 0.0383045
0.56 89 27 50.0096002 52.0000000 0.0382769
5.50 90 27 50.0147059 52.0000000 0.0381787
0.27 91 39 50.0147059 52.0000000 0.0381787
0.86 92 36 50.0167455 52.0000000 0.0381395
0.36 93 35 50.0167455 52.0000000 0.0381395
3.79 94 39 50.0241935 52.0000000 0.0379963
2.75 95 30 50.0284910 52.0000000 0.0379136
3.12 96 43 50.0284910 52.0000000 0.0379136
8.66 97 38 50.0300633 52.0000000 0.0378834
0.46 98 42 50.0332957 52.0000000 0.0378212
0.78 99 35 50.0353881 52.0000000 0.0377810
1.17 100 42 50.0355530 52.0000000 0.0377778
0.36 101 39 50.0372340 52.0000000 0.0377455
0.86 102 26 50.0372340 52.0000000 0.0377455
3.39 103 33 50.0408497 52.0000000 0.0376760
0.48 104 19 50.0434272 52.0000000 0.0376264
0.04 105 21 50.0464286 52.0000000 0.0375687
0.15 106 26 50.0490604 52.0000000 0.0375181
0.14 107 24 50.0500000 52.0000000 0.0375000
0.15 108 19 50.0500000 52.0000000 0.0375000
0.04 109 15 50.0509174 52.0000000 0.0374824
0.35 110 23 50.0519268 52.0000000 0.0374629
0.08 111 44 50.0548063 52.0000000 0.0374076
0.09 112 23 50.0588692 52.0000000 0.0373294
0.18 113 25 50.0628146 52.0000000 0.0372536
2.82 114 20 50.0650611 52.0000000 0.0372104
0.61 115 16 50.0651222 52.0000000 0.0372092
0.51 116 18 50.0662552 52.0000000 0.0371874
0.51 117 18 50.0678464 52.0000000 0.0371568
0.41 118 13 50.0711252 52.0000000 0.0370937
0.18 119 12 50.0741920 52.0000000 0.0370348
0.06 120 20 50.0808592 52.0000000 0.0369066
0.06 121 13 50.0844520 52.0000000 0.0368375
0.36 122 20 50.0877940 52.0000000 0.0367732
0.34 123 17 50.0900311 52.0000000 0.0367302
0.08 124 17 50.0922055 52.0000000 0.0366884
0.09 125 13 50.0925605 52.0000000 0.0366815
0.10 126 22 50.0944263 52.0000000 0.0366456
0.34 127 19 50.0962528 52.0000000 0.0366105
3.23 128 19 50.0982553 52.0000000 0.0365720
0.34 129 20 50.1017186 52.0000000 0.0365054
0.07 130 21 50.1041233 52.0000000 0.0364592
0.32 131 14 50.1060690 52.0000000 0.0364218
0.10 132 9 50.1074075 52.0000000 0.0363960
3.16 133 14 50.1108042 52.0000000 0.0363307
0.40 134 11 50.1139564 52.0000000 0.0362701
0.09 135 17 50.1163607 52.0000000 0.0362238
0.09 136 18 50.1200389 52.0000000 0.0361531
0.10 137 9 50.1218437 52.0000000 0.0361184
0.44 138 14 50.1246242 52.0000000 0.0360649
3.16 139 12 50.1271903 52.0000000 0.0360156
0.39 140 12 50.1297646 52.0000000 0.0359661
0.39 141 20 50.1322104 52.0000000 0.0359190
0.26 142 14 50.1324121 52.0000000 0.0359152
0.36 143 19 50.1347424 52.0000000 0.0358703
0.13 144 20 50.1388710 52.0000000 0.0357909
0.42 145 12 50.1416529 52.0000000 0.0357374
0.63 146 10 50.1444753 52.0000000 0.0356832
0.14 147 12 50.1486491 52.0000000 0.0356029
0.84 148 13 50.1524322 52.0000000 0.0355302
2.57 149 14 50.1551559 52.0000000 0.0354778
0.49 150 12 50.1587168 52.0000000 0.0354093
0.38 151 16 50.1620582 52.0000000 0.0353450
0.60 152 14 50.1653640 52.0000000 0.0352815
0.54 153 20 50.1676073 52.0000000 0.0352383
0.75 154 11 50.1687206 52.0000000 0.0352169
4.04 155 19 50.1697343 52.0000000 0.0351974
2.83 156 18 50.1710721 52.0000000 0.0351717
0.14 157 19 50.1732476 52.0000000 0.0351299
3.43 158 14 50.1777698 52.0000000 0.0350429
0.06 159 14 50.1814101 52.0000000 0.0349729
34.74 160 14 50.1860589 52.0000000 0.0348835
0.15 161 13 50.1908238 52.0000000 0.0347919
0.14 162 13 50.1933803 52.0000000 0.0347427
0.61 163 11 50.1953468 52.0000000 0.0347049
0.14 164 16 50.1956478 52.0000000 0.0346991
3.63 165 19 50.1977446 52.0000000 0.0346588
0.87 166 17 50.1998732 52.0000000 0.0346178
0.60 167 18 50.2021010 52.0000000 0.0345750
2.99 168 13 50.2034962 52.0000000 0.0345482
31.61 169 11 50.2056545 52.0000000 0.0345066
36.21 170 15 50.2075613 52.0000000 0.0344700
35.38 171 18 50.2101227 52.0000000 0.0344207
