0.19 0 0 30.7333333 42.0000000 0.2682540
0.02 1 68 30.9789474 42.0000000 0.2624060
0.03 2 98 31.0000000 42.0000000 0.2619048
0.04 3 90 31.2771906 42.0000000 0.2553050
0.09 4 97 31.7232352 42.0000000 0.2446849
0.06 5 97 31.9183840 42.0000000 0.2400385
0.11 6 120 32.1325291 42.0000000 0.2349398
0.17 7 117 32.6082216 42.0000000 0.2236138
0.19 8 127 32.9487451 42.0000000 0.2155061
0.15 9 130 33.2387709 42.0000000 0.2086007
0.20 10 135 33.7785781 42.0000000 0.1957481
0.53 11 135 34.2091534 42.0000000 0.1854963
0.25 12 134 34.6390542 42.0000000 0.1752606
0.45 13 152 35.2389294 42.0000000 0.1609779
0.36 14 147 35.7262797 42.0000000 0.1493743
0.94 15 156 36.1574899 42.0000000 0.1391074
0.45 16 151 36.4264688 42.0000000 0.1327031
0.34 17 132 36.6982136 42.0000000 0.1262330
0.65 18 156 37.0176045 42.0000000 0.1186285
0.91 19 132 37.2589879 42.0000000 0.1128812
0.88 20 143 37.4542799 42.0000000 0.1082314
0.63 21 126 37.6023007 42.0000000 0.1047071
0.35 22 128 37.7361832 42.0000000 0.1015194
1.74 23 124 37.9436635 42.0000000 0.0965794
0.86 24 119 38.1712092 42.0000000 0.0911617
1.03 25 135 38.3760430 42.0000000 0.0862847
2.71 26 120 38.5434880 42.0000000 0.0822979
1.06 27 115 38.7397566 42.0000000 0.0776248
1.94 28 110 38.9146126 42.0000000 0.0734616
0.76 29 102 39.0094038 42.0000000 0.0712047
0.95 30 101 39.1883098 42.0000000 0.0669450
0.37 31 118 39.3653945 42.0000000 0.0627287
3.84 32 107 39.4353188 42.0000000 0.0610638
3.31 33 78 39.5075121 42.0000000 0.0593450
0.16 34 72 39.5672357 42.0000000 0.0579230
0.18 35 84 39.6218793 42.0000000 0.0566219
0.54 36 76 39.6786513 42.0000000 0.0552702
0.46 37 84 39.7596593 42.0000000 0.0533414
0.31 38 90 39.8193238 42.0000000 0.0519209
0.89 39 84 39.8985057 42.0000000 0.0500356
4.18 40 72 39.9568941 42.0000000 0.0486454
0.40 41 83 39.9994097 42.0000000 0.0476331
3.95 42 81 40.0549014 42.0000000 0.0463119
0.78 43 54 40.0950152 42.0000000 0.0453568
4.02 44 58 40.1437323 42.0000000 0.0441969
0.30 45 67 40.1897057 42.0000000 0.0431022
1.03 46 61 40.2684965 42.0000000 0.0412263
0.82 47 52 40.3109045 42.0000000 0.0402166
0.65 48 43 40.3399614 42.0000000 0.0395247
1.40 49 46 40.3627371 42.0000000 0.0389825
0.25 50 46 40.3756843 42.0000000 0.0386742
0.41 51 50 40.3903397 42.0000000 0.0383252
3.12 52 44 40.4173861 42.0000000 0.0376813
4.72 53 46 40.4398380 42.0000000 0.0371467
4.05 54 31 40.4540671 42.0000000 0.0368079
3.11 55 38 40.4801841 42.0000000 0.0361861
3.45 56 31 40.4962916 42.0000000 0.0358026
4.29 57 28 40.5139870 42.0000000 0.0353813
6.31 58 23 40.5306971 42.0000000 0.0349834
3.25 59 34 40.5423007 42.0000000 0.0347071
0.20 60 27 40.5539870 42.0000000 0.0344289
0.67 61 25 40.5612290 42.0000000 0.0342565
0.56 62 25 40.5723945 42.0000000 0.0339906
0.18 63 15 40.5769432 42.0000000 0.0338823
0.28 64 32 40.5957415 42.0000000 0.0334347
0.36 65 23 40.6047139 42.0000000 0.0332211
0.72 66 17 40.6073640 42.0000000 0.0331580
4.56 67 18 40.6139649 42.0000000 0.0330008
4.24 68 36 40.6160032 42.0000000 0.0329523
0.68 69 39 40.6211890 42.0000000 0.0328288
0.34 70 24 40.6319894 42.0000000 0.0325717
0.37 71 34 40.6454517 42.0000000 0.0322511
0.28 72 35 40.6548727 42.0000000 0.0320268
0.55 73 34 40.6708594 42.0000000 0.0316462
0.87 74 30 40.6817445 42.0000000 0.0313870
1.09 75 40 40.6999160 42.0000000 0.0309544
3.07 76 28 40.7093330 42.0000000 0.0307302
1.22 77 34 40.7232562 42.0000000 0.0303987
0.78 78 23 40.7295969 42.0000000 0.0302477
0.71 79 21 40.7419035 42.0000000 0.0299547
0.50 80 40 40.7543172 42.0000000 0.0296591
0.82 81 29 40.7643590 42.0000000 0.0294200
2.87 82 26 40.7820003 42.0000000 0.0290000
0.36 83 36 40.7904034 42.0000000 0.0287999
0.21 84 17 40.7999170 42.0000000 0.0285734
0.72 85 28 40.8166224 42.0000000 0.0281757
0.73 86 21 40.8245844 42.0000000 0.0279861
3.68 87 22 40.8324141 42.0000000 0.0277997
0.36 88 30 40.8480870 42.0000000 0.0274265
4.67 89 22 40.8606374 42.0000000 0.0271277
4.80 90 18 40.8672117 42.0000000 0.0269711
4.70 91 19 40.8714190 42.0000000 0.0268710
2.78 92 23 40.8726948 42.0000000 0.0268406
6.38 93 29 40.8741605 42.0000000 0.0268057
2.59 94 22 40.8759629 42.0000000 0.0267628
3.02 95 17 40.8823183 42.0000000 0.0266115
4.08 96 19 40.8837568 42.0000000 0.0265772
6.96 97 27 40.8851592 42.0000000 0.0265438
2.42 98 14 40.8889530 42.0000000 0.0264535
0.17 99 16 40.9010605 42.0000000 0.0261652
0.51 100 16 40.9019344 42.0000000 0.0261444
0.16 101 24 40.9061226 42.0000000 0.0260447
0.21 102 16 40.9104607 42.0000000 0.0259414
0.48 103 24 40.9164462 42.0000000 0.0257989
4.38 104 17 40.9222297 42.0000000 0.0256612
0.17 105 13 40.9267368 42.0000000 0.0255539
1.76 106 19 40.9290511 42.0000000 0.0254988
4.69 107 25 40.9317623 42.0000000 0.0254342
0.16 108 9 40.9329798 42.0000000 0.0254052
0.15 109 9 40.9388362 42.0000000 0.0252658
2.58 110 23 40.9410913 42.0000000 0.0252121
4.29 111 5 40.9443914 42.0000000 0.0251335
2.17 112 19 40.9461831 42.0000000 0.0250909
2.52 113 11 40.9467500 42.0000000 0.0250774
2.53 114 14 40.9484105 42.0000000 0.0250378
0.31 115 10 40.9499179 42.0000000 0.0250020
0.29 116 9 40.9499179 42.0000000 0.0250020
0.30 117 8 40.9555265 42.0000000 0.0248684
2.45 118 6 40.9563433 42.0000000 0.0248490
0.55 119 2 40.9571170 42.0000000 0.0248305
0.89 120 8 40.9579234 42.0000000 0.0248113
0.36 121 7 40.9595511 42.0000000 0.0247726
3.19 122 6 40.9607728 42.0000000 0.0247435
3.13 123 6 40.9626507 42.0000000 0.0246988
4.46 124 7 40.9638076 42.0000000 0.0246712
0.33 125 6 40.9644183 42.0000000 0.0246567
2.68 126 1 40.9672518 42.0000000 0.0245892
2.57 127 8 40.9686706 42.0000000 0.0245555
2.75 128 7 40.9687709 42.0000000 0.0245531
2.78 129 7 40.9688265 42.0000000 0.0245518
2.71 130 3 40.9688641 42.0000000 0.0245509
