This file contains any messages produced by compilers while
running configure, to aid debugging if configure makes a mistake.

It was created by npsep configure 1.0, which was
generated by GNU Autoconf 2.69.  Invocation command line was

  $ ./configure CXXFLAGS=-O1 -g3 -Wall -DDEBUG CFLAGS=-O1 -g3 -Wall -DDEBUG --no-create --no-recursion

## --------- ##
## Platform. ##
## --------- ##

hostname = venera.site
uname -m = x86_64
uname -r = 3.11.10-7-desktop
uname -s = Linux
uname -v = #1 SMP PREEMPT Mon Feb 3 09:41:24 UTC 2014 (750023e)

/usr/bin/uname -p = x86_64
/bin/uname -X     = unknown

/bin/arch              = x86_64
/usr/bin/arch -k       = unknown
/usr/convex/getsysinfo = unknown
/usr/bin/hostinfo      = unknown
/bin/machine           = unknown
/usr/bin/oslevel       = unknown
/bin/universe          = unknown

PATH: /home/haroldo/bin/
PATH: /home/haroldo/bin
PATH: /usr/lib64/mpi/gcc/openmpi/bin
PATH: /home/haroldo/bin
PATH: /usr/local/bin
PATH: /usr/bin
PATH: /bin
PATH: /usr/bin/X11
PATH: /usr/X11R6/bin
PATH: /usr/games
PATH: /usr/lib/mit/bin


## ----------- ##
## Core tests. ##
## ----------- ##

configure:2316: loading site script /usr/share/site/x86_64-unknown-linux-gnu
| #!/bin/sh
| # Site script for configure. It is resourced via $CONFIG_SITE environment varaible.
| 
| # If user did not specify libdir, guess the correct target:
| # Use lib64 for 64 bit bi-arch targets, keep the default for the rest.
| if test "$libdir" = '${exec_prefix}/lib' ; then
| 
| 	ac_config_site_64bit_host=NONE
| 
| 	case "$host" in
| 	"" )
| 		# User did not specify host target.
| 		# The native platform x86_64 is a bi-arch platform.
| 		# Try to detect cross-compilation to inferior architecture.
| 
| 		# We are trying to guess 32-bit target compilation. It's not as easy as
| 		# it sounds, as there is possible several intermediate combinations.
| 		ac_config_site_cross_to_32bit_host=NONE
| 
| 		# User defined -m32 in CFLAGS or CXXFLAGS:
| 		# (It's sufficient for 32-bit, but alone may cause mis-behavior of some checks.)
| 		case "$CFLAGS" in
| 		*-m32*)
| 			ac_config_site_cross_to_32bit_host=YES
| 			;;
| 		esac
| 		case "$CXXFLAGS" in
| 		*-m32*)
| 			ac_config_site_cross_to_32bit_host=YES
| 			;;
| 		esac
| 
| 		# Running with linux32:
| 		# (Changes detected platform, but not the toolchain target.)
| 		case "`/bin/uname -i`" in
| 		x86_64 | ppc64 | s390x )
| 			;;
| 		* )
| 			ac_config_site_cross_to_32bit_host=YES
| 			;;
| 		esac
| 
| 		if test "x$ac_config_site_cross_to_32bit_host" = xNONE; then
| 			ac_config_site_64bit_host=YES
| 		fi
| 
| 		;;
| 	*x86_64* | *ppc64* | *s390x* )
| 		ac_config_site_64bit_host=YES
| 		;;
| 	esac
| 
| 	if test "x$ac_config_site_64bit_host" = xYES; then
| 		libdir='${exec_prefix}/lib64'
| 	fi
| fi
| 
| # If user did not specify libexecdir, set the correct target:
| # Nor FHS nor openSUSE allow prefix/libexec. Let's default to prefix/lib.
| 
| if test "$libexecdir" = '${exec_prefix}/libexec' ; then
| 	libexecdir='${exec_prefix}/lib'
| fi
| 
| # Continue with the standard behavior of configure defined in AC_SITE_LOAD:
| if test "x$prefix" != xNONE; then
| 	ac_site_file1=$prefix/share/config.site
| 	ac_site_file2=$prefix/etc/config.site
| else
| 	ac_site_file1=$ac_default_prefix/share/config.site
| 	ac_site_file2=$ac_default_prefix/etc/config.site
| fi
| for ac_site_file in "$ac_site_file1" "$ac_site_file2"
| do
| 	test "x$ac_site_file" = xNONE && continue
| 	if test /dev/null != "$ac_site_file" && test -r "$ac_site_file"; then
| 		{ $as_echo "/usr/share/site/x86_64-unknown-linux-gnu:${as_lineno-$LINENO}: loading site script $ac_site_file" >&5
| $as_echo "/usr/share/site/x86_64-unknown-linux-gnu: loading site script $ac_site_file" >&6;}
| 		sed 's/^/| /' "$ac_site_file" >&5
| 		. "$ac_site_file" \
| 			|| { { $as_echo "/usr/share/site/x86_64-unknown-linux-gnu:${as_lineno-$LINENO}: error: in \`$ac_pwd':" >&5
| $as_echo "/usr/share/site/x86_64-unknown-linux-gnu: error: in \`$ac_pwd':" >&2;}
| as_fn_error $? "failed to load site script $ac_site_file
| See \`config.log' for more details" "$LINENO" 5; }
| 	fi
| done
configure:2458: checking for a BSD-compatible install
configure:2526: result: /usr/bin/install -c
configure:2537: checking whether build environment is sane
configure:2592: result: yes
configure:2630: WARNING: 'missing' script is too old or missing
configure:2743: checking for a thread-safe mkdir -p
configure:2782: result: /usr/bin/mkdir -p
configure:2789: checking for gawk
configure:2805: found /usr/bin/gawk
configure:2816: result: gawk
configure:2827: checking whether make sets $(MAKE)
configure:2849: result: yes
configure:2878: checking whether make supports nested variables
configure:2895: result: yes
configure:3041: checking for g++
configure:3057: found /usr/bin/g++
configure:3068: result: g++
configure:3095: checking for C++ compiler version
configure:3104: g++ --version >&5
g++ (SUSE Linux) 4.8.1 20130909 [gcc-4_8-branch revision 202388]
Copyright (C) 2013 Free Software Foundation, Inc.
This is free software; see the source for copying conditions.  There is NO
warranty; not even for MERCHANTABILITY or FITNESS FOR A PARTICULAR PURPOSE.

configure:3115: $? = 0
configure:3104: g++ -v >&5
Using built-in specs.
COLLECT_GCC=g++
COLLECT_LTO_WRAPPER=/usr/lib64/gcc/x86_64-suse-linux/4.8/lto-wrapper
Target: x86_64-suse-linux
Configured with: ../configure --prefix=/usr --infodir=/usr/share/info --mandir=/usr/share/man --libdir=/usr/lib64 --libexecdir=/usr/lib64 --enable-languages=c,c++,objc,fortran,obj-c++,java,ada --enable-checking=release --with-gxx-include-dir=/usr/include/c++/4.8 --enable-ssp --disable-libssp --disable-plugin --with-bugurl=http://bugs.opensuse.org/ --with-pkgversion='SUSE Linux' --disable-libgcj --disable-libmudflap --with-slibdir=/lib64 --with-system-zlib --enable-__cxa_atexit --enable-libstdcxx-allocator=new --disable-libstdcxx-pch --enable-version-specific-runtime-libs --enable-linker-build-id --program-suffix=-4.8 --enable-linux-futex --without-system-libunwind --with-arch-32=i586 --with-tune=generic --build=x86_64-suse-linux
Thread model: posix
gcc version 4.8.1 20130909 [gcc-4_8-branch revision 202388] (SUSE Linux) 
configure:3115: $? = 0
configure:3104: g++ -V >&5
g++: error: unrecognized command line option '-V'
g++: fatal error: no input files
compilation terminated.
configure:3115: $? = 1
configure:3104: g++ -qversion >&5
g++: error: unrecognized command line option '-qversion'
g++: fatal error: no input files
compilation terminated.
configure:3115: $? = 1
configure:3135: checking whether the C++ compiler works
configure:3157: g++ -O1 -g3 -Wall -DDEBUG   conftest.cpp  >&5
configure:3161: $? = 0
configure:3209: result: yes
configure:3212: checking for C++ compiler default output file name
configure:3214: result: a.out
configure:3220: checking for suffix of executables
configure:3227: g++ -o conftest -O1 -g3 -Wall -DDEBUG   conftest.cpp  >&5
configure:3231: $? = 0
configure:3253: result: 
configure:3275: checking whether we are cross compiling
configure:3283: g++ -o conftest -O1 -g3 -Wall -DDEBUG   conftest.cpp  >&5
configure:3287: $? = 0
configure:3294: ./conftest
configure:3298: $? = 0
configure:3313: result: no
configure:3318: checking for suffix of object files
configure:3340: g++ -c -O1 -g3 -Wall -DDEBUG  conftest.cpp >&5
configure:3344: $? = 0
configure:3365: result: o
configure:3369: checking whether we are using the GNU C++ compiler
configure:3388: g++ -c -O1 -g3 -Wall -DDEBUG  conftest.cpp >&5
configure:3388: $? = 0
configure:3397: result: yes
configure:3406: checking whether g++ accepts -g
configure:3426: g++ -c -g  conftest.cpp >&5
configure:3426: $? = 0
configure:3467: result: yes
configure:3501: checking for style of include used by make
configure:3529: result: GNU
configure:3555: checking dependency style of g++
configure:3666: result: gcc3
configure:3729: checking for gcc
configure:3745: found /usr/bin/gcc
configure:3756: result: gcc
configure:3985: checking for C compiler version
configure:3994: gcc --version >&5
gcc (SUSE Linux) 4.8.1 20130909 [gcc-4_8-branch revision 202388]
Copyright (C) 2013 Free Software Foundation, Inc.
This is free software; see the source for copying conditions.  There is NO
warranty; not even for MERCHANTABILITY or FITNESS FOR A PARTICULAR PURPOSE.

configure:4005: $? = 0
configure:3994: gcc -v >&5
Using built-in specs.
COLLECT_GCC=gcc
COLLECT_LTO_WRAPPER=/usr/lib64/gcc/x86_64-suse-linux/4.8/lto-wrapper
Target: x86_64-suse-linux
Configured with: ../configure --prefix=/usr --infodir=/usr/share/info --mandir=/usr/share/man --libdir=/usr/lib64 --libexecdir=/usr/lib64 --enable-languages=c,c++,objc,fortran,obj-c++,java,ada --enable-checking=release --with-gxx-include-dir=/usr/include/c++/4.8 --enable-ssp --disable-libssp --disable-plugin --with-bugurl=http://bugs.opensuse.org/ --with-pkgversion='SUSE Linux' --disable-libgcj --disable-libmudflap --with-slibdir=/lib64 --with-system-zlib --enable-__cxa_atexit --enable-libstdcxx-allocator=new --disable-libstdcxx-pch --enable-version-specific-runtime-libs --enable-linker-build-id --program-suffix=-4.8 --enable-linux-futex --without-system-libunwind --with-arch-32=i586 --with-tune=generic --build=x86_64-suse-linux
Thread model: posix
gcc version 4.8.1 20130909 [gcc-4_8-branch revision 202388] (SUSE Linux) 
configure:4005: $? = 0
configure:3994: gcc -V >&5
gcc: error: unrecognized command line option '-V'
gcc: fatal error: no input files
compilation terminated.
configure:4005: $? = 1
configure:3994: gcc -qversion >&5
gcc: error: unrecognized command line option '-qversion'
gcc: fatal error: no input files
compilation terminated.
configure:4005: $? = 1
configure:4009: checking whether we are using the GNU C compiler
configure:4028: gcc -c -O1 -g3 -Wall -DDEBUG  conftest.c >&5
configure:4028: $? = 0
configure:4037: result: yes
configure:4046: checking whether gcc accepts -g
configure:4066: gcc -c -g  conftest.c >&5
configure:4066: $? = 0
configure:4107: result: yes
configure:4124: checking for gcc option to accept ISO C89
configure:4187: gcc  -c -O1 -g3 -Wall -DDEBUG  conftest.c >&5
configure:4187: $? = 0
configure:4200: result: none needed
configure:4222: checking dependency style of gcc
configure:4333: result: gcc3
configure:4377: checking build system type
configure:4391: result: x86_64-suse-linux-gnu
configure:4411: checking host system type
configure:4424: result: x86_64-suse-linux-gnu
configure:4465: checking how to print strings
configure:4492: result: printf
configure:4513: checking for a sed that does not truncate output
configure:4577: result: /usr/bin/sed
configure:4595: checking for grep that handles long lines and -e
configure:4653: result: /usr/bin/grep
configure:4658: checking for egrep
configure:4720: result: /usr/bin/grep -E
configure:4725: checking for fgrep
configure:4787: result: /usr/bin/grep -F
configure:4822: checking for ld used by gcc
configure:4889: result: /usr/x86_64-suse-linux/bin/ld
configure:4896: checking if the linker (/usr/x86_64-suse-linux/bin/ld) is GNU ld
configure:4911: result: yes
configure:4923: checking for BSD- or MS-compatible name lister (nm)
configure:4972: result: /usr/bin/nm -B
configure:5102: checking the name lister (/usr/bin/nm -B) interface
configure:5109: gcc -c -O1 -g3 -Wall -DDEBUG  conftest.c >&5
configure:5112: /usr/bin/nm -B "conftest.o"
configure:5115: output
0000000000000000 B some_variable
0000000000000000 n wm4.1.cc26f49effa54fb5c73e65521cb84492
0000000000000000 n wm4.stdcpredef.h.19.785b9754a8399dbf7fe5c981ac822b48
configure:5122: result: BSD nm
configure:5125: checking whether ln -s works
configure:5129: result: yes
configure:5137: checking the maximum length of command line arguments
configure:5267: result: 1572864
configure:5284: checking whether the shell understands some XSI constructs
configure:5294: result: yes
configure:5298: checking whether the shell understands "+="
configure:5304: result: yes
configure:5339: checking how to convert x86_64-suse-linux-gnu file names to x86_64-suse-linux-gnu format
configure:5379: result: func_convert_file_noop
configure:5386: checking how to convert x86_64-suse-linux-gnu file names to toolchain format
configure:5406: result: func_convert_file_noop
configure:5413: checking for /usr/x86_64-suse-linux/bin/ld option to reload object files
configure:5420: result: -r
configure:5494: checking for objdump
configure:5510: found /usr/bin/objdump
configure:5521: result: objdump
configure:5553: checking how to recognize dependent libraries
configure:5755: result: pass_all
configure:5840: checking for dlltool
configure:5870: result: no
configure:5900: checking how to associate runtime and link libraries
configure:5927: result: printf %s\n
configure:5988: checking for ar
configure:6004: found /usr/bin/ar
configure:6015: result: ar
configure:6052: checking for archiver @FILE support
configure:6069: gcc -c -O1 -g3 -Wall -DDEBUG  conftest.c >&5
configure:6069: $? = 0
configure:6072: ar cru libconftest.a @conftest.lst >&5
configure:6075: $? = 0
configure:6080: ar cru libconftest.a @conftest.lst >&5
ar: conftest.o: No such file or directory
configure:6083: $? = 1
configure:6095: result: @
configure:6153: checking for strip
configure:6169: found /usr/bin/strip
configure:6180: result: strip
configure:6252: checking for ranlib
configure:6268: found /usr/bin/ranlib
configure:6279: result: ranlib
configure:6381: checking command to parse /usr/bin/nm -B output from gcc object
configure:6501: gcc -c -O1 -g3 -Wall -DDEBUG  conftest.c >&5
configure:6504: $? = 0
configure:6508: /usr/bin/nm -B conftest.o \| sed -n -e 's/^.*[ ]\([ABCDGIRSTW][ABCDGIRSTW]*\)[ ][ ]*\([_A-Za-z][_A-Za-z0-9]*\)$/\1 \2 \2/p' | sed '/ __gnu_lto/d' \> conftest.nm
configure:6511: $? = 0
configure:6577: gcc -o conftest -O1 -g3 -Wall -DDEBUG   conftest.c conftstm.o >&5
configure:6580: $? = 0
configure:6618: result: ok
configure:6655: checking for sysroot
configure:6685: result: no
configure:6762: gcc -c -O1 -g3 -Wall -DDEBUG  conftest.c >&5
configure:6765: $? = 0
configure:6941: checking for mt
configure:6957: found /usr/bin/mt
configure:6968: result: mt
configure:6991: checking if mt is a manifest tool
configure:6997: mt '-?'
configure:7005: result: no
configure:7647: checking how to run the C preprocessor
configure:7678: gcc -E  conftest.c
configure:7678: $? = 0
configure:7692: gcc -E  conftest.c
conftest.c:11:28: fatal error: ac_nonexistent.h: No such file or directory
 #include <ac_nonexistent.h>
                            ^
compilation terminated.
configure:7692: $? = 1
configure: failed program was:
| /* confdefs.h */
| #define PACKAGE_NAME "npsep"
| #define PACKAGE_TARNAME "npsep"
| #define PACKAGE_VERSION "1.0"
| #define PACKAGE_STRING "npsep 1.0"
| #define PACKAGE_BUGREPORT "haroldo.santos@gmail.com"
| #define PACKAGE_URL ""
| #define PACKAGE "npsep"
| #define VERSION "1.0"
| /* end confdefs.h.  */
| #include <ac_nonexistent.h>
configure:7717: result: gcc -E
configure:7737: gcc -E  conftest.c
configure:7737: $? = 0
configure:7751: gcc -E  conftest.c
conftest.c:11:28: fatal error: ac_nonexistent.h: No such file or directory
 #include <ac_nonexistent.h>
                            ^
compilation terminated.
configure:7751: $? = 1
configure: failed program was:
| /* confdefs.h */
| #define PACKAGE_NAME "npsep"
| #define PACKAGE_TARNAME "npsep"
| #define PACKAGE_VERSION "1.0"
| #define PACKAGE_STRING "npsep 1.0"
| #define PACKAGE_BUGREPORT "haroldo.santos@gmail.com"
| #define PACKAGE_URL ""
| #define PACKAGE "npsep"
| #define VERSION "1.0"
| /* end confdefs.h.  */
| #include <ac_nonexistent.h>
configure:7780: checking for ANSI C header files
configure:7800: gcc -c -O1 -g3 -Wall -DDEBUG  conftest.c >&5
configure:7800: $? = 0
configure:7873: gcc -o conftest -O1 -g3 -Wall -DDEBUG   conftest.c  >&5
configure:7873: $? = 0
configure:7873: ./conftest
configure:7873: $? = 0
configure:7884: result: yes
configure:7897: checking for sys/types.h
configure:7897: gcc -c -O1 -g3 -Wall -DDEBUG  conftest.c >&5
configure:7897: $? = 0
configure:7897: result: yes
configure:7897: checking for sys/stat.h
configure:7897: gcc -c -O1 -g3 -Wall -DDEBUG  conftest.c >&5
configure:7897: $? = 0
configure:7897: result: yes
configure:7897: checking for stdlib.h
configure:7897: gcc -c -O1 -g3 -Wall -DDEBUG  conftest.c >&5
configure:7897: $? = 0
configure:7897: result: yes
configure:7897: checking for string.h
configure:7897: gcc -c -O1 -g3 -Wall -DDEBUG  conftest.c >&5
configure:7897: $? = 0
configure:7897: result: yes
configure:7897: checking for memory.h
configure:7897: gcc -c -O1 -g3 -Wall -DDEBUG  conftest.c >&5
configure:7897: $? = 0
configure:7897: result: yes
configure:7897: checking for strings.h
configure:7897: gcc -c -O1 -g3 -Wall -DDEBUG  conftest.c >&5
configure:7897: $? = 0
configure:7897: result: yes
configure:7897: checking for inttypes.h
configure:7897: gcc -c -O1 -g3 -Wall -DDEBUG  conftest.c >&5
configure:7897: $? = 0
configure:7897: result: yes
configure:7897: checking for stdint.h
configure:7897: gcc -c -O1 -g3 -Wall -DDEBUG  conftest.c >&5
configure:7897: $? = 0
configure:7897: result: yes
configure:7897: checking for unistd.h
configure:7897: gcc -c -O1 -g3 -Wall -DDEBUG  conftest.c >&5
configure:7897: $? = 0
configure:7897: result: yes
configure:7911: checking for dlfcn.h
configure:7911: gcc -c -O1 -g3 -Wall -DDEBUG  conftest.c >&5
configure:7911: $? = 0
configure:7911: result: yes
configure:8128: checking for objdir
configure:8143: result: .libs
configure:8410: checking if gcc supports -fno-rtti -fno-exceptions
configure:8428: gcc -c -O1 -g3 -Wall -DDEBUG  -fno-rtti -fno-exceptions conftest.c >&5
cc1: warning: command line option '-fno-rtti' is valid for C++/ObjC++ but not for C [enabled by default]
configure:8432: $? = 0
configure:8445: result: no
configure:8772: checking for gcc option to produce PIC
configure:8779: result: -fPIC -DPIC
configure:8787: checking if gcc PIC flag -fPIC -DPIC works
configure:8805: gcc -c -O1 -g3 -Wall -DDEBUG  -fPIC -DPIC -DPIC conftest.c >&5
configure:8809: $? = 0
configure:8822: result: yes
configure:8851: checking if gcc static flag -static works
configure:8879: result: no
configure:8894: checking if gcc supports -c -o file.o
configure:8915: gcc -c -O1 -g3 -Wall -DDEBUG  -o out/conftest2.o conftest.c >&5
configure:8919: $? = 0
configure:8941: result: yes
configure:8949: checking if gcc supports -c -o file.o
configure:8996: result: yes
configure:9029: checking whether the gcc linker (/usr/x86_64-suse-linux/bin/ld -m elf_x86_64) supports shared libraries
configure:10182: result: yes
configure:10219: checking whether -lc should be explicitly linked in
configure:10227: gcc -c -O1 -g3 -Wall -DDEBUG  conftest.c >&5
configure:10230: $? = 0
configure:10245: gcc -shared  -fPIC -DPIC conftest.o  -v -Wl,-soname -Wl,conftest -o conftest 2\>\&1 \| /usr/bin/grep  -lc  \>/dev/null 2\>\&1
configure:10248: $? = 0
configure:10262: result: no
configure:10422: checking dynamic linker characteristics
configure:10933: gcc -o conftest -O1 -g3 -Wall -DDEBUG   -Wl,-rpath -Wl,/foo conftest.c  >&5
configure:10933: $? = 0
configure:11155: result: GNU/Linux ld.so
configure:11262: checking how to hardcode library paths into programs
configure:11287: result: immediate
configure:11827: checking whether stripping libraries is possible
configure:11832: result: yes
configure:11867: checking if libtool supports shared libraries
configure:11869: result: yes
configure:11872: checking whether to build shared libraries
configure:11893: result: yes
configure:11896: checking whether to build static libraries
configure:11900: result: yes
configure:11923: checking how to run the C++ preprocessor
configure:11950: g++ -E  conftest.cpp
configure:11950: $? = 0
configure:11964: g++ -E  conftest.cpp
conftest.cpp:23:28: fatal error: ac_nonexistent.h: No such file or directory
 #include <ac_nonexistent.h>
                            ^
compilation terminated.
configure:11964: $? = 1
configure: failed program was:
| /* confdefs.h */
| #define PACKAGE_NAME "npsep"
| #define PACKAGE_TARNAME "npsep"
| #define PACKAGE_VERSION "1.0"
| #define PACKAGE_STRING "npsep 1.0"
| #define PACKAGE_BUGREPORT "haroldo.santos@gmail.com"
| #define PACKAGE_URL ""
| #define PACKAGE "npsep"
| #define VERSION "1.0"
| #define STDC_HEADERS 1
| #define HAVE_SYS_TYPES_H 1
| #define HAVE_SYS_STAT_H 1
| #define HAVE_STDLIB_H 1
| #define HAVE_STRING_H 1
| #define HAVE_MEMORY_H 1
| #define HAVE_STRINGS_H 1
| #define HAVE_INTTYPES_H 1
| #define HAVE_STDINT_H 1
| #define HAVE_UNISTD_H 1
| #define HAVE_DLFCN_H 1
| #define LT_OBJDIR ".libs/"
| /* end confdefs.h.  */
| #include <ac_nonexistent.h>
configure:11989: result: g++ -E
configure:12009: g++ -E  conftest.cpp
configure:12009: $? = 0
configure:12023: g++ -E  conftest.cpp
conftest.cpp:23:28: fatal error: ac_nonexistent.h: No such file or directory
 #include <ac_nonexistent.h>
                            ^
compilation terminated.
configure:12023: $? = 1
configure: failed program was:
| /* confdefs.h */
| #define PACKAGE_NAME "npsep"
| #define PACKAGE_TARNAME "npsep"
| #define PACKAGE_VERSION "1.0"
| #define PACKAGE_STRING "npsep 1.0"
| #define PACKAGE_BUGREPORT "haroldo.santos@gmail.com"
| #define PACKAGE_URL ""
| #define PACKAGE "npsep"
| #define VERSION "1.0"
| #define STDC_HEADERS 1
| #define HAVE_SYS_TYPES_H 1
| #define HAVE_SYS_STAT_H 1
| #define HAVE_STDLIB_H 1
| #define HAVE_STRING_H 1
| #define HAVE_MEMORY_H 1
| #define HAVE_STRINGS_H 1
| #define HAVE_INTTYPES_H 1
| #define HAVE_STDINT_H 1
| #define HAVE_UNISTD_H 1
| #define HAVE_DLFCN_H 1
| #define LT_OBJDIR ".libs/"
| /* end confdefs.h.  */
| #include <ac_nonexistent.h>
configure:12192: checking for ld used by g++
configure:12259: result: /usr/x86_64-suse-linux/bin/ld -m elf_x86_64
configure:12266: checking if the linker (/usr/x86_64-suse-linux/bin/ld -m elf_x86_64) is GNU ld
configure:12281: result: yes
configure:12336: checking whether the g++ linker (/usr/x86_64-suse-linux/bin/ld -m elf_x86_64) supports shared libraries
configure:13341: result: yes
configure:13377: g++ -c -O1 -g3 -Wall -DDEBUG  conftest.cpp >&5
configure:13380: $? = 0
configure:13900: checking for g++ option to produce PIC
configure:13907: result: -fPIC -DPIC
configure:13915: checking if g++ PIC flag -fPIC -DPIC works
configure:13933: g++ -c -O1 -g3 -Wall -DDEBUG  -fPIC -DPIC -DPIC conftest.cpp >&5
configure:13937: $? = 0
configure:13950: result: yes
configure:13973: checking if g++ static flag -static works
configure:14001: result: no
configure:14013: checking if g++ supports -c -o file.o
configure:14034: g++ -c -O1 -g3 -Wall -DDEBUG  -o out/conftest2.o conftest.cpp >&5
configure:14038: $? = 0
configure:14060: result: yes
configure:14065: checking if g++ supports -c -o file.o
configure:14112: result: yes
configure:14142: checking whether the g++ linker (/usr/x86_64-suse-linux/bin/ld -m elf_x86_64) supports shared libraries
configure:14178: result: yes
configure:14319: checking dynamic linker characteristics
configure:14986: result: GNU/Linux ld.so
configure:15039: checking how to hardcode library paths into programs
configure:15064: result: immediate
configure:15126: checking whether gcc and cc understand -c and -o together
configure:15157: gcc -c conftest.c -o conftest2.o >&5
configure:15161: $? = 0
configure:15167: gcc -c conftest.c -o conftest2.o >&5
configure:15171: $? = 0
configure:15182: cc -c conftest.c >&5
configure:15186: $? = 0
configure:15194: cc -c conftest.c -o conftest2.o >&5
configure:15198: $? = 0
configure:15204: cc -c conftest.c -o conftest2.o >&5
configure:15208: $? = 0
configure:15226: result: yes
configure:15253: checking for fabs in -lm
configure:15278: gcc -o conftest -O1 -g3 -Wall -DDEBUG   conftest.c -lm   >&5
conftest.c:30:6: warning: conflicting types for built-in function 'fabs' [enabled by default]
 char fabs ();
      ^
configure:15278: $? = 0
configure:15287: result: yes
configure:15300: checking for ANSI C header files
configure:15404: result: yes
configure:15415: checking float.h usability
configure:15415: gcc -c -O1 -g3 -Wall -DDEBUG  conftest.c >&5
configure:15415: $? = 0
configure:15415: result: yes
configure:15415: checking float.h presence
configure:15415: gcc -E  conftest.c
configure:15415: $? = 0
configure:15415: result: yes
configure:15415: checking for float.h
configure:15415: result: yes
configure:15415: checking limits.h usability
configure:15415: gcc -c -O1 -g3 -Wall -DDEBUG  conftest.c >&5
configure:15415: $? = 0
configure:15415: result: yes
configure:15415: checking limits.h presence
configure:15415: gcc -E  conftest.c
configure:15415: $? = 0
configure:15415: result: yes
configure:15415: checking for limits.h
configure:15415: result: yes
configure:15415: checking for stdlib.h
configure:15415: result: yes
configure:15415: checking for string.h
configure:15415: result: yes
configure:15415: checking stdio.h usability
configure:15415: gcc -c -O1 -g3 -Wall -DDEBUG  conftest.c >&5
configure:15415: $? = 0
configure:15415: result: yes
configure:15415: checking stdio.h presence
configure:15415: gcc -E  conftest.c
configure:15415: $? = 0
configure:15415: result: yes
configure:15415: checking for stdio.h
configure:15415: result: yes
configure:15415: checking math.h usability
configure:15415: gcc -c -O1 -g3 -Wall -DDEBUG  conftest.c >&5
configure:15415: $? = 0
configure:15415: result: yes
configure:15415: checking math.h presence
configure:15415: gcc -E  conftest.c
configure:15415: $? = 0
configure:15415: result: yes
configure:15415: checking for math.h
configure:15415: result: yes
configure:15427: checking for an ANSI C-conforming const
configure:15493: gcc -c -O1 -g3 -Wall -DDEBUG  conftest.c >&5
configure:15493: $? = 0
configure:15500: result: yes
configure:15508: checking for size_t
configure:15508: gcc -c -O1 -g3 -Wall -DDEBUG  conftest.c >&5
configure:15508: $? = 0
configure:15508: gcc -c -O1 -g3 -Wall -DDEBUG  conftest.c >&5
conftest.c: In function 'main':
conftest.c:67:21: error: expected expression before ')' token
 if (sizeof ((size_t)))
                     ^
configure:15508: $? = 1
configure: failed program was:
| /* confdefs.h */
| #define PACKAGE_NAME "npsep"
| #define PACKAGE_TARNAME "npsep"
| #define PACKAGE_VERSION "1.0"
| #define PACKAGE_STRING "npsep 1.0"
| #define PACKAGE_BUGREPORT "haroldo.santos@gmail.com"
| #define PACKAGE_URL ""
| #define PACKAGE "npsep"
| #define VERSION "1.0"
| #define STDC_HEADERS 1
| #define HAVE_SYS_TYPES_H 1
| #define HAVE_SYS_STAT_H 1
| #define HAVE_STDLIB_H 1
| #define HAVE_STRING_H 1
| #define HAVE_MEMORY_H 1
| #define HAVE_STRINGS_H 1
| #define HAVE_INTTYPES_H 1
| #define HAVE_STDINT_H 1
| #define HAVE_UNISTD_H 1
| #define HAVE_DLFCN_H 1
| #define LT_OBJDIR ".libs/"
| #define HAVE_LIBM 1
| #define STDC_HEADERS 1
| #define HAVE_FLOAT_H 1
| #define HAVE_LIMITS_H 1
| #define HAVE_STDLIB_H 1
| #define HAVE_STRING_H 1
| #define HAVE_STDIO_H 1
| #define HAVE_MATH_H 1
| /* end confdefs.h.  */
| #include <stdio.h>
| #ifdef HAVE_SYS_TYPES_H
| # include <sys/types.h>
| #endif
| #ifdef HAVE_SYS_STAT_H
| # include <sys/stat.h>
| #endif
| #ifdef STDC_HEADERS
| # include <stdlib.h>
| # include <stddef.h>
| #else
| # ifdef HAVE_STDLIB_H
| #  include <stdlib.h>
| # endif
| #endif
| #ifdef HAVE_STRING_H
| # if !defined STDC_HEADERS && defined HAVE_MEMORY_H
| #  include <memory.h>
| # endif
| # include <string.h>
| #endif
| #ifdef HAVE_STRINGS_H
| # include <strings.h>
| #endif
| #ifdef HAVE_INTTYPES_H
| # include <inttypes.h>
| #endif
| #ifdef HAVE_STDINT_H
| # include <stdint.h>
| #endif
| #ifdef HAVE_UNISTD_H
| # include <unistd.h>
| #endif
| int
| main ()
| {
| if (sizeof ((size_t)))
| 	    return 0;
|   ;
|   return 0;
| }
configure:15508: result: yes
configure:15523: checking for working alloca.h
configure:15540: gcc -o conftest -O1 -g3 -Wall -DDEBUG   conftest.c -lm  >&5
configure:15540: $? = 0
configure:15548: result: yes
configure:15556: checking for alloca
configure:15593: gcc -o conftest -O1 -g3 -Wall -DDEBUG   conftest.c -lm  >&5
configure:15593: $? = 0
configure:15601: result: yes
configure:15709: checking for stdlib.h
configure:15709: result: yes
configure:15719: checking for GNU libc compatible malloc
configure:15743: gcc -o conftest -O1 -g3 -Wall -DDEBUG   conftest.c -lm  >&5
configure:15743: $? = 0
configure:15743: ./conftest
configure:15743: $? = 0
configure:15753: result: yes
configure:15776: checking for stdlib.h
configure:15776: result: yes
configure:15786: checking for GNU libc compatible realloc
configure:15810: gcc -o conftest -O1 -g3 -Wall -DDEBUG   conftest.c -lm  >&5
configure:15810: $? = 0
configure:15810: ./conftest
configure:15810: $? = 0
configure:15820: result: yes
configure:15844: checking for memset
configure:15844: gcc -o conftest -O1 -g3 -Wall -DDEBUG   conftest.c -lm  >&5
conftest.c:60:6: warning: conflicting types for built-in function 'memset' [enabled by default]
 char memset ();
      ^
configure:15844: $? = 0
configure:15844: result: yes
configure:15844: checking for strstr
configure:15844: gcc -o conftest -O1 -g3 -Wall -DDEBUG   conftest.c -lm  >&5
conftest.c:61:6: warning: conflicting types for built-in function 'strstr' [enabled by default]
 char strstr ();
      ^
configure:15844: $? = 0
configure:15844: result: yes
configure:15908: checking for pkg-config
configure:15926: found /usr/bin/pkg-config
configure:15938: result: /usr/bin/pkg-config
configure:15963: checking pkg-config is at least version 0.9.0
configure:15966: result: yes
configure:15976: checking for cbc
configure:15983: $PKG_CONFIG --exists --print-errors "cbc"
configure:15986: $? = 0
configure:16000: $PKG_CONFIG --exists --print-errors "cbc"
configure:16003: $? = 0
configure:16061: result: yes
configure:16178: checking that generated files are newer than configure
configure:16184: result: done
configure:16211: creating ./config.status

## ---------------- ##
## Cache variables. ##
## ---------------- ##

ac_cv_build=x86_64-suse-linux-gnu
ac_cv_c_compiler_gnu=yes
ac_cv_c_const=yes
ac_cv_cxx_compiler_gnu=yes
ac_cv_env_CCC_set=
ac_cv_env_CCC_value=
ac_cv_env_CC_set=
ac_cv_env_CC_value=
ac_cv_env_CFLAGS_set=set
ac_cv_env_CFLAGS_value='-O1 -g3 -Wall -DDEBUG'
ac_cv_env_CPPFLAGS_set=
ac_cv_env_CPPFLAGS_value=
ac_cv_env_CPP_set=
ac_cv_env_CPP_value=
ac_cv_env_CXXCPP_set=
ac_cv_env_CXXCPP_value=
ac_cv_env_CXXFLAGS_set=set
ac_cv_env_CXXFLAGS_value='-O1 -g3 -Wall -DDEBUG'
ac_cv_env_CXX_set=
ac_cv_env_CXX_value=
ac_cv_env_LDFLAGS_set=
ac_cv_env_LDFLAGS_value=
ac_cv_env_LIBS_set=
ac_cv_env_LIBS_value=
ac_cv_env_PKG_CONFIG_LIBDIR_set=
ac_cv_env_PKG_CONFIG_LIBDIR_value=
ac_cv_env_PKG_CONFIG_PATH_set=
ac_cv_env_PKG_CONFIG_PATH_value=
ac_cv_env_PKG_CONFIG_set=
ac_cv_env_PKG_CONFIG_value=
ac_cv_env_build_alias_set=
ac_cv_env_build_alias_value=
ac_cv_env_cbc_CFLAGS_set=
ac_cv_env_cbc_CFLAGS_value=
ac_cv_env_cbc_LIBS_set=
ac_cv_env_cbc_LIBS_value=
ac_cv_env_host_alias_set=
ac_cv_env_host_alias_value=
ac_cv_env_target_alias_set=
ac_cv_env_target_alias_value=
ac_cv_func_alloca_works=yes
ac_cv_func_malloc_0_nonnull=yes
ac_cv_func_memset=yes
ac_cv_func_realloc_0_nonnull=yes
ac_cv_func_strstr=yes
ac_cv_header_dlfcn_h=yes
ac_cv_header_float_h=yes
ac_cv_header_inttypes_h=yes
ac_cv_header_limits_h=yes
ac_cv_header_math_h=yes
ac_cv_header_memory_h=yes
ac_cv_header_stdc=yes
ac_cv_header_stdint_h=yes
ac_cv_header_stdio_h=yes
ac_cv_header_stdlib_h=yes
ac_cv_header_string_h=yes
ac_cv_header_strings_h=yes
ac_cv_header_sys_stat_h=yes
ac_cv_header_sys_types_h=yes
ac_cv_header_unistd_h=yes
ac_cv_host=x86_64-suse-linux-gnu
ac_cv_lib_m_fabs=yes
ac_cv_objext=o
ac_cv_path_EGREP='/usr/bin/grep -E'
ac_cv_path_FGREP='/usr/bin/grep -F'
ac_cv_path_GREP=/usr/bin/grep
ac_cv_path_SED=/usr/bin/sed
ac_cv_path_ac_pt_PKG_CONFIG=/usr/bin/pkg-config
ac_cv_path_install='/usr/bin/install -c'
ac_cv_path_mkdir=/usr/bin/mkdir
ac_cv_prog_AWK=gawk
ac_cv_prog_CPP='gcc -E'
ac_cv_prog_CXXCPP='g++ -E'
ac_cv_prog_ac_ct_AR=ar
ac_cv_prog_ac_ct_CC=gcc
ac_cv_prog_ac_ct_CXX=g++
ac_cv_prog_ac_ct_MANIFEST_TOOL=mt
ac_cv_prog_ac_ct_OBJDUMP=objdump
ac_cv_prog_ac_ct_RANLIB=ranlib
ac_cv_prog_ac_ct_STRIP=strip
ac_cv_prog_cc_c89=
ac_cv_prog_cc_g=yes
ac_cv_prog_cc_gcc_c_o=yes
ac_cv_prog_cxx_g=yes
ac_cv_prog_make_make_set=yes
ac_cv_type_size_t=yes
ac_cv_working_alloca_h=yes
am_cv_CC_dependencies_compiler_type=gcc3
am_cv_CXX_dependencies_compiler_type=gcc3
am_cv_make_support_nested_variables=yes
lt_cv_ar_at_file=@
lt_cv_archive_cmds_need_lc=no
lt_cv_deplibs_check_method=pass_all
lt_cv_file_magic_cmd='$MAGIC_CMD'
lt_cv_file_magic_test_file=
lt_cv_ld_reload_flag=-r
lt_cv_nm_interface='BSD nm'
lt_cv_objdir=.libs
lt_cv_path_LD=/usr/x86_64-suse-linux/bin/ld
lt_cv_path_LDCXX='/usr/x86_64-suse-linux/bin/ld -m elf_x86_64'
lt_cv_path_NM='/usr/bin/nm -B'
lt_cv_path_mainfest_tool=no
lt_cv_prog_compiler_c_o=yes
lt_cv_prog_compiler_c_o_CXX=yes
lt_cv_prog_compiler_pic='-fPIC -DPIC'
lt_cv_prog_compiler_pic_CXX='-fPIC -DPIC'
lt_cv_prog_compiler_pic_works=yes
lt_cv_prog_compiler_pic_works_CXX=yes
lt_cv_prog_compiler_rtti_exceptions=no
lt_cv_prog_compiler_static_works=no
lt_cv_prog_compiler_static_works_CXX=no
lt_cv_prog_gnu_ld=yes
lt_cv_prog_gnu_ldcxx=yes
lt_cv_sharedlib_from_linklib_cmd='printf %s\n'
lt_cv_shlibpath_overrides_runpath=yes
lt_cv_sys_global_symbol_pipe='sed -n -e '\''s/^.*[	 ]\([ABCDGIRSTW][ABCDGIRSTW]*\)[	 ][	 ]*\([_A-Za-z][_A-Za-z0-9]*\)$/\1 \2 \2/p'\'' | sed '\''/ __gnu_lto/d'\'''
lt_cv_sys_global_symbol_to_c_name_address='sed -n -e '\''s/^: \([^ ]*\)[ ]*$/  {\"\1\", (void *) 0},/p'\'' -e '\''s/^[ABCDGIRSTW]* \([^ ]*\) \([^ ]*\)$/  {"\2", (void *) \&\2},/p'\'''
lt_cv_sys_global_symbol_to_c_name_address_lib_prefix='sed -n -e '\''s/^: \([^ ]*\)[ ]*$/  {\"\1\", (void *) 0},/p'\'' -e '\''s/^[ABCDGIRSTW]* \([^ ]*\) \(lib[^ ]*\)$/  {"\2", (void *) \&\2},/p'\'' -e '\''s/^[ABCDGIRSTW]* \([^ ]*\) \([^ ]*\)$/  {"lib\2", (void *) \&\2},/p'\'''
lt_cv_sys_global_symbol_to_cdecl='sed -n -e '\''s/^T .* \(.*\)$/extern int \1();/p'\'' -e '\''s/^[ABCDGIRSTW]* .* \(.*\)$/extern char \1;/p'\'''
lt_cv_sys_max_cmd_len=1572864
lt_cv_to_host_file_cmd=func_convert_file_noop
lt_cv_to_tool_file_cmd=func_convert_file_noop
pkg_cv_cbc_CFLAGS='-I/usr//include/coin -I/usr//include/coin/ThirdParty '
pkg_cv_cbc_LIBS='-L/usr//lib64 -L/usr/lib64/gcc/x86_64-suse-linux/4.8 -L/usr/lib64/gcc/x86_64-suse-linux/4.8/../../../../lib64 -L/lib/../lib64 -L/usr/lib/../lib64 -L/usr/lib64/gcc/x86_64-suse-linux/4.8/../../../../x86_64-suse-linux/lib -L/usr/lib64/gcc/x86_64-suse-linux/4.8/../../.. -L/usr//lib64 -L/usr/lib64/gcc/x86_64-suse-linux/4.8 -L/usr/lib64/gcc/x86_64-suse-linux/4.8/../../../../lib64 -L/lib/../lib64 -L/usr/lib/../lib64 -L/usr/lib64/gcc/x86_64-suse-linux/4.8/../../../../x86_64-suse-linux/lib -L/usr/lib64/gcc/x86_64-suse-linux/4.8/../../.. -lCbcSolver -lCbc -lpthread -lrt -lCgl -lOsiClp -lClp -lOsi -lCoinUtils -lz -lm -lcoinglpk -ldl -lm -lcoinlapack -lgfortran -lm -lquadmath -lcoinblas -lgfortran -lm -lquadmath '

## ----------------- ##
## Output variables. ##
## ----------------- ##

ACLOCAL='aclocal-1.13'
ALLOCA=''
AMDEPBACKSLASH='\'
AMDEP_FALSE='#'
AMDEP_TRUE=''
AMTAR='$${TAR-tar}'
AM_BACKSLASH='\'
AM_DEFAULT_V='$(AM_DEFAULT_VERBOSITY)'
AM_DEFAULT_VERBOSITY='1'
AM_V='$(V)'
AR='ar'
AUTOCONF='autoconf'
AUTOHEADER='autoheader'
AUTOMAKE='automake-1.13'
AWK='gawk'
CC='gcc'
CCDEPMODE='depmode=gcc3'
CFLAGS='-O1 -g3 -Wall -DDEBUG'
CPP='gcc -E'
CPPFLAGS=''
CXX='g++'
CXXCPP='g++ -E'
CXXDEPMODE='depmode=gcc3'
CXXFLAGS='-O1 -g3 -Wall -DDEBUG'
CYGPATH_W='echo'
DEFS='-DHAVE_CONFIG_H'
DEPDIR='.deps'
DLLTOOL='false'
DSYMUTIL=''
DUMPBIN=''
ECHO_C=''
ECHO_N='-n'
ECHO_T=''
EGREP='/usr/bin/grep -E'
EXEEXT=''
FGREP='/usr/bin/grep -F'
GREP='/usr/bin/grep'
INSTALL_DATA='${INSTALL} -m 644'
INSTALL_PROGRAM='${INSTALL}'
INSTALL_SCRIPT='${INSTALL}'
INSTALL_STRIP_PROGRAM='$(install_sh) -c -s'
LD='/usr/x86_64-suse-linux/bin/ld -m elf_x86_64'
LDFLAGS=''
LIBOBJS=''
LIBS='-lm '
LIBTOOL='$(SHELL) $(top_builddir)/libtool'
LIPO=''
LN_S='ln -s'
LTLIBOBJS=''
MAKEINFO='makeinfo'
MANIFEST_TOOL=':'
MKDIR_P='/usr/bin/mkdir -p'
NM='/usr/bin/nm -B'
NMEDIT=''
OBJDUMP='objdump'
OBJEXT='o'
OTOOL64=''
OTOOL=''
PACKAGE='npsep'
PACKAGE_BUGREPORT='haroldo.santos@gmail.com'
PACKAGE_NAME='npsep'
PACKAGE_STRING='npsep 1.0'
PACKAGE_TARNAME='npsep'
PACKAGE_URL=''
PACKAGE_VERSION='1.0'
PATH_SEPARATOR=':'
PKG_CONFIG='/usr/bin/pkg-config'
PKG_CONFIG_LIBDIR=''
PKG_CONFIG_PATH=''
RANLIB='ranlib'
SED='/usr/bin/sed'
SET_MAKE=''
SHELL='/bin/sh'
STRIP='strip'
VERSION='1.0'
ac_ct_AR='ar'
ac_ct_CC='gcc'
ac_ct_CXX='g++'
ac_ct_DUMPBIN=''
am__EXEEXT_FALSE=''
am__EXEEXT_TRUE='#'
am__fastdepCC_FALSE='#'
am__fastdepCC_TRUE=''
am__fastdepCXX_FALSE='#'
am__fastdepCXX_TRUE=''
am__include='include'
am__isrc=''
am__leading_dot='.'
am__nodep='_no'
am__quote=''
am__tar='$${TAR-tar} chof - "$$tardir"'
am__untar='$${TAR-tar} xf -'
bindir='${exec_prefix}/bin'
build='x86_64-suse-linux-gnu'
build_alias=''
build_cpu='x86_64'
build_os='linux-gnu'
build_vendor='suse'
cbc_CFLAGS='-I/usr//include/coin -I/usr//include/coin/ThirdParty '
cbc_LIBS='-L/usr//lib64 -L/usr/lib64/gcc/x86_64-suse-linux/4.8 -L/usr/lib64/gcc/x86_64-suse-linux/4.8/../../../../lib64 -L/lib/../lib64 -L/usr/lib/../lib64 -L/usr/lib64/gcc/x86_64-suse-linux/4.8/../../../../x86_64-suse-linux/lib -L/usr/lib64/gcc/x86_64-suse-linux/4.8/../../.. -L/usr//lib64 -L/usr/lib64/gcc/x86_64-suse-linux/4.8 -L/usr/lib64/gcc/x86_64-suse-linux/4.8/../../../../lib64 -L/lib/../lib64 -L/usr/lib/../lib64 -L/usr/lib64/gcc/x86_64-suse-linux/4.8/../../../../x86_64-suse-linux/lib -L/usr/lib64/gcc/x86_64-suse-linux/4.8/../../.. -lCbcSolver -lCbc -lpthread -lrt -lCgl -lOsiClp -lClp -lOsi -lCoinUtils -lz -lm -lcoinglpk -ldl -lm -lcoinlapack -lgfortran -lm -lquadmath -lcoinblas -lgfortran -lm -lquadmath '
datadir='${datarootdir}'
datarootdir='${prefix}/share'
docdir='${datarootdir}/doc/${PACKAGE_TARNAME}'
dvidir='${docdir}'
exec_prefix='${prefix}'
host='x86_64-suse-linux-gnu'
host_alias=''
host_cpu='x86_64'
host_os='linux-gnu'
host_vendor='suse'
htmldir='${docdir}'
includedir='${prefix}/include'
infodir='${datarootdir}/info'
install_sh='${SHELL} /home/haroldo/dev/npsep/install-sh'
libdir='${exec_prefix}/lib64'
libexecdir='${exec_prefix}/lib'
localedir='${datarootdir}/locale'
localstatedir='${prefix}/var'
mandir='${datarootdir}/man'
mkdir_p='$(MKDIR_P)'
oldincludedir='/usr/include'
pdfdir='${docdir}'
prefix='/usr/local'
program_transform_name='s,x,x,'
psdir='${docdir}'
sbindir='${exec_prefix}/sbin'
sharedstatedir='${prefix}/com'
sysconfdir='${prefix}/etc'
target_alias=''

## ----------- ##
## confdefs.h. ##
## ----------- ##

/* confdefs.h */
#define PACKAGE_NAME "npsep"
#define PACKAGE_TARNAME "npsep"
#define PACKAGE_VERSION "1.0"
#define PACKAGE_STRING "npsep 1.0"
#define PACKAGE_BUGREPORT "haroldo.santos@gmail.com"
#define PACKAGE_URL ""
#define PACKAGE "npsep"
#define VERSION "1.0"
#define STDC_HEADERS 1
#define HAVE_SYS_TYPES_H 1
#define HAVE_SYS_STAT_H 1
#define HAVE_STDLIB_H 1
#define HAVE_STRING_H 1
#define HAVE_MEMORY_H 1
#define HAVE_STRINGS_H 1
#define HAVE_INTTYPES_H 1
#define HAVE_STDINT_H 1
#define HAVE_UNISTD_H 1
#define HAVE_DLFCN_H 1
#define LT_OBJDIR ".libs/"
#define HAVE_LIBM 1
#define STDC_HEADERS 1
#define HAVE_FLOAT_H 1
#define HAVE_LIMITS_H 1
#define HAVE_STDLIB_H 1
#define HAVE_STRING_H 1
#define HAVE_STDIO_H 1
#define HAVE_MATH_H 1
#define HAVE_ALLOCA_H 1
#define HAVE_ALLOCA 1
#define HAVE_STDLIB_H 1
#define HAVE_MALLOC 1
#define HAVE_STDLIB_H 1
#define HAVE_REALLOC 1
#define HAVE_MEMSET 1
#define HAVE_STRSTR 1

configure: exit 0

## ---------------------- ##
## Running config.status. ##
## ---------------------- ##

This file was extended by npsep config.status 1.0, which was
generated by GNU Autoconf 2.69.  Invocation command line was

  CONFIG_FILES    = 
  CONFIG_HEADERS  = 
  CONFIG_LINKS    = 
  CONFIG_COMMANDS = 
  $ ./config.status 

on venera.site

config.status:1170: creating Makefile
config.status:1170: creating src/Makefile
config.status:1170: creating config.h
config.status:1351: config.h is unchanged
config.status:1399: executing depfiles commands
config.status:1399: executing libtool commands

## ---------------------- ##
## Running config.status. ##
## ---------------------- ##

This file was extended by npsep config.status 1.0, which was
generated by GNU Autoconf 2.69.  Invocation command line was

  CONFIG_FILES    = 
  CONFIG_HEADERS  = 
  CONFIG_LINKS    = 
  CONFIG_COMMANDS = 
  $ ./config.status config.h

on venera.site

config.status:1170: creating config.h
config.status:1351: config.h is unchanged
