using at max 0 two mir passes.
using at max 0 gomory passes.
Coin0008I 30n20b8 read with 0 errors
cbcroot: root node relaxation and clique cuts

loaded 30n20b8 
	18380 variables (18380 integer) 576 rows

osi_cgraph took 2.410 seconds.
Clique Separation Parameters:
	max depth         : 3
	max passes        : 9999
	minimum violation : 0.0200
	minimum frac. val : 0.0010
	extend cliques    : 0
	enum max. degree  : 10
	verbose           : 1
	maximum time bk   : 20
solving relaxation ... Initial dual bound 1.56641
solved in 0.120
verbose mode now 1.
pre-processed graph - part 1 : n 87 e 260 - minD 0 maxD 9 smallD 87
Enumeration finished in 0.180 seconds. Found 4 violated cliques. Removed 87 nodes from graph.
pre-processed graph - part 2 - no nodes left. all cliques have been enumerated.
round 1 : def separated 4 cuts in 0.1800 seconds. dual limit now: 1.56641 time: 0.300
resolving relaxation ... 