using at max 0 two mir passes.
using at max 0 gomory passes.
Coin0008I acc-tight5 read with 0 errors
cbcroot: root node relaxation and clique cuts

loaded acc-tight5 
	1339 variables (1339 integer) 3052 rows

osi_cgraph took 0.010 seconds.
Clique Separation Parameters:
	max depth         : 3
	max passes        : 9999
	minimum violation : 0.0200
	minimum frac. val : 0.0010
	extend cliques    : 0
	enum max. degree  : 10
	verbose           : 1
	maximum time bk   : 20
solving relaxation ... Initial dual bound 0
solved in 0.640
verbose mode now 1.
pre-processed graph - part 1 : n 628 e 6540 - minD 1 maxD 20 smallD 242
Enumeration finished in 0.020 seconds. Found 0 violated cliques. Removed 242 nodes from graph.
pre-processed graph - part 2 : n 386 e 4244 - minD 5 maxD 19 smallD 153
bk took 0.01 seconds
round 1 : def separated 1 cuts in 0.0300 seconds. dual limit now: 0 time: 0.670
resolving relaxation ... solved in 0.120 after adding cuts of pass 1. dual limit now 0

verbose mode now 1.
pre-processed graph - part 1 : n 637 e 6662 - minD 1 maxD 18 smallD 237
Enumeration finished in 0.010 seconds. Found 0 violated cliques. Removed 237 nodes from graph.
pre-processed graph - part 2 : n 400 e 4394 - minD 5 maxD 17 smallD 160
bk took 0.02 seconds
round 2 : def separated 0 cuts in 0.0300 seconds. dual limit now: 0 time: 0.820

End of root node relaxation. Dual limit: 0 time: 0.820 
