using at max 0 two mir passes.
using at max 0 gomory passes.
Coin0008I ash608gpia-3col read with 0 errors
cbcroot: root node relaxation and clique cuts

loaded ash608gpia-3col 
	3651 variables (3651 integer) 24748 rows

osi_cgraph took 0.010 seconds.
Clique Separation Parameters:
	max depth         : 3
	max passes        : 9999
	minimum violation : 0.0200
	minimum frac. val : 0.0010
	extend cliques    : 0
	enum max. degree  : 10
	verbose           : 1
	maximum time bk   : 20
solving relaxation ... Initial dual bound 2
solved in 1.720
verbose mode now 1.
pre-processed graph - part 1 : n 2432 e 33808 - minD 2 maxD 21 smallD 228
Enumeration finished in 0.000 seconds. Found 236 violated cliques. Removed 228 nodes from graph.
pre-processed graph - part 2 : n 2204 e 30856 - minD 6 maxD 21 smallD 244
bk took 0.35 seconds
round 1 : def separated 2132 cuts in 0.4300 seconds. dual limit now: 2 time: 2.150
resolving relaxation ... solved in 1.100 after adding cuts of pass 1. dual limit now 2

verbose mode now 1.
pre-processed graph - part 1 : n 3648 e 54360 - minD 3 maxD 22 smallD 180
Enumeration finished in 0.000 seconds. Found 0 violated cliques. Removed 180 nodes from graph.
pre-processed graph - part 2 : n 3468 e 51972 - minD 8 maxD 22 smallD 192
bk took 0.82 seconds
round 2 : def separated 0 cuts in 0.8200 seconds. dual limit now: 2 time: 4.070

End of root node relaxation. Dual limit: 2 time: 4.070 
