using at max 0 two mir passes.
using at max 0 gomory passes.
Coin0008I bab5 read with 0 errors
cbcroot: root node relaxation and clique cuts

loaded bab5 
	21600 variables (21600 integer) 4964 rows

osi_cgraph took 0.100 seconds.
Clique Separation Parameters:
	max depth         : 3
	max passes        : 9999
	minimum violation : 0.0200
	minimum frac. val : 0.0010
	extend cliques    : 0
	enum max. degree  : 10
	verbose           : 1
	maximum time bk   : 20
solving relaxation ... Initial dual bound -124658
solved in 2.940
verbose mode now 1.
pre-processed graph - part 1 : n 260 e 188 - minD 0 maxD 2 smallD 260
Enumeration finished in 0.000 seconds. Found 0 violated cliques. Removed 260 nodes from graph.
pre-processed graph - part 2 - no nodes left. all cliques have been enumerated.
round 1 : def separated 0 cuts in 0.0000 seconds. dual limit now: -124658 time: 2.940

End of root node relaxation. Dual limit: -124658 time: 2.940 
