using at max 0 two mir passes.
using at max 0 gomory passes.
Coin0008I bley_xl1 read with 0 errors
cbcroot: root node relaxation and clique cuts

loaded bley_xl1 
	5831 variables (5831 integer) 175620 rows

osi_cgraph took 0.110 seconds.
Clique Separation Parameters:
	max depth         : 3
	max passes        : 9999
	minimum violation : 0.0200
	minimum frac. val : 0.0010
	extend cliques    : 0
	enum max. degree  : 10
	verbose           : 1
	maximum time bk   : 20
solving relaxation ... Initial dual bound 154.39
solved in 7702.310
verbose mode now 1.
pre-processed graph - part 1 : n 2804 e 10336 - minD 0 maxD 22 smallD 2662
Enumeration finished in 0.000 seconds. Found 0 violated cliques. Removed 2662 nodes from graph.
pre-processed graph - part 2 : n 142 e 0 - minD 0 maxD 0 smallD 142
bk took 0 seconds
time limit reached. discarding cuts.
round 1 : def separated 0 cuts in 0.0000 seconds. dual limit now: 154.39 time: 7702.310

End of root node relaxation. Dual limit: 154.39 time: 7702.310 
