using at max 0 two mir passes.
using at max 0 gomory passes.
Coin0008I eilB101 read with 0 errors
cbcroot: root node relaxation and clique cuts

loaded eilB101 
	2818 variables (2818 integer) 100 rows

osi_cgraph took 0.170 seconds.
Clique Separation Parameters:
	max depth         : 3
	max passes        : 9999
	minimum violation : 0.0200
	minimum frac. val : 0.0010
	extend cliques    : 0
	enum max. degree  : 10
	verbose           : 1
	maximum time bk   : 20
solving relaxation ... Initial dual bound 1075.25
solved in 0.050
verbose mode now 1.
pre-processed graph - part 1 : n 89 e 2948 - minD 12 maxD 69 smallD 0
Enumeration finished in 0.000 seconds. Found 0 violated cliques. Removed 0 nodes from graph.
pre-processed graph - part 2 : n 89 e 2948 - minD 12 maxD 69 smallD 0
bk took 0.01 seconds
round 1 : def separated 65 cuts in 0.0100 seconds. dual limit now: 1075.25 time: 0.060
resolving relaxation ... solved in 0.030 after adding cuts of pass 1. dual limit now 1078.44

verbose mode now 1.
pre-processed graph - part 1 : n 97 e 3374 - minD 11 maxD 66 smallD 0
Enumeration finished in 0.000 seconds. Found 0 violated cliques. Removed 0 nodes from graph.
pre-processed graph - part 2 : n 97 e 3374 - minD 11 maxD 66 smallD 0
bk took 0.01 seconds
round 2 : def separated 77 cuts in 0.0100 seconds. dual limit now: 1078.44 time: 0.100
resolving relaxation ... solved in 0.030 after adding cuts of pass 2. dual limit now 1079.93

verbose mode now 1.
pre-processed graph - part 1 : n 117 e 5268 - minD 14 maxD 86 smallD 0
Enumeration finished in 0.000 seconds. Found 0 violated cliques. Removed 0 nodes from graph.
pre-processed graph - part 2 : n 117 e 5268 - minD 14 maxD 86 smallD 0
bk took 0.02 seconds
round 3 : def separated 104 cuts in 0.0300 seconds. dual limit now: 1079.93 time: 0.160
resolving relaxation ... solved in 0.030 after adding cuts of pass 3. dual limit now 1080.99

verbose mode now 1.
pre-processed graph - part 1 : n 135 e 7108 - minD 18 maxD 104 smallD 0
Enumeration finished in 0.000 seconds. Found 0 violated cliques. Removed 0 nodes from graph.
pre-processed graph - part 2 : n 135 e 7108 - minD 18 maxD 104 smallD 0
bk took 0.07 seconds
round 4 : def separated 117 cuts in 0.0700 seconds. dual limit now: 1080.99 time: 0.260
resolving relaxation ... solved in 0.060 after adding cuts of pass 4. dual limit now 1082.11

verbose mode now 1.
pre-processed graph - part 1 : n 134 e 6702 - minD 19 maxD 87 smallD 0
Enumeration finished in 0.000 seconds. Found 0 violated cliques. Removed 0 nodes from graph.
pre-processed graph - part 2 : n 134 e 6702 - minD 19 maxD 87 smallD 0
bk took 0.05 seconds
round 5 : def separated 119 cuts in 0.0500 seconds. dual limit now: 1082.11 time: 0.370
resolving relaxation ... solved in 0.050 after adding cuts of pass 5. dual limit now 1082.78

verbose mode now 1.
pre-processed graph - part 1 : n 153 e 8944 - minD 21 maxD 102 smallD 0
Enumeration finished in 0.000 seconds. Found 0 violated cliques. Removed 0 nodes from graph.
pre-processed graph - part 2 : n 153 e 8944 - minD 21 maxD 102 smallD 0
bk took 0.1 seconds
round 6 : def separated 177 cuts in 0.1100 seconds. dual limit now: 1082.78 time: 0.530
resolving relaxation ... solved in 0.090 after adding cuts of pass 6. dual limit now 1083.54

verbose mode now 1.
pre-processed graph - part 1 : n 163 e 10486 - minD 22 maxD 117 smallD 0
Enumeration finished in 0.000 seconds. Found 0 violated cliques. Removed 0 nodes from graph.
pre-processed graph - part 2 : n 163 e 10486 - minD 22 maxD 117 smallD 0
bk took 0.12 seconds
round 7 : def separated 190 cuts in 0.1300 seconds. dual limit now: 1083.54 time: 0.750
resolving relaxation ... solved in 0.130 after adding cuts of pass 7. dual limit now 1084.44

verbose mode now 1.
pre-processed graph - part 1 : n 156 e 9286 - minD 16 maxD 106 smallD 0
Enumeration finished in 0.000 seconds. Found 0 violated cliques. Removed 0 nodes from graph.
pre-processed graph - part 2 : n 156 e 9286 - minD 16 maxD 106 smallD 0
bk took 0.12 seconds
round 8 : def separated 184 cuts in 0.1300 seconds. dual limit now: 1084.44 time: 1.010
resolving relaxation ... solved in 0.120 after adding cuts of pass 8. dual limit now 1085.01

verbose mode now 1.
pre-processed graph - part 1 : n 188 e 13904 - minD 24 maxD 120 smallD 0
Enumeration finished in 0.000 seconds. Found 0 violated cliques. Removed 0 nodes from graph.
pre-processed graph - part 2 : n 188 e 13904 - minD 24 maxD 120 smallD 0
bk took 0.48 seconds
round 9 : def separated 368 cuts in 0.4900 seconds. dual limit now: 1085.01 time: 1.620
resolving relaxation ... solved in 0.310 after adding cuts of pass 9. dual limit now 1086.03

verbose mode now 1.
pre-processed graph - part 1 : n 187 e 13724 - minD 27 maxD 132 smallD 0
Enumeration finished in 0.000 seconds. Found 0 violated cliques. Removed 0 nodes from graph.
pre-processed graph - part 2 : n 187 e 13724 - minD 27 maxD 132 smallD 0
bk took 0.36 seconds
round 10 : def separated 294 cuts in 0.3700 seconds. dual limit now: 1086.03 time: 2.300
resolving relaxation ... solved in 0.310 after adding cuts of pass 10. dual limit now 1086.93

verbose mode now 1.
pre-processed graph - part 1 : n 191 e 14610 - minD 26 maxD 161 smallD 0
Enumeration finished in 0.000 seconds. Found 0 violated cliques. Removed 0 nodes from graph.
pre-processed graph - part 2 : n 191 e 14610 - minD 26 maxD 161 smallD 0
bk took 0.38 seconds
round 11 : def separated 359 cuts in 0.4000 seconds. dual limit now: 1086.93 time: 3.010
resolving relaxation ... solved in 0.310 after adding cuts of pass 11. dual limit now 1087.51

verbose mode now 1.
pre-processed graph - part 1 : n 211 e 18052 - minD 29 maxD 191 smallD 0
Enumeration finished in 0.000 seconds. Found 0 violated cliques. Removed 0 nodes from graph.
pre-processed graph - part 2 : n 211 e 18052 - minD 29 maxD 191 smallD 0
bk took 0.86 seconds
round 12 : def separated 463 cuts in 0.8800 seconds. dual limit now: 1087.51 time: 4.200
resolving relaxation ... solved in 0.410 after adding cuts of pass 12. dual limit now 1087.96

verbose mode now 1.
pre-processed graph - part 1 : n 220 e 18734 - minD 28 maxD 144 smallD 0
Enumeration finished in 0.000 seconds. Found 0 violated cliques. Removed 0 nodes from graph.
pre-processed graph - part 2 : n 220 e 18734 - minD 28 maxD 144 smallD 0
bk took 1.97 seconds
round 13 : def separated 791 cuts in 2.0000 seconds. dual limit now: 1087.96 time: 6.610
resolving relaxation ... solved in 0.710 after adding cuts of pass 13. dual limit now 1088.65

verbose mode now 1.
pre-processed graph - part 1 : n 227 e 20538 - minD 34 maxD 157 smallD 0
Enumeration finished in 0.000 seconds. Found 0 violated cliques. Removed 0 nodes from graph.
pre-processed graph - part 2 : n 227 e 20538 - minD 34 maxD 157 smallD 0
bk took 1.94 seconds
round 14 : def separated 724 cuts in 1.9600 seconds. dual limit now: 1088.65 time: 9.280
resolving relaxation ... solved in 0.920 after adding cuts of pass 14. dual limit now 1089.38

verbose mode now 1.
pre-processed graph - part 1 : n 234 e 21742 - minD 35 maxD 163 smallD 0
Enumeration finished in 0.000 seconds. Found 0 violated cliques. Removed 0 nodes from graph.
pre-processed graph - part 2 : n 234 e 21742 - minD 35 maxD 163 smallD 0
bk took 2.27 seconds
round 15 : def separated 845 cuts in 2.3000 seconds. dual limit now: 1089.38 time: 12.500
resolving relaxation ... solved in 1.230 after adding cuts of pass 15. dual limit now 1089.97

verbose mode now 1.
pre-processed graph - part 1 : n 234 e 21596 - minD 33 maxD 184 smallD 0
Enumeration finished in 0.000 seconds. Found 0 violated cliques. Removed 0 nodes from graph.
pre-processed graph - part 2 : n 234 e 21596 - minD 33 maxD 184 smallD 0
bk took 1.45 seconds
round 16 : def separated 640 cuts in 1.4700 seconds. dual limit now: 1089.97 time: 15.200
resolving relaxation ... solved in 1.290 after adding cuts of pass 16. dual limit now 1090.59

verbose mode now 1.
pre-processed graph - part 1 : n 255 e 26662 - minD 38 maxD 187 smallD 0
Enumeration finished in 0.000 seconds. Found 0 violated cliques. Removed 0 nodes from graph.
pre-processed graph - part 2 : n 255 e 26662 - minD 38 maxD 187 smallD 0
bk took 10.9 seconds
round 17 : def separated 983 cuts in 10.9600 seconds. dual limit now: 1090.59 time: 27.450
resolving relaxation ... solved in 2.110 after adding cuts of pass 17. dual limit now 1091.32

verbose mode now 1.
pre-processed graph - part 1 : n 260 e 26910 - minD 32 maxD 211 smallD 0
Enumeration finished in 0.000 seconds. Found 0 violated cliques. Removed 0 nodes from graph.
pre-processed graph - part 2 : n 260 e 26910 - minD 32 maxD 211 smallD 0
bk took 4.9 seconds
round 18 : def separated 1572 cuts in 4.9400 seconds. dual limit now: 1091.32 time: 34.500
resolving relaxation ... solved in 2.760 after adding cuts of pass 18. dual limit now 1091.82

verbose mode now 1.
pre-processed graph - part 1 : n 253 e 25734 - minD 36 maxD 205 smallD 0
Enumeration finished in 0.000 seconds. Found 0 violated cliques. Removed 0 nodes from graph.
pre-processed graph - part 2 : n 253 e 25734 - minD 36 maxD 205 smallD 0
bk took 2.76 seconds
round 19 : def separated 858 cuts in 2.7900 seconds. dual limit now: 1091.82 time: 40.050
resolving relaxation ... solved in 2.830 after adding cuts of pass 19. dual limit now 1092.28

verbose mode now 1.
pre-processed graph - part 1 : n 271 e 29458 - minD 40 maxD 205 smallD 0
Enumeration finished in 0.000 seconds. Found 0 violated cliques. Removed 0 nodes from graph.
pre-processed graph - part 2 : n 271 e 29458 - minD 40 maxD 205 smallD 0
bk took 5.36 seconds
round 20 : def separated 1495 cuts in 5.4000 seconds. dual limit now: 1092.28 time: 48.280
resolving relaxation ... solved in 4.610 after adding cuts of pass 20. dual limit now 1092.91

verbose mode now 1.
pre-processed graph - part 1 : n 290 e 33952 - minD 37 maxD 217 smallD 0
Enumeration finished in 0.000 seconds. Found 0 violated cliques. Removed 0 nodes from graph.
pre-processed graph - part 2 : n 290 e 33952 - minD 37 maxD 217 smallD 0
bk took 8.62 seconds
round 21 : def separated 2418 cuts in 8.7000 seconds. dual limit now: 1092.91 time: 61.590
resolving relaxation ... solved in 7.610 after adding cuts of pass 21. dual limit now 1093.43

verbose mode now 1.
pre-processed graph - part 1 : n 300 e 37592 - minD 41 maxD 228 smallD 0
Enumeration finished in 0.000 seconds. Found 0 violated cliques. Removed 0 nodes from graph.
pre-processed graph - part 2 : n 300 e 37592 - minD 41 maxD 228 smallD 0
bk took 20 seconds
running grasp
grasp ran in 1 seconds
grasp took 1.060 seconds.
round 22 : def separated 1570 cuts in 21.1200 seconds. dual limit now: 1093.43 time: 90.320
resolving relaxation ... solved in 9.470 after adding cuts of pass 22. dual limit now 1094.01

verbose mode now 1.
pre-processed graph - part 1 : n 302 e 37204 - minD 48 maxD 240 smallD 0
Enumeration finished in 0.000 seconds. Found 0 violated cliques. Removed 0 nodes from graph.
pre-processed graph - part 2 : n 302 e 37204 - minD 48 maxD 240 smallD 0
bk took 12.6 seconds
round 23 : def separated 1955 cuts in 12.6300 seconds. dual limit now: 1094.01 time: 112.420
resolving relaxation ... solved in 10.880 after adding cuts of pass 23. dual limit now 1094.72

verbose mode now 1.
pre-processed graph - part 1 : n 283 e 33020 - minD 41 maxD 240 smallD 0
Enumeration finished in 0.000 seconds. Found 0 violated cliques. Removed 0 nodes from graph.
pre-processed graph - part 2 : n 283 e 33020 - minD 41 maxD 240 smallD 0
bk took 5.66 seconds
round 24 : def separated 1078 cuts in 5.7000 seconds. dual limit now: 1094.72 time: 129.000
resolving relaxation ... solved in 10.000 after adding cuts of pass 24. dual limit now 1095.21

verbose mode now 1.
pre-processed graph - part 1 : n 289 e 34280 - minD 47 maxD 239 smallD 0
Enumeration finished in 0.000 seconds. Found 0 violated cliques. Removed 0 nodes from graph.
pre-processed graph - part 2 : n 289 e 34280 - minD 47 maxD 239 smallD 0
bk took 5.57 seconds
round 25 : def separated 1403 cuts in 5.6200 seconds. dual limit now: 1095.21 time: 144.620
resolving relaxation ... solved in 15.300 after adding cuts of pass 25. dual limit now 1095.71

verbose mode now 1.
pre-processed graph - part 1 : n 320 e 42618 - minD 43 maxD 255 smallD 0
Enumeration finished in 0.000 seconds. Found 0 violated cliques. Removed 0 nodes from graph.
pre-processed graph - part 2 : n 320 e 42618 - minD 43 maxD 255 smallD 0
bk took 20 seconds
running grasp
grasp ran in 1 seconds
grasp took 1.300 seconds.
round 26 : def separated 1210 cuts in 21.3500 seconds. dual limit now: 1095.71 time: 181.270
resolving relaxation ... solved in 15.390 after adding cuts of pass 26. dual limit now 1096.18

verbose mode now 1.
pre-processed graph - part 1 : n 294 e 35254 - minD 41 maxD 220 smallD 0
Enumeration finished in 0.000 seconds. Found 0 violated cliques. Removed 0 nodes from graph.
pre-processed graph - part 2 : n 294 e 35254 - minD 41 maxD 220 smallD 0
bk took 13.2 seconds
round 27 : def separated 1525 cuts in 13.2500 seconds. dual limit now: 1096.18 time: 209.910
resolving relaxation ... solved in 18.380 after adding cuts of pass 27. dual limit now 1096.94

verbose mode now 1.
pre-processed graph - part 1 : n 315 e 39946 - minD 48 maxD 253 smallD 0
Enumeration finished in 0.000 seconds. Found 0 violated cliques. Removed 0 nodes from graph.
pre-processed graph - part 2 : n 315 e 39946 - minD 48 maxD 253 smallD 0
bk took 16.8 seconds
round 28 : def separated 2071 cuts in 16.8800 seconds. dual limit now: 1096.94 time: 245.170
resolving relaxation ... solved in 20.220 after adding cuts of pass 28. dual limit now 1097.51

verbose mode now 1.
pre-processed graph - part 1 : n 337 e 46876 - minD 52 maxD 241 smallD 0
Enumeration finished in 0.000 seconds. Found 0 violated cliques. Removed 0 nodes from graph.
pre-processed graph - part 2 : n 337 e 46876 - minD 52 maxD 241 smallD 0
bk took 20 seconds
running grasp
grasp ran in 1 seconds
grasp took 1.220 seconds.
round 29 : def separated 1787 cuts in 21.3000 seconds. dual limit now: 1097.51 time: 286.690
resolving relaxation ... solved in 26.140 after adding cuts of pass 29. dual limit now 1098.09

verbose mode now 1.
pre-processed graph - part 1 : n 333 e 45768 - minD 39 maxD 271 smallD 0
Enumeration finished in 0.000 seconds. Found 0 violated cliques. Removed 0 nodes from graph.
pre-processed graph - part 2 : n 333 e 45768 - minD 39 maxD 271 smallD 0
bk took 20 seconds
running grasp
grasp ran in 1 seconds
grasp took 1.310 seconds.
round 30 : def separated 2915 cuts in 21.4500 seconds. dual limit now: 1098.09 time: 334.280
resolving relaxation ... solved in 33.410 after adding cuts of pass 30. dual limit now 1098.59

verbose mode now 1.
pre-processed graph - part 1 : n 347 e 48752 - minD 53 maxD 315 smallD 0
Enumeration finished in 0.000 seconds. Found 0 violated cliques. Removed 0 nodes from graph.
pre-processed graph - part 2 : n 347 e 48752 - minD 53 maxD 315 smallD 0
bk took 20 seconds
running grasp
grasp ran in 1 seconds
grasp took 1.350 seconds.
round 31 : def separated 1702 cuts in 21.4300 seconds. dual limit now: 1098.59 time: 389.120
resolving relaxation ... solved in 35.960 after adding cuts of pass 31. dual limit now 1099.07

verbose mode now 1.
pre-processed graph - part 1 : n 366 e 55606 - minD 52 maxD 293 smallD 0
Enumeration finished in 0.000 seconds. Found 0 violated cliques. Removed 0 nodes from graph.
pre-processed graph - part 2 : n 366 e 55606 - minD 52 maxD 293 smallD 0
bk took 20 seconds
running grasp
grasp ran in 1 seconds
grasp took 1.480 seconds.
round 32 : def separated 2179 cuts in 21.5900 seconds. dual limit now: 1099.07 time: 446.670
resolving relaxation ... solved in 39.450 after adding cuts of pass 32. dual limit now 1099.53

verbose mode now 1.
pre-processed graph - part 1 : n 355 e 53616 - minD 52 maxD 288 smallD 0
Enumeration finished in 0.000 seconds. Found 0 violated cliques. Removed 0 nodes from graph.
pre-processed graph - part 2 : n 355 e 53616 - minD 52 maxD 288 smallD 0
bk took 20 seconds
running grasp
grasp ran in 1 seconds
grasp took 1.670 seconds.
time limit reached. discarding cuts.
round 33 : def separated 0 cuts in 21.7200 seconds. dual limit now: 1099.53 time: 507.840

End of root node relaxation. Dual limit: 1099.53 time: 507.840 
