using at max 0 two mir passes.
using at max 0 gomory passes.
Coin0008I ex9 read with 0 errors
cbcroot: root node relaxation and clique cuts

loaded ex9 
	10404 variables (10404 integer) 40962 rows

osi_cgraph took 0.580 seconds.
Clique Separation Parameters:
	max depth         : 3
	max passes        : 9999
	minimum violation : 0.0200
	minimum frac. val : 0.0010
	extend cliques    : 0
	enum max. degree  : 10
	verbose           : 1
	maximum time bk   : 20
solving relaxation ... Initial dual bound 81
solved in 463.460
verbose mode now 1.
pre-processed graph - part 1 : n 1587 e 69260 - minD 6 maxD 71 smallD 19
Enumeration finished in 0.000 seconds. Found 0 violated cliques. Removed 19 nodes from graph.
pre-processed graph - part 2 : n 1568 e 69110 - minD 8 maxD 71 smallD 1
bk took 0.33 seconds
round 1 : def separated 0 cuts in 0.3400 seconds. dual limit now: 81 time: 463.800

End of root node relaxation. Dual limit: 81 time: 463.800 
