using at max 0 two mir passes.
using at max 0 gomory passes.
Coin0008I gmu-35-40 read with 0 errors
cbcroot: root node relaxation and clique cuts

loaded gmu-35-40 
	1205 variables (1200 integer) 424 rows

osi_cgraph took 0.010 seconds.
Clique Separation Parameters:
	max depth         : 3
	max passes        : 9999
	minimum violation : 0.0200
	minimum frac. val : 0.0010
	extend cliques    : 0
	enum max. degree  : 10
	verbose           : 1
	maximum time bk   : 20
solving relaxation ... Initial dual bound -2.40694e+06
solved in 0.010
verbose mode now 1.
pre-processed graph - part 1 : n 11 e 12 - minD 1 maxD 2 smallD 11
Enumeration finished in 0.000 seconds. Found 0 violated cliques. Removed 11 nodes from graph.
pre-processed graph - part 2 - no nodes left. all cliques have been enumerated.
round 1 : def separated 0 cuts in 0.0000 seconds. dual limit now: -2.40694e+06 time: 0.010

End of root node relaxation. Dual limit: -2.40694e+06 time: 0.010 
