using at max 0 two mir passes.
using at max 0 gomory passes.
Coin0008I m100n500k4r1 read with 0 errors
cbcroot: root node relaxation and clique cuts

loaded m100n500k4r1 
	500 variables (500 integer) 100 rows

osi_cgraph took 0.000 seconds.
Clique Separation Parameters:
	max depth         : 3
	max passes        : 9999
	minimum violation : 0.0200
	minimum frac. val : 0.0010
	extend cliques    : 0
	enum max. degree  : 10
	verbose           : 1
	maximum time bk   : 20
solving relaxation ... Initial dual bound -25
solved in 0.020
verbose mode now 1.
pre-processed graph - part 1 : n 100 e 1286 - minD 6 maxD 17 smallD 16
Enumeration finished in 0.000 seconds. Found 8 violated cliques. Removed 16 nodes from graph.
pre-processed graph - part 2 : n 84 e 1024 - minD 7 maxD 17 smallD 23
bk took 0 seconds
round 1 : def separated 12 cuts in 0.0000 seconds. dual limit now: -25 time: 0.020
resolving relaxation ... solved in 0.000 after adding cuts of pass 1. dual limit now -25

verbose mode now 1.
pre-processed graph - part 1 : n 110 e 1596 - minD 7 maxD 21 smallD 12
Enumeration finished in 0.000 seconds. Found 8 violated cliques. Removed 12 nodes from graph.
pre-processed graph - part 2 : n 98 e 1388 - minD 8 maxD 21 smallD 12
bk took 0.01 seconds
round 2 : def separated 12 cuts in 0.0100 seconds. dual limit now: -25 time: 0.030
resolving relaxation ... solved in 0.000 after adding cuts of pass 2. dual limit now -25

verbose mode now 1.
pre-processed graph - part 1 : n 116 e 1764 - minD 8 maxD 20 smallD 4
Enumeration finished in 0.000 seconds. Found 1 violated cliques. Removed 4 nodes from graph.
pre-processed graph - part 2 : n 112 e 1694 - minD 11 maxD 20 smallD 0
bk took 0 seconds
round 3 : def separated 7 cuts in 0.0000 seconds. dual limit now: -25 time: 0.030
resolving relaxation ... solved in 0.000 after adding cuts of pass 3. dual limit now -25

verbose mode now 1.
pre-processed graph - part 1 : n 123 e 2012 - minD 10 maxD 22 smallD 1
Enumeration finished in 0.000 seconds. Found 0 violated cliques. Removed 1 nodes from graph.
pre-processed graph - part 2 : n 122 e 1992 - minD 10 maxD 22 smallD 1
bk took 0.01 seconds
round 4 : def separated 3 cuts in 0.0100 seconds. dual limit now: -25 time: 0.040
resolving relaxation ... solved in 0.000 after adding cuts of pass 4. dual limit now -25

verbose mode now 1.
pre-processed graph - part 1 : n 120 e 1888 - minD 10 maxD 22 smallD 2
Enumeration finished in 0.000 seconds. Found 0 violated cliques. Removed 2 nodes from graph.
pre-processed graph - part 2 : n 118 e 1848 - minD 10 maxD 22 smallD 1
bk took 0 seconds
round 5 : def separated 2 cuts in 0.0000 seconds. dual limit now: -25 time: 0.040
resolving relaxation ... solved in 0.000 after adding cuts of pass 5. dual limit now -25

verbose mode now 1.
pre-processed graph - part 1 : n 119 e 1860 - minD 10 maxD 23 smallD 2
Enumeration finished in 0.000 seconds. Found 0 violated cliques. Removed 2 nodes from graph.
pre-processed graph - part 2 : n 117 e 1820 - minD 10 maxD 23 smallD 1
bk took 0.01 seconds
round 6 : def separated 1 cuts in 0.0100 seconds. dual limit now: -25 time: 0.050
resolving relaxation ... solved in 0.000 after adding cuts of pass 6. dual limit now -25

verbose mode now 1.
pre-processed graph - part 1 : n 120 e 1902 - minD 10 maxD 24 smallD 2
Enumeration finished in 0.000 seconds. Found 0 violated cliques. Removed 2 nodes from graph.
pre-processed graph - part 2 : n 118 e 1862 - minD 10 maxD 24 smallD 1
bk took 0 seconds
round 7 : def separated 0 cuts in 0.0000 seconds. dual limit now: -25 time: 0.050

End of root node relaxation. Dual limit: -25 time: 0.050 
