using at max 0 two mir passes.
using at max 0 gomory passes.
Coin0008I mcsched read with 0 errors
cbcroot: root node relaxation and clique cuts

loaded mcsched 
	1747 variables (1745 integer) 2107 rows

osi_cgraph took 0.000 seconds.
Clique Separation Parameters:
	max depth         : 3
	max passes        : 9999
	minimum violation : 0.0200
	minimum frac. val : 0.0010
	extend cliques    : 0
	enum max. degree  : 10
	verbose           : 1
	maximum time bk   : 20
solving relaxation ... Initial dual bound 193775
solved in 0.350
verbose mode now 1.
pre-processed graph - part 1 : n 1397 e 2922 - minD 0 maxD 4 smallD 1397
Enumeration finished in 0.000 seconds. Found 0 violated cliques. Removed 1397 nodes from graph.
pre-processed graph - part 2 - no nodes left. all cliques have been enumerated.
round 1 : def separated 0 cuts in 0.0000 seconds. dual limit now: 193775 time: 0.350

End of root node relaxation. Dual limit: 193775 time: 0.350 
