using at max 0 two mir passes.
using at max 0 gomory passes.
Coin0008I msc98-ip read with 0 errors
cbcroot: root node relaxation and clique cuts

loaded msc98-ip 
	21143 variables (20290 integer) 15850 rows

osi_cgraph took 0.010 seconds.
Clique Separation Parameters:
	max depth         : 3
	max passes        : 9999
	minimum violation : 0.0200
	minimum frac. val : 0.0010
	extend cliques    : 0
	enum max. degree  : 10
	verbose           : 1
	maximum time bk   : 20
solving relaxation ... Initial dual bound 1.9521e+07
solved in 34.350
verbose mode now 1.
pre-processed graph - part 1 : n 626 e 1058 - minD 0 maxD 23 smallD 624
Enumeration finished in 0.000 seconds. Found 19 violated cliques. Removed 624 nodes from graph.
pre-processed graph - part 2 : n 2 e 0 - minD 0 maxD 0 smallD 2
bk took 0 seconds
round 1 : def separated 19 cuts in 0.0000 seconds. dual limit now: 1.9521e+07 time: 34.350
resolving relaxation ... solved in 8.100 after adding cuts of pass 1. dual limit now 1.9526e+07

verbose mode now 1.
pre-processed graph - part 1 : n 521 e 892 - minD 0 maxD 17 smallD 519
Enumeration finished in 0.000 seconds. Found 3 violated cliques. Removed 519 nodes from graph.
pre-processed graph - part 2 : n 2 e 0 - minD 0 maxD 0 smallD 2
bk took 0 seconds
round 2 : def separated 3 cuts in 0.0100 seconds. dual limit now: 1.9526e+07 time: 42.460
resolving relaxation ... solved in 8.310 after adding cuts of pass 2. dual limit now 1.9526e+07

verbose mode now 1.
pre-processed graph - part 1 : n 509 e 850 - minD 0 maxD 14 smallD 508
Enumeration finished in 0.000 seconds. Found 1 violated cliques. Removed 508 nodes from graph.
pre-processed graph - part 2 : n 1 e 0 - minD 0 maxD 0 smallD 1
round 3 : def separated 1 cuts in 0.0000 seconds. dual limit now: 1.9526e+07 time: 50.770
resolving relaxation ... solved in 8.100 after adding cuts of pass 3. dual limit now 1.9526e+07

verbose mode now 1.
pre-processed graph - part 1 : n 521 e 898 - minD 0 maxD 18 smallD 519
Enumeration finished in 0.000 seconds. Found 1 violated cliques. Removed 519 nodes from graph.
pre-processed graph - part 2 : n 2 e 0 - minD 0 maxD 0 smallD 2
bk took 0 seconds
round 4 : def separated 1 cuts in 0.0100 seconds. dual limit now: 1.9526e+07 time: 58.880
resolving relaxation ... solved in 8.250 after adding cuts of pass 4. dual limit now 1.9526e+07

verbose mode now 1.
pre-processed graph - part 1 : n 522 e 906 - minD 0 maxD 17 smallD 520
Enumeration finished in 0.000 seconds. Found 0 violated cliques. Removed 520 nodes from graph.
pre-processed graph - part 2 : n 2 e 0 - minD 0 maxD 0 smallD 2
bk took 0 seconds
round 5 : def separated 0 cuts in 0.0100 seconds. dual limit now: 1.9526e+07 time: 67.140

End of root node relaxation. Dual limit: 1.9526e+07 time: 67.140 
