using at max 0 two mir passes.
using at max 0 gomory passes.
Coin0008I mspp16 read with 0 errors
cbcroot: root node relaxation and clique cuts

loaded mspp16 
	29280 variables (29280 integer) 561657 rows

osi_cgraph took 8.520 seconds.
Clique Separation Parameters:
	max depth         : 3
	max passes        : 9999
	minimum violation : 0.0200
	minimum frac. val : 0.0010
	extend cliques    : 0
	enum max. degree  : 10
	verbose           : 1
	maximum time bk   : 20
solving relaxation ... Initial dual bound 341
solved in 20.620
verbose mode now 1.
pre-processed graph - part 1 : n 7 e 10 - minD 1 maxD 2 smallD 7
Enumeration finished in 0.000 seconds. Found 0 violated cliques. Removed 7 nodes from graph.
pre-processed graph - part 2 - no nodes left. all cliques have been enumerated.
round 1 : def separated 0 cuts in 0.0000 seconds. dual limit now: 341 time: 20.620

End of root node relaxation. Dual limit: 341 time: 20.620 
