using at max 0 two mir passes.
using at max 0 gomory passes.
Coin0008I mzzv11 read with 0 errors
cbcroot: root node relaxation and clique cuts

loaded mzzv11 
	10240 variables (10240 integer) 9499 rows

osi_cgraph took 0.230 seconds.
Clique Separation Parameters:
	max depth         : 3
	max passes        : 9999
	minimum violation : 0.0200
	minimum frac. val : 0.0010
	extend cliques    : 0
	enum max. degree  : 10
	verbose           : 1
	maximum time bk   : 20
solving relaxation ... Initial dual bound -22945.2
solved in 113.620
verbose mode now 1.
pre-processed graph - part 1 : n 1150 e 7132 - minD 0 maxD 32 smallD 914
Enumeration finished in 1.240 seconds. Found 26 violated cliques. Removed 914 nodes from graph.
pre-processed graph - part 2 : n 236 e 3260 - minD 0 maxD 29 smallD 60
bk took 0.01 seconds
round 1 : def separated 60 cuts in 1.2500 seconds. dual limit now: -22945.2 time: 114.870
resolving relaxation ... solved in 5.320 after adding cuts of pass 1. dual limit now -22825.6

verbose mode now 1.
pre-processed graph - part 1 : n 1055 e 5714 - minD 0 maxD 28 smallD 874
Enumeration finished in 0.700 seconds. Found 21 violated cliques. Removed 874 nodes from graph.
pre-processed graph - part 2 : n 181 e 2400 - minD 1 maxD 25 smallD 44
bk took 0 seconds
round 2 : def separated 61 cuts in 0.7000 seconds. dual limit now: -22825.6 time: 120.890
resolving relaxation ... solved in 2.840 after adding cuts of pass 2. dual limit now -22804.4

verbose mode now 1.
pre-processed graph - part 1 : n 989 e 5136 - minD 0 maxD 29 smallD 830
Enumeration finished in 0.540 seconds. Found 23 violated cliques. Removed 830 nodes from graph.
pre-processed graph - part 2 : n 159 e 1930 - minD 1 maxD 26 smallD 65
bk took 0.01 seconds
round 3 : def separated 48 cuts in 0.5500 seconds. dual limit now: -22804.4 time: 124.280
resolving relaxation ... solved in 2.290 after adding cuts of pass 3. dual limit now -22799.3

verbose mode now 1.
pre-processed graph - part 1 : n 960 e 4608 - minD 0 maxD 24 smallD 836
Enumeration finished in 0.110 seconds. Found 13 violated cliques. Removed 836 nodes from graph.
pre-processed graph - part 2 : n 124 e 1568 - minD 0 maxD 20 smallD 48
bk took 0.01 seconds
round 4 : def separated 33 cuts in 0.1200 seconds. dual limit now: -22799.3 time: 126.690
resolving relaxation ... solved in 0.330 after adding cuts of pass 4. dual limit now -22795.6

verbose mode now 1.
pre-processed graph - part 1 : n 971 e 4838 - minD 0 maxD 24 smallD 832
Enumeration finished in 0.380 seconds. Found 9 violated cliques. Removed 832 nodes from graph.
pre-processed graph - part 2 : n 139 e 1822 - minD 0 maxD 22 smallD 50
bk took 0 seconds
round 5 : def separated 27 cuts in 0.3800 seconds. dual limit now: -22795.6 time: 127.400
resolving relaxation ... solved in 1.350 after adding cuts of pass 5. dual limit now -22788.6

verbose mode now 1.
pre-processed graph - part 1 : n 965 e 5066 - minD 0 maxD 27 smallD 825
Enumeration finished in 0.030 seconds. Found 15 violated cliques. Removed 825 nodes from graph.
pre-processed graph - part 2 : n 140 e 2220 - minD 3 maxD 25 smallD 38
bk took 0.01 seconds
round 6 : def separated 40 cuts in 0.0400 seconds. dual limit now: -22788.6 time: 128.790
resolving relaxation ... solved in 2.090 after adding cuts of pass 6. dual limit now -22784.4

verbose mode now 1.
pre-processed graph - part 1 : n 991 e 5412 - minD 0 maxD 30 smallD 844
Enumeration finished in 10.720 seconds. Found 15 violated cliques. Removed 844 nodes from graph.
pre-processed graph - part 2 : n 147 e 2276 - minD 0 maxD 25 smallD 34
bk took 0.01 seconds
round 7 : def separated 30 cuts in 10.7300 seconds. dual limit now: -22784.4 time: 141.610
resolving relaxation ... solved in 1.270 after adding cuts of pass 7. dual limit now -22782.4

verbose mode now 1.
pre-processed graph - part 1 : n 919 e 4802 - minD 0 maxD 37 smallD 767
Enumeration finished in 3.090 seconds. Found 13 violated cliques. Removed 767 nodes from graph.
pre-processed graph - part 2 : n 152 e 2404 - minD 1 maxD 34 smallD 37
bk took 0.01 seconds
round 8 : def separated 27 cuts in 3.1100 seconds. dual limit now: -22782.4 time: 145.990
resolving relaxation ... solved in 1.370 after adding cuts of pass 8. dual limit now -22781.2

verbose mode now 1.
pre-processed graph - part 1 : n 941 e 5076 - minD 0 maxD 30 smallD 779
Enumeration finished in 11.900 seconds. Found 6 violated cliques. Removed 779 nodes from graph.
pre-processed graph - part 2 : n 162 e 2442 - minD 1 maxD 26 smallD 33
bk took 0 seconds
round 9 : def separated 18 cuts in 11.9100 seconds. dual limit now: -22781.2 time: 159.270
resolving relaxation ... solved in 0.960 after adding cuts of pass 9. dual limit now -22780.4

verbose mode now 1.
pre-processed graph - part 1 : n 990 e 5582 - minD 0 maxD 30 smallD 809
Enumeration finished in 0.370 seconds. Found 12 violated cliques. Removed 809 nodes from graph.
pre-processed graph - part 2 : n 181 e 2740 - minD 1 maxD 27 smallD 42
bk took 0.01 seconds
round 10 : def separated 40 cuts in 0.3800 seconds. dual limit now: -22780.4 time: 160.610
resolving relaxation ... solved in 0.810 after adding cuts of pass 10. dual limit now -22777.6

verbose mode now 1.
pre-processed graph - part 1 : n 974 e 4802 - minD 0 maxD 26 smallD 807
Enumeration finished in 0.750 seconds. Found 7 violated cliques. Removed 807 nodes from graph.
pre-processed graph - part 2 : n 167 e 1962 - minD 1 maxD 22 smallD 58
bk took 0 seconds
round 11 : def separated 23 cuts in 0.7600 seconds. dual limit now: -22777.6 time: 162.180
resolving relaxation ... solved in 0.560 after adding cuts of pass 11. dual limit now -22776.5

verbose mode now 1.
pre-processed graph - part 1 : n 974 e 5024 - minD 0 maxD 33 smallD 830
Enumeration finished in 0.760 seconds. Found 3 violated cliques. Removed 830 nodes from graph.
pre-processed graph - part 2 : n 144 e 2102 - minD 0 maxD 26 smallD 36
bk took 0.01 seconds
round 12 : def separated 17 cuts in 0.7700 seconds. dual limit now: -22776.5 time: 163.510
resolving relaxation ... solved in 0.530 after adding cuts of pass 12. dual limit now -22775.4

verbose mode now 1.
pre-processed graph - part 1 : n 879 e 3526 - minD 0 maxD 23 smallD 788
Enumeration finished in 1.120 seconds. Found 5 violated cliques. Removed 788 nodes from graph.
pre-processed graph - part 2 : n 91 e 912 - minD 0 maxD 18 smallD 45
bk took 0 seconds
round 13 : def separated 11 cuts in 1.1200 seconds. dual limit now: -22775.4 time: 165.160
resolving relaxation ... solved in 0.430 after adding cuts of pass 13. dual limit now -22775

verbose mode now 1.
pre-processed graph - part 1 : n 1074 e 6290 - minD 0 maxD 30 smallD 876
Enumeration finished in 0.660 seconds. Found 3 violated cliques. Removed 876 nodes from graph.
pre-processed graph - part 2 : n 198 e 2806 - minD 1 maxD 28 smallD 65
bk took 0.01 seconds
round 14 : def separated 29 cuts in 0.6700 seconds. dual limit now: -22775 time: 166.260
resolving relaxation ... solved in 0.400 after adding cuts of pass 14. dual limit now -22774.7

verbose mode now 1.
pre-processed graph - part 1 : n 980 e 4942 - minD 0 maxD 31 smallD 832
Enumeration finished in 0.780 seconds. Found 1 violated cliques. Removed 832 nodes from graph.
pre-processed graph - part 2 : n 148 e 1850 - minD 1 maxD 29 smallD 63
bk took 0.01 seconds
round 15 : def separated 18 cuts in 0.7900 seconds. dual limit now: -22774.7 time: 167.450
resolving relaxation ... solved in 0.350 after adding cuts of pass 15. dual limit now -22774.7

verbose mode now 1.
pre-processed graph - part 1 : n 1000 e 5142 - minD 0 maxD 32 smallD 844
Enumeration finished in 0.920 seconds. Found 3 violated cliques. Removed 844 nodes from graph.
pre-processed graph - part 2 : n 156 e 2002 - minD 1 maxD 31 smallD 69
bk took 0.01 seconds
round 16 : def separated 27 cuts in 0.9300 seconds. dual limit now: -22774.7 time: 168.730
resolving relaxation ... solved in 0.160 after adding cuts of pass 16. dual limit now -22774.7

verbose mode now 1.
pre-processed graph - part 1 : n 1008 e 5548 - minD 0 maxD 37 smallD 850
Enumeration finished in 0.800 seconds. Found 2 violated cliques. Removed 850 nodes from graph.
pre-processed graph - part 2 : n 158 e 2332 - minD 2 maxD 36 smallD 63
bk took 0 seconds
round 17 : def separated 28 cuts in 0.8000 seconds. dual limit now: -22774.7 time: 169.690
resolving relaxation ... solved in 0.520 after adding cuts of pass 17. dual limit now -22774.7

verbose mode now 1.
pre-processed graph - part 1 : n 997 e 5416 - minD 0 maxD 32 smallD 829
Enumeration finished in 0.910 seconds. Found 2 violated cliques. Removed 829 nodes from graph.
pre-processed graph - part 2 : n 168 e 2284 - minD 2 maxD 31 smallD 65
bk took 0 seconds
round 18 : def separated 19 cuts in 0.9200 seconds. dual limit now: -22774.7 time: 171.130
resolving relaxation ... solved in 0.450 after adding cuts of pass 18. dual limit now -22774.7

verbose mode now 1.
pre-processed graph - part 1 : n 1094 e 7168 - minD 0 maxD 44 smallD 887
Enumeration finished in 12.420 seconds. Found 2 violated cliques. Removed 887 nodes from graph.
pre-processed graph - part 2 : n 207 e 3474 - minD 0 maxD 42 smallD 69
bk took 0.01 seconds
round 19 : def separated 28 cuts in 12.4300 seconds. dual limit now: -22774.7 time: 184.010
resolving relaxation ... solved in 0.290 after adding cuts of pass 19. dual limit now -22774.4

verbose mode now 1.
pre-processed graph - part 1 : n 1072 e 6792 - minD 0 maxD 40 smallD 867
Enumeration finished in 12.050 seconds. Found 0 violated cliques. Removed 867 nodes from graph.
pre-processed graph - part 2 : n 205 e 3332 - minD 0 maxD 37 smallD 54
bk took 0.01 seconds
round 20 : def separated 20 cuts in 12.0600 seconds. dual limit now: -22774.4 time: 196.360
resolving relaxation ... solved in 0.220 after adding cuts of pass 20. dual limit now -22774.4

verbose mode now 1.
pre-processed graph - part 1 : n 1069 e 6460 - minD 0 maxD 33 smallD 861
Enumeration finished in 10.610 seconds. Found 0 violated cliques. Removed 861 nodes from graph.
pre-processed graph - part 2 : n 208 e 3078 - minD 1 maxD 30 smallD 67
bk took 0 seconds
round 21 : def separated 19 cuts in 10.6200 seconds. dual limit now: -22774.4 time: 207.200
resolving relaxation ... solved in 0.440 after adding cuts of pass 21. dual limit now -22774.4

verbose mode now 1.
pre-processed graph - part 1 : n 1087 e 6890 - minD 0 maxD 36 smallD 861
Enumeration finished in 10.560 seconds. Found 4 violated cliques. Removed 861 nodes from graph.
pre-processed graph - part 2 : n 226 e 3558 - minD 1 maxD 34 smallD 50
bk took 0.01 seconds
round 22 : def separated 21 cuts in 10.5700 seconds. dual limit now: -22774.4 time: 218.210
resolving relaxation ... solved in 0.390 after adding cuts of pass 22. dual limit now -22774.4

verbose mode now 1.
pre-processed graph - part 1 : n 1091 e 7036 - minD 0 maxD 43 smallD 880
Enumeration finished in 11.080 seconds. Found 2 violated cliques. Removed 880 nodes from graph.
pre-processed graph - part 2 : n 211 e 3538 - minD 1 maxD 41 smallD 68
bk took 0 seconds
round 23 : def separated 18 cuts in 11.1000 seconds. dual limit now: -22774.4 time: 229.700
resolving relaxation ... solved in 0.550 after adding cuts of pass 23. dual limit now -22774.4

verbose mode now 1.
pre-processed graph - part 1 : n 1076 e 6410 - minD 0 maxD 34 smallD 875
Enumeration finished in 10.690 seconds. Found 2 violated cliques. Removed 875 nodes from graph.
pre-processed graph - part 2 : n 201 e 3020 - minD 1 maxD 33 smallD 64
bk took 0.01 seconds
round 24 : def separated 11 cuts in 10.7000 seconds. dual limit now: -22774.4 time: 240.950
resolving relaxation ... solved in 0.370 after adding cuts of pass 24. dual limit now -22774.4

verbose mode now 1.
pre-processed graph - part 1 : n 1060 e 6018 - minD 0 maxD 31 smallD 868
Enumeration finished in 10.560 seconds. Found 0 violated cliques. Removed 868 nodes from graph.
pre-processed graph - part 2 : n 192 e 2668 - minD 1 maxD 27 smallD 60
bk took 0.01 seconds
round 25 : def separated 9 cuts in 10.5700 seconds. dual limit now: -22774.4 time: 251.890
resolving relaxation ... solved in 0.520 after adding cuts of pass 25. dual limit now -22774.4

verbose mode now 1.
pre-processed graph - part 1 : n 1042 e 5946 - minD 0 maxD 29 smallD 843
Enumeration finished in 10.910 seconds. Found 0 violated cliques. Removed 843 nodes from graph.
pre-processed graph - part 2 : n 199 e 2752 - minD 1 maxD 25 smallD 59
bk took 0 seconds
round 26 : def separated 9 cuts in 10.9100 seconds. dual limit now: -22774.4 time: 263.320
resolving relaxation ... solved in 0.390 after adding cuts of pass 26. dual limit now -22774.4

verbose mode now 1.
pre-processed graph - part 1 : n 1017 e 5378 - minD 0 maxD 29 smallD 848
Enumeration finished in 10.430 seconds. Found 0 violated cliques. Removed 848 nodes from graph.
pre-processed graph - part 2 : n 169 e 2246 - minD 1 maxD 25 smallD 58
bk took 0.01 seconds
round 27 : def separated 8 cuts in 10.4400 seconds. dual limit now: -22774.4 time: 274.150
resolving relaxation ... solved in 0.340 after adding cuts of pass 27. dual limit now -22774.4

verbose mode now 1.
pre-processed graph - part 1 : n 988 e 4782 - minD 0 maxD 29 smallD 848
Enumeration finished in 11.020 seconds. Found 1 violated cliques. Removed 848 nodes from graph.
pre-processed graph - part 2 : n 140 e 1686 - minD 0 maxD 25 smallD 62
bk took 0 seconds
round 28 : def separated 4 cuts in 11.0300 seconds. dual limit now: -22774.4 time: 285.520
resolving relaxation ... solved in 0.520 after adding cuts of pass 28. dual limit now -22774.4

verbose mode now 1.
pre-processed graph - part 1 : n 1056 e 5988 - minD 0 maxD 29 smallD 855
Enumeration finished in 10.420 seconds. Found 0 violated cliques. Removed 855 nodes from graph.
pre-processed graph - part 2 : n 201 e 2724 - minD 1 maxD 25 smallD 58
bk took 0 seconds
round 29 : def separated 6 cuts in 10.4200 seconds. dual limit now: -22774.4 time: 296.460
resolving relaxation ... solved in 0.400 after adding cuts of pass 29. dual limit now -22774.4

verbose mode now 1.
pre-processed graph - part 1 : n 1053 e 5870 - minD 0 maxD 29 smallD 860
Enumeration finished in 10.380 seconds. Found 0 violated cliques. Removed 860 nodes from graph.
pre-processed graph - part 2 : n 193 e 2652 - minD 1 maxD 25 smallD 56
bk took 0.01 seconds
round 30 : def separated 7 cuts in 10.3900 seconds. dual limit now: -22774.4 time: 307.250
resolving relaxation ... solved in 0.270 after adding cuts of pass 30. dual limit now -22774.4

verbose mode now 1.
pre-processed graph - part 1 : n 1070 e 6082 - minD 0 maxD 29 smallD 872
Enumeration finished in 11.850 seconds. Found 0 violated cliques. Removed 872 nodes from graph.
pre-processed graph - part 2 : n 198 e 2740 - minD 1 maxD 25 smallD 57
bk took 0.01 seconds
round 31 : def separated 7 cuts in 11.8600 seconds. dual limit now: -22774.4 time: 319.380
resolving relaxation ... solved in 0.390 after adding cuts of pass 31. dual limit now -22774.4

verbose mode now 1.
pre-processed graph - part 1 : n 1052 e 5484 - minD 0 maxD 29 smallD 882
Enumeration finished in 10.960 seconds. Found 0 violated cliques. Removed 882 nodes from graph.
pre-processed graph - part 2 : n 170 e 2146 - minD 1 maxD 25 smallD 71
bk took 0.01 seconds
round 32 : def separated 7 cuts in 10.9700 seconds. dual limit now: -22774.4 time: 330.740
resolving relaxation ... solved in 0.350 after adding cuts of pass 32. dual limit now -22774.4

verbose mode now 1.
pre-processed graph - part 1 : n 1068 e 5978 - minD 0 maxD 31 smallD 882
Enumeration finished in 10.730 seconds. Found 0 violated cliques. Removed 882 nodes from graph.
pre-processed graph - part 2 : n 186 e 2586 - minD 1 maxD 27 smallD 60
bk took 0 seconds
round 33 : def separated 5 cuts in 10.7300 seconds. dual limit now: -22774.4 time: 341.820
resolving relaxation ... solved in 0.420 after adding cuts of pass 33. dual limit now -22774.4

verbose mode now 1.
pre-processed graph - part 1 : n 1060 e 5742 - minD 0 maxD 29 smallD 879
Enumeration finished in 12.340 seconds. Found 2 violated cliques. Removed 879 nodes from graph.
pre-processed graph - part 2 : n 181 e 2346 - minD 1 maxD 25 smallD 60
bk took 0.01 seconds
round 34 : def separated 8 cuts in 12.3500 seconds. dual limit now: -22774.4 time: 354.590
resolving relaxation ... solved in 0.340 after adding cuts of pass 34. dual limit now -22774.4

verbose mode now 1.
pre-processed graph - part 1 : n 1060 e 5948 - minD 0 maxD 29 smallD 874
Enumeration finished in 10.520 seconds. Found 0 violated cliques. Removed 874 nodes from graph.
pre-processed graph - part 2 : n 186 e 2524 - minD 1 maxD 26 smallD 69
bk took 0 seconds
round 35 : def separated 7 cuts in 10.5200 seconds. dual limit now: -22774.4 time: 365.450
resolving relaxation ... solved in 0.210 after adding cuts of pass 35. dual limit now -22774.4

verbose mode now 1.
pre-processed graph - part 1 : n 1064 e 5874 - minD 0 maxD 29 smallD 875
Enumeration finished in 10.890 seconds. Found 0 violated cliques. Removed 875 nodes from graph.
pre-processed graph - part 2 : n 189 e 2428 - minD 1 maxD 25 smallD 67
bk took 0.01 seconds
round 36 : def separated 7 cuts in 10.9000 seconds. dual limit now: -22774.4 time: 376.560
resolving relaxation ... solved in 0.090 after adding cuts of pass 36. dual limit now -22774.4

verbose mode now 1.
pre-processed graph - part 1 : n 1078 e 6262 - minD 0 maxD 29 smallD 875
Enumeration finished in 11.170 seconds. Found 0 violated cliques. Removed 875 nodes from graph.
pre-processed graph - part 2 : n 203 e 2818 - minD 1 maxD 25 smallD 61
bk took 0 seconds
round 37 : def separated 8 cuts in 11.1800 seconds. dual limit now: -22774.4 time: 387.830
resolving relaxation ... solved in 0.340 after adding cuts of pass 37. dual limit now -22774.4

verbose mode now 1.
pre-processed graph - part 1 : n 1063 e 5838 - minD 0 maxD 29 smallD 872
Enumeration finished in 10.700 seconds. Found 0 violated cliques. Removed 872 nodes from graph.
pre-processed graph - part 2 : n 191 e 2470 - minD 1 maxD 25 smallD 68
bk took 0 seconds
round 38 : def separated 7 cuts in 10.7200 seconds. dual limit now: -22774.4 time: 398.890
resolving relaxation ... solved in 0.140 after adding cuts of pass 38. dual limit now -22774.4

verbose mode now 1.
pre-processed graph - part 1 : n 1083 e 6374 - minD 0 maxD 31 smallD 875
Enumeration finished in 10.770 seconds. Found 0 violated cliques. Removed 875 nodes from graph.
pre-processed graph - part 2 : n 208 e 2936 - minD 1 maxD 28 smallD 70
bk took 0.01 seconds
round 39 : def separated 6 cuts in 10.7800 seconds. dual limit now: -22774.4 time: 409.810
resolving relaxation ... solved in 0.060 after adding cuts of pass 39. dual limit now -22774.4

verbose mode now 1.
pre-processed graph - part 1 : n 1095 e 6948 - minD 0 maxD 34 smallD 871
Enumeration finished in 12.030 seconds. Found 0 violated cliques. Removed 871 nodes from graph.
pre-processed graph - part 2 : n 224 e 3510 - minD 1 maxD 32 smallD 71
bk took 0 seconds
round 40 : def separated 7 cuts in 12.0400 seconds. dual limit now: -22774.4 time: 421.910
resolving relaxation ... solved in 0.480 after adding cuts of pass 40. dual limit now -22774.4

verbose mode now 1.
pre-processed graph - part 1 : n 1057 e 5622 - minD 0 maxD 29 smallD 872
Enumeration finished in 10.470 seconds. Found 0 violated cliques. Removed 872 nodes from graph.
pre-processed graph - part 2 : n 185 e 2310 - minD 1 maxD 25 smallD 73
bk took 0.01 seconds
round 41 : def separated 3 cuts in 10.4800 seconds. dual limit now: -22774.4 time: 432.870
resolving relaxation ... solved in 0.510 after adding cuts of pass 41. dual limit now -22774.4

verbose mode now 1.
pre-processed graph - part 1 : n 1088 e 6248 - minD 0 maxD 32 smallD 891
Enumeration finished in 11.840 seconds. Found 1 violated cliques. Removed 891 nodes from graph.
pre-processed graph - part 2 : n 197 e 2690 - minD 1 maxD 29 smallD 64
bk took 0.01 seconds
round 42 : def separated 4 cuts in 11.8500 seconds. dual limit now: -22774.4 time: 445.230
resolving relaxation ... solved in 0.120 after adding cuts of pass 42. dual limit now -22774.4

verbose mode now 1.
pre-processed graph - part 1 : n 1090 e 6522 - minD 0 maxD 33 smallD 871
Enumeration finished in 10.670 seconds. Found 0 violated cliques. Removed 871 nodes from graph.
pre-processed graph - part 2 : n 219 e 3096 - minD 1 maxD 31 smallD 71
bk took 0 seconds
round 43 : def separated 4 cuts in 10.6800 seconds. dual limit now: -22774.4 time: 456.030
resolving relaxation ... solved in 0.080 after adding cuts of pass 43. dual limit now -22774.4

verbose mode now 1.
pre-processed graph - part 1 : n 1088 e 6548 - minD 0 maxD 34 smallD 877
Enumeration finished in 11.910 seconds. Found 0 violated cliques. Removed 877 nodes from graph.
pre-processed graph - part 2 : n 211 e 2982 - minD 0 maxD 31 smallD 72
bk took 0 seconds
round 44 : def separated 4 cuts in 11.9200 seconds. dual limit now: -22774.4 time: 468.030
resolving relaxation ... solved in 0.160 after adding cuts of pass 44. dual limit now -22774.4

verbose mode now 1.
pre-processed graph - part 1 : n 1090 e 6828 - minD 0 maxD 36 smallD 867
Enumeration finished in 10.580 seconds. Found 0 violated cliques. Removed 867 nodes from graph.
pre-processed graph - part 2 : n 223 e 3350 - minD 1 maxD 34 smallD 73
bk took 0.02 seconds
round 45 : def separated 4 cuts in 10.6000 seconds. dual limit now: -22774.4 time: 478.790
resolving relaxation ... solved in 0.090 after adding cuts of pass 45. dual limit now -22774.4

verbose mode now 1.
pre-processed graph - part 1 : n 1091 e 6772 - minD 0 maxD 36 smallD 871
Enumeration finished in 11.790 seconds. Found 1 violated cliques. Removed 871 nodes from graph.
pre-processed graph - part 2 : n 220 e 3266 - minD 1 maxD 34 smallD 73
bk took 0 seconds
round 46 : def separated 5 cuts in 11.8100 seconds. dual limit now: -22774.4 time: 490.690
resolving relaxation ... solved in 0.200 after adding cuts of pass 46. dual limit now -22774.4

verbose mode now 1.
pre-processed graph - part 1 : n 1090 e 6740 - minD 0 maxD 37 smallD 882
Enumeration finished in 10.400 seconds. Found 0 violated cliques. Removed 882 nodes from graph.
pre-processed graph - part 2 : n 208 e 3206 - minD 1 maxD 35 smallD 61
bk took 0.01 seconds
time limit reached. discarding cuts.
round 47 : def separated 0 cuts in 10.4100 seconds. dual limit now: -22774.4 time: 501.300

End of root node relaxation. Dual limit: -22774.4 time: 501.300 
