using at max 0 two mir passes.
using at max 0 gomory passes.
Coin0008I n3seq24 read with 0 errors
cbcroot: root node relaxation and clique cuts

loaded n3seq24 
	119856 variables (119856 integer) 6044 rows

osi_cgraph took 6.420 seconds.
Clique Separation Parameters:
	max depth         : 3
	max passes        : 9999
	minimum violation : 0.0200
	minimum frac. val : 0.0010
	extend cliques    : 0
	enum max. degree  : 10
	verbose           : 1
	maximum time bk   : 20
solving relaxation ... Initial dual bound 52000
solved in 2.040
verbose mode now 1.
pre-processed graph - part 1 : n 118 e 110 - minD 0 maxD 2 smallD 118
Enumeration finished in 0.000 seconds. Found 0 violated cliques. Removed 118 nodes from graph.
pre-processed graph - part 2 - no nodes left. all cliques have been enumerated.
round 1 : def separated 0 cuts in 0.0100 seconds. dual limit now: 52000 time: 2.050

End of root node relaxation. Dual limit: 52000 time: 2.050 
