using at max 0 two mir passes.
using at max 0 gomory passes.
Coin0008I neos-476283 read with 0 errors
cbcroot: root node relaxation and clique cuts

loaded neos-476283 
	11915 variables (5588 integer) 10015 rows

osi_cgraph took 0.110 seconds.
Clique Separation Parameters:
	max depth         : 3
	max passes        : 9999
	minimum violation : 0.0200
	minimum frac. val : 0.0010
	extend cliques    : 0
	enum max. degree  : 10
	verbose           : 1
	maximum time bk   : 20
solving relaxation ... Initial dual bound 406.245
solved in 13.280
verbose mode now 1.
pre-processed graph - part 1 : n 56 e 72 - minD 0 maxD 3 smallD 56
Enumeration finished in 0.000 seconds. Found 0 violated cliques. Removed 56 nodes from graph.
pre-processed graph - part 2 - no nodes left. all cliques have been enumerated.
round 1 : def separated 0 cuts in 0.0000 seconds. dual limit now: 406.245 time: 13.280

End of root node relaxation. Dual limit: 406.245 time: 13.280 
