using at max 0 two mir passes.
using at max 0 gomory passes.
Coin0008I neos18 read with 0 errors
cbcroot: root node relaxation and clique cuts

loaded neos18 
	3312 variables (3312 integer) 11402 rows

osi_cgraph took 0.000 seconds.
Clique Separation Parameters:
	max depth         : 3
	max passes        : 9999
	minimum violation : 0.0200
	minimum frac. val : 0.0010
	extend cliques    : 0
	enum max. degree  : 10
	verbose           : 1
	maximum time bk   : 20
solving relaxation ... Initial dual bound 7
solved in 0.050
verbose mode now 1.
pre-processed graph - part 1 : n 0 e 0 - minD 2147483647 maxD 0 smallD 0
pre-processed graph - part 2 - no nodes left. all cliques have been enumerated.
round 1 : def separated 0 cuts in 0.0000 seconds. dual limit now: 7 time: 0.050

End of root node relaxation. Dual limit: 7 time: 0.050 
