using at max 0 two mir passes.
using at max 0 gomory passes.
Coin0008I neos-1109824 read with 0 errors
cbcroot: root node relaxation and clique cuts

loaded neos-1109824 
	1520 variables (1520 integer) 28979 rows

osi_cgraph took 0.020 seconds.
Clique Separation Parameters:
	max depth         : 3
	max passes        : 9999
	minimum violation : 0.0200
	minimum frac. val : 0.0010
	extend cliques    : 0
	enum max. degree  : 10
	verbose           : 1
	maximum time bk   : 20
solving relaxation ... Initial dual bound 278
solved in 0.050
verbose mode now 1.
pre-processed graph - part 1 : n 46 e 92 - minD 2 maxD 2 smallD 46
Enumeration finished in 0.000 seconds. Found 0 violated cliques. Removed 46 nodes from graph.
pre-processed graph - part 2 - no nodes left. all cliques have been enumerated.
round 1 : def separated 0 cuts in 0.0000 seconds. dual limit now: 278 time: 0.050

End of root node relaxation. Dual limit: 278 time: 0.050 
