using at max 0 two mir passes.
using at max 0 gomory passes.
Coin0008I neos-1396125 read with 0 errors
cbcroot: root node relaxation and clique cuts

loaded neos-1396125 
	1161 variables (129 integer) 1494 rows

osi_cgraph took 0.000 seconds.
Clique Separation Parameters:
	max depth         : 3
	max passes        : 9999
	minimum violation : 0.0200
	minimum frac. val : 0.0010
	extend cliques    : 0
	enum max. degree  : 10
	verbose           : 1
	maximum time bk   : 20
solving relaxation ... Initial dual bound 388.552
solved in 0.110
verbose mode now 1.
pre-processed graph - part 1 : n 56 e 364 - minD 1 maxD 8 smallD 56
Enumeration finished in 0.200 seconds. Found 0 violated cliques. Removed 56 nodes from graph.
pre-processed graph - part 2 - no nodes left. all cliques have been enumerated.
round 1 : def separated 0 cuts in 0.2000 seconds. dual limit now: 388.552 time: 0.310

End of root node relaxation. Dual limit: 388.552 time: 0.310 
