using at max 0 two mir passes.
using at max 0 gomory passes.
Coin0008I neos-686190 read with 0 errors
cbcroot: root node relaxation and clique cuts

loaded neos-686190 
	3660 variables (3660 integer) 3664 rows

osi_cgraph took 0.050 seconds.
Clique Separation Parameters:
	max depth         : 3
	max passes        : 9999
	minimum violation : 0.0200
	minimum frac. val : 0.0010
	extend cliques    : 0
	enum max. degree  : 10
	verbose           : 1
	maximum time bk   : 20
solving relaxation ... Initial dual bound 5134.81
solved in 0.030
verbose mode now 1.
pre-processed graph - part 1 : n 63 e 138 - minD 0 maxD 5 smallD 63
Enumeration finished in 0.000 seconds. Found 0 violated cliques. Removed 63 nodes from graph.
pre-processed graph - part 2 - no nodes left. all cliques have been enumerated.
round 1 : def separated 0 cuts in 0.0000 seconds. dual limit now: 5134.81 time: 0.030

End of root node relaxation. Dual limit: 5134.81 time: 0.030 
