using at max 0 two mir passes.
using at max 0 gomory passes.
Coin0008I neos-849702 read with 0 errors
cbcroot: root node relaxation and clique cuts

loaded neos-849702 
	1737 variables (1737 integer) 1041 rows

osi_cgraph took 0.020 seconds.
Clique Separation Parameters:
	max depth         : 3
	max passes        : 9999
	minimum violation : 0.0200
	minimum frac. val : 0.0010
	extend cliques    : 0
	enum max. degree  : 10
	verbose           : 1
	maximum time bk   : 20
solving relaxation ... Initial dual bound 0
solved in 0.200
verbose mode now 1.
pre-processed graph - part 1 : n 456 e 6420 - minD 1 maxD 25 smallD 74
Enumeration finished in 0.010 seconds. Found 2 violated cliques. Removed 74 nodes from graph.
pre-processed graph - part 2 : n 382 e 5828 - minD 9 maxD 23 smallD 11
bk took 0.02 seconds
round 1 : def separated 76 cuts in 0.0300 seconds. dual limit now: 0 time: 0.230
resolving relaxation ... solved in 0.190 after adding cuts of pass 1. dual limit now 0

verbose mode now 1.
pre-processed graph - part 1 : n 508 e 8160 - minD 1 maxD 30 smallD 79
Enumeration finished in 0.030 seconds. Found 2 violated cliques. Removed 79 nodes from graph.
pre-processed graph - part 2 : n 429 e 7524 - minD 9 maxD 29 smallD 3
bk took 0.02 seconds
round 2 : def separated 90 cuts in 0.0500 seconds. dual limit now: 0 time: 0.470
resolving relaxation ... solved in 0.410 after adding cuts of pass 2. dual limit now 0

verbose mode now 1.
pre-processed graph - part 1 : n 559 e 10590 - minD 1 maxD 32 smallD 70
Enumeration finished in 0.230 seconds. Found 0 violated cliques. Removed 70 nodes from graph.
pre-processed graph - part 2 : n 489 e 9960 - minD 9 maxD 31 smallD 1
bk took 0.03 seconds
round 3 : def separated 107 cuts in 0.2700 seconds. dual limit now: 0 time: 1.150
resolving relaxation ... solved in 1.400 after adding cuts of pass 3. dual limit now 0

verbose mode now 1.
pre-processed graph - part 1 : n 546 e 9426 - minD 1 maxD 30 smallD 90
Enumeration finished in 3.120 seconds. Found 0 violated cliques. Removed 90 nodes from graph.
pre-processed graph - part 2 : n 456 e 8664 - minD 7 maxD 29 smallD 1
bk took 0.03 seconds
round 4 : def separated 145 cuts in 3.1600 seconds. dual limit now: 0 time: 5.710
resolving relaxation ... solved in 1.570 after adding cuts of pass 4. dual limit now 0

verbose mode now 1.
pre-processed graph - part 1 : n 542 e 9488 - minD 1 maxD 31 smallD 86
Enumeration finished in 0.040 seconds. Found 2 violated cliques. Removed 86 nodes from graph.
pre-processed graph - part 2 : n 456 e 8732 - minD 8 maxD 30 smallD 4
bk took 0.03 seconds
round 5 : def separated 145 cuts in 0.0700 seconds. dual limit now: 0 time: 7.350
resolving relaxation ... solved in 1.650 after adding cuts of pass 5. dual limit now 0

verbose mode now 1.
pre-processed graph - part 1 : n 560 e 9732 - minD 1 maxD 28 smallD 95
Enumeration finished in 1.620 seconds. Found 0 violated cliques. Removed 95 nodes from graph.
pre-processed graph - part 2 : n 465 e 8870 - minD 10 maxD 28 smallD 1
bk took 0.03 seconds
round 6 : def separated 145 cuts in 1.6600 seconds. dual limit now: 0 time: 10.660
resolving relaxation ... solved in 1.570 after adding cuts of pass 6. dual limit now 0

verbose mode now 1.
pre-processed graph - part 1 : n 613 e 12416 - minD 1 maxD 36 smallD 92
Enumeration finished in 2.330 seconds. Found 1 violated cliques. Removed 92 nodes from graph.
pre-processed graph - part 2 : n 521 e 11498 - minD 9 maxD 34 smallD 3
bk took 0.05 seconds
round 7 : def separated 178 cuts in 2.3800 seconds. dual limit now: 0 time: 14.610
resolving relaxation ... solved in 2.280 after adding cuts of pass 7. dual limit now 0

verbose mode now 1.
pre-processed graph - part 1 : n 621 e 13126 - minD 1 maxD 37 smallD 88
Enumeration finished in 0.980 seconds. Found 2 violated cliques. Removed 88 nodes from graph.
pre-processed graph - part 2 : n 533 e 12224 - minD 11 maxD 37 smallD 0
bk took 0.04 seconds
round 8 : def separated 211 cuts in 1.0300 seconds. dual limit now: 0 time: 17.920
resolving relaxation ... solved in 2.430 after adding cuts of pass 8. dual limit now 0

verbose mode now 1.
pre-processed graph - part 1 : n 622 e 13140 - minD 1 maxD 35 smallD 87
Enumeration finished in 2.280 seconds. Found 2 violated cliques. Removed 87 nodes from graph.
pre-processed graph - part 2 : n 535 e 12286 - minD 9 maxD 35 smallD 3
bk took 0.05 seconds
round 9 : def separated 177 cuts in 2.3400 seconds. dual limit now: 0 time: 22.690
resolving relaxation ... solved in 3.330 after adding cuts of pass 9. dual limit now 0

verbose mode now 1.
pre-processed graph - part 1 : n 636 e 13386 - minD 1 maxD 36 smallD 100
Enumeration finished in 3.980 seconds. Found 1 violated cliques. Removed 100 nodes from graph.
pre-processed graph - part 2 : n 536 e 12366 - minD 10 maxD 35 smallD 2
bk took 0.05 seconds
round 10 : def separated 172 cuts in 4.0300 seconds. dual limit now: 0 time: 30.050
resolving relaxation ... solved in 3.170 after adding cuts of pass 10. dual limit now 0

verbose mode now 1.
pre-processed graph - part 1 : n 623 e 12734 - minD 1 maxD 37 smallD 97
Enumeration finished in 1.100 seconds. Found 0 violated cliques. Removed 97 nodes from graph.
pre-processed graph - part 2 : n 526 e 11810 - minD 9 maxD 36 smallD 1
bk took 0.04 seconds
round 11 : def separated 166 cuts in 1.1500 seconds. dual limit now: 0 time: 34.370
resolving relaxation ... solved in 3.660 after adding cuts of pass 11. dual limit now 0

verbose mode now 1.
pre-processed graph - part 1 : n 621 e 12966 - minD 1 maxD 37 smallD 89
Enumeration finished in 0.750 seconds. Found 0 violated cliques. Removed 89 nodes from graph.
pre-processed graph - part 2 : n 532 e 12128 - minD 9 maxD 36 smallD 1
bk took 0.05 seconds
round 12 : def separated 137 cuts in 0.8000 seconds. dual limit now: 0 time: 38.830
resolving relaxation ... solved in 3.860 after adding cuts of pass 12. dual limit now 0

verbose mode now 1.
pre-processed graph - part 1 : n 633 e 13668 - minD 1 maxD 34 smallD 87
Enumeration finished in 1.760 seconds. Found 1 violated cliques. Removed 87 nodes from graph.
pre-processed graph - part 2 : n 546 e 12768 - minD 10 maxD 34 smallD 1
bk took 0.05 seconds
round 13 : def separated 171 cuts in 1.8200 seconds. dual limit now: 0 time: 44.510
resolving relaxation ... solved in 4.230 after adding cuts of pass 13. dual limit now 0

verbose mode now 1.
pre-processed graph - part 1 : n 647 e 14490 - minD 1 maxD 39 smallD 94
Enumeration finished in 3.050 seconds. Found 1 violated cliques. Removed 94 nodes from graph.
pre-processed graph - part 2 : n 553 e 13468 - minD 10 maxD 38 smallD 2
bk took 0.06 seconds
round 14 : def separated 180 cuts in 3.1200 seconds. dual limit now: 0 time: 51.860
resolving relaxation ... solved in 4.730 after adding cuts of pass 14. dual limit now 0

verbose mode now 1.
pre-processed graph - part 1 : n 619 e 13282 - minD 1 maxD 39 smallD 89
Enumeration finished in 3.770 seconds. Found 0 violated cliques. Removed 89 nodes from graph.
pre-processed graph - part 2 : n 530 e 12318 - minD 9 maxD 39 smallD 3
bk took 0.05 seconds
round 15 : def separated 121 cuts in 3.8200 seconds. dual limit now: 0 time: 60.410
resolving relaxation ... solved in 4.960 after adding cuts of pass 15. dual limit now 0

verbose mode now 1.
pre-processed graph - part 1 : n 560 e 10366 - minD 1 maxD 36 smallD 95
Enumeration finished in 0.780 seconds. Found 0 violated cliques. Removed 95 nodes from graph.
pre-processed graph - part 2 : n 465 e 9440 - minD 9 maxD 35 smallD 4
bk took 0.04 seconds
round 16 : def separated 95 cuts in 0.8200 seconds. dual limit now: 0 time: 66.190
resolving relaxation ... solved in 4.490 after adding cuts of pass 16. dual limit now 0

verbose mode now 1.
pre-processed graph - part 1 : n 657 e 14754 - minD 1 maxD 40 smallD 102
Enumeration finished in 3.040 seconds. Found 6 violated cliques. Removed 102 nodes from graph.
pre-processed graph - part 2 : n 555 e 13648 - minD 10 maxD 40 smallD 5
bk took 0.06 seconds
round 17 : def separated 163 cuts in 3.1000 seconds. dual limit now: 0 time: 73.780
resolving relaxation ... solved in 4.890 after adding cuts of pass 17. dual limit now 0

verbose mode now 1.
pre-processed graph - part 1 : n 587 e 11758 - minD 1 maxD 34 smallD 95
Enumeration finished in 0.530 seconds. Found 0 violated cliques. Removed 95 nodes from graph.
pre-processed graph - part 2 : n 492 e 10788 - minD 8 maxD 33 smallD 5
bk took 0.04 seconds
round 18 : def separated 117 cuts in 0.5700 seconds. dual limit now: 0 time: 79.240
resolving relaxation ... solved in 4.910 after adding cuts of pass 18. dual limit now 0

verbose mode now 1.
pre-processed graph - part 1 : n 605 e 12398 - minD 1 maxD 38 smallD 96
Enumeration finished in 5.510 seconds. Found 0 violated cliques. Removed 96 nodes from graph.
pre-processed graph - part 2 : n 509 e 11430 - minD 8 maxD 38 smallD 3
bk took 0.04 seconds
round 19 : def separated 111 cuts in 5.5500 seconds. dual limit now: 0 time: 89.700
resolving relaxation ... solved in 4.720 after adding cuts of pass 19. dual limit now 0

verbose mode now 1.
pre-processed graph - part 1 : n 569 e 10774 - minD 1 maxD 32 smallD 98
Enumeration finished in 1.680 seconds. Found 0 violated cliques. Removed 98 nodes from graph.
pre-processed graph - part 2 : n 471 e 9828 - minD 9 maxD 32 smallD 5
bk took 0.04 seconds
round 20 : def separated 72 cuts in 1.7300 seconds. dual limit now: 0 time: 96.150
resolving relaxation ... solved in 5.800 after adding cuts of pass 20. dual limit now 0

verbose mode now 1.
pre-processed graph - part 1 : n 573 e 10978 - minD 1 maxD 37 smallD 95
Enumeration finished in 2.150 seconds. Found 0 violated cliques. Removed 95 nodes from graph.
pre-processed graph - part 2 : n 478 e 10022 - minD 8 maxD 35 smallD 3
bk took 0.04 seconds
round 21 : def separated 95 cuts in 2.1900 seconds. dual limit now: 0 time: 104.140
resolving relaxation ... solved in 5.520 after adding cuts of pass 21. dual limit now 0

verbose mode now 1.
pre-processed graph - part 1 : n 550 e 10340 - minD 1 maxD 37 smallD 90
Enumeration finished in 5.340 seconds. Found 1 violated cliques. Removed 90 nodes from graph.
pre-processed graph - part 2 : n 460 e 9348 - minD 9 maxD 36 smallD 6
bk took 0.03 seconds
round 22 : def separated 63 cuts in 5.3700 seconds. dual limit now: 0 time: 115.030
resolving relaxation ... solved in 6.070 after adding cuts of pass 22. dual limit now 0

verbose mode now 1.
pre-processed graph - part 1 : n 572 e 10742 - minD 1 maxD 37 smallD 97
Enumeration finished in 2.140 seconds. Found 0 violated cliques. Removed 97 nodes from graph.
pre-processed graph - part 2 : n 475 e 9804 - minD 9 maxD 36 smallD 6
bk took 0.04 seconds
round 23 : def separated 70 cuts in 2.1900 seconds. dual limit now: 0 time: 123.290
resolving relaxation ... solved in 5.760 after adding cuts of pass 23. dual limit now 0

verbose mode now 1.
pre-processed graph - part 1 : n 547 e 9724 - minD 1 maxD 36 smallD 102
Enumeration finished in 1.970 seconds. Found 1 violated cliques. Removed 102 nodes from graph.
pre-processed graph - part 2 : n 445 e 8702 - minD 8 maxD 35 smallD 8
bk took 0.03 seconds
round 24 : def separated 80 cuts in 2.0000 seconds. dual limit now: 0 time: 131.050
resolving relaxation ... solved in 5.660 after adding cuts of pass 24. dual limit now 0

verbose mode now 1.
pre-processed graph - part 1 : n 542 e 9072 - minD 1 maxD 30 smallD 108
Enumeration finished in 0.280 seconds. Found 1 violated cliques. Removed 108 nodes from graph.
pre-processed graph - part 2 : n 434 e 8108 - minD 9 maxD 29 smallD 19
bk took 0.02 seconds
round 25 : def separated 46 cuts in 0.3200 seconds. dual limit now: 0 time: 137.030
resolving relaxation ... solved in 5.930 after adding cuts of pass 25. dual limit now 0

verbose mode now 1.
pre-processed graph - part 1 : n 589 e 11416 - minD 1 maxD 36 smallD 102
Enumeration finished in 3.440 seconds. Found 0 violated cliques. Removed 102 nodes from graph.
pre-processed graph - part 2 : n 487 e 10434 - minD 9 maxD 36 smallD 9
bk took 0.05 seconds
round 26 : def separated 92 cuts in 3.5000 seconds. dual limit now: 0 time: 146.460
resolving relaxation ... solved in 5.200 after adding cuts of pass 26. dual limit now 0

verbose mode now 1.
pre-processed graph - part 1 : n 551 e 10176 - minD 1 maxD 43 smallD 104
Enumeration finished in 0.820 seconds. Found 1 violated cliques. Removed 104 nodes from graph.
pre-processed graph - part 2 : n 447 e 9104 - minD 9 maxD 41 smallD 8
bk took 0.04 seconds
round 27 : def separated 44 cuts in 0.8600 seconds. dual limit now: 0 time: 152.520
resolving relaxation ... solved in 6.600 after adding cuts of pass 27. dual limit now 0

verbose mode now 1.
pre-processed graph - part 1 : n 615 e 12388 - minD 1 maxD 38 smallD 107
Enumeration finished in 4.390 seconds. Found 0 violated cliques. Removed 107 nodes from graph.
pre-processed graph - part 2 : n 508 e 11300 - minD 9 maxD 38 smallD 5
bk took 0.05 seconds
round 28 : def separated 91 cuts in 4.4400 seconds. dual limit now: 0 time: 163.560
resolving relaxation ... solved in 7.060 after adding cuts of pass 28. dual limit now 0

verbose mode now 1.
pre-processed graph - part 1 : n 605 e 11704 - minD 1 maxD 35 smallD 104
Enumeration finished in 2.210 seconds. Found 0 violated cliques. Removed 104 nodes from graph.
pre-processed graph - part 2 : n 501 e 10722 - minD 8 maxD 35 smallD 11
bk took 0.04 seconds
round 29 : def separated 62 cuts in 2.2500 seconds. dual limit now: 0 time: 172.870
resolving relaxation ... solved in 6.290 after adding cuts of pass 29. dual limit now 0

verbose mode now 1.
pre-processed graph - part 1 : n 629 e 13492 - minD 1 maxD 35 smallD 95
Enumeration finished in 5.410 seconds. Found 0 violated cliques. Removed 95 nodes from graph.
pre-processed graph - part 2 : n 534 e 12494 - minD 9 maxD 35 smallD 2
bk took 0.05 seconds
round 30 : def separated 88 cuts in 5.4700 seconds. dual limit now: 0 time: 184.630
resolving relaxation ... solved in 6.940 after adding cuts of pass 30. dual limit now 0

verbose mode now 1.
pre-processed graph - part 1 : n 514 e 8618 - minD 1 maxD 35 smallD 103
Enumeration finished in 0.540 seconds. Found 1 violated cliques. Removed 103 nodes from graph.
pre-processed graph - part 2 : n 411 e 7564 - minD 9 maxD 33 smallD 17
bk took 0.02 seconds
round 31 : def separated 21 cuts in 0.5600 seconds. dual limit now: 0 time: 192.130
resolving relaxation ... solved in 6.440 after adding cuts of pass 31. dual limit now 0

verbose mode now 1.
pre-processed graph - part 1 : n 530 e 8662 - minD 1 maxD 33 smallD 113
Enumeration finished in 1.700 seconds. Found 0 violated cliques. Removed 113 nodes from graph.
pre-processed graph - part 2 : n 417 e 7652 - minD 8 maxD 32 smallD 23
bk took 0.02 seconds
round 32 : def separated 38 cuts in 1.7200 seconds. dual limit now: 0 time: 200.290
resolving relaxation ... solved in 6.820 after adding cuts of pass 32. dual limit now 0

verbose mode now 1.
pre-processed graph - part 1 : n 559 e 10600 - minD 1 maxD 38 smallD 100
Enumeration finished in 3.640 seconds. Found 0 violated cliques. Removed 100 nodes from graph.
pre-processed graph - part 2 : n 459 e 9602 - minD 8 maxD 37 smallD 12
bk took 0.05 seconds
round 33 : def separated 49 cuts in 3.6900 seconds. dual limit now: 0 time: 210.800
resolving relaxation ... solved in 6.770 after adding cuts of pass 33. dual limit now 0

verbose mode now 1.
pre-processed graph - part 1 : n 560 e 10622 - minD 1 maxD 37 smallD 102
Enumeration finished in 3.820 seconds. Found 0 violated cliques. Removed 102 nodes from graph.
pre-processed graph - part 2 : n 458 e 9556 - minD 9 maxD 35 smallD 11
bk took 0.04 seconds
round 34 : def separated 57 cuts in 3.8600 seconds. dual limit now: 0 time: 221.430
resolving relaxation ... solved in 7.290 after adding cuts of pass 34. dual limit now 0

verbose mode now 1.
pre-processed graph - part 1 : n 538 e 9336 - minD 1 maxD 32 smallD 100
Enumeration finished in 1.630 seconds. Found 0 violated cliques. Removed 100 nodes from graph.
pre-processed graph - part 2 : n 438 e 8388 - minD 9 maxD 31 smallD 7
bk took 0.03 seconds
round 35 : def separated 27 cuts in 1.6600 seconds. dual limit now: 0 time: 230.380
resolving relaxation ... solved in 7.190 after adding cuts of pass 35. dual limit now 0

verbose mode now 1.
pre-processed graph - part 1 : n 574 e 11224 - minD 1 maxD 34 smallD 96
Enumeration finished in 4.060 seconds. Found 0 violated cliques. Removed 96 nodes from graph.
pre-processed graph - part 2 : n 478 e 10228 - minD 10 maxD 34 smallD 2
bk took 0.04 seconds
round 36 : def separated 53 cuts in 4.1000 seconds. dual limit now: 0 time: 241.670
resolving relaxation ... solved in 7.820 after adding cuts of pass 36. dual limit now 0

verbose mode now 1.
pre-processed graph - part 1 : n 572 e 10798 - minD 1 maxD 34 smallD 100
Enumeration finished in 4.080 seconds. Found 0 violated cliques. Removed 100 nodes from graph.
pre-processed graph - part 2 : n 472 e 9734 - minD 8 maxD 34 smallD 7
bk took 0.04 seconds
round 37 : def separated 44 cuts in 4.1300 seconds. dual limit now: 0 time: 253.620
resolving relaxation ... solved in 7.980 after adding cuts of pass 37. dual limit now 0

verbose mode now 1.
pre-processed graph - part 1 : n 534 e 8962 - minD 1 maxD 35 smallD 108
Enumeration finished in 0.290 seconds. Found 0 violated cliques. Removed 108 nodes from graph.
pre-processed graph - part 2 : n 426 e 7952 - minD 8 maxD 33 smallD 13
bk took 0.02 seconds
round 38 : def separated 14 cuts in 0.3100 seconds. dual limit now: 0 time: 261.910
resolving relaxation ... solved in 7.750 after adding cuts of pass 38. dual limit now 0

verbose mode now 1.
pre-processed graph - part 1 : n 565 e 10502 - minD 1 maxD 35 smallD 106
Enumeration finished in 2.530 seconds. Found 0 violated cliques. Removed 106 nodes from graph.
pre-processed graph - part 2 : n 459 e 9460 - minD 9 maxD 33 smallD 9
bk took 0.04 seconds
round 39 : def separated 51 cuts in 2.5700 seconds. dual limit now: 0 time: 272.230
resolving relaxation ... solved in 8.000 after adding cuts of pass 39. dual limit now 0

verbose mode now 1.
pre-processed graph - part 1 : n 573 e 11018 - minD 1 maxD 39 smallD 103
Enumeration finished in 2.330 seconds. Found 0 violated cliques. Removed 103 nodes from graph.
pre-processed graph - part 2 : n 470 e 9986 - minD 8 maxD 38 smallD 7
bk took 0.03 seconds
round 40 : def separated 44 cuts in 2.3800 seconds. dual limit now: 0 time: 282.610
resolving relaxation ... solved in 7.830 after adding cuts of pass 40. dual limit now 0

verbose mode now 1.
pre-processed graph - part 1 : n 539 e 9120 - minD 1 maxD 31 smallD 107
Enumeration finished in 0.390 seconds. Found 0 violated cliques. Removed 107 nodes from graph.
pre-processed graph - part 2 : n 432 e 8150 - minD 8 maxD 30 smallD 9
bk took 0.02 seconds
round 41 : def separated 41 cuts in 0.4200 seconds. dual limit now: 0 time: 290.860
resolving relaxation ... solved in 7.880 after adding cuts of pass 41. dual limit now 0

verbose mode now 1.
pre-processed graph - part 1 : n 561 e 9966 - minD 1 maxD 34 smallD 111
Enumeration finished in 0.440 seconds. Found 0 violated cliques. Removed 111 nodes from graph.
pre-processed graph - part 2 : n 450 e 8892 - minD 7 maxD 34 smallD 19
bk took 0.03 seconds
round 42 : def separated 43 cuts in 0.4700 seconds. dual limit now: 0 time: 299.210
resolving relaxation ... solved in 7.320 after adding cuts of pass 42. dual limit now 0

verbose mode now 1.
pre-processed graph - part 1 : n 522 e 8392 - minD 1 maxD 33 smallD 112
Enumeration finished in 0.470 seconds. Found 1 violated cliques. Removed 112 nodes from graph.
pre-processed graph - part 2 : n 410 e 7402 - minD 7 maxD 33 smallD 20
bk took 0.02 seconds
round 43 : def separated 34 cuts in 0.5000 seconds. dual limit now: 0 time: 307.030
resolving relaxation ... solved in 7.860 after adding cuts of pass 43. dual limit now 0

verbose mode now 1.
pre-processed graph - part 1 : n 521 e 8318 - minD 1 maxD 31 smallD 118
Enumeration finished in 0.250 seconds. Found 0 violated cliques. Removed 118 nodes from graph.
pre-processed graph - part 2 : n 403 e 7222 - minD 7 maxD 31 smallD 22
bk took 0.02 seconds
round 44 : def separated 60 cuts in 0.2700 seconds. dual limit now: 0 time: 315.160
resolving relaxation ... solved in 8.300 after adding cuts of pass 44. dual limit now 0

verbose mode now 1.
pre-processed graph - part 1 : n 547 e 9832 - minD 1 maxD 34 smallD 108
Enumeration finished in 3.580 seconds. Found 1 violated cliques. Removed 108 nodes from graph.
pre-processed graph - part 2 : n 439 e 8760 - minD 8 maxD 32 smallD 13
bk took 0.03 seconds
round 45 : def separated 29 cuts in 3.6100 seconds. dual limit now: 0 time: 327.070
resolving relaxation ... solved in 7.700 after adding cuts of pass 45. dual limit now 0

verbose mode now 1.
pre-processed graph - part 1 : n 561 e 10136 - minD 1 maxD 35 smallD 106
Enumeration finished in 2.310 seconds. Found 0 violated cliques. Removed 106 nodes from graph.
pre-processed graph - part 2 : n 455 e 9132 - minD 10 maxD 34 smallD 3
bk took 0.04 seconds
round 46 : def separated 27 cuts in 2.3500 seconds. dual limit now: 0 time: 337.120
resolving relaxation ... solved in 8.020 after adding cuts of pass 46. dual limit now 0

verbose mode now 1.
pre-processed graph - part 1 : n 503 e 8006 - minD 1 maxD 33 smallD 106
Enumeration finished in 0.070 seconds. Found 1 violated cliques. Removed 106 nodes from graph.
pre-processed graph - part 2 : n 397 e 6988 - minD 9 maxD 32 smallD 24
bk took 0.02 seconds
round 47 : def separated 18 cuts in 0.0900 seconds. dual limit now: 0 time: 345.230
resolving relaxation ... solved in 7.450 after adding cuts of pass 47. dual limit now 0

verbose mode now 1.
pre-processed graph - part 1 : n 493 e 7598 - minD 1 maxD 33 smallD 113
Enumeration finished in 0.370 seconds. Found 0 violated cliques. Removed 113 nodes from graph.
pre-processed graph - part 2 : n 380 e 6490 - minD 8 maxD 32 smallD 30
bk took 0.02 seconds
round 48 : def separated 21 cuts in 0.4000 seconds. dual limit now: 0 time: 353.080
resolving relaxation ... solved in 8.010 after adding cuts of pass 48. dual limit now 0

verbose mode now 1.
pre-processed graph - part 1 : n 467 e 6918 - minD 1 maxD 30 smallD 110
Enumeration finished in 0.210 seconds. Found 2 violated cliques. Removed 110 nodes from graph.
pre-processed graph - part 2 : n 357 e 5830 - minD 7 maxD 29 smallD 38
bk took 0.01 seconds
round 49 : def separated 22 cuts in 0.2300 seconds. dual limit now: 0 time: 361.320
resolving relaxation ... solved in 8.670 after adding cuts of pass 49. dual limit now 0

verbose mode now 1.
pre-processed graph - part 1 : n 559 e 10028 - minD 1 maxD 34 smallD 108
Enumeration finished in 0.580 seconds. Found 0 violated cliques. Removed 108 nodes from graph.
pre-processed graph - part 2 : n 451 e 9018 - minD 8 maxD 33 smallD 8
bk took 0.03 seconds
round 50 : def separated 35 cuts in 0.6100 seconds. dual limit now: 0 time: 370.600
resolving relaxation ... solved in 8.490 after adding cuts of pass 50. dual limit now 0

verbose mode now 1.
pre-processed graph - part 1 : n 518 e 8780 - minD 1 maxD 33 smallD 96
Enumeration finished in 0.250 seconds. Found 0 violated cliques. Removed 96 nodes from graph.
pre-processed graph - part 2 : n 422 e 7864 - minD 9 maxD 33 smallD 8
bk took 0.02 seconds
round 51 : def separated 16 cuts in 0.2800 seconds. dual limit now: 0 time: 379.370
resolving relaxation ... solved in 8.640 after adding cuts of pass 51. dual limit now 0

verbose mode now 1.
pre-processed graph - part 1 : n 507 e 7936 - minD 1 maxD 33 smallD 120
Enumeration finished in 0.470 seconds. Found 0 violated cliques. Removed 120 nodes from graph.
pre-processed graph - part 2 : n 387 e 6776 - minD 5 maxD 32 smallD 29
bk took 0.02 seconds
round 52 : def separated 12 cuts in 0.4900 seconds. dual limit now: 0 time: 388.500
resolving relaxation ... solved in 8.460 after adding cuts of pass 52. dual limit now 0

verbose mode now 1.
pre-processed graph - part 1 : n 522 e 8226 - minD 1 maxD 31 smallD 118
Enumeration finished in 0.430 seconds. Found 0 violated cliques. Removed 118 nodes from graph.
pre-processed graph - part 2 : n 404 e 7136 - minD 8 maxD 29 smallD 12
bk took 0.02 seconds
round 53 : def separated 15 cuts in 0.4600 seconds. dual limit now: 0 time: 397.420
resolving relaxation ... solved in 8.200 after adding cuts of pass 53. dual limit now 0

verbose mode now 1.
pre-processed graph - part 1 : n 504 e 8090 - minD 1 maxD 32 smallD 104
Enumeration finished in 1.750 seconds. Found 0 violated cliques. Removed 104 nodes from graph.
pre-processed graph - part 2 : n 400 e 7114 - minD 8 maxD 31 smallD 21
bk took 0.03 seconds
round 54 : def separated 20 cuts in 1.7800 seconds. dual limit now: 0 time: 407.400
resolving relaxation ... solved in 8.060 after adding cuts of pass 54. dual limit now 0

verbose mode now 1.
pre-processed graph - part 1 : n 508 e 8426 - minD 1 maxD 38 smallD 110
Enumeration finished in 1.780 seconds. Found 0 violated cliques. Removed 110 nodes from graph.
pre-processed graph - part 2 : n 398 e 7374 - minD 6 maxD 37 smallD 25
bk took 0.02 seconds
round 55 : def separated 23 cuts in 1.8000 seconds. dual limit now: 0 time: 417.260
resolving relaxation ... solved in 8.480 after adding cuts of pass 55. dual limit now 0

verbose mode now 1.
pre-processed graph - part 1 : n 489 e 7498 - minD 1 maxD 31 smallD 108
Enumeration finished in 0.550 seconds. Found 0 violated cliques. Removed 108 nodes from graph.
pre-processed graph - part 2 : n 381 e 6454 - minD 7 maxD 31 smallD 21
bk took 0.02 seconds
round 56 : def separated 30 cuts in 0.5700 seconds. dual limit now: 0 time: 426.310
resolving relaxation ... solved in 8.440 after adding cuts of pass 56. dual limit now 0

verbose mode now 1.
pre-processed graph - part 1 : n 525 e 8928 - minD 1 maxD 35 smallD 102
Enumeration finished in 1.700 seconds. Found 0 violated cliques. Removed 102 nodes from graph.
pre-processed graph - part 2 : n 423 e 7924 - minD 8 maxD 35 smallD 17
bk took 0.03 seconds
round 57 : def separated 33 cuts in 1.7400 seconds. dual limit now: 0 time: 436.490
resolving relaxation ... solved in 9.600 after adding cuts of pass 57. dual limit now 0

verbose mode now 1.
pre-processed graph - part 1 : n 484 e 7022 - minD 1 maxD 31 smallD 116
Enumeration finished in 0.200 seconds. Found 0 violated cliques. Removed 116 nodes from graph.
pre-processed graph - part 2 : n 368 e 5952 - minD 7 maxD 30 smallD 29
bk took 0.02 seconds
round 58 : def separated 15 cuts in 0.2200 seconds. dual limit now: 0 time: 446.310
resolving relaxation ... solved in 8.150 after adding cuts of pass 58. dual limit now 0

verbose mode now 1.
pre-processed graph - part 1 : n 586 e 11704 - minD 1 maxD 35 smallD 101
Enumeration finished in 2.820 seconds. Found 0 violated cliques. Removed 101 nodes from graph.
pre-processed graph - part 2 : n 485 e 10692 - minD 8 maxD 33 smallD 7
bk took 0.04 seconds
round 59 : def separated 34 cuts in 2.8600 seconds. dual limit now: 0 time: 457.320
resolving relaxation ... solved in 9.320 after adding cuts of pass 59. dual limit now 0

verbose mode now 1.
pre-processed graph - part 1 : n 503 e 7854 - minD 1 maxD 31 smallD 116
Enumeration finished in 0.070 seconds. Found 0 violated cliques. Removed 116 nodes from graph.
pre-processed graph - part 2 : n 387 e 6752 - minD 8 maxD 30 smallD 25
bk took 0.02 seconds
round 60 : def separated 20 cuts in 0.0900 seconds. dual limit now: 0 time: 466.730
resolving relaxation ... solved in 9.400 after adding cuts of pass 60. dual limit now 0

verbose mode now 1.
pre-processed graph - part 1 : n 532 e 8568 - minD 1 maxD 33 smallD 112
Enumeration finished in 0.190 seconds. Found 0 violated cliques. Removed 112 nodes from graph.
pre-processed graph - part 2 : n 420 e 7594 - minD 8 maxD 33 smallD 15
bk took 0.03 seconds
round 61 : def separated 24 cuts in 0.2200 seconds. dual limit now: 0 time: 476.350
resolving relaxation ... solved in 8.390 after adding cuts of pass 61. dual limit now 0

verbose mode now 1.
pre-processed graph - part 1 : n 513 e 8522 - minD 1 maxD 35 smallD 107
Enumeration finished in 0.220 seconds. Found 1 violated cliques. Removed 107 nodes from graph.
pre-processed graph - part 2 : n 406 e 7484 - minD 9 maxD 34 smallD 20
bk took 0.03 seconds
round 62 : def separated 35 cuts in 0.2500 seconds. dual limit now: 0 time: 484.990
resolving relaxation ... solved in 8.890 after adding cuts of pass 62. dual limit now 0

verbose mode now 1.
pre-processed graph - part 1 : n 537 e 8930 - minD 1 maxD 33 smallD 110
Enumeration finished in 0.250 seconds. Found 0 violated cliques. Removed 110 nodes from graph.
pre-processed graph - part 2 : n 427 e 7964 - minD 7 maxD 31 smallD 10
bk took 0.03 seconds
round 63 : def separated 37 cuts in 0.2900 seconds. dual limit now: 0 time: 494.170
resolving relaxation ... solved in 9.540 after adding cuts of pass 63. dual limit now 0

verbose mode now 1.
pre-processed graph - part 1 : n 513 e 8078 - minD 1 maxD 32 smallD 115
Enumeration finished in 0.390 seconds. Found 0 violated cliques. Removed 115 nodes from graph.
pre-processed graph - part 2 : n 398 e 6990 - minD 9 maxD 31 smallD 25
bk took 0.03 seconds
time limit reached. discarding cuts.
round 64 : def separated 0 cuts in 0.4200 seconds. dual limit now: 0 time: 504.130

End of root node relaxation. Dual limit: 0 time: 504.130 
