using at max 0 two mir passes.
using at max 0 gomory passes.
Coin0008I neos-1337307 read with 0 errors
cbcroot: root node relaxation and clique cuts

loaded neos-1337307 
	2840 variables (2840 integer) 5687 rows

osi_cgraph took 0.010 seconds.
Clique Separation Parameters:
	max depth         : 3
	max passes        : 9999
	minimum violation : 0.0200
	minimum frac. val : 0.0010
	extend cliques    : 0
	enum max. degree  : 10
	verbose           : 1
	maximum time bk   : 20
solving relaxation ... Initial dual bound -203124
solved in 0.700
verbose mode now 1.
pre-processed graph - part 1 : n 456 e 1752 - minD 2 maxD 5 smallD 456
Enumeration finished in 0.010 seconds. Found 0 violated cliques. Removed 456 nodes from graph.
pre-processed graph - part 2 - no nodes left. all cliques have been enumerated.
round 1 : def separated 0 cuts in 0.0100 seconds. dual limit now: -203124 time: 0.710

End of root node relaxation. Dual limit: -203124 time: 0.710 
