using at max 0 two mir passes.
using at max 0 gomory passes.
Coin0008I rocII-4-11 read with 0 errors
cbcroot: root node relaxation and clique cuts

loaded rocII-4-11 
	9234 variables (9086 integer) 21738 rows

osi_cgraph took 0.330 seconds.
Clique Separation Parameters:
	max depth         : 3
	max passes        : 9999
	minimum violation : 0.0200
	minimum frac. val : 0.0010
	extend cliques    : 0
	enum max. degree  : 10
	verbose           : 1
	maximum time bk   : 20
solving relaxation ... Initial dual bound -11.9372
solved in 0.160
verbose mode now 1.
pre-processed graph - part 1 : n 111 e 196 - minD 1 maxD 4 smallD 111
Enumeration finished in 0.010 seconds. Found 0 violated cliques. Removed 111 nodes from graph.
pre-processed graph - part 2 - no nodes left. all cliques have been enumerated.
round 1 : def separated 0 cuts in 0.0100 seconds. dual limit now: -11.9372 time: 0.170

End of root node relaxation. Dual limit: -11.9372 time: 0.170 
