using at max 0 two mir passes.
using at max 0 gomory passes.
Coin0008I sp98ir read with 0 errors
cbcroot: root node relaxation and clique cuts

loaded sp98ir 
	1680 variables (1680 integer) 1531 rows

osi_cgraph took 0.030 seconds.
Clique Separation Parameters:
	max depth         : 3
	max passes        : 9999
	minimum violation : 0.0200
	minimum frac. val : 0.0010
	extend cliques    : 0
	enum max. degree  : 10
	verbose           : 1
	maximum time bk   : 20
solving relaxation ... Initial dual bound 2.16663e+08
solved in 0.110
verbose mode now 1.
pre-processed graph - part 1 : n 30 e 114 - minD 0 maxD 12 smallD 29
Enumeration finished in 0.000 seconds. Found 1 violated cliques. Removed 29 nodes from graph.
pre-processed graph - part 2 : n 1 e 0 - minD 0 maxD 0 smallD 1
round 1 : def separated 1 cuts in 0.0000 seconds. dual limit now: 2.16663e+08 time: 0.110
resolving relaxation ... solved in 0.010 after adding cuts of pass 1. dual limit now 2.16663e+08

verbose mode now 1.
pre-processed graph - part 1 : n 32 e 136 - minD 0 maxD 12 smallD 31
Enumeration finished in 0.000 seconds. Found 1 violated cliques. Removed 31 nodes from graph.
pre-processed graph - part 2 : n 1 e 0 - minD 0 maxD 0 smallD 1
round 2 : def separated 1 cuts in 0.0000 seconds. dual limit now: 2.16663e+08 time: 0.120
resolving relaxation ... solved in 0.010 after adding cuts of pass 2. dual limit now 2.16663e+08

verbose mode now 1.
pre-processed graph - part 1 : n 32 e 136 - minD 0 maxD 12 smallD 31
Enumeration finished in 0.000 seconds. Found 1 violated cliques. Removed 31 nodes from graph.
pre-processed graph - part 2 : n 1 e 0 - minD 0 maxD 0 smallD 1
round 3 : def separated 1 cuts in 0.0000 seconds. dual limit now: 2.16663e+08 time: 0.130
resolving relaxation ... solved in 0.000 after adding cuts of pass 3. dual limit now 2.16663e+08

verbose mode now 1.
pre-processed graph - part 1 : n 33 e 150 - minD 0 maxD 12 smallD 32
Enumeration finished in 0.030 seconds. Found 1 violated cliques. Removed 32 nodes from graph.
pre-processed graph - part 2 : n 1 e 0 - minD 0 maxD 0 smallD 1
round 4 : def separated 1 cuts in 0.0300 seconds. dual limit now: 2.16663e+08 time: 0.160
resolving relaxation ... solved in 0.000 after adding cuts of pass 4. dual limit now 2.16663e+08

verbose mode now 1.
pre-processed graph - part 1 : n 32 e 134 - minD 0 maxD 12 smallD 31
Enumeration finished in 0.000 seconds. Found 0 violated cliques. Removed 31 nodes from graph.
pre-processed graph - part 2 : n 1 e 0 - minD 0 maxD 0 smallD 1
round 5 : def separated 0 cuts in 0.0000 seconds. dual limit now: 2.16663e+08 time: 0.160

End of root node relaxation. Dual limit: 2.16663e+08 time: 0.160 
