using at max 0 two mir passes.
using at max 0 gomory passes.
Coin0008I sp98ic read with 0 errors
cbcroot: root node relaxation and clique cuts

loaded sp98ic 
	10894 variables (10894 integer) 825 rows

osi_cgraph took 0.030 seconds.
Clique Separation Parameters:
	max depth         : 3
	max passes        : 9999
	minimum violation : 0.0200
	minimum frac. val : 0.0010
	extend cliques    : 0
	enum max. degree  : 10
	verbose           : 1
	maximum time bk   : 20
solving relaxation ... Initial dual bound 4.44278e+08
solved in 0.250
verbose mode now 1.
pre-processed graph - part 1 : n 79 e 86 - minD 0 maxD 5 smallD 79
Enumeration finished in 0.000 seconds. Found 0 violated cliques. Removed 79 nodes from graph.
pre-processed graph - part 2 - no nodes left. all cliques have been enumerated.
round 1 : def separated 0 cuts in 0.0000 seconds. dual limit now: 4.44278e+08 time: 0.250

End of root node relaxation. Dual limit: 4.44278e+08 time: 0.250 
