using at max 0 two mir passes.
using at max 0 gomory passes.
Coin0008I triptim1 read with 0 errors
cbcroot: root node relaxation and clique cuts

loaded triptim1 
	30055 variables (30048 integer) 15706 rows

osi_cgraph took 1.080 seconds.
Clique Separation Parameters:
	max depth         : 3
	max passes        : 9999
	minimum violation : 0.0200
	minimum frac. val : 0.0010
	extend cliques    : 0
	enum max. degree  : 10
	verbose           : 1
	maximum time bk   : 20
solving relaxation ... Initial dual bound 22.8681
solved in 83.010
verbose mode now 1.
pre-processed graph - part 1 : n 168 e 414 - minD 0 maxD 6 smallD 168
Enumeration finished in 0.000 seconds. Found 0 violated cliques. Removed 168 nodes from graph.
pre-processed graph - part 2 - no nodes left. all cliques have been enumerated.
round 1 : def separated 0 cuts in 0.0000 seconds. dual limit now: 22.8681 time: 83.010

End of root node relaxation. Dual limit: 22.8681 time: 83.010 
