3.21 0 0 134531.021428 190995.000000 0.295631
1.69 1 60 134880.616899 190995.000000 0.293800
1.48 2 31 135019.686489 190995.000000 0.293072
0.84 3 18 135042.760490 190995.000000 0.292951
0.73 4 11 135052.822782 190995.000000 0.292899
0.49 5 8 135054.329020 190995.000000 0.292891
0.45 6 6 135055.085042 190995.000000 0.292887
0.39 7 3 135055.257041 190995.000000 0.292886
0.34 8 2 135055.257041 190995.000000 0.292886
0.35 9 2 135055.257041 190995.000000 0.292886
0.35 10 2 135055.257041 190995.000000 0.292886
0.35 11 2 135055.257041 190995.000000 0.292886
0.36 12 2 135055.257041 190995.000000 0.292886
0.36 13 2 135055.257041 190995.000000 0.292886
0.35 14 2 135055.257041 190995.000000 0.292886
0.36 15 2 135055.257041 190995.000000 0.292886
0.37 16 2 135055.257041 190995.000000 0.292886
0.36 17 2 135055.257041 190995.000000 0.292886
0.38 18 2 135055.257041 190995.000000 0.292886
0.36 19 2 135055.257041 190995.000000 0.292886
0.39 20 2 135055.257041 190995.000000 0.292886
0.41 21 2 135055.320170 190995.000000 0.292886
0.36 22 2 135055.329539 190995.000000 0.292886
0.46 23 3 135055.646947 190995.000000 0.292884
0.47 24 3 135055.971775 190995.000000 0.292882
0.55 25 2 135058.359660 190995.000000 0.292870
0.53 26 5 135060.089420 190995.000000 0.292861
0.44 27 5 135060.455157 190995.000000 0.292859
0.53 28 4 135061.733766 190995.000000 0.292852
0.58 29 4 135062.877931 190995.000000 0.292846
0.47 30 3 135063.337721 190995.000000 0.292844
0.42 31 3 135063.570128 190995.000000 0.292842
0.34 32 2 135063.570128 190995.000000 0.292842
0.33 33 2 135063.570128 190995.000000 0.292842
0.34 34 2 135063.570128 190995.000000 0.292842
0.34 35 2 135063.570128 190995.000000 0.292842
0.34 36 2 135063.570128 190995.000000 0.292842
0.34 37 2 135063.570128 190995.000000 0.292842
0.34 38 2 135063.570128 190995.000000 0.292842
0.35 39 2 135063.570128 190995.000000 0.292842
0.35 40 2 135063.570128 190995.000000 0.292842
0.35 41 2 135063.570128 190995.000000 0.292842
0.35 42 2 135063.570128 190995.000000 0.292842
0.36 43 2 135063.570128 190995.000000 0.292842
0.34 44 2 135063.570128 190995.000000 0.292842
0.35 45 2 135063.570128 190995.000000 0.292842
0.35 46 2 135063.571465 190995.000000 0.292842
0.47 47 2 135064.011063 190995.000000 0.292840
0.50 48 2 135064.193565 190995.000000 0.292839
0.36 49 2 135064.193565 190995.000000 0.292839
0.35 50 2 135064.193565 190995.000000 0.292839
0.35 51 2 135064.193565 190995.000000 0.292839
0.35 52 2 135064.193565 190995.000000 0.292839
0.35 53 2 135064.193565 190995.000000 0.292839
0.40 54 2 135064.211999 190995.000000 0.292839
0.34 55 2 135064.211999 190995.000000 0.292839
0.36 56 2 135064.223776 190995.000000 0.292839
0.34 57 2 135064.226379 190995.000000 0.292839
0.37 58 2 135064.241126 190995.000000 0.292839
0.37 59 2 135064.253061 190995.000000 0.292839
0.34 60 2 135064.253061 190995.000000 0.292839
0.38 61 2 135064.265037 190995.000000 0.292839
0.36 62 2 135064.273670 190995.000000 0.292839
0.37 63 2 135064.279207 190995.000000 0.292839
0.43 64 2 135064.363621 190995.000000 0.292838
0.37 65 2 135064.363621 190995.000000 0.292838
0.36 66 2 135064.363756 190995.000000 0.292838
0.38 67 2 135064.384365 190995.000000 0.292838
0.48 68 2 135064.527843 190995.000000 0.292837
0.53 69 2 135064.675007 190995.000000 0.292837
0.35 70 2 135064.675007 190995.000000 0.292837
0.45 71 2 135064.761031 190995.000000 0.292836
0.43 72 3 135064.984050 190995.000000 0.292835
0.53 73 2 135065.258671 190995.000000 0.292834
0.52 74 2 135065.494249 190995.000000 0.292832
0.35 75 1 135065.494249 190995.000000 0.292832
0.48 76 1 135065.521242 190995.000000 0.292832
