3.11 0 0 126334.4677642 166999.0000000 0.2435017
0.27 1 41 126457.1413077 166999.0000000 0.2427671
0.27 2 25 126497.9182498 166999.0000000 0.2425229
0.27 3 13 126504.9253307 166999.0000000 0.2424809
0.27 4 5 126508.1566383 166999.0000000 0.2424616
0.27 5 6 126510.8583283 166999.0000000 0.2424454
0.27 6 4 126511.6705204 166999.0000000 0.2424406
0.26 7 2 126512.5498910 166999.0000000 0.2424353
0.27 8 1 126512.5498910 166999.0000000 0.2424353
0.27 9 1 126512.5498910 166999.0000000 0.2424353
0.27 10 1 126512.5498910 166999.0000000 0.2424353
0.27 11 1 126512.5498910 166999.0000000 0.2424353
0.27 12 1 126512.5498910 166999.0000000 0.2424353
0.27 13 1 126512.5498910 166999.0000000 0.2424353
0.27 14 1 126512.5498910 166999.0000000 0.2424353
0.27 15 1 126512.5498910 166999.0000000 0.2424353
0.27 16 1 126512.5498910 166999.0000000 0.2424353
0.27 17 1 126512.5498910 166999.0000000 0.2424353
0.27 18 1 126512.5498910 166999.0000000 0.2424353
0.27 19 1 126512.5498910 166999.0000000 0.2424353
0.27 20 1 126512.5498910 166999.0000000 0.2424353
0.27 21 1 126512.5498910 166999.0000000 0.2424353
0.27 22 1 126512.5498910 166999.0000000 0.2424353
0.27 23 1 126512.5498910 166999.0000000 0.2424353
0.27 24 1 126512.5498910 166999.0000000 0.2424353
0.27 25 1 126512.5498910 166999.0000000 0.2424353
0.27 26 1 126512.5498910 166999.0000000 0.2424353
0.27 27 1 126512.5498910 166999.0000000 0.2424353
0.27 28 1 126512.5498910 166999.0000000 0.2424353
0.27 29 1 126512.5498910 166999.0000000 0.2424353
0.27 30 1 126512.5498910 166999.0000000 0.2424353
0.27 31 1 126512.5498910 166999.0000000 0.2424353
0.27 32 1 126512.5498910 166999.0000000 0.2424353
0.27 33 1 126512.5498910 166999.0000000 0.2424353
0.27 34 1 126512.5498910 166999.0000000 0.2424353
0.27 35 1 126512.5498910 166999.0000000 0.2424353
0.27 36 1 126512.5498910 166999.0000000 0.2424353
0.27 37 1 126512.5498910 166999.0000000 0.2424353
0.27 38 1 126512.5498910 166999.0000000 0.2424353
0.27 39 1 126512.5498910 166999.0000000 0.2424353
0.27 40 1 126512.5498910 166999.0000000 0.2424353
0.27 41 1 126512.5498910 166999.0000000 0.2424353
0.27 42 1 126512.5498910 166999.0000000 0.2424353
0.27 43 1 126512.5498910 166999.0000000 0.2424353
0.27 44 1 126512.5498910 166999.0000000 0.2424353
0.27 45 1 126512.5498910 166999.0000000 0.2424353
0.27 46 1 126512.5498910 166999.0000000 0.2424353
0.27 47 1 126512.5498910 166999.0000000 0.2424353
0.27 48 1 126512.5498910 166999.0000000 0.2424353
0.27 49 1 126512.5498910 166999.0000000 0.2424353
0.27 50 1 126512.5498910 166999.0000000 0.2424353
0.27 51 1 126512.5498910 166999.0000000 0.2424353
0.27 52 1 126512.5498910 166999.0000000 0.2424353
0.27 53 1 126512.5498910 166999.0000000 0.2424353
0.27 54 1 126512.5498910 166999.0000000 0.2424353
0.27 55 1 126512.5498910 166999.0000000 0.2424353
0.27 56 1 126512.5498910 166999.0000000 0.2424353
0.27 57 1 126512.5498910 166999.0000000 0.2424353
0.27 58 1 126512.5498910 166999.0000000 0.2424353
0.27 59 1 126512.5498910 166999.0000000 0.2424353
0.27 60 1 126512.5498910 166999.0000000 0.2424353
0.27 61 1 126512.5498910 166999.0000000 0.2424353
0.27 62 1 126512.5498910 166999.0000000 0.2424353
0.27 63 1 126512.5498910 166999.0000000 0.2424353
0.27 64 1 126512.5498910 166999.0000000 0.2424353
0.27 65 1 126512.5498910 166999.0000000 0.2424353
0.27 66 1 126512.5498910 166999.0000000 0.2424353
0.27 67 1 126512.5498910 166999.0000000 0.2424353
0.27 68 1 126512.5498910 166999.0000000 0.2424353
0.27 69 1 126512.5498910 166999.0000000 0.2424353
0.27 70 1 126512.5498910 166999.0000000 0.2424353
0.27 71 1 126512.5498910 166999.0000000 0.2424353
0.27 72 1 126512.5498910 166999.0000000 0.2424353
0.27 73 1 126512.5498910 166999.0000000 0.2424353
0.27 74 1 126512.5498910 166999.0000000 0.2424353
0.27 75 1 126512.5498910 166999.0000000 0.2424353
0.27 76 1 126512.5498910 166999.0000000 0.2424353
0.27 77 1 126512.5498910 166999.0000000 0.2424353
0.27 78 1 126512.5498910 166999.0000000 0.2424353
0.27 79 1 126512.5498910 166999.0000000 0.2424353
0.27 80 1 126512.5498910 166999.0000000 0.2424353
0.27 81 1 126512.5498910 166999.0000000 0.2424353
0.27 82 1 126512.5498910 166999.0000000 0.2424353
0.27 83 1 126512.5498910 166999.0000000 0.2424353
0.27 84 1 126512.5498910 166999.0000000 0.2424353
0.27 85 1 126512.5498910 166999.0000000 0.2424353
0.27 86 1 126512.5498910 166999.0000000 0.2424353
0.27 87 1 126512.5498910 166999.0000000 0.2424353
0.27 88 1 126512.5498910 166999.0000000 0.2424353
0.27 89 1 126512.5498910 166999.0000000 0.2424353
0.27 90 1 126512.5498910 166999.0000000 0.2424353
0.27 91 1 126512.5498910 166999.0000000 0.2424353
0.27 92 1 126512.5498910 166999.0000000 0.2424353
0.27 93 1 126512.5498910 166999.0000000 0.2424353
0.27 94 1 126512.5498910 166999.0000000 0.2424353
0.27 95 1 126512.5498910 166999.0000000 0.2424353
0.27 96 1 126512.5498910 166999.0000000 0.2424353
0.27 97 1 126512.5498910 166999.0000000 0.2424353
0.27 98 1 126512.5498910 166999.0000000 0.2424353
0.27 99 1 126512.5498910 166999.0000000 0.2424353
0.27 100 1 126512.5498910 166999.0000000 0.2424353
0.27 101 1 126512.5498910 166999.0000000 0.2424353
0.27 102 1 126512.5498910 166999.0000000 0.2424353
0.27 103 1 126512.5498910 166999.0000000 0.2424353
0.27 104 1 126512.5498910 166999.0000000 0.2424353
0.27 105 1 126512.5498910 166999.0000000 0.2424353
0.27 106 1 126512.5498910 166999.0000000 0.2424353
0.27 107 1 126512.5498910 166999.0000000 0.2424353
0.27 108 1 126512.5498910 166999.0000000 0.2424353
0.27 109 1 126512.5498910 166999.0000000 0.2424353
0.27 110 1 126512.5498910 166999.0000000 0.2424353
0.27 111 1 126512.5498910 166999.0000000 0.2424353
0.27 112 1 126512.5498910 166999.0000000 0.2424353
0.27 113 1 126512.5498910 166999.0000000 0.2424353
0.27 114 1 126512.5498910 166999.0000000 0.2424353
0.27 115 1 126512.5498910 166999.0000000 0.2424353
0.27 116 1 126512.5498910 166999.0000000 0.2424353
0.27 117 1 126512.5498910 166999.0000000 0.2424353
0.27 118 1 126512.5498910 166999.0000000 0.2424353
0.27 119 1 126512.5498910 166999.0000000 0.2424353
0.27 120 1 126512.5498910 166999.0000000 0.2424353
0.27 121 1 126512.5498910 166999.0000000 0.2424353
0.27 122 1 126512.5498910 166999.0000000 0.2424353
0.27 123 1 126512.5498910 166999.0000000 0.2424353
0.27 124 1 126512.5498910 166999.0000000 0.2424353
0.27 125 1 126512.5498910 166999.0000000 0.2424353
0.27 126 1 126512.5498910 166999.0000000 0.2424353
0.27 127 1 126512.5498910 166999.0000000 0.2424353
0.27 128 1 126512.5498910 166999.0000000 0.2424353
0.27 129 1 126512.5498910 166999.0000000 0.2424353
0.27 130 1 126512.5498910 166999.0000000 0.2424353
0.27 131 1 126512.5498910 166999.0000000 0.2424353
0.27 132 1 126512.5498910 166999.0000000 0.2424353
0.27 133 1 126512.5498910 166999.0000000 0.2424353
0.27 134 1 126512.5498910 166999.0000000 0.2424353
0.27 135 1 126512.5498910 166999.0000000 0.2424353
0.27 136 1 126512.5498910 166999.0000000 0.2424353
0.27 137 1 126512.5498910 166999.0000000 0.2424353
0.27 138 1 126512.5498910 166999.0000000 0.2424353
0.27 139 1 126512.5498910 166999.0000000 0.2424353
0.27 140 1 126512.5498910 166999.0000000 0.2424353
0.27 141 1 126512.5498910 166999.0000000 0.2424353
0.27 142 1 126512.5498910 166999.0000000 0.2424353
0.27 143 1 126512.5498910 166999.0000000 0.2424353
0.27 144 1 126512.5498910 166999.0000000 0.2424353
0.27 145 1 126512.5498910 166999.0000000 0.2424353
0.27 146 1 126512.5498910 166999.0000000 0.2424353
0.27 147 1 126512.5498910 166999.0000000 0.2424353
0.27 148 1 126512.5498910 166999.0000000 0.2424353
0.27 149 1 126512.5498910 166999.0000000 0.2424353
0.27 150 1 126512.5498910 166999.0000000 0.2424353
0.27 151 1 126512.5498910 166999.0000000 0.2424353
0.27 152 1 126512.5498910 166999.0000000 0.2424353
0.27 153 1 126512.5498910 166999.0000000 0.2424353
0.27 154 1 126512.5498910 166999.0000000 0.2424353
0.28 155 1 126512.5498910 166999.0000000 0.2424353
0.27 156 1 126512.5498910 166999.0000000 0.2424353
0.27 157 1 126512.5498910 166999.0000000 0.2424353
0.28 158 1 126512.5498910 166999.0000000 0.2424353
0.27 159 1 126512.5498910 166999.0000000 0.2424353
0.27 160 1 126512.5498910 166999.0000000 0.2424353
0.27 161 1 126512.5498910 166999.0000000 0.2424353
0.27 162 1 126512.5498910 166999.0000000 0.2424353
0.27 163 1 126512.5498910 166999.0000000 0.2424353
0.27 164 1 126512.5498910 166999.0000000 0.2424353
0.27 165 1 126512.5498910 166999.0000000 0.2424353
0.27 166 1 126512.5498910 166999.0000000 0.2424353
0.27 167 1 126512.5498910 166999.0000000 0.2424353
0.27 168 1 126512.5498910 166999.0000000 0.2424353
0.27 169 1 126512.5498910 166999.0000000 0.2424353
0.27 170 1 126512.5498910 166999.0000000 0.2424353
0.27 171 1 126512.5498910 166999.0000000 0.2424353
0.27 172 1 126512.5498910 166999.0000000 0.2424353
0.27 173 1 126512.5498910 166999.0000000 0.2424353
0.27 174 1 126512.5498910 166999.0000000 0.2424353
0.27 175 1 126512.5498910 166999.0000000 0.2424353
0.27 176 1 126512.5498910 166999.0000000 0.2424353
0.27 177 1 126512.5498910 166999.0000000 0.2424353
0.27 178 1 126512.5498910 166999.0000000 0.2424353
0.27 179 1 126512.5498910 166999.0000000 0.2424353
0.27 180 1 126512.5498910 166999.0000000 0.2424353
0.27 181 1 126512.5498910 166999.0000000 0.2424353
0.27 182 1 126512.5498910 166999.0000000 0.2424353
0.27 183 1 126512.5498910 166999.0000000 0.2424353
0.27 184 1 126512.5498910 166999.0000000 0.2424353
0.28 185 1 126512.5498910 166999.0000000 0.2424353
0.27 186 1 126512.5498910 166999.0000000 0.2424353
0.27 187 1 126512.5498910 166999.0000000 0.2424353
0.27 188 1 126512.5498910 166999.0000000 0.2424353
0.26 189 1 126512.5498910 166999.0000000 0.2424353
0.27 190 1 126512.5498910 166999.0000000 0.2424353
0.27 191 1 126512.5498910 166999.0000000 0.2424353
0.27 192 1 126512.5498910 166999.0000000 0.2424353
0.27 193 1 126512.5498910 166999.0000000 0.2424353
0.27 194 1 126512.5498910 166999.0000000 0.2424353
0.27 195 1 126512.5498910 166999.0000000 0.2424353
0.27 196 1 126512.5498910 166999.0000000 0.2424353
0.27 197 1 126512.5498910 166999.0000000 0.2424353
0.27 198 1 126512.5498910 166999.0000000 0.2424353
0.27 199 1 126512.5498910 166999.0000000 0.2424353
0.27 200 1 126512.5498910 166999.0000000 0.2424353
0.27 201 1 126512.5498910 166999.0000000 0.2424353
0.27 202 1 126512.5498910 166999.0000000 0.2424353
0.27 203 1 126512.5498910 166999.0000000 0.2424353
0.27 204 1 126512.5498910 166999.0000000 0.2424353
0.27 205 1 126512.5498910 166999.0000000 0.2424353
0.27 206 1 126512.5498910 166999.0000000 0.2424353
0.27 207 1 126512.5498910 166999.0000000 0.2424353
0.27 208 1 126512.5498910 166999.0000000 0.2424353
0.27 209 1 126512.5498910 166999.0000000 0.2424353
0.27 210 1 126512.5498910 166999.0000000 0.2424353
0.27 211 1 126512.5498910 166999.0000000 0.2424353
0.27 212 1 126512.5498910 166999.0000000 0.2424353
0.27 213 1 126512.5498910 166999.0000000 0.2424353
0.27 214 1 126512.5498910 166999.0000000 0.2424353
0.27 215 1 126512.5498910 166999.0000000 0.2424353
0.27 216 1 126512.5498910 166999.0000000 0.2424353
0.27 217 1 126512.5498910 166999.0000000 0.2424353
0.27 218 1 126512.5498910 166999.0000000 0.2424353
0.27 219 1 126512.5498910 166999.0000000 0.2424353
0.27 220 1 126512.5498910 166999.0000000 0.2424353
0.27 221 1 126512.5498910 166999.0000000 0.2424353
0.27 222 1 126512.5498910 166999.0000000 0.2424353
0.27 223 1 126512.5498910 166999.0000000 0.2424353
0.27 224 1 126512.5498910 166999.0000000 0.2424353
0.27 225 1 126512.5498910 166999.0000000 0.2424353
0.27 226 1 126512.5498910 166999.0000000 0.2424353
0.27 227 1 126512.5498910 166999.0000000 0.2424353
0.27 228 1 126512.5498910 166999.0000000 0.2424353
0.27 229 1 126512.5498910 166999.0000000 0.2424353
0.27 230 1 126512.5498910 166999.0000000 0.2424353
0.27 231 1 126512.5498910 166999.0000000 0.2424353
0.27 232 1 126512.5498910 166999.0000000 0.2424353
0.27 233 1 126512.5498910 166999.0000000 0.2424353
0.27 234 1 126512.5498910 166999.0000000 0.2424353
0.27 235 1 126512.5498910 166999.0000000 0.2424353
0.27 236 1 126512.5498910 166999.0000000 0.2424353
0.27 237 1 126512.5498910 166999.0000000 0.2424353
0.27 238 1 126512.5498910 166999.0000000 0.2424353
0.27 239 1 126512.5498910 166999.0000000 0.2424353
0.27 240 1 126512.5498910 166999.0000000 0.2424353
0.27 241 1 126512.5498910 166999.0000000 0.2424353
0.27 242 1 126512.5498910 166999.0000000 0.2424353
0.27 243 1 126512.5498910 166999.0000000 0.2424353
0.27 244 1 126512.5498910 166999.0000000 0.2424353
0.27 245 1 126512.5498910 166999.0000000 0.2424353
0.27 246 1 126512.5498910 166999.0000000 0.2424353
0.27 247 1 126512.5498910 166999.0000000 0.2424353
0.27 248 1 126512.5498910 166999.0000000 0.2424353
0.27 249 1 126512.5498910 166999.0000000 0.2424353
0.27 250 1 126512.5498910 166999.0000000 0.2424353
0.28 251 1 126512.5498910 166999.0000000 0.2424353
0.27 252 1 126512.5498910 166999.0000000 0.2424353
0.28 253 1 126512.5498910 166999.0000000 0.2424353
0.27 254 1 126512.5498910 166999.0000000 0.2424353
0.27 255 1 126512.5498910 166999.0000000 0.2424353
0.27 256 1 126512.5498910 166999.0000000 0.2424353
0.27 257 1 126512.5498910 166999.0000000 0.2424353
0.27 258 1 126512.5498910 166999.0000000 0.2424353
0.27 259 1 126512.5498910 166999.0000000 0.2424353
0.27 260 1 126512.5498910 166999.0000000 0.2424353
0.27 261 1 126512.5498910 166999.0000000 0.2424353
0.27 262 1 126512.5498910 166999.0000000 0.2424353
0.27 263 1 126512.5498910 166999.0000000 0.2424353
0.27 264 1 126512.5498910 166999.0000000 0.2424353
0.27 265 1 126512.5498910 166999.0000000 0.2424353
0.27 266 1 126512.5498910 166999.0000000 0.2424353
0.27 267 1 126512.5498910 166999.0000000 0.2424353
0.27 268 1 126512.5498910 166999.0000000 0.2424353
0.27 269 1 126512.5498910 166999.0000000 0.2424353
0.27 270 1 126512.5498910 166999.0000000 0.2424353
0.27 271 1 126512.5498910 166999.0000000 0.2424353
0.27 272 1 126512.5498910 166999.0000000 0.2424353
0.27 273 1 126512.5498910 166999.0000000 0.2424353
0.27 274 1 126512.5498910 166999.0000000 0.2424353
0.27 275 1 126512.5498910 166999.0000000 0.2424353
0.27 276 1 126512.5498910 166999.0000000 0.2424353
0.27 277 1 126512.5498910 166999.0000000 0.2424353
0.27 278 1 126512.5498910 166999.0000000 0.2424353
0.27 279 1 126512.5498910 166999.0000000 0.2424353
0.27 280 1 126512.5498910 166999.0000000 0.2424353
0.27 281 1 126512.5498910 166999.0000000 0.2424353
0.27 282 1 126512.5498910 166999.0000000 0.2424353
0.27 283 1 126512.5498910 166999.0000000 0.2424353
0.27 284 1 126512.5498910 166999.0000000 0.2424353
0.27 285 1 126512.5498910 166999.0000000 0.2424353
0.27 286 1 126512.5498910 166999.0000000 0.2424353
0.27 287 1 126512.5498910 166999.0000000 0.2424353
0.27 288 1 126512.5498910 166999.0000000 0.2424353
0.27 289 1 126512.5498910 166999.0000000 0.2424353
0.27 290 1 126512.5498910 166999.0000000 0.2424353
0.27 291 1 126512.5498910 166999.0000000 0.2424353
0.27 292 1 126512.5498910 166999.0000000 0.2424353
0.27 293 1 126512.5498910 166999.0000000 0.2424353
0.27 294 1 126512.5498910 166999.0000000 0.2424353
0.27 295 1 126512.5498910 166999.0000000 0.2424353
0.27 296 1 126512.5498910 166999.0000000 0.2424353
0.27 297 1 126512.5498910 166999.0000000 0.2424353
0.27 298 1 126512.5498910 166999.0000000 0.2424353
0.27 299 1 126512.5498910 166999.0000000 0.2424353
0.27 300 1 126512.5498910 166999.0000000 0.2424353
0.27 301 1 126512.5498910 166999.0000000 0.2424353
0.27 302 1 126512.5498910 166999.0000000 0.2424353
0.27 303 1 126512.5498910 166999.0000000 0.2424353
0.27 304 1 126512.5498910 166999.0000000 0.2424353
0.27 305 1 126512.5498910 166999.0000000 0.2424353
0.27 306 1 126512.5498910 166999.0000000 0.2424353
0.27 307 1 126512.5498910 166999.0000000 0.2424353
0.27 308 1 126512.5498910 166999.0000000 0.2424353
0.27 309 1 126512.5498910 166999.0000000 0.2424353
0.27 310 1 126512.5498910 166999.0000000 0.2424353
0.27 311 1 126512.5498910 166999.0000000 0.2424353
0.27 312 1 126512.5498910 166999.0000000 0.2424353
0.27 313 1 126512.5498910 166999.0000000 0.2424353
0.27 314 1 126512.5498910 166999.0000000 0.2424353
0.27 315 1 126512.5498910 166999.0000000 0.2424353
0.27 316 1 126512.5498910 166999.0000000 0.2424353
0.27 317 1 126512.5498910 166999.0000000 0.2424353
0.27 318 1 126512.5498910 166999.0000000 0.2424353
0.27 319 1 126512.5498910 166999.0000000 0.2424353
0.27 320 1 126512.5498910 166999.0000000 0.2424353
0.27 321 1 126512.5498910 166999.0000000 0.2424353
0.27 322 1 126512.5498910 166999.0000000 0.2424353
0.27 323 1 126512.5498910 166999.0000000 0.2424353
0.27 324 1 126512.5498910 166999.0000000 0.2424353
0.27 325 1 126512.5498910 166999.0000000 0.2424353
0.27 326 1 126512.5498910 166999.0000000 0.2424353
0.27 327 1 126512.5498910 166999.0000000 0.2424353
0.27 328 1 126512.5498910 166999.0000000 0.2424353
0.27 329 1 126512.5498910 166999.0000000 0.2424353
0.27 330 1 126512.5498910 166999.0000000 0.2424353
0.27 331 1 126512.5498910 166999.0000000 0.2424353
0.27 332 1 126512.5498910 166999.0000000 0.2424353
0.27 333 1 126512.5498910 166999.0000000 0.2424353
0.27 334 1 126512.5498910 166999.0000000 0.2424353
0.27 335 1 126512.5498910 166999.0000000 0.2424353
0.27 336 1 126512.5498910 166999.0000000 0.2424353
0.27 337 1 126512.5498910 166999.0000000 0.2424353
0.27 338 1 126512.5498910 166999.0000000 0.2424353
0.27 339 1 126512.5498910 166999.0000000 0.2424353
0.27 340 1 126512.5498910 166999.0000000 0.2424353
0.27 341 1 126512.5498910 166999.0000000 0.2424353
0.27 342 1 126512.5498910 166999.0000000 0.2424353
0.27 343 1 126512.5498910 166999.0000000 0.2424353
0.27 344 1 126512.5498910 166999.0000000 0.2424353
0.27 345 1 126512.5498910 166999.0000000 0.2424353
0.27 346 1 126512.5498910 166999.0000000 0.2424353
0.27 347 1 126512.5498910 166999.0000000 0.2424353
0.27 348 1 126512.5498910 166999.0000000 0.2424353
0.27 349 1 126512.5498910 166999.0000000 0.2424353
0.27 350 1 126512.5498910 166999.0000000 0.2424353
0.27 351 1 126512.5498910 166999.0000000 0.2424353
0.27 352 1 126512.5498910 166999.0000000 0.2424353
0.27 353 1 126512.5498910 166999.0000000 0.2424353
0.27 354 1 126512.5498910 166999.0000000 0.2424353
0.27 355 1 126512.5498910 166999.0000000 0.2424353
0.27 356 1 126512.5498910 166999.0000000 0.2424353
0.27 357 1 126512.5498910 166999.0000000 0.2424353
0.27 358 1 126512.5498910 166999.0000000 0.2424353
0.27 359 1 126512.5498910 166999.0000000 0.2424353
0.27 360 1 126512.5498910 166999.0000000 0.2424353
0.27 361 1 126512.5498910 166999.0000000 0.2424353
0.27 362 1 126512.5498910 166999.0000000 0.2424353
0.27 363 1 126512.5498910 166999.0000000 0.2424353
0.27 364 1 126512.5498910 166999.0000000 0.2424353
0.27 365 1 126512.5498910 166999.0000000 0.2424353
0.27 366 1 126512.5498910 166999.0000000 0.2424353
0.27 367 1 126512.5498910 166999.0000000 0.2424353
0.27 368 1 126512.5498910 166999.0000000 0.2424353
0.27 369 1 126512.5498910 166999.0000000 0.2424353
0.27 370 1 126512.5498910 166999.0000000 0.2424353
0.27 371 1 126512.5498910 166999.0000000 0.2424353
0.27 372 1 126512.5498910 166999.0000000 0.2424353
0.27 373 1 126512.5498910 166999.0000000 0.2424353
0.27 374 1 126512.5498910 166999.0000000 0.2424353
0.27 375 1 126512.5498910 166999.0000000 0.2424353
0.27 376 1 126512.5498910 166999.0000000 0.2424353
0.27 377 1 126512.5498910 166999.0000000 0.2424353
0.27 378 1 126512.5498910 166999.0000000 0.2424353
0.27 379 1 126512.5498910 166999.0000000 0.2424353
0.27 380 1 126512.5498910 166999.0000000 0.2424353
0.27 381 1 126512.5498910 166999.0000000 0.2424353
0.27 382 1 126512.5498910 166999.0000000 0.2424353
0.27 383 1 126512.5498910 166999.0000000 0.2424353
0.27 384 1 126512.5498910 166999.0000000 0.2424353
0.27 385 1 126512.5498910 166999.0000000 0.2424353
0.27 386 1 126512.5498910 166999.0000000 0.2424353
0.27 387 1 126512.5498910 166999.0000000 0.2424353
0.27 388 1 126512.5498910 166999.0000000 0.2424353
0.27 389 1 126512.5498910 166999.0000000 0.2424353
0.27 390 1 126512.5498910 166999.0000000 0.2424353
0.27 391 1 126512.5498910 166999.0000000 0.2424353
0.27 392 1 126512.5498910 166999.0000000 0.2424353
0.27 393 1 126512.5498910 166999.0000000 0.2424353
0.27 394 1 126512.5498910 166999.0000000 0.2424353
0.27 395 1 126512.5498910 166999.0000000 0.2424353
0.27 396 1 126512.5498910 166999.0000000 0.2424353
0.27 397 1 126512.5498910 166999.0000000 0.2424353
0.27 398 1 126512.5498910 166999.0000000 0.2424353
0.27 399 1 126512.5498910 166999.0000000 0.2424353
0.27 400 1 126512.5498910 166999.0000000 0.2424353
0.27 401 1 126512.5498910 166999.0000000 0.2424353
0.27 402 1 126512.5498910 166999.0000000 0.2424353
0.27 403 1 126512.5498910 166999.0000000 0.2424353
0.27 404 1 126512.5498910 166999.0000000 0.2424353
0.27 405 1 126512.5498910 166999.0000000 0.2424353
0.27 406 1 126512.5498910 166999.0000000 0.2424353
0.27 407 1 126512.5498910 166999.0000000 0.2424353
0.27 408 1 126512.5498910 166999.0000000 0.2424353
0.27 409 1 126512.5498910 166999.0000000 0.2424353
0.27 410 1 126512.5498910 166999.0000000 0.2424353
0.27 411 1 126512.5498910 166999.0000000 0.2424353
0.27 412 1 126512.5498910 166999.0000000 0.2424353
0.27 413 1 126512.5498910 166999.0000000 0.2424353
0.27 414 1 126512.5498910 166999.0000000 0.2424353
0.27 415 1 126512.5498910 166999.0000000 0.2424353
0.27 416 1 126512.5498910 166999.0000000 0.2424353
0.27 417 1 126512.5498910 166999.0000000 0.2424353
0.27 418 1 126512.5498910 166999.0000000 0.2424353
0.27 419 1 126512.5498910 166999.0000000 0.2424353
0.27 420 1 126512.5498910 166999.0000000 0.2424353
0.27 421 1 126512.5498910 166999.0000000 0.2424353
0.27 422 1 126512.5498910 166999.0000000 0.2424353
0.27 423 1 126512.5498910 166999.0000000 0.2424353
0.27 424 1 126512.5498910 166999.0000000 0.2424353
0.27 425 1 126512.5498910 166999.0000000 0.2424353
0.27 426 1 126512.5498910 166999.0000000 0.2424353
0.27 427 1 126512.5498910 166999.0000000 0.2424353
0.27 428 1 126512.5498910 166999.0000000 0.2424353
0.27 429 1 126512.5498910 166999.0000000 0.2424353
0.27 430 1 126512.5498910 166999.0000000 0.2424353
0.27 431 1 126512.5498910 166999.0000000 0.2424353
0.27 432 1 126512.5498910 166999.0000000 0.2424353
0.27 433 1 126512.5498910 166999.0000000 0.2424353
0.27 434 1 126512.5498910 166999.0000000 0.2424353
0.27 435 1 126512.5498910 166999.0000000 0.2424353
0.27 436 1 126512.5498910 166999.0000000 0.2424353
0.27 437 1 126512.5498910 166999.0000000 0.2424353
0.27 438 1 126512.5498910 166999.0000000 0.2424353
0.27 439 1 126512.5498910 166999.0000000 0.2424353
0.27 440 1 126512.5498910 166999.0000000 0.2424353
0.27 441 1 126512.5498910 166999.0000000 0.2424353
0.27 442 1 126512.5498910 166999.0000000 0.2424353
0.27 443 1 126512.5498910 166999.0000000 0.2424353
0.27 444 1 126512.5498910 166999.0000000 0.2424353
0.27 445 1 126512.5498910 166999.0000000 0.2424353
0.27 446 1 126512.5498910 166999.0000000 0.2424353
0.27 447 1 126512.5498910 166999.0000000 0.2424353
0.27 448 1 126512.5498910 166999.0000000 0.2424353
0.27 449 1 126512.5498910 166999.0000000 0.2424353
0.27 450 1 126512.5498910 166999.0000000 0.2424353
0.27 451 1 126512.5498910 166999.0000000 0.2424353
0.27 452 1 126512.5498910 166999.0000000 0.2424353
0.27 453 1 126512.5498910 166999.0000000 0.2424353
0.27 454 1 126512.5498910 166999.0000000 0.2424353
0.27 455 1 126512.5498910 166999.0000000 0.2424353
0.27 456 1 126512.5498910 166999.0000000 0.2424353
0.27 457 1 126512.5498910 166999.0000000 0.2424353
0.27 458 1 126512.5498910 166999.0000000 0.2424353
0.27 459 1 126512.5498910 166999.0000000 0.2424353
0.27 460 1 126512.5498910 166999.0000000 0.2424353
0.27 461 1 126512.5498910 166999.0000000 0.2424353
0.27 462 1 126512.5498910 166999.0000000 0.2424353
0.27 463 1 126512.5498910 166999.0000000 0.2424353
0.27 464 1 126512.5498910 166999.0000000 0.2424353
0.27 465 1 126512.5498910 166999.0000000 0.2424353
0.27 466 1 126512.5498910 166999.0000000 0.2424353
0.27 467 1 126512.5498910 166999.0000000 0.2424353
0.27 468 1 126512.5498910 166999.0000000 0.2424353
0.27 469 1 126512.5498910 166999.0000000 0.2424353
0.27 470 1 126512.5498910 166999.0000000 0.2424353
0.27 471 1 126512.5498910 166999.0000000 0.2424353
0.27 472 1 126512.5498910 166999.0000000 0.2424353
0.27 473 1 126512.5498910 166999.0000000 0.2424353
0.27 474 1 126512.5498910 166999.0000000 0.2424353
0.27 475 1 126512.5498910 166999.0000000 0.2424353
0.27 476 1 126512.5498910 166999.0000000 0.2424353
0.27 477 1 126512.5498910 166999.0000000 0.2424353
0.27 478 1 126512.5498910 166999.0000000 0.2424353
0.27 479 1 126512.5498910 166999.0000000 0.2424353
0.27 480 1 126512.5498910 166999.0000000 0.2424353
0.27 481 1 126512.5498910 166999.0000000 0.2424353
0.27 482 1 126512.5498910 166999.0000000 0.2424353
0.27 483 1 126512.5498910 166999.0000000 0.2424353
0.27 484 1 126512.5498910 166999.0000000 0.2424353
0.27 485 1 126512.5498910 166999.0000000 0.2424353
0.27 486 1 126512.5498910 166999.0000000 0.2424353
0.27 487 1 126512.5498910 166999.0000000 0.2424353
0.27 488 1 126512.5498910 166999.0000000 0.2424353
0.27 489 1 126512.5498910 166999.0000000 0.2424353
0.27 490 1 126512.5498910 166999.0000000 0.2424353
0.27 491 1 126512.5498910 166999.0000000 0.2424353
0.27 492 1 126512.5498910 166999.0000000 0.2424353
0.27 493 1 126512.5498910 166999.0000000 0.2424353
0.27 494 1 126512.5498910 166999.0000000 0.2424353
0.27 495 1 126512.5498910 166999.0000000 0.2424353
0.27 496 1 126512.5498910 166999.0000000 0.2424353
0.27 497 1 126512.5498910 166999.0000000 0.2424353
0.27 498 1 126512.5498910 166999.0000000 0.2424353
0.27 499 1 126512.5498910 166999.0000000 0.2424353
0.27 500 1 126512.5498910 166999.0000000 0.2424353
0.27 501 1 126512.5498910 166999.0000000 0.2424353
0.27 502 1 126512.5498910 166999.0000000 0.2424353
0.27 503 1 126512.5498910 166999.0000000 0.2424353
0.27 504 1 126512.5498910 166999.0000000 0.2424353
0.27 505 1 126512.5498910 166999.0000000 0.2424353
0.27 506 1 126512.5498910 166999.0000000 0.2424353
0.27 507 1 126512.5498910 166999.0000000 0.2424353
0.27 508 1 126512.5498910 166999.0000000 0.2424353
0.27 509 1 126512.5498910 166999.0000000 0.2424353
0.27 510 1 126512.5498910 166999.0000000 0.2424353
0.27 511 1 126512.5498910 166999.0000000 0.2424353
0.27 512 1 126512.5498910 166999.0000000 0.2424353
0.27 513 1 126512.5498910 166999.0000000 0.2424353
0.27 514 1 126512.5498910 166999.0000000 0.2424353
0.27 515 1 126512.5498910 166999.0000000 0.2424353
0.27 516 1 126512.5498910 166999.0000000 0.2424353
0.27 517 1 126512.5498910 166999.0000000 0.2424353
0.27 518 1 126512.5498910 166999.0000000 0.2424353
0.27 519 1 126512.5498910 166999.0000000 0.2424353
0.27 520 1 126512.5498910 166999.0000000 0.2424353
0.27 521 1 126512.5498910 166999.0000000 0.2424353
0.27 522 1 126512.5498910 166999.0000000 0.2424353
0.28 523 1 126512.5498910 166999.0000000 0.2424353
0.27 524 1 126512.5498910 166999.0000000 0.2424353
0.27 525 1 126512.5498910 166999.0000000 0.2424353
0.27 526 1 126512.5498910 166999.0000000 0.2424353
0.27 527 1 126512.5498910 166999.0000000 0.2424353
0.27 528 1 126512.5498910 166999.0000000 0.2424353
0.27 529 1 126512.5498910 166999.0000000 0.2424353
0.27 530 1 126512.5498910 166999.0000000 0.2424353
0.27 531 1 126512.5498910 166999.0000000 0.2424353
0.27 532 1 126512.5498910 166999.0000000 0.2424353
0.27 533 1 126512.5498910 166999.0000000 0.2424353
0.27 534 1 126512.5498910 166999.0000000 0.2424353
0.28 535 1 126512.5498910 166999.0000000 0.2424353
0.28 536 1 126512.5498910 166999.0000000 0.2424353
0.28 537 1 126512.5498910 166999.0000000 0.2424353
0.27 538 1 126512.5498910 166999.0000000 0.2424353
0.27 539 1 126512.5498910 166999.0000000 0.2424353
0.27 540 1 126512.5498910 166999.0000000 0.2424353
0.27 541 1 126512.5498910 166999.0000000 0.2424353
0.27 542 1 126512.5498910 166999.0000000 0.2424353
0.27 543 1 126512.5498910 166999.0000000 0.2424353
0.27 544 1 126512.5498910 166999.0000000 0.2424353
0.27 545 1 126512.5498910 166999.0000000 0.2424353
0.27 546 1 126512.5498910 166999.0000000 0.2424353
0.27 547 1 126512.5498910 166999.0000000 0.2424353
0.28 548 1 126512.5498910 166999.0000000 0.2424353
0.27 549 1 126512.5498910 166999.0000000 0.2424353
0.27 550 1 126512.5498910 166999.0000000 0.2424353
0.27 551 1 126512.5498910 166999.0000000 0.2424353
0.27 552 1 126512.5498910 166999.0000000 0.2424353
0.27 553 1 126512.5498910 166999.0000000 0.2424353
0.27 554 1 126512.5498910 166999.0000000 0.2424353
0.27 555 1 126512.5498910 166999.0000000 0.2424353
0.27 556 1 126512.5498910 166999.0000000 0.2424353
0.27 557 1 126512.5498910 166999.0000000 0.2424353
0.27 558 1 126512.5498910 166999.0000000 0.2424353
0.27 559 1 126512.5498910 166999.0000000 0.2424353
0.27 560 1 126512.5498910 166999.0000000 0.2424353
0.27 561 1 126512.5498910 166999.0000000 0.2424353
0.27 562 1 126512.5498910 166999.0000000 0.2424353
0.27 563 1 126512.5498910 166999.0000000 0.2424353
0.27 564 1 126512.5498910 166999.0000000 0.2424353
0.27 565 1 126512.5498910 166999.0000000 0.2424353
0.27 566 1 126512.5498910 166999.0000000 0.2424353
0.27 567 1 126512.5498910 166999.0000000 0.2424353
0.27 568 1 126512.5498910 166999.0000000 0.2424353
0.27 569 1 126512.5498910 166999.0000000 0.2424353
0.27 570 1 126512.5498910 166999.0000000 0.2424353
0.27 571 1 126512.5498910 166999.0000000 0.2424353
0.27 572 1 126512.5498910 166999.0000000 0.2424353
0.27 573 1 126512.5498910 166999.0000000 0.2424353
0.27 574 1 126512.5498910 166999.0000000 0.2424353
0.27 575 1 126512.5498910 166999.0000000 0.2424353
0.27 576 1 126512.5498910 166999.0000000 0.2424353
0.27 577 1 126512.5498910 166999.0000000 0.2424353
0.27 578 1 126512.5498910 166999.0000000 0.2424353
0.27 579 1 126512.5498910 166999.0000000 0.2424353
0.27 580 1 126512.5498910 166999.0000000 0.2424353
0.27 581 1 126512.5498910 166999.0000000 0.2424353
0.27 582 1 126512.5498910 166999.0000000 0.2424353
0.27 583 1 126512.5498910 166999.0000000 0.2424353
0.27 584 1 126512.5498910 166999.0000000 0.2424353
0.27 585 1 126512.5498910 166999.0000000 0.2424353
0.27 586 1 126512.5498910 166999.0000000 0.2424353
0.27 587 1 126512.5498910 166999.0000000 0.2424353
0.28 588 1 126512.5498910 166999.0000000 0.2424353
0.27 589 1 126512.5498910 166999.0000000 0.2424353
0.27 590 1 126512.5498910 166999.0000000 0.2424353
0.27 591 1 126512.5498910 166999.0000000 0.2424353
0.27 592 1 126512.5498910 166999.0000000 0.2424353
0.27 593 1 126512.5498910 166999.0000000 0.2424353
0.27 594 1 126512.5498910 166999.0000000 0.2424353
0.27 595 1 126512.5498910 166999.0000000 0.2424353
0.27 596 1 126512.5498910 166999.0000000 0.2424353
0.27 597 1 126512.5498910 166999.0000000 0.2424353
0.27 598 1 126512.5498910 166999.0000000 0.2424353
0.27 599 1 126512.5498910 166999.0000000 0.2424353
0.27 600 1 126512.5498910 166999.0000000 0.2424353
0.27 601 1 126512.5498910 166999.0000000 0.2424353
0.27 602 1 126512.5498910 166999.0000000 0.2424353
0.27 603 1 126512.5498910 166999.0000000 0.2424353
0.27 604 1 126512.5498910 166999.0000000 0.2424353
0.27 605 1 126512.5498910 166999.0000000 0.2424353
0.27 606 1 126512.5498910 166999.0000000 0.2424353
0.27 607 1 126512.5498910 166999.0000000 0.2424353
0.27 608 1 126512.5498910 166999.0000000 0.2424353
0.27 609 1 126512.5498910 166999.0000000 0.2424353
0.27 610 1 126512.5498910 166999.0000000 0.2424353
0.27 611 1 126512.5498910 166999.0000000 0.2424353
0.27 612 1 126512.5498910 166999.0000000 0.2424353
0.27 613 1 126512.5498910 166999.0000000 0.2424353
0.27 614 1 126512.5498910 166999.0000000 0.2424353
0.27 615 1 126512.5498910 166999.0000000 0.2424353
0.27 616 1 126512.5498910 166999.0000000 0.2424353
0.27 617 1 126512.5498910 166999.0000000 0.2424353
0.27 618 1 126512.5498910 166999.0000000 0.2424353
0.27 619 1 126512.5498910 166999.0000000 0.2424353
0.27 620 1 126512.5498910 166999.0000000 0.2424353
0.27 621 1 126512.5498910 166999.0000000 0.2424353
0.27 622 1 126512.5498910 166999.0000000 0.2424353
0.27 623 1 126512.5498910 166999.0000000 0.2424353
0.27 624 1 126512.5498910 166999.0000000 0.2424353
0.27 625 1 126512.5498910 166999.0000000 0.2424353
0.27 626 1 126512.5498910 166999.0000000 0.2424353
0.27 627 1 126512.5498910 166999.0000000 0.2424353
0.27 628 1 126512.5498910 166999.0000000 0.2424353
0.27 629 1 126512.5498910 166999.0000000 0.2424353
0.27 630 1 126512.5498910 166999.0000000 0.2424353
0.27 631 1 126512.5498910 166999.0000000 0.2424353
0.27 632 1 126512.5498910 166999.0000000 0.2424353
0.29 633 1 126512.5498910 166999.0000000 0.2424353
0.27 634 1 126512.5498910 166999.0000000 0.2424353
0.27 635 1 126512.5498910 166999.0000000 0.2424353
0.27 636 1 126512.5498910 166999.0000000 0.2424353
0.27 637 1 126512.5498910 166999.0000000 0.2424353
0.27 638 1 126512.5498910 166999.0000000 0.2424353
0.27 639 1 126512.5498910 166999.0000000 0.2424353
0.27 640 1 126512.5498910 166999.0000000 0.2424353
0.27 641 1 126512.5498910 166999.0000000 0.2424353
0.27 642 1 126512.5498910 166999.0000000 0.2424353
0.27 643 1 126512.5498910 166999.0000000 0.2424353
0.27 644 1 126512.5498910 166999.0000000 0.2424353
0.28 645 1 126512.5498910 166999.0000000 0.2424353
0.27 646 1 126512.5498910 166999.0000000 0.2424353
0.27 647 1 126512.5498910 166999.0000000 0.2424353
0.27 648 1 126512.5498910 166999.0000000 0.2424353
0.27 649 1 126512.5498910 166999.0000000 0.2424353
0.27 650 1 126512.5498910 166999.0000000 0.2424353
0.27 651 1 126512.5498910 166999.0000000 0.2424353
0.28 652 1 126512.5498910 166999.0000000 0.2424353
0.27 653 1 126512.5498910 166999.0000000 0.2424353
0.27 654 1 126512.5498910 166999.0000000 0.2424353
0.27 655 1 126512.5498910 166999.0000000 0.2424353
0.28 656 1 126512.5498910 166999.0000000 0.2424353
0.27 657 1 126512.5498910 166999.0000000 0.2424353
0.27 658 1 126512.5498910 166999.0000000 0.2424353
0.27 659 1 126512.5498910 166999.0000000 0.2424353
0.27 660 1 126512.5498910 166999.0000000 0.2424353
0.28 661 1 126512.5498910 166999.0000000 0.2424353
0.27 662 1 126512.5498910 166999.0000000 0.2424353
0.27 663 1 126512.5498910 166999.0000000 0.2424353
0.27 664 1 126512.5498910 166999.0000000 0.2424353
0.27 665 1 126512.5498910 166999.0000000 0.2424353
0.27 666 1 126512.5498910 166999.0000000 0.2424353
0.27 667 1 126512.5498910 166999.0000000 0.2424353
0.27 668 1 126512.5498910 166999.0000000 0.2424353
0.27 669 1 126512.5498910 166999.0000000 0.2424353
0.27 670 1 126512.5498910 166999.0000000 0.2424353
0.27 671 1 126512.5498910 166999.0000000 0.2424353
0.27 672 1 126512.5498910 166999.0000000 0.2424353
0.27 673 1 126512.5498910 166999.0000000 0.2424353
0.27 674 1 126512.5498910 166999.0000000 0.2424353
0.27 675 1 126512.5498910 166999.0000000 0.2424353
0.27 676 1 126512.5498910 166999.0000000 0.2424353
0.27 677 1 126512.5498910 166999.0000000 0.2424353
0.27 678 1 126512.5498910 166999.0000000 0.2424353
0.27 679 1 126512.5498910 166999.0000000 0.2424353
0.27 680 1 126512.5498910 166999.0000000 0.2424353
0.27 681 1 126512.5498910 166999.0000000 0.2424353
0.27 682 1 126512.5498910 166999.0000000 0.2424353
0.27 683 1 126512.5498910 166999.0000000 0.2424353
0.27 684 1 126512.5498910 166999.0000000 0.2424353
0.27 685 1 126512.5498910 166999.0000000 0.2424353
0.27 686 1 126512.5498910 166999.0000000 0.2424353
0.27 687 1 126512.5498910 166999.0000000 0.2424353
0.27 688 1 126512.5498910 166999.0000000 0.2424353
0.27 689 1 126512.5498910 166999.0000000 0.2424353
0.27 690 1 126512.5498910 166999.0000000 0.2424353
0.27 691 1 126512.5498910 166999.0000000 0.2424353
0.27 692 1 126512.5498910 166999.0000000 0.2424353
0.27 693 1 126512.5498910 166999.0000000 0.2424353
0.27 694 1 126512.5498910 166999.0000000 0.2424353
0.27 695 1 126512.5498910 166999.0000000 0.2424353
0.27 696 1 126512.5498910 166999.0000000 0.2424353
0.27 697 1 126512.5498910 166999.0000000 0.2424353
0.27 698 1 126512.5498910 166999.0000000 0.2424353
0.27 699 1 126512.5498910 166999.0000000 0.2424353
0.27 700 1 126512.5498910 166999.0000000 0.2424353
0.27 701 1 126512.5498910 166999.0000000 0.2424353
0.27 702 1 126512.5498910 166999.0000000 0.2424353
0.27 703 1 126512.5498910 166999.0000000 0.2424353
0.27 704 1 126512.5498910 166999.0000000 0.2424353
0.27 705 1 126512.5498910 166999.0000000 0.2424353
0.27 706 1 126512.5498910 166999.0000000 0.2424353
0.27 707 1 126512.5498910 166999.0000000 0.2424353
0.27 708 1 126512.5498910 166999.0000000 0.2424353
0.27 709 1 126512.5498910 166999.0000000 0.2424353
0.27 710 1 126512.5498910 166999.0000000 0.2424353
0.27 711 1 126512.5498910 166999.0000000 0.2424353
0.27 712 1 126512.5498910 166999.0000000 0.2424353
0.27 713 1 126512.5498910 166999.0000000 0.2424353
0.27 714 1 126512.5498910 166999.0000000 0.2424353
0.27 715 1 126512.5498910 166999.0000000 0.2424353
0.27 716 1 126512.5498910 166999.0000000 0.2424353
0.27 717 1 126512.5498910 166999.0000000 0.2424353
0.27 718 1 126512.5498910 166999.0000000 0.2424353
0.27 719 1 126512.5498910 166999.0000000 0.2424353
0.27 720 1 126512.5498910 166999.0000000 0.2424353
0.27 721 1 126512.5498910 166999.0000000 0.2424353
0.27 722 1 126512.5498910 166999.0000000 0.2424353
0.27 723 1 126512.5498910 166999.0000000 0.2424353
0.27 724 1 126512.5498910 166999.0000000 0.2424353
0.27 725 1 126512.5498910 166999.0000000 0.2424353
0.27 726 1 126512.5498910 166999.0000000 0.2424353
0.27 727 1 126512.5498910 166999.0000000 0.2424353
0.27 728 1 126512.5498910 166999.0000000 0.2424353
0.28 729 1 126512.5498910 166999.0000000 0.2424353
0.27 730 1 126512.5498910 166999.0000000 0.2424353
0.27 731 1 126512.5498910 166999.0000000 0.2424353
0.27 732 1 126512.5498910 166999.0000000 0.2424353
0.27 733 1 126512.5498910 166999.0000000 0.2424353
0.27 734 1 126512.5498910 166999.0000000 0.2424353
0.27 735 1 126512.5498910 166999.0000000 0.2424353
0.27 736 1 126512.5498910 166999.0000000 0.2424353
0.27 737 1 126512.5498910 166999.0000000 0.2424353
0.27 738 1 126512.5498910 166999.0000000 0.2424353
0.27 739 1 126512.5498910 166999.0000000 0.2424353
0.27 740 1 126512.5498910 166999.0000000 0.2424353
0.27 741 1 126512.5498910 166999.0000000 0.2424353
0.27 742 1 126512.5498910 166999.0000000 0.2424353
0.27 743 1 126512.5498910 166999.0000000 0.2424353
0.27 744 1 126512.5498910 166999.0000000 0.2424353
0.27 745 1 126512.5498910 166999.0000000 0.2424353
0.27 746 1 126512.5498910 166999.0000000 0.2424353
0.27 747 1 126512.5498910 166999.0000000 0.2424353
0.28 748 1 126512.5498910 166999.0000000 0.2424353
0.27 749 1 126512.5498910 166999.0000000 0.2424353
0.27 750 1 126512.5498910 166999.0000000 0.2424353
0.27 751 1 126512.5498910 166999.0000000 0.2424353
0.27 752 1 126512.5498910 166999.0000000 0.2424353
0.27 753 1 126512.5498910 166999.0000000 0.2424353
0.27 754 1 126512.5498910 166999.0000000 0.2424353
0.27 755 1 126512.5498910 166999.0000000 0.2424353
0.27 756 1 126512.5498910 166999.0000000 0.2424353
0.27 757 1 126512.5498910 166999.0000000 0.2424353
0.27 758 1 126512.5498910 166999.0000000 0.2424353
0.27 759 1 126512.5498910 166999.0000000 0.2424353
0.27 760 1 126512.5498910 166999.0000000 0.2424353
0.27 761 1 126512.5498910 166999.0000000 0.2424353
0.27 762 1 126512.5498910 166999.0000000 0.2424353
0.27 763 1 126512.5498910 166999.0000000 0.2424353
0.27 764 1 126512.5498910 166999.0000000 0.2424353
0.27 765 1 126512.5498910 166999.0000000 0.2424353
0.27 766 1 126512.5498910 166999.0000000 0.2424353
0.27 767 1 126512.5498910 166999.0000000 0.2424353
0.28 768 1 126512.5498910 166999.0000000 0.2424353
0.27 769 1 126512.5498910 166999.0000000 0.2424353
0.27 770 1 126512.5498910 166999.0000000 0.2424353
0.27 771 1 126512.5498910 166999.0000000 0.2424353
0.27 772 1 126512.5498910 166999.0000000 0.2424353
0.27 773 1 126512.5498910 166999.0000000 0.2424353
0.27 774 1 126512.5498910 166999.0000000 0.2424353
0.27 775 1 126512.5498910 166999.0000000 0.2424353
0.27 776 1 126512.5498910 166999.0000000 0.2424353
0.27 777 1 126512.5498910 166999.0000000 0.2424353
0.27 778 1 126512.5498910 166999.0000000 0.2424353
0.27 779 1 126512.5498910 166999.0000000 0.2424353
0.27 780 1 126512.5498910 166999.0000000 0.2424353
0.27 781 1 126512.5498910 166999.0000000 0.2424353
0.27 782 1 126512.5498910 166999.0000000 0.2424353
0.27 783 1 126512.5498910 166999.0000000 0.2424353
0.27 784 1 126512.5498910 166999.0000000 0.2424353
0.26 785 1 126512.5498910 166999.0000000 0.2424353
0.27 786 1 126512.5498910 166999.0000000 0.2424353
0.27 787 1 126512.5498910 166999.0000000 0.2424353
0.27 788 1 126512.5498910 166999.0000000 0.2424353
0.27 789 1 126512.5498910 166999.0000000 0.2424353
0.27 790 1 126512.5498910 166999.0000000 0.2424353
0.27 791 1 126512.5498910 166999.0000000 0.2424353
0.27 792 1 126512.5498910 166999.0000000 0.2424353
0.27 793 1 126512.5498910 166999.0000000 0.2424353
0.28 794 1 126512.5498910 166999.0000000 0.2424353
0.28 795 1 126512.5498910 166999.0000000 0.2424353
0.28 796 1 126512.5498910 166999.0000000 0.2424353
0.27 797 1 126512.5498910 166999.0000000 0.2424353
0.27 798 1 126512.5498910 166999.0000000 0.2424353
0.27 799 1 126512.5498910 166999.0000000 0.2424353
0.27 800 1 126512.5498910 166999.0000000 0.2424353
0.27 801 1 126512.5498910 166999.0000000 0.2424353
0.28 802 1 126512.5498910 166999.0000000 0.2424353
0.27 803 1 126512.5498910 166999.0000000 0.2424353
0.27 804 1 126512.5498910 166999.0000000 0.2424353
0.27 805 1 126512.5498910 166999.0000000 0.2424353
0.27 806 1 126512.5498910 166999.0000000 0.2424353
0.27 807 1 126512.5498910 166999.0000000 0.2424353
0.27 808 1 126512.5498910 166999.0000000 0.2424353
0.27 809 1 126512.5498910 166999.0000000 0.2424353
0.27 810 1 126512.5498910 166999.0000000 0.2424353
0.27 811 1 126512.5498910 166999.0000000 0.2424353
0.27 812 1 126512.5498910 166999.0000000 0.2424353
0.27 813 1 126512.5498910 166999.0000000 0.2424353
0.27 814 1 126512.5498910 166999.0000000 0.2424353
0.27 815 1 126512.5498910 166999.0000000 0.2424353
0.27 816 1 126512.5498910 166999.0000000 0.2424353
0.27 817 1 126512.5498910 166999.0000000 0.2424353
0.27 818 1 126512.5498910 166999.0000000 0.2424353
0.27 819 1 126512.5498910 166999.0000000 0.2424353
0.27 820 1 126512.5498910 166999.0000000 0.2424353
0.27 821 1 126512.5498910 166999.0000000 0.2424353
0.27 822 1 126512.5498910 166999.0000000 0.2424353
0.27 823 1 126512.5498910 166999.0000000 0.2424353
0.27 824 1 126512.5498910 166999.0000000 0.2424353
0.27 825 1 126512.5498910 166999.0000000 0.2424353
0.27 826 1 126512.5498910 166999.0000000 0.2424353
0.27 827 1 126512.5498910 166999.0000000 0.2424353
0.28 828 1 126512.5498910 166999.0000000 0.2424353
0.27 829 1 126512.5498910 166999.0000000 0.2424353
0.28 830 1 126512.5498910 166999.0000000 0.2424353
0.27 831 1 126512.5498910 166999.0000000 0.2424353
0.28 832 1 126512.5498910 166999.0000000 0.2424353
0.27 833 1 126512.5498910 166999.0000000 0.2424353
0.27 834 1 126512.5498910 166999.0000000 0.2424353
0.27 835 1 126512.5498910 166999.0000000 0.2424353
0.27 836 1 126512.5498910 166999.0000000 0.2424353
0.27 837 1 126512.5498910 166999.0000000 0.2424353
0.28 838 1 126512.5498910 166999.0000000 0.2424353
0.27 839 1 126512.5498910 166999.0000000 0.2424353
0.27 840 1 126512.5498910 166999.0000000 0.2424353
0.27 841 1 126512.5498910 166999.0000000 0.2424353
0.27 842 1 126512.5498910 166999.0000000 0.2424353
0.27 843 1 126512.5498910 166999.0000000 0.2424353
0.27 844 1 126512.5498910 166999.0000000 0.2424353
0.27 845 1 126512.5498910 166999.0000000 0.2424353
0.27 846 1 126512.5498910 166999.0000000 0.2424353
0.27 847 1 126512.5498910 166999.0000000 0.2424353
0.27 848 1 126512.5498910 166999.0000000 0.2424353
0.27 849 1 126512.5498910 166999.0000000 0.2424353
0.27 850 1 126512.5498910 166999.0000000 0.2424353
0.27 851 1 126512.5498910 166999.0000000 0.2424353
0.27 852 1 126512.5498910 166999.0000000 0.2424353
0.28 853 1 126512.5498910 166999.0000000 0.2424353
0.27 854 1 126512.5498910 166999.0000000 0.2424353
0.27 855 1 126512.5498910 166999.0000000 0.2424353
0.27 856 1 126512.5498910 166999.0000000 0.2424353
0.27 857 1 126512.5498910 166999.0000000 0.2424353
0.27 858 1 126512.5498910 166999.0000000 0.2424353
0.27 859 1 126512.5498910 166999.0000000 0.2424353
0.27 860 1 126512.5498910 166999.0000000 0.2424353
0.27 861 1 126512.5498910 166999.0000000 0.2424353
0.27 862 1 126512.5498910 166999.0000000 0.2424353
0.27 863 1 126512.5498910 166999.0000000 0.2424353
0.27 864 1 126512.5498910 166999.0000000 0.2424353
0.27 865 1 126512.5498910 166999.0000000 0.2424353
0.27 866 1 126512.5498910 166999.0000000 0.2424353
0.27 867 1 126512.5498910 166999.0000000 0.2424353
0.27 868 1 126512.5498910 166999.0000000 0.2424353
0.27 869 1 126512.5498910 166999.0000000 0.2424353
0.27 870 1 126512.5498910 166999.0000000 0.2424353
0.27 871 1 126512.5498910 166999.0000000 0.2424353
0.27 872 1 126512.5498910 166999.0000000 0.2424353
0.27 873 1 126512.5498910 166999.0000000 0.2424353
0.27 874 1 126512.5498910 166999.0000000 0.2424353
0.27 875 1 126512.5498910 166999.0000000 0.2424353
0.27 876 1 126512.5498910 166999.0000000 0.2424353
0.27 877 1 126512.5498910 166999.0000000 0.2424353
0.27 878 1 126512.5498910 166999.0000000 0.2424353
0.27 879 1 126512.5498910 166999.0000000 0.2424353
0.27 880 1 126512.5498910 166999.0000000 0.2424353
0.27 881 1 126512.5498910 166999.0000000 0.2424353
0.27 882 1 126512.5498910 166999.0000000 0.2424353
0.27 883 1 126512.5498910 166999.0000000 0.2424353
0.27 884 1 126512.5498910 166999.0000000 0.2424353
0.27 885 1 126512.5498910 166999.0000000 0.2424353
0.27 886 1 126512.5498910 166999.0000000 0.2424353
0.27 887 1 126512.5498910 166999.0000000 0.2424353
0.28 888 1 126512.5498910 166999.0000000 0.2424353
0.28 889 1 126512.5498910 166999.0000000 0.2424353
0.27 890 1 126512.5498910 166999.0000000 0.2424353
0.27 891 1 126512.5498910 166999.0000000 0.2424353
0.27 892 1 126512.5498910 166999.0000000 0.2424353
0.27 893 1 126512.5498910 166999.0000000 0.2424353
0.27 894 1 126512.5498910 166999.0000000 0.2424353
0.27 895 1 126512.5498910 166999.0000000 0.2424353
0.27 896 1 126512.5498910 166999.0000000 0.2424353
0.27 897 1 126512.5498910 166999.0000000 0.2424353
0.27 898 1 126512.5498910 166999.0000000 0.2424353
0.27 899 1 126512.5498910 166999.0000000 0.2424353
0.27 900 1 126512.5498910 166999.0000000 0.2424353
0.27 901 1 126512.5498910 166999.0000000 0.2424353
0.27 902 1 126512.5498910 166999.0000000 0.2424353
0.27 903 1 126512.5498910 166999.0000000 0.2424353
0.27 904 1 126512.5498910 166999.0000000 0.2424353
0.27 905 1 126512.5498910 166999.0000000 0.2424353
0.27 906 1 126512.5498910 166999.0000000 0.2424353
0.27 907 1 126512.5498910 166999.0000000 0.2424353
0.27 908 1 126512.5498910 166999.0000000 0.2424353
0.27 909 1 126512.5498910 166999.0000000 0.2424353
0.27 910 1 126512.5498910 166999.0000000 0.2424353
0.27 911 1 126512.5498910 166999.0000000 0.2424353
0.27 912 1 126512.5498910 166999.0000000 0.2424353
0.27 913 1 126512.5498910 166999.0000000 0.2424353
0.27 914 1 126512.5498910 166999.0000000 0.2424353
0.27 915 1 126512.5498910 166999.0000000 0.2424353
0.27 916 1 126512.5498910 166999.0000000 0.2424353
0.27 917 1 126512.5498910 166999.0000000 0.2424353
0.27 918 1 126512.5498910 166999.0000000 0.2424353
0.27 919 1 126512.5498910 166999.0000000 0.2424353
0.27 920 1 126512.5498910 166999.0000000 0.2424353
0.27 921 1 126512.5498910 166999.0000000 0.2424353
0.27 922 1 126512.5498910 166999.0000000 0.2424353
0.27 923 1 126512.5498910 166999.0000000 0.2424353
0.27 924 1 126512.5498910 166999.0000000 0.2424353
0.27 925 1 126512.5498910 166999.0000000 0.2424353
0.27 926 1 126512.5498910 166999.0000000 0.2424353
0.27 927 1 126512.5498910 166999.0000000 0.2424353
0.27 928 1 126512.5498910 166999.0000000 0.2424353
0.27 929 1 126512.5498910 166999.0000000 0.2424353
0.27 930 1 126512.5498910 166999.0000000 0.2424353
0.27 931 1 126512.5498910 166999.0000000 0.2424353
0.27 932 1 126512.5498910 166999.0000000 0.2424353
0.27 933 1 126512.5498910 166999.0000000 0.2424353
0.27 934 1 126512.5498910 166999.0000000 0.2424353
0.27 935 1 126512.5498910 166999.0000000 0.2424353
0.27 936 1 126512.5498910 166999.0000000 0.2424353
0.27 937 1 126512.5498910 166999.0000000 0.2424353
0.27 938 1 126512.5498910 166999.0000000 0.2424353
0.27 939 1 126512.5498910 166999.0000000 0.2424353
0.27 940 1 126512.5498910 166999.0000000 0.2424353
0.27 941 1 126512.5498910 166999.0000000 0.2424353
0.27 942 1 126512.5498910 166999.0000000 0.2424353
0.27 943 1 126512.5498910 166999.0000000 0.2424353
0.27 944 1 126512.5498910 166999.0000000 0.2424353
0.27 945 1 126512.5498910 166999.0000000 0.2424353
0.27 946 1 126512.5498910 166999.0000000 0.2424353
0.27 947 1 126512.5498910 166999.0000000 0.2424353
0.27 948 1 126512.5498910 166999.0000000 0.2424353
0.27 949 1 126512.5498910 166999.0000000 0.2424353
0.27 950 1 126512.5498910 166999.0000000 0.2424353
0.27 951 1 126512.5498910 166999.0000000 0.2424353
0.27 952 1 126512.5498910 166999.0000000 0.2424353
0.27 953 1 126512.5498910 166999.0000000 0.2424353
0.27 954 1 126512.5498910 166999.0000000 0.2424353
0.27 955 1 126512.5498910 166999.0000000 0.2424353
0.27 956 1 126512.5498910 166999.0000000 0.2424353
0.27 957 1 126512.5498910 166999.0000000 0.2424353
0.27 958 1 126512.5498910 166999.0000000 0.2424353
0.27 959 1 126512.5498910 166999.0000000 0.2424353
