3.85 0 0 134531.0214284 190995.0000000 0.2956307
0.31 1 60 134880.6168990 190995.0000000 0.2938003
0.31 2 31 135019.6864885 190995.0000000 0.2930721
0.31 3 17 135042.4823939 190995.0000000 0.2929528
0.31 4 11 135049.2296775 190995.0000000 0.2929175
0.30 5 7 135052.1715468 190995.0000000 0.2929021
0.30 6 5 135052.4482425 190995.0000000 0.2929006
0.30 7 5 135053.2766951 190995.0000000 0.2928963
0.31 8 6 135054.4518611 190995.0000000 0.2928901
0.31 9 6 135055.6871202 190995.0000000 0.2928837
0.30 10 4 135057.0008991 190995.0000000 0.2928768
0.32 11 5 135057.5706102 190995.0000000 0.2928738
0.31 12 3 135058.2330456 190995.0000000 0.2928703
0.32 13 4 135058.6384907 190995.0000000 0.2928682
0.32 14 3 135058.8720093 190995.0000000 0.2928670
0.32 15 3 135059.0190995 190995.0000000 0.2928662
0.32 16 4 135059.2399733 190995.0000000 0.2928650
0.32 17 3 135059.3767317 190995.0000000 0.2928643
0.32 18 4 135059.5808833 190995.0000000 0.2928633
0.32 19 4 135059.6833273 190995.0000000 0.2928627
0.32 20 2 135060.3646291 190995.0000000 0.2928592
0.32 21 3 135060.4074268 190995.0000000 0.2928589
0.32 22 3 135060.5379392 190995.0000000 0.2928583
0.32 23 2 135060.5379392 190995.0000000 0.2928583
0.32 24 2 135060.5379392 190995.0000000 0.2928583
0.32 25 2 135060.5379392 190995.0000000 0.2928583
0.32 26 2 135060.5379392 190995.0000000 0.2928583
0.32 27 2 135060.5379392 190995.0000000 0.2928583
0.32 28 2 135060.5379392 190995.0000000 0.2928583
0.32 29 2 135060.5379392 190995.0000000 0.2928583
0.32 30 2 135060.5379392 190995.0000000 0.2928583
0.32 31 2 135060.5379392 190995.0000000 0.2928583
0.33 32 2 135060.5379392 190995.0000000 0.2928583
0.32 33 2 135060.5379392 190995.0000000 0.2928583
0.33 34 2 135060.5379392 190995.0000000 0.2928583
0.32 35 2 135060.5379392 190995.0000000 0.2928583
0.33 36 2 135060.5379392 190995.0000000 0.2928583
0.33 37 2 135060.7907860 190995.0000000 0.2928569
0.32 38 3 135061.2606178 190995.0000000 0.2928545
0.33 39 3 135061.3828997 190995.0000000 0.2928538
0.32 40 3 135061.3828997 190995.0000000 0.2928538
0.33 41 3 135061.4217754 190995.0000000 0.2928536
0.33 42 2 135061.4217754 190995.0000000 0.2928536
0.33 43 2 135061.4217754 190995.0000000 0.2928536
0.33 44 2 135061.4217754 190995.0000000 0.2928536
0.33 45 2 135061.4217754 190995.0000000 0.2928536
0.33 46 2 135061.4217754 190995.0000000 0.2928536
0.33 47 2 135061.4217754 190995.0000000 0.2928536
0.33 48 2 135061.4217754 190995.0000000 0.2928536
0.33 49 2 135061.4217754 190995.0000000 0.2928536
0.33 50 2 135061.4217754 190995.0000000 0.2928536
0.33 51 2 135061.4217754 190995.0000000 0.2928536
0.33 52 2 135061.4219182 190995.0000000 0.2928536
0.34 53 2 135061.4219182 190995.0000000 0.2928536
0.34 54 2 135061.4359540 190995.0000000 0.2928536
0.34 55 3 135061.6791380 190995.0000000 0.2928523
0.33 56 3 135062.0268087 190995.0000000 0.2928505
0.32 57 2 135062.3492698 190995.0000000 0.2928488
0.33 58 2 135062.4582216 190995.0000000 0.2928482
0.33 59 2 135062.7469105 190995.0000000 0.2928467
0.33 60 2 135062.8262410 190995.0000000 0.2928463
0.33 61 2 135062.8262410 190995.0000000 0.2928463
0.33 62 2 135062.8262410 190995.0000000 0.2928463
0.33 63 2 135062.8262410 190995.0000000 0.2928463
0.33 64 2 135062.8262410 190995.0000000 0.2928463
0.33 65 2 135062.8262410 190995.0000000 0.2928463
0.33 66 2 135062.8270401 190995.0000000 0.2928463
0.33 67 2 135062.8518527 190995.0000000 0.2928461
0.34 68 2 135062.8946499 190995.0000000 0.2928459
0.33 69 2 135062.8946499 190995.0000000 0.2928459
0.34 70 2 135062.9021569 190995.0000000 0.2928459
0.34 71 2 135062.9220168 190995.0000000 0.2928458
0.34 72 2 135063.0944474 190995.0000000 0.2928449
0.34 73 2 135063.0944474 190995.0000000 0.2928449
0.34 74 2 135063.1689725 190995.0000000 0.2928445
0.35 75 2 135063.7637233 190995.0000000 0.2928414
0.33 76 2 135064.3148239 190995.0000000 0.2928385
0.33 77 2 135064.4475767 190995.0000000 0.2928378
0.34 78 2 135064.5975822 190995.0000000 0.2928370
0.33 79 2 135064.7825488 190995.0000000 0.2928360
0.33 80 2 135064.9016510 190995.0000000 0.2928354
0.33 81 2 135065.2398580 190995.0000000 0.2928336
0.33 82 1 135065.2968561 190995.0000000 0.2928333
