2.73 0 0 121648.8721104 168451.0000000 0.2778382
0.25 1 58 121869.0568468 168451.0000000 0.2765311
0.21 2 19 121900.9726138 168451.0000000 0.2763417
0.21 3 16 121904.5216115 168451.0000000 0.2763206
0.22 4 10 121906.7584507 168451.0000000 0.2763073
0.22 5 7 121908.3639614 168451.0000000 0.2762978
0.22 6 7 121910.4423425 168451.0000000 0.2762854
0.23 7 7 121915.1852385 168451.0000000 0.2762573
0.22 8 8 121916.2495025 168451.0000000 0.2762510
0.22 9 8 121916.4807694 168451.0000000 0.2762496
0.23 10 6 121916.7208690 168451.0000000 0.2762482
0.23 11 7 121916.9529558 168451.0000000 0.2762468
0.23 12 6 121917.4000988 168451.0000000 0.2762441
0.23 13 6 121917.8051249 168451.0000000 0.2762417
0.23 14 8 121918.0454743 168451.0000000 0.2762403
0.23 15 6 121918.1204820 168451.0000000 0.2762399
0.23 16 7 121918.2283117 168451.0000000 0.2762392
0.24 17 7 121918.4458414 168451.0000000 0.2762379
0.24 18 8 121918.6848582 168451.0000000 0.2762365
0.24 19 7 121919.0594919 168451.0000000 0.2762343
0.24 20 7 121919.6603140 168451.0000000 0.2762307
0.23 21 6 121920.0096572 168451.0000000 0.2762286
0.23 22 6 121920.2798842 168451.0000000 0.2762270
0.24 23 7 121920.7760629 168451.0000000 0.2762241
0.24 24 6 121920.9294128 168451.0000000 0.2762232
0.24 25 5 121921.0853666 168451.0000000 0.2762223
0.25 26 4 121921.1350487 168451.0000000 0.2762220
0.25 27 3 121921.1659983 168451.0000000 0.2762218
0.25 28 4 121921.1987470 168451.0000000 0.2762216
0.24 29 4 121921.2190028 168451.0000000 0.2762215
0.25 30 4 121921.2570262 168451.0000000 0.2762212
0.24 31 4 121921.2928994 168451.0000000 0.2762210
0.24 32 4 121921.3337833 168451.0000000 0.2762208
0.25 33 4 121921.3772719 168451.0000000 0.2762205
0.24 34 4 121921.4291531 168451.0000000 0.2762202
0.24 35 4 121921.4489021 168451.0000000 0.2762201
0.24 36 4 121921.4597245 168451.0000000 0.2762200
0.24 37 4 121921.4649264 168451.0000000 0.2762200
0.24 38 4 121921.4706047 168451.0000000 0.2762200
0.25 39 4 121921.4763525 168451.0000000 0.2762199
0.24 40 4 121921.4794292 168451.0000000 0.2762199
0.24 41 2 121921.4794292 168451.0000000 0.2762199
0.24 42 3 121921.4794292 168451.0000000 0.2762199
0.24 43 3 121921.4794292 168451.0000000 0.2762199
0.24 44 3 121921.4794292 168451.0000000 0.2762199
0.24 45 3 121921.4794292 168451.0000000 0.2762199
0.24 46 3 121921.4794292 168451.0000000 0.2762199
0.24 47 3 121921.4794292 168451.0000000 0.2762199
0.24 48 3 121921.4794292 168451.0000000 0.2762199
0.24 49 3 121921.4794292 168451.0000000 0.2762199
0.24 50 3 121921.4794292 168451.0000000 0.2762199
0.24 51 3 121921.4794292 168451.0000000 0.2762199
0.24 52 3 121921.4794292 168451.0000000 0.2762199
0.24 53 3 121921.4794292 168451.0000000 0.2762199
0.24 54 3 121921.4794292 168451.0000000 0.2762199
0.24 55 3 121921.4794292 168451.0000000 0.2762199
0.24 56 3 121921.4794292 168451.0000000 0.2762199
0.24 57 3 121921.4794292 168451.0000000 0.2762199
0.24 58 3 121921.4794292 168451.0000000 0.2762199
0.24 59 3 121921.4794292 168451.0000000 0.2762199
0.24 60 3 121921.4794292 168451.0000000 0.2762199
0.24 61 2 121921.4794292 168451.0000000 0.2762199
0.24 62 3 121921.4794292 168451.0000000 0.2762199
0.24 63 3 121921.4794292 168451.0000000 0.2762199
0.24 64 3 121921.4794292 168451.0000000 0.2762199
0.24 65 3 121921.4794292 168451.0000000 0.2762199
0.24 66 3 121921.4794292 168451.0000000 0.2762199
0.24 67 2 121921.4794292 168451.0000000 0.2762199
0.24 68 2 121921.4794292 168451.0000000 0.2762199
0.24 69 3 121921.4794292 168451.0000000 0.2762199
0.24 70 2 121921.4794292 168451.0000000 0.2762199
0.24 71 3 121921.4794292 168451.0000000 0.2762199
0.24 72 3 121921.4794292 168451.0000000 0.2762199
0.24 73 3 121921.4794292 168451.0000000 0.2762199
0.24 74 3 121921.4794292 168451.0000000 0.2762199
0.24 75 3 121921.4794292 168451.0000000 0.2762199
0.24 76 3 121921.4794292 168451.0000000 0.2762199
0.24 77 3 121921.4794292 168451.0000000 0.2762199
0.24 78 3 121921.4794292 168451.0000000 0.2762199
0.24 79 3 121921.4794292 168451.0000000 0.2762199
0.24 80 3 121921.4794292 168451.0000000 0.2762199
0.24 81 3 121921.4794292 168451.0000000 0.2762199
0.24 82 3 121921.4794292 168451.0000000 0.2762199
0.24 83 3 121921.4794292 168451.0000000 0.2762199
0.24 84 3 121921.4794292 168451.0000000 0.2762199
0.24 85 3 121921.4794292 168451.0000000 0.2762199
0.25 86 3 121921.4794292 168451.0000000 0.2762199
0.25 87 3 121921.4794292 168451.0000000 0.2762199
0.25 88 3 121921.4794292 168451.0000000 0.2762199
0.24 89 3 121921.4794292 168451.0000000 0.2762199
0.24 90 3 121921.4794292 168451.0000000 0.2762199
0.24 91 3 121921.4794292 168451.0000000 0.2762199
0.24 92 3 121921.4794292 168451.0000000 0.2762199
0.24 93 3 121921.4794292 168451.0000000 0.2762199
0.24 94 3 121921.4794292 168451.0000000 0.2762199
0.24 95 3 121921.4794292 168451.0000000 0.2762199
0.24 96 3 121921.4794292 168451.0000000 0.2762199
0.25 97 3 121921.4794292 168451.0000000 0.2762199
0.24 98 3 121921.4794292 168451.0000000 0.2762199
0.24 99 3 121921.4794292 168451.0000000 0.2762199
0.24 100 3 121921.4794292 168451.0000000 0.2762199
0.24 101 3 121921.4794292 168451.0000000 0.2762199
0.24 102 3 121921.4794292 168451.0000000 0.2762199
0.25 103 3 121921.4794292 168451.0000000 0.2762199
0.24 104 3 121921.4794292 168451.0000000 0.2762199
0.24 105 3 121921.4794292 168451.0000000 0.2762199
0.25 106 3 121921.4794292 168451.0000000 0.2762199
0.24 107 2 121921.4794292 168451.0000000 0.2762199
0.24 108 3 121921.4794292 168451.0000000 0.2762199
0.24 109 3 121921.4794292 168451.0000000 0.2762199
0.24 110 3 121921.4794292 168451.0000000 0.2762199
0.24 111 3 121921.4794292 168451.0000000 0.2762199
0.24 112 3 121921.4794292 168451.0000000 0.2762199
0.25 113 3 121921.4794292 168451.0000000 0.2762199
0.25 114 3 121921.4794292 168451.0000000 0.2762199
0.24 115 3 121921.4794292 168451.0000000 0.2762199
0.24 116 3 121921.4794292 168451.0000000 0.2762199
0.24 117 3 121921.4794292 168451.0000000 0.2762199
0.24 118 3 121921.4794292 168451.0000000 0.2762199
0.24 119 3 121921.4794292 168451.0000000 0.2762199
0.25 120 3 121921.4794292 168451.0000000 0.2762199
0.25 121 3 121921.4794292 168451.0000000 0.2762199
0.25 122 3 121921.4794292 168451.0000000 0.2762199
0.24 123 3 121921.4794292 168451.0000000 0.2762199
0.24 124 3 121921.4794292 168451.0000000 0.2762199
0.25 125 3 121921.4794292 168451.0000000 0.2762199
0.25 126 3 121921.4794292 168451.0000000 0.2762199
0.24 127 3 121921.4794292 168451.0000000 0.2762199
0.25 128 3 121921.4794292 168451.0000000 0.2762199
0.25 129 3 121921.4794292 168451.0000000 0.2762199
0.25 130 3 121921.4794292 168451.0000000 0.2762199
0.25 131 2 121921.4794292 168451.0000000 0.2762199
0.24 132 3 121921.4794292 168451.0000000 0.2762199
0.25 133 3 121921.4794292 168451.0000000 0.2762199
0.25 134 3 121921.4794292 168451.0000000 0.2762199
0.25 135 3 121921.4794292 168451.0000000 0.2762199
0.25 136 3 121921.4794292 168451.0000000 0.2762199
0.25 137 2 121921.4794292 168451.0000000 0.2762199
0.25 138 3 121921.4794292 168451.0000000 0.2762199
0.25 139 3 121921.4794292 168451.0000000 0.2762199
0.25 140 2 121921.4794292 168451.0000000 0.2762199
0.24 141 3 121921.4794292 168451.0000000 0.2762199
0.24 142 3 121921.4794292 168451.0000000 0.2762199
0.25 143 3 121921.4794292 168451.0000000 0.2762199
0.25 144 2 121921.4794292 168451.0000000 0.2762199
0.25 145 3 121921.4794292 168451.0000000 0.2762199
0.25 146 3 121921.4794292 168451.0000000 0.2762199
0.25 147 3 121921.4794292 168451.0000000 0.2762199
0.25 148 3 121921.4794292 168451.0000000 0.2762199
0.25 149 3 121921.4794292 168451.0000000 0.2762199
0.25 150 3 121921.4794292 168451.0000000 0.2762199
0.25 151 3 121921.4794292 168451.0000000 0.2762199
0.25 152 2 121921.4794292 168451.0000000 0.2762199
0.25 153 3 121921.4810752 168451.0000000 0.2762199
0.26 154 3 121921.7111559 168451.0000000 0.2762185
0.26 155 3 121922.2957454 168451.0000000 0.2762151
0.26 156 2 121922.5577054 168451.0000000 0.2762135
0.26 157 3 121922.8690493 168451.0000000 0.2762117
0.26 158 4 121923.1068673 168451.0000000 0.2762103
0.25 159 2 121923.3143323 168451.0000000 0.2762090
0.26 160 3 121924.0698540 168451.0000000 0.2762045
0.25 161 4 121924.2081444 168451.0000000 0.2762037
0.25 162 3 121924.4199582 168451.0000000 0.2762025
0.24 163 3 121924.5405517 168451.0000000 0.2762017
0.25 164 2 121924.6051063 168451.0000000 0.2762014
0.25 165 3 121924.6738269 168451.0000000 0.2762009
0.26 166 2 121924.7042485 168451.0000000 0.2762008
0.26 167 2 121924.7116003 168451.0000000 0.2762007
0.26 168 2 121924.7543432 168451.0000000 0.2762005
0.26 169 3 121924.8654244 168451.0000000 0.2761998
0.26 170 2 121925.1920204 168451.0000000 0.2761979
0.25 171 3 121925.4177734 168451.0000000 0.2761965
0.25 172 2 121925.6245979 168451.0000000 0.2761953
0.26 173 3 121925.7807954 168451.0000000 0.2761944
0.26 174 2 121925.9588445 168451.0000000 0.2761933
0.26 175 3 121926.2864041 168451.0000000 0.2761914
0.26 176 3 121926.6132226 168451.0000000 0.2761894
0.26 177 5 121926.7885897 168451.0000000 0.2761884
0.27 178 3 121926.9551387 168451.0000000 0.2761874
0.26 179 3 121927.2962394 168451.0000000 0.2761854
0.25 180 2 121927.4152135 168451.0000000 0.2761847
0.25 181 2 121928.2811297 168451.0000000 0.2761795
0.27 182 2 121928.8445598 168451.0000000 0.2761762
0.26 183 2 121929.1329600 168451.0000000 0.2761745
0.26 184 3 121929.2616965 168451.0000000 0.2761737
0.27 185 2 121929.3069228 168451.0000000 0.2761734
0.28 186 2 121929.6218282 168451.0000000 0.2761716
0.27 187 2 121930.0208548 168451.0000000 0.2761692
0.27 188 4 121930.2871143 168451.0000000 0.2761676
0.27 189 3 121930.4784070 168451.0000000 0.2761665
0.27 190 3 121930.6082913 168451.0000000 0.2761657
0.27 191 3 121930.6817018 168451.0000000 0.2761653
0.27 192 3 121930.7645769 168451.0000000 0.2761648
0.27 193 2 121930.9325959 168451.0000000 0.2761638
0.27 194 3 121931.2536185 168451.0000000 0.2761619
0.27 195 2 121931.4038290 168451.0000000 0.2761610
0.27 196 3 121931.5388172 168451.0000000 0.2761602
0.28 197 3 121931.7777100 168451.0000000 0.2761588
0.27 198 3 121931.9474990 168451.0000000 0.2761578
0.27 199 3 121932.0941613 168451.0000000 0.2761569
0.26 200 3 121932.1550725 168451.0000000 0.2761565
0.27 201 3 121932.3136098 168451.0000000 0.2761556
0.27 202 3 121932.5008357 168451.0000000 0.2761545
0.28 203 4 121932.8755764 168451.0000000 0.2761523
0.28 204 3 121933.0281360 168451.0000000 0.2761514
0.29 205 2 121933.1776282 168451.0000000 0.2761505
0.28 206 3 121933.4071137 168451.0000000 0.2761491
0.28 207 3 121933.4864519 168451.0000000 0.2761486
0.27 208 3 121933.6256745 168451.0000000 0.2761478
0.27 209 4 121933.7601180 168451.0000000 0.2761470
0.28 210 4 121933.8931159 168451.0000000 0.2761462
0.27 211 4 121933.9500863 168451.0000000 0.2761459
0.28 212 4 121934.1940116 168451.0000000 0.2761444
0.28 213 3 121934.5035466 168451.0000000 0.2761426
0.27 214 4 121934.8285425 168451.0000000 0.2761407
0.28 215 4 121935.0596531 168451.0000000 0.2761393
0.28 216 3 121935.1478891 168451.0000000 0.2761388
0.30 217 3 121935.3429410 168451.0000000 0.2761376
0.28 218 3 121935.4585193 168451.0000000 0.2761369
0.28 219 4 121935.8118609 168451.0000000 0.2761348
0.27 220 2 121935.9354960 168451.0000000 0.2761341
0.28 221 3 121936.1084475 168451.0000000 0.2761331
0.28 222 3 121936.3201817 168451.0000000 0.2761318
0.28 223 3 121936.4241883 168451.0000000 0.2761312
0.29 224 2 121936.5843636 168451.0000000 0.2761302
0.28 225 3 121936.6814457 168451.0000000 0.2761297
0.28 226 3 121936.7221951 168451.0000000 0.2761294
0.29 227 4 121936.7608724 168451.0000000 0.2761292
0.29 228 3 121936.8125669 168451.0000000 0.2761289
0.29 229 3 121936.9207507 168451.0000000 0.2761282
0.28 230 4 121936.9915768 168451.0000000 0.2761278
0.29 231 3 121937.0637052 168451.0000000 0.2761274
0.28 232 3 121937.0906520 168451.0000000 0.2761272
0.29 233 3 121937.1267444 168451.0000000 0.2761270
0.29 234 3 121937.2800285 168451.0000000 0.2761261
0.30 235 3 121937.5197612 168451.0000000 0.2761247
0.28 236 3 121937.5974550 168451.0000000 0.2761242
0.28 237 3 121937.6707180 168451.0000000 0.2761238
0.29 238 3 121937.8068961 168451.0000000 0.2761230
0.28 239 3 121937.9066702 168451.0000000 0.2761224
0.31 240 3 121937.9635517 168451.0000000 0.2761221
0.29 241 3 121938.0423407 168451.0000000 0.2761216
0.28 242 3 121938.1242854 168451.0000000 0.2761211
0.29 243 4 121938.1967689 168451.0000000 0.2761207
0.28 244 3 121938.2193209 168451.0000000 0.2761205
0.30 245 3 121938.2740576 168451.0000000 0.2761202
0.30 246 3 121938.3443532 168451.0000000 0.2761198
0.31 247 3 121938.4335993 168451.0000000 0.2761193
0.31 248 3 121938.5117867 168451.0000000 0.2761188
0.29 249 3 121938.5606840 168451.0000000 0.2761185
0.29 250 3 121938.6646066 168451.0000000 0.2761179
0.29 251 3 121938.7556047 168451.0000000 0.2761174
0.29 252 3 121938.7948364 168451.0000000 0.2761171
0.28 253 3 121938.8505702 168451.0000000 0.2761168
0.29 254 3 121938.8807074 168451.0000000 0.2761166
0.30 255 3 121938.9563075 168451.0000000 0.2761162
0.30 256 3 121938.9890997 168451.0000000 0.2761160
0.30 257 4 121939.0249243 168451.0000000 0.2761158
0.29 258 3 121939.0486532 168451.0000000 0.2761156
0.30 259 3 121939.0982532 168451.0000000 0.2761153
0.30 260 3 121939.1270264 168451.0000000 0.2761151
0.30 261 5 121939.1949408 168451.0000000 0.2761147
0.29 262 3 121939.2894167 168451.0000000 0.2761142
0.29 263 3 121939.8208077 168451.0000000 0.2761110
0.29 264 3 121940.1959484 168451.0000000 0.2761088
0.28 265 3 121940.3137658 168451.0000000 0.2761081
0.28 266 3 121940.4714086 168451.0000000 0.2761072
0.28 267 3 121940.5155242 168451.0000000 0.2761069
0.28 268 3 121940.7374765 168451.0000000 0.2761056
0.28 269 3 121940.8482310 168451.0000000 0.2761049
0.28 270 3 121940.9650513 168451.0000000 0.2761042
0.28 271 3 121940.9986885 168451.0000000 0.2761040
0.28 272 3 121941.1797066 168451.0000000 0.2761030
0.29 273 3 121941.2480915 168451.0000000 0.2761026
0.29 274 3 121941.3216304 168451.0000000 0.2761021
0.28 275 3 121941.3591191 168451.0000000 0.2761019
0.29 276 3 121941.4352085 168451.0000000 0.2761014
0.29 277 3 121941.4713843 168451.0000000 0.2761012
0.30 278 3 121941.5124652 168451.0000000 0.2761010
0.31 279 3 121941.5971747 168451.0000000 0.2761005
0.30 280 3 121941.6307680 168451.0000000 0.2761003
0.30 281 3 121941.6495059 168451.0000000 0.2761002
0.31 282 3 121941.7218955 168451.0000000 0.2760997
0.29 283 3 121941.8147379 168451.0000000 0.2760992
0.29 284 3 121941.9556271 168451.0000000 0.2760984
0.30 285 3 121941.9894118 168451.0000000 0.2760982
0.30 286 3 121942.0344525 168451.0000000 0.2760979
0.29 287 3 121942.0832065 168451.0000000 0.2760976
0.29 288 3 121942.1143412 168451.0000000 0.2760974
0.29 289 3 121942.1333128 168451.0000000 0.2760973
0.29 290 3 121942.1705796 168451.0000000 0.2760971
0.29 291 3 121942.1886803 168451.0000000 0.2760970
0.30 292 4 121942.2164076 168451.0000000 0.2760968
0.29 293 2 121942.2312319 168451.0000000 0.2760967
0.30 294 3 121942.2637685 168451.0000000 0.2760965
0.30 295 3 121942.3330509 168451.0000000 0.2760961
0.30 296 3 121942.4598585 168451.0000000 0.2760954
0.30 297 3 121942.5115505 168451.0000000 0.2760951
0.30 298 3 121942.5682859 168451.0000000 0.2760947
0.30 299 3 121942.6545502 168451.0000000 0.2760942
0.30 300 2 121942.6699322 168451.0000000 0.2760941
0.29 301 3 121942.6935043 168451.0000000 0.2760940
0.31 302 2 121942.7945587 168451.0000000 0.2760934
0.30 303 2 121942.8726287 168451.0000000 0.2760929
0.30 304 3 121942.9389761 168451.0000000 0.2760925
0.30 305 3 121943.0000790 168451.0000000 0.2760922
0.30 306 3 121943.0389527 168451.0000000 0.2760919
0.31 307 3 121943.0909756 168451.0000000 0.2760916
0.30 308 2 121943.1465209 168451.0000000 0.2760913
0.30 309 3 121943.1766045 168451.0000000 0.2760911
0.31 310 3 121943.2579810 168451.0000000 0.2760906
0.31 311 3 121943.3854904 168451.0000000 0.2760899
0.31 312 3 121943.4866274 168451.0000000 0.2760893
0.31 313 2 121943.5105743 168451.0000000 0.2760891
0.31 314 2 121943.5354254 168451.0000000 0.2760890
0.32 315 2 121943.5934015 168451.0000000 0.2760886
0.33 316 3 121943.6580454 168451.0000000 0.2760883
0.31 317 4 121943.7953089 168451.0000000 0.2760874
0.31 318 4 121943.9770196 168451.0000000 0.2760864
0.31 319 2 121944.2588471 168451.0000000 0.2760847
0.30 320 2 121944.3000493 168451.0000000 0.2760844
0.31 321 1 121944.3629718 168451.0000000 0.2760841
0.31 322 3 121944.4985821 168451.0000000 0.2760833
0.31 323 3 121944.5487931 168451.0000000 0.2760830
0.30 324 2 121944.5694760 168451.0000000 0.2760828
0.31 325 3 121944.6408202 168451.0000000 0.2760824
0.30 326 3 121944.7218950 168451.0000000 0.2760819
0.31 327 3 121944.7688414 168451.0000000 0.2760817
0.30 328 3 121944.8494588 168451.0000000 0.2760812
0.30 329 3 121944.8627506 168451.0000000 0.2760811
0.32 330 3 121944.8837615 168451.0000000 0.2760810
0.31 331 2 121944.9482577 168451.0000000 0.2760806
0.31 332 1 121944.9598592 168451.0000000 0.2760805
0.31 333 2 121945.0440677 168451.0000000 0.2760800
0.31 334 2 121945.0821894 168451.0000000 0.2760798
0.32 335 2 121945.1288669 168451.0000000 0.2760795
0.32 336 2 121945.1512350 168451.0000000 0.2760794
0.32 337 1 121945.1736883 168451.0000000 0.2760793
0.32 338 1 121945.1873360 168451.0000000 0.2760792
0.31 339 1 121945.1974990 168451.0000000 0.2760791
0.32 340 1 121945.2385525 168451.0000000 0.2760789
0.32 341 1 121945.2997568 168451.0000000 0.2760785
0.32 342 1 121945.3048851 168451.0000000 0.2760785
0.32 343 1 121945.3176696 168451.0000000 0.2760784
0.33 344 1 121945.3189406 168451.0000000 0.2760784
0.32 345 1 121945.3314720 168451.0000000 0.2760783
0.31 346 1 121945.3474514 168451.0000000 0.2760782
0.32 347 1 121945.3878201 168451.0000000 0.2760780
0.32 348 2 121945.4065245 168451.0000000 0.2760779
0.32 349 1 121945.4144108 168451.0000000 0.2760778
0.32 350 1 121945.4197646 168451.0000000 0.2760778
0.34 351 1 121945.4510753 168451.0000000 0.2760776
0.33 352 1 121945.4513838 168451.0000000 0.2760776
0.34 353 1 121945.4514601 168451.0000000 0.2760776
0.33 354 1 121945.4534007 168451.0000000 0.2760776
0.33 355 1 121945.4642424 168451.0000000 0.2760775
0.32 356 1 121945.4658560 168451.0000000 0.2760775
0.33 357 1 121945.4684705 168451.0000000 0.2760775
0.34 358 1 121945.4689806 168451.0000000 0.2760775
0.34 359 1 121945.4730838 168451.0000000 0.2760775
0.33 360 1 121945.4736703 168451.0000000 0.2760775
0.33 361 1 121945.4863922 168451.0000000 0.2760774
0.33 362 1 121945.5100068 168451.0000000 0.2760773
0.32 363 1 121945.5216378 168451.0000000 0.2760772
0.33 364 2 121945.5502175 168451.0000000 0.2760770
0.34 365 1 121945.5536865 168451.0000000 0.2760770
0.34 366 1 121945.5631242 168451.0000000 0.2760769
0.32 367 1 121945.5707735 168451.0000000 0.2760769
