0.13 0 0 98815.4076109 120962.0000000 0.1830872
0.19 1 58 99233.8985060 120962.0000000 0.1796275
0.15 2 24 99321.4274174 120962.0000000 0.1789039
0.15 3 20 99362.0539600 120962.0000000 0.1785680
0.15 4 9 99366.8962718 120962.0000000 0.1785280
0.19 5 5 99370.6870970 120962.0000000 0.1784967
0.16 6 3 99371.9273247 120962.0000000 0.1784864
0.19 7 3 99374.7029619 120962.0000000 0.1784635
0.17 8 4 99375.4587807 120962.0000000 0.1784572
0.15 9 2 99376.1682599 120962.0000000 0.1784513
0.15 10 2 99377.1553529 120962.0000000 0.1784432
0.18 11 2 99378.0866741 120962.0000000 0.1784355
0.17 12 3 99380.0572438 120962.0000000 0.1784192
0.17 13 3 99380.6730565 120962.0000000 0.1784141
0.18 14 2 99382.2397932 120962.0000000 0.1784012
0.18 15 4 99384.5478260 120962.0000000 0.1783821
0.17 16 5 99385.6688429 120962.0000000 0.1783728
0.15 17 3 99386.2256164 120962.0000000 0.1783682
0.18 18 4 99387.0130007 120962.0000000 0.1783617
0.17 19 2 99387.4329487 120962.0000000 0.1783582
0.17 20 2 99388.2017862 120962.0000000 0.1783519
0.18 21 3 99388.8948208 120962.0000000 0.1783461
0.16 22 2 99389.9670399 120962.0000000 0.1783373
0.17 23 5 99391.7822000 120962.0000000 0.1783223
0.16 24 3 99392.1451329 120962.0000000 0.1783193
0.15 25 3 99392.4200773 120962.0000000 0.1783170
0.16 26 3 99392.6021110 120962.0000000 0.1783155
0.17 27 1 99392.6021110 120962.0000000 0.1783155
0.17 28 1 99392.6021110 120962.0000000 0.1783155
0.17 29 1 99392.6021110 120962.0000000 0.1783155
0.17 30 1 99392.6021110 120962.0000000 0.1783155
0.17 31 1 99392.6021110 120962.0000000 0.1783155
0.17 32 1 99392.6021110 120962.0000000 0.1783155
0.17 33 1 99392.6252651 120962.0000000 0.1783153
0.17 34 1 99392.8108769 120962.0000000 0.1783138
0.16 35 1 99392.8574062 120962.0000000 0.1783134
0.17 36 1 99392.8820157 120962.0000000 0.1783132
0.17 37 1 99392.8820157 120962.0000000 0.1783132
0.17 38 1 99392.8820157 120962.0000000 0.1783132
0.17 39 1 99392.8820157 120962.0000000 0.1783132
0.17 40 1 99392.8833597 120962.0000000 0.1783132
0.17 41 1 99392.9059169 120962.0000000 0.1783130
0.17 42 1 99392.9517496 120962.0000000 0.1783126
0.17 43 1 99393.1131837 120962.0000000 0.1783113
0.17 44 1 99393.2427795 120962.0000000 0.1783102
0.17 45 1 99393.3040733 120962.0000000 0.1783097
0.17 46 1 99393.3040733 120962.0000000 0.1783097
0.17 47 1 99393.3040733 120962.0000000 0.1783097
0.17 48 1 99393.3040733 120962.0000000 0.1783097
0.17 49 1 99393.3040733 120962.0000000 0.1783097
0.17 50 1 99393.3040733 120962.0000000 0.1783097
