3.47 0 0 126333.2042504 179283.0000000 0.2953420
0.31 1 57 126672.1011846 179283.0000000 0.2934517
0.30 2 30 126713.5192266 179283.0000000 0.2932207
0.30 3 11 126721.0604225 179283.0000000 0.2931786
0.30 4 9 126725.1132188 179283.0000000 0.2931560
0.30 5 2 126725.9093006 179283.0000000 0.2931516
0.30 6 2 126726.4457537 179283.0000000 0.2931486
0.29 7 3 126726.6042216 179283.0000000 0.2931477
0.30 8 3 126726.7363603 179283.0000000 0.2931469
0.30 9 2 126727.0126142 179283.0000000 0.2931454
0.29 10 2 126727.2270504 179283.0000000 0.2931442
0.30 11 3 126727.3047389 179283.0000000 0.2931438
0.30 12 2 126727.4669247 179283.0000000 0.2931429
0.30 13 2 126727.4669247 179283.0000000 0.2931429
0.31 14 2 126727.4669247 179283.0000000 0.2931429
0.30 15 2 126727.4669247 179283.0000000 0.2931429
0.31 16 2 126727.4669247 179283.0000000 0.2931429
0.31 17 2 126727.4669247 179283.0000000 0.2931429
0.30 18 2 126727.4669247 179283.0000000 0.2931429
0.31 19 2 126727.4669247 179283.0000000 0.2931429
0.31 20 2 126727.4856157 179283.0000000 0.2931428
0.30 21 2 126727.5343869 179283.0000000 0.2931425
0.30 22 2 126727.6253574 179283.0000000 0.2931420
0.30 23 1 126727.6253574 179283.0000000 0.2931420
0.30 24 1 126727.6253574 179283.0000000 0.2931420
0.31 25 1 126727.6253574 179283.0000000 0.2931420
0.31 26 1 126727.6253574 179283.0000000 0.2931420
0.30 27 1 126727.6253574 179283.0000000 0.2931420
0.31 28 1 126727.6253574 179283.0000000 0.2931420
0.31 29 1 126727.6253574 179283.0000000 0.2931420
0.30 30 1 126727.6253574 179283.0000000 0.2931420
0.30 31 1 126727.6253574 179283.0000000 0.2931420
0.30 32 1 126727.6253574 179283.0000000 0.2931420
0.31 33 1 126727.6253574 179283.0000000 0.2931420
0.31 34 1 126727.6253574 179283.0000000 0.2931420
0.31 35 1 126727.6253574 179283.0000000 0.2931420
0.31 36 1 126727.6253574 179283.0000000 0.2931420
0.31 37 1 126727.6253574 179283.0000000 0.2931420
0.31 38 1 126727.6253574 179283.0000000 0.2931420
0.31 39 1 126727.6253574 179283.0000000 0.2931420
0.31 40 1 126727.6253574 179283.0000000 0.2931420
0.30 41 1 126727.6253574 179283.0000000 0.2931420
0.31 42 1 126727.6253574 179283.0000000 0.2931420
0.30 43 1 126727.6253574 179283.0000000 0.2931420
0.30 44 1 126727.6253574 179283.0000000 0.2931420
0.31 45 1 126727.6253574 179283.0000000 0.2931420
0.31 46 1 126727.6253574 179283.0000000 0.2931420
0.31 47 1 126727.6253574 179283.0000000 0.2931420
0.31 48 1 126727.6253574 179283.0000000 0.2931420
0.31 49 1 126727.6253574 179283.0000000 0.2931420
0.31 50 1 126727.6253574 179283.0000000 0.2931420
0.31 51 1 126727.6253574 179283.0000000 0.2931420
0.31 52 1 126727.6253574 179283.0000000 0.2931420
0.31 53 1 126727.6253574 179283.0000000 0.2931420
0.32 54 1 126727.6253574 179283.0000000 0.2931420
0.30 55 1 126727.6253574 179283.0000000 0.2931420
0.30 56 1 126727.6253574 179283.0000000 0.2931420
0.31 57 1 126727.6253574 179283.0000000 0.2931420
0.31 58 1 126727.6253574 179283.0000000 0.2931420
0.31 59 1 126727.6253574 179283.0000000 0.2931420
0.31 60 1 126727.6253574 179283.0000000 0.2931420
0.31 61 1 126727.6253574 179283.0000000 0.2931420
0.31 62 1 126727.6253574 179283.0000000 0.2931420
0.31 63 1 126727.6253574 179283.0000000 0.2931420
0.31 64 1 126727.6253574 179283.0000000 0.2931420
0.30 65 1 126727.6253574 179283.0000000 0.2931420
0.31 66 1 126727.6253574 179283.0000000 0.2931420
0.30 67 1 126727.6253574 179283.0000000 0.2931420
0.30 68 1 126727.6253574 179283.0000000 0.2931420
0.31 69 1 126727.6253574 179283.0000000 0.2931420
0.30 70 1 126727.6253574 179283.0000000 0.2931420
0.30 71 1 126727.6253574 179283.0000000 0.2931420
0.31 72 1 126727.6253574 179283.0000000 0.2931420
0.31 73 1 126727.6253574 179283.0000000 0.2931420
0.31 74 1 126727.6253574 179283.0000000 0.2931420
0.31 75 1 126727.6253574 179283.0000000 0.2931420
0.31 76 1 126727.6253574 179283.0000000 0.2931420
0.31 77 1 126727.6253574 179283.0000000 0.2931420
0.31 78 1 126727.6253574 179283.0000000 0.2931420
0.30 79 1 126727.6253574 179283.0000000 0.2931420
0.30 80 1 126727.6253574 179283.0000000 0.2931420
0.31 81 1 126727.6253574 179283.0000000 0.2931420
0.31 82 1 126727.6253574 179283.0000000 0.2931420
0.31 83 1 126727.6253574 179283.0000000 0.2931420
0.31 84 1 126727.6253574 179283.0000000 0.2931420
0.31 85 1 126727.6253574 179283.0000000 0.2931420
0.31 86 1 126727.6253574 179283.0000000 0.2931420
0.31 87 1 126727.6253574 179283.0000000 0.2931420
0.30 88 1 126727.6253574 179283.0000000 0.2931420
0.30 89 1 126727.6253574 179283.0000000 0.2931420
0.31 90 1 126727.6253574 179283.0000000 0.2931420
0.30 91 1 126727.6253574 179283.0000000 0.2931420
0.30 92 1 126727.6253574 179283.0000000 0.2931420
0.31 93 1 126727.6253574 179283.0000000 0.2931420
0.31 94 1 126727.6253574 179283.0000000 0.2931420
0.31 95 1 126727.6253574 179283.0000000 0.2931420
0.31 96 1 126727.6253574 179283.0000000 0.2931420
0.31 97 1 126727.6253574 179283.0000000 0.2931420
0.31 98 1 126727.6253574 179283.0000000 0.2931420
0.30 99 1 126727.6253574 179283.0000000 0.2931420
0.30 100 1 126727.6253574 179283.0000000 0.2931420
0.30 101 1 126727.6253574 179283.0000000 0.2931420
0.30 102 1 126727.6253574 179283.0000000 0.2931420
0.30 103 1 126727.6253574 179283.0000000 0.2931420
0.30 104 1 126727.6253574 179283.0000000 0.2931420
0.30 105 1 126727.6253574 179283.0000000 0.2931420
0.30 106 1 126727.6253574 179283.0000000 0.2931420
0.30 107 1 126727.6253574 179283.0000000 0.2931420
0.31 108 1 126727.6253574 179283.0000000 0.2931420
0.31 109 1 126727.6253574 179283.0000000 0.2931420
0.31 110 1 126727.6253574 179283.0000000 0.2931420
0.31 111 1 126727.6253574 179283.0000000 0.2931420
0.31 112 1 126727.6253574 179283.0000000 0.2931420
0.31 113 1 126727.6253574 179283.0000000 0.2931420
0.30 114 1 126727.6253574 179283.0000000 0.2931420
0.30 115 1 126727.6253574 179283.0000000 0.2931420
0.30 116 1 126727.6253574 179283.0000000 0.2931420
0.31 117 1 126727.6253574 179283.0000000 0.2931420
0.31 118 1 126727.6253574 179283.0000000 0.2931420
0.31 119 1 126727.6253574 179283.0000000 0.2931420
0.31 120 1 126727.6253574 179283.0000000 0.2931420
0.31 121 1 126727.6253574 179283.0000000 0.2931420
0.31 122 1 126727.6253574 179283.0000000 0.2931420
0.31 123 1 126727.6253574 179283.0000000 0.2931420
0.31 124 1 126727.6253574 179283.0000000 0.2931420
0.31 125 1 126727.6253574 179283.0000000 0.2931420
0.30 126 1 126727.6253574 179283.0000000 0.2931420
0.31 127 1 126727.6253574 179283.0000000 0.2931420
0.31 128 1 126727.6253574 179283.0000000 0.2931420
0.31 129 1 126727.6253574 179283.0000000 0.2931420
0.31 130 1 126727.6253574 179283.0000000 0.2931420
0.31 131 1 126727.6253574 179283.0000000 0.2931420
0.31 132 1 126727.6253574 179283.0000000 0.2931420
0.31 133 1 126727.6253574 179283.0000000 0.2931420
0.31 134 1 126727.6253574 179283.0000000 0.2931420
0.31 135 1 126727.6253574 179283.0000000 0.2931420
0.31 136 1 126727.6253574 179283.0000000 0.2931420
0.31 137 1 126727.6253574 179283.0000000 0.2931420
0.30 138 1 126727.6253574 179283.0000000 0.2931420
0.30 139 1 126727.6253574 179283.0000000 0.2931420
0.30 140 1 126727.6253574 179283.0000000 0.2931420
0.30 141 1 126727.6253574 179283.0000000 0.2931420
0.30 142 1 126727.6253574 179283.0000000 0.2931420
0.31 143 1 126727.6253574 179283.0000000 0.2931420
0.31 144 1 126727.6253574 179283.0000000 0.2931420
0.31 145 1 126727.6253574 179283.0000000 0.2931420
0.34 146 1 126727.6253574 179283.0000000 0.2931420
0.31 147 1 126727.6253574 179283.0000000 0.2931420
0.31 148 1 126727.6253574 179283.0000000 0.2931420
0.31 149 1 126727.6253574 179283.0000000 0.2931420
0.30 150 1 126727.6253574 179283.0000000 0.2931420
0.30 151 1 126727.6253574 179283.0000000 0.2931420
0.31 152 1 126727.6253574 179283.0000000 0.2931420
0.31 153 1 126727.6253574 179283.0000000 0.2931420
0.31 154 1 126727.6253574 179283.0000000 0.2931420
0.31 155 1 126727.6253574 179283.0000000 0.2931420
0.31 156 1 126727.6253574 179283.0000000 0.2931420
0.31 157 1 126727.6253574 179283.0000000 0.2931420
0.31 158 1 126727.6253574 179283.0000000 0.2931420
0.30 159 1 126727.6253574 179283.0000000 0.2931420
0.31 160 1 126727.6253574 179283.0000000 0.2931420
0.30 161 1 126727.6253574 179283.0000000 0.2931420
0.30 162 1 126727.6253574 179283.0000000 0.2931420
0.30 163 1 126727.6253574 179283.0000000 0.2931420
0.31 164 1 126727.6253574 179283.0000000 0.2931420
0.31 165 1 126727.6253574 179283.0000000 0.2931420
0.31 166 1 126727.6253574 179283.0000000 0.2931420
0.31 167 1 126727.6253574 179283.0000000 0.2931420
0.31 168 1 126727.6253574 179283.0000000 0.2931420
0.30 169 1 126727.6253574 179283.0000000 0.2931420
0.31 170 1 126727.6253574 179283.0000000 0.2931420
0.31 171 1 126727.6253574 179283.0000000 0.2931420
0.31 172 1 126727.6253574 179283.0000000 0.2931420
0.30 173 1 126727.6253574 179283.0000000 0.2931420
0.30 174 1 126727.6253574 179283.0000000 0.2931420
0.30 175 1 126727.6253574 179283.0000000 0.2931420
0.31 176 1 126727.6253574 179283.0000000 0.2931420
0.31 177 1 126727.6253574 179283.0000000 0.2931420
0.31 178 1 126727.6253574 179283.0000000 0.2931420
0.31 179 1 126727.6253574 179283.0000000 0.2931420
0.31 180 1 126727.6253574 179283.0000000 0.2931420
0.31 181 1 126727.6253574 179283.0000000 0.2931420
0.31 182 1 126727.6253574 179283.0000000 0.2931420
0.30 183 1 126727.6253574 179283.0000000 0.2931420
0.31 184 1 126727.6253574 179283.0000000 0.2931420
0.30 185 1 126727.6253574 179283.0000000 0.2931420
0.30 186 1 126727.6253574 179283.0000000 0.2931420
0.31 187 1 126727.6253574 179283.0000000 0.2931420
0.31 188 1 126727.6253574 179283.0000000 0.2931420
0.31 189 1 126727.6253574 179283.0000000 0.2931420
0.31 190 1 126727.6253574 179283.0000000 0.2931420
0.31 191 1 126727.6253574 179283.0000000 0.2931420
0.31 192 1 126727.6253574 179283.0000000 0.2931420
0.31 193 1 126727.6253574 179283.0000000 0.2931420
0.31 194 1 126727.6253574 179283.0000000 0.2931420
0.31 195 1 126727.6253574 179283.0000000 0.2931420
0.31 196 1 126727.6253574 179283.0000000 0.2931420
0.30 197 1 126727.6253574 179283.0000000 0.2931420
0.30 198 1 126727.6253574 179283.0000000 0.2931420
0.31 199 1 126727.6253574 179283.0000000 0.2931420
0.31 200 1 126727.6253574 179283.0000000 0.2931420
0.31 201 1 126727.6253574 179283.0000000 0.2931420
0.31 202 1 126727.6253574 179283.0000000 0.2931420
0.31 203 1 126727.6253574 179283.0000000 0.2931420
0.31 204 1 126727.6253574 179283.0000000 0.2931420
0.31 205 1 126727.6253574 179283.0000000 0.2931420
0.30 206 1 126727.6253574 179283.0000000 0.2931420
0.30 207 1 126727.6253574 179283.0000000 0.2931420
0.31 208 1 126727.6253574 179283.0000000 0.2931420
0.30 209 1 126727.6253574 179283.0000000 0.2931420
0.30 210 1 126727.6253574 179283.0000000 0.2931420
0.31 211 1 126727.6253574 179283.0000000 0.2931420
0.31 212 1 126727.6253574 179283.0000000 0.2931420
0.31 213 1 126727.6253574 179283.0000000 0.2931420
0.31 214 1 126727.6253574 179283.0000000 0.2931420
0.31 215 1 126727.6253574 179283.0000000 0.2931420
0.31 216 1 126727.6253574 179283.0000000 0.2931420
0.31 217 1 126727.6253574 179283.0000000 0.2931420
0.30 218 1 126727.6253574 179283.0000000 0.2931420
0.30 219 1 126727.6253574 179283.0000000 0.2931420
0.31 220 1 126727.6253574 179283.0000000 0.2931420
0.30 221 1 126727.6253574 179283.0000000 0.2931420
0.30 222 1 126727.6253574 179283.0000000 0.2931420
0.30 223 1 126727.6253574 179283.0000000 0.2931420
0.30 224 1 126727.6253574 179283.0000000 0.2931420
0.30 225 1 126727.6253574 179283.0000000 0.2931420
0.31 226 1 126727.6253574 179283.0000000 0.2931420
0.30 227 1 126727.6253574 179283.0000000 0.2931420
0.30 228 1 126727.6253574 179283.0000000 0.2931420
0.31 229 1 126727.6253574 179283.0000000 0.2931420
0.31 230 1 126727.6253574 179283.0000000 0.2931420
0.31 231 1 126727.6253574 179283.0000000 0.2931420
0.30 232 1 126727.6253574 179283.0000000 0.2931420
0.30 233 1 126727.6253574 179283.0000000 0.2931420
0.30 234 1 126727.6253574 179283.0000000 0.2931420
0.31 235 1 126727.6253574 179283.0000000 0.2931420
0.31 236 1 126727.6253574 179283.0000000 0.2931420
0.31 237 1 126727.6253574 179283.0000000 0.2931420
0.31 238 1 126727.6253574 179283.0000000 0.2931420
0.32 239 1 126727.6253574 179283.0000000 0.2931420
0.30 240 1 126727.6253574 179283.0000000 0.2931420
0.31 241 1 126727.6253574 179283.0000000 0.2931420
0.30 242 1 126727.6253574 179283.0000000 0.2931420
0.30 243 1 126727.6253574 179283.0000000 0.2931420
0.30 244 1 126727.6253574 179283.0000000 0.2931420
0.30 245 1 126727.6253574 179283.0000000 0.2931420
0.31 246 1 126727.6253574 179283.0000000 0.2931420
0.30 247 1 126727.6253574 179283.0000000 0.2931420
0.30 248 1 126727.6253574 179283.0000000 0.2931420
0.31 249 1 126727.6253574 179283.0000000 0.2931420
0.30 250 1 126727.6253574 179283.0000000 0.2931420
0.30 251 1 126727.6253574 179283.0000000 0.2931420
0.31 252 1 126727.6253574 179283.0000000 0.2931420
0.31 253 1 126727.6253574 179283.0000000 0.2931420
0.31 254 1 126727.6253574 179283.0000000 0.2931420
0.31 255 1 126727.6253574 179283.0000000 0.2931420
0.30 256 1 126727.6253574 179283.0000000 0.2931420
0.30 257 1 126727.6253574 179283.0000000 0.2931420
0.31 258 1 126727.6253574 179283.0000000 0.2931420
0.30 259 1 126727.6253574 179283.0000000 0.2931420
0.30 260 1 126727.6253574 179283.0000000 0.2931420
0.31 261 1 126727.6253574 179283.0000000 0.2931420
0.31 262 1 126727.6253574 179283.0000000 0.2931420
0.31 263 1 126727.6253574 179283.0000000 0.2931420
0.31 264 1 126727.6253574 179283.0000000 0.2931420
0.30 265 1 126727.6253574 179283.0000000 0.2931420
0.30 266 1 126727.6253574 179283.0000000 0.2931420
0.31 267 1 126727.6253574 179283.0000000 0.2931420
0.30 268 1 126727.6253574 179283.0000000 0.2931420
0.30 269 1 126727.6253574 179283.0000000 0.2931420
0.30 270 1 126727.6253574 179283.0000000 0.2931420
0.30 271 1 126727.6253574 179283.0000000 0.2931420
0.30 272 1 126727.6253574 179283.0000000 0.2931420
0.31 273 1 126727.6253574 179283.0000000 0.2931420
0.31 274 1 126727.6253574 179283.0000000 0.2931420
0.31 275 1 126727.6253574 179283.0000000 0.2931420
0.31 276 1 126727.6253574 179283.0000000 0.2931420
0.31 277 1 126727.6253574 179283.0000000 0.2931420
0.31 278 1 126727.6253574 179283.0000000 0.2931420
0.31 279 1 126727.6253574 179283.0000000 0.2931420
0.30 280 1 126727.6253574 179283.0000000 0.2931420
0.30 281 1 126727.6253574 179283.0000000 0.2931420
0.31 282 1 126727.6253574 179283.0000000 0.2931420
0.31 283 1 126727.6253574 179283.0000000 0.2931420
0.31 284 1 126727.6253574 179283.0000000 0.2931420
0.31 285 1 126727.6253574 179283.0000000 0.2931420
0.31 286 1 126727.6253574 179283.0000000 0.2931420
0.31 287 1 126727.6253574 179283.0000000 0.2931420
0.31 288 1 126727.6253574 179283.0000000 0.2931420
0.30 289 1 126727.6253574 179283.0000000 0.2931420
0.30 290 1 126727.6253574 179283.0000000 0.2931420
0.31 291 1 126727.6253574 179283.0000000 0.2931420
0.30 292 1 126727.6253574 179283.0000000 0.2931420
0.30 293 1 126727.6253574 179283.0000000 0.2931420
0.31 294 1 126727.6253574 179283.0000000 0.2931420
0.30 295 1 126727.6253574 179283.0000000 0.2931420
0.30 296 1 126727.6253574 179283.0000000 0.2931420
0.31 297 1 126727.6253574 179283.0000000 0.2931420
0.30 298 1 126727.6253574 179283.0000000 0.2931420
0.30 299 1 126727.6253574 179283.0000000 0.2931420
0.31 300 1 126727.6253574 179283.0000000 0.2931420
0.31 301 1 126727.6253574 179283.0000000 0.2931420
0.31 302 1 126727.6253574 179283.0000000 0.2931420
0.30 303 1 126727.6253574 179283.0000000 0.2931420
0.30 304 1 126727.6253574 179283.0000000 0.2931420
0.30 305 1 126727.6253574 179283.0000000 0.2931420
0.31 306 1 126727.6253574 179283.0000000 0.2931420
0.30 307 1 126727.6253574 179283.0000000 0.2931420
0.31 308 1 126727.6253574 179283.0000000 0.2931420
0.31 309 1 126727.6253574 179283.0000000 0.2931420
0.30 310 1 126727.6253574 179283.0000000 0.2931420
0.31 311 1 126727.6253574 179283.0000000 0.2931420
0.31 312 1 126727.6253574 179283.0000000 0.2931420
0.31 313 1 126727.6253574 179283.0000000 0.2931420
0.31 314 1 126727.6253574 179283.0000000 0.2931420
0.30 315 1 126727.6253574 179283.0000000 0.2931420
0.30 316 1 126727.6253574 179283.0000000 0.2931420
0.31 317 1 126727.6253574 179283.0000000 0.2931420
0.30 318 1 126727.6253574 179283.0000000 0.2931420
0.30 319 1 126727.6253574 179283.0000000 0.2931420
0.31 320 1 126727.6253574 179283.0000000 0.2931420
0.30 321 1 126727.6253574 179283.0000000 0.2931420
0.31 322 1 126727.6253574 179283.0000000 0.2931420
0.31 323 1 126727.6253574 179283.0000000 0.2931420
0.31 324 1 126727.6253574 179283.0000000 0.2931420
0.31 325 1 126727.6253574 179283.0000000 0.2931420
0.31 326 1 126727.6253574 179283.0000000 0.2931420
0.30 327 1 126727.6253574 179283.0000000 0.2931420
0.30 328 1 126727.6253574 179283.0000000 0.2931420
0.31 329 1 126727.6253574 179283.0000000 0.2931420
0.30 330 1 126727.6253574 179283.0000000 0.2931420
0.31 331 1 126727.6253574 179283.0000000 0.2931420
0.31 332 1 126727.6253574 179283.0000000 0.2931420
0.31 333 1 126727.6253574 179283.0000000 0.2931420
0.31 334 1 126727.6253574 179283.0000000 0.2931420
0.31 335 1 126727.6253574 179283.0000000 0.2931420
0.30 336 1 126727.6253574 179283.0000000 0.2931420
0.30 337 1 126727.6253574 179283.0000000 0.2931420
0.31 338 1 126727.6253574 179283.0000000 0.2931420
0.30 339 1 126727.6253574 179283.0000000 0.2931420
0.31 340 1 126727.6253574 179283.0000000 0.2931420
0.31 341 1 126727.6253574 179283.0000000 0.2931420
0.30 342 1 126727.6253574 179283.0000000 0.2931420
0.30 343 1 126727.6253574 179283.0000000 0.2931420
0.31 344 1 126727.6253574 179283.0000000 0.2931420
0.30 345 1 126727.6253574 179283.0000000 0.2931420
0.30 346 1 126727.6253574 179283.0000000 0.2931420
0.31 347 1 126727.6253574 179283.0000000 0.2931420
0.31 348 1 126727.6253574 179283.0000000 0.2931420
0.31 349 1 126727.6253574 179283.0000000 0.2931420
0.31 350 1 126727.6253574 179283.0000000 0.2931420
0.30 351 1 126727.6253574 179283.0000000 0.2931420
0.30 352 1 126727.6253574 179283.0000000 0.2931420
0.31 353 1 126727.6253574 179283.0000000 0.2931420
0.31 354 1 126727.6253574 179283.0000000 0.2931420
0.30 355 1 126727.6253574 179283.0000000 0.2931420
0.31 356 1 126727.6253574 179283.0000000 0.2931420
0.30 357 1 126727.6253574 179283.0000000 0.2931420
0.30 358 1 126727.6253574 179283.0000000 0.2931420
0.30 359 1 126727.6253574 179283.0000000 0.2931420
0.30 360 1 126727.6253574 179283.0000000 0.2931420
0.31 361 1 126727.6253574 179283.0000000 0.2931420
0.30 362 1 126727.6253574 179283.0000000 0.2931420
0.30 363 1 126727.6253574 179283.0000000 0.2931420
0.30 364 1 126727.6253574 179283.0000000 0.2931420
0.31 365 1 126727.6253574 179283.0000000 0.2931420
0.30 366 1 126727.6253574 179283.0000000 0.2931420
0.30 367 1 126727.6253574 179283.0000000 0.2931420
0.31 368 1 126727.6253574 179283.0000000 0.2931420
0.30 369 1 126727.6253574 179283.0000000 0.2931420
0.31 370 1 126727.6253574 179283.0000000 0.2931420
0.30 371 1 126727.6253574 179283.0000000 0.2931420
0.30 372 1 126727.6253574 179283.0000000 0.2931420
0.31 373 1 126727.6253574 179283.0000000 0.2931420
0.30 374 1 126727.6253574 179283.0000000 0.2931420
0.30 375 1 126727.6253574 179283.0000000 0.2931420
0.30 376 1 126727.6253574 179283.0000000 0.2931420
0.31 377 1 126727.6253574 179283.0000000 0.2931420
0.31 378 1 126727.6253574 179283.0000000 0.2931420
0.31 379 1 126727.6253574 179283.0000000 0.2931420
0.31 380 1 126727.6253574 179283.0000000 0.2931420
0.30 381 1 126727.6253574 179283.0000000 0.2931420
0.31 382 1 126727.6253574 179283.0000000 0.2931420
0.31 383 1 126727.6253574 179283.0000000 0.2931420
0.30 384 1 126727.6253574 179283.0000000 0.2931420
0.31 385 1 126727.6253574 179283.0000000 0.2931420
0.30 386 1 126727.6253574 179283.0000000 0.2931420
0.30 387 1 126727.6253574 179283.0000000 0.2931420
0.31 388 1 126727.6253574 179283.0000000 0.2931420
0.31 389 1 126727.6253574 179283.0000000 0.2931420
0.30 390 1 126727.6253574 179283.0000000 0.2931420
0.31 391 1 126727.6253574 179283.0000000 0.2931420
0.30 392 1 126727.6253574 179283.0000000 0.2931420
0.30 393 1 126727.6253574 179283.0000000 0.2931420
0.31 394 1 126727.6253574 179283.0000000 0.2931420
0.30 395 1 126727.6253574 179283.0000000 0.2931420
0.30 396 1 126727.6253574 179283.0000000 0.2931420
0.31 397 1 126727.6253574 179283.0000000 0.2931420
0.30 398 1 126727.6253574 179283.0000000 0.2931420
0.30 399 1 126727.6253574 179283.0000000 0.2931420
0.31 400 1 126727.6253574 179283.0000000 0.2931420
0.30 401 1 126727.6253574 179283.0000000 0.2931420
0.30 402 1 126727.6253574 179283.0000000 0.2931420
0.30 403 1 126727.6253574 179283.0000000 0.2931420
0.30 404 1 126727.6253574 179283.0000000 0.2931420
0.30 405 1 126727.6253574 179283.0000000 0.2931420
0.31 406 1 126727.6253574 179283.0000000 0.2931420
0.31 407 1 126727.6253574 179283.0000000 0.2931420
0.30 408 1 126727.6253574 179283.0000000 0.2931420
0.31 409 1 126727.6253574 179283.0000000 0.2931420
0.30 410 1 126727.6253574 179283.0000000 0.2931420
0.30 411 1 126727.6253574 179283.0000000 0.2931420
0.31 412 1 126727.6253574 179283.0000000 0.2931420
0.31 413 1 126727.6253574 179283.0000000 0.2931420
0.31 414 1 126727.6253574 179283.0000000 0.2931420
0.31 415 1 126727.6253574 179283.0000000 0.2931420
0.30 416 1 126727.6253574 179283.0000000 0.2931420
0.30 417 1 126727.6253574 179283.0000000 0.2931420
0.31 418 1 126727.6253574 179283.0000000 0.2931420
0.30 419 1 126727.6253574 179283.0000000 0.2931420
0.30 420 1 126727.6253574 179283.0000000 0.2931420
0.31 421 1 126727.6253574 179283.0000000 0.2931420
0.30 422 1 126727.6253574 179283.0000000 0.2931420
0.30 423 1 126727.6253574 179283.0000000 0.2931420
0.31 424 1 126727.6253574 179283.0000000 0.2931420
0.30 425 1 126727.6253574 179283.0000000 0.2931420
0.30 426 1 126727.6253574 179283.0000000 0.2931420
0.31 427 1 126727.6253574 179283.0000000 0.2931420
0.30 428 1 126727.6253574 179283.0000000 0.2931420
0.30 429 1 126727.6253574 179283.0000000 0.2931420
0.31 430 1 126727.6253574 179283.0000000 0.2931420
0.31 431 1 126727.6253574 179283.0000000 0.2931420
0.31 432 1 126727.6253574 179283.0000000 0.2931420
0.31 433 1 126727.6253574 179283.0000000 0.2931420
0.30 434 1 126727.6253574 179283.0000000 0.2931420
0.30 435 1 126727.6253574 179283.0000000 0.2931420
0.31 436 1 126727.6253574 179283.0000000 0.2931420
0.31 437 1 126727.6253574 179283.0000000 0.2931420
0.31 438 1 126727.6253574 179283.0000000 0.2931420
0.31 439 1 126727.6253574 179283.0000000 0.2931420
0.31 440 1 126727.6253574 179283.0000000 0.2931420
0.30 441 1 126727.6253574 179283.0000000 0.2931420
0.31 442 1 126727.6253574 179283.0000000 0.2931420
0.30 443 1 126727.6253574 179283.0000000 0.2931420
0.30 444 1 126727.6253574 179283.0000000 0.2931420
0.30 445 1 126727.6253574 179283.0000000 0.2931420
0.30 446 1 126727.6253574 179283.0000000 0.2931420
0.30 447 1 126727.6253574 179283.0000000 0.2931420
0.31 448 1 126727.6253574 179283.0000000 0.2931420
0.31 449 1 126727.6253574 179283.0000000 0.2931420
0.31 450 1 126727.6253574 179283.0000000 0.2931420
0.31 451 1 126727.6253574 179283.0000000 0.2931420
0.30 452 1 126727.6253574 179283.0000000 0.2931420
0.31 453 1 126727.6253574 179283.0000000 0.2931420
0.31 454 1 126727.6253574 179283.0000000 0.2931420
0.30 455 1 126727.6253574 179283.0000000 0.2931420
0.31 456 1 126727.6253574 179283.0000000 0.2931420
0.31 457 1 126727.6253574 179283.0000000 0.2931420
0.30 458 1 126727.6253574 179283.0000000 0.2931420
0.31 459 1 126727.6253574 179283.0000000 0.2931420
0.31 460 1 126727.6253574 179283.0000000 0.2931420
0.31 461 1 126727.6253574 179283.0000000 0.2931420
0.31 462 1 126727.6253574 179283.0000000 0.2931420
0.31 463 1 126727.6253574 179283.0000000 0.2931420
0.31 464 1 126727.6253574 179283.0000000 0.2931420
0.31 465 1 126727.6253574 179283.0000000 0.2931420
0.31 466 1 126727.6253574 179283.0000000 0.2931420
0.31 467 1 126727.6253574 179283.0000000 0.2931420
0.31 468 1 126727.6253574 179283.0000000 0.2931420
0.30 469 1 126727.6253574 179283.0000000 0.2931420
0.30 470 1 126727.6253574 179283.0000000 0.2931420
0.31 471 1 126727.6253574 179283.0000000 0.2931420
0.31 472 1 126727.6253574 179283.0000000 0.2931420
0.31 473 1 126727.6253574 179283.0000000 0.2931420
0.31 474 1 126727.6253574 179283.0000000 0.2931420
0.30 475 1 126727.6253574 179283.0000000 0.2931420
0.30 476 1 126727.6253574 179283.0000000 0.2931420
0.31 477 1 126727.6253574 179283.0000000 0.2931420
0.31 478 1 126727.6253574 179283.0000000 0.2931420
0.31 479 1 126727.6253574 179283.0000000 0.2931420
0.31 480 1 126727.6253574 179283.0000000 0.2931420
0.31 481 1 126727.6253574 179283.0000000 0.2931420
0.31 482 1 126727.6253574 179283.0000000 0.2931420
0.31 483 1 126727.6253574 179283.0000000 0.2931420
0.30 484 1 126727.6253574 179283.0000000 0.2931420
0.31 485 1 126727.6253574 179283.0000000 0.2931420
0.31 486 1 126727.6253574 179283.0000000 0.2931420
0.31 487 1 126727.6253574 179283.0000000 0.2931420
0.31 488 1 126727.6253574 179283.0000000 0.2931420
0.31 489 1 126727.6253574 179283.0000000 0.2931420
0.31 490 1 126727.6253574 179283.0000000 0.2931420
0.31 491 1 126727.6253574 179283.0000000 0.2931420
0.30 492 1 126727.6253574 179283.0000000 0.2931420
0.30 493 1 126727.6253574 179283.0000000 0.2931420
0.31 494 1 126727.6253574 179283.0000000 0.2931420
0.31 495 1 126727.6253574 179283.0000000 0.2931420
0.31 496 1 126727.6253574 179283.0000000 0.2931420
0.31 497 1 126727.6253574 179283.0000000 0.2931420
0.31 498 1 126727.6253574 179283.0000000 0.2931420
0.31 499 1 126727.6253574 179283.0000000 0.2931420
0.31 500 1 126727.6253574 179283.0000000 0.2931420
0.31 501 1 126727.6253574 179283.0000000 0.2931420
0.31 502 1 126727.6253574 179283.0000000 0.2931420
0.31 503 1 126727.6253574 179283.0000000 0.2931420
0.30 504 1 126727.6253574 179283.0000000 0.2931420
0.30 505 1 126727.6253574 179283.0000000 0.2931420
0.31 506 1 126727.6253574 179283.0000000 0.2931420
0.30 507 1 126727.6253574 179283.0000000 0.2931420
0.30 508 1 126727.6253574 179283.0000000 0.2931420
0.31 509 1 126727.6253574 179283.0000000 0.2931420
0.30 510 1 126727.6253574 179283.0000000 0.2931420
0.30 511 1 126727.6253574 179283.0000000 0.2931420
0.31 512 1 126727.6253574 179283.0000000 0.2931420
0.30 513 1 126727.6253574 179283.0000000 0.2931420
0.30 514 1 126727.6253574 179283.0000000 0.2931420
0.31 515 1 126727.6253574 179283.0000000 0.2931420
0.30 516 1 126727.6253574 179283.0000000 0.2931420
0.30 517 1 126727.6253574 179283.0000000 0.2931420
0.31 518 1 126727.6253574 179283.0000000 0.2931420
0.30 519 1 126727.6253574 179283.0000000 0.2931420
0.30 520 1 126727.6253574 179283.0000000 0.2931420
0.31 521 1 126727.6253574 179283.0000000 0.2931420
0.31 522 1 126727.6253574 179283.0000000 0.2931420
0.31 523 1 126727.6253574 179283.0000000 0.2931420
0.31 524 1 126727.6253574 179283.0000000 0.2931420
0.31 525 1 126727.6253574 179283.0000000 0.2931420
0.32 526 1 126727.6253574 179283.0000000 0.2931420
0.31 527 1 126727.6253574 179283.0000000 0.2931420
0.31 528 1 126727.6253574 179283.0000000 0.2931420
0.31 529 1 126727.6253574 179283.0000000 0.2931420
0.31 530 1 126727.6253574 179283.0000000 0.2931420
0.31 531 1 126727.6253574 179283.0000000 0.2931420
0.31 532 1 126727.6253574 179283.0000000 0.2931420
0.31 533 1 126727.6253574 179283.0000000 0.2931420
0.31 534 1 126727.6253574 179283.0000000 0.2931420
0.31 535 1 126727.6253574 179283.0000000 0.2931420
0.31 536 1 126727.6253574 179283.0000000 0.2931420
0.30 537 1 126727.6253574 179283.0000000 0.2931420
0.31 538 1 126727.6253574 179283.0000000 0.2931420
0.30 539 1 126727.6253574 179283.0000000 0.2931420
0.30 540 1 126727.6253574 179283.0000000 0.2931420
0.31 541 1 126727.6253574 179283.0000000 0.2931420
0.31 542 1 126727.6253574 179283.0000000 0.2931420
0.31 543 1 126727.6253574 179283.0000000 0.2931420
0.31 544 1 126727.6253574 179283.0000000 0.2931420
0.30 545 1 126727.6253574 179283.0000000 0.2931420
0.31 546 1 126727.6253574 179283.0000000 0.2931420
0.31 547 1 126727.6253574 179283.0000000 0.2931420
0.31 548 1 126727.6253574 179283.0000000 0.2931420
0.31 549 1 126727.6253574 179283.0000000 0.2931420
0.31 550 1 126727.6253574 179283.0000000 0.2931420
0.30 551 1 126727.6253574 179283.0000000 0.2931420
0.30 552 1 126727.6253574 179283.0000000 0.2931420
0.31 553 1 126727.6253574 179283.0000000 0.2931420
0.31 554 1 126727.6253574 179283.0000000 0.2931420
0.31 555 1 126727.6253574 179283.0000000 0.2931420
0.31 556 1 126727.6253574 179283.0000000 0.2931420
0.30 557 1 126727.6253574 179283.0000000 0.2931420
0.30 558 1 126727.6253574 179283.0000000 0.2931420
0.31 559 1 126727.6253574 179283.0000000 0.2931420
0.31 560 1 126727.6253574 179283.0000000 0.2931420
0.31 561 1 126727.6253574 179283.0000000 0.2931420
0.31 562 1 126727.6253574 179283.0000000 0.2931420
0.30 563 1 126727.6253574 179283.0000000 0.2931420
0.30 564 1 126727.6253574 179283.0000000 0.2931420
0.31 565 1 126727.6253574 179283.0000000 0.2931420
0.31 566 1 126727.6253574 179283.0000000 0.2931420
0.31 567 1 126727.6253574 179283.0000000 0.2931420
0.31 568 1 126727.6253574 179283.0000000 0.2931420
0.31 569 1 126727.6253574 179283.0000000 0.2931420
0.31 570 1 126727.6253574 179283.0000000 0.2931420
0.31 571 1 126727.6253574 179283.0000000 0.2931420
0.31 572 1 126727.6253574 179283.0000000 0.2931420
0.31 573 1 126727.6253574 179283.0000000 0.2931420
0.30 574 1 126727.6253574 179283.0000000 0.2931420
0.30 575 1 126727.6253574 179283.0000000 0.2931420
0.31 576 1 126727.6253574 179283.0000000 0.2931420
0.31 577 1 126727.6253574 179283.0000000 0.2931420
0.30 578 1 126727.6253574 179283.0000000 0.2931420
0.31 579 1 126727.6253574 179283.0000000 0.2931420
0.31 580 1 126727.6253574 179283.0000000 0.2931420
0.30 581 1 126727.6253574 179283.0000000 0.2931420
0.31 582 1 126727.6253574 179283.0000000 0.2931420
0.31 583 1 126727.6253574 179283.0000000 0.2931420
0.30 584 1 126727.6253574 179283.0000000 0.2931420
0.31 585 1 126727.6253574 179283.0000000 0.2931420
0.30 586 1 126727.6253574 179283.0000000 0.2931420
0.30 587 1 126727.6253574 179283.0000000 0.2931420
0.31 588 1 126727.6253574 179283.0000000 0.2931420
0.30 589 1 126727.6253574 179283.0000000 0.2931420
0.31 590 1 126727.6253574 179283.0000000 0.2931420
0.31 591 1 126727.6253574 179283.0000000 0.2931420
0.30 592 1 126727.6253574 179283.0000000 0.2931420
0.30 593 1 126727.6253574 179283.0000000 0.2931420
0.31 594 1 126727.6253574 179283.0000000 0.2931420
0.30 595 1 126727.6253574 179283.0000000 0.2931420
0.30 596 1 126727.6253574 179283.0000000 0.2931420
0.31 597 1 126727.6253574 179283.0000000 0.2931420
0.30 598 1 126727.6253574 179283.0000000 0.2931420
0.30 599 1 126727.6253574 179283.0000000 0.2931420
0.31 600 1 126727.6253574 179283.0000000 0.2931420
0.30 601 1 126727.6253574 179283.0000000 0.2931420
0.30 602 1 126727.6253574 179283.0000000 0.2931420
0.31 603 1 126727.6253574 179283.0000000 0.2931420
0.30 604 1 126727.6253574 179283.0000000 0.2931420
0.30 605 1 126727.6253574 179283.0000000 0.2931420
0.31 606 1 126727.6253574 179283.0000000 0.2931420
0.30 607 1 126727.6253574 179283.0000000 0.2931420
0.30 608 1 126727.6253574 179283.0000000 0.2931420
0.31 609 1 126727.6253574 179283.0000000 0.2931420
0.30 610 1 126727.6253574 179283.0000000 0.2931420
0.30 611 1 126727.6253574 179283.0000000 0.2931420
0.31 612 1 126727.6253574 179283.0000000 0.2931420
0.31 613 1 126727.6253574 179283.0000000 0.2931420
0.30 614 1 126727.6253574 179283.0000000 0.2931420
0.30 615 1 126727.6253574 179283.0000000 0.2931420
0.30 616 1 126727.6253574 179283.0000000 0.2931420
0.30 617 1 126727.6253574 179283.0000000 0.2931420
0.31 618 1 126727.6253574 179283.0000000 0.2931420
0.30 619 1 126727.6253574 179283.0000000 0.2931420
0.31 620 1 126727.6253574 179283.0000000 0.2931420
0.30 621 1 126727.6253574 179283.0000000 0.2931420
0.30 622 1 126727.6253574 179283.0000000 0.2931420
0.30 623 1 126727.6253574 179283.0000000 0.2931420
0.31 624 1 126727.6253574 179283.0000000 0.2931420
0.30 625 1 126727.6253574 179283.0000000 0.2931420
0.31 626 1 126727.6253574 179283.0000000 0.2931420
0.31 627 1 126727.6253574 179283.0000000 0.2931420
0.30 628 1 126727.6253574 179283.0000000 0.2931420
0.31 629 1 126727.6253574 179283.0000000 0.2931420
0.30 630 1 126727.6253574 179283.0000000 0.2931420
0.30 631 1 126727.6253574 179283.0000000 0.2931420
0.31 632 1 126727.6253574 179283.0000000 0.2931420
0.30 633 1 126727.6253574 179283.0000000 0.2931420
0.30 634 1 126727.6253574 179283.0000000 0.2931420
0.31 635 1 126727.6253574 179283.0000000 0.2931420
0.31 636 1 126727.6253574 179283.0000000 0.2931420
0.30 637 1 126727.6253574 179283.0000000 0.2931420
0.34 638 1 126727.6253574 179283.0000000 0.2931420
0.31 639 1 126727.6253574 179283.0000000 0.2931420
0.30 640 1 126727.6253574 179283.0000000 0.2931420
0.31 641 1 126727.6253574 179283.0000000 0.2931420
0.30 642 1 126727.6253574 179283.0000000 0.2931420
0.30 643 1 126727.6253574 179283.0000000 0.2931420
0.31 644 1 126727.6253574 179283.0000000 0.2931420
0.30 645 1 126727.6253574 179283.0000000 0.2931420
0.30 646 1 126727.6253574 179283.0000000 0.2931420
0.31 647 1 126727.6253574 179283.0000000 0.2931420
0.30 648 1 126727.6253574 179283.0000000 0.2931420
0.30 649 1 126727.6253574 179283.0000000 0.2931420
0.31 650 1 126727.6253574 179283.0000000 0.2931420
0.30 651 1 126727.6253574 179283.0000000 0.2931420
0.30 652 1 126727.6253574 179283.0000000 0.2931420
0.31 653 1 126727.6253574 179283.0000000 0.2931420
0.30 654 1 126727.6253574 179283.0000000 0.2931420
0.30 655 1 126727.6253574 179283.0000000 0.2931420
0.31 656 1 126727.6253574 179283.0000000 0.2931420
0.30 657 1 126727.6253574 179283.0000000 0.2931420
0.31 658 1 126727.6253574 179283.0000000 0.2931420
0.31 659 1 126727.6253574 179283.0000000 0.2931420
0.30 660 1 126727.6253574 179283.0000000 0.2931420
0.30 661 1 126727.6253574 179283.0000000 0.2931420
0.31 662 1 126727.6253574 179283.0000000 0.2931420
0.30 663 1 126727.6253574 179283.0000000 0.2931420
0.30 664 1 126727.6253574 179283.0000000 0.2931420
0.31 665 1 126727.6253574 179283.0000000 0.2931420
0.31 666 1 126727.6253574 179283.0000000 0.2931420
0.30 667 1 126727.6253574 179283.0000000 0.2931420
0.30 668 1 126727.6253574 179283.0000000 0.2931420
0.30 669 1 126727.6253574 179283.0000000 0.2931420
0.31 670 1 126727.6253574 179283.0000000 0.2931420
0.31 671 1 126727.6253574 179283.0000000 0.2931420
0.30 672 1 126727.6253574 179283.0000000 0.2931420
0.31 673 1 126727.6253574 179283.0000000 0.2931420
0.31 674 1 126727.6253574 179283.0000000 0.2931420
0.30 675 1 126727.6253574 179283.0000000 0.2931420
0.31 676 1 126727.6253574 179283.0000000 0.2931420
0.31 677 1 126727.6253574 179283.0000000 0.2931420
0.30 678 1 126727.6253574 179283.0000000 0.2931420
0.31 679 1 126727.6253574 179283.0000000 0.2931420
0.30 680 1 126727.6253574 179283.0000000 0.2931420
0.31 681 1 126727.6253574 179283.0000000 0.2931420
0.31 682 1 126727.6253574 179283.0000000 0.2931420
0.30 683 1 126727.6253574 179283.0000000 0.2931420
0.30 684 1 126727.6253574 179283.0000000 0.2931420
0.31 685 1 126727.6253574 179283.0000000 0.2931420
0.31 686 1 126727.6253574 179283.0000000 0.2931420
0.31 687 1 126727.6253574 179283.0000000 0.2931420
0.31 688 1 126727.6253574 179283.0000000 0.2931420
0.31 689 1 126727.6253574 179283.0000000 0.2931420
0.31 690 1 126727.6253574 179283.0000000 0.2931420
0.31 691 1 126727.6253574 179283.0000000 0.2931420
0.31 692 1 126727.6253574 179283.0000000 0.2931420
0.30 693 1 126727.6253574 179283.0000000 0.2931420
0.31 694 1 126727.6253574 179283.0000000 0.2931420
0.31 695 1 126727.6253574 179283.0000000 0.2931420
0.31 696 1 126727.6253574 179283.0000000 0.2931420
0.31 697 1 126727.6253574 179283.0000000 0.2931420
0.31 698 1 126727.6253574 179283.0000000 0.2931420
0.31 699 1 126727.6253574 179283.0000000 0.2931420
0.31 700 1 126727.6253574 179283.0000000 0.2931420
0.31 701 1 126727.6253574 179283.0000000 0.2931420
0.31 702 1 126727.6253574 179283.0000000 0.2931420
0.31 703 1 126727.6253574 179283.0000000 0.2931420
0.31 704 1 126727.6253574 179283.0000000 0.2931420
0.31 705 1 126727.6253574 179283.0000000 0.2931420
0.31 706 1 126727.6253574 179283.0000000 0.2931420
0.30 707 1 126727.6253574 179283.0000000 0.2931420
0.31 708 1 126727.6253574 179283.0000000 0.2931420
0.31 709 1 126727.6253574 179283.0000000 0.2931420
0.31 710 1 126727.6253574 179283.0000000 0.2931420
0.31 711 1 126727.6253574 179283.0000000 0.2931420
0.31 712 1 126727.6253574 179283.0000000 0.2931420
0.30 713 1 126727.6253574 179283.0000000 0.2931420
0.31 714 1 126727.6253574 179283.0000000 0.2931420
0.31 715 1 126727.6253574 179283.0000000 0.2931420
0.31 716 1 126727.6253574 179283.0000000 0.2931420
0.31 717 1 126727.6253574 179283.0000000 0.2931420
0.30 718 1 126727.6253574 179283.0000000 0.2931420
0.30 719 1 126727.6253574 179283.0000000 0.2931420
0.31 720 1 126727.6253574 179283.0000000 0.2931420
0.31 721 1 126727.6253574 179283.0000000 0.2931420
0.31 722 1 126727.6253574 179283.0000000 0.2931420
0.30 723 1 126727.6253574 179283.0000000 0.2931420
0.30 724 1 126727.6253574 179283.0000000 0.2931420
0.31 725 1 126727.6253574 179283.0000000 0.2931420
0.31 726 1 126727.6253574 179283.0000000 0.2931420
0.32 727 1 126727.6253574 179283.0000000 0.2931420
0.31 728 1 126727.6253574 179283.0000000 0.2931420
0.31 729 1 126727.6253574 179283.0000000 0.2931420
0.30 730 1 126727.6253574 179283.0000000 0.2931420
0.31 731 1 126727.6253574 179283.0000000 0.2931420
0.31 732 1 126727.6253574 179283.0000000 0.2931420
0.31 733 1 126727.6253574 179283.0000000 0.2931420
0.31 734 1 126727.6253574 179283.0000000 0.2931420
0.31 735 1 126727.6253574 179283.0000000 0.2931420
0.31 736 1 126727.6253574 179283.0000000 0.2931420
0.31 737 1 126727.6253574 179283.0000000 0.2931420
0.31 738 1 126727.6253574 179283.0000000 0.2931420
0.31 739 1 126727.6253574 179283.0000000 0.2931420
0.31 740 1 126727.6253574 179283.0000000 0.2931420
0.31 741 1 126727.6253574 179283.0000000 0.2931420
0.31 742 1 126727.6253574 179283.0000000 0.2931420
0.31 743 1 126727.6253574 179283.0000000 0.2931420
0.31 744 1 126727.6253574 179283.0000000 0.2931420
0.31 745 1 126727.6253574 179283.0000000 0.2931420
0.31 746 1 126727.6253574 179283.0000000 0.2931420
0.30 747 1 126727.6253574 179283.0000000 0.2931420
0.30 748 1 126727.6253574 179283.0000000 0.2931420
0.31 749 1 126727.6253574 179283.0000000 0.2931420
0.31 750 1 126727.6253574 179283.0000000 0.2931420
0.31 751 1 126727.6253574 179283.0000000 0.2931420
0.31 752 1 126727.6253574 179283.0000000 0.2931420
0.31 753 1 126727.6253574 179283.0000000 0.2931420
0.31 754 1 126727.6253574 179283.0000000 0.2931420
0.31 755 1 126727.6253574 179283.0000000 0.2931420
0.31 756 1 126727.6253574 179283.0000000 0.2931420
0.31 757 1 126727.6253574 179283.0000000 0.2931420
0.32 758 1 126727.6253574 179283.0000000 0.2931420
0.30 759 1 126727.6253574 179283.0000000 0.2931420
0.31 760 1 126727.6253574 179283.0000000 0.2931420
0.31 761 1 126727.6253574 179283.0000000 0.2931420
0.31 762 1 126727.6253574 179283.0000000 0.2931420
0.31 763 1 126727.6253574 179283.0000000 0.2931420
0.31 764 1 126727.6253574 179283.0000000 0.2931420
0.31 765 1 126727.6253574 179283.0000000 0.2931420
0.31 766 1 126727.6253574 179283.0000000 0.2931420
0.31 767 1 126727.6253574 179283.0000000 0.2931420
0.31 768 1 126727.6253574 179283.0000000 0.2931420
0.32 769 1 126727.6253574 179283.0000000 0.2931420
0.31 770 1 126727.6253574 179283.0000000 0.2931420
0.31 771 1 126727.6253574 179283.0000000 0.2931420
0.31 772 1 126727.6253574 179283.0000000 0.2931420
0.31 773 1 126727.6253574 179283.0000000 0.2931420
0.31 774 1 126727.6253574 179283.0000000 0.2931420
0.31 775 1 126727.6253574 179283.0000000 0.2931420
0.30 776 1 126727.6253574 179283.0000000 0.2931420
0.30 777 1 126727.6253574 179283.0000000 0.2931420
0.31 778 1 126727.6253574 179283.0000000 0.2931420
0.31 779 1 126727.6253574 179283.0000000 0.2931420
0.31 780 1 126727.6253574 179283.0000000 0.2931420
0.31 781 1 126727.6253574 179283.0000000 0.2931420
0.30 782 1 126727.6253574 179283.0000000 0.2931420
0.30 783 1 126727.6253574 179283.0000000 0.2931420
0.31 784 1 126727.6253574 179283.0000000 0.2931420
0.31 785 1 126727.6253574 179283.0000000 0.2931420
0.32 786 1 126727.6253574 179283.0000000 0.2931420
0.31 787 1 126727.6253574 179283.0000000 0.2931420
0.31 788 1 126727.6253574 179283.0000000 0.2931420
0.31 789 1 126727.6253574 179283.0000000 0.2931420
0.31 790 1 126727.6253574 179283.0000000 0.2931420
0.31 791 1 126727.6253574 179283.0000000 0.2931420
0.31 792 1 126727.6253574 179283.0000000 0.2931420
0.31 793 1 126727.6253574 179283.0000000 0.2931420
0.30 794 1 126727.6253574 179283.0000000 0.2931420
0.31 795 1 126727.6253574 179283.0000000 0.2931420
0.30 796 1 126727.6253574 179283.0000000 0.2931420
0.30 797 1 126727.6253574 179283.0000000 0.2931420
0.31 798 1 126727.6253574 179283.0000000 0.2931420
0.31 799 1 126727.6253574 179283.0000000 0.2931420
0.30 800 1 126727.6253574 179283.0000000 0.2931420
0.31 801 1 126727.6253574 179283.0000000 0.2931420
0.31 802 1 126727.6253574 179283.0000000 0.2931420
0.30 803 1 126727.6253574 179283.0000000 0.2931420
0.31 804 1 126727.6253574 179283.0000000 0.2931420
0.30 805 1 126727.6253574 179283.0000000 0.2931420
0.30 806 1 126727.6253574 179283.0000000 0.2931420
0.31 807 1 126727.6253574 179283.0000000 0.2931420
0.30 808 1 126727.6253574 179283.0000000 0.2931420
0.31 809 1 126727.6253574 179283.0000000 0.2931420
0.31 810 1 126727.6253574 179283.0000000 0.2931420
0.31 811 1 126727.6253574 179283.0000000 0.2931420
0.31 812 1 126727.6253574 179283.0000000 0.2931420
0.31 813 1 126727.6253574 179283.0000000 0.2931420
0.30 814 1 126727.6253574 179283.0000000 0.2931420
0.30 815 1 126727.6253574 179283.0000000 0.2931420
0.31 816 1 126727.6253574 179283.0000000 0.2931420
0.31 817 1 126727.6253574 179283.0000000 0.2931420
0.30 818 1 126727.6253574 179283.0000000 0.2931420
0.31 819 1 126727.6253574 179283.0000000 0.2931420
0.30 820 1 126727.6253574 179283.0000000 0.2931420
0.30 821 1 126727.6253574 179283.0000000 0.2931420
0.31 822 1 126727.6253574 179283.0000000 0.2931420
0.31 823 1 126727.6253574 179283.0000000 0.2931420
0.30 824 1 126727.6253574 179283.0000000 0.2931420
0.31 825 1 126727.6253574 179283.0000000 0.2931420
0.31 826 1 126727.6253574 179283.0000000 0.2931420
0.30 827 1 126727.6253574 179283.0000000 0.2931420
0.31 828 1 126727.6253574 179283.0000000 0.2931420
0.30 829 1 126727.6253574 179283.0000000 0.2931420
0.31 830 1 126727.6253574 179283.0000000 0.2931420
0.31 831 1 126727.6253574 179283.0000000 0.2931420
0.30 832 1 126727.6253574 179283.0000000 0.2931420
0.31 833 1 126727.6253574 179283.0000000 0.2931420
0.31 834 1 126727.6253574 179283.0000000 0.2931420
0.31 835 1 126727.6253574 179283.0000000 0.2931420
0.31 836 1 126727.6253574 179283.0000000 0.2931420
0.32 837 1 126727.6253574 179283.0000000 0.2931420
0.31 838 1 126727.6253574 179283.0000000 0.2931420
0.31 839 1 126727.6253574 179283.0000000 0.2931420
0.33 840 1 126727.6253574 179283.0000000 0.2931420
0.31 841 1 126727.6253574 179283.0000000 0.2931420
0.31 842 1 126727.6253574 179283.0000000 0.2931420
0.31 843 1 126727.6253574 179283.0000000 0.2931420
0.31 844 1 126727.6253574 179283.0000000 0.2931420
0.31 845 1 126727.6253574 179283.0000000 0.2931420
0.31 846 1 126727.6253574 179283.0000000 0.2931420
0.30 847 1 126727.6253574 179283.0000000 0.2931420
0.31 848 1 126727.6253574 179283.0000000 0.2931420
0.31 849 1 126727.6253574 179283.0000000 0.2931420
0.30 850 1 126727.6253574 179283.0000000 0.2931420
0.31 851 1 126727.6253574 179283.0000000 0.2931420
0.30 852 1 126727.6253574 179283.0000000 0.2931420
0.31 853 1 126727.6253574 179283.0000000 0.2931420
0.31 854 1 126727.6253574 179283.0000000 0.2931420
0.30 855 1 126727.6253574 179283.0000000 0.2931420
0.30 856 1 126727.6253574 179283.0000000 0.2931420
0.31 857 1 126727.6253574 179283.0000000 0.2931420
0.30 858 1 126727.6253574 179283.0000000 0.2931420
0.31 859 1 126727.6253574 179283.0000000 0.2931420
0.31 860 1 126727.6253574 179283.0000000 0.2931420
0.31 861 1 126727.6253574 179283.0000000 0.2931420
0.31 862 1 126727.6253574 179283.0000000 0.2931420
0.31 863 1 126727.6253574 179283.0000000 0.2931420
