2.04 0 0 1150943.2916667 1156370.0000000 0.0046929
0.09 1 82 1154571.8125000 1156370.0000000 0.0015550
0.10 2 28 1155217.5416667 1156370.0000000 0.0009966
0.11 3 14 1155300.0937500 1156370.0000000 0.0009252
0.06 4 8 1155362.5000000 1156370.0000000 0.0008713
0.04 5 11 1155406.3846154 1156370.0000000 0.0008333
0.05 6 6 1155444.3750000 1156370.0000000 0.0008005
0.11 7 7 1155479.8750000 1156370.0000000 0.0007698
0.10 8 6 1155486.1040373 1156370.0000000 0.0007644
0.09 9 12 1155493.1298309 1156370.0000000 0.0007583
0.11 10 33 1155497.9492754 1156370.0000000 0.0007541
0.08 11 3 1155501.1340009 1156370.0000000 0.0007514
0.13 12 42 1155507.1475722 1156370.0000000 0.0007462
0.16 13 57 1155510.6370565 1156370.0000000 0.0007432
0.18 14 73 1155512.0893333 1156370.0000000 0.0007419
0.19 15 68 1155514.1232689 1156370.0000000 0.0007401
0.44 16 221 1155515.0703092 1156370.0000000 0.0007393
0.46 17 139 1155517.9841007 1156370.0000000 0.0007368
0.48 18 216 1155518.9701769 1156370.0000000 0.0007359
0.43 19 114 1155520.3324773 1156370.0000000 0.0007348
0.42 20 140 1155521.3456696 1156370.0000000 0.0007339
0.48 21 180 1155521.9291006 1156370.0000000 0.0007334
0.81 22 347 1155523.4112385 1156370.0000000 0.0007321
0.58 23 284 1155525.3668314 1156370.0000000 0.0007304
0.29 24 97 1155526.5326087 1156370.0000000 0.0007294
