2.09 0 0 1136666.5153846 1140600.0000000 0.0034486
0.11 1 56 1139617.2500000 1140600.0000000 0.0008616
0.08 2 16 1139803.4270833 1140600.0000000 0.0006984
0.08 3 16 1139940.6011905 1140600.0000000 0.0005781
0.09 4 9 1139954.1011905 1140600.0000000 0.0005663
0.26 5 4 1139966.8511905 1140600.0000000 0.0005551
0.06 6 6 1139968.5297619 1140600.0000000 0.0005536
0.06 7 7 1139972.1190476 1140600.0000000 0.0005505
0.09 8 8 1139976.8107143 1140600.0000000 0.0005464
0.07 9 4 1139977.3878571 1140600.0000000 0.0005459
0.08 10 7 1139978.3411556 1140600.0000000 0.0005450
0.09 11 19 1139982.0814347 1140600.0000000 0.0005417
0.08 12 16 1139987.1382275 1140600.0000000 0.0005373
0.10 13 30 1139989.0418139 1140600.0000000 0.0005356
0.08 14 10 1139990.4059425 1140600.0000000 0.0005345
0.07 15 6 1139991.1446078 1140600.0000000 0.0005338
0.08 16 14 1139992.5405844 1140600.0000000 0.0005326
0.07 17 3 1139993.2138031 1140600.0000000 0.0005320
0.07 18 4 1139993.5720337 1140600.0000000 0.0005317
0.09 19 16 1139995.2569739 1140600.0000000 0.0005302
0.08 20 10 1140004.2464401 1140600.0000000 0.0005223
0.12 21 42 1140008.5118607 1140600.0000000 0.0005186
0.08 22 10 1140012.1573572 1140600.0000000 0.0005154
0.16 23 76 1140014.1769481 1140600.0000000 0.0005136
0.09 24 18 1140015.6722590 1140600.0000000 0.0005123
0.19 25 81 1140021.2966756 1140600.0000000 0.0005074
0.12 26 46 1140025.4159924 1140600.0000000 0.0005038
0.17 27 73 1140031.4225650 1140600.0000000 0.0004985
0.52 28 250 1140035.3051706 1140600.0000000 0.0004951
0.19 29 86 1140037.1522974 1140600.0000000 0.0004935
0.17 30 61 1140038.5314935 1140600.0000000 0.0004923
0.09 31 18 1140038.9980674 1140600.0000000 0.0004918
0.13 32 35 1140040.0617509 1140600.0000000 0.0004909
0.11 33 29 1140040.7205040 1140600.0000000 0.0004903
0.27 34 105 1140041.3607195 1140600.0000000 0.0004898
0.21 35 91 1140041.8265729 1140600.0000000 0.0004894
0.25 36 90 1140042.7477885 1140600.0000000 0.0004886
0.46 37 172 1140043.8150164 1140600.0000000 0.0004876
1.25 38 484 1140045.6017720 1140600.0000000 0.0004861
0.19 39 41 1140046.5638895 1140600.0000000 0.0004852
0.19 40 33 1140046.6011905 1140600.0000000 0.0004852
