4.35 0 0 9.408330 29.000000 0.675575
1.87 1 267 9.408330 29.000000 0.675575
2.17 2 300 9.416642 29.000000 0.675288
3.42 3 343 9.444695 29.000000 0.674321
3.86 4 309 9.483732 29.000000 0.672975
3.14 5 280 9.542285 29.000000 0.670956
1.39 6 286 9.629197 29.000000 0.667959
2.37 7 295 9.800534 29.000000 0.662051
5.58 8 304 10.095384 29.000000 0.651883
15.87 9 288 10.390080 29.000000 0.641721
11.00 10 330 10.681091 29.000000 0.631687
3.64 11 336 10.905801 29.000000 0.623938
15.45 12 322 11.172768 29.000000 0.614732
12.28 13 310 11.385395 29.000000 0.607400
20.97 14 312 11.560418 29.000000 0.601365
22.41 15 316 11.854235 29.000000 0.591233
34.32 16 334 12.059278 29.000000 0.584163
16.02 17 334 12.270299 29.000000 0.576886
28.89 18 344 12.532184 29.000000 0.567856
25.54 19 336 12.792876 29.000000 0.558866
34.59 20 363 13.029755 29.000000 0.550698
34.47 21 325 13.323864 29.000000 0.540556
42.43 22 285 13.596053 29.000000 0.531171
52.66 23 322 13.798360 29.000000 0.524194
48.28 24 303 13.974518 29.000000 0.518120
38.92 25 296 14.141714 29.000000 0.512355
24.34 26 284 14.324656 29.000000 0.506046
25.01 27 231 14.492340 29.000000 0.500264
43.82 28 208 14.635648 29.000000 0.495322
