4.86 0 0 6.000000 18.000000 0.666667
3.11 1 363 6.000000 18.000000 0.666667
4.16 2 453 6.000000 18.000000 0.666667
5.30 3 489 6.000000 18.000000 0.666667
7.73 4 528 6.028571 18.000000 0.665079
7.89 5 559 6.097285 18.000000 0.661262
8.99 6 520 6.153409 18.000000 0.658144
12.00 7 480 6.242832 18.000000 0.653176
12.30 8 483 6.439109 18.000000 0.642272
16.83 9 480 6.696156 18.000000 0.627991
27.45 10 492 6.988055 18.000000 0.611775
24.09 11 515 7.332567 18.000000 0.592635
18.98 12 491 7.552363 18.000000 0.580424
28.93 13 495 7.712089 18.000000 0.571551
32.62 14 455 7.838118 18.000000 0.564549
41.03 15 463 7.997770 18.000000 0.555679
42.23 16 434 8.113800 18.000000 0.549233
40.89 17 429 8.215206 18.000000 0.543600
48.75 18 408 8.339828 18.000000 0.536676
49.56 19 394 8.408916 18.000000 0.532838
48.51 20 375 8.519245 18.000000 0.526709
66.41 21 387 8.632926 18.000000 0.520393
56.67 22 337 8.749831 18.000000 0.513898
