0.38 0 0 51.625587 62.000000 0.167329
0.21 1 81 52.338674 62.000000 0.155828
0.32 2 106 52.934978 62.000000 0.146210
0.32 3 125 53.362710 62.000000 0.139311
0.40 4 118 53.755382 62.000000 0.132978
0.54 5 147 54.451498 62.000000 0.121750
0.84 6 154 54.814742 62.000000 0.115891
0.83 7 155 55.243288 62.000000 0.108979
0.70 8 155 55.554588 62.000000 0.103958
0.67 9 144 55.808398 62.000000 0.099865
0.74 10 155 56.091248 62.000000 0.095302
0.92 11 140 56.292463 62.000000 0.092057
1.18 12 148 56.610022 62.000000 0.086935
2.50 13 162 56.783223 62.000000 0.084142
1.29 14 131 56.966672 62.000000 0.081183
2.75 15 139 57.120210 62.000000 0.078706
1.66 16 147 57.252502 62.000000 0.076573
1.89 17 111 57.369451 62.000000 0.074686
2.15 18 116 57.458122 62.000000 0.073256
10.62 19 116 57.582638 62.000000 0.071248
3.10 20 126 57.705944 62.000000 0.069259
2.19 21 131 57.826702 62.000000 0.067311
2.53 22 123 57.942798 62.000000 0.065439
8.26 23 121 57.998577 62.000000 0.064539
4.00 24 93 58.062588 62.000000 0.063507
7.64 25 136 58.202145 62.000000 0.061256
7.46 26 119 58.323660 62.000000 0.059296
3.99 27 121 58.409340 62.000000 0.057914
6.54 28 124 58.514743 62.000000 0.056214
10.89 29 117 58.588968 62.000000 0.055017
7.36 30 106 58.652784 62.000000 0.053987
6.55 31 98 58.724847 62.000000 0.052825
8.47 32 119 58.794098 62.000000 0.051708
12.20 33 112 58.875840 62.000000 0.050390
6.64 34 98 58.950324 62.000000 0.049188
11.35 35 100 59.030526 62.000000 0.047895
4.62 36 121 59.094092 62.000000 0.046869
3.13 37 121 59.128327 62.000000 0.046317
7.62 38 85 59.187688 62.000000 0.045360
11.98 39 100 59.235804 62.000000 0.044584
14.30 40 98 59.284779 62.000000 0.043794
6.63 41 89 59.330512 62.000000 0.043056
12.00 42 89 59.381813 62.000000 0.042229
8.50 43 89 59.423326 62.000000 0.041559
18.65 44 95 59.478357 62.000000 0.040672
12.95 45 89 59.527226 62.000000 0.039883
14.97 46 108 59.574773 62.000000 0.039117
7.52 47 96 59.611240 62.000000 0.038528
6.46 48 85 59.641075 62.000000 0.038047
10.86 49 85 59.692442 62.000000 0.037219
5.93 50 93 59.720907 62.000000 0.036760
9.32 51 105 59.750601 62.000000 0.036281
7.26 52 75 59.786327 62.000000 0.035704
8.76 53 81 59.826944 62.000000 0.035049
15.54 54 64 59.851636 62.000000 0.034651
11.96 55 77 59.885032 62.000000 0.034112
7.04 56 86 59.908779 62.000000 0.033729
7.33 57 84 59.942243 62.000000 0.033190
4.85 58 92 59.963096 62.000000 0.032853
7.30 59 85 59.988307 62.000000 0.032447
8.27 60 72 60.014474 62.000000 0.032025
3.44 61 87 60.040221 62.000000 0.031609
8.40 62 82 60.066056 62.000000 0.031193
5.19 63 73 60.097105 62.000000 0.030692
9.23 64 103 60.136441 62.000000 0.030057
8.59 65 81 60.168193 62.000000 0.029545
12.10 66 84 60.202563 62.000000 0.028991
6.84 67 76 60.227586 62.000000 0.028587
11.67 68 93 60.255219 62.000000 0.028142
10.32 69 90 60.280228 62.000000 0.027738
6.57 70 75 60.302192 62.000000 0.027384
13.46 71 84 60.324724 62.000000 0.027021
11.33 72 80 60.347896 62.000000 0.026647
9.48 73 76 60.367265 62.000000 0.026334
9.33 74 89 60.387109 62.000000 0.026014
10.17 75 60 60.399622 62.000000 0.025813
7.50 76 54 60.411229 62.000000 0.025625
5.09 77 74 60.436153 62.000000 0.025223
10.25 78 83 60.452215 62.000000 0.024964
18.27 79 83 60.467158 62.000000 0.024723
10.29 80 54 60.483999 62.000000 0.024452
10.05 81 72 60.495470 62.000000 0.024267
8.58 82 77 60.511924 62.000000 0.024001
10.65 83 62 60.532440 62.000000 0.023670
11.26 84 70 60.545361 62.000000 0.023462
