0.51 0 0 219.833333 338.000000 0.349606
0.25 1 91 222.011111 338.000000 0.343162
0.27 2 107 223.725401 338.000000 0.338091
0.47 3 117 227.543905 338.000000 0.326793
0.48 4 135 230.690420 338.000000 0.317484
0.61 5 151 233.733829 338.000000 0.308480
0.60 6 156 236.607470 338.000000 0.299978
1.05 7 168 238.662374 338.000000 0.293898
0.81 8 167 241.387646 338.000000 0.285835
1.39 9 176 243.700458 338.000000 0.278993
0.80 10 155 246.676771 338.000000 0.270187
0.93 11 172 249.195050 338.000000 0.262737
1.39 12 189 253.113748 338.000000 0.251143
1.33 13 176 255.801345 338.000000 0.243191
1.03 14 182 257.874840 338.000000 0.237057
1.41 15 159 259.650266 338.000000 0.231804
2.01 16 175 261.653523 338.000000 0.225877
5.55 17 194 263.647073 338.000000 0.219979
1.78 18 185 265.796567 338.000000 0.213620
2.46 19 169 267.431461 338.000000 0.208783
2.71 20 181 269.194867 338.000000 0.203565
6.81 21 185 270.642466 338.000000 0.199283
5.31 22 170 271.822320 338.000000 0.195792
5.11 23 168 273.540913 338.000000 0.190707
11.47 24 194 275.147211 338.000000 0.185955
3.70 25 167 276.546721 338.000000 0.181814
3.12 26 168 277.857894 338.000000 0.177935
5.75 27 182 279.023855 338.000000 0.174486
6.08 28 175 279.931501 338.000000 0.171800
9.28 29 175 281.085036 338.000000 0.168387
8.63 30 179 282.559141 338.000000 0.164026
4.92 31 151 283.396138 338.000000 0.161550
3.53 32 167 284.555112 338.000000 0.158121
17.28 33 151 285.671815 338.000000 0.154817
9.92 34 177 286.751104 338.000000 0.151624
14.75 35 142 287.534257 338.000000 0.149307
12.61 36 147 288.517490 338.000000 0.146398
13.12 37 166 289.307913 338.000000 0.144059
10.51 38 149 290.291757 338.000000 0.141149
15.97 39 167 291.211357 338.000000 0.138428
7.95 40 163 292.250704 338.000000 0.135353
14.05 41 195 293.140643 338.000000 0.132720
10.07 42 186 294.052329 338.000000 0.130023
10.85 43 162 294.716871 338.000000 0.128057
6.08 44 155 295.503104 338.000000 0.125730
12.83 45 163 296.353060 338.000000 0.123216
28.97 46 164 296.975760 338.000000 0.121373
13.54 47 156 297.624215 338.000000 0.119455
20.31 48 147 298.246754 338.000000 0.117613
25.47 49 150 298.857391 338.000000 0.115807
20.56 50 144 299.511484 338.000000 0.113871
9.22 51 161 300.067738 338.000000 0.112226
19.33 52 155 300.645046 338.000000 0.110518
20.67 53 141 301.326540 338.000000 0.108501
29.37 54 141 301.879441 338.000000 0.106866
23.66 55 134 302.497048 338.000000 0.105038
36.88 56 130 302.964287 338.000000 0.103656
34.79 57 159 303.437311 338.000000 0.102256
28.70 58 144 303.916419 338.000000 0.100839
16.46 59 140 304.379105 338.000000 0.099470
10.76 60 129 304.752442 338.000000 0.098366
