0.38 0 0 8.000000 17.000000 0.529412
0.54 1 174 8.000000 17.000000 0.529412
0.77 2 224 8.000000 17.000000 0.529412
0.97 3 218 8.000000 17.000000 0.529412
1.28 4 245 8.000000 17.000000 0.529412
1.59 5 237 8.000000 17.000000 0.529412
1.70 6 277 8.000000 17.000000 0.529412
1.65 7 245 8.000000 17.000000 0.529412
2.05 8 255 8.000000 17.000000 0.529412
2.89 9 268 8.000000 17.000000 0.529412
5.44 10 236 8.000000 17.000000 0.529412
3.20 11 268 8.000000 17.000000 0.529412
6.60 12 264 8.000000 17.000000 0.529412
4.27 13 219 8.000000 17.000000 0.529412
8.69 14 210 8.327805 17.000000 0.510129
6.58 15 218 8.476883 17.000000 0.501360
7.79 16 214 8.608430 17.000000 0.493622
4.60 17 208 8.711418 17.000000 0.487564
4.19 18 173 8.775387 17.000000 0.483801
3.59 19 120 8.800900 17.000000 0.482300
3.68 20 123 8.815734 17.000000 0.481427
4.05 21 122 8.847412 17.000000 0.479564
4.44 22 101 8.892338 17.000000 0.476921
4.13 23 100 8.950596 17.000000 0.473494
3.98 24 103 9.021139 17.000000 0.469345
9.47 25 149 9.050234 17.000000 0.467633
8.97 26 115 9.092466 17.000000 0.465149
9.18 27 100 9.135754 17.000000 0.462603
8.15 28 101 9.205766 17.000000 0.458484
5.34 29 86 9.252331 17.000000 0.455745
4.75 30 95 9.278251 17.000000 0.454221
6.38 31 81 9.298837 17.000000 0.453010
6.17 32 111 9.331464 17.000000 0.451090
6.01 33 101 9.350293 17.000000 0.449983
6.00 34 112 9.367080 17.000000 0.448995
6.13 35 105 9.409327 17.000000 0.446510
5.93 36 103 9.439050 17.000000 0.444762
5.45 37 95 9.458813 17.000000 0.443599
5.47 38 79 9.474018 17.000000 0.442705
7.57 39 88 9.518212 17.000000 0.440105
7.80 40 107 9.561791 17.000000 0.437542
7.27 41 61 9.601543 17.000000 0.435203
9.21 42 70 9.621733 17.000000 0.434016
5.79 43 96 9.656430 17.000000 0.431975
7.91 44 93 9.705145 17.000000 0.429109
6.31 45 79 9.729396 17.000000 0.427683
8.33 46 98 9.756740 17.000000 0.426074
9.60 47 99 9.783269 17.000000 0.424514
13.29 48 74 9.805010 17.000000 0.423235
9.28 49 82 9.823827 17.000000 0.422128
6.99 50 67 9.838931 17.000000 0.421239
9.19 51 74 9.849576 17.000000 0.420613
9.34 52 68 9.864833 17.000000 0.419716
7.76 53 62 9.878584 17.000000 0.418907
8.12 54 51 9.890990 17.000000 0.418177
8.65 55 68 9.902162 17.000000 0.417520
9.92 56 36 9.909812 17.000000 0.417070
6.17 57 36 9.910918 17.000000 0.417005
6.05 58 25 9.914615 17.000000 0.416787
7.67 59 42 9.916294 17.000000 0.416689
6.81 60 54 9.916371 17.000000 0.416684
9.64 61 38 9.918777 17.000000 0.416543
7.20 62 46 9.922599 17.000000 0.416318
14.61 63 27 9.926170 17.000000 0.416108
7.44 64 22 9.927913 17.000000 0.416005
9.96 65 25 9.928450 17.000000 0.415974
8.45 66 31 9.934722 17.000000 0.415605
9.28 67 36 9.934775 17.000000 0.415601
7.88 68 33 9.941321 17.000000 0.415216
7.13 69 36 9.941321 17.000000 0.415216
13.77 70 22 9.941321 17.000000 0.415216
6.25 71 18 9.941321 17.000000 0.415216
6.01 72 21 9.941321 17.000000 0.415216
6.62 73 17 9.941321 17.000000 0.415216
6.06 74 18 9.941321 17.000000 0.415216
6.66 75 15 9.941321 17.000000 0.415216
6.58 76 22 9.941321 17.000000 0.415216
7.33 77 10 9.941321 17.000000 0.415216
6.48 78 13 9.941321 17.000000 0.415216
8.18 79 10 9.941321 17.000000 0.415216
6.80 80 18 9.941321 17.000000 0.415216
9.29 81 9 9.941321 17.000000 0.415216
7.15 82 12 9.941321 17.000000 0.415216
6.49 83 12 9.941321 17.000000 0.415216
8.95 84 10 9.941321 17.000000 0.415216
8.84 85 15 9.941321 17.000000 0.415216
8.67 86 20 9.941321 17.000000 0.415216
8.91 87 3 9.941321 17.000000 0.415216
9.44 88 11 9.941321 17.000000 0.415216
9.30 89 5 9.941321 17.000000 0.415216
