0.54 0 0 163.538177 204.000000 0.198342
0.23 1 74 164.910999 204.000000 0.191613
0.24 2 96 166.557052 204.000000 0.183544
0.35 3 112 168.195433 204.000000 0.175513
0.34 4 120 169.265364 204.000000 0.170268
0.38 5 123 170.630579 204.000000 0.163576
0.49 6 138 172.301139 204.000000 0.155387
0.50 7 146 173.548291 204.000000 0.149273
0.59 8 132 174.824430 204.000000 0.143018
0.64 9 112 176.862479 204.000000 0.133027
0.67 10 141 177.698821 204.000000 0.128927
0.75 11 134 178.831240 204.000000 0.123376
0.71 12 117 179.649891 204.000000 0.119363
1.01 13 118 180.570245 204.000000 0.114852
2.51 14 114 181.837293 204.000000 0.108641
2.52 15 138 182.481131 204.000000 0.105485
2.35 16 124 183.241277 204.000000 0.101758
1.24 17 148 183.959468 204.000000 0.098238
1.13 18 138 184.636508 204.000000 0.094919
1.21 19 127 185.497214 204.000000 0.090700
0.92 20 116 186.079880 204.000000 0.087844
1.15 21 123 186.589059 204.000000 0.085348
1.04 22 93 186.959727 204.000000 0.083531
1.13 23 109 187.603547 204.000000 0.080375
3.57 24 105 188.279103 204.000000 0.077063
4.66 25 123 188.536588 204.000000 0.075801
1.30 26 95 188.911244 204.000000 0.073964
3.08 27 83 189.338183 204.000000 0.071872
6.55 28 96 189.731138 204.000000 0.069945
2.04 29 106 190.152290 204.000000 0.067881
6.23 30 100 190.686162 204.000000 0.065264
1.99 31 111 191.014954 204.000000 0.063652
4.35 32 108 191.525862 204.000000 0.061148
3.73 33 99 191.795672 204.000000 0.059825
1.98 34 61 192.032054 204.000000 0.058666
3.66 35 89 192.119507 204.000000 0.058238
3.87 36 63 192.258614 204.000000 0.057556
3.45 37 54 192.401014 204.000000 0.056858
1.64 38 48 192.592890 204.000000 0.055917
5.51 39 51 192.728165 204.000000 0.055254
3.94 40 63 192.876124 204.000000 0.054529
2.30 41 49 193.000419 204.000000 0.053920
1.93 42 63 193.135808 204.000000 0.053256
2.05 43 47 193.226920 204.000000 0.052809
2.86 44 57 193.343263 204.000000 0.052239
2.12 45 56 193.467253 204.000000 0.051631
3.83 46 48 193.566953 204.000000 0.051142
13.23 47 47 193.659038 204.000000 0.050691
8.50 48 39 193.711777 204.000000 0.050432
10.58 49 49 193.809169 204.000000 0.049955
4.43 50 61 193.922720 204.000000 0.049398
7.93 51 57 194.032828 204.000000 0.048859
4.18 52 51 194.132747 204.000000 0.048369
3.92 53 27 194.172282 204.000000 0.048175
4.60 54 33 194.268916 204.000000 0.047701
4.04 55 41 194.350081 204.000000 0.047304
2.69 56 46 194.432469 204.000000 0.046900
3.32 57 35 194.572728 204.000000 0.046212
8.51 58 39 194.647155 204.000000 0.045847
6.92 59 38 194.708005 204.000000 0.045549
3.88 60 41 194.770174 204.000000 0.045244
8.26 61 33 194.834316 204.000000 0.044930
7.25 62 34 194.935678 204.000000 0.044433
6.26 63 35 195.003772 204.000000 0.044099
7.06 64 43 195.094131 204.000000 0.043656
9.71 65 35 195.122970 204.000000 0.043515
10.60 66 38 195.206439 204.000000 0.043106
1.90 67 20 195.229074 204.000000 0.042995
4.31 68 20 195.289941 204.000000 0.042696
3.82 69 22 195.351406 204.000000 0.042395
4.57 70 26 195.412724 204.000000 0.042094
4.31 71 17 195.434513 204.000000 0.041988
4.08 72 10 195.455505 204.000000 0.041885
1.51 73 13 195.481927 204.000000 0.041755
5.31 74 19 195.488447 204.000000 0.041723
5.80 75 13 195.494150 204.000000 0.041695
5.81 76 9 195.502861 204.000000 0.041653
14.09 77 9 195.510851 204.000000 0.041613
8.05 78 15 195.532038 204.000000 0.041510
6.34 79 23 195.562435 204.000000 0.041361
13.83 80 15 195.581982 204.000000 0.041265
7.52 81 12 195.614141 204.000000 0.041107
12.01 82 19 195.643175 204.000000 0.040965
11.55 83 15 195.680316 204.000000 0.040783
7.69 84 12 195.688560 204.000000 0.040742
4.84 85 21 195.732101 204.000000 0.040529
11.91 86 9 195.742170 204.000000 0.040480
7.83 87 15 195.772736 204.000000 0.040330
3.56 88 9 195.775558 204.000000 0.040316
9.05 89 10 195.805948 204.000000 0.040167
11.45 90 14 195.808192 204.000000 0.040156
6.40 91 14 195.831682 204.000000 0.040041
3.87 92 16 195.842024 204.000000 0.039990
11.20 93 16 195.877153 204.000000 0.039818
5.66 94 10 195.897973 204.000000 0.039716
9.26 95 14 195.909656 204.000000 0.039659
5.44 96 1 195.910889 204.000000 0.039653
4.78 97 6 195.925729 204.000000 0.039580
19.07 98 13 195.940066 204.000000 0.039509
7.56 99 8 195.947956 204.000000 0.039471
4.13 100 14 195.963236 204.000000 0.039396
4.06 101 10 195.978748 204.000000 0.039320
7.66 102 5 195.982305 204.000000 0.039302
3.57 103 7 195.991639 204.000000 0.039257
9.64 104 9 196.005541 204.000000 0.039189
1.35 105 11 196.017522 204.000000 0.039130
1.88 106 4 196.022346 204.000000 0.039106
3.37 107 7 196.023958 204.000000 0.039098
1.67 108 8 196.029750 204.000000 0.039070
9.76 109 9 196.034949 204.000000 0.039044
5.35 110 9 196.047291 204.000000 0.038984
10.63 111 8 196.057514 204.000000 0.038934
4.65 112 10 196.064272 204.000000 0.038901
5.82 113 10 196.069691 204.000000 0.038874
3.76 114 6 196.076533 204.000000 0.038841
4.52 115 6 196.081746 204.000000 0.038815
6.79 116 7 196.087564 204.000000 0.038786
5.04 117 10 196.094165 204.000000 0.038754
1.93 118 12 196.100120 204.000000 0.038725
7.32 119 2 196.102635 204.000000 0.038713
9.60 120 2 196.106899 204.000000 0.038692
