0.34 0 0 30.733333 42.000000 0.268254
0.11 1 96 30.978947 42.000000 0.262406
0.16 2 116 31.000000 42.000000 0.261905
0.20 3 127 31.308565 42.000000 0.254558
0.26 4 126 31.878389 42.000000 0.240991
0.50 5 123 32.215527 42.000000 0.232964
0.48 6 141 32.516302 42.000000 0.225802
0.60 7 139 33.084039 42.000000 0.212285
0.91 8 128 33.413861 42.000000 0.204432
0.73 9 149 34.260495 42.000000 0.184274
1.13 10 154 34.636321 42.000000 0.175326
1.07 11 128 35.186853 42.000000 0.162218
2.22 12 147 35.465504 42.000000 0.155583
1.30 13 129 35.793581 42.000000 0.147772
2.16 14 139 36.204128 42.000000 0.137997
1.37 15 140 36.530563 42.000000 0.130225
2.37 16 138 36.804818 42.000000 0.123695
3.93 17 163 37.201874 42.000000 0.114241
1.07 18 157 37.486985 42.000000 0.107453
1.30 19 132 37.689239 42.000000 0.102637
0.81 20 138 37.927204 42.000000 0.096971
1.06 21 130 38.123770 42.000000 0.092291
1.18 22 117 38.308441 42.000000 0.087894
2.49 23 96 38.446659 42.000000 0.084603
1.11 24 115 38.633874 42.000000 0.080146
1.02 25 120 38.799691 42.000000 0.076198
1.04 26 108 38.979489 42.000000 0.071917
4.01 27 109 39.153871 42.000000 0.067765
4.97 28 118 39.352441 42.000000 0.063037
4.29 29 117 39.487647 42.000000 0.059818
2.35 30 98 39.623326 42.000000 0.056587
1.49 31 125 39.689604 42.000000 0.055009
4.84 32 81 39.777700 42.000000 0.052912
2.41 33 95 39.858251 42.000000 0.050994
0.72 34 59 39.906346 42.000000 0.049849
1.07 35 62 39.969461 42.000000 0.048346
0.88 36 58 39.993616 42.000000 0.047771
1.30 37 57 40.059292 42.000000 0.046207
1.27 38 76 40.114443 42.000000 0.044894
1.02 39 72 40.148308 42.000000 0.044088
4.41 40 60 40.168374 42.000000 0.043610
1.30 41 55 40.221266 42.000000 0.042351
3.20 42 54 40.253413 42.000000 0.041585
0.96 43 55 40.286476 42.000000 0.040798
1.20 44 45 40.315977 42.000000 0.040096
1.24 45 54 40.335661 42.000000 0.039627
1.64 46 47 40.377429 42.000000 0.038633
1.00 47 44 40.398020 42.000000 0.038142
3.60 48 51 40.422151 42.000000 0.037568
1.52 49 38 40.435807 42.000000 0.037243
1.13 50 33 40.447139 42.000000 0.036973
1.43 51 31 40.463363 42.000000 0.036587
1.39 52 47 40.481863 42.000000 0.036146
1.59 53 37 40.515093 42.000000 0.035355
2.49 54 37 40.531897 42.000000 0.034955
1.90 55 44 40.560976 42.000000 0.034262
1.18 56 39 40.581977 42.000000 0.033762
1.43 57 31 40.599920 42.000000 0.033335
1.59 58 30 40.611821 42.000000 0.033052
3.03 59 38 40.618884 42.000000 0.032884
1.41 60 32 40.634693 42.000000 0.032507
2.41 61 34 40.645532 42.000000 0.032249
2.05 62 38 40.662473 42.000000 0.031846
2.01 63 23 40.677547 42.000000 0.031487
1.76 64 36 40.687320 42.000000 0.031254
1.59 65 30 40.696076 42.000000 0.031046
6.82 66 34 40.708037 42.000000 0.030761
2.39 67 36 40.718493 42.000000 0.030512
1.94 68 16 40.728249 42.000000 0.030280
1.91 69 21 40.736855 42.000000 0.030075
1.27 70 33 40.738159 42.000000 0.030044
1.92 71 32 40.744473 42.000000 0.029894
2.15 72 23 40.757639 42.000000 0.029580
2.46 73 27 40.769411 42.000000 0.029300
1.88 74 18 40.774241 42.000000 0.029185
4.20 75 22 40.777040 42.000000 0.029118
4.19 76 20 40.783834 42.000000 0.028956
3.29 77 29 40.790253 42.000000 0.028803
1.20 78 20 40.791532 42.000000 0.028773
1.65 79 26 40.793900 42.000000 0.028717
2.19 80 18 40.804691 42.000000 0.028460
4.65 81 30 40.810143 42.000000 0.028330
0.88 82 11 40.810836 42.000000 0.028313
3.50 83 24 40.825683 42.000000 0.027960
2.94 84 19 40.832850 42.000000 0.027789
2.59 85 26 40.844523 42.000000 0.027511
8.92 86 18 40.854982 42.000000 0.027262
1.49 87 14 40.862051 42.000000 0.027094
1.67 88 18 40.867766 42.000000 0.026958
1.48 89 19 40.875552 42.000000 0.026773
1.58 90 9 40.878259 42.000000 0.026708
1.39 91 9 40.882950 42.000000 0.026596
4.89 92 28 40.887246 42.000000 0.026494
1.57 93 16 40.888420 42.000000 0.026466
2.38 94 20 40.896217 42.000000 0.026281
2.34 95 22 40.904845 42.000000 0.026075
3.14 96 15 40.913366 42.000000 0.025872
3.03 97 16 40.917345 42.000000 0.025777
1.34 98 17 40.918190 42.000000 0.025757
4.14 99 10 40.922835 42.000000 0.025647
3.93 100 7 40.923602 42.000000 0.025629
1.39 101 8 40.923880 42.000000 0.025622
1.57 102 9 40.924723 42.000000 0.025602
2.31 103 2 40.924846 42.000000 0.025599
1.54 104 11 40.927788 42.000000 0.025529
2.11 105 9 40.929086 42.000000 0.025498
3.38 106 4 40.931213 42.000000 0.025447
3.70 107 11 40.932647 42.000000 0.025413
4.57 108 7 40.935223 42.000000 0.025352
1.69 109 19 40.936837 42.000000 0.025313
2.06 110 4 40.936920 42.000000 0.025311
0.82 111 5 40.937106 42.000000 0.025307
0.69 112 9 40.937367 42.000000 0.025301
0.96 113 2 40.937739 42.000000 0.025292
0.53 114 3 40.937876 42.000000 0.025289
1.86 115 3 40.939888 42.000000 0.025241
1.93 116 10 40.944901 42.000000 0.025121
4.20 117 9 40.948599 42.000000 0.025033
3.53 118 8 40.950635 42.000000 0.024985
3.58 119 7 40.952647 42.000000 0.024937
3.06 120 5 40.953040 42.000000 0.024928
2.85 121 5 40.953382 42.000000 0.024919
1.16 122 10 40.954107 42.000000 0.024902
0.78 123 6 40.954725 42.000000 0.024887
2.92 124 5 40.955025 42.000000 0.024880
3.43 125 6 40.955363 42.000000 0.024872
3.50 126 5 40.957039 42.000000 0.024832
0.80 127 3 40.957394 42.000000 0.024824
0.87 128 7 40.957590 42.000000 0.024819
0.49 129 6 40.957749 42.000000 0.024815
0.39 130 1 40.957831 42.000000 0.024814
