0.38 0 0 100.930000 130.000000 0.223615
0.14 1 67 103.255256 130.000000 0.205729
0.16 2 75 104.167725 130.000000 0.198710
0.25 3 99 105.876449 130.000000 0.185566
0.24 4 108 106.594913 130.000000 0.180039
0.45 5 124 108.251652 130.000000 0.167295
0.42 6 106 109.918300 130.000000 0.154475
0.51 7 137 111.097014 130.000000 0.145408
0.53 8 115 112.404371 130.000000 0.135351
0.72 9 130 113.224052 130.000000 0.129046
1.12 10 123 114.002339 130.000000 0.123059
0.58 11 97 114.703485 130.000000 0.117666
1.02 12 109 115.391951 130.000000 0.112370
1.83 13 101 116.249494 130.000000 0.105773
2.27 14 90 116.964523 130.000000 0.100273
0.77 15 105 117.854000 130.000000 0.093431
0.64 16 105 118.578337 130.000000 0.087859
2.74 17 97 119.058703 130.000000 0.084164
1.76 18 99 119.715138 130.000000 0.079114
2.89 19 71 120.042809 130.000000 0.076594
5.12 20 84 120.471906 130.000000 0.073293
1.55 21 63 120.678223 130.000000 0.071706
10.80 22 87 121.102470 130.000000 0.068443
3.34 23 73 121.366651 130.000000 0.066410
13.74 24 60 121.538474 130.000000 0.065089
3.13 25 63 121.658727 130.000000 0.064164
4.58 26 73 121.831004 130.000000 0.062838
8.80 27 71 122.049536 130.000000 0.061157
9.87 28 71 122.335433 130.000000 0.058958
3.41 29 42 122.448379 130.000000 0.058089
13.92 30 55 122.715566 130.000000 0.056034
4.88 31 45 122.901123 130.000000 0.054607
6.02 32 38 123.081358 130.000000 0.053220
5.22 33 46 123.151565 130.000000 0.052680
11.03 34 40 123.315481 130.000000 0.051419
4.70 35 45 123.427008 130.000000 0.050561
8.16 36 47 123.559900 130.000000 0.049539
7.32 37 40 123.658205 130.000000 0.048783
0.79 38 55 123.732730 130.000000 0.048210
12.23 39 46 123.880036 130.000000 0.047077
7.29 40 41 123.962926 130.000000 0.046439
2.55 41 38 124.058524 130.000000 0.045704
3.41 42 34 124.091659 130.000000 0.045449
8.31 43 37 124.153127 130.000000 0.044976
2.50 44 37 124.223937 130.000000 0.044431
12.20 45 36 124.269255 130.000000 0.044083
3.48 46 37 124.338458 130.000000 0.043550
9.51 47 35 124.402429 130.000000 0.043058
8.39 48 28 124.466001 130.000000 0.042569
9.90 49 21 124.506301 130.000000 0.042259
10.69 50 30 124.554952 130.000000 0.041885
7.74 51 33 124.630832 130.000000 0.041301
6.06 52 30 124.685221 130.000000 0.040883
6.81 53 18 124.727225 130.000000 0.040560
12.18 54 25 124.753762 130.000000 0.040356
1.62 55 26 124.785557 130.000000 0.040111
12.44 56 24 124.810936 130.000000 0.039916
3.22 57 17 124.822220 130.000000 0.039829
7.01 58 17 124.849625 130.000000 0.039618
8.05 59 12 124.867503 130.000000 0.039481
5.71 60 15 124.884350 130.000000 0.039351
20.62 61 9 124.897782 130.000000 0.039248
9.40 62 7 124.905429 130.000000 0.039189
8.92 63 7 124.907746 130.000000 0.039171
1.57 64 6 124.914948 130.000000 0.039116
10.83 65 7 124.915707 130.000000 0.039110
2.83 66 7 124.918791 130.000000 0.039086
5.03 67 3 124.926152 130.000000 0.039030
8.86 68 8 124.928206 130.000000 0.039014
4.98 69 10 124.945104 130.000000 0.038884
5.01 70 14 124.957132 130.000000 0.038791
2.31 71 11 124.969716 130.000000 0.038694
6.96 72 8 124.972059 130.000000 0.038676
9.22 73 2 124.975101 130.000000 0.038653
13.09 74 5 124.975633 130.000000 0.038649
