This file contains any messages produced by compilers while
running configure, to aid debugging if configure makes a mistake.

It was created by cbcsep configure 0.1, which was
generated by GNU Autoconf 2.65.  Invocation command line was

  $ ./configure 

## --------- ##
## Platform. ##
## --------- ##

hostname = venus
uname -m = x86_64
uname -r = 2.6.32-27-generic
uname -s = Linux
uname -v = #49-Ubuntu SMP Thu Dec 2 00:51:09 UTC 2010

/usr/bin/uname -p = unknown
/bin/uname -X     = unknown

/bin/arch              = unknown
/usr/bin/arch -k       = unknown
/usr/convex/getsysinfo = unknown
/usr/bin/hostinfo      = unknown
/bin/machine           = unknown
/usr/bin/oslevel       = unknown
/bin/universe          = unknown

PATH: /home/haroldo/bin
PATH: /usr/local/sbin
PATH: /usr/local/bin
PATH: /usr/sbin
PATH: /usr/bin
PATH: /sbin
PATH: /bin
PATH: /usr/games
PATH: /home/haroldo/Dropbox/bin/pdfjam/bin/
PATH: /home/haroldo/src/cplex122/cplex/bin/x86-64_sles10_4.1/


## ----------- ##
## Core tests. ##
## ----------- ##

configure:2533: checking for a BSD-compatible install
configure:2601: result: /usr/bin/install -c
configure:2612: checking whether build environment is sane
configure:2662: result: yes
configure:2803: checking for a thread-safe mkdir -p
configure:2842: result: /bin/mkdir -p
configure:2855: checking for gawk
configure:2871: found /usr/bin/gawk
configure:2882: result: gawk
configure:2893: checking whether make sets $(MAKE)
configure:2915: result: yes
configure:3057: checking for g++
configure:3073: found /usr/bin/g++
configure:3084: result: g++
configure:3111: checking for C++ compiler version
configure:3120: g++ --version >&5
g++ (Ubuntu 4.4.3-4ubuntu5) 4.4.3
Copyright (C) 2009 Free Software Foundation, Inc.
This is free software; see the source for copying conditions.  There is NO
warranty; not even for MERCHANTABILITY or FITNESS FOR A PARTICULAR PURPOSE.

configure:3131: $? = 0
configure:3120: g++ -v >&5
Using built-in specs.
Target: x86_64-linux-gnu
Configured with: ../src/configure -v --with-pkgversion='Ubuntu 4.4.3-4ubuntu5' --with-bugurl=file:///usr/share/doc/gcc-4.4/README.Bugs --enable-languages=c,c++,fortran,objc,obj-c++ --prefix=/usr --enable-shared --enable-multiarch --enable-linker-build-id --with-system-zlib --libexecdir=/usr/lib --without-included-gettext --enable-threads=posix --with-gxx-include-dir=/usr/include/c++/4.4 --program-suffix=-4.4 --enable-nls --enable-clocale=gnu --enable-libstdcxx-debug --enable-plugin --enable-objc-gc --disable-werror --with-arch-32=i486 --with-tune=generic --enable-checking=release --build=x86_64-linux-gnu --host=x86_64-linux-gnu --target=x86_64-linux-gnu
Thread model: posix
gcc version 4.4.3 (Ubuntu 4.4.3-4ubuntu5) 
configure:3131: $? = 0
configure:3120: g++ -V >&5
g++: '-V' option must have argument
configure:3131: $? = 1
configure:3120: g++ -qversion >&5
g++: unrecognized option '-qversion'
g++: no input files
configure:3131: $? = 1
configure:3151: checking whether the C++ compiler works
configure:3173: g++ -O0 -g3 -Wall -DDEBUG   conftest.cpp  >&5
configure:3177: $? = 0
configure:3226: result: yes
configure:3229: checking for C++ compiler default output file name
configure:3231: result: a.out
configure:3237: checking for suffix of executables
configure:3244: g++ -o conftest -O0 -g3 -Wall -DDEBUG   conftest.cpp  >&5
configure:3248: $? = 0
configure:3270: result: 
configure:3292: checking whether we are cross compiling
configure:3300: g++ -o conftest -O0 -g3 -Wall -DDEBUG   conftest.cpp  >&5
configure:3304: $? = 0
configure:3311: ./conftest
configure:3315: $? = 0
configure:3330: result: no
configure:3335: checking for suffix of object files
configure:3357: g++ -c -O0 -g3 -Wall -DDEBUG  conftest.cpp >&5
configure:3361: $? = 0
configure:3382: result: o
configure:3386: checking whether we are using the GNU C++ compiler
configure:3405: g++ -c -O0 -g3 -Wall -DDEBUG  conftest.cpp >&5
configure:3405: $? = 0
configure:3414: result: yes
configure:3423: checking whether g++ accepts -g
configure:3443: g++ -c -g  conftest.cpp >&5
configure:3443: $? = 0
configure:3484: result: yes
configure:3518: checking for style of include used by make
configure:3546: result: GNU
configure:3571: checking dependency style of g++
configure:3681: result: gcc3
configure:3744: checking for gcc
configure:3760: found /usr/bin/gcc
configure:3771: result: gcc
configure:4000: checking for C compiler version
configure:4009: gcc --version >&5
gcc (Ubuntu 4.4.3-4ubuntu5) 4.4.3
Copyright (C) 2009 Free Software Foundation, Inc.
This is free software; see the source for copying conditions.  There is NO
warranty; not even for MERCHANTABILITY or FITNESS FOR A PARTICULAR PURPOSE.

configure:4020: $? = 0
configure:4009: gcc -v >&5
Using built-in specs.
Target: x86_64-linux-gnu
Configured with: ../src/configure -v --with-pkgversion='Ubuntu 4.4.3-4ubuntu5' --with-bugurl=file:///usr/share/doc/gcc-4.4/README.Bugs --enable-languages=c,c++,fortran,objc,obj-c++ --prefix=/usr --enable-shared --enable-multiarch --enable-linker-build-id --with-system-zlib --libexecdir=/usr/lib --without-included-gettext --enable-threads=posix --with-gxx-include-dir=/usr/include/c++/4.4 --program-suffix=-4.4 --enable-nls --enable-clocale=gnu --enable-libstdcxx-debug --enable-plugin --enable-objc-gc --disable-werror --with-arch-32=i486 --with-tune=generic --enable-checking=release --build=x86_64-linux-gnu --host=x86_64-linux-gnu --target=x86_64-linux-gnu
Thread model: posix
gcc version 4.4.3 (Ubuntu 4.4.3-4ubuntu5) 
configure:4020: $? = 0
configure:4009: gcc -V >&5
gcc: '-V' option must have argument
configure:4020: $? = 1
configure:4009: gcc -qversion >&5
gcc: unrecognized option '-qversion'
gcc: no input files
configure:4020: $? = 1
configure:4024: checking whether we are using the GNU C compiler
configure:4043: gcc -c -O0 -g3 -Wall -DDEBUG  conftest.c >&5
configure:4043: $? = 0
configure:4052: result: yes
configure:4061: checking whether gcc accepts -g
configure:4081: gcc -c -g  conftest.c >&5
configure:4081: $? = 0
configure:4122: result: yes
configure:4139: checking for gcc option to accept ISO C89
configure:4203: gcc  -c -O0 -g3 -Wall -DDEBUG  conftest.c >&5
configure:4203: $? = 0
configure:4216: result: none needed
configure:4238: checking dependency style of gcc
configure:4348: result: gcc3
configure:4392: checking build system type
configure:4406: result: x86_64-unknown-linux-gnu
configure:4426: checking host system type
configure:4439: result: x86_64-unknown-linux-gnu
configure:4459: checking for a sed that does not truncate output
configure:4523: result: /bin/sed
configure:4541: checking for grep that handles long lines and -e
configure:4599: result: /bin/grep
configure:4604: checking for egrep
configure:4666: result: /bin/grep -E
configure:4671: checking for fgrep
configure:4733: result: /bin/grep -F
configure:4768: checking for ld used by gcc
configure:4835: result: /usr/bin/ld
configure:4842: checking if the linker (/usr/bin/ld) is GNU ld
configure:4857: result: yes
configure:4869: checking for BSD- or MS-compatible name lister (nm)
configure:4918: result: /usr/bin/nm -B
configure:5036: checking the name lister (/usr/bin/nm -B) interface
configure:5043: gcc -c -O0 -g3 -Wall -DDEBUG  conftest.c >&5
configure:5046: /usr/bin/nm -B "conftest.o"
configure:5049: output
0000000000000000 B some_variable
configure:5056: result: BSD nm
configure:5059: checking whether ln -s works
configure:5063: result: yes
configure:5071: checking the maximum length of command line arguments
configure:5191: result: 1572864
configure:5208: checking whether the shell understands some XSI constructs
configure:5218: result: yes
configure:5222: checking whether the shell understands "+="
configure:5228: result: yes
configure:5263: checking for /usr/bin/ld option to reload object files
configure:5270: result: -r
configure:5339: checking for objdump
configure:5355: found /usr/bin/objdump
configure:5366: result: objdump
configure:5398: checking how to recognize dependent libraries
configure:5594: result: pass_all
configure:5654: checking for ar
configure:5670: found /usr/bin/ar
configure:5681: result: ar
configure:5759: checking for strip
configure:5775: found /usr/bin/strip
configure:5786: result: strip
configure:5858: checking for ranlib
configure:5874: found /usr/bin/ranlib
configure:5885: result: ranlib
configure:5975: checking command to parse /usr/bin/nm -B output from gcc object
configure:6093: gcc -c -O0 -g3 -Wall -DDEBUG  conftest.c >&5
configure:6096: $? = 0
configure:6100: /usr/bin/nm -B conftest.o \| sed -n -e 's/^.*[	 ]\([ABCDGIRSTW][ABCDGIRSTW]*\)[	 ][	 ]*\([_A-Za-z][_A-Za-z0-9]*\)$/\1 \2 \2/p' \> conftest.nm
configure:6103: $? = 0
configure:6157: gcc -o conftest -O0 -g3 -Wall -DDEBUG   conftest.c conftstm.o >&5
configure:6160: $? = 0
configure:6198: result: ok
configure:6294: gcc -c -O0 -g3 -Wall -DDEBUG  conftest.c >&5
configure:6297: $? = 0
configure:7007: checking how to run the C preprocessor
configure:7038: gcc -E  conftest.c
configure:7038: $? = 0
configure:7052: gcc -E  conftest.c
conftest.c:11:28: error: ac_nonexistent.h: No such file or directory
configure:7052: $? = 1
configure: failed program was:
| /* confdefs.h */
| #define PACKAGE_NAME "cbcsep"
| #define PACKAGE_TARNAME "cbcsep"
| #define PACKAGE_VERSION "0.1"
| #define PACKAGE_STRING "cbcsep 0.1"
| #define PACKAGE_BUGREPORT "haroldo.santos@gmail.com"
| #define PACKAGE_URL ""
| #define PACKAGE "cbcsep"
| #define VERSION "0.1"
| /* end confdefs.h.  */
| #include <ac_nonexistent.h>
configure:7077: result: gcc -E
configure:7097: gcc -E  conftest.c
configure:7097: $? = 0
configure:7111: gcc -E  conftest.c
conftest.c:11:28: error: ac_nonexistent.h: No such file or directory
configure:7111: $? = 1
configure: failed program was:
| /* confdefs.h */
| #define PACKAGE_NAME "cbcsep"
| #define PACKAGE_TARNAME "cbcsep"
| #define PACKAGE_VERSION "0.1"
| #define PACKAGE_STRING "cbcsep 0.1"
| #define PACKAGE_BUGREPORT "haroldo.santos@gmail.com"
| #define PACKAGE_URL ""
| #define PACKAGE "cbcsep"
| #define VERSION "0.1"
| /* end confdefs.h.  */
| #include <ac_nonexistent.h>
configure:7140: checking for ANSI C header files
configure:7160: gcc -c -O0 -g3 -Wall -DDEBUG  conftest.c >&5
configure:7160: $? = 0
configure:7233: gcc -o conftest -O0 -g3 -Wall -DDEBUG   conftest.c  >&5
configure:7233: $? = 0
configure:7233: ./conftest
configure:7233: $? = 0
configure:7244: result: yes
configure:7257: checking for sys/types.h
configure:7257: gcc -c -O0 -g3 -Wall -DDEBUG  conftest.c >&5
configure:7257: $? = 0
configure:7257: result: yes
configure:7257: checking for sys/stat.h
configure:7257: gcc -c -O0 -g3 -Wall -DDEBUG  conftest.c >&5
configure:7257: $? = 0
configure:7257: result: yes
configure:7257: checking for stdlib.h
configure:7257: gcc -c -O0 -g3 -Wall -DDEBUG  conftest.c >&5
configure:7257: $? = 0
configure:7257: result: yes
configure:7257: checking for string.h
configure:7257: gcc -c -O0 -g3 -Wall -DDEBUG  conftest.c >&5
configure:7257: $? = 0
configure:7257: result: yes
configure:7257: checking for memory.h
configure:7257: gcc -c -O0 -g3 -Wall -DDEBUG  conftest.c >&5
configure:7257: $? = 0
configure:7257: result: yes
configure:7257: checking for strings.h
configure:7257: gcc -c -O0 -g3 -Wall -DDEBUG  conftest.c >&5
configure:7257: $? = 0
configure:7257: result: yes
configure:7257: checking for inttypes.h
configure:7257: gcc -c -O0 -g3 -Wall -DDEBUG  conftest.c >&5
configure:7257: $? = 0
configure:7257: result: yes
configure:7257: checking for stdint.h
configure:7257: gcc -c -O0 -g3 -Wall -DDEBUG  conftest.c >&5
configure:7257: $? = 0
configure:7257: result: yes
configure:7257: checking for unistd.h
configure:7257: gcc -c -O0 -g3 -Wall -DDEBUG  conftest.c >&5
configure:7257: $? = 0
configure:7257: result: yes
configure:7272: checking for dlfcn.h
configure:7272: gcc -c -O0 -g3 -Wall -DDEBUG  conftest.c >&5
configure:7272: $? = 0
configure:7272: result: yes
configure:7397: checking for C++ compiler version
configure:7406: g++ --version >&5
g++ (Ubuntu 4.4.3-4ubuntu5) 4.4.3
Copyright (C) 2009 Free Software Foundation, Inc.
This is free software; see the source for copying conditions.  There is NO
warranty; not even for MERCHANTABILITY or FITNESS FOR A PARTICULAR PURPOSE.

configure:7417: $? = 0
configure:7406: g++ -v >&5
Using built-in specs.
Target: x86_64-linux-gnu
Configured with: ../src/configure -v --with-pkgversion='Ubuntu 4.4.3-4ubuntu5' --with-bugurl=file:///usr/share/doc/gcc-4.4/README.Bugs --enable-languages=c,c++,fortran,objc,obj-c++ --prefix=/usr --enable-shared --enable-multiarch --enable-linker-build-id --with-system-zlib --libexecdir=/usr/lib --without-included-gettext --enable-threads=posix --with-gxx-include-dir=/usr/include/c++/4.4 --program-suffix=-4.4 --enable-nls --enable-clocale=gnu --enable-libstdcxx-debug --enable-plugin --enable-objc-gc --disable-werror --with-arch-32=i486 --with-tune=generic --enable-checking=release --build=x86_64-linux-gnu --host=x86_64-linux-gnu --target=x86_64-linux-gnu
Thread model: posix
gcc version 4.4.3 (Ubuntu 4.4.3-4ubuntu5) 
configure:7417: $? = 0
configure:7406: g++ -V >&5
g++: '-V' option must have argument
configure:7417: $? = 1
configure:7406: g++ -qversion >&5
g++: unrecognized option '-qversion'
g++: no input files
configure:7417: $? = 1
configure:7421: checking whether we are using the GNU C++ compiler
configure:7449: result: yes
configure:7458: checking whether g++ accepts -g
configure:7519: result: yes
configure:7544: checking dependency style of g++
configure:7654: result: gcc3
configure:7677: checking how to run the C++ preprocessor
configure:7704: g++ -E  conftest.cpp
configure:7704: $? = 0
configure:7718: g++ -E  conftest.cpp
conftest.cpp:22:28: error: ac_nonexistent.h: No such file or directory
configure:7718: $? = 1
configure: failed program was:
| /* confdefs.h */
| #define PACKAGE_NAME "cbcsep"
| #define PACKAGE_TARNAME "cbcsep"
| #define PACKAGE_VERSION "0.1"
| #define PACKAGE_STRING "cbcsep 0.1"
| #define PACKAGE_BUGREPORT "haroldo.santos@gmail.com"
| #define PACKAGE_URL ""
| #define PACKAGE "cbcsep"
| #define VERSION "0.1"
| #define STDC_HEADERS 1
| #define HAVE_SYS_TYPES_H 1
| #define HAVE_SYS_STAT_H 1
| #define HAVE_STDLIB_H 1
| #define HAVE_STRING_H 1
| #define HAVE_MEMORY_H 1
| #define HAVE_STRINGS_H 1
| #define HAVE_INTTYPES_H 1
| #define HAVE_STDINT_H 1
| #define HAVE_UNISTD_H 1
| #define HAVE_DLFCN_H 1
| /* end confdefs.h.  */
| #include <ac_nonexistent.h>
configure:7743: result: g++ -E
configure:7763: g++ -E  conftest.cpp
configure:7763: $? = 0
configure:7777: g++ -E  conftest.cpp
conftest.cpp:22:28: error: ac_nonexistent.h: No such file or directory
configure:7777: $? = 1
configure: failed program was:
| /* confdefs.h */
| #define PACKAGE_NAME "cbcsep"
| #define PACKAGE_TARNAME "cbcsep"
| #define PACKAGE_VERSION "0.1"
| #define PACKAGE_STRING "cbcsep 0.1"
| #define PACKAGE_BUGREPORT "haroldo.santos@gmail.com"
| #define PACKAGE_URL ""
| #define PACKAGE "cbcsep"
| #define VERSION "0.1"
| #define STDC_HEADERS 1
| #define HAVE_SYS_TYPES_H 1
| #define HAVE_SYS_STAT_H 1
| #define HAVE_STDLIB_H 1
| #define HAVE_STRING_H 1
| #define HAVE_MEMORY_H 1
| #define HAVE_STRINGS_H 1
| #define HAVE_INTTYPES_H 1
| #define HAVE_STDINT_H 1
| #define HAVE_UNISTD_H 1
| #define HAVE_DLFCN_H 1
| /* end confdefs.h.  */
| #include <ac_nonexistent.h>
configure:7983: checking for objdir
configure:7998: result: .libs
configure:8290: checking if gcc supports -fno-rtti -fno-exceptions
configure:8308: gcc -c -O0 -g3 -Wall -DDEBUG  -fno-rtti -fno-exceptions conftest.c >&5
cc1: warning: command line option "-fno-rtti" is valid for C++/ObjC++ but not for C
configure:8312: $? = 0
configure:8325: result: no
configure:8345: checking for gcc option to produce PIC
configure:8617: result: -fPIC -DPIC
configure:8629: checking if gcc PIC flag -fPIC -DPIC works
configure:8647: gcc -c -O0 -g3 -Wall -DDEBUG  -fPIC -DPIC -DPIC conftest.c >&5
configure:8651: $? = 0
configure:8664: result: yes
configure:8688: checking if gcc static flag -static works
configure:8716: result: yes
configure:8731: checking if gcc supports -c -o file.o
configure:8752: gcc -c -O0 -g3 -Wall -DDEBUG  -o out/conftest2.o conftest.c >&5
configure:8756: $? = 0
configure:8778: result: yes
configure:8786: checking if gcc supports -c -o file.o
configure:8833: result: yes
configure:8866: checking whether the gcc linker (/usr/bin/ld -m elf_x86_64) supports shared libraries
configure:9857: result: yes
configure:9894: checking whether -lc should be explicitly linked in
configure:9899: gcc -c -O0 -g3 -Wall -DDEBUG  conftest.c >&5
configure:9902: $? = 0
configure:9917: gcc -shared conftest.o  -v -Wl,-soname -Wl,conftest -o conftest 2\>\&1 \| /bin/grep  -lc  \>/dev/null 2\>\&1
configure:9920: $? = 0
configure:9932: result: no
configure:10096: checking dynamic linker characteristics
configure:10529: gcc -o conftest -O0 -g3 -Wall -DDEBUG   -Wl,-rpath -Wl,/foo conftest.c  >&5
configure:10529: $? = 0
configure:10759: result: GNU/Linux ld.so
configure:10861: checking how to hardcode library paths into programs
configure:10886: result: immediate
configure:11406: checking whether stripping libraries is possible
configure:11411: result: yes
configure:11446: checking if libtool supports shared libraries
configure:11448: result: yes
configure:11451: checking whether to build shared libraries
configure:11472: result: yes
configure:11475: checking whether to build static libraries
configure:11479: result: yes
configure:11629: checking for ld used by g++
configure:11696: result: /usr/bin/ld -m elf_x86_64
configure:11703: checking if the linker (/usr/bin/ld -m elf_x86_64) is GNU ld
configure:11718: result: yes
configure:11773: checking whether the g++ linker (/usr/bin/ld -m elf_x86_64) supports shared libraries
configure:12686: result: yes
configure:12714: g++ -c -O0 -g3 -Wall -DDEBUG  conftest.cpp >&5
configure:12717: $? = 0
configure:12899: checking for g++ option to produce PIC
configure:13216: result: -fPIC -DPIC
configure:13225: checking if g++ PIC flag -fPIC -DPIC works
configure:13243: g++ -c -O0 -g3 -Wall -DDEBUG  -fPIC -DPIC -DPIC conftest.cpp >&5
configure:13247: $? = 0
configure:13260: result: yes
configure:13281: checking if g++ static flag -static works
configure:13309: result: yes
configure:13321: checking if g++ supports -c -o file.o
configure:13342: g++ -c -O0 -g3 -Wall -DDEBUG  -o out/conftest2.o conftest.cpp >&5
configure:13346: $? = 0
configure:13368: result: yes
configure:13373: checking if g++ supports -c -o file.o
configure:13420: result: yes
configure:13450: checking whether the g++ linker (/usr/bin/ld -m elf_x86_64) supports shared libraries
configure:13479: result: yes
configure:13616: checking dynamic linker characteristics
configure:13997: g++ -o conftest -O0 -g3 -Wall -DDEBUG   -Wl,-rpath -Wl,/foo conftest.cpp  >&5
configure:13997: $? = 0
configure:14227: result: GNU/Linux ld.so
configure:14278: checking how to hardcode library paths into programs
configure:14303: result: immediate
configure:14363: checking for fabs in -lm
configure:14388: gcc -o conftest -O0 -g3 -Wall -DDEBUG   conftest.c -lm   >&5
conftest.c:30: warning: conflicting types for built-in function 'fabs'
configure:14388: $? = 0
configure:14397: result: yes
configure:14410: checking for ANSI C header files
configure:14514: result: yes
configure:14525: checking float.h usability
configure:14525: gcc -c -O0 -g3 -Wall -DDEBUG  conftest.c >&5
configure:14525: $? = 0
configure:14525: result: yes
configure:14525: checking float.h presence
configure:14525: gcc -E  conftest.c
configure:14525: $? = 0
configure:14525: result: yes
configure:14525: checking for float.h
configure:14525: result: yes
configure:14525: checking limits.h usability
configure:14525: gcc -c -O0 -g3 -Wall -DDEBUG  conftest.c >&5
configure:14525: $? = 0
configure:14525: result: yes
configure:14525: checking limits.h presence
configure:14525: gcc -E  conftest.c
configure:14525: $? = 0
configure:14525: result: yes
configure:14525: checking for limits.h
configure:14525: result: yes
configure:14525: checking for stdlib.h
configure:14525: result: yes
configure:14525: checking for string.h
configure:14525: result: yes
configure:14525: checking stdio.h usability
configure:14525: gcc -c -O0 -g3 -Wall -DDEBUG  conftest.c >&5
configure:14525: $? = 0
configure:14525: result: yes
configure:14525: checking stdio.h presence
configure:14525: gcc -E  conftest.c
configure:14525: $? = 0
configure:14525: result: yes
configure:14525: checking for stdio.h
configure:14525: result: yes
configure:14525: checking math.h usability
configure:14525: gcc -c -O0 -g3 -Wall -DDEBUG  conftest.c >&5
configure:14525: $? = 0
configure:14525: result: yes
configure:14525: checking math.h presence
configure:14525: gcc -E  conftest.c
configure:14525: $? = 0
configure:14525: result: yes
configure:14525: checking for math.h
configure:14525: result: yes
configure:14538: checking for an ANSI C-conforming const
configure:14603: gcc -c -O0 -g3 -Wall -DDEBUG  conftest.c >&5
conftest.c: In function 'main':
conftest.c:60: warning: 't' is used uninitialized in this function
conftest.c:76: warning: 'b' may be used uninitialized in this function
configure:14603: $? = 0
configure:14610: result: yes
configure:14618: checking for size_t
configure:14618: gcc -c -O0 -g3 -Wall -DDEBUG  conftest.c >&5
configure:14618: $? = 0
configure:14618: gcc -c -O0 -g3 -Wall -DDEBUG  conftest.c >&5
conftest.c: In function 'main':
conftest.c:67: error: expected expression before ')' token
configure:14618: $? = 1
configure: failed program was:
| /* confdefs.h */
| #define PACKAGE_NAME "cbcsep"
| #define PACKAGE_TARNAME "cbcsep"
| #define PACKAGE_VERSION "0.1"
| #define PACKAGE_STRING "cbcsep 0.1"
| #define PACKAGE_BUGREPORT "haroldo.santos@gmail.com"
| #define PACKAGE_URL ""
| #define PACKAGE "cbcsep"
| #define VERSION "0.1"
| #define STDC_HEADERS 1
| #define HAVE_SYS_TYPES_H 1
| #define HAVE_SYS_STAT_H 1
| #define HAVE_STDLIB_H 1
| #define HAVE_STRING_H 1
| #define HAVE_MEMORY_H 1
| #define HAVE_STRINGS_H 1
| #define HAVE_INTTYPES_H 1
| #define HAVE_STDINT_H 1
| #define HAVE_UNISTD_H 1
| #define HAVE_DLFCN_H 1
| #define LT_OBJDIR ".libs/"
| #define HAVE_LIBM 1
| #define STDC_HEADERS 1
| #define HAVE_FLOAT_H 1
| #define HAVE_LIMITS_H 1
| #define HAVE_STDLIB_H 1
| #define HAVE_STRING_H 1
| #define HAVE_STDIO_H 1
| #define HAVE_MATH_H 1
| /* end confdefs.h.  */
| #include <stdio.h>
| #ifdef HAVE_SYS_TYPES_H
| # include <sys/types.h>
| #endif
| #ifdef HAVE_SYS_STAT_H
| # include <sys/stat.h>
| #endif
| #ifdef STDC_HEADERS
| # include <stdlib.h>
| # include <stddef.h>
| #else
| # ifdef HAVE_STDLIB_H
| #  include <stdlib.h>
| # endif
| #endif
| #ifdef HAVE_STRING_H
| # if !defined STDC_HEADERS && defined HAVE_MEMORY_H
| #  include <memory.h>
| # endif
| # include <string.h>
| #endif
| #ifdef HAVE_STRINGS_H
| # include <strings.h>
| #endif
| #ifdef HAVE_INTTYPES_H
| # include <inttypes.h>
| #endif
| #ifdef HAVE_STDINT_H
| # include <stdint.h>
| #endif
| #ifdef HAVE_UNISTD_H
| # include <unistd.h>
| #endif
| int
| main ()
| {
| if (sizeof ((size_t)))
| 	    return 0;
|   ;
|   return 0;
| }
configure:14618: result: yes
configure:14633: checking for working alloca.h
configure:14650: gcc -o conftest -O0 -g3 -Wall -DDEBUG   conftest.c -lm  >&5
configure:14650: $? = 0
configure:14658: result: yes
configure:14666: checking for alloca
configure:14703: gcc -o conftest -O0 -g3 -Wall -DDEBUG   conftest.c -lm  >&5
configure:14703: $? = 0
configure:14711: result: yes
configure:14823: checking for stdlib.h
configure:14823: result: yes
configure:14833: checking for GNU libc compatible malloc
configure:14857: gcc -o conftest -O0 -g3 -Wall -DDEBUG   conftest.c -lm  >&5
configure:14857: $? = 0
configure:14857: ./conftest
configure:14857: $? = 0
configure:14867: result: yes
configure:14890: checking for stdlib.h
configure:14890: result: yes
configure:14900: checking for GNU libc compatible realloc
configure:14924: gcc -o conftest -O0 -g3 -Wall -DDEBUG   conftest.c -lm  >&5
configure:14924: $? = 0
configure:14924: ./conftest
configure:14924: $? = 0
configure:14934: result: yes
configure:14958: checking for memset
configure:14958: gcc -o conftest -O0 -g3 -Wall -DDEBUG   conftest.c -lm  >&5
conftest.c:60: warning: conflicting types for built-in function 'memset'
configure:14958: $? = 0
configure:14958: result: yes
configure:14958: checking for strstr
configure:14958: gcc -o conftest -O0 -g3 -Wall -DDEBUG   conftest.c -lm  >&5
conftest.c:61: warning: conflicting types for built-in function 'strstr'
configure:14958: $? = 0
configure:14958: result: yes
configure:15098: creating ./config.status

## ---------------------- ##
## Running config.status. ##
## ---------------------- ##

This file was extended by cbcsep config.status 0.1, which was
generated by GNU Autoconf 2.65.  Invocation command line was

  CONFIG_FILES    = 
  CONFIG_HEADERS  = 
  CONFIG_LINKS    = 
  CONFIG_COMMANDS = 
  $ ./config.status 

on venus

config.status:1142: creating Makefile
config.status:1142: creating src/Makefile
config.status:1142: creating config.h
config.status:1314: config.h is unchanged
config.status:1362: executing depfiles commands
config.status:1362: executing libtool commands

## ---------------- ##
## Cache variables. ##
## ---------------- ##

ac_cv_build=x86_64-unknown-linux-gnu
ac_cv_c_compiler_gnu=yes
ac_cv_c_const=yes
ac_cv_cxx_compiler_gnu=yes
ac_cv_env_CCC_set=
ac_cv_env_CCC_value=
ac_cv_env_CC_set=
ac_cv_env_CC_value=
ac_cv_env_CFLAGS_set=set
ac_cv_env_CFLAGS_value='-O0 -g3 -Wall -DDEBUG'
ac_cv_env_CPPFLAGS_set=
ac_cv_env_CPPFLAGS_value=
ac_cv_env_CPP_set=
ac_cv_env_CPP_value=
ac_cv_env_CXXCPP_set=
ac_cv_env_CXXCPP_value=
ac_cv_env_CXXFLAGS_set=set
ac_cv_env_CXXFLAGS_value='-O0 -g3 -Wall -DDEBUG'
ac_cv_env_CXX_set=
ac_cv_env_CXX_value=
ac_cv_env_LDFLAGS_set=
ac_cv_env_LDFLAGS_value=
ac_cv_env_LIBS_set=
ac_cv_env_LIBS_value=
ac_cv_env_build_alias_set=
ac_cv_env_build_alias_value=
ac_cv_env_host_alias_set=
ac_cv_env_host_alias_value=
ac_cv_env_target_alias_set=
ac_cv_env_target_alias_value=
ac_cv_func_alloca_works=yes
ac_cv_func_malloc_0_nonnull=yes
ac_cv_func_memset=yes
ac_cv_func_realloc_0_nonnull=yes
ac_cv_func_strstr=yes
ac_cv_header_dlfcn_h=yes
ac_cv_header_float_h=yes
ac_cv_header_inttypes_h=yes
ac_cv_header_limits_h=yes
ac_cv_header_math_h=yes
ac_cv_header_memory_h=yes
ac_cv_header_stdc=yes
ac_cv_header_stdint_h=yes
ac_cv_header_stdio_h=yes
ac_cv_header_stdlib_h=yes
ac_cv_header_string_h=yes
ac_cv_header_strings_h=yes
ac_cv_header_sys_stat_h=yes
ac_cv_header_sys_types_h=yes
ac_cv_header_unistd_h=yes
ac_cv_host=x86_64-unknown-linux-gnu
ac_cv_lib_m_fabs=yes
ac_cv_objext=o
ac_cv_path_EGREP='/bin/grep -E'
ac_cv_path_FGREP='/bin/grep -F'
ac_cv_path_GREP=/bin/grep
ac_cv_path_SED=/bin/sed
ac_cv_path_install='/usr/bin/install -c'
ac_cv_path_mkdir=/bin/mkdir
ac_cv_prog_AWK=gawk
ac_cv_prog_CPP='gcc -E'
ac_cv_prog_CXXCPP='g++ -E'
ac_cv_prog_ac_ct_AR=ar
ac_cv_prog_ac_ct_CC=gcc
ac_cv_prog_ac_ct_CXX=g++
ac_cv_prog_ac_ct_OBJDUMP=objdump
ac_cv_prog_ac_ct_RANLIB=ranlib
ac_cv_prog_ac_ct_STRIP=strip
ac_cv_prog_cc_c89=
ac_cv_prog_cc_g=yes
ac_cv_prog_cxx_g=yes
ac_cv_prog_make_make_set=yes
ac_cv_type_size_t=yes
ac_cv_working_alloca_h=yes
am_cv_CC_dependencies_compiler_type=gcc3
am_cv_CXX_dependencies_compiler_type=gcc3
lt_cv_deplibs_check_method=pass_all
lt_cv_file_magic_cmd='$MAGIC_CMD'
lt_cv_file_magic_test_file=
lt_cv_ld_reload_flag=-r
lt_cv_nm_interface='BSD nm'
lt_cv_objdir=.libs
lt_cv_path_LD=/usr/bin/ld
lt_cv_path_LDCXX='/usr/bin/ld -m elf_x86_64'
lt_cv_path_NM='/usr/bin/nm -B'
lt_cv_prog_compiler_c_o=yes
lt_cv_prog_compiler_c_o_CXX=yes
lt_cv_prog_compiler_pic_works=yes
lt_cv_prog_compiler_pic_works_CXX=yes
lt_cv_prog_compiler_rtti_exceptions=no
lt_cv_prog_compiler_static_works=yes
lt_cv_prog_compiler_static_works_CXX=yes
lt_cv_prog_gnu_ld=yes
lt_cv_prog_gnu_ldcxx=yes
lt_cv_sys_global_symbol_pipe='sed -n -e '\''s/^.*[	 ]\([ABCDGIRSTW][ABCDGIRSTW]*\)[	 ][	 ]*\([_A-Za-z][_A-Za-z0-9]*\)$/\1 \2 \2/p'\'''
lt_cv_sys_global_symbol_to_c_name_address='sed -n -e '\''s/^: \([^ ]*\) $/  {\"\1\", (void *) 0},/p'\'' -e '\''s/^[ABCDGIRSTW]* \([^ ]*\) \([^ ]*\)$/  {"\2", (void *) \&\2},/p'\'''
lt_cv_sys_global_symbol_to_c_name_address_lib_prefix='sed -n -e '\''s/^: \([^ ]*\) $/  {\"\1\", (void *) 0},/p'\'' -e '\''s/^[ABCDGIRSTW]* \([^ ]*\) \(lib[^ ]*\)$/  {"\2", (void *) \&\2},/p'\'' -e '\''s/^[ABCDGIRSTW]* \([^ ]*\) \([^ ]*\)$/  {"lib\2", (void *) \&\2},/p'\'''
lt_cv_sys_global_symbol_to_cdecl='sed -n -e '\''s/^T .* \(.*\)$/extern int \1();/p'\'' -e '\''s/^[ABCDGIRSTW]* .* \(.*\)$/extern char \1;/p'\'''
lt_cv_sys_max_cmd_len=1572864

## ----------------- ##
## Output variables. ##
## ----------------- ##

ACLOCAL='${SHELL} /home/haroldo/Dropbox/Development/npsep/missing --run aclocal-1.11'
ALLOCA=''
AMDEPBACKSLASH='\'
AMDEP_FALSE='#'
AMDEP_TRUE=''
AMTAR='${SHELL} /home/haroldo/Dropbox/Development/npsep/missing --run tar'
AR='ar'
AUTOCONF='${SHELL} /home/haroldo/Dropbox/Development/npsep/missing --run autoconf'
AUTOHEADER='${SHELL} /home/haroldo/Dropbox/Development/npsep/missing --run autoheader'
AUTOMAKE='${SHELL} /home/haroldo/Dropbox/Development/npsep/missing --run automake-1.11'
AWK='gawk'
CC='gcc'
CCDEPMODE='depmode=gcc3'
CFLAGS='-O0 -g3 -Wall -DDEBUG'
CPP='gcc -E'
CPPFLAGS=''
CXX='g++'
CXXCPP='g++ -E'
CXXDEPMODE='depmode=gcc3'
CXXFLAGS='-O0 -g3 -Wall -DDEBUG'
CYGPATH_W='echo'
DEFS='-DHAVE_CONFIG_H'
DEPDIR='.deps'
DSYMUTIL=''
DUMPBIN=''
ECHO_C=''
ECHO_N='-n'
ECHO_T=''
EGREP='/bin/grep -E'
EXEEXT=''
FGREP='/bin/grep -F'
GREP='/bin/grep'
INSTALL_DATA='${INSTALL} -m 644'
INSTALL_PROGRAM='${INSTALL}'
INSTALL_SCRIPT='${INSTALL}'
INSTALL_STRIP_PROGRAM='$(install_sh) -c -s'
LD='/usr/bin/ld -m elf_x86_64'
LDFLAGS=''
LIBOBJS=''
LIBS='-lm '
LIBTOOL='$(SHELL) $(top_builddir)/libtool'
LIPO=''
LN_S='ln -s'
LTLIBOBJS=''
MAKEINFO='${SHELL} /home/haroldo/Dropbox/Development/npsep/missing --run makeinfo'
MKDIR_P='/bin/mkdir -p'
NM='/usr/bin/nm -B'
NMEDIT=''
OBJDUMP='objdump'
OBJEXT='o'
OTOOL64=''
OTOOL=''
PACKAGE='cbcsep'
PACKAGE_BUGREPORT='haroldo.santos@gmail.com'
PACKAGE_NAME='cbcsep'
PACKAGE_STRING='cbcsep 0.1'
PACKAGE_TARNAME='cbcsep'
PACKAGE_URL=''
PACKAGE_VERSION='0.1'
PATH_SEPARATOR=':'
RANLIB='ranlib'
SED='/bin/sed'
SET_MAKE=''
SHELL='/bin/bash'
STRIP='strip'
VERSION='0.1'
ac_ct_CC='gcc'
ac_ct_CXX='g++'
ac_ct_DUMPBIN=''
am__EXEEXT_FALSE=''
am__EXEEXT_TRUE='#'
am__fastdepCC_FALSE='#'
am__fastdepCC_TRUE=''
am__fastdepCXX_FALSE='#'
am__fastdepCXX_TRUE=''
am__include='include'
am__isrc=''
am__leading_dot='.'
am__quote=''
am__tar='${AMTAR} chof - "$$tardir"'
am__untar='${AMTAR} xf -'
bindir='${exec_prefix}/bin'
build='x86_64-unknown-linux-gnu'
build_alias=''
build_cpu='x86_64'
build_os='linux-gnu'
build_vendor='unknown'
datadir='${datarootdir}'
datarootdir='${prefix}/share'
docdir='${datarootdir}/doc/${PACKAGE_TARNAME}'
dvidir='${docdir}'
exec_prefix='${prefix}'
host='x86_64-unknown-linux-gnu'
host_alias=''
host_cpu='x86_64'
host_os='linux-gnu'
host_vendor='unknown'
htmldir='${docdir}'
includedir='${prefix}/include'
infodir='${datarootdir}/info'
install_sh='${SHELL} /home/haroldo/Dropbox/Development/npsep/install-sh'
libdir='${exec_prefix}/lib'
libexecdir='${exec_prefix}/libexec'
localedir='${datarootdir}/locale'
localstatedir='${prefix}/var'
lt_ECHO='echo'
mandir='${datarootdir}/man'
mkdir_p='/bin/mkdir -p'
oldincludedir='/usr/include'
pdfdir='${docdir}'
prefix='/usr/local'
program_transform_name='s,x,x,'
psdir='${docdir}'
sbindir='${exec_prefix}/sbin'
sharedstatedir='${prefix}/com'
sysconfdir='${prefix}/etc'
target_alias=''

## ----------- ##
## confdefs.h. ##
## ----------- ##

/* confdefs.h */
#define PACKAGE_NAME "cbcsep"
#define PACKAGE_TARNAME "cbcsep"
#define PACKAGE_VERSION "0.1"
#define PACKAGE_STRING "cbcsep 0.1"
#define PACKAGE_BUGREPORT "haroldo.santos@gmail.com"
#define PACKAGE_URL ""
#define PACKAGE "cbcsep"
#define VERSION "0.1"
#define STDC_HEADERS 1
#define HAVE_SYS_TYPES_H 1
#define HAVE_SYS_STAT_H 1
#define HAVE_STDLIB_H 1
#define HAVE_STRING_H 1
#define HAVE_MEMORY_H 1
#define HAVE_STRINGS_H 1
#define HAVE_INTTYPES_H 1
#define HAVE_STDINT_H 1
#define HAVE_UNISTD_H 1
#define HAVE_DLFCN_H 1
#define LT_OBJDIR ".libs/"
#define HAVE_LIBM 1
#define STDC_HEADERS 1
#define HAVE_FLOAT_H 1
#define HAVE_LIMITS_H 1
#define HAVE_STDLIB_H 1
#define HAVE_STRING_H 1
#define HAVE_STDIO_H 1
#define HAVE_MATH_H 1
#define HAVE_ALLOCA_H 1
#define HAVE_ALLOCA 1
#define HAVE_STDLIB_H 1
#define HAVE_MALLOC 1
#define HAVE_STDLIB_H 1
#define HAVE_REALLOC 1
#define HAVE_MEMSET 1
#define HAVE_STRSTR 1

configure: exit 0
