0.10 0 0 -11.937162 -6.655640 0.442444
0.05 1 40 -11.937162 -6.655640 0.442444
0.16 2 37 -11.937162 -6.655640 0.442444
9.38 3 44 -11.937162 -6.655640 0.442444
7.54 4 62 -11.937162 -6.655640 0.442444
5.99 5 63 -11.937162 -6.655640 0.442444
3.89 6 63 -11.937162 -6.655640 0.442444
2.93 7 55 -11.937162 -6.655640 0.442444
7.73 8 58 -11.937162 -6.655640 0.442444
5.90 9 56 -11.937162 -6.655640 0.442444
8.41 10 54 -11.937162 -6.655640 0.442444
11.19 11 63 -11.937162 -6.655640 0.442444
7.09 12 66 -11.937162 -6.655640 0.442444
14.25 13 58 -11.937162 -6.655640 0.442444
23.42 14 57 -11.937162 -6.655640 0.442444
10.62 15 48 -11.937162 -6.655640 0.442444
9.63 16 44 -11.937162 -6.655640 0.442444
7.40 17 50 -11.937162 -6.655640 0.442444
18.98 18 60 -11.937162 -6.655640 0.442444
5.71 19 49 -11.937162 -6.655640 0.442444
9.15 20 68 -11.937162 -6.655640 0.442444
14.06 21 49 -11.937162 -6.655640 0.442444
8.19 22 49 -11.937162 -6.655640 0.442444
10.28 23 50 -11.937162 -6.655640 0.442444
17.14 24 54 -11.937162 -6.655640 0.442444
6.61 25 50 -11.937162 -6.655640 0.442444
16.43 26 52 -11.937162 -6.655640 0.442444
20.64 27 39 -11.937162 -6.655640 0.442444
4.28 28 50 -11.937162 -6.655640 0.442444
3.70 29 59 -11.937162 -6.655640 0.442444
9.03 30 48 -11.937162 -6.655640 0.442444
4.83 31 46 -11.937162 -6.655640 0.442444
12.72 32 54 -11.937162 -6.655640 0.442444
3.95 33 47 -11.937162 -6.655640 0.442444
2.21 34 46 -11.937162 -6.655640 0.442444
2.90 35 48 -11.937162 -6.655640 0.442444
6.96 36 52 -11.937162 -6.655640 0.442444
8.45 37 43 -11.937162 -6.655640 0.442444
8.47 38 39 -11.937162 -6.655640 0.442444
3.85 39 57 -11.937162 -6.655640 0.442444
5.04 40 41 -11.937162 -6.655640 0.442444
2.27 41 47 -11.937162 -6.655640 0.442444
3.81 42 49 -11.937162 -6.655640 0.442444
11.05 43 48 -11.937162 -6.655640 0.442444
12.45 44 41 -11.937162 -6.655640 0.442444
6.32 45 40 -11.937162 -6.655640 0.442444
9.23 46 40 -11.937162 -6.655640 0.442444
4.50 47 52 -11.937162 -6.655640 0.442444
6.98 48 45 -11.937162 -6.655640 0.442444
5.75 49 42 -11.937162 -6.655640 0.442444
9.18 50 45 -11.937162 -6.655640 0.442444
6.53 51 47 -11.937162 -6.655640 0.442444
8.11 52 43 -11.937162 -6.655640 0.442444
4.35 53 41 -11.937162 -6.655640 0.442444
6.75 54 40 -11.937162 -6.655640 0.442444
9.35 55 45 -11.937162 -6.655640 0.442444
7.77 56 38 -11.937162 -6.655640 0.442444
14.25 57 46 -11.937162 -6.655640 0.442444
15.13 58 39 -11.937162 -6.655640 0.442444
11.12 59 38 -11.937162 -6.655640 0.442444
9.84 60 37 -11.937162 -6.655640 0.442444
11.46 61 41 -11.937162 -6.655640 0.442444
9.83 62 47 -11.937162 -6.655640 0.442444
13.01 63 41 -11.937162 -6.655640 0.442444
7.54 64 41 -11.937162 -6.655640 0.442444
13.64 65 42 -11.937162 -6.655640 0.442444
17.96 66 37 -11.937162 -6.655640 0.442444
13.45 67 36 -11.937162 -6.655640 0.442444
