This file contains any messages produced by compilers while
running configure, to aid debugging if configure makes a mistake.

It was created by cbcr configure 0.1, which was
generated by GNU Autoconf 2.67.  Invocation command line was

  $ ./configure 

## --------- ##
## Platform. ##
## --------- ##

hostname = soyuz
uname -m = x86_64
uname -r = 2.6.38-8-generic
uname -s = Linux
uname -v = #42-Ubuntu SMP Mon Apr 11 03:31:24 UTC 2011

/usr/bin/uname -p = unknown
/bin/uname -X     = unknown

/bin/arch              = unknown
/usr/bin/arch -k       = unknown
/usr/convex/getsysinfo = unknown
/usr/bin/hostinfo      = unknown
/bin/machine           = unknown
/usr/bin/oslevel       = unknown
/bin/universe          = unknown

PATH: /home/haroldo/bin
PATH: /usr/local/sbin
PATH: /usr/local/bin
PATH: /usr/sbin
PATH: /usr/bin
PATH: /sbin
PATH: /bin
PATH: /usr/games
PATH: /home/haroldo/Dropbox/bin/pdfjam/bin/
PATH: /home/haroldo/src/cplex122/cplex/bin/x86-64_sles10_4.1/
PATH: /home/haroldo/bin/


## ----------- ##
## Core tests. ##
## ----------- ##

configure:2539: checking for a BSD-compatible install
configure:2607: result: /usr/bin/install -c
configure:2618: checking whether build environment is sane
configure:2668: result: yes
configure:2809: checking for a thread-safe mkdir -p
configure:2848: result: /bin/mkdir -p
configure:2861: checking for gawk
configure:2877: found /usr/bin/gawk
configure:2888: result: gawk
configure:2899: checking whether make sets $(MAKE)
configure:2921: result: yes
configure:3063: checking for g++
configure:3079: found /usr/bin/g++
configure:3090: result: g++
configure:3117: checking for C++ compiler version
configure:3126: g++ --version >&5
g++ (Ubuntu/Linaro 4.5.2-8ubuntu4) 4.5.2
Copyright (C) 2010 Free Software Foundation, Inc.
This is free software; see the source for copying conditions.  There is NO
warranty; not even for MERCHANTABILITY or FITNESS FOR A PARTICULAR PURPOSE.

configure:3137: $? = 0
configure:3126: g++ -v >&5
Using built-in specs.
COLLECT_GCC=g++
COLLECT_LTO_WRAPPER=/usr/lib/x86_64-linux-gnu/gcc/x86_64-linux-gnu/4.5.2/lto-wrapper
Target: x86_64-linux-gnu
Configured with: ../src/configure -v --with-pkgversion='Ubuntu/Linaro 4.5.2-8ubuntu4' --with-bugurl=file:///usr/share/doc/gcc-4.5/README.Bugs --enable-languages=c,c++,fortran,objc,obj-c++ --prefix=/usr --program-suffix=-4.5 --enable-shared --enable-multiarch --with-multiarch-defaults=x86_64-linux-gnu --enable-linker-build-id --with-system-zlib --libexecdir=/usr/lib/x86_64-linux-gnu --without-included-gettext --enable-threads=posix --with-gxx-include-dir=/usr/include/c++/4.5 --libdir=/usr/lib/x86_64-linux-gnu --enable-nls --with-sysroot=/ --enable-clocale=gnu --enable-libstdcxx-debug --enable-libstdcxx-time=yes --enable-plugin --enable-gold --enable-ld=default --with-plugin-ld=ld.gold --enable-objc-gc --disable-werror --with-arch-32=i686 --with-tune=generic --enable-checking=release --build=x86_64-linux-gnu --host=x86_64-linux-gnu --target=x86_64-linux-gnu
Thread model: posix
gcc version 4.5.2 (Ubuntu/Linaro 4.5.2-8ubuntu4) 
configure:3137: $? = 0
configure:3126: g++ -V >&5
g++: '-V' option must have argument
configure:3137: $? = 1
configure:3126: g++ -qversion >&5
g++: unrecognized option '-qversion'
g++: no input files
configure:3137: $? = 1
configure:3157: checking whether the C++ compiler works
configure:3179: g++ -O0 -g3 -Wall -DDEBUG   conftest.cpp  >&5
configure:3183: $? = 0
configure:3231: result: yes
configure:3234: checking for C++ compiler default output file name
configure:3236: result: a.out
configure:3242: checking for suffix of executables
configure:3249: g++ -o conftest -O0 -g3 -Wall -DDEBUG   conftest.cpp  >&5
configure:3253: $? = 0
configure:3275: result: 
configure:3297: checking whether we are cross compiling
configure:3305: g++ -o conftest -O0 -g3 -Wall -DDEBUG   conftest.cpp  >&5
configure:3309: $? = 0
configure:3316: ./conftest
configure:3320: $? = 0
configure:3335: result: no
configure:3340: checking for suffix of object files
configure:3362: g++ -c -O0 -g3 -Wall -DDEBUG  conftest.cpp >&5
configure:3366: $? = 0
configure:3387: result: o
configure:3391: checking whether we are using the GNU C++ compiler
configure:3410: g++ -c -O0 -g3 -Wall -DDEBUG  conftest.cpp >&5
configure:3410: $? = 0
configure:3419: result: yes
configure:3428: checking whether g++ accepts -g
configure:3448: g++ -c -g  conftest.cpp >&5
configure:3448: $? = 0
configure:3489: result: yes
configure:3523: checking for style of include used by make
configure:3551: result: GNU
configure:3576: checking dependency style of g++
configure:3686: result: gcc3
configure:3749: checking for gcc
configure:3765: found /usr/bin/gcc
configure:3776: result: gcc
configure:4005: checking for C compiler version
configure:4014: gcc --version >&5
gcc (Ubuntu/Linaro 4.5.2-8ubuntu4) 4.5.2
Copyright (C) 2010 Free Software Foundation, Inc.
This is free software; see the source for copying conditions.  There is NO
warranty; not even for MERCHANTABILITY or FITNESS FOR A PARTICULAR PURPOSE.

configure:4025: $? = 0
configure:4014: gcc -v >&5
Using built-in specs.
COLLECT_GCC=gcc
COLLECT_LTO_WRAPPER=/usr/lib/x86_64-linux-gnu/gcc/x86_64-linux-gnu/4.5.2/lto-wrapper
Target: x86_64-linux-gnu
Configured with: ../src/configure -v --with-pkgversion='Ubuntu/Linaro 4.5.2-8ubuntu4' --with-bugurl=file:///usr/share/doc/gcc-4.5/README.Bugs --enable-languages=c,c++,fortran,objc,obj-c++ --prefix=/usr --program-suffix=-4.5 --enable-shared --enable-multiarch --with-multiarch-defaults=x86_64-linux-gnu --enable-linker-build-id --with-system-zlib --libexecdir=/usr/lib/x86_64-linux-gnu --without-included-gettext --enable-threads=posix --with-gxx-include-dir=/usr/include/c++/4.5 --libdir=/usr/lib/x86_64-linux-gnu --enable-nls --with-sysroot=/ --enable-clocale=gnu --enable-libstdcxx-debug --enable-libstdcxx-time=yes --enable-plugin --enable-gold --enable-ld=default --with-plugin-ld=ld.gold --enable-objc-gc --disable-werror --with-arch-32=i686 --with-tune=generic --enable-checking=release --build=x86_64-linux-gnu --host=x86_64-linux-gnu --target=x86_64-linux-gnu
Thread model: posix
gcc version 4.5.2 (Ubuntu/Linaro 4.5.2-8ubuntu4) 
configure:4025: $? = 0
configure:4014: gcc -V >&5
gcc: '-V' option must have argument
configure:4025: $? = 1
configure:4014: gcc -qversion >&5
gcc: unrecognized option '-qversion'
gcc: no input files
configure:4025: $? = 1
configure:4029: checking whether we are using the GNU C compiler
configure:4048: gcc -c -O0 -g3 -Wall -DDEBUG  conftest.c >&5
configure:4048: $? = 0
configure:4057: result: yes
configure:4066: checking whether gcc accepts -g
configure:4086: gcc -c -g  conftest.c >&5
configure:4086: $? = 0
configure:4127: result: yes
configure:4144: checking for gcc option to accept ISO C89
configure:4208: gcc  -c -O0 -g3 -Wall -DDEBUG  conftest.c >&5
configure:4208: $? = 0
configure:4221: result: none needed
configure:4243: checking dependency style of gcc
configure:4353: result: gcc3
configure:4397: checking build system type
configure:4411: result: x86_64-unknown-linux-gnu
configure:4431: checking host system type
configure:4444: result: x86_64-unknown-linux-gnu
configure:4464: checking for a sed that does not truncate output
configure:4528: result: /bin/sed
configure:4546: checking for grep that handles long lines and -e
configure:4604: result: /bin/grep
configure:4609: checking for egrep
configure:4671: result: /bin/grep -E
configure:4676: checking for fgrep
configure:4738: result: /bin/grep -F
configure:4773: checking for ld used by gcc
configure:4840: result: /usr/bin/ld
configure:4847: checking if the linker (/usr/bin/ld) is GNU ld
configure:4862: result: yes
configure:4874: checking for BSD- or MS-compatible name lister (nm)
configure:4923: result: /usr/bin/nm -B
configure:5041: checking the name lister (/usr/bin/nm -B) interface
configure:5048: gcc -c -O0 -g3 -Wall -DDEBUG  conftest.c >&5
configure:5051: /usr/bin/nm -B "conftest.o"
configure:5054: output
0000000000000000 B some_variable
configure:5061: result: BSD nm
configure:5064: checking whether ln -s works
configure:5068: result: yes
configure:5076: checking the maximum length of command line arguments
configure:5196: result: 1572864
configure:5213: checking whether the shell understands some XSI constructs
configure:5223: result: yes
configure:5227: checking whether the shell understands "+="
configure:5233: result: yes
configure:5268: checking for /usr/bin/ld option to reload object files
configure:5275: result: -r
configure:5344: checking for objdump
configure:5360: found /usr/bin/objdump
configure:5371: result: objdump
configure:5403: checking how to recognize dependent libraries
configure:5599: result: pass_all
configure:5659: checking for ar
configure:5675: found /usr/bin/ar
configure:5686: result: ar
configure:5764: checking for strip
configure:5780: found /usr/bin/strip
configure:5791: result: strip
configure:5863: checking for ranlib
configure:5879: found /usr/bin/ranlib
configure:5890: result: ranlib
configure:5980: checking command to parse /usr/bin/nm -B output from gcc object
configure:6098: gcc -c -O0 -g3 -Wall -DDEBUG  conftest.c >&5
configure:6101: $? = 0
configure:6105: /usr/bin/nm -B conftest.o \| sed -n -e 's/^.*[	 ]\([ABCDGIRSTW][ABCDGIRSTW]*\)[	 ][	 ]*\([_A-Za-z][_A-Za-z0-9]*\)$/\1 \2 \2/p' \> conftest.nm
configure:6108: $? = 0
configure:6162: gcc -o conftest -O0 -g3 -Wall -DDEBUG   conftest.c conftstm.o >&5
configure:6165: $? = 0
configure:6203: result: ok
configure:6299: gcc -c -O0 -g3 -Wall -DDEBUG  conftest.c >&5
configure:6302: $? = 0
configure:7012: checking how to run the C preprocessor
configure:7043: gcc -E  conftest.c
configure:7043: $? = 0
configure:7057: gcc -E  conftest.c
conftest.c:11:28: fatal error: ac_nonexistent.h: No such file or directory
compilation terminated.
configure:7057: $? = 1
configure: failed program was:
| /* confdefs.h */
| #define PACKAGE_NAME "cbcr"
| #define PACKAGE_TARNAME "cbcr"
| #define PACKAGE_VERSION "0.1"
| #define PACKAGE_STRING "cbcr 0.1"
| #define PACKAGE_BUGREPORT "haroldo.santos@gmail.com"
| #define PACKAGE_URL ""
| #define PACKAGE "cbcr"
| #define VERSION "0.1"
| /* end confdefs.h.  */
| #include <ac_nonexistent.h>
configure:7082: result: gcc -E
configure:7102: gcc -E  conftest.c
configure:7102: $? = 0
configure:7116: gcc -E  conftest.c
conftest.c:11:28: fatal error: ac_nonexistent.h: No such file or directory
compilation terminated.
configure:7116: $? = 1
configure: failed program was:
| /* confdefs.h */
| #define PACKAGE_NAME "cbcr"
| #define PACKAGE_TARNAME "cbcr"
| #define PACKAGE_VERSION "0.1"
| #define PACKAGE_STRING "cbcr 0.1"
| #define PACKAGE_BUGREPORT "haroldo.santos@gmail.com"
| #define PACKAGE_URL ""
| #define PACKAGE "cbcr"
| #define VERSION "0.1"
| /* end confdefs.h.  */
| #include <ac_nonexistent.h>
configure:7145: checking for ANSI C header files
configure:7165: gcc -c -O0 -g3 -Wall -DDEBUG  conftest.c >&5
configure:7165: $? = 0
configure:7238: gcc -o conftest -O0 -g3 -Wall -DDEBUG   conftest.c  >&5
configure:7238: $? = 0
configure:7238: ./conftest
configure:7238: $? = 0
configure:7249: result: yes
configure:7262: checking for sys/types.h
configure:7262: gcc -c -O0 -g3 -Wall -DDEBUG  conftest.c >&5
configure:7262: $? = 0
configure:7262: result: yes
configure:7262: checking for sys/stat.h
configure:7262: gcc -c -O0 -g3 -Wall -DDEBUG  conftest.c >&5
configure:7262: $? = 0
configure:7262: result: yes
configure:7262: checking for stdlib.h
configure:7262: gcc -c -O0 -g3 -Wall -DDEBUG  conftest.c >&5
configure:7262: $? = 0
configure:7262: result: yes
configure:7262: checking for string.h
configure:7262: gcc -c -O0 -g3 -Wall -DDEBUG  conftest.c >&5
configure:7262: $? = 0
configure:7262: result: yes
configure:7262: checking for memory.h
configure:7262: gcc -c -O0 -g3 -Wall -DDEBUG  conftest.c >&5
configure:7262: $? = 0
configure:7262: result: yes
configure:7262: checking for strings.h
configure:7262: gcc -c -O0 -g3 -Wall -DDEBUG  conftest.c >&5
configure:7262: $? = 0
configure:7262: result: yes
configure:7262: checking for inttypes.h
configure:7262: gcc -c -O0 -g3 -Wall -DDEBUG  conftest.c >&5
configure:7262: $? = 0
configure:7262: result: yes
configure:7262: checking for stdint.h
configure:7262: gcc -c -O0 -g3 -Wall -DDEBUG  conftest.c >&5
configure:7262: $? = 0
configure:7262: result: yes
configure:7262: checking for unistd.h
configure:7262: gcc -c -O0 -g3 -Wall -DDEBUG  conftest.c >&5
configure:7262: $? = 0
configure:7262: result: yes
configure:7276: checking for dlfcn.h
configure:7276: gcc -c -O0 -g3 -Wall -DDEBUG  conftest.c >&5
configure:7276: $? = 0
configure:7276: result: yes
configure:7401: checking for C++ compiler version
configure:7410: g++ --version >&5
g++ (Ubuntu/Linaro 4.5.2-8ubuntu4) 4.5.2
Copyright (C) 2010 Free Software Foundation, Inc.
This is free software; see the source for copying conditions.  There is NO
warranty; not even for MERCHANTABILITY or FITNESS FOR A PARTICULAR PURPOSE.

configure:7421: $? = 0
configure:7410: g++ -v >&5
Using built-in specs.
COLLECT_GCC=g++
COLLECT_LTO_WRAPPER=/usr/lib/x86_64-linux-gnu/gcc/x86_64-linux-gnu/4.5.2/lto-wrapper
Target: x86_64-linux-gnu
Configured with: ../src/configure -v --with-pkgversion='Ubuntu/Linaro 4.5.2-8ubuntu4' --with-bugurl=file:///usr/share/doc/gcc-4.5/README.Bugs --enable-languages=c,c++,fortran,objc,obj-c++ --prefix=/usr --program-suffix=-4.5 --enable-shared --enable-multiarch --with-multiarch-defaults=x86_64-linux-gnu --enable-linker-build-id --with-system-zlib --libexecdir=/usr/lib/x86_64-linux-gnu --without-included-gettext --enable-threads=posix --with-gxx-include-dir=/usr/include/c++/4.5 --libdir=/usr/lib/x86_64-linux-gnu --enable-nls --with-sysroot=/ --enable-clocale=gnu --enable-libstdcxx-debug --enable-libstdcxx-time=yes --enable-plugin --enable-gold --enable-ld=default --with-plugin-ld=ld.gold --enable-objc-gc --disable-werror --with-arch-32=i686 --with-tune=generic --enable-checking=release --build=x86_64-linux-gnu --host=x86_64-linux-gnu --target=x86_64-linux-gnu
Thread model: posix
gcc version 4.5.2 (Ubuntu/Linaro 4.5.2-8ubuntu4) 
configure:7421: $? = 0
configure:7410: g++ -V >&5
g++: '-V' option must have argument
configure:7421: $? = 1
configure:7410: g++ -qversion >&5
g++: unrecognized option '-qversion'
g++: no input files
configure:7421: $? = 1
configure:7425: checking whether we are using the GNU C++ compiler
configure:7453: result: yes
configure:7462: checking whether g++ accepts -g
configure:7523: result: yes
configure:7548: checking dependency style of g++
configure:7658: result: gcc3
configure:7681: checking how to run the C++ preprocessor
configure:7708: g++ -E  conftest.cpp
configure:7708: $? = 0
configure:7722: g++ -E  conftest.cpp
conftest.cpp:22:28: fatal error: ac_nonexistent.h: No such file or directory
compilation terminated.
configure:7722: $? = 1
configure: failed program was:
| /* confdefs.h */
| #define PACKAGE_NAME "cbcr"
| #define PACKAGE_TARNAME "cbcr"
| #define PACKAGE_VERSION "0.1"
| #define PACKAGE_STRING "cbcr 0.1"
| #define PACKAGE_BUGREPORT "haroldo.santos@gmail.com"
| #define PACKAGE_URL ""
| #define PACKAGE "cbcr"
| #define VERSION "0.1"
| #define STDC_HEADERS 1
| #define HAVE_SYS_TYPES_H 1
| #define HAVE_SYS_STAT_H 1
| #define HAVE_STDLIB_H 1
| #define HAVE_STRING_H 1
| #define HAVE_MEMORY_H 1
| #define HAVE_STRINGS_H 1
| #define HAVE_INTTYPES_H 1
| #define HAVE_STDINT_H 1
| #define HAVE_UNISTD_H 1
| #define HAVE_DLFCN_H 1
| /* end confdefs.h.  */
| #include <ac_nonexistent.h>
configure:7747: result: g++ -E
configure:7767: g++ -E  conftest.cpp
configure:7767: $? = 0
configure:7781: g++ -E  conftest.cpp
conftest.cpp:22:28: fatal error: ac_nonexistent.h: No such file or directory
compilation terminated.
configure:7781: $? = 1
configure: failed program was:
| /* confdefs.h */
| #define PACKAGE_NAME "cbcr"
| #define PACKAGE_TARNAME "cbcr"
| #define PACKAGE_VERSION "0.1"
| #define PACKAGE_STRING "cbcr 0.1"
| #define PACKAGE_BUGREPORT "haroldo.santos@gmail.com"
| #define PACKAGE_URL ""
| #define PACKAGE "cbcr"
| #define VERSION "0.1"
| #define STDC_HEADERS 1
| #define HAVE_SYS_TYPES_H 1
| #define HAVE_SYS_STAT_H 1
| #define HAVE_STDLIB_H 1
| #define HAVE_STRING_H 1
| #define HAVE_MEMORY_H 1
| #define HAVE_STRINGS_H 1
| #define HAVE_INTTYPES_H 1
| #define HAVE_STDINT_H 1
| #define HAVE_UNISTD_H 1
| #define HAVE_DLFCN_H 1
| /* end confdefs.h.  */
| #include <ac_nonexistent.h>
configure:7987: checking for objdir
configure:8002: result: .libs
configure:8294: checking if gcc supports -fno-rtti -fno-exceptions
configure:8312: gcc -c -O0 -g3 -Wall -DDEBUG  -fno-rtti -fno-exceptions conftest.c >&5
cc1: warning: command line option "-fno-rtti" is valid for C++/ObjC++ but not for C
configure:8316: $? = 0
configure:8329: result: no
configure:8349: checking for gcc option to produce PIC
configure:8621: result: -fPIC -DPIC
configure:8633: checking if gcc PIC flag -fPIC -DPIC works
configure:8651: gcc -c -O0 -g3 -Wall -DDEBUG  -fPIC -DPIC -DPIC conftest.c >&5
configure:8655: $? = 0
configure:8668: result: yes
configure:8692: checking if gcc static flag -static works
configure:8720: result: yes
configure:8735: checking if gcc supports -c -o file.o
configure:8756: gcc -c -O0 -g3 -Wall -DDEBUG  -o out/conftest2.o conftest.c >&5
configure:8760: $? = 0
configure:8782: result: yes
configure:8790: checking if gcc supports -c -o file.o
configure:8837: result: yes
configure:8870: checking whether the gcc linker (/usr/bin/ld -m elf_x86_64) supports shared libraries
configure:9861: result: yes
configure:9898: checking whether -lc should be explicitly linked in
configure:9903: gcc -c -O0 -g3 -Wall -DDEBUG  conftest.c >&5
configure:9906: $? = 0
configure:9921: gcc -shared conftest.o  -v -Wl,-soname -Wl,conftest -o conftest 2\>\&1 \| /bin/grep  -lc  \>/dev/null 2\>\&1
configure:9924: $? = 0
configure:9936: result: no
configure:10100: checking dynamic linker characteristics
configure:10533: gcc -o conftest -O0 -g3 -Wall -DDEBUG   -Wl,-rpath -Wl,/foo conftest.c  >&5
configure:10533: $? = 0
configure:10763: result: GNU/Linux ld.so
configure:10865: checking how to hardcode library paths into programs
configure:10890: result: immediate
configure:11410: checking whether stripping libraries is possible
configure:11415: result: yes
configure:11450: checking if libtool supports shared libraries
configure:11452: result: yes
configure:11455: checking whether to build shared libraries
configure:11476: result: yes
configure:11479: checking whether to build static libraries
configure:11483: result: yes
configure:11633: checking for ld used by g++
configure:11700: result: /usr/bin/ld -m elf_x86_64
configure:11707: checking if the linker (/usr/bin/ld -m elf_x86_64) is GNU ld
configure:11722: result: yes
configure:11777: checking whether the g++ linker (/usr/bin/ld -m elf_x86_64) supports shared libraries
configure:12690: result: yes
configure:12718: g++ -c -O0 -g3 -Wall -DDEBUG  conftest.cpp >&5
configure:12721: $? = 0
configure:12903: checking for g++ option to produce PIC
configure:13220: result: -fPIC -DPIC
configure:13229: checking if g++ PIC flag -fPIC -DPIC works
configure:13247: g++ -c -O0 -g3 -Wall -DDEBUG  -fPIC -DPIC -DPIC conftest.cpp >&5
configure:13251: $? = 0
configure:13264: result: yes
configure:13285: checking if g++ static flag -static works
configure:13313: result: yes
configure:13325: checking if g++ supports -c -o file.o
configure:13346: g++ -c -O0 -g3 -Wall -DDEBUG  -o out/conftest2.o conftest.cpp >&5
configure:13350: $? = 0
configure:13372: result: yes
configure:13377: checking if g++ supports -c -o file.o
configure:13424: result: yes
configure:13454: checking whether the g++ linker (/usr/bin/ld -m elf_x86_64) supports shared libraries
configure:13483: result: yes
configure:13620: checking dynamic linker characteristics
configure:14001: g++ -o conftest -O0 -g3 -Wall -DDEBUG   -Wl,-rpath -Wl,/foo conftest.cpp  >&5
configure:14001: $? = 0
configure:14231: result: GNU/Linux ld.so
configure:14282: checking how to hardcode library paths into programs
configure:14307: result: immediate
configure:14367: checking for fabs in -lm
configure:14392: gcc -o conftest -O0 -g3 -Wall -DDEBUG   conftest.c -lm   >&5
conftest.c:30:6: warning: conflicting types for built-in function 'fabs'
configure:14392: $? = 0
configure:14401: result: yes
configure:14414: checking for ANSI C header files
configure:14518: result: yes
configure:14529: checking float.h usability
configure:14529: gcc -c -O0 -g3 -Wall -DDEBUG  conftest.c >&5
configure:14529: $? = 0
configure:14529: result: yes
configure:14529: checking float.h presence
configure:14529: gcc -E  conftest.c
configure:14529: $? = 0
configure:14529: result: yes
configure:14529: checking for float.h
configure:14529: result: yes
configure:14529: checking limits.h usability
configure:14529: gcc -c -O0 -g3 -Wall -DDEBUG  conftest.c >&5
configure:14529: $? = 0
configure:14529: result: yes
configure:14529: checking limits.h presence
configure:14529: gcc -E  conftest.c
configure:14529: $? = 0
configure:14529: result: yes
configure:14529: checking for limits.h
configure:14529: result: yes
configure:14529: checking for stdlib.h
configure:14529: result: yes
configure:14529: checking for string.h
configure:14529: result: yes
configure:14529: checking stdio.h usability
configure:14529: gcc -c -O0 -g3 -Wall -DDEBUG  conftest.c >&5
configure:14529: $? = 0
configure:14529: result: yes
configure:14529: checking stdio.h presence
configure:14529: gcc -E  conftest.c
configure:14529: $? = 0
configure:14529: result: yes
configure:14529: checking for stdio.h
configure:14529: result: yes
configure:14529: checking math.h usability
configure:14529: gcc -c -O0 -g3 -Wall -DDEBUG  conftest.c >&5
configure:14529: $? = 0
configure:14529: result: yes
configure:14529: checking math.h presence
configure:14529: gcc -E  conftest.c
configure:14529: $? = 0
configure:14529: result: yes
configure:14529: checking for math.h
configure:14529: result: yes
configure:14541: checking for an ANSI C-conforming const
configure:14606: gcc -c -O0 -g3 -Wall -DDEBUG  conftest.c >&5
conftest.c: In function 'main':
conftest.c:60:10: warning: 't' is used uninitialized in this function
conftest.c:76:23: warning: 'b' may be used uninitialized in this function
configure:14606: $? = 0
configure:14613: result: yes
configure:14621: checking for size_t
configure:14621: gcc -c -O0 -g3 -Wall -DDEBUG  conftest.c >&5
configure:14621: $? = 0
configure:14621: gcc -c -O0 -g3 -Wall -DDEBUG  conftest.c >&5
conftest.c: In function 'main':
conftest.c:67:21: error: expected expression before ')' token
configure:14621: $? = 1
configure: failed program was:
| /* confdefs.h */
| #define PACKAGE_NAME "cbcr"
| #define PACKAGE_TARNAME "cbcr"
| #define PACKAGE_VERSION "0.1"
| #define PACKAGE_STRING "cbcr 0.1"
| #define PACKAGE_BUGREPORT "haroldo.santos@gmail.com"
| #define PACKAGE_URL ""
| #define PACKAGE "cbcr"
| #define VERSION "0.1"
| #define STDC_HEADERS 1
| #define HAVE_SYS_TYPES_H 1
| #define HAVE_SYS_STAT_H 1
| #define HAVE_STDLIB_H 1
| #define HAVE_STRING_H 1
| #define HAVE_MEMORY_H 1
| #define HAVE_STRINGS_H 1
| #define HAVE_INTTYPES_H 1
| #define HAVE_STDINT_H 1
| #define HAVE_UNISTD_H 1
| #define HAVE_DLFCN_H 1
| #define LT_OBJDIR ".libs/"
| #define HAVE_LIBM 1
| #define STDC_HEADERS 1
| #define HAVE_FLOAT_H 1
| #define HAVE_LIMITS_H 1
| #define HAVE_STDLIB_H 1
| #define HAVE_STRING_H 1
| #define HAVE_STDIO_H 1
| #define HAVE_MATH_H 1
| /* end confdefs.h.  */
| #include <stdio.h>
| #ifdef HAVE_SYS_TYPES_H
| # include <sys/types.h>
| #endif
| #ifdef HAVE_SYS_STAT_H
| # include <sys/stat.h>
| #endif
| #ifdef STDC_HEADERS
| # include <stdlib.h>
| # include <stddef.h>
| #else
| # ifdef HAVE_STDLIB_H
| #  include <stdlib.h>
| # endif
| #endif
| #ifdef HAVE_STRING_H
| # if !defined STDC_HEADERS && defined HAVE_MEMORY_H
| #  include <memory.h>
| # endif
| # include <string.h>
| #endif
| #ifdef HAVE_STRINGS_H
| # include <strings.h>
| #endif
| #ifdef HAVE_INTTYPES_H
| # include <inttypes.h>
| #endif
| #ifdef HAVE_STDINT_H
| # include <stdint.h>
| #endif
| #ifdef HAVE_UNISTD_H
| # include <unistd.h>
| #endif
| int
| main ()
| {
| if (sizeof ((size_t)))
| 	    return 0;
|   ;
|   return 0;
| }
configure:14621: result: yes
configure:14636: checking for working alloca.h
configure:14653: gcc -o conftest -O0 -g3 -Wall -DDEBUG   conftest.c -lm  >&5
configure:14653: $? = 0
configure:14661: result: yes
configure:14669: checking for alloca
configure:14706: gcc -o conftest -O0 -g3 -Wall -DDEBUG   conftest.c -lm  >&5
configure:14706: $? = 0
configure:14714: result: yes
configure:14825: checking for stdlib.h
configure:14825: result: yes
configure:14835: checking for GNU libc compatible malloc
configure:14859: gcc -o conftest -O0 -g3 -Wall -DDEBUG   conftest.c -lm  >&5
configure:14859: $? = 0
configure:14859: ./conftest
configure:14859: $? = 0
configure:14869: result: yes
configure:14892: checking for stdlib.h
configure:14892: result: yes
configure:14902: checking for GNU libc compatible realloc
configure:14926: gcc -o conftest -O0 -g3 -Wall -DDEBUG   conftest.c -lm  >&5
configure:14926: $? = 0
configure:14926: ./conftest
configure:14926: $? = 0
configure:14936: result: yes
configure:14960: checking for memset
configure:14960: gcc -o conftest -O0 -g3 -Wall -DDEBUG   conftest.c -lm  >&5
conftest.c:60:6: warning: conflicting types for built-in function 'memset'
configure:14960: $? = 0
configure:14960: result: yes
configure:14960: checking for strstr
configure:14960: gcc -o conftest -O0 -g3 -Wall -DDEBUG   conftest.c -lm  >&5
conftest.c:61:6: warning: conflicting types for built-in function 'strstr'
configure:14960: $? = 0
configure:14960: result: yes
configure:15100: creating ./config.status

## ---------------------- ##
## Running config.status. ##
## ---------------------- ##

This file was extended by cbcr config.status 0.1, which was
generated by GNU Autoconf 2.67.  Invocation command line was

  CONFIG_FILES    = 
  CONFIG_HEADERS  = 
  CONFIG_LINKS    = 
  CONFIG_COMMANDS = 
  $ ./config.status 

on soyuz

config.status:1147: creating Makefile
config.status:1147: creating config.h
config.status:1327: config.h is unchanged
config.status:1375: executing depfiles commands
config.status:1375: executing libtool commands

## ---------------- ##
## Cache variables. ##
## ---------------- ##

ac_cv_build=x86_64-unknown-linux-gnu
ac_cv_c_compiler_gnu=yes
ac_cv_c_const=yes
ac_cv_cxx_compiler_gnu=yes
ac_cv_env_CCC_set=
ac_cv_env_CCC_value=
ac_cv_env_CC_set=
ac_cv_env_CC_value=
ac_cv_env_CFLAGS_set=set
ac_cv_env_CFLAGS_value='-O0 -g3 -Wall -DDEBUG'
ac_cv_env_CPPFLAGS_set=
ac_cv_env_CPPFLAGS_value=
ac_cv_env_CPP_set=
ac_cv_env_CPP_value=
ac_cv_env_CXXCPP_set=
ac_cv_env_CXXCPP_value=
ac_cv_env_CXXFLAGS_set=set
ac_cv_env_CXXFLAGS_value='-O0 -g3 -Wall -DDEBUG'
ac_cv_env_CXX_set=
ac_cv_env_CXX_value=
ac_cv_env_LDFLAGS_set=
ac_cv_env_LDFLAGS_value=
ac_cv_env_LIBS_set=
ac_cv_env_LIBS_value=
ac_cv_env_build_alias_set=
ac_cv_env_build_alias_value=
ac_cv_env_host_alias_set=
ac_cv_env_host_alias_value=
ac_cv_env_target_alias_set=
ac_cv_env_target_alias_value=
ac_cv_func_alloca_works=yes
ac_cv_func_malloc_0_nonnull=yes
ac_cv_func_memset=yes
ac_cv_func_realloc_0_nonnull=yes
ac_cv_func_strstr=yes
ac_cv_header_dlfcn_h=yes
ac_cv_header_float_h=yes
ac_cv_header_inttypes_h=yes
ac_cv_header_limits_h=yes
ac_cv_header_math_h=yes
ac_cv_header_memory_h=yes
ac_cv_header_stdc=yes
ac_cv_header_stdint_h=yes
ac_cv_header_stdio_h=yes
ac_cv_header_stdlib_h=yes
ac_cv_header_string_h=yes
ac_cv_header_strings_h=yes
ac_cv_header_sys_stat_h=yes
ac_cv_header_sys_types_h=yes
ac_cv_header_unistd_h=yes
ac_cv_host=x86_64-unknown-linux-gnu
ac_cv_lib_m_fabs=yes
ac_cv_objext=o
ac_cv_path_EGREP='/bin/grep -E'
ac_cv_path_FGREP='/bin/grep -F'
ac_cv_path_GREP=/bin/grep
ac_cv_path_SED=/bin/sed
ac_cv_path_install='/usr/bin/install -c'
ac_cv_path_mkdir=/bin/mkdir
ac_cv_prog_AWK=gawk
ac_cv_prog_CPP='gcc -E'
ac_cv_prog_CXXCPP='g++ -E'
ac_cv_prog_ac_ct_AR=ar
ac_cv_prog_ac_ct_CC=gcc
ac_cv_prog_ac_ct_CXX=g++
ac_cv_prog_ac_ct_OBJDUMP=objdump
ac_cv_prog_ac_ct_RANLIB=ranlib
ac_cv_prog_ac_ct_STRIP=strip
ac_cv_prog_cc_c89=
ac_cv_prog_cc_g=yes
ac_cv_prog_cxx_g=yes
ac_cv_prog_make_make_set=yes
ac_cv_type_size_t=yes
ac_cv_working_alloca_h=yes
am_cv_CC_dependencies_compiler_type=gcc3
am_cv_CXX_dependencies_compiler_type=gcc3
lt_cv_deplibs_check_method=pass_all
lt_cv_file_magic_cmd='$MAGIC_CMD'
lt_cv_file_magic_test_file=
lt_cv_ld_reload_flag=-r
lt_cv_nm_interface='BSD nm'
lt_cv_objdir=.libs
lt_cv_path_LD=/usr/bin/ld
lt_cv_path_LDCXX='/usr/bin/ld -m elf_x86_64'
lt_cv_path_NM='/usr/bin/nm -B'
lt_cv_prog_compiler_c_o=yes
lt_cv_prog_compiler_c_o_CXX=yes
lt_cv_prog_compiler_pic_works=yes
lt_cv_prog_compiler_pic_works_CXX=yes
lt_cv_prog_compiler_rtti_exceptions=no
lt_cv_prog_compiler_static_works=yes
lt_cv_prog_compiler_static_works_CXX=yes
lt_cv_prog_gnu_ld=yes
lt_cv_prog_gnu_ldcxx=yes
lt_cv_sys_global_symbol_pipe='sed -n -e '\''s/^.*[	 ]\([ABCDGIRSTW][ABCDGIRSTW]*\)[	 ][	 ]*\([_A-Za-z][_A-Za-z0-9]*\)$/\1 \2 \2/p'\'''
lt_cv_sys_global_symbol_to_c_name_address='sed -n -e '\''s/^: \([^ ]*\) $/  {\"\1\", (void *) 0},/p'\'' -e '\''s/^[ABCDGIRSTW]* \([^ ]*\) \([^ ]*\)$/  {"\2", (void *) \&\2},/p'\'''
lt_cv_sys_global_symbol_to_c_name_address_lib_prefix='sed -n -e '\''s/^: \([^ ]*\) $/  {\"\1\", (void *) 0},/p'\'' -e '\''s/^[ABCDGIRSTW]* \([^ ]*\) \(lib[^ ]*\)$/  {"\2", (void *) \&\2},/p'\'' -e '\''s/^[ABCDGIRSTW]* \([^ ]*\) \([^ ]*\)$/  {"lib\2", (void *) \&\2},/p'\'''
lt_cv_sys_global_symbol_to_cdecl='sed -n -e '\''s/^T .* \(.*\)$/extern int \1();/p'\'' -e '\''s/^[ABCDGIRSTW]* .* \(.*\)$/extern char \1;/p'\'''
lt_cv_sys_max_cmd_len=1572864

## ----------------- ##
## Output variables. ##
## ----------------- ##

ACLOCAL='${SHELL} /home/haroldo/Dropbox/Development/npsep/missing --run aclocal-1.11'
ALLOCA=''
AMDEPBACKSLASH='\'
AMDEP_FALSE='#'
AMDEP_TRUE=''
AMTAR='${SHELL} /home/haroldo/Dropbox/Development/npsep/missing --run tar'
AR='ar'
AUTOCONF='${SHELL} /home/haroldo/Dropbox/Development/npsep/missing --run autoconf'
AUTOHEADER='${SHELL} /home/haroldo/Dropbox/Development/npsep/missing --run autoheader'
AUTOMAKE='${SHELL} /home/haroldo/Dropbox/Development/npsep/missing --run automake-1.11'
AWK='gawk'
CC='gcc'
CCDEPMODE='depmode=gcc3'
CFLAGS='-O0 -g3 -Wall -DDEBUG'
CPP='gcc -E'
CPPFLAGS=''
CXX='g++'
CXXCPP='g++ -E'
CXXDEPMODE='depmode=gcc3'
CXXFLAGS='-O0 -g3 -Wall -DDEBUG'
CYGPATH_W='echo'
DEFS='-DHAVE_CONFIG_H'
DEPDIR='.deps'
DSYMUTIL=''
DUMPBIN=''
ECHO_C=''
ECHO_N='-n'
ECHO_T=''
EGREP='/bin/grep -E'
EXEEXT=''
FGREP='/bin/grep -F'
GREP='/bin/grep'
INSTALL_DATA='${INSTALL} -m 644'
INSTALL_PROGRAM='${INSTALL}'
INSTALL_SCRIPT='${INSTALL}'
INSTALL_STRIP_PROGRAM='$(install_sh) -c -s'
LD='/usr/bin/ld -m elf_x86_64'
LDFLAGS=''
LIBOBJS=''
LIBS='-lm '
LIBTOOL='$(SHELL) $(top_builddir)/libtool'
LIPO=''
LN_S='ln -s'
LTLIBOBJS=''
MAKEINFO='${SHELL} /home/haroldo/Dropbox/Development/npsep/missing --run makeinfo'
MKDIR_P='/bin/mkdir -p'
NM='/usr/bin/nm -B'
NMEDIT=''
OBJDUMP='objdump'
OBJEXT='o'
OTOOL64=''
OTOOL=''
PACKAGE='cbcr'
PACKAGE_BUGREPORT='haroldo.santos@gmail.com'
PACKAGE_NAME='cbcr'
PACKAGE_STRING='cbcr 0.1'
PACKAGE_TARNAME='cbcr'
PACKAGE_URL=''
PACKAGE_VERSION='0.1'
PATH_SEPARATOR=':'
RANLIB='ranlib'
SED='/bin/sed'
SET_MAKE=''
SHELL='/bin/bash'
STRIP='strip'
VERSION='0.1'
ac_ct_CC='gcc'
ac_ct_CXX='g++'
ac_ct_DUMPBIN=''
am__EXEEXT_FALSE=''
am__EXEEXT_TRUE='#'
am__fastdepCC_FALSE='#'
am__fastdepCC_TRUE=''
am__fastdepCXX_FALSE='#'
am__fastdepCXX_TRUE=''
am__include='include'
am__isrc=''
am__leading_dot='.'
am__quote=''
am__tar='${AMTAR} chof - "$$tardir"'
am__untar='${AMTAR} xf -'
bindir='${exec_prefix}/bin'
build='x86_64-unknown-linux-gnu'
build_alias=''
build_cpu='x86_64'
build_os='linux-gnu'
build_vendor='unknown'
datadir='${datarootdir}'
datarootdir='${prefix}/share'
docdir='${datarootdir}/doc/${PACKAGE_TARNAME}'
dvidir='${docdir}'
exec_prefix='${prefix}'
host='x86_64-unknown-linux-gnu'
host_alias=''
host_cpu='x86_64'
host_os='linux-gnu'
host_vendor='unknown'
htmldir='${docdir}'
includedir='${prefix}/include'
infodir='${datarootdir}/info'
install_sh='${SHELL} /home/haroldo/Dropbox/Development/npsep/install-sh'
libdir='${exec_prefix}/lib'
libexecdir='${exec_prefix}/libexec'
localedir='${datarootdir}/locale'
localstatedir='${prefix}/var'
lt_ECHO='echo'
mandir='${datarootdir}/man'
mkdir_p='/bin/mkdir -p'
oldincludedir='/usr/include'
pdfdir='${docdir}'
prefix='/usr/local'
program_transform_name='s,x,x,'
psdir='${docdir}'
sbindir='${exec_prefix}/sbin'
sharedstatedir='${prefix}/com'
sysconfdir='${prefix}/etc'
target_alias=''

## ----------- ##
## confdefs.h. ##
## ----------- ##

/* confdefs.h */
#define PACKAGE_NAME "cbcr"
#define PACKAGE_TARNAME "cbcr"
#define PACKAGE_VERSION "0.1"
#define PACKAGE_STRING "cbcr 0.1"
#define PACKAGE_BUGREPORT "haroldo.santos@gmail.com"
#define PACKAGE_URL ""
#define PACKAGE "cbcr"
#define VERSION "0.1"
#define STDC_HEADERS 1
#define HAVE_SYS_TYPES_H 1
#define HAVE_SYS_STAT_H 1
#define HAVE_STDLIB_H 1
#define HAVE_STRING_H 1
#define HAVE_MEMORY_H 1
#define HAVE_STRINGS_H 1
#define HAVE_INTTYPES_H 1
#define HAVE_STDINT_H 1
#define HAVE_UNISTD_H 1
#define HAVE_DLFCN_H 1
#define LT_OBJDIR ".libs/"
#define HAVE_LIBM 1
#define STDC_HEADERS 1
#define HAVE_FLOAT_H 1
#define HAVE_LIMITS_H 1
#define HAVE_STDLIB_H 1
#define HAVE_STRING_H 1
#define HAVE_STDIO_H 1
#define HAVE_MATH_H 1
#define HAVE_ALLOCA_H 1
#define HAVE_ALLOCA 1
#define HAVE_STDLIB_H 1
#define HAVE_MALLOC 1
#define HAVE_STDLIB_H 1
#define HAVE_REALLOC 1
#define HAVE_MEMSET 1
#define HAVE_STRSTR 1

configure: exit 0
