0.31 0 0 5644051.0023577 5907870.0000000 0.0446555
0.31 1 71 5649657.5923202 5907870.0000000 0.0437065
0.38 2 57 5655201.7498826 5907870.0000000 0.0427681
0.80 3 29 5656740.2159335 5907870.0000000 0.0425077
0.40 4 29 5657150.4943359 5907870.0000000 0.0424382
2.56 5 23 5657404.2007348 5907870.0000000 0.0423953
0.43 6 17 5657630.2175508 5907870.0000000 0.0423570
2.72 7 17 5657648.8044285 5907870.0000000 0.0423539
0.48 8 17 5657723.8999268 5907870.0000000 0.0423412
0.66 9 15 5658054.9381815 5907870.0000000 0.0422851
2.77 10 12 5658184.2458147 5907870.0000000 0.0422632
2.73 11 15 5658297.4664344 5907870.0000000 0.0422441
2.42 12 14 5658354.4236964 5907870.0000000 0.0422344
0.75 13 13 5658383.8276747 5907870.0000000 0.0422295
0.46 14 11 5658430.6106131 5907870.0000000 0.0422215
0.66 15 8 5658485.6666813 5907870.0000000 0.0422122
0.48 16 9 5658551.7470009 5907870.0000000 0.0422010
0.85 17 7 5658657.6378934 5907870.0000000 0.0421831
2.48 18 7 5658665.2538116 5907870.0000000 0.0421818
0.64 19 7 5658666.9664528 5907870.0000000 0.0421815
2.89 20 8 5658668.8235680 5907870.0000000 0.0421812
0.42 21 7 5658674.6462820 5907870.0000000 0.0421802
0.46 22 6 5658683.9806702 5907870.0000000 0.0421787
2.50 23 6 5658697.9708757 5907870.0000000 0.0421763
0.44 24 7 5658745.3370382 5907870.0000000 0.0421683
0.70 25 8 5658789.0859323 5907870.0000000 0.0421609
1.10 26 6 5658795.4901972 5907870.0000000 0.0421598
0.70 27 7 5658799.7477528 5907870.0000000 0.0421591
3.18 28 7 5658807.4780549 5907870.0000000 0.0421578
0.67 29 5 5658821.6026222 5907870.0000000 0.0421554
0.47 30 8 5658843.4945280 5907870.0000000 0.0421517
0.72 31 6 5658895.4749235 5907870.0000000 0.0421429
0.52 32 5 5658954.5817683 5907870.0000000 0.0421329
0.65 33 5 5658990.5150853 5907870.0000000 0.0421268
3.05 34 5 5658994.4115851 5907870.0000000 0.0421261
4.74 35 5 5659036.1446105 5907870.0000000 0.0421190
0.64 36 6 5659042.0273386 5907870.0000000 0.0421181
3.19 37 6 5659064.1916509 5907870.0000000 0.0421143
0.70 38 5 5659076.6889812 5907870.0000000 0.0421122
7.07 39 5 5659081.7887778 5907870.0000000 0.0421113
7.37 40 6 5659098.3745876 5907870.0000000 0.0421085
1.38 41 6 5659120.2078300 5907870.0000000 0.0421048
7.61 42 6 5659126.4658639 5907870.0000000 0.0421038
3.04 43 5 5659135.8569223 5907870.0000000 0.0421022
7.30 44 5 5659155.5310679 5907870.0000000 0.0420988
7.21 45 6 5659158.2726727 5907870.0000000 0.0420984
3.34 46 5 5659168.8828105 5907870.0000000 0.0420966
0.76 47 5 5659179.6804037 5907870.0000000 0.0420948
0.92 48 4 5659182.0166118 5907870.0000000 0.0420944
3.50 49 4 5659183.3784306 5907870.0000000 0.0420941
2.91 50 5 5659185.8473977 5907870.0000000 0.0420937
5.67 51 5 5659191.1573921 5907870.0000000 0.0420928
4.53 52 5 5659218.2756816 5907870.0000000 0.0420882
0.66 53 4 5659219.9215636 5907870.0000000 0.0420879
0.90 54 4 5659232.0200771 5907870.0000000 0.0420859
4.81 55 4 5659234.0581248 5907870.0000000 0.0420855
2.70 56 4 5659238.0300484 5907870.0000000 0.0420849
2.60 57 4 5659246.2616128 5907870.0000000 0.0420835
0.48 58 4 5659249.9367524 5907870.0000000 0.0420829
0.49 59 4 5659253.2558046 5907870.0000000 0.0420823
0.48 60 4 5659273.1108886 5907870.0000000 0.0420789
2.76 61 5 5659279.0665668 5907870.0000000 0.0420779
0.49 62 4 5659296.7900888 5907870.0000000 0.0420749
0.68 63 4 5659299.4561827 5907870.0000000 0.0420745
0.88 64 4 5659300.2175111 5907870.0000000 0.0420743
2.72 65 4 5659301.8986351 5907870.0000000 0.0420741
0.71 66 4 5659307.5644573 5907870.0000000 0.0420731
2.78 67 3 5659309.1555748 5907870.0000000 0.0420728
0.89 68 5 5659309.6123904 5907870.0000000 0.0420728
2.75 69 4 5659309.8601908 5907870.0000000 0.0420727
0.91 70 4 5659325.2505749 5907870.0000000 0.0420701
0.68 71 2 5659325.8238383 5907870.0000000 0.0420700
0.68 72 4 5659335.0834247 5907870.0000000 0.0420684
0.88 73 2 5659336.2436040 5907870.0000000 0.0420683
0.68 74 2 5659336.6378557 5907870.0000000 0.0420682
0.69 75 2 5659337.5578634 5907870.0000000 0.0420680
0.68 76 2 5659338.0639075 5907870.0000000 0.0420679
0.67 77 2 5659338.2818327 5907870.0000000 0.0420679
0.67 78 2 5659338.6400945 5907870.0000000 0.0420678
2.72 79 2 5659338.9314583 5907870.0000000 0.0420678
2.71 80 2 5659339.0911161 5907870.0000000 0.0420678
0.67 81 2 5659339.3440514 5907870.0000000 0.0420677
0.88 82 2 5659342.0996823 5907870.0000000 0.0420673
2.74 83 2 5659344.0918098 5907870.0000000 0.0420669
2.77 84 2 5659346.1659479 5907870.0000000 0.0420666
0.91 85 2 5659350.8015771 5907870.0000000 0.0420658
0.71 86 2 5659352.6401506 5907870.0000000 0.0420655
0.91 87 2 5659355.2007936 5907870.0000000 0.0420650
2.55 88 2 5659356.0027486 5907870.0000000 0.0420649
0.49 89 2 5659356.8209456 5907870.0000000 0.0420648
0.53 90 2 5659357.7517217 5907870.0000000 0.0420646
0.48 91 2 5659358.1278108 5907870.0000000 0.0420645
0.51 92 2 5659359.5400674 5907870.0000000 0.0420643
0.71 93 2 5659359.8734919 5907870.0000000 0.0420643
0.52 94 2 5659360.7892352 5907870.0000000 0.0420641
0.54 95 2 5659360.9773086 5907870.0000000 0.0420641
2.58 96 1 5659360.9773086 5907870.0000000 0.0420641
0.52 97 1 5659360.9773086 5907870.0000000 0.0420641
0.53 98 1 5659360.9773086 5907870.0000000 0.0420641
0.53 99 1 5659360.9773086 5907870.0000000 0.0420641
2.57 100 1 5659360.9773086 5907870.0000000 0.0420641
0.53 101 1 5659360.9773086 5907870.0000000 0.0420641
0.52 102 1 5659360.9773086 5907870.0000000 0.0420641
2.57 103 1 5659360.9773086 5907870.0000000 0.0420641
0.53 104 1 5659360.9773086 5907870.0000000 0.0420641
0.51 105 1 5659360.9773086 5907870.0000000 0.0420641
0.53 106 1 5659360.9773086 5907870.0000000 0.0420641
0.54 107 1 5659360.9773086 5907870.0000000 0.0420641
0.54 108 1 5659360.9773086 5907870.0000000 0.0420641
2.57 109 1 5659360.9773086 5907870.0000000 0.0420641
0.54 110 1 5659360.9773086 5907870.0000000 0.0420641
2.59 111 1 5659360.9773086 5907870.0000000 0.0420641
0.52 112 1 5659360.9773086 5907870.0000000 0.0420641
0.52 113 1 5659360.9773086 5907870.0000000 0.0420641
0.52 114 1 5659360.9773086 5907870.0000000 0.0420641
2.61 115 1 5659360.9773086 5907870.0000000 0.0420641
0.53 116 1 5659360.9773086 5907870.0000000 0.0420641
0.55 117 1 5659360.9773086 5907870.0000000 0.0420641
0.73 118 1 5659360.9773086 5907870.0000000 0.0420641
2.59 119 1 5659360.9773086 5907870.0000000 0.0420641
0.73 120 1 5659360.9773086 5907870.0000000 0.0420641
2.61 121 1 5659360.9773086 5907870.0000000 0.0420641
2.60 122 1 5659360.9773086 5907870.0000000 0.0420641
0.54 123 1 5659360.9773086 5907870.0000000 0.0420641
0.73 124 1 5659360.9773086 5907870.0000000 0.0420641
0.53 125 1 5659360.9773086 5907870.0000000 0.0420641
0.53 126 1 5659360.9773086 5907870.0000000 0.0420641
0.73 127 1 5659360.9773086 5907870.0000000 0.0420641
2.61 128 1 5659360.9773086 5907870.0000000 0.0420641
0.73 129 1 5659360.9773087 5907870.0000000 0.0420641
0.53 130 1 5659360.9773086 5907870.0000000 0.0420641
2.61 131 1 5659360.9773087 5907870.0000000 0.0420641
0.53 132 1 5659360.9773086 5907870.0000000 0.0420641
0.73 133 1 5659360.9773086 5907870.0000000 0.0420641
0.72 134 1 5659360.9773086 5907870.0000000 0.0420641
2.60 135 1 5659360.9773086 5907870.0000000 0.0420641
0.53 136 1 5659360.9773086 5907870.0000000 0.0420641
0.73 137 1 5659360.9773086 5907870.0000000 0.0420641
0.53 138 1 5659360.9773086 5907870.0000000 0.0420641
0.73 139 1 5659360.9773086 5907870.0000000 0.0420641
0.53 140 1 5659360.9773086 5907870.0000000 0.0420641
0.53 141 1 5659360.9773086 5907870.0000000 0.0420641
0.53 142 1 5659360.9773086 5907870.0000000 0.0420641
2.59 143 1 5659360.9773086 5907870.0000000 0.0420641
0.53 144 1 5659360.9773086 5907870.0000000 0.0420641
0.53 145 1 5659360.9773086 5907870.0000000 0.0420641
0.53 146 1 5659360.9773086 5907870.0000000 0.0420641
0.53 147 1 5659360.9773086 5907870.0000000 0.0420641
0.53 148 1 5659360.9773086 5907870.0000000 0.0420641
0.73 149 1 5659360.9773086 5907870.0000000 0.0420641
0.53 150 1 5659360.9773086 5907870.0000000 0.0420641
0.73 151 1 5659360.9773086 5907870.0000000 0.0420641
0.53 152 1 5659360.9773086 5907870.0000000 0.0420641
0.53 153 1 5659360.9773086 5907870.0000000 0.0420641
0.53 154 1 5659360.9773087 5907870.0000000 0.0420641
0.53 155 1 5659360.9773086 5907870.0000000 0.0420641
0.53 156 1 5659360.9773086 5907870.0000000 0.0420641
2.57 157 1 5659360.9773086 5907870.0000000 0.0420641
0.71 158 1 5659360.9773086 5907870.0000000 0.0420641
0.52 159 1 5659360.9773086 5907870.0000000 0.0420641
0.52 160 1 5659360.9773086 5907870.0000000 0.0420641
2.61 161 1 5659360.9773086 5907870.0000000 0.0420641
0.73 162 1 5659360.9773086 5907870.0000000 0.0420641
2.58 163 1 5659360.9773086 5907870.0000000 0.0420641
2.60 164 1 5659360.9773086 5907870.0000000 0.0420641
0.52 165 1 5659360.9773087 5907870.0000000 0.0420641
0.53 166 1 5659360.9773086 5907870.0000000 0.0420641
0.53 167 1 5659360.9773087 5907870.0000000 0.0420641
0.53 168 1 5659360.9773086 5907870.0000000 0.0420641
0.53 169 1 5659360.9773087 5907870.0000000 0.0420641
0.53 170 1 5659360.9773086 5907870.0000000 0.0420641
0.53 171 1 5659360.9773086 5907870.0000000 0.0420641
0.53 172 1 5659360.9773086 5907870.0000000 0.0420641
0.52 173 1 5659360.9773086 5907870.0000000 0.0420641
0.72 174 1 5659360.9773087 5907870.0000000 0.0420641
0.53 175 1 5659360.9773086 5907870.0000000 0.0420641
0.53 176 1 5659360.9773086 5907870.0000000 0.0420641
0.53 177 1 5659360.9773086 5907870.0000000 0.0420641
0.52 178 1 5659360.9773086 5907870.0000000 0.0420641
0.52 179 1 5659360.9773086 5907870.0000000 0.0420641
0.54 180 1 5659360.9773086 5907870.0000000 0.0420641
0.52 181 1 5659360.9773086 5907870.0000000 0.0420641
0.53 182 1 5659360.9773086 5907870.0000000 0.0420641
0.73 183 1 5659360.9773086 5907870.0000000 0.0420641
0.51 184 1 5659360.9773086 5907870.0000000 0.0420641
0.52 185 1 5659360.9773086 5907870.0000000 0.0420641
0.51 186 1 5659360.9773086 5907870.0000000 0.0420641
0.54 187 1 5659360.9773086 5907870.0000000 0.0420641
2.56 188 1 5659360.9773086 5907870.0000000 0.0420641
0.71 189 1 5659360.9773086 5907870.0000000 0.0420641
0.53 190 1 5659360.9773086 5907870.0000000 0.0420641
0.53 191 1 5659360.9773086 5907870.0000000 0.0420641
0.53 192 1 5659360.9773086 5907870.0000000 0.0420641
0.53 193 1 5659360.9773086 5907870.0000000 0.0420641
0.53 194 1 5659360.9773086 5907870.0000000 0.0420641
0.53 195 1 5659360.9773086 5907870.0000000 0.0420641
0.52 196 1 5659360.9773086 5907870.0000000 0.0420641
0.52 197 1 5659360.9773086 5907870.0000000 0.0420641
0.53 198 1 5659360.9773085 5907870.0000000 0.0420641
2.59 199 1 5659360.9773087 5907870.0000000 0.0420641
0.52 200 1 5659360.9773086 5907870.0000000 0.0420641
0.53 201 1 5659360.9773086 5907870.0000000 0.0420641
0.53 202 1 5659360.9773086 5907870.0000000 0.0420641
0.52 203 1 5659360.9773086 5907870.0000000 0.0420641
0.52 204 1 5659360.9773086 5907870.0000000 0.0420641
0.73 205 1 5659360.9773086 5907870.0000000 0.0420641
2.58 206 1 5659360.9773086 5907870.0000000 0.0420641
0.52 207 1 5659360.9773086 5907870.0000000 0.0420641
0.53 208 1 5659360.9773086 5907870.0000000 0.0420641
0.52 209 1 5659360.9773086 5907870.0000000 0.0420641
0.55 210 1 5659360.9773086 5907870.0000000 0.0420641
2.60 211 1 5659360.9773086 5907870.0000000 0.0420641
2.56 212 1 5659360.9773086 5907870.0000000 0.0420641
0.53 213 1 5659360.9773086 5907870.0000000 0.0420641
0.53 214 1 5659360.9773086 5907870.0000000 0.0420641
0.53 215 1 5659360.9773086 5907870.0000000 0.0420641
0.52 216 1 5659360.9773086 5907870.0000000 0.0420641
0.53 217 1 5659360.9773086 5907870.0000000 0.0420641
0.53 218 1 5659360.9773086 5907870.0000000 0.0420641
0.52 219 1 5659360.9773086 5907870.0000000 0.0420641
0.53 220 1 5659360.9773086 5907870.0000000 0.0420641
0.53 221 1 5659360.9773087 5907870.0000000 0.0420641
0.53 222 1 5659360.9773086 5907870.0000000 0.0420641
0.52 223 1 5659360.9773086 5907870.0000000 0.0420641
0.53 224 1 5659360.9773086 5907870.0000000 0.0420641
0.53 225 1 5659360.9773087 5907870.0000000 0.0420641
0.53 226 1 5659360.9773086 5907870.0000000 0.0420641
2.60 227 1 5659360.9773087 5907870.0000000 0.0420641
0.52 228 1 5659360.9773086 5907870.0000000 0.0420641
0.53 229 1 5659360.9773086 5907870.0000000 0.0420641
