0.26 0 0 5125295.6739246 5339420.0000000 0.0401025
0.50 1 72 5129604.7928655 5339420.0000000 0.0392955
0.35 2 64 5133017.5158249 5339420.0000000 0.0386563
0.39 3 46 5133647.1274336 5339420.0000000 0.0385384
0.40 4 32 5134552.7469121 5339420.0000000 0.0383688
0.44 5 32 5135097.8440181 5339420.0000000 0.0382667
0.39 6 29 5135219.4785266 5339420.0000000 0.0382440
0.47 7 29 5135588.8872226 5339420.0000000 0.0381748
0.61 8 23 5135812.0636347 5339420.0000000 0.0381330
0.64 9 26 5136069.9850923 5339420.0000000 0.0380847
0.66 10 22 5136412.7494199 5339420.0000000 0.0380205
2.97 11 25 5136676.0473678 5339420.0000000 0.0379712
2.96 12 21 5136888.4030531 5339420.0000000 0.0379314
0.75 13 21 5137357.0232282 5339420.0000000 0.0378436
3.56 14 16 5137561.9287812 5339420.0000000 0.0378052
2.72 15 19 5137660.7945450 5339420.0000000 0.0377867
5.22 16 17 5137717.4566310 5339420.0000000 0.0377761
3.23 17 18 5137859.1231526 5339420.0000000 0.0377496
3.14 18 17 5137948.1755129 5339420.0000000 0.0377329
3.08 19 18 5138070.8435296 5339420.0000000 0.0377099
0.66 20 13 5138186.4350673 5339420.0000000 0.0376883
3.02 21 13 5138221.5941879 5339420.0000000 0.0376817
0.69 22 16 5138422.7114676 5339420.0000000 0.0376440
0.94 23 15 5138553.8822264 5339420.0000000 0.0376195
1.01 24 14 5138730.1479460 5339420.0000000 0.0375865
0.78 25 19 5138774.7003014 5339420.0000000 0.0375781
0.61 26 16 5138862.3105598 5339420.0000000 0.0375617
0.84 27 11 5138950.6076346 5339420.0000000 0.0375452
0.80 28 16 5138975.3477290 5339420.0000000 0.0375405
3.09 29 14 5139025.9683970 5339420.0000000 0.0375310
0.49 30 14 5139068.3257013 5339420.0000000 0.0375231
0.61 31 14 5139156.2670522 5339420.0000000 0.0375066
0.51 32 10 5139232.7993213 5339420.0000000 0.0374923
3.29 33 10 5139323.2895385 5339420.0000000 0.0374754
1.01 34 12 5139367.9834290 5339420.0000000 0.0374670
0.73 35 9 5139398.2830629 5339420.0000000 0.0374613
1.02 36 11 5139436.5647433 5339420.0000000 0.0374541
4.29 37 11 5139490.5156226 5339420.0000000 0.0374440
1.24 38 8 5139547.1218274 5339420.0000000 0.0374334
1.07 39 8 5139567.5024029 5339420.0000000 0.0374296
3.11 40 12 5139660.9359818 5339420.0000000 0.0374121
0.73 41 10 5139681.8713653 5339420.0000000 0.0374082
0.71 42 9 5139732.6231462 5339420.0000000 0.0373987
3.06 43 8 5139766.6680702 5339420.0000000 0.0373923
1.02 44 7 5139806.8445442 5339420.0000000 0.0373848
0.74 45 5 5139826.3168051 5339420.0000000 0.0373812
0.49 46 6 5139847.0031924 5339420.0000000 0.0373773
0.74 47 4 5139874.5434068 5339420.0000000 0.0373721
0.49 48 7 5139893.4035744 5339420.0000000 0.0373686
0.51 49 3 5139893.4035744 5339420.0000000 0.0373686
0.52 50 3 5139913.1065600 5339420.0000000 0.0373649
1.02 51 4 5139936.5342166 5339420.0000000 0.0373605
0.80 52 4 5139939.8353686 5339420.0000000 0.0373599
0.52 53 3 5139946.0450398 5339420.0000000 0.0373587
0.79 54 4 5139958.3734914 5339420.0000000 0.0373564
0.55 55 2 5139964.4032562 5339420.0000000 0.0373553
0.58 56 4 5139974.7988007 5339420.0000000 0.0373533
0.56 57 3 5139985.1216328 5339420.0000000 0.0373514
0.56 58 3 5139993.9326484 5339420.0000000 0.0373498
0.53 59 4 5140000.0309717 5339420.0000000 0.0373486
0.52 60 4 5140000.0309717 5339420.0000000 0.0373486
0.52 61 4 5140002.2267498 5339420.0000000 0.0373482
0.50 62 4 5140002.2267498 5339420.0000000 0.0373482
0.50 63 4 5140002.3062894 5339420.0000000 0.0373482
0.50 64 4 5140002.3062894 5339420.0000000 0.0373482
0.50 65 4 5140002.3062894 5339420.0000000 0.0373482
0.50 66 4 5140002.3062894 5339420.0000000 0.0373482
0.50 67 4 5140005.6427604 5339420.0000000 0.0373476
0.51 68 4 5140013.3088205 5339420.0000000 0.0373461
0.57 69 4 5140023.1171436 5339420.0000000 0.0373443
0.52 70 2 5140023.1171436 5339420.0000000 0.0373443
0.53 71 2 5140026.6140134 5339420.0000000 0.0373436
0.51 72 2 5140030.3476006 5339420.0000000 0.0373429
0.75 73 6 5140044.9821230 5339420.0000000 0.0373402
0.59 74 4 5140047.3468674 5339420.0000000 0.0373398
0.58 75 2 5140047.3468674 5339420.0000000 0.0373398
0.57 76 2 5140047.3468674 5339420.0000000 0.0373398
0.58 77 2 5140047.3468674 5339420.0000000 0.0373398
0.58 78 2 5140047.3468674 5339420.0000000 0.0373398
0.58 79 2 5140050.0245736 5339420.0000000 0.0373393
0.54 80 3 5140053.0147090 5339420.0000000 0.0373387
0.52 81 2 5140053.0147089 5339420.0000000 0.0373387
0.53 82 2 5140056.8374782 5339420.0000000 0.0373380
0.56 83 3 5140078.8540779 5339420.0000000 0.0373339
0.82 84 4 5140099.3291603 5339420.0000000 0.0373300
0.76 85 4 5140115.5574745 5339420.0000000 0.0373270
0.79 86 3 5140128.6827213 5339420.0000000 0.0373245
0.82 87 4 5140145.9737664 5339420.0000000 0.0373213
0.81 88 4 5140152.3821756 5339420.0000000 0.0373201
0.75 89 3 5140158.0076784 5339420.0000000 0.0373190
0.76 90 3 5140158.0076784 5339420.0000000 0.0373190
0.76 91 3 5140164.1553543 5339420.0000000 0.0373179
1.01 92 3 5140164.1553543 5339420.0000000 0.0373179
1.03 93 3 5140169.1965007 5339420.0000000 0.0373169
1.02 94 3 5140169.1965007 5339420.0000000 0.0373169
1.02 95 3 5140172.3070539 5339420.0000000 0.0373164
0.80 96 4 5140176.2660003 5339420.0000000 0.0373156
0.80 97 4 5140176.2660003 5339420.0000000 0.0373156
0.80 98 4 5140177.9561135 5339420.0000000 0.0373153
0.82 99 5 5140186.2361278 5339420.0000000 0.0373137
0.80 100 3 5140187.4389853 5339420.0000000 0.0373135
0.78 101 5 5140187.4389853 5339420.0000000 0.0373135
0.78 102 5 5140200.0872141 5339420.0000000 0.0373112
0.52 103 2 5140200.0872141 5339420.0000000 0.0373112
0.52 104 2 5140204.9673579 5339420.0000000 0.0373102
0.54 105 2 5140209.0882254 5339420.0000000 0.0373095
0.50 106 2 5140209.0882254 5339420.0000000 0.0373095
0.52 107 2 5140209.0882254 5339420.0000000 0.0373095
0.52 108 2 5140209.0882254 5339420.0000000 0.0373095
0.52 109 2 5140211.2319436 5339420.0000000 0.0373091
0.55 110 2 5140211.2319436 5339420.0000000 0.0373091
0.55 111 2 5140211.7949848 5339420.0000000 0.0373090
0.84 112 2 5140211.7949848 5339420.0000000 0.0373090
0.83 113 2 5140211.7949848 5339420.0000000 0.0373090
0.84 114 2 5140213.2202920 5339420.0000000 0.0373087
0.58 115 3 5140213.2202921 5339420.0000000 0.0373087
0.58 116 3 5140213.2202921 5339420.0000000 0.0373087
0.58 117 3 5140213.2202920 5339420.0000000 0.0373087
0.57 118 3 5140213.2202920 5339420.0000000 0.0373087
0.57 119 3 5140213.2202921 5339420.0000000 0.0373087
0.57 120 3 5140213.2202921 5339420.0000000 0.0373087
0.57 121 3 5140213.2202921 5339420.0000000 0.0373087
0.58 122 3 5140215.4825200 5339420.0000000 0.0373083
0.53 123 3 5140218.4788617 5339420.0000000 0.0373077
0.56 124 2 5140221.0722413 5339420.0000000 0.0373072
0.52 125 3 5140221.0722414 5339420.0000000 0.0373072
0.53 126 3 5140221.0722413 5339420.0000000 0.0373072
0.55 127 3 5140222.1485859 5339420.0000000 0.0373070
0.85 128 2 5140222.1485859 5339420.0000000 0.0373070
0.85 129 2 5140223.4991235 5339420.0000000 0.0373068
0.56 130 3 5140227.2239115 5339420.0000000 0.0373061
3.90 131 2 5140227.2239115 5339420.0000000 0.0373061
3.90 132 2 5140227.2239115 5339420.0000000 0.0373061
3.89 133 2 5140230.0294908 5339420.0000000 0.0373055
0.53 134 4 5140230.0294908 5339420.0000000 0.0373055
0.53 135 3 5140237.2596393 5339420.0000000 0.0373042
0.82 136 2 5140237.2596393 5339420.0000000 0.0373042
0.81 137 2 5140237.2596393 5339420.0000000 0.0373042
0.81 138 2 5140239.0840542 5339420.0000000 0.0373038
0.80 139 2 5140239.0840542 5339420.0000000 0.0373038
0.81 140 2 5140239.0840542 5339420.0000000 0.0373038
0.82 141 2 5140239.0840542 5339420.0000000 0.0373038
0.81 142 2 5140240.6255549 5339420.0000000 0.0373036
0.89 143 2 5140240.6255549 5339420.0000000 0.0373036
0.90 144 2 5140246.0411844 5339420.0000000 0.0373025
0.53 145 3 5140246.0411844 5339420.0000000 0.0373025
0.53 146 3 5140246.0411844 5339420.0000000 0.0373025
0.54 147 3 5140246.0411845 5339420.0000000 0.0373025
0.53 148 2 5140246.0411845 5339420.0000000 0.0373025
0.53 149 2 5140246.0411845 5339420.0000000 0.0373025
0.53 150 2 5140246.0411845 5339420.0000000 0.0373025
0.52 151 2 5140246.0411845 5339420.0000000 0.0373025
0.52 152 2 5140246.0411845 5339420.0000000 0.0373025
0.53 153 2 5140246.0411845 5339420.0000000 0.0373025
0.53 154 2 5140246.0411845 5339420.0000000 0.0373025
0.52 155 2 5140246.0411844 5339420.0000000 0.0373025
0.53 156 2 5140246.0411845 5339420.0000000 0.0373025
0.53 157 2 5140246.0411845 5339420.0000000 0.0373025
0.55 158 2 5140246.0411845 5339420.0000000 0.0373025
0.54 159 2 5140246.0411845 5339420.0000000 0.0373025
0.55 160 2 5140246.0411845 5339420.0000000 0.0373025
0.54 161 2 5140246.0411845 5339420.0000000 0.0373025
0.55 162 2 5140246.0411845 5339420.0000000 0.0373025
0.53 163 2 5140246.0411845 5339420.0000000 0.0373025
0.55 164 2 5140246.0411845 5339420.0000000 0.0373025
0.71 165 2 5140246.0411845 5339420.0000000 0.0373025
0.53 166 2 5140246.0411845 5339420.0000000 0.0373025
0.53 167 2 5140246.0411845 5339420.0000000 0.0373025
0.53 168 2 5140246.0411845 5339420.0000000 0.0373025
0.53 169 1 5140246.0411845 5339420.0000000 0.0373025
0.54 170 1 5140246.0411845 5339420.0000000 0.0373025
0.54 171 1 5140246.0411845 5339420.0000000 0.0373025
0.53 172 1 5140246.0411845 5339420.0000000 0.0373025
0.54 173 1 5140246.0411845 5339420.0000000 0.0373025
0.54 174 1 5140246.0411845 5339420.0000000 0.0373025
0.54 175 1 5140246.0411845 5339420.0000000 0.0373025
0.55 176 1 5140246.0411845 5339420.0000000 0.0373025
0.55 177 1 5140246.0411845 5339420.0000000 0.0373025
0.53 178 1 5140246.0411845 5339420.0000000 0.0373025
0.53 179 1 5140246.0411845 5339420.0000000 0.0373025
0.53 180 1 5140246.0411845 5339420.0000000 0.0373025
0.53 181 1 5140246.0411845 5339420.0000000 0.0373025
0.55 182 1 5140246.0411845 5339420.0000000 0.0373025
0.55 183 1 5140246.0411845 5339420.0000000 0.0373025
0.54 184 1 5140246.0411845 5339420.0000000 0.0373025
0.55 185 1 5140246.0411845 5339420.0000000 0.0373025
0.53 186 1 5140246.0411845 5339420.0000000 0.0373025
0.55 187 1 5140246.0411845 5339420.0000000 0.0373025
0.71 188 1 5140246.0411845 5339420.0000000 0.0373025
0.72 189 1 5140246.0411845 5339420.0000000 0.0373025
0.72 190 1 5140246.0411845 5339420.0000000 0.0373025
0.72 191 1 5140246.0411845 5339420.0000000 0.0373025
0.54 192 1 5140246.0411845 5339420.0000000 0.0373025
0.53 193 1 5140246.0411845 5339420.0000000 0.0373025
0.53 194 1 5140246.0411845 5339420.0000000 0.0373025
0.55 195 1 5140246.0411845 5339420.0000000 0.0373025
0.53 196 1 5140246.0411845 5339420.0000000 0.0373025
0.54 197 1 5140246.0411845 5339420.0000000 0.0373025
0.56 198 1 5140246.0411845 5339420.0000000 0.0373025
0.54 199 1 5140246.0411845 5339420.0000000 0.0373025
0.54 200 1 5140246.0411845 5339420.0000000 0.0373025
0.55 201 1 5140246.0411845 5339420.0000000 0.0373025
0.72 202 1 5140246.3019663 5339420.0000000 0.0373025
0.89 203 1 5140246.3019663 5339420.0000000 0.0373025
0.87 204 1 5140246.3019663 5339420.0000000 0.0373025
0.89 205 1 5140246.3019663 5339420.0000000 0.0373025
0.90 206 1 5140246.3019663 5339420.0000000 0.0373025
1.06 207 1 5140247.7864255 5339420.0000000 0.0373022
0.86 208 2 5140247.7864255 5339420.0000000 0.0373022
0.84 209 2 5140248.3206858 5339420.0000000 0.0373021
0.61 210 1 5140248.3206858 5339420.0000000 0.0373021
0.59 211 1 5140248.3206858 5339420.0000000 0.0373021
0.61 212 1 5140248.3206858 5339420.0000000 0.0373021
0.61 213 1 5140248.3206857 5339420.0000000 0.0373021
0.61 214 1 5140248.3206858 5339420.0000000 0.0373021
0.61 215 1 5140248.3206858 5339420.0000000 0.0373021
0.78 216 1 5140261.0262885 5339420.0000000 0.0372997
3.77 217 3 5140265.3429691 5339420.0000000 0.0372989
0.85 218 2 5140265.8144668 5339420.0000000 0.0372988
0.87 219 2 5140265.8144668 5339420.0000000 0.0372988
0.87 220 2 5140265.8144668 5339420.0000000 0.0372988
0.88 221 2 5140265.8267986 5339420.0000000 0.0372988
0.88 222 3 5140267.2799596 5339420.0000000 0.0372986
0.84 223 3 5140267.2799595 5339420.0000000 0.0372986
0.83 224 3 5140267.6895223 5339420.0000000 0.0372985
0.89 225 1 5140267.6895223 5339420.0000000 0.0372985
0.89 226 1 5140267.6895224 5339420.0000000 0.0372985
0.89 227 1 5140267.6895224 5339420.0000000 0.0372985
0.89 228 1 5140267.6895224 5339420.0000000 0.0372985
0.92 229 1 5140267.6895224 5339420.0000000 0.0372985
0.88 230 1 5140267.6895224 5339420.0000000 0.0372985
0.89 231 1 5140267.6895224 5339420.0000000 0.0372985
0.89 232 1 5140267.6895223 5339420.0000000 0.0372985
0.90 233 1 5140267.6895224 5339420.0000000 0.0372985
0.89 234 1 5140267.6895223 5339420.0000000 0.0372985
0.91 235 1 5140267.6895223 5339420.0000000 0.0372985
0.91 236 1 5140267.6895224 5339420.0000000 0.0372985
1.07 237 1 5140267.6895223 5339420.0000000 0.0372985
0.88 238 1 5140267.6895224 5339420.0000000 0.0372985
0.91 239 1 5140267.6895224 5339420.0000000 0.0372985
0.89 240 1 5140267.6895224 5339420.0000000 0.0372985
0.89 241 1 5140267.6895223 5339420.0000000 0.0372985
0.89 242 1 5140267.6895223 5339420.0000000 0.0372985
0.91 243 1 5140267.6895224 5339420.0000000 0.0372985
0.89 244 1 5140267.6895223 5339420.0000000 0.0372985
0.89 245 1 5140267.6895223 5339420.0000000 0.0372985
0.89 246 1 5140267.6895224 5339420.0000000 0.0372985
0.89 247 1 5140267.6895223 5339420.0000000 0.0372985
0.89 248 1 5140267.6895223 5339420.0000000 0.0372985
0.92 249 1 5140267.6895223 5339420.0000000 0.0372985
0.89 250 1 5140267.6895223 5339420.0000000 0.0372985
0.88 251 1 5140267.6895223 5339420.0000000 0.0372985
0.88 252 1 5140267.6895224 5339420.0000000 0.0372985
0.89 253 1 5140267.6895224 5339420.0000000 0.0372985
0.89 254 1 5140267.6895223 5339420.0000000 0.0372985
0.89 255 1 5140267.6895224 5339420.0000000 0.0372985
0.89 256 1 5140267.6895224 5339420.0000000 0.0372985
0.89 257 1 5140267.6895224 5339420.0000000 0.0372985
0.89 258 1 5140267.6895224 5339420.0000000 0.0372985
0.89 259 1 5140267.6895223 5339420.0000000 0.0372985
0.89 260 1 5140267.6895223 5339420.0000000 0.0372985
0.89 261 1 5140267.6895223 5339420.0000000 0.0372985
0.89 262 1 5140267.6895224 5339420.0000000 0.0372985
0.89 263 1 5140267.6895224 5339420.0000000 0.0372985
0.89 264 1 5140267.6895224 5339420.0000000 0.0372985
0.91 265 1 5140267.6895223 5339420.0000000 0.0372985
0.89 266 1 5140267.6895223 5339420.0000000 0.0372985
0.89 267 1 5140267.6895224 5339420.0000000 0.0372985
0.89 268 1 5140267.6895224 5339420.0000000 0.0372985
0.89 269 1 5140267.6895224 5339420.0000000 0.0372985
0.89 270 1 5140267.6895223 5339420.0000000 0.0372985
0.91 271 1 5140267.6895224 5339420.0000000 0.0372985
0.89 272 1 5140267.6895223 5339420.0000000 0.0372985
0.91 273 1 5140267.6895224 5339420.0000000 0.0372985
0.89 274 1 5140267.6895223 5339420.0000000 0.0372985
1.07 275 1 5140267.6895223 5339420.0000000 0.0372985
0.91 276 1 5140267.6895224 5339420.0000000 0.0372985
1.07 277 1 5140267.6895223 5339420.0000000 0.0372985
0.89 278 1 5140267.6895224 5339420.0000000 0.0372985
0.91 279 1 5140267.6895224 5339420.0000000 0.0372985
0.91 280 1 5140267.6895224 5339420.0000000 0.0372985
0.89 281 1 5140267.6895224 5339420.0000000 0.0372985
0.91 282 1 5140267.6895223 5339420.0000000 0.0372985
0.90 283 1 5140267.6895223 5339420.0000000 0.0372985
1.07 284 1 5140270.8985641 5339420.0000000 0.0372979
1.18 285 2 5140274.8604945 5339420.0000000 0.0372971
0.64 286 3 5140278.3136927 5339420.0000000 0.0372965
0.62 287 4 5140289.0175516 5339420.0000000 0.0372945
0.60 288 4 5140293.3875940 5339420.0000000 0.0372937
0.57 289 2 5140293.3875940 5339420.0000000 0.0372937
0.57 290 2 5140293.3875940 5339420.0000000 0.0372937
0.57 291 2 5140293.3875939 5339420.0000000 0.0372937
0.57 292 2 5140293.3875940 5339420.0000000 0.0372937
0.57 293 2 5140293.3875940 5339420.0000000 0.0372937
0.58 294 2 5140293.3875940 5339420.0000000 0.0372937
0.57 295 2 5140293.3875940 5339420.0000000 0.0372937
0.57 296 2 5140293.6085782 5339420.0000000 0.0372936
0.57 297 2 5140295.6666714 5339420.0000000 0.0372933
0.81 298 3 5140295.6885139 5339420.0000000 0.0372932
1.00 299 2 5140295.6885139 5339420.0000000 0.0372932
1.00 300 2 5140296.6741288 5339420.0000000 0.0372931
0.84 301 2 5140304.7184969 5339420.0000000 0.0372916
0.78 302 2 5140304.7184969 5339420.0000000 0.0372916
0.78 303 2 5140304.7184969 5339420.0000000 0.0372916
0.79 304 2 5140307.3760459 5339420.0000000 0.0372911
0.77 305 2 5140307.3760460 5339420.0000000 0.0372911
0.77 306 2 5140307.3760460 5339420.0000000 0.0372911
0.77 307 2 5140307.3760460 5339420.0000000 0.0372911
0.77 308 2 5140307.7638872 5339420.0000000 0.0372910
0.78 309 4 5140307.7638872 5339420.0000000 0.0372910
0.78 310 3 5140310.4404216 5339420.0000000 0.0372905
1.13 311 1 5140310.4404216 5339420.0000000 0.0372905
1.13 312 1 5140313.7573877 5339420.0000000 0.0372899
0.54 313 3 5140313.7573877 5339420.0000000 0.0372899
0.55 314 3 5140313.7573877 5339420.0000000 0.0372899
0.55 315 3 5140313.8755240 5339420.0000000 0.0372898
0.55 316 2 5140313.8755240 5339420.0000000 0.0372898
0.56 317 2 5140313.8755240 5339420.0000000 0.0372898
0.55 318 2 5140313.8755240 5339420.0000000 0.0372898
0.55 319 2 5140313.8755240 5339420.0000000 0.0372898
0.55 320 2 5140313.8755240 5339420.0000000 0.0372898
0.55 321 2 5140313.8755240 5339420.0000000 0.0372898
0.55 322 2 5140313.8755240 5339420.0000000 0.0372898
0.55 323 2 5140315.5615037 5339420.0000000 0.0372895
0.81 324 3 5140315.5615037 5339420.0000000 0.0372895
0.81 325 3 5140319.8751182 5339420.0000000 0.0372887
0.78 326 2 5140321.2040293 5339420.0000000 0.0372885
0.78 327 2 5140321.2040293 5339420.0000000 0.0372885
0.79 328 2 5140321.2040293 5339420.0000000 0.0372885
0.79 329 2 5140321.2040293 5339420.0000000 0.0372885
0.79 330 2 5140322.4172438 5339420.0000000 0.0372882
0.83 331 1 5140322.4172438 5339420.0000000 0.0372882
0.84 332 1 5140322.4172438 5339420.0000000 0.0372882
0.83 333 1 5140322.4172438 5339420.0000000 0.0372882
