0.25 0 0 5609973.0455185 5951360.0000000 0.0573628
0.30 1 67 5616685.9279573 5951360.0000000 0.0562349
0.37 2 51 5620042.8663753 5951360.0000000 0.0556708
0.35 3 35 5620888.4720385 5951360.0000000 0.0555287
0.39 4 29 5622228.0048742 5951360.0000000 0.0553037
0.43 5 27 5623766.1801944 5951360.0000000 0.0550452
0.67 6 28 5624333.9084464 5951360.0000000 0.0549498
0.45 7 20 5624620.3241437 5951360.0000000 0.0549017
0.64 8 23 5624983.6393913 5951360.0000000 0.0548406
0.44 9 19 5625114.4634643 5951360.0000000 0.0548187
0.46 10 24 5625262.4871761 5951360.0000000 0.0547938
0.48 11 19 5625511.2715717 5951360.0000000 0.0547520
0.49 12 18 5625649.8715104 5951360.0000000 0.0547287
0.68 13 19 5625863.2501475 5951360.0000000 0.0546928
0.47 14 19 5626033.9304100 5951360.0000000 0.0546642
0.45 15 17 5626209.6319466 5951360.0000000 0.0546346
0.51 16 16 5626474.0798160 5951360.0000000 0.0545902
0.90 17 21 5626647.4580901 5951360.0000000 0.0545611
0.69 18 19 5626810.2519927 5951360.0000000 0.0545337
0.94 19 12 5626938.7884420 5951360.0000000 0.0545121
0.66 20 14 5627097.6908343 5951360.0000000 0.0544854
1.12 21 9 5627126.5857494 5951360.0000000 0.0544806
0.77 22 10 5627290.0256758 5951360.0000000 0.0544531
1.12 23 15 5627377.4926563 5951360.0000000 0.0544384
2.96 24 10 5627575.7591289 5951360.0000000 0.0544051
0.67 25 9 5627675.2539970 5951360.0000000 0.0543884
0.64 26 10 5627777.9748568 5951360.0000000 0.0543711
0.68 27 12 5627842.9209260 5951360.0000000 0.0543602
0.96 28 10 5627918.0824866 5951360.0000000 0.0543476
0.97 29 8 5627983.6096437 5951360.0000000 0.0543366
0.96 30 8 5628132.7712805 5951360.0000000 0.0543115
3.38 31 9 5628197.3777573 5951360.0000000 0.0543006
3.65 32 7 5628281.0347821 5951360.0000000 0.0542866
6.19 33 8 5628436.3740726 5951360.0000000 0.0542605
0.97 34 8 5628507.1376955 5951360.0000000 0.0542486
1.19 35 11 5628615.9722037 5951360.0000000 0.0542303
0.98 36 12 5628752.1651431 5951360.0000000 0.0542074
0.57 37 7 5628851.4043160 5951360.0000000 0.0541907
0.79 38 7 5628967.2073482 5951360.0000000 0.0541713
3.61 39 8 5629083.8364532 5951360.0000000 0.0541517
1.06 40 9 5629120.2497339 5951360.0000000 0.0541456
5.86 41 7 5629186.9992906 5951360.0000000 0.0541343
0.50 42 9 5629263.5957597 5951360.0000000 0.0541215
3.88 43 6 5629314.7578945 5951360.0000000 0.0541129
3.40 44 5 5629366.3464780 5951360.0000000 0.0541042
0.90 45 6 5629431.9852625 5951360.0000000 0.0540932
0.53 46 3 5629515.4888963 5951360.0000000 0.0540792
0.79 47 2 5629597.2110706 5951360.0000000 0.0540654
3.01 48 2 5629663.9767441 5951360.0000000 0.0540542
3.05 49 4 5629698.7260509 5951360.0000000 0.0540484
0.78 50 6 5629829.4129446 5951360.0000000 0.0540264
0.83 51 6 5629875.3690304 5951360.0000000 0.0540187
0.75 52 6 5629882.3869463 5951360.0000000 0.0540175
3.13 53 5 5629921.7319604 5951360.0000000 0.0540109
3.43 54 5 5630026.1742166 5951360.0000000 0.0539933
1.06 55 4 5630075.9652986 5951360.0000000 0.0539850
1.05 56 4 5630097.1504076 5951360.0000000 0.0539814
1.05 57 2 5630150.9219241 5951360.0000000 0.0539724
3.46 58 6 5630281.7896023 5951360.0000000 0.0539504
3.46 59 1 5630327.5601851 5951360.0000000 0.0539427
6.12 60 1 5630393.0745539 5951360.0000000 0.0539317
1.00 61 2 5630431.8648023 5951360.0000000 0.0539252
3.52 62 2 5630486.0721889 5951360.0000000 0.0539161
0.52 63 1 5630523.6234248 5951360.0000000 0.0539098
3.14 64 1 5630557.6097584 5951360.0000000 0.0539040
3.37 65 1 5630568.2691934 5951360.0000000 0.0539023
1.03 66 1 5630568.2691934 5951360.0000000 0.0539023
1.04 67 1 5630570.6249049 5951360.0000000 0.0539019
1.02 68 1 5630611.4200008 5951360.0000000 0.0538950
0.76 69 4 5630621.9831448 5951360.0000000 0.0538932
3.64 70 3 5630666.9989619 5951360.0000000 0.0538857
3.16 71 3 5630694.4901448 5951360.0000000 0.0538810
3.84 72 3 5630694.4901448 5951360.0000000 0.0538810
3.85 73 3 5630727.0938615 5951360.0000000 0.0538756
3.18 74 3 5630743.2650049 5951360.0000000 0.0538729
3.29 75 1 5630761.1083430 5951360.0000000 0.0538699
3.54 76 2 5630776.0200269 5951360.0000000 0.0538673
3.30 77 3 5630804.3547755 5951360.0000000 0.0538626
0.99 78 2 5630837.2103632 5951360.0000000 0.0538571
3.44 79 4 5630848.4048152 5951360.0000000 0.0538552
6.03 80 2 5630862.0016398 5951360.0000000 0.0538529
6.18 81 1 5630873.1143545 5951360.0000000 0.0538510
3.66 82 1 5630876.0858942 5951360.0000000 0.0538505
0.76 83 1 5630888.4409021 5951360.0000000 0.0538485
5.93 84 2 5630902.7369581 5951360.0000000 0.0538461
5.92 85 1 5630902.7369581 5951360.0000000 0.0538461
5.94 86 1 5630911.9948953 5951360.0000000 0.0538445
3.28 87 4 5630926.9268573 5951360.0000000 0.0538420
3.54 88 1 5630926.9268573 5951360.0000000 0.0538420
3.56 89 1 5630933.6797359 5951360.0000000 0.0538409
6.07 90 1 5630937.2684874 5951360.0000000 0.0538403
