0.29 0 0 5829948.7749959 6088260.0000000 0.0424278
0.33 1 63 5832536.5567310 6088260.0000000 0.0420027
0.85 2 41 5836930.9636586 6088260.0000000 0.0412809
0.65 3 22 5837775.9892833 6088260.0000000 0.0411421
0.45 4 23 5838266.6865795 6088260.0000000 0.0410615
0.65 5 17 5838332.6948024 6088260.0000000 0.0410507
0.44 6 18 5838424.8422863 6088260.0000000 0.0410356
0.46 7 14 5838727.2725891 6088260.0000000 0.0409859
0.46 8 17 5839121.2848295 6088260.0000000 0.0409212
0.48 9 14 5839139.0395651 6088260.0000000 0.0409183
2.73 10 11 5839339.7589829 6088260.0000000 0.0408853
0.53 11 15 5839382.6536294 6088260.0000000 0.0408782
0.70 12 12 5839442.6525080 6088260.0000000 0.0408684
0.77 13 14 5839476.4699318 6088260.0000000 0.0408628
0.64 14 11 5839564.3668741 6088260.0000000 0.0408484
0.63 15 12 5839608.9169421 6088260.0000000 0.0408411
0.50 16 10 5839669.7200773 6088260.0000000 0.0408311
0.53 17 10 5839796.9167281 6088260.0000000 0.0408102
0.74 18 12 5839846.8264925 6088260.0000000 0.0408020
0.73 19 9 5839907.3959175 6088260.0000000 0.0407920
2.20 20 11 5839935.5585617 6088260.0000000 0.0407874
2.33 21 11 5839966.3328907 6088260.0000000 0.0407824
1.15 22 12 5840006.0306463 6088260.0000000 0.0407758
0.71 23 10 5840165.9570374 6088260.0000000 0.0407496
0.74 24 13 5840234.2717389 6088260.0000000 0.0407384
0.70 25 12 5840355.3222235 6088260.0000000 0.0407185
0.52 26 12 5840405.4070587 6088260.0000000 0.0407103
0.67 27 10 5840437.8688635 6088260.0000000 0.0407049
3.11 28 10 5840542.7128250 6088260.0000000 0.0406877
0.73 29 9 5840543.1288653 6088260.0000000 0.0406876
0.74 30 9 5840558.2956276 6088260.0000000 0.0406851
3.01 31 9 5840571.1906729 6088260.0000000 0.0406830
2.92 32 8 5840598.9763960 6088260.0000000 0.0406785
3.14 33 10 5840613.6908796 6088260.0000000 0.0406760
0.74 34 9 5840616.2127737 6088260.0000000 0.0406756
0.75 35 9 5840659.0173203 6088260.0000000 0.0406686
1.22 36 9 5840680.7096898 6088260.0000000 0.0406650
1.25 37 9 5840857.4062878 6088260.0000000 0.0406360
4.60 38 11 5840876.5145281 6088260.0000000 0.0406329
1.02 39 8 5840947.3421519 6088260.0000000 0.0406212
3.40 40 10 5840962.4546241 6088260.0000000 0.0406188
0.80 41 9 5841010.0171947 6088260.0000000 0.0406109
3.11 42 10 5841043.1800056 6088260.0000000 0.0406055
3.23 43 8 5841056.9721737 6088260.0000000 0.0406032
0.83 44 7 5841086.3265137 6088260.0000000 0.0405984
1.02 45 7 5841100.1094332 6088260.0000000 0.0405961
1.03 46 9 5841123.1723059 6088260.0000000 0.0405924
0.84 47 9 5841162.5287469 6088260.0000000 0.0405859
1.19 48 6 5841189.3878242 6088260.0000000 0.0405815
3.16 49 6 5841191.1580695 6088260.0000000 0.0405812
1.41 50 6 5841265.1046340 6088260.0000000 0.0405690
5.41 51 8 5841294.8617570 6088260.0000000 0.0405642
2.61 52 7 5841302.4812118 6088260.0000000 0.0405629
1.01 53 7 5841304.5517229 6088260.0000000 0.0405626
3.27 54 6 5841308.7904813 6088260.0000000 0.0405619
3.37 55 8 5841322.0310456 6088260.0000000 0.0405597
1.02 56 7 5841372.8535456 6088260.0000000 0.0405513
1.24 57 8 5841412.4660691 6088260.0000000 0.0405448
1.21 58 5 5841416.1049843 6088260.0000000 0.0405442
1.21 59 4 5841433.6021975 6088260.0000000 0.0405414
3.38 60 6 5841454.0889910 6088260.0000000 0.0405380
1.42 61 7 5841474.2779035 6088260.0000000 0.0405347
3.22 62 6 5841498.7618952 6088260.0000000 0.0405307
3.45 63 7 5841528.2131990 6088260.0000000 0.0405258
1.44 64 7 5841533.2133550 6088260.0000000 0.0405250
3.47 65 7 5841552.4951887 6088260.0000000 0.0405218
1.59 66 3 5841572.5905176 6088260.0000000 0.0405185
1.38 67 6 5841640.9329480 6088260.0000000 0.0405073
1.84 68 4 5841673.8872021 6088260.0000000 0.0405019
1.63 69 6 5841694.2712292 6088260.0000000 0.0404986
3.64 70 4 5841697.5599091 6088260.0000000 0.0404980
1.69 71 3 5841734.4204735 6088260.0000000 0.0404920
1.25 72 4 5841736.1423960 6088260.0000000 0.0404917
1.27 73 3 5841749.5506072 6088260.0000000 0.0404895
1.50 74 3 5841750.3547339 6088260.0000000 0.0404893
1.26 75 3 5841762.9062179 6088260.0000000 0.0404873
1.31 76 4 5841781.4918142 6088260.0000000 0.0404842
1.50 77 3 5841781.4918142 6088260.0000000 0.0404842
1.50 78 3 5841807.6595484 6088260.0000000 0.0404799
3.74 79 4 5841810.2247230 6088260.0000000 0.0404795
3.38 80 4 5841854.4285661 6088260.0000000 0.0404722
1.30 81 4 5841858.4550795 6088260.0000000 0.0404716
1.50 82 4 5841889.4588864 6088260.0000000 0.0404665
1.05 83 4 5841905.0965741 6088260.0000000 0.0404639
1.48 84 4 5841906.0060511 6088260.0000000 0.0404638
1.50 85 3 5841915.9914641 6088260.0000000 0.0404621
1.48 86 3 5841917.5467082 6088260.0000000 0.0404619
1.34 87 5 5841939.9706222 6088260.0000000 0.0404582
1.28 88 7 5841959.5630485 6088260.0000000 0.0404550
5.54 89 3 5841968.2370391 6088260.0000000 0.0404536
1.11 90 5 5841985.9406934 6088260.0000000 0.0404506
3.77 91 4 5842001.8338143 6088260.0000000 0.0404480
5.96 92 6 5842008.3943281 6088260.0000000 0.0404470
1.28 93 3 5842016.0967509 6088260.0000000 0.0404457
3.51 94 4 5842023.4781289 6088260.0000000 0.0404445
1.33 95 3 5842025.4561823 6088260.0000000 0.0404442
3.85 96 4 5842049.5415272 6088260.0000000 0.0404402
3.66 97 6 5842089.8051690 6088260.0000000 0.0404336
1.10 98 8 5842116.0341549 6088260.0000000 0.0404293
2.83 99 6 5842132.5241257 6088260.0000000 0.0404266
0.84 100 4 5842142.4218344 6088260.0000000 0.0404249
3.12 101 6 5842179.5654618 6088260.0000000 0.0404188
1.28 102 4 5842200.9070840 6088260.0000000 0.0404153
5.81 103 6 5842203.8240526 6088260.0000000 0.0404149
1.51 104 5 5842219.6731019 6088260.0000000 0.0404123
3.58 105 5 5842231.5141388 6088260.0000000 0.0404103
1.31 106 5 5842235.5604875 6088260.0000000 0.0404096
1.50 107 6 5842246.2505693 6088260.0000000 0.0404079
1.14 108 3 5842246.9640266 6088260.0000000 0.0404078
1.10 109 3 5842254.6939102 6088260.0000000 0.0404065
1.36 110 3 5842255.1127520 6088260.0000000 0.0404064
1.56 111 3 5842263.2368930 6088260.0000000 0.0404051
3.66 112 3 5842264.8077569 6088260.0000000 0.0404048
1.50 113 4 5842297.1853391 6088260.0000000 0.0403995
1.33 114 4 5842300.3215661 6088260.0000000 0.0403990
3.79 115 3 5842315.0288526 6088260.0000000 0.0403966
1.71 116 3 5842336.5010921 6088260.0000000 0.0403931
3.83 117 4 5842340.1938761 6088260.0000000 0.0403925
3.65 118 3 5842360.8827103 6088260.0000000 0.0403891
3.51 119 4 5842362.2084011 6088260.0000000 0.0403888
1.29 120 5 5842375.0644532 6088260.0000000 0.0403867
3.76 121 4 5842380.8707371 6088260.0000000 0.0403858
3.48 122 3 5842404.3408325 6088260.0000000 0.0403819
1.30 123 3 5842404.3408325 6088260.0000000 0.0403819
1.33 124 3 5842419.9495696 6088260.0000000 0.0403794
1.34 125 4 5842430.1865864 6088260.0000000 0.0403777
3.80 126 3 5842433.2239076 6088260.0000000 0.0403772
1.40 127 4 5842451.2340703 6088260.0000000 0.0403742
3.71 128 3 5842453.7549344 6088260.0000000 0.0403738
1.26 129 3 5842463.3673967 6088260.0000000 0.0403722
3.61 130 4 5842463.3673966 6088260.0000000 0.0403722
3.63 131 3 5842467.6456558 6088260.0000000 0.0403715
1.28 132 3 5842468.7432101 6088260.0000000 0.0403713
1.27 133 3 5842471.5724075 6088260.0000000 0.0403709
1.49 134 4 5842471.5724075 6088260.0000000 0.0403709
1.49 135 4 5842487.4109295 6088260.0000000 0.0403683
1.25 136 4 5842504.3486465 6088260.0000000 0.0403655
1.50 137 3 5842504.7483371 6088260.0000000 0.0403654
3.52 138 3 5842514.8918268 6088260.0000000 0.0403638
1.27 139 3 5842515.6632387 6088260.0000000 0.0403636
1.29 140 3 5842525.6521318 6088260.0000000 0.0403620
1.26 141 3 5842527.1718411 6088260.0000000 0.0403618
1.31 142 3 5842536.4614470 6088260.0000000 0.0403602
1.31 143 4 5842538.2506369 6088260.0000000 0.0403599
1.05 144 3 5842547.1136604 6088260.0000000 0.0403585
1.04 145 3 5842547.6150338 6088260.0000000 0.0403584
1.04 146 3 5842562.4639212 6088260.0000000 0.0403560
1.06 147 3 5842562.8212356 6088260.0000000 0.0403559
1.09 148 3 5842574.0490598 6088260.0000000 0.0403541
3.63 149 3 5842574.7200560 6088260.0000000 0.0403539
1.33 150 3 5842580.3471430 6088260.0000000 0.0403530
3.71 151 3 5842581.6569466 6088260.0000000 0.0403528
1.07 152 3 5842586.3191973 6088260.0000000 0.0403520
1.05 153 3 5842587.1904162 6088260.0000000 0.0403519
