0.51 0 0 6142664.9045577 6442910.0000000 0.0466009
0.45 1 86 6146654.9554524 6442910.0000000 0.0459816
0.60 2 59 6149902.6803701 6442910.0000000 0.0454775
0.73 3 29 6150943.3002921 6442910.0000000 0.0453160
2.95 4 30 6151541.2378851 6442910.0000000 0.0452232
0.54 5 34 6151708.2363634 6442910.0000000 0.0451972
0.80 6 31 6152020.6455568 6442910.0000000 0.0451488
0.91 7 30 6152454.2906682 6442910.0000000 0.0450814
0.79 8 26 6152621.4229364 6442910.0000000 0.0450555
0.55 9 29 6152808.8035775 6442910.0000000 0.0450264
0.56 10 30 6152950.7233664 6442910.0000000 0.0450044
3.39 11 20 6153153.5380206 6442910.0000000 0.0449729
1.08 12 18 6153238.5112770 6442910.0000000 0.0449597
1.49 13 16 6153370.0168447 6442910.0000000 0.0449393
1.09 14 14 6153446.7395588 6442910.0000000 0.0449274
1.08 15 14 6153502.0590739 6442910.0000000 0.0449188
3.53 16 11 6153602.4790970 6442910.0000000 0.0449032
0.90 17 11 6153708.9555831 6442910.0000000 0.0448867
0.63 18 10 6153746.5933822 6442910.0000000 0.0448809
5.81 19 9 6153772.5975524 6442910.0000000 0.0448768
3.19 20 9 6153784.6996447 6442910.0000000 0.0448750
3.49 21 9 6153830.4235770 6442910.0000000 0.0448679
3.47 22 7 6153877.6447582 6442910.0000000 0.0448605
3.38 23 11 6153918.4959614 6442910.0000000 0.0448542
3.17 24 12 6153962.6832471 6442910.0000000 0.0448473
3.01 25 9 6154073.3047860 6442910.0000000 0.0448302
0.63 26 13 6154140.3471161 6442910.0000000 0.0448198
3.39 27 13 6154200.8350744 6442910.0000000 0.0448104
6.39 28 10 6154223.0882899 6442910.0000000 0.0448069
6.14 29 11 6154249.2692151 6442910.0000000 0.0448029
0.92 30 6 6154254.6325943 6442910.0000000 0.0448020
3.65 31 8 6154282.3006374 6442910.0000000 0.0447977
0.93 32 9 6154298.5120843 6442910.0000000 0.0447952
0.76 33 9 6154326.7366838 6442910.0000000 0.0447908
6.10 34 4 6154338.7093579 6442910.0000000 0.0447890
1.25 35 4 6154348.1164281 6442910.0000000 0.0447875
1.26 36 5 6154374.5538604 6442910.0000000 0.0447834
3.45 37 4 6154388.9186369 6442910.0000000 0.0447812
0.98 38 5 6154399.0654764 6442910.0000000 0.0447796
3.72 39 7 6154421.3442612 6442910.0000000 0.0447761
1.17 40 3 6154443.1121824 6442910.0000000 0.0447728
3.69 41 5 6154444.8695695 6442910.0000000 0.0447725
3.72 42 4 6154461.1612444 6442910.0000000 0.0447700
1.40 43 5 6154479.8511469 6442910.0000000 0.0447671
3.18 44 6 6154512.9751567 6442910.0000000 0.0447619
3.47 45 4 6154526.7808142 6442910.0000000 0.0447598
0.89 46 3 6154533.6882474 6442910.0000000 0.0447587
0.89 47 3 6154540.7620860 6442910.0000000 0.0447576
3.37 48 4 6154544.1228218 6442910.0000000 0.0447571
3.36 49 4 6154550.3386288 6442910.0000000 0.0447561
3.21 50 2 6154556.0926016 6442910.0000000 0.0447552
3.52 51 2 6154564.7726482 6442910.0000000 0.0447539
0.85 52 2 6154564.8226542 6442910.0000000 0.0447539
3.47 53 2 6154566.9112201 6442910.0000000 0.0447535
0.92 54 2 6154569.9197678 6442910.0000000 0.0447531
3.38 55 3 6154580.8479102 6442910.0000000 0.0447514
0.63 56 2 6154583.0519095 6442910.0000000 0.0447510
0.61 57 2 6154586.9687610 6442910.0000000 0.0447504
0.63 58 3 6154593.7256226 6442910.0000000 0.0447494
3.34 59 2 6154599.9899524 6442910.0000000 0.0447484
0.60 60 3 6154603.6796328 6442910.0000000 0.0447478
0.64 61 5 6154613.7833279 6442910.0000000 0.0447463
3.27 62 2 6154617.5756741 6442910.0000000 0.0447457
3.32 63 3 6154621.6707256 6442910.0000000 0.0447450
3.09 64 2 6154622.7529487 6442910.0000000 0.0447449
0.68 65 2 6154624.4509263 6442910.0000000 0.0447446
0.69 66 2 6154626.7052119 6442910.0000000 0.0447443
0.75 67 2 6154631.1229006 6442910.0000000 0.0447436
3.20 68 2 6154636.6021904 6442910.0000000 0.0447427
0.70 69 3 6154642.7005814 6442910.0000000 0.0447418
0.93 70 3 6154644.9036407 6442910.0000000 0.0447414
0.96 71 4 6154653.5791466 6442910.0000000 0.0447401
3.17 72 2 6154655.2117121 6442910.0000000 0.0447398
3.27 73 2 6154659.3792745 6442910.0000000 0.0447392
0.69 74 2 6154663.5016415 6442910.0000000 0.0447386
0.90 75 3 6154671.8765576 6442910.0000000 0.0447373
3.28 76 2 6154674.0136503 6442910.0000000 0.0447369
0.86 77 2 6154675.5247759 6442910.0000000 0.0447367
3.28 78 3 6154683.6498696 6442910.0000000 0.0447354
3.34 79 2 6154684.3607432 6442910.0000000 0.0447353
0.68 80 2 6154685.0266909 6442910.0000000 0.0447352
0.65 81 3 6154687.5872878 6442910.0000000 0.0447348
3.31 82 3 6154693.5013234 6442910.0000000 0.0447339
3.32 83 2 6154694.3222725 6442910.0000000 0.0447338
3.35 84 3 6154695.6545824 6442910.0000000 0.0447336
3.32 85 2 6154696.2648268 6442910.0000000 0.0447335
0.62 86 2 6154696.9746864 6442910.0000000 0.0447334
3.54 87 2 6154697.7245298 6442910.0000000 0.0447332
0.84 88 2 6154698.9892585 6442910.0000000 0.0447330
0.63 89 2 6154699.9846339 6442910.0000000 0.0447329
0.85 90 1 6154700.8353916 6442910.0000000 0.0447328
3.49 91 2 6154701.6093717 6442910.0000000 0.0447326
3.33 92 2 6154702.0902084 6442910.0000000 0.0447326
3.52 93 2 6154703.5781709 6442910.0000000 0.0447323
0.87 94 2 6154704.8295543 6442910.0000000 0.0447321
0.88 95 2 6154707.3977775 6442910.0000000 0.0447317
0.65 96 1 6154710.5756283 6442910.0000000 0.0447313
0.88 97 1 6154712.5387187 6442910.0000000 0.0447309
3.56 98 1 6154712.5387187 6442910.0000000 0.0447309
3.57 99 1 6154712.5387186 6442910.0000000 0.0447309
