0.32 0 0 3983951.2246063 4153700.0000000 0.0408669
0.11 1 44 3987518.8415212 4153700.0000000 0.0400080
0.13 2 34 3990081.8562523 4153700.0000000 0.0393909
0.13 3 27 3992344.7248018 4153700.0000000 0.0388462
0.15 4 18 3992985.0798270 4153700.0000000 0.0386920
0.14 5 20 3993442.4720840 4153700.0000000 0.0385819
0.15 6 11 3993481.8846923 4153700.0000000 0.0385724
0.16 7 13 3993705.6088721 4153700.0000000 0.0385185
0.18 8 13 3993927.6574047 4153700.0000000 0.0384651
0.48 9 19 3994153.9979693 4153700.0000000 0.0384106
0.15 10 9 3994174.4342555 4153700.0000000 0.0384057
0.13 11 11 3994233.7811691 4153700.0000000 0.0383914
1.85 12 7 3994408.2152006 4153700.0000000 0.0383494
0.16 13 9 3994436.0571550 4153700.0000000 0.0383427
0.31 14 6 3994454.5083471 4153700.0000000 0.0383382
0.14 15 6 3994499.5578914 4153700.0000000 0.0383274
0.14 16 9 3994529.6900592 4153700.0000000 0.0383201
0.14 17 13 3994562.2472906 4153700.0000000 0.0383123
0.14 18 11 3994587.5114126 4153700.0000000 0.0383062
0.14 19 8 3994599.1304423 4153700.0000000 0.0383034
2.02 20 7 3994599.1304423 4153700.0000000 0.0383034
2.05 21 7 3994599.1304423 4153700.0000000 0.0383034
2.06 22 7 3994605.6282159 4153700.0000000 0.0383018
2.01 23 7 3994616.4472808 4153700.0000000 0.0382992
2.02 24 8 3994617.5635780 4153700.0000000 0.0382990
0.16 25 6 3994648.1923649 4153700.0000000 0.0382916
2.09 26 8 3994650.4880767 4153700.0000000 0.0382910
0.34 27 7 3994839.5116850 4153700.0000000 0.0382455
0.15 28 8 3994841.0762839 4153700.0000000 0.0382452
0.32 29 6 3994853.1760395 4153700.0000000 0.0382422
0.50 30 6 3994901.2823520 4153700.0000000 0.0382307
0.16 31 9 3994902.2959099 4153700.0000000 0.0382304
0.16 32 8 3994904.8483921 4153700.0000000 0.0382298
0.16 33 4 3994911.4186879 4153700.0000000 0.0382282
0.33 34 6 3994914.8193114 4153700.0000000 0.0382274
0.16 35 4 3994916.2188760 4153700.0000000 0.0382271
0.17 36 5 3994916.2188760 4153700.0000000 0.0382271
0.34 37 5 3994916.2188760 4153700.0000000 0.0382271
0.19 38 5 3994916.2188760 4153700.0000000 0.0382271
0.36 39 5 3994916.2188760 4153700.0000000 0.0382271
0.19 40 5 3994916.2188760 4153700.0000000 0.0382271
2.21 41 5 3994916.2188760 4153700.0000000 0.0382271
0.52 42 5 3994916.2188760 4153700.0000000 0.0382271
0.53 43 5 3994916.2188760 4153700.0000000 0.0382271
0.18 44 5 3994916.2188760 4153700.0000000 0.0382271
0.51 45 5 3994916.2188760 4153700.0000000 0.0382271
0.52 46 5 3994916.2188760 4153700.0000000 0.0382271
0.53 47 5 3994916.2188760 4153700.0000000 0.0382271
0.69 48 5 3994930.2901174 4153700.0000000 0.0382237
0.34 49 3 3994930.2901174 4153700.0000000 0.0382237
0.15 50 3 3994930.2901174 4153700.0000000 0.0382237
0.17 51 4 3994930.2901174 4153700.0000000 0.0382237
0.16 52 4 3994930.2901174 4153700.0000000 0.0382237
0.19 53 4 3994930.2901174 4153700.0000000 0.0382237
0.35 54 3 3994932.7197930 4153700.0000000 0.0382231
0.19 55 3 3994932.7197930 4153700.0000000 0.0382231
0.38 56 3 3994932.8863077 4153700.0000000 0.0382231
0.35 57 3 3994932.8863077 4153700.0000000 0.0382231
0.53 58 3 3994934.0546670 4153700.0000000 0.0382228
0.17 59 4 3994934.0546670 4153700.0000000 0.0382228
0.17 60 4 3994936.1932200 4153700.0000000 0.0382223
0.37 61 4 3994936.1932200 4153700.0000000 0.0382223
0.37 62 4 3994936.2780898 4153700.0000000 0.0382222
0.35 63 4 3994936.2780898 4153700.0000000 0.0382222
0.16 64 4 3994936.2780898 4153700.0000000 0.0382222
0.18 65 4 3994936.2780898 4153700.0000000 0.0382222
0.14 66 4 3994936.2780898 4153700.0000000 0.0382222
0.16 67 4 3994936.2780898 4153700.0000000 0.0382222
0.32 68 4 3994936.2780898 4153700.0000000 0.0382222
0.35 69 4 3994936.2780898 4153700.0000000 0.0382222
0.32 70 4 3994936.2780898 4153700.0000000 0.0382222
0.34 71 4 3994936.2780898 4153700.0000000 0.0382222
0.31 72 4 3994936.2780898 4153700.0000000 0.0382222
0.34 73 4 3994936.2780898 4153700.0000000 0.0382222
0.31 74 4 3994936.2780898 4153700.0000000 0.0382222
0.34 75 4 3994936.2780898 4153700.0000000 0.0382222
0.15 76 4 3994936.2780898 4153700.0000000 0.0382222
0.19 77 4 3994936.2780898 4153700.0000000 0.0382222
0.14 78 4 3994936.2780898 4153700.0000000 0.0382222
0.18 79 4 3994936.2780898 4153700.0000000 0.0382222
2.06 80 4 3994936.2780898 4153700.0000000 0.0382222
0.18 81 4 3994936.2780898 4153700.0000000 0.0382222
0.15 82 4 3994936.2780898 4153700.0000000 0.0382222
0.19 83 4 3994936.2780898 4153700.0000000 0.0382222
0.33 84 4 3994936.2780898 4153700.0000000 0.0382222
0.35 85 4 3994936.2780898 4153700.0000000 0.0382222
0.18 86 4 3994936.5901665 4153700.0000000 0.0382222
2.46 87 4 3994942.5289311 4153700.0000000 0.0382207
0.16 88 3 3994944.3641715 4153700.0000000 0.0382203
0.37 89 4 3994951.4779949 4153700.0000000 0.0382186
0.53 90 6 3994953.5429409 4153700.0000000 0.0382181
2.00 91 4 3994956.1347593 4153700.0000000 0.0382175
2.26 92 6 3994956.7266979 4153700.0000000 0.0382173
0.35 93 6 3994958.8851818 4153700.0000000 0.0382168
0.54 94 5 3994958.8851818 4153700.0000000 0.0382168
0.55 95 5 3994961.4834043 4153700.0000000 0.0382162
2.13 96 5 3994961.4834043 4153700.0000000 0.0382162
2.34 97 5 3994966.4193857 4153700.0000000 0.0382150
2.06 98 3 3994967.3075549 4153700.0000000 0.0382148
2.28 99 3 3994967.9840136 4153700.0000000 0.0382146
0.19 100 6 3994971.2597729 4153700.0000000 0.0382138
0.17 101 4 3994971.6880794 4153700.0000000 0.0382137
2.09 102 5 3994974.5593079 4153700.0000000 0.0382130
2.09 103 3 3994974.5593079 4153700.0000000 0.0382130
2.31 104 3 3994978.6547229 4153700.0000000 0.0382120
3.81 105 5 3994978.6547229 4153700.0000000 0.0382120
3.86 106 5 3994980.2796887 4153700.0000000 0.0382116
2.07 107 4 3994981.2984521 4153700.0000000 0.0382114
2.08 108 4 3994981.9934514 4153700.0000000 0.0382112
0.17 109 4 3994984.4727086 4153700.0000000 0.0382106
0.32 110 5 3994984.4727086 4153700.0000000 0.0382106
2.01 111 4 3994988.7757816 4153700.0000000 0.0382096
0.33 112 5 3994988.7757815 4153700.0000000 0.0382096
0.34 113 5 3994993.0954557 4153700.0000000 0.0382086
2.10 114 6 3994993.2800177 4153700.0000000 0.0382085
2.15 115 6 3994993.4728340 4153700.0000000 0.0382085
2.08 116 6 3994994.0077475 4153700.0000000 0.0382083
2.12 117 4 3994997.2837237 4153700.0000000 0.0382076
0.36 118 6 3995004.6756219 4153700.0000000 0.0382058
0.56 119 4 3995007.4273257 4153700.0000000 0.0382051
2.14 120 4 3995007.4273258 4153700.0000000 0.0382051
2.38 121 4 3995010.3776707 4153700.0000000 0.0382044
0.56 122 4 3995010.4151421 4153700.0000000 0.0382044
0.57 123 4 3995012.6246701 4153700.0000000 0.0382039
2.40 124 4 3995013.0421417 4153700.0000000 0.0382038
0.37 125 4 3995014.9819981 4153700.0000000 0.0382033
0.56 126 4 3995015.0392595 4153700.0000000 0.0382033
0.39 127 4 3995016.7177962 4153700.0000000 0.0382029
0.58 128 5 3995018.4275755 4153700.0000000 0.0382025
0.39 129 4 3995019.2664787 4153700.0000000 0.0382023
0.58 130 5 3995019.5992744 4153700.0000000 0.0382022
2.45 131 5 3995023.1011115 4153700.0000000 0.0382013
2.23 132 4 3995023.1011115 4153700.0000000 0.0382013
2.45 133 4 3995024.7566631 4153700.0000000 0.0382009
2.16 134 4 3995024.7566631 4153700.0000000 0.0382009
2.38 135 4 3995027.6850840 4153700.0000000 0.0382002
2.12 136 5 3995031.1884330 4153700.0000000 0.0381994
2.35 137 4 3995032.0419821 4153700.0000000 0.0381992
0.37 138 5 3995038.1284530 4153700.0000000 0.0381977
0.39 139 2 3995038.1284530 4153700.0000000 0.0381977
0.38 140 2 3995039.9033443 4153700.0000000 0.0381973
0.56 141 2 3995040.0833382 4153700.0000000 0.0381972
0.56 142 2 3995040.2104095 4153700.0000000 0.0381972
2.13 143 2 3995040.2104095 4153700.0000000 0.0381972
0.55 144 2 3995040.2104095 4153700.0000000 0.0381972
2.36 145 2 3995040.4903872 4153700.0000000 0.0381972
0.56 146 2 3995040.6248894 4153700.0000000 0.0381971
0.38 147 2 3995040.6248894 4153700.0000000 0.0381971
0.37 148 2 3995040.6248894 4153700.0000000 0.0381971
0.57 149 2 3995040.8472269 4153700.0000000 0.0381971
0.58 150 2 3995041.0198392 4153700.0000000 0.0381970
2.50 151 2 3995041.3937701 4153700.0000000 0.0381969
2.17 152 2 3995041.3937701 4153700.0000000 0.0381969
0.57 153 2 3995041.3937701 4153700.0000000 0.0381969
2.38 154 2 3995041.9670135 4153700.0000000 0.0381968
2.43 155 2 3995042.3178851 4153700.0000000 0.0381967
0.59 156 2 3995042.8223535 4153700.0000000 0.0381966
2.38 157 2 3995043.0297888 4153700.0000000 0.0381965
0.37 158 2 3995043.0297888 4153700.0000000 0.0381965
2.21 159 2 3995043.0297888 4153700.0000000 0.0381965
0.57 160 2 3995043.0297888 4153700.0000000 0.0381965
2.43 161 2 3995043.1012292 4153700.0000000 0.0381965
0.39 162 2 3995043.1012292 4153700.0000000 0.0381965
0.58 163 2 3995043.2062347 4153700.0000000 0.0381965
0.59 164 2 3995043.2062347 4153700.0000000 0.0381965
2.54 165 2 3995043.4245262 4153700.0000000 0.0381964
2.53 166 2 3995043.7450368 4153700.0000000 0.0381964
0.38 167 2 3995043.7450368 4153700.0000000 0.0381964
2.26 168 2 3995043.7450368 4153700.0000000 0.0381964
0.58 169 2 3995043.7450368 4153700.0000000 0.0381964
2.47 170 2 3995044.6087181 4153700.0000000 0.0381962
0.39 171 2 3995044.6087181 4153700.0000000 0.0381962
0.58 172 2 3995045.6430129 4153700.0000000 0.0381959
2.28 173 3 3995045.6430129 4153700.0000000 0.0381959
2.52 174 2 3995046.5520670 4153700.0000000 0.0381957
0.19 175 1 3995046.5520670 4153700.0000000 0.0381957
0.38 176 1 3995046.5520670 4153700.0000000 0.0381957
0.37 177 1 3995046.5520670 4153700.0000000 0.0381957
0.56 178 1 3995046.8782299 4153700.0000000 0.0381956
0.20 179 3 3995047.9845038 4153700.0000000 0.0381953
0.40 180 2 3995048.4851877 4153700.0000000 0.0381952
0.39 181 3 3995048.9584212 4153700.0000000 0.0381951
0.58 182 2 3995049.1262890 4153700.0000000 0.0381951
0.57 183 2 3995049.1262889 4153700.0000000 0.0381951
2.49 184 2 3995049.3587129 4153700.0000000 0.0381950
0.40 185 2 3995049.3587130 4153700.0000000 0.0381950
0.58 186 2 3995049.7412647 4153700.0000000 0.0381949
0.56 187 2 3995049.7412647 4153700.0000000 0.0381949
2.40 188 2 3995050.2637180 4153700.0000000 0.0381948
0.57 189 2 3995050.2637180 4153700.0000000 0.0381948
2.39 190 2 3995050.3389984 4153700.0000000 0.0381948
0.20 191 2 3995050.3389984 4153700.0000000 0.0381948
0.39 192 2 3995050.3389984 4153700.0000000 0.0381948
0.38 193 2 3995050.3389984 4153700.0000000 0.0381948
0.57 194 2 3995050.4084665 4153700.0000000 0.0381948
0.39 195 2 3995050.4084665 4153700.0000000 0.0381948
0.58 196 2 3995050.5273566 4153700.0000000 0.0381947
0.39 197 2 3995050.5273566 4153700.0000000 0.0381947
2.32 198 2 3995050.5273566 4153700.0000000 0.0381947
0.59 199 2 3995050.5273566 4153700.0000000 0.0381947
2.57 200 2 3995050.9785210 4153700.0000000 0.0381946
0.56 201 2 3995050.9785210 4153700.0000000 0.0381946
2.38 202 2 3995051.0685822 4153700.0000000 0.0381946
0.57 203 2 3995051.0685822 4153700.0000000 0.0381946
2.46 204 2 3995051.3957895 4153700.0000000 0.0381945
0.59 205 2 3995051.7855890 4153700.0000000 0.0381944
0.39 206 2 3995051.7855890 4153700.0000000 0.0381944
0.57 207 2 3995051.7855890 4153700.0000000 0.0381944
2.25 208 2 3995051.7855890 4153700.0000000 0.0381944
2.48 209 2 3995052.2440186 4153700.0000000 0.0381943
0.39 210 2 3995052.2440186 4153700.0000000 0.0381943
0.59 211 2 3995052.5122672 4153700.0000000 0.0381943
0.38 212 2 3995052.5122672 4153700.0000000 0.0381943
2.20 213 2 3995052.5122672 4153700.0000000 0.0381943
0.57 214 2 3995052.5122672 4153700.0000000 0.0381943
2.43 215 2 3995052.5606549 4153700.0000000 0.0381942
0.39 216 2 3995052.5606549 4153700.0000000 0.0381942
0.58 217 2 3995052.5606549 4153700.0000000 0.0381942
2.36 218 2 3995052.5606549 4153700.0000000 0.0381942
2.57 219 2 3995052.9211988 4153700.0000000 0.0381942
2.34 220 3 3995053.3119568 4153700.0000000 0.0381941
2.53 221 2 3995053.9201814 4153700.0000000 0.0381939
0.58 222 2 3995054.1192138 4153700.0000000 0.0381939
0.39 223 2 3995054.1192138 4153700.0000000 0.0381939
2.27 224 2 3995054.1192138 4153700.0000000 0.0381939
0.58 225 2 3995054.1192138 4153700.0000000 0.0381939
2.48 226 2 3995054.4759551 4153700.0000000 0.0381938
2.30 227 2 3995054.4759551 4153700.0000000 0.0381938
0.58 228 2 3995054.4759551 4153700.0000000 0.0381938
2.51 229 2 3995054.7748832 4153700.0000000 0.0381937
0.38 230 2 3995054.7748832 4153700.0000000 0.0381937
0.58 231 2 3995054.7748832 4153700.0000000 0.0381937
2.25 232 2 3995054.7748832 4153700.0000000 0.0381937
2.52 233 2 3995055.2083852 4153700.0000000 0.0381936
0.39 234 2 3995055.2083852 4153700.0000000 0.0381936
2.30 235 2 3995055.2083852 4153700.0000000 0.0381936
0.59 236 2 3995055.2083851 4153700.0000000 0.0381936
2.49 237 2 3995055.3662946 4153700.0000000 0.0381936
0.39 238 2 3995055.3662946 4153700.0000000 0.0381936
0.57 239 2 3995055.3662946 4153700.0000000 0.0381936
2.24 240 2 3995055.3662946 4153700.0000000 0.0381936
2.45 241 2 3995055.4209032 4153700.0000000 0.0381936
0.39 242 2 3995055.4209032 4153700.0000000 0.0381936
2.35 243 2 3995055.4209032 4153700.0000000 0.0381936
0.59 244 2 3995055.4209032 4153700.0000000 0.0381936
2.57 245 2 3995055.5929744 4153700.0000000 0.0381935
0.39 246 2 3995055.5929743 4153700.0000000 0.0381935
2.27 247 2 3995055.5929744 4153700.0000000 0.0381935
0.58 248 2 3995055.5929743 4153700.0000000 0.0381935
2.50 249 2 3995055.8291800 4153700.0000000 0.0381935
2.28 250 2 3995055.8291800 4153700.0000000 0.0381935
2.52 251 1 3995055.8291800 4153700.0000000 0.0381935
2.52 252 1 3995055.8291800 4153700.0000000 0.0381935
2.49 253 1 3995055.8291800 4153700.0000000 0.0381935
2.50 254 1 3995055.8291800 4153700.0000000 0.0381935
2.52 255 1 3995055.8291800 4153700.0000000 0.0381935
2.52 256 1 3995055.8291800 4153700.0000000 0.0381935
2.51 257 1 3995055.8291800 4153700.0000000 0.0381935
2.58 258 1 3995055.8291800 4153700.0000000 0.0381935
2.53 259 1 3995055.8291800 4153700.0000000 0.0381935
2.54 260 1 3995055.8291800 4153700.0000000 0.0381935
2.52 261 1 3995055.8291800 4153700.0000000 0.0381935
2.54 262 1 3995055.8291800 4153700.0000000 0.0381935
2.54 263 1 3995055.8291800 4153700.0000000 0.0381935
2.53 264 1 3995055.8291800 4153700.0000000 0.0381935
2.53 265 1 3995055.8291800 4153700.0000000 0.0381935
2.52 266 1 3995055.8291800 4153700.0000000 0.0381935
