0.28 0 0 4057701.3069376 4290810.0000000 0.0543274
0.11 1 47 4061204.6438605 4290810.0000000 0.0535110
0.17 2 31 4064165.1468353 4290810.0000000 0.0528210
0.13 3 29 4064774.0419254 4290810.0000000 0.0526791
0.15 4 24 4065438.2927186 4290810.0000000 0.0525243
0.14 5 22 4065749.6729564 4290810.0000000 0.0524517
0.14 6 17 4065779.0117091 4290810.0000000 0.0524449
0.17 7 18 4065974.8297693 4290810.0000000 0.0523992
0.15 8 14 4066107.7052242 4290810.0000000 0.0523683
0.15 9 13 4066196.4542315 4290810.0000000 0.0523476
0.15 10 12 4066231.8361255 4290810.0000000 0.0523393
0.19 11 9 4066265.1525929 4290810.0000000 0.0523316
0.34 12 12 4066432.8965215 4290810.0000000 0.0522925
0.16 13 5 4066448.9701586 4290810.0000000 0.0522887
0.35 14 6 4066529.2120795 4290810.0000000 0.0522700
0.19 15 6 4066533.5525433 4290810.0000000 0.0522690
0.36 16 4 4067109.6734284 4290810.0000000 0.0521348
0.16 17 9 4067149.5562796 4290810.0000000 0.0521255
2.05 18 9 4067149.5562796 4290810.0000000 0.0521255
1.88 19 9 4067173.1951779 4290810.0000000 0.0521200
0.22 20 8 4067230.2779748 4290810.0000000 0.0521066
0.16 21 6 4067235.6784834 4290810.0000000 0.0521054
0.16 22 5 4067235.6784834 4290810.0000000 0.0521054
0.16 23 5 4067265.4730908 4290810.0000000 0.0520984
0.16 24 6 4067290.3428847 4290810.0000000 0.0520926
1.82 25 5 4067296.3592449 4290810.0000000 0.0520912
1.82 26 5 4067320.1729271 4290810.0000000 0.0520857
0.34 27 5 4067341.0087543 4290810.0000000 0.0520808
0.18 28 5 4067401.6370468 4290810.0000000 0.0520667
0.20 29 9 4067411.0700122 4290810.0000000 0.0520645
0.16 30 4 4067411.0700122 4290810.0000000 0.0520645
0.16 31 4 4067411.0700122 4290810.0000000 0.0520645
0.16 32 4 4067411.9701877 4290810.0000000 0.0520643
1.82 33 5 4067411.9701877 4290810.0000000 0.0520643
1.84 34 4 4067414.7018449 4290810.0000000 0.0520637
0.19 35 5 4067414.7018449 4290810.0000000 0.0520637
0.34 36 5 4067418.1853420 4290810.0000000 0.0520629
1.84 37 5 4067420.7563706 4290810.0000000 0.0520623
1.89 38 4 4067427.1669574 4290810.0000000 0.0520608
1.88 39 4 4067448.6084099 4290810.0000000 0.0520558
0.18 40 6 4067726.9616844 4290810.0000000 0.0519909
1.85 41 5 4067821.8113305 4290810.0000000 0.0519688
0.35 42 3 4067821.8113305 4290810.0000000 0.0519688
0.36 43 3 4067821.8113305 4290810.0000000 0.0519688
0.38 44 3 4067833.8848260 4290810.0000000 0.0519660
2.04 45 2 4067833.8848260 4290810.0000000 0.0519660
2.06 46 2 4067833.8848260 4290810.0000000 0.0519660
2.05 47 2 4067833.8848260 4290810.0000000 0.0519660
2.06 48 2 4067833.8848260 4290810.0000000 0.0519660
2.05 49 2 4067833.8848260 4290810.0000000 0.0519660
2.07 50 2 4067833.8848260 4290810.0000000 0.0519660
2.05 51 2 4067833.8848260 4290810.0000000 0.0519660
2.03 52 2 4067833.8848260 4290810.0000000 0.0519660
2.16 53 2 4067833.8848260 4290810.0000000 0.0519660
2.05 54 2 4067850.9592198 4290810.0000000 0.0519620
2.02 55 2 4067854.7220893 4290810.0000000 0.0519611
0.55 56 2 4067861.5868338 4290810.0000000 0.0519595
0.68 57 1 4067861.5868338 4290810.0000000 0.0519595
0.68 58 1 4067861.5868338 4290810.0000000 0.0519595
0.71 59 1 4067861.5868338 4290810.0000000 0.0519595
0.71 60 1 4067861.5868338 4290810.0000000 0.0519595
0.52 61 1 4067861.5868338 4290810.0000000 0.0519595
0.52 62 1 4067861.5868337 4290810.0000000 0.0519595
0.54 63 1 4067861.5868337 4290810.0000000 0.0519595
0.66 64 1 4067861.5868338 4290810.0000000 0.0519595
0.53 65 1 4067861.5868337 4290810.0000000 0.0519595
0.54 66 1 4067861.5868338 4290810.0000000 0.0519595
0.66 67 1 4067861.5868338 4290810.0000000 0.0519595
0.52 68 1 4067861.5868337 4290810.0000000 0.0519595
0.68 69 1 4067861.5868338 4290810.0000000 0.0519595
0.54 70 1 4067861.5868338 4290810.0000000 0.0519595
0.66 71 1 4067861.5868338 4290810.0000000 0.0519595
0.53 72 1 4067861.5868337 4290810.0000000 0.0519595
0.53 73 1 4067861.5868338 4290810.0000000 0.0519595
0.55 74 1 4067861.5868338 4290810.0000000 0.0519595
1.95 75 1 4067861.5868337 4290810.0000000 0.0519595
1.91 76 1 4067861.5868338 4290810.0000000 0.0519595
1.91 77 1 4067861.5868338 4290810.0000000 0.0519595
1.95 78 1 4067861.5868338 4290810.0000000 0.0519595
0.68 79 1 4067861.5868338 4290810.0000000 0.0519595
1.95 80 1 4067861.5868338 4290810.0000000 0.0519595
0.54 81 1 4067861.5868337 4290810.0000000 0.0519595
0.66 82 1 4067861.5868338 4290810.0000000 0.0519595
1.95 83 1 4067861.5868338 4290810.0000000 0.0519595
0.54 84 1 4067861.5868338 4290810.0000000 0.0519595
1.95 85 1 4067861.5868338 4290810.0000000 0.0519595
0.71 86 1 4067861.5868338 4290810.0000000 0.0519595
0.71 87 1 4067861.5868338 4290810.0000000 0.0519595
0.71 88 1 4067861.5876918 4290810.0000000 0.0519595
0.53 89 2 4067861.6490696 4290810.0000000 0.0519595
0.73 90 2 4067906.9968082 4290810.0000000 0.0519489
0.54 91 3 4067907.8008292 4290810.0000000 0.0519487
0.53 92 3 4067910.0782107 4290810.0000000 0.0519482
0.40 93 2 4067910.5521383 4290810.0000000 0.0519481
0.38 94 1 4067910.7182718 4290810.0000000 0.0519481
0.38 95 2 4067927.4268826 4290810.0000000 0.0519442
1.68 96 3 4067927.4612690 4290810.0000000 0.0519442
0.38 97 2 4067927.7293839 4290810.0000000 0.0519441
0.38 98 3 4067929.3340565 4290810.0000000 0.0519437
0.21 99 3 4067929.3448050 4290810.0000000 0.0519437
0.21 100 3 4067931.8357762 4290810.0000000 0.0519431
0.38 101 3 4067932.3991972 4290810.0000000 0.0519430
2.13 102 3 4067932.6525357 4290810.0000000 0.0519430
0.39 103 3 4067933.2233441 4290810.0000000 0.0519428
2.16 104 3 4067951.3099913 4290810.0000000 0.0519386
2.16 105 2 4067958.7762333 4290810.0000000 0.0519369
2.13 106 1 4067959.4374089 4290810.0000000 0.0519367
2.13 107 1 4067960.3265319 4290810.0000000 0.0519365
2.15 108 1 4067960.6589123 4290810.0000000 0.0519364
0.38 109 1 4067960.8913988 4290810.0000000 0.0519364
2.19 110 1 4067962.8150054 4290810.0000000 0.0519359
0.38 111 2 4067963.1152604 4290810.0000000 0.0519359
0.38 112 2 4067963.4109313 4290810.0000000 0.0519358
2.14 113 2 4067963.6324999 4290810.0000000 0.0519357
2.13 114 1 4067963.9352975 4290810.0000000 0.0519357
2.15 115 2 4067964.2916438 4290810.0000000 0.0519356
0.38 116 2 4067964.3514743 4290810.0000000 0.0519356
0.39 117 2 4067964.5608429 4290810.0000000 0.0519355
2.15 118 2 4067964.8313494 4290810.0000000 0.0519355
2.14 119 2 4067965.4592485 4290810.0000000 0.0519353
3.50 120 2 4067965.4592485 4290810.0000000 0.0519353
2.12 121 2 4067966.4845847 4290810.0000000 0.0519351
0.38 122 2 4067966.4845847 4290810.0000000 0.0519351
2.15 123 2 4067967.2551380 4290810.0000000 0.0519349
2.19 124 2 4067968.8003992 4290810.0000000 0.0519345
2.14 125 2 4067968.8582549 4290810.0000000 0.0519345
2.18 126 2 4067968.8582549 4290810.0000000 0.0519345
2.13 127 2 4067969.6585253 4290810.0000000 0.0519343
2.15 128 2 4067970.0363249 4290810.0000000 0.0519342
2.15 129 2 4067970.2146598 4290810.0000000 0.0519342
2.16 130 2 4067970.2456435 4290810.0000000 0.0519342
2.21 131 2 4068028.8958902 4290810.0000000 0.0519205
0.20 132 2 4068028.8958902 4290810.0000000 0.0519205
2.09 133 2 4068028.8958902 4290810.0000000 0.0519205
1.83 134 2 4068029.0361647 4290810.0000000 0.0519205
0.37 135 2 4068029.0361647 4290810.0000000 0.0519205
1.83 136 2 4068029.6369064 4290810.0000000 0.0519204
0.39 137 1 4068029.6369064 4290810.0000000 0.0519204
1.66 138 1 4068029.6369064 4290810.0000000 0.0519204
0.22 139 1 4068029.6369064 4290810.0000000 0.0519204
0.39 140 1 4068029.6369064 4290810.0000000 0.0519204
0.39 141 1 4068029.6369064 4290810.0000000 0.0519204
3.54 142 1 4068029.6369064 4290810.0000000 0.0519204
2.06 143 1 4068029.6369064 4290810.0000000 0.0519204
1.85 144 1 4068029.6369064 4290810.0000000 0.0519204
2.06 145 1 4068029.6369064 4290810.0000000 0.0519204
0.39 146 1 4068029.6369064 4290810.0000000 0.0519204
2.09 147 1 4068029.6369064 4290810.0000000 0.0519204
1.85 148 1 4068029.6369064 4290810.0000000 0.0519204
0.39 149 1 4068029.6369064 4290810.0000000 0.0519204
2.09 150 1 4068029.6369064 4290810.0000000 0.0519204
2.12 151 1 4068029.6369064 4290810.0000000 0.0519204
0.53 152 1 4068029.6369064 4290810.0000000 0.0519204
0.39 153 1 4068029.6369064 4290810.0000000 0.0519204
2.07 154 1 4068029.6369064 4290810.0000000 0.0519204
2.07 155 1 4068029.6369064 4290810.0000000 0.0519204
2.11 156 1 4068029.6369064 4290810.0000000 0.0519204
0.36 157 1 4068029.6369064 4290810.0000000 0.0519204
1.85 158 1 4068029.6369064 4290810.0000000 0.0519204
1.85 159 1 4068029.6369064 4290810.0000000 0.0519204
2.07 160 1 4068029.6369064 4290810.0000000 0.0519204
1.86 161 1 4068029.6369064 4290810.0000000 0.0519204
2.07 162 1 4068029.6369064 4290810.0000000 0.0519204
1.66 163 1 4068029.6369064 4290810.0000000 0.0519204
0.39 164 1 4068029.6369064 4290810.0000000 0.0519204
0.39 165 1 4068029.6369064 4290810.0000000 0.0519204
2.09 166 1 4068029.6369064 4290810.0000000 0.0519204
0.39 167 1 4068029.6369064 4290810.0000000 0.0519204
2.09 168 1 4068029.6369064 4290810.0000000 0.0519204
0.39 169 1 4068029.6369064 4290810.0000000 0.0519204
2.09 170 1 4068029.6369064 4290810.0000000 0.0519204
1.67 171 1 4068029.6369064 4290810.0000000 0.0519204
0.39 172 1 4068029.6369064 4290810.0000000 0.0519204
0.39 173 1 4068029.6369064 4290810.0000000 0.0519204
2.09 174 1 4068029.6369064 4290810.0000000 0.0519204
0.22 175 1 4068029.6369064 4290810.0000000 0.0519204
0.39 176 1 4068029.6369064 4290810.0000000 0.0519204
0.39 177 1 4068029.6369064 4290810.0000000 0.0519204
2.11 178 1 4068029.6369064 4290810.0000000 0.0519204
0.36 179 1 4068029.6369064 4290810.0000000 0.0519204
0.53 180 1 4068029.6369064 4290810.0000000 0.0519204
3.54 181 1 4068029.6369064 4290810.0000000 0.0519204
1.85 182 1 4068029.6369064 4290810.0000000 0.0519204
2.07 183 1 4068029.6369064 4290810.0000000 0.0519204
1.66 184 1 4068029.6369064 4290810.0000000 0.0519204
0.39 185 1 4068029.6369064 4290810.0000000 0.0519204
1.85 186 1 4068029.6369064 4290810.0000000 0.0519204
2.07 187 1 4068029.6369064 4290810.0000000 0.0519204
1.85 188 1 4068029.6369064 4290810.0000000 0.0519204
2.07 189 1 4068029.6369064 4290810.0000000 0.0519204
1.85 190 1 4068029.6369064 4290810.0000000 0.0519204
2.07 191 1 4068029.6369064 4290810.0000000 0.0519204
0.39 192 1 4068029.6369064 4290810.0000000 0.0519204
2.09 193 1 4068029.6369064 4290810.0000000 0.0519204
0.36 194 1 4068029.6369064 4290810.0000000 0.0519204
0.39 195 1 4068029.6369064 4290810.0000000 0.0519204
2.09 196 1 4068029.6369064 4290810.0000000 0.0519204
0.22 197 1 4068029.6369064 4290810.0000000 0.0519204
1.85 198 1 4068029.6369064 4290810.0000000 0.0519204
0.39 199 1 4068029.6369064 4290810.0000000 0.0519204
1.85 200 1 4068029.6369064 4290810.0000000 0.0519204
0.39 201 1 4068029.6369064 4290810.0000000 0.0519204
2.07 202 1 4068029.6369064 4290810.0000000 0.0519204
2.11 203 1 4068029.6369064 4290810.0000000 0.0519204
0.39 204 1 4068029.6369064 4290810.0000000 0.0519204
2.11 205 1 4068029.6369064 4290810.0000000 0.0519204
1.86 206 1 4068029.6369064 4290810.0000000 0.0519204
0.39 207 1 4068029.6369064 4290810.0000000 0.0519204
0.53 208 1 4068029.6369064 4290810.0000000 0.0519204
0.36 209 1 4068029.6369064 4290810.0000000 0.0519204
1.67 210 1 4068029.6369064 4290810.0000000 0.0519204
0.36 211 1 4068029.6369064 4290810.0000000 0.0519204
1.66 212 1 4068029.6369064 4290810.0000000 0.0519204
1.66 213 1 4068029.6369064 4290810.0000000 0.0519204
0.22 214 1 4068029.6369064 4290810.0000000 0.0519204
1.66 215 1 4068029.6369064 4290810.0000000 0.0519204
0.22 216 1 4068029.6369064 4290810.0000000 0.0519204
0.36 217 1 4068029.6369064 4290810.0000000 0.0519204
1.66 218 1 4068029.6369064 4290810.0000000 0.0519204
1.66 219 1 4068029.6369064 4290810.0000000 0.0519204
1.66 220 1 4068029.6369064 4290810.0000000 0.0519204
0.22 221 1 4068029.6369064 4290810.0000000 0.0519204
0.36 222 1 4068029.6369064 4290810.0000000 0.0519204
0.36 223 1 4068029.6369064 4290810.0000000 0.0519204
1.66 224 1 4068029.6369064 4290810.0000000 0.0519204
0.39 225 1 4068029.6369064 4290810.0000000 0.0519204
0.53 226 1 4068029.6369064 4290810.0000000 0.0519204
0.36 227 1 4068029.6369064 4290810.0000000 0.0519204
1.85 228 1 4068029.6369064 4290810.0000000 0.0519204
0.39 229 1 4068029.6369064 4290810.0000000 0.0519204
0.39 230 1 4068029.6369064 4290810.0000000 0.0519204
0.36 231 1 4068029.6369064 4290810.0000000 0.0519204
1.66 232 1 4068029.6369064 4290810.0000000 0.0519204
0.22 233 1 4068029.6369064 4290810.0000000 0.0519204
1.66 234 1 4068029.6369064 4290810.0000000 0.0519204
0.23 235 1 4068029.6369064 4290810.0000000 0.0519204
0.22 236 1 4068029.6369064 4290810.0000000 0.0519204
0.22 237 1 4068029.6369064 4290810.0000000 0.0519204
0.22 238 1 4068029.6369064 4290810.0000000 0.0519204
1.66 239 1 4068029.6369064 4290810.0000000 0.0519204
0.22 240 1 4068029.6369064 4290810.0000000 0.0519204
0.36 241 1 4068029.6369064 4290810.0000000 0.0519204
1.66 242 1 4068029.6369064 4290810.0000000 0.0519204
1.67 243 1 4068029.6369064 4290810.0000000 0.0519204
0.22 244 1 4068029.6369064 4290810.0000000 0.0519204
1.68 245 1 4068029.6369064 4290810.0000000 0.0519204
0.22 246 1 4068029.6369064 4290810.0000000 0.0519204
0.23 247 1 4068029.6369064 4290810.0000000 0.0519204
0.23 248 1 4068029.6369064 4290810.0000000 0.0519204
0.39 249 1 4068029.6369064 4290810.0000000 0.0519204
0.39 250 1 4068029.6369064 4290810.0000000 0.0519204
0.39 251 1 4068029.6369064 4290810.0000000 0.0519204
0.39 252 1 4068029.6369064 4290810.0000000 0.0519204
0.39 253 1 4068029.6369064 4290810.0000000 0.0519204
1.66 254 1 4068029.6369064 4290810.0000000 0.0519204
0.22 255 1 4068029.6369064 4290810.0000000 0.0519204
0.22 256 1 4068029.6369064 4290810.0000000 0.0519204
0.22 257 1 4068029.6369064 4290810.0000000 0.0519204
0.22 258 1 4068029.6369064 4290810.0000000 0.0519204
0.22 259 1 4068029.6369064 4290810.0000000 0.0519204
1.66 260 1 4068029.6369064 4290810.0000000 0.0519204
1.66 261 1 4068029.6369064 4290810.0000000 0.0519204
0.36 262 1 4068029.6369064 4290810.0000000 0.0519204
1.66 263 1 4068029.6369064 4290810.0000000 0.0519204
1.66 264 1 4068029.6369064 4290810.0000000 0.0519204
0.23 265 1 4068029.6369064 4290810.0000000 0.0519204
0.22 266 1 4068029.6369064 4290810.0000000 0.0519204
1.66 267 1 4068029.6369064 4290810.0000000 0.0519204
1.66 268 1 4068029.6369064 4290810.0000000 0.0519204
0.39 269 1 4068029.6369064 4290810.0000000 0.0519204
0.39 270 1 4068029.6369064 4290810.0000000 0.0519204
0.22 271 1 4068029.6369064 4290810.0000000 0.0519204
1.66 272 1 4068029.6369064 4290810.0000000 0.0519204
0.22 273 1 4068029.6369064 4290810.0000000 0.0519204
0.22 274 1 4068029.6369064 4290810.0000000 0.0519204
0.22 275 1 4068029.6369064 4290810.0000000 0.0519204
0.22 276 1 4068029.6369064 4290810.0000000 0.0519204
1.66 277 1 4068029.6369064 4290810.0000000 0.0519204
0.22 278 1 4068029.6369064 4290810.0000000 0.0519204
0.22 279 1 4068029.6369064 4290810.0000000 0.0519204
0.22 280 1 4068029.6369064 4290810.0000000 0.0519204
