3.39 0 0 138708.8731700 195013.0000000 0.2887199
0.23 1 48 138710.2794401 195013.0000000 0.2887127
0.25 2 47 138717.0090169 195013.0000000 0.2886781
0.26 3 49 138723.2141168 195013.0000000 0.2886463
0.28 4 52 138725.7619124 195013.0000000 0.2886333
0.28 5 53 138726.6543361 195013.0000000 0.2886287
0.29 6 48 138740.5472655 195013.0000000 0.2885574
0.29 7 50 138751.3738052 195013.0000000 0.2885019
0.30 8 45 138752.0122275 195013.0000000 0.2884987
0.30 9 46 138759.4195281 195013.0000000 0.2884607
0.30 10 47 138770.9960626 195013.0000000 0.2884013
0.30 11 44 138778.2852679 195013.0000000 0.2883639
0.30 12 48 138784.7116587 195013.0000000 0.2883310
0.31 13 44 138791.8872157 195013.0000000 0.2882942
0.31 14 42 138793.3143865 195013.0000000 0.2882869
0.32 15 39 138804.7513462 195013.0000000 0.2882282
0.30 16 40 138810.0421479 195013.0000000 0.2882011
0.32 17 40 138822.1365901 195013.0000000 0.2881391
0.30 18 44 138826.8916688 195013.0000000 0.2881147
0.31 19 39 138837.0662864 195013.0000000 0.2880625
0.30 20 36 138838.0310507 195013.0000000 0.2880576
0.33 21 35 138840.1994643 195013.0000000 0.2880464
0.33 22 35 138842.1063582 195013.0000000 0.2880367
0.33 23 33 138844.8011433 195013.0000000 0.2880228
0.32 24 36 138848.8563461 195013.0000000 0.2880020
0.32 25 35 138849.7316602 195013.0000000 0.2879976
0.35 26 34 138851.9393320 195013.0000000 0.2879862
0.32 27 34 138861.1735336 195013.0000000 0.2879389
0.33 28 36 138864.0172669 195013.0000000 0.2879243
0.34 29 35 138864.5679225 195013.0000000 0.2879215
0.32 30 37 138866.3053270 195013.0000000 0.2879126
0.34 31 38 138869.2384803 195013.0000000 0.2878975
0.34 32 38 138870.1117345 195013.0000000 0.2878931
0.34 33 38 138871.8161952 195013.0000000 0.2878843
0.37 34 35 138872.7456133 195013.0000000 0.2878795
0.35 35 35 138873.4774157 195013.0000000 0.2878758
0.35 36 37 138874.7812563 195013.0000000 0.2878691
0.38 37 35 138876.3539913 195013.0000000 0.2878610
0.37 38 34 138879.8047007 195013.0000000 0.2878434
0.36 39 38 138881.0882422 195013.0000000 0.2878368
0.38 40 35 138881.4831539 195013.0000000 0.2878347
0.36 41 36 138881.7670297 195013.0000000 0.2878333
0.37 42 34 138882.3112036 195013.0000000 0.2878305
0.37 43 34 138882.3876887 195013.0000000 0.2878301
0.37 44 35 138882.8862410 195013.0000000 0.2878275
0.36 45 35 138883.2190030 195013.0000000 0.2878258
0.36 46 36 138884.0218424 195013.0000000 0.2878217
0.37 47 34 138885.3014097 195013.0000000 0.2878152
0.37 48 37 138885.4133440 195013.0000000 0.2878146
0.35 49 34 138885.6739204 195013.0000000 0.2878133
0.36 50 34 138885.7696831 195013.0000000 0.2878128
0.37 51 35 138888.1928043 195013.0000000 0.2878003
0.37 52 30 138889.1524763 195013.0000000 0.2877954
0.38 53 34 138889.4803157 195013.0000000 0.2877937
0.36 54 32 138889.7717905 195013.0000000 0.2877922
0.38 55 34 138890.7463701 195013.0000000 0.2877872
0.38 56 30 138891.8109440 195013.0000000 0.2877818
0.40 57 35 138892.0407635 195013.0000000 0.2877806
0.39 58 33 138892.9418177 195013.0000000 0.2877760
0.39 59 31 138894.0633341 195013.0000000 0.2877702
0.40 60 31 138894.5375171 195013.0000000 0.2877678
0.39 61 35 138894.8558361 195013.0000000 0.2877662
0.39 62 32 138895.6722987 195013.0000000 0.2877620
0.41 63 33 138896.7180408 195013.0000000 0.2877566
0.38 64 35 138896.9983505 195013.0000000 0.2877552
0.40 65 34 138897.7002956 195013.0000000 0.2877516
0.39 66 34 138898.4743393 195013.0000000 0.2877476
0.40 67 31 138898.8552078 195013.0000000 0.2877457
0.40 68 32 138899.3645474 195013.0000000 0.2877431
0.39 69 32 138903.2082330 195013.0000000 0.2877233
0.39 70 37 138903.3033088 195013.0000000 0.2877229
0.41 71 37 138904.0586982 195013.0000000 0.2877190
0.38 72 32 138904.7519817 195013.0000000 0.2877154
0.41 73 33 138904.8271058 195013.0000000 0.2877150
0.42 74 32 138905.4324838 195013.0000000 0.2877119
0.41 75 36 138906.0687965 195013.0000000 0.2877087
0.43 76 34 138908.4903056 195013.0000000 0.2876963
0.41 77 35 138908.5835983 195013.0000000 0.2876958
0.41 78 32 138909.4385788 195013.0000000 0.2876914
0.42 79 31 138909.7022447 195013.0000000 0.2876900
0.43 80 30 138910.7153895 195013.0000000 0.2876848
0.41 81 34 138911.0395656 195013.0000000 0.2876832
0.44 82 30 138911.8574260 195013.0000000 0.2876790
0.42 83 35 138913.2238258 195013.0000000 0.2876720
0.43 84 31 138913.3366174 195013.0000000 0.2876714
0.44 85 30 138913.6865346 195013.0000000 0.2876696
0.44 86 29 138913.8815861 195013.0000000 0.2876686
0.44 87 30 138914.4013705 195013.0000000 0.2876659
0.41 88 27 138914.4381219 195013.0000000 0.2876658
0.43 89 28 138914.5015605 195013.0000000 0.2876654
0.44 90 27 138914.6613760 195013.0000000 0.2876646
0.44 91 29 138915.1503032 195013.0000000 0.2876621
0.42 92 29 138915.2605340 195013.0000000 0.2876615
0.41 93 29 138915.3515048 195013.0000000 0.2876611
0.45 94 32 138916.2387168 195013.0000000 0.2876565
0.41 95 29 138916.4938446 195013.0000000 0.2876552
0.43 96 29 138916.5600601 195013.0000000 0.2876549
0.44 97 29 138916.7210328 195013.0000000 0.2876540
0.45 98 27 138916.7621041 195013.0000000 0.2876538
0.44 99 31 138916.8622048 195013.0000000 0.2876533
0.45 100 28 138917.1418119 195013.0000000 0.2876519
0.43 101 27 138917.4244961 195013.0000000 0.2876504
0.44 102 28 138917.6474503 195013.0000000 0.2876493
0.45 103 28 138917.8083648 195013.0000000 0.2876485
0.47 104 28 138918.1430952 195013.0000000 0.2876468
0.44 105 25 138918.1831555 195013.0000000 0.2876466
0.46 106 26 138918.2298130 195013.0000000 0.2876463
0.46 107 27 138919.3978031 195013.0000000 0.2876403
0.46 108 28 138919.4962138 195013.0000000 0.2876398
0.49 109 28 138919.6391441 195013.0000000 0.2876391
0.48 110 28 138919.7330722 195013.0000000 0.2876386
0.49 111 27 138920.4445859 195013.0000000 0.2876350
0.45 112 29 138920.6182258 195013.0000000 0.2876341
0.44 113 27 138920.9158707 195013.0000000 0.2876325
0.49 114 29 138921.1230399 195013.0000000 0.2876315
0.49 115 27 138922.1950271 195013.0000000 0.2876260
0.46 116 28 138922.3573050 195013.0000000 0.2876251
0.49 117 28 138922.5523293 195013.0000000 0.2876241
0.48 118 28 138922.7798062 195013.0000000 0.2876230
0.49 119 26 138923.5680676 195013.0000000 0.2876189
0.48 120 26 138925.1077477 195013.0000000 0.2876110
0.45 121 26 138925.3117447 195013.0000000 0.2876100
0.47 122 27 138925.4077299 195013.0000000 0.2876095
0.46 123 27 138925.4627659 195013.0000000 0.2876092
0.49 124 27 138925.7504088 195013.0000000 0.2876077
0.47 125 25 138926.0975006 195013.0000000 0.2876060
0.48 126 28 138926.1617380 195013.0000000 0.2876056
0.50 127 29 138926.4828920 195013.0000000 0.2876040
0.50 128 28 138926.7828416 195013.0000000 0.2876025
0.48 129 30 138926.9456910 195013.0000000 0.2876016
0.49 130 30 138927.1395360 195013.0000000 0.2876006
0.49 131 29 138927.3298963 195013.0000000 0.2875996
0.49 132 31 138927.6020457 195013.0000000 0.2875983
0.52 133 31 138927.8893857 195013.0000000 0.2875968
0.51 134 31 138928.0899902 195013.0000000 0.2875958
0.51 135 32 138928.3454627 195013.0000000 0.2875944
0.51 136 32 138928.4393693 195013.0000000 0.2875940
0.53 137 33 138928.7234131 195013.0000000 0.2875925
0.52 138 31 138928.9743391 195013.0000000 0.2875912
0.51 139 33 138929.1322474 195013.0000000 0.2875904
0.52 140 33 138929.2892733 195013.0000000 0.2875896
0.53 141 33 138929.7940304 195013.0000000 0.2875870
0.51 142 36 138929.9519837 195013.0000000 0.2875862
0.55 143 31 138930.2724753 195013.0000000 0.2875846
0.55 144 31 138930.6513619 195013.0000000 0.2875826
0.52 145 32 138933.5571392 195013.0000000 0.2875677
0.50 146 31 138934.0358816 195013.0000000 0.2875653
0.53 147 31 138934.5667686 195013.0000000 0.2875625
0.52 148 29 138935.1651141 195013.0000000 0.2875595
0.52 149 30 138935.5765627 195013.0000000 0.2875574
0.51 150 29 138936.5269739 195013.0000000 0.2875525
0.51 151 25 138936.9900127 195013.0000000 0.2875501
0.51 152 25 138937.3534638 195013.0000000 0.2875482
0.48 153 25 138938.3907558 195013.0000000 0.2875429
0.49 154 28 138938.7675319 195013.0000000 0.2875410
0.48 155 28 138938.9320679 195013.0000000 0.2875402
0.49 156 25 138939.1932673 195013.0000000 0.2875388
0.51 157 23 138939.8253343 195013.0000000 0.2875356
0.51 158 24 138940.3061718 195013.0000000 0.2875331
0.51 159 25 138940.6240870 195013.0000000 0.2875315
0.50 160 24 138940.8028096 195013.0000000 0.2875306
0.52 161 22 138941.2427795 195013.0000000 0.2875283
0.53 162 24 138941.7457968 195013.0000000 0.2875257
0.54 163 30 138943.0577822 195013.0000000 0.2875190
0.52 164 27 138943.1697552 195013.0000000 0.2875184
0.54 165 26 138943.3498734 195013.0000000 0.2875175
0.51 166 25 138943.6733964 195013.0000000 0.2875158
0.54 167 28 138943.8686736 195013.0000000 0.2875148
0.54 168 29 138944.3058891 195013.0000000 0.2875126
0.56 169 24 138944.8169336 195013.0000000 0.2875100
0.56 170 25 138945.2193223 195013.0000000 0.2875079
0.53 171 25 138945.2878801 195013.0000000 0.2875076
0.54 172 27 138945.3837836 195013.0000000 0.2875071
0.55 173 28 138946.0183127 195013.0000000 0.2875038
0.53 174 24 138946.2310812 195013.0000000 0.2875027
0.52 175 23 138946.2807208 195013.0000000 0.2875025
0.52 176 23 138946.4831742 195013.0000000 0.2875014
0.55 177 26 138947.4188521 195013.0000000 0.2874966
0.57 178 23 138947.9164999 195013.0000000 0.2874941
0.55 179 22 138948.0113882 195013.0000000 0.2874936
0.55 180 21 138948.0708955 195013.0000000 0.2874933
0.54 181 24 138948.1080987 195013.0000000 0.2874931
0.54 182 25 138948.1743412 195013.0000000 0.2874928
0.57 183 24 138948.3641480 195013.0000000 0.2874918
0.58 184 23 138948.4469813 195013.0000000 0.2874914
0.57 185 26 138948.7512501 195013.0000000 0.2874898
0.56 186 27 138948.9089484 195013.0000000 0.2874890
0.58 187 28 138949.2476671 195013.0000000 0.2874873
0.59 188 28 138949.8349318 195013.0000000 0.2874842
0.59 189 24 138950.0083135 195013.0000000 0.2874834
0.57 190 27 138950.4049663 195013.0000000 0.2874813
0.55 191 24 138950.5609853 195013.0000000 0.2874805
0.56 192 26 138951.0357816 195013.0000000 0.2874781
0.55 193 26 138951.3876675 195013.0000000 0.2874763
0.54 194 25 138951.7402041 195013.0000000 0.2874745
0.57 195 27 138951.7573801 195013.0000000 0.2874744
0.56 196 25 138952.1963518 195013.0000000 0.2874721
0.59 197 24 138952.5411175 195013.0000000 0.2874704
0.58 198 22 138952.7733251 195013.0000000 0.2874692
0.58 199 24 138953.0447664 195013.0000000 0.2874678
0.55 200 23 138953.1542307 195013.0000000 0.2874672
0.57 201 22 138953.5988774 195013.0000000 0.2874649
0.59 202 23 138953.9916025 195013.0000000 0.2874629
0.62 203 24 138954.3865040 195013.0000000 0.2874609
0.55 204 20 138954.5737596 195013.0000000 0.2874599
0.53 205 24 138954.6088137 195013.0000000 0.2874598
0.55 206 20 138954.8714307 195013.0000000 0.2874584
0.55 207 23 138954.8717337 195013.0000000 0.2874584
0.55 208 23 138954.8721117 195013.0000000 0.2874584
0.56 209 23 138955.0452662 195013.0000000 0.2874575
0.58 210 26 138955.1404484 195013.0000000 0.2874570
0.57 211 25 138955.1404484 195013.0000000 0.2874570
0.59 212 25 138955.1404484 195013.0000000 0.2874570
0.61 213 25 138955.3100794 195013.0000000 0.2874562
0.60 214 26 138955.3467019 195013.0000000 0.2874560
0.58 215 26 138955.4155859 195013.0000000 0.2874556
0.60 216 25 138955.4155859 195013.0000000 0.2874556
0.61 217 24 138955.5403769 195013.0000000 0.2874550
0.62 218 19 138955.7716204 195013.0000000 0.2874538
0.58 219 20 138955.7716204 195013.0000000 0.2874538
0.58 220 20 138955.7716643 195013.0000000 0.2874538
0.59 221 20 138955.7716643 195013.0000000 0.2874538
0.59 222 20 138955.8065527 195013.0000000 0.2874536
0.60 223 20 138955.8939492 195013.0000000 0.2874532
0.59 224 21 138955.9721852 195013.0000000 0.2874528
0.61 225 19 138956.0508933 195013.0000000 0.2874524
0.59 226 21 138956.0898273 195013.0000000 0.2874522
0.60 227 21 138956.2249298 195013.0000000 0.2874515
0.56 228 21 138956.2825224 195013.0000000 0.2874512
0.57 229 20 138956.2825224 195013.0000000 0.2874512
0.57 230 20 138956.3455159 195013.0000000 0.2874509
0.61 231 20 138956.3463325 195013.0000000 0.2874509
0.59 232 19 138956.3965912 195013.0000000 0.2874506
0.60 233 22 138956.4716995 195013.0000000 0.2874502
0.62 234 19 138956.5081092 195013.0000000 0.2874500
0.61 235 19 138956.7279673 195013.0000000 0.2874489
0.61 236 20 138956.8388627 195013.0000000 0.2874483
0.62 237 21 138956.8388627 195013.0000000 0.2874483
0.61 238 20 138956.8815121 195013.0000000 0.2874481
0.63 239 20 138956.9156480 195013.0000000 0.2874479
0.62 240 22 138957.0078636 195013.0000000 0.2874475
0.66 241 20 138957.1715587 195013.0000000 0.2874466
0.58 242 22 138957.2001744 195013.0000000 0.2874465
0.59 243 22 138957.2001744 195013.0000000 0.2874465
0.62 244 21 138957.2825332 195013.0000000 0.2874461
0.62 245 18 138957.2825332 195013.0000000 0.2874461
0.62 246 18 138957.3231110 195013.0000000 0.2874458
0.63 247 20 138957.3444487 195013.0000000 0.2874457
0.64 248 18 138957.3449960 195013.0000000 0.2874457
0.64 249 19 138957.5155274 195013.0000000 0.2874449
0.62 250 19 138957.6289655 195013.0000000 0.2874443
0.63 251 19 138957.6831493 195013.0000000 0.2874440
0.64 252 20 138957.7600356 195013.0000000 0.2874436
0.63 253 21 138957.7818045 195013.0000000 0.2874435
0.63 254 21 138957.8166352 195013.0000000 0.2874433
0.63 255 19 138957.8702270 195013.0000000 0.2874430
0.61 256 18 138957.8931335 195013.0000000 0.2874429
