3.84 0 0 134531.0214284 190995.0000000 0.2956307
0.23 1 60 134534.9672293 190995.0000000 0.2956100
0.26 2 55 134538.5990543 190995.0000000 0.2955910
0.27 3 51 134541.3654129 190995.0000000 0.2955765
0.29 4 49 134546.4953330 190995.0000000 0.2955496
0.30 5 47 134556.5351980 190995.0000000 0.2954971
0.29 6 47 134560.0876143 190995.0000000 0.2954785
0.31 7 46 134573.3433611 190995.0000000 0.2954091
0.31 8 50 134577.6780279 190995.0000000 0.2953864
0.31 9 50 134579.4132688 190995.0000000 0.2953773
0.31 10 51 134579.7760318 190995.0000000 0.2953754
0.33 11 50 134582.4170671 190995.0000000 0.2953616
0.36 12 47 134586.5168798 190995.0000000 0.2953401
0.34 13 47 134588.5877017 190995.0000000 0.2953293
0.33 14 47 134593.1714312 190995.0000000 0.2953053
0.35 15 48 134593.5148018 190995.0000000 0.2953035
0.37 16 48 134599.4556619 190995.0000000 0.2952724
0.37 17 45 134601.7847524 190995.0000000 0.2952602
0.37 18 39 134602.9246017 190995.0000000 0.2952542
0.37 19 43 134607.2016795 190995.0000000 0.2952318
0.37 20 47 134612.9077202 190995.0000000 0.2952019
0.37 21 45 134620.1395347 190995.0000000 0.2951641
0.36 22 49 134627.6139177 190995.0000000 0.2951249
0.38 23 49 134630.8410330 190995.0000000 0.2951080
0.38 24 45 134637.7247117 190995.0000000 0.2950720
0.43 25 47 134644.0079482 190995.0000000 0.2950391
0.40 26 49 134647.1129790 190995.0000000 0.2950228
0.44 27 44 134649.7915179 190995.0000000 0.2950088
0.42 28 45 134652.2685990 190995.0000000 0.2949958
0.42 29 47 134655.1658211 190995.0000000 0.2949807
0.44 30 48 134658.7956590 190995.0000000 0.2949617
0.42 31 46 134659.8888158 190995.0000000 0.2949559
0.46 32 48 134665.3778658 190995.0000000 0.2949272
0.45 33 48 134666.5376753 190995.0000000 0.2949211
0.44 34 41 134667.9963106 190995.0000000 0.2949135
0.47 35 45 134671.9287421 190995.0000000 0.2948929
0.45 36 44 134674.0331481 190995.0000000 0.2948819
0.44 37 47 134677.7451430 190995.0000000 0.2948625
0.49 38 46 134682.1458358 190995.0000000 0.2948394
0.49 39 45 134684.1483789 190995.0000000 0.2948289
0.54 40 47 134690.0155433 190995.0000000 0.2947982
0.48 41 45 134691.1300533 190995.0000000 0.2947924
0.49 42 41 134693.4694188 190995.0000000 0.2947801
0.52 43 42 134697.6547146 190995.0000000 0.2947582
0.51 44 43 134700.2804304 190995.0000000 0.2947445
0.53 45 45 134702.7129368 190995.0000000 0.2947317
0.52 46 41 134705.3414027 190995.0000000 0.2947180
0.51 47 43 134707.0688738 190995.0000000 0.2947089
0.55 48 42 134709.4257324 190995.0000000 0.2946966
0.54 49 41 134711.3831568 190995.0000000 0.2946863
0.52 50 45 134713.1697326 190995.0000000 0.2946770
0.54 51 43 134714.0400072 190995.0000000 0.2946724
0.59 52 36 134716.3819829 190995.0000000 0.2946602
0.61 53 34 134718.4609253 190995.0000000 0.2946493
0.64 54 40 134721.9746030 190995.0000000 0.2946309
0.58 55 39 134724.6968144 190995.0000000 0.2946166
0.60 56 37 134726.4019864 190995.0000000 0.2946077
0.60 57 37 134730.8353259 190995.0000000 0.2945845
0.61 58 43 134733.8446706 190995.0000000 0.2945687
0.66 59 39 134736.6426675 190995.0000000 0.2945541
0.63 60 41 134740.8356026 190995.0000000 0.2945321
0.60 61 38 134744.8697012 190995.0000000 0.2945110
0.61 62 35 134746.9101020 190995.0000000 0.2945003
0.69 63 35 134749.1188471 190995.0000000 0.2944888
0.68 64 36 134751.9163351 190995.0000000 0.2944741
0.68 65 33 134753.8631988 190995.0000000 0.2944639
0.65 66 37 134757.5270640 190995.0000000 0.2944447
0.62 67 34 134761.7897765 190995.0000000 0.2944224
0.64 68 31 134762.5561486 190995.0000000 0.2944184
0.73 69 34 134764.9486630 190995.0000000 0.2944059
0.69 70 32 134767.7166096 190995.0000000 0.2943914
0.69 71 35 134772.1209824 190995.0000000 0.2943683
0.70 72 36 134774.5324683 190995.0000000 0.2943557
0.70 73 31 134777.9629276 190995.0000000 0.2943377
0.72 74 39 134782.3004949 190995.0000000 0.2943150
0.70 75 34 134785.7830113 190995.0000000 0.2942968
0.76 76 34 134790.1558249 190995.0000000 0.2942739
0.65 77 36 134791.8718088 190995.0000000 0.2942649
0.70 78 32 134795.4759151 190995.0000000 0.2942460
0.71 79 34 134797.9685074 190995.0000000 0.2942330
0.73 80 33 134800.8887534 190995.0000000 0.2942177
0.72 81 32 134802.0707209 190995.0000000 0.2942115
0.73 82 37 134804.9161221 190995.0000000 0.2941966
0.71 83 33 134807.7493736 190995.0000000 0.2941818
0.74 84 33 134810.2652772 190995.0000000 0.2941686
0.77 85 33 134812.8572430 190995.0000000 0.2941550
0.83 86 34 134815.8322438 190995.0000000 0.2941395
0.77 87 36 134817.6366716 190995.0000000 0.2941300
0.73 88 38 134818.8821084 190995.0000000 0.2941235
0.77 89 36 134820.4576555 190995.0000000 0.2941153
0.82 90 38 134823.0701482 190995.0000000 0.2941016
0.84 91 37 134825.0015769 190995.0000000 0.2940915
0.85 92 35 134827.1417802 190995.0000000 0.2940803
0.76 93 39 134829.2355968 190995.0000000 0.2940693
0.80 94 38 134830.5812905 190995.0000000 0.2940622
0.84 95 36 134831.8533789 190995.0000000 0.2940556
0.84 96 37 134833.1849931 190995.0000000 0.2940486
0.84 97 35 134834.7261863 190995.0000000 0.2940405
0.76 98 39 134835.8775639 190995.0000000 0.2940345
0.84 99 42 134837.0012856 190995.0000000 0.2940286
0.89 100 39 134838.6139865 190995.0000000 0.2940202
0.90 101 42 134840.4022484 190995.0000000 0.2940108
0.86 102 36 134841.7501697 190995.0000000 0.2940038
0.83 103 32 134843.2187881 190995.0000000 0.2939961
0.96 104 34 134844.6737454 190995.0000000 0.2939885
0.95 105 30 134845.9130688 190995.0000000 0.2939820
0.98 106 37 134847.6937734 190995.0000000 0.2939726
0.96 107 35 134849.7344099 190995.0000000 0.2939620
1.11 108 36 134851.7204765 190995.0000000 0.2939516
0.94 109 36 134853.0840970 190995.0000000 0.2939444
0.97 110 36 134853.9175164 190995.0000000 0.2939401
0.98 111 34 134855.9059980 190995.0000000 0.2939297
0.92 112 40 134857.7552689 190995.0000000 0.2939200
0.93 113 35 134859.5553870 190995.0000000 0.2939105
0.98 114 38 134861.0788140 190995.0000000 0.2939026
1.01 115 38 134862.0307697 190995.0000000 0.2938976
1.02 116 38 134864.1780657 190995.0000000 0.2938863
0.99 117 42 134865.7492549 190995.0000000 0.2938781
1.13 118 37 134867.4984456 190995.0000000 0.2938690
1.21 119 38 134871.6855152 190995.0000000 0.2938470
1.00 120 40 134873.5332407 190995.0000000 0.2938374
