3.11 0 0 126334.4677642 166999.0000000 0.2435017
0.22 1 41 126334.4677642 166999.0000000 0.2435017
0.25 2 41 126339.7803976 166999.0000000 0.2434698
0.25 3 40 126342.5794845 166999.0000000 0.2434531
0.27 4 41 126351.1128811 166999.0000000 0.2434020
0.27 5 39 126353.6442024 166999.0000000 0.2433868
0.28 6 41 126353.6633618 166999.0000000 0.2433867
0.27 7 41 126353.7961471 166999.0000000 0.2433859
0.29 8 41 126358.2562469 166999.0000000 0.2433592
0.29 9 37 126370.7214718 166999.0000000 0.2432846
0.28 10 40 126370.9503001 166999.0000000 0.2432832
0.28 11 40 126370.9503001 166999.0000000 0.2432832
0.29 12 40 126372.3091449 166999.0000000 0.2432751
0.29 13 43 126372.3091449 166999.0000000 0.2432751
0.30 14 43 126372.3091449 166999.0000000 0.2432751
0.29 15 42 126372.3091449 166999.0000000 0.2432751
0.31 16 43 126372.3091449 166999.0000000 0.2432751
0.30 17 43 126372.3091449 166999.0000000 0.2432751
0.30 18 42 126372.3091449 166999.0000000 0.2432751
0.30 19 42 126372.3091449 166999.0000000 0.2432751
0.32 20 43 126372.3091449 166999.0000000 0.2432751
0.32 21 42 126372.3099236 166999.0000000 0.2432751
0.32 22 42 126372.3419388 166999.0000000 0.2432749
0.31 23 43 126372.3526744 166999.0000000 0.2432748
0.33 24 44 126372.4677066 166999.0000000 0.2432741
0.33 25 43 126374.7857729 166999.0000000 0.2432602
0.35 26 43 126376.0279460 166999.0000000 0.2432528
0.33 27 42 126376.0541067 166999.0000000 0.2432526
0.33 28 43 126376.1316841 166999.0000000 0.2432522
0.34 29 43 126376.1555251 166999.0000000 0.2432520
0.35 30 44 126376.2723262 166999.0000000 0.2432513
0.35 31 43 126377.3906664 166999.0000000 0.2432446
0.33 32 37 126378.7067697 166999.0000000 0.2432367
0.34 33 40 126379.9995903 166999.0000000 0.2432290
0.34 34 39 126380.1496808 166999.0000000 0.2432281
0.34 35 41 126380.3580078 166999.0000000 0.2432269
0.33 36 42 126381.4435616 166999.0000000 0.2432204
0.32 37 42 126381.4684499 166999.0000000 0.2432202
0.34 38 41 126381.7545782 166999.0000000 0.2432185
0.35 39 42 126381.8634986 166999.0000000 0.2432178
0.34 40 41 126381.9805170 166999.0000000 0.2432171
0.34 41 39 126382.1295697 166999.0000000 0.2432162
0.36 42 40 126382.3118676 166999.0000000 0.2432152
0.37 43 40 126385.7678469 166999.0000000 0.2431945
0.35 44 41 126386.2157312 166999.0000000 0.2431918
0.35 45 39 126386.7139797 166999.0000000 0.2431888
0.36 46 41 126387.2115354 166999.0000000 0.2431858
0.39 47 39 126387.8063895 166999.0000000 0.2431823
0.37 48 41 126387.8523022 166999.0000000 0.2431820
0.37 49 42 126388.3043104 166999.0000000 0.2431793
0.39 50 41 126388.8276854 166999.0000000 0.2431761
0.38 51 39 126389.3491889 166999.0000000 0.2431730
0.39 52 37 126389.7804448 166999.0000000 0.2431704
0.38 53 36 126390.4175114 166999.0000000 0.2431666
0.39 54 37 126390.9122349 166999.0000000 0.2431637
0.40 55 36 126391.9140341 166999.0000000 0.2431577
0.40 56 38 126392.0823533 166999.0000000 0.2431567
0.40 57 37 126392.3895178 166999.0000000 0.2431548
0.41 58 37 126392.9612699 166999.0000000 0.2431514
0.39 59 39 126393.4554516 166999.0000000 0.2431484
0.40 60 37 126393.7749318 166999.0000000 0.2431465
0.42 61 37 126395.1417392 166999.0000000 0.2431383
0.37 62 39 126395.3938486 166999.0000000 0.2431368
0.39 63 41 126396.3922795 166999.0000000 0.2431308
0.39 64 40 126397.1086457 166999.0000000 0.2431266
0.37 65 40 126397.8770097 166999.0000000 0.2431220
0.37 66 38 126397.9951265 166999.0000000 0.2431212
0.40 67 37 126398.6818928 166999.0000000 0.2431171
0.38 68 34 126398.6899107 166999.0000000 0.2431171
0.38 69 36 126398.9136996 166999.0000000 0.2431157
0.38 70 34 126398.9873079 166999.0000000 0.2431153
0.40 71 34 126399.3185914 166999.0000000 0.2431133
0.42 72 34 126399.9429489 166999.0000000 0.2431096
0.40 73 34 126400.0693786 166999.0000000 0.2431088
0.42 74 34 126400.4486884 166999.0000000 0.2431066
0.41 75 34 126400.9236381 166999.0000000 0.2431037
0.41 76 37 126401.1906533 166999.0000000 0.2431021
0.41 77 34 126401.2424476 166999.0000000 0.2431018
0.42 78 35 126401.6671422 166999.0000000 0.2430993
0.41 79 34 126401.7539587 166999.0000000 0.2430987
0.42 80 36 126402.3373899 166999.0000000 0.2430952
0.43 81 32 126402.3618938 166999.0000000 0.2430951
0.42 82 33 126402.8659938 166999.0000000 0.2430921
0.44 83 30 126403.0164209 166999.0000000 0.2430912
0.45 84 30 126403.3718355 166999.0000000 0.2430890
0.45 85 30 126403.9361762 166999.0000000 0.2430857
0.42 86 31 126404.5657586 166999.0000000 0.2430819
0.42 87 30 126404.6444861 166999.0000000 0.2430814
0.44 88 30 126404.8514168 166999.0000000 0.2430802
0.43 89 29 126404.9922159 166999.0000000 0.2430793
0.44 90 29 126406.0183924 166999.0000000 0.2430732
0.41 91 28 126406.1945640 166999.0000000 0.2430721
0.44 92 29 126406.3082237 166999.0000000 0.2430715
0.41 93 28 126406.5555759 166999.0000000 0.2430700
0.43 94 27 126407.1826797 166999.0000000 0.2430662
0.42 95 29 126407.3402688 166999.0000000 0.2430653
0.43 96 29 126408.0279406 166999.0000000 0.2430612
0.43 97 30 126409.0533878 166999.0000000 0.2430550
0.41 98 31 126409.2370639 166999.0000000 0.2430539
0.43 99 30 126409.7600606 166999.0000000 0.2430508
0.40 100 32 126409.7929926 166999.0000000 0.2430506
0.43 101 33 126409.8483305 166999.0000000 0.2430503
0.45 102 33 126410.2126119 166999.0000000 0.2430481
0.44 103 33 126410.3308546 166999.0000000 0.2430474
0.45 104 31 126410.4500730 166999.0000000 0.2430467
0.45 105 31 126410.6512397 166999.0000000 0.2430455
0.54 106 32 126411.4110053 166999.0000000 0.2430409
0.49 107 28 126412.1596910 166999.0000000 0.2430364
0.49 108 30 126413.4377443 166999.0000000 0.2430288
0.44 109 35 126414.0115220 166999.0000000 0.2430253
0.44 110 35 126414.0921402 166999.0000000 0.2430249
0.45 111 35 126414.2930366 166999.0000000 0.2430237
0.46 112 34 126414.3576463 166999.0000000 0.2430233
0.46 113 33 126414.6793943 166999.0000000 0.2430213
0.43 114 32 126414.7769135 166999.0000000 0.2430208
0.45 115 33 126414.9208989 166999.0000000 0.2430199
0.41 116 29 126414.9785990 166999.0000000 0.2430195
0.45 117 33 126415.0653426 166999.0000000 0.2430190
0.43 118 29 126415.2565223 166999.0000000 0.2430179
0.47 119 29 126415.3142491 166999.0000000 0.2430175
0.47 120 31 126415.5059086 166999.0000000 0.2430164
0.46 121 30 126415.7369143 166999.0000000 0.2430150
0.47 122 30 126415.7631355 166999.0000000 0.2430148
0.44 123 30 126416.0585694 166999.0000000 0.2430131
0.46 124 31 126416.3917532 166999.0000000 0.2430111
0.45 125 29 126417.2110971 166999.0000000 0.2430062
0.45 126 28 126417.2377880 166999.0000000 0.2430060
0.46 127 27 126417.3891202 166999.0000000 0.2430051
0.47 128 29 126417.5965684 166999.0000000 0.2430039
0.46 129 30 126417.7892784 166999.0000000 0.2430027
0.47 130 30 126417.8856550 166999.0000000 0.2430021
0.47 131 29 126418.0060011 166999.0000000 0.2430014
0.47 132 30 126418.0287777 166999.0000000 0.2430013
0.49 133 30 126418.1116583 166999.0000000 0.2430008
0.49 134 30 126418.1436632 166999.0000000 0.2430006
0.49 135 31 126418.2780047 166999.0000000 0.2429998
0.47 136 31 126418.5696050 166999.0000000 0.2429980
0.49 137 29 126418.7689281 166999.0000000 0.2429969
0.45 138 31 126419.0928360 166999.0000000 0.2429949
0.47 139 29 126419.1915801 166999.0000000 0.2429943
0.48 140 27 126419.2188976 166999.0000000 0.2429942
0.49 141 27 126419.3207498 166999.0000000 0.2429935
0.51 142 29 126419.5419681 166999.0000000 0.2429922
0.50 143 32 126419.6653193 166999.0000000 0.2429915
0.49 144 29 126420.0558281 166999.0000000 0.2429891
0.52 145 26 126420.3292491 166999.0000000 0.2429875
0.52 146 27 126420.4295025 166999.0000000 0.2429869
0.52 147 28 126420.5576832 166999.0000000 0.2429861
0.50 148 29 126420.8330509 166999.0000000 0.2429845
0.49 149 28 126420.9262435 166999.0000000 0.2429839
0.52 150 27 126421.0280743 166999.0000000 0.2429833
0.50 151 31 126421.1909395 166999.0000000 0.2429823
0.52 152 30 126421.2442238 166999.0000000 0.2429820
0.54 153 29 126421.5794079 166999.0000000 0.2429800
0.50 154 30 126422.7916382 166999.0000000 0.2429728
0.52 155 26 126422.9600324 166999.0000000 0.2429718
0.53 156 25 126423.1030577 166999.0000000 0.2429709
0.54 157 26 126423.1325465 166999.0000000 0.2429707
0.57 158 27 126423.2587796 166999.0000000 0.2429700
0.55 159 26 126423.5661724 166999.0000000 0.2429681
0.54 160 26 126423.6393956 166999.0000000 0.2429677
0.56 161 28 126423.7536254 166999.0000000 0.2429670
0.54 162 31 126423.8525785 166999.0000000 0.2429664
0.56 163 28 126424.2584359 166999.0000000 0.2429640
0.53 164 29 126424.3885903 166999.0000000 0.2429632
0.54 165 29 126424.6566041 166999.0000000 0.2429616
0.53 166 22 126424.7903064 166999.0000000 0.2429608
0.53 167 27 126425.0023703 166999.0000000 0.2429595
0.51 168 28 126425.2677553 166999.0000000 0.2429579
0.53 169 30 126425.3609339 166999.0000000 0.2429574
0.52 170 28 126425.5529420 166999.0000000 0.2429562
0.52 171 29 126425.6041755 166999.0000000 0.2429559
0.53 172 29 126425.9007843 166999.0000000 0.2429541
0.51 173 29 126426.0934168 166999.0000000 0.2429530
0.52 174 30 126426.4361171 166999.0000000 0.2429509
0.53 175 29 126426.5008984 166999.0000000 0.2429506
0.53 176 28 126426.7029931 166999.0000000 0.2429493
0.53 177 29 126427.1872502 166999.0000000 0.2429464
0.57 178 30 126427.5087851 166999.0000000 0.2429445
0.55 179 29 126427.8617367 166999.0000000 0.2429424
0.55 180 34 126427.9574026 166999.0000000 0.2429418
0.55 181 30 126428.2267557 166999.0000000 0.2429402
0.54 182 30 126428.4189723 166999.0000000 0.2429391
0.55 183 30 126428.7703506 166999.0000000 0.2429370
0.56 184 28 126429.0600504 166999.0000000 0.2429352
0.54 185 30 126430.7108741 166999.0000000 0.2429253
0.54 186 26 126430.9174901 166999.0000000 0.2429241
0.53 187 27 126431.0755094 166999.0000000 0.2429232
0.55 188 27 126431.1842972 166999.0000000 0.2429225
0.56 189 26 126431.2731255 166999.0000000 0.2429220
0.58 190 28 126431.4386914 166999.0000000 0.2429210
0.57 191 24 126431.7839900 166999.0000000 0.2429189
0.56 192 25 126431.8439509 166999.0000000 0.2429186
0.55 193 26 126432.0585383 166999.0000000 0.2429173
0.58 194 24 126432.3494632 166999.0000000 0.2429155
0.59 195 29 126432.5189191 166999.0000000 0.2429145
0.56 196 27 126432.8183137 166999.0000000 0.2429127
0.54 197 27 126433.0547787 166999.0000000 0.2429113
0.52 198 27 126433.2430117 166999.0000000 0.2429102
0.53 199 27 126433.6569621 166999.0000000 0.2429077
0.55 200 28 126433.8268099 166999.0000000 0.2429067
0.53 201 27 126433.9728728 166999.0000000 0.2429058
0.54 202 27 126434.1668339 166999.0000000 0.2429046
0.57 203 27 126434.1969371 166999.0000000 0.2429045
0.54 204 29 126435.2145694 166999.0000000 0.2428984
0.54 205 25 126435.5757743 166999.0000000 0.2428962
0.54 206 24 126435.6603516 166999.0000000 0.2428957
0.54 207 24 126435.7534404 166999.0000000 0.2428951
0.55 208 24 126435.9532966 166999.0000000 0.2428939
0.56 209 24 126436.0120124 166999.0000000 0.2428936
0.54 210 24 126436.3488009 166999.0000000 0.2428916
0.56 211 22 126436.4217503 166999.0000000 0.2428911
0.58 212 23 126436.7302482 166999.0000000 0.2428893
0.56 213 19 126436.7654718 166999.0000000 0.2428891
0.56 214 23 126436.8680395 166999.0000000 0.2428885
0.55 215 21 126436.8993762 166999.0000000 0.2428883
0.54 216 21 126436.9471711 166999.0000000 0.2428880
0.57 217 23 126437.0178275 166999.0000000 0.2428876
0.53 218 22 126437.1127144 166999.0000000 0.2428870
0.55 219 20 126437.1795516 166999.0000000 0.2428866
0.58 220 22 126437.2812598 166999.0000000 0.2428860
0.57 221 20 126437.4580787 166999.0000000 0.2428849
0.59 222 20 126437.4993967 166999.0000000 0.2428847
0.57 223 22 126437.6028734 166999.0000000 0.2428841
0.56 224 22 126437.6560279 166999.0000000 0.2428838
0.56 225 22 126437.7174219 166999.0000000 0.2428834
0.55 226 23 126437.8051858 166999.0000000 0.2428829
0.56 227 21 126438.0953837 166999.0000000 0.2428811
0.58 228 24 126438.2249152 166999.0000000 0.2428803
0.58 229 26 126438.2920912 166999.0000000 0.2428799
0.56 230 25 126438.4747458 166999.0000000 0.2428789
0.56 231 22 126438.5256448 166999.0000000 0.2428785
0.58 232 20 126438.5867236 166999.0000000 0.2428782
0.57 233 21 126438.7207520 166999.0000000 0.2428774
0.57 234 22 126438.8329680 166999.0000000 0.2428767
0.57 235 18 126438.9353687 166999.0000000 0.2428761
0.58 236 21 126438.9718682 166999.0000000 0.2428759
0.60 237 26 126439.1505786 166999.0000000 0.2428748
0.57 238 23 126439.1837718 166999.0000000 0.2428746
0.58 239 23 126439.3230437 166999.0000000 0.2428738
0.56 240 24 126439.4961418 166999.0000000 0.2428727
0.59 241 20 126439.7228445 166999.0000000 0.2428714
0.61 242 25 126439.8997633 166999.0000000 0.2428703
0.56 243 25 126439.9592292 166999.0000000 0.2428700
0.57 244 24 126440.0955127 166999.0000000 0.2428691
0.57 245 22 126440.1494581 166999.0000000 0.2428688
0.57 246 20 126440.2674113 166999.0000000 0.2428681
0.57 247 23 126440.3143349 166999.0000000 0.2428678
0.58 248 23 126440.3921474 166999.0000000 0.2428674
0.56 249 22 126440.4361389 166999.0000000 0.2428671
0.56 250 23 126440.4681262 166999.0000000 0.2428669
0.57 251 22 126440.4798814 166999.0000000 0.2428668
0.58 252 22 126440.6078885 166999.0000000 0.2428661
0.55 253 22 126440.6332455 166999.0000000 0.2428659
0.57 254 21 126440.7322095 166999.0000000 0.2428653
0.57 255 23 126440.7781023 166999.0000000 0.2428651
0.59 256 19 126440.8461851 166999.0000000 0.2428647
0.59 257 20 126440.9373409 166999.0000000 0.2428641
0.57 258 19 126440.9952015 166999.0000000 0.2428638
0.58 259 20 126440.9952015 166999.0000000 0.2428638
0.58 260 19 126441.0448231 166999.0000000 0.2428635
0.58 261 20 126441.0679555 166999.0000000 0.2428633
0.58 262 21 126441.1074233 166999.0000000 0.2428631
0.58 263 22 126441.3494115 166999.0000000 0.2428616
0.56 264 24 126441.5271725 166999.0000000 0.2428606
0.60 265 19 126441.5607569 166999.0000000 0.2428604
0.58 266 25 126441.5776070 166999.0000000 0.2428603
0.59 267 22 126441.6162607 166999.0000000 0.2428600
0.59 268 23 126441.6552826 166999.0000000 0.2428598
0.60 269 23 126441.7477704 166999.0000000 0.2428593
0.57 270 20 126441.8121487 166999.0000000 0.2428589
0.61 271 16 126441.9006614 166999.0000000 0.2428583
0.59 272 20 126441.9355682 166999.0000000 0.2428581
0.61 273 19 126441.9370011 166999.0000000 0.2428581
0.61 274 21 126441.9958068 166999.0000000 0.2428578
0.62 275 20 126442.0053292 166999.0000000 0.2428577
0.61 276 23 126442.0569209 166999.0000000 0.2428574
0.61 277 21 126442.4412506 166999.0000000 0.2428551
0.57 278 21 126442.4955865 166999.0000000 0.2428548
0.60 279 22 126442.5421425 166999.0000000 0.2428545
0.60 280 20 126442.5674059 166999.0000000 0.2428543
0.59 281 20 126442.6318632 166999.0000000 0.2428540
0.57 282 20 126442.6582985 166999.0000000 0.2428538
0.59 283 21 126442.7422565 166999.0000000 0.2428533
0.62 284 21 126442.8890885 166999.0000000 0.2428524
0.62 285 21 126442.9415636 166999.0000000 0.2428521
0.61 286 21 126442.9640673 166999.0000000 0.2428520
0.61 287 22 126443.1343997 166999.0000000 0.2428509
0.61 288 21 126443.2489212 166999.0000000 0.2428503
0.61 289 21 126443.2654192 166999.0000000 0.2428502
0.61 290 19 126443.2866177 166999.0000000 0.2428500
0.64 291 20 126443.3901513 166999.0000000 0.2428494
0.62 292 21 126443.3949805 166999.0000000 0.2428494
0.62 293 20 126443.3954263 166999.0000000 0.2428494
0.64 294 20 126443.3990214 166999.0000000 0.2428494
0.63 295 20 126443.4975353 166999.0000000 0.2428488
0.62 296 18 126443.5045137 166999.0000000 0.2428487
0.63 297 18 126443.5519241 166999.0000000 0.2428484
0.59 298 17 126443.5577264 166999.0000000 0.2428484
0.62 299 17 126443.5793634 166999.0000000 0.2428483
0.60 300 17 126443.6162599 166999.0000000 0.2428481
0.61 301 18 126443.7574926 166999.0000000 0.2428472
0.62 302 17 126443.8795832 166999.0000000 0.2428465
