2.74 0 0 121648.8721104 168451.0000000 0.2778382
0.17 1 58 121650.5744058 168451.0000000 0.2778281
0.19 2 56 121650.5744058 168451.0000000 0.2778281
0.20 3 56 121651.2825074 168451.0000000 0.2778239
0.22 4 55 121651.7230793 168451.0000000 0.2778213
0.20 5 56 121652.5892581 168451.0000000 0.2778162
0.22 6 59 121654.2383592 168451.0000000 0.2778064
0.22 7 55 121657.4883714 168451.0000000 0.2777871
0.23 8 55 121662.8330539 168451.0000000 0.2777554
0.23 9 56 121663.2210915 168451.0000000 0.2777530
0.24 10 57 121665.4315882 168451.0000000 0.2777399
0.23 11 55 121671.7597580 168451.0000000 0.2777024
0.23 12 53 121671.7597580 168451.0000000 0.2777024
0.23 13 53 121671.7597580 168451.0000000 0.2777024
0.23 14 53 121673.9844384 168451.0000000 0.2776892
0.25 15 53 121674.1849404 168451.0000000 0.2776880
0.24 16 54 121674.7592400 168451.0000000 0.2776846
0.24 17 51 121675.9390939 168451.0000000 0.2776775
0.25 18 56 121676.6405875 168451.0000000 0.2776734
0.27 19 53 121677.4938990 168451.0000000 0.2776683
0.26 20 52 121680.4256337 168451.0000000 0.2776509
0.25 21 50 121681.2734514 168451.0000000 0.2776459
0.27 22 53 121683.2189452 168451.0000000 0.2776343
0.26 23 50 121683.9647571 168451.0000000 0.2776299
0.29 24 52 121688.3751476 168451.0000000 0.2776037
0.27 25 53 121689.6243803 168451.0000000 0.2775963
0.27 26 54 121689.6487720 168451.0000000 0.2775962
0.29 27 54 121690.4943165 168451.0000000 0.2775911
0.27 28 53 121693.4873444 168451.0000000 0.2775734
0.28 29 52 121694.1459389 168451.0000000 0.2775695
0.29 30 52 121695.7254237 168451.0000000 0.2775601
0.28 31 52 121696.7570315 168451.0000000 0.2775540
0.30 32 51 121697.5588663 168451.0000000 0.2775492
0.29 33 52 121699.1174643 168451.0000000 0.2775400
0.29 34 50 121700.1683391 168451.0000000 0.2775337
0.32 35 51 121702.5896499 168451.0000000 0.2775193
0.29 36 50 121703.3380744 168451.0000000 0.2775149
0.29 37 49 121703.8069956 168451.0000000 0.2775121
0.32 38 47 121708.9916909 168451.0000000 0.2774813
0.30 39 46 121710.4837709 168451.0000000 0.2774725
0.29 40 42 121711.4770300 168451.0000000 0.2774666
0.30 41 40 121713.2148335 168451.0000000 0.2774563
0.30 42 42 121713.8952907 168451.0000000 0.2774522
0.31 43 44 121715.4646928 168451.0000000 0.2774429
0.31 44 44 121716.4720626 168451.0000000 0.2774369
0.30 45 45 121719.0607884 168451.0000000 0.2774216
0.30 46 44 121719.9034836 168451.0000000 0.2774166
0.28 47 44 121720.3423544 168451.0000000 0.2774140
0.30 48 44 121721.3646685 168451.0000000 0.2774079
0.29 49 42 121721.3862664 168451.0000000 0.2774078
0.30 50 42 121722.2315836 168451.0000000 0.2774027
0.30 51 41 121722.6639391 168451.0000000 0.2774002
0.30 52 41 121722.9010836 168451.0000000 0.2773988
0.29 53 41 121723.2610647 168451.0000000 0.2773966
0.30 54 41 121724.9107770 168451.0000000 0.2773868
0.31 55 42 121725.4686916 168451.0000000 0.2773835
0.30 56 41 121726.1267914 168451.0000000 0.2773796
0.32 57 36 121726.7451816 168451.0000000 0.2773759
0.34 58 37 121726.9730761 168451.0000000 0.2773746
0.33 59 37 121728.0821161 168451.0000000 0.2773680
0.34 60 38 121728.8040352 168451.0000000 0.2773637
0.35 61 43 121729.1114639 168451.0000000 0.2773619
0.35 62 41 121729.8132132 168451.0000000 0.2773577
0.35 63 37 121732.6909617 168451.0000000 0.2773406
0.34 64 38 121733.5677043 168451.0000000 0.2773354
0.36 65 40 121734.1212606 168451.0000000 0.2773322
0.36 66 42 121734.3040751 168451.0000000 0.2773311
0.36 67 42 121734.8581563 168451.0000000 0.2773278
0.36 68 40 121735.9248438 168451.0000000 0.2773214
0.36 69 40 121736.8104602 168451.0000000 0.2773162
0.36 70 39 121737.7279698 168451.0000000 0.2773107
0.36 71 38 121738.3626350 168451.0000000 0.2773070
0.35 72 40 121738.6823323 168451.0000000 0.2773051
0.37 73 39 121739.1612901 168451.0000000 0.2773022
0.36 74 39 121739.6774504 168451.0000000 0.2772992
0.36 75 39 121740.0891039 168451.0000000 0.2772967
0.39 76 39 121740.4765326 168451.0000000 0.2772944
0.38 77 40 121740.6671728 168451.0000000 0.2772933
0.40 78 42 121741.3414320 168451.0000000 0.2772893
0.43 79 40 121741.8305851 168451.0000000 0.2772864
0.40 80 41 121742.3459255 168451.0000000 0.2772833
0.41 81 37 121742.6174218 168451.0000000 0.2772817
0.40 82 36 121742.9059200 168451.0000000 0.2772800
0.41 83 40 121743.6409176 168451.0000000 0.2772756
0.39 84 38 121743.8818324 168451.0000000 0.2772742
0.40 85 37 121745.1178309 168451.0000000 0.2772669
0.39 86 38 121745.3800076 168451.0000000 0.2772653
0.38 87 40 121745.4294274 168451.0000000 0.2772650
0.40 88 40 121745.7559202 168451.0000000 0.2772631
0.41 89 36 121745.9714689 168451.0000000 0.2772618
0.41 90 36 121746.4927304 168451.0000000 0.2772587
0.40 91 35 121747.2903801 168451.0000000 0.2772540
0.42 92 38 121748.1388883 168451.0000000 0.2772489
0.42 93 40 121748.6128498 168451.0000000 0.2772461
0.40 94 38 121748.9202276 168451.0000000 0.2772443
0.42 95 38 121749.3670136 168451.0000000 0.2772416
0.44 96 38 121749.8666627 168451.0000000 0.2772387
0.41 97 40 121750.3500705 168451.0000000 0.2772358
0.40 98 36 121750.5393631 168451.0000000 0.2772347
0.42 99 38 121750.7776644 168451.0000000 0.2772333
0.43 100 38 121751.1589288 168451.0000000 0.2772310
0.46 101 37 121751.5597743 168451.0000000 0.2772286
0.44 102 37 121751.8985287 168451.0000000 0.2772266
0.46 103 37 121752.1150450 168451.0000000 0.2772253
0.41 104 37 121752.5345157 168451.0000000 0.2772228
0.44 105 38 121752.8818040 168451.0000000 0.2772208
0.47 106 33 121753.2716749 168451.0000000 0.2772185
0.46 107 34 121753.4561864 168451.0000000 0.2772174
0.47 108 35 121753.6246305 168451.0000000 0.2772164
0.43 109 36 121753.9986279 168451.0000000 0.2772142
0.47 110 36 121754.2164599 168451.0000000 0.2772129
0.47 111 36 121754.3266467 168451.0000000 0.2772122
0.47 112 36 121754.4712307 168451.0000000 0.2772113
0.51 113 33 121754.6445373 168451.0000000 0.2772103
0.44 114 37 121754.7442052 168451.0000000 0.2772097
0.49 115 37 121755.0070473 168451.0000000 0.2772082
0.48 116 37 121755.3551421 168451.0000000 0.2772061
0.45 117 36 121755.4342789 168451.0000000 0.2772056
0.46 118 36 121755.6626452 168451.0000000 0.2772043
0.48 119 37 121756.0269538 168451.0000000 0.2772021
0.49 120 35 121756.2496753 168451.0000000 0.2772008
0.48 121 35 121756.5903878 168451.0000000 0.2771988
0.48 122 36 121756.7927645 168451.0000000 0.2771976
0.52 123 37 121757.2600872 168451.0000000 0.2771948
0.47 124 35 121757.4663926 168451.0000000 0.2771936
0.48 125 36 121757.9362170 168451.0000000 0.2771908
0.58 126 40 121758.1375237 168451.0000000 0.2771896
0.53 127 35 121758.5431621 168451.0000000 0.2771872
0.54 128 36 121758.7878206 168451.0000000 0.2771857
0.52 129 36 121759.0519266 168451.0000000 0.2771842
0.50 130 36 121759.5067788 168451.0000000 0.2771815
0.52 131 35 121761.4052075 168451.0000000 0.2771702
0.47 132 37 121762.3677840 168451.0000000 0.2771645
0.51 133 39 121763.0754022 168451.0000000 0.2771603
0.45 134 37 121763.1769614 168451.0000000 0.2771597
0.47 135 37 121763.5147733 168451.0000000 0.2771577
0.51 136 38 121763.9710492 168451.0000000 0.2771550
0.56 137 37 121764.4733740 168451.0000000 0.2771520
0.51 138 37 121764.9280492 168451.0000000 0.2771493
0.51 139 37 121765.1414595 168451.0000000 0.2771480
0.51 140 37 121765.4199064 168451.0000000 0.2771464
0.52 141 36 121765.9435510 168451.0000000 0.2771432
0.50 142 33 121766.0914712 168451.0000000 0.2771424
0.49 143 32 121766.5419867 168451.0000000 0.2771397
0.47 144 36 121766.6211937 168451.0000000 0.2771392
0.50 145 37 121767.1066978 168451.0000000 0.2771363
0.47 146 36 121767.2630516 168451.0000000 0.2771354
0.48 147 35 121767.4105061 168451.0000000 0.2771345
0.53 148 36 121767.8631095 168451.0000000 0.2771318
0.52 149 35 121768.1531326 168451.0000000 0.2771301
0.50 150 35 121768.4249099 168451.0000000 0.2771285
0.54 151 35 121768.6936188 168451.0000000 0.2771269
0.49 152 36 121769.3359762 168451.0000000 0.2771231
0.54 153 36 121769.5439965 168451.0000000 0.2771219
0.53 154 35 121770.0469760 168451.0000000 0.2771189
0.54 155 35 121770.6007676 168451.0000000 0.2771156
0.53 156 37 121770.6273096 168451.0000000 0.2771154
0.53 157 36 121771.2090589 168451.0000000 0.2771120
0.53 158 34 121771.9392173 168451.0000000 0.2771077
0.53 159 32 121772.9206136 168451.0000000 0.2771018
0.53 160 34 121773.0914995 168451.0000000 0.2771008
0.54 161 33 121774.8709109 168451.0000000 0.2770902
0.51 162 34 121775.4259642 168451.0000000 0.2770870
0.51 163 33 121775.4796218 168451.0000000 0.2770866
0.51 164 32 121775.7555348 168451.0000000 0.2770850
0.50 165 34 121776.0392564 168451.0000000 0.2770833
0.49 166 34 121776.4446327 168451.0000000 0.2770809
0.55 167 34 121777.1183550 168451.0000000 0.2770769
0.57 168 33 121778.2428337 168451.0000000 0.2770702
0.53 169 34 121778.8682846 168451.0000000 0.2770665
0.47 170 34 121779.9026740 168451.0000000 0.2770604
0.52 171 36 121780.0541128 168451.0000000 0.2770595
0.51 172 36 121780.5312892 168451.0000000 0.2770566
0.51 173 34 121780.9336541 168451.0000000 0.2770543
0.51 174 34 121781.1427594 168451.0000000 0.2770530
0.53 175 34 121781.6872777 168451.0000000 0.2770498
0.53 176 34 121782.1572870 168451.0000000 0.2770470
0.48 177 34 121782.6215583 168451.0000000 0.2770442
0.51 178 32 121782.6688326 168451.0000000 0.2770440
0.53 179 32 121783.0193375 168451.0000000 0.2770419
0.51 180 33 121783.3867687 168451.0000000 0.2770397
0.49 181 34 121783.4956143 168451.0000000 0.2770390
0.51 182 33 121784.0147435 168451.0000000 0.2770360
0.49 183 31 121784.0375512 168451.0000000 0.2770358
0.52 184 32 121784.5521829 168451.0000000 0.2770328
0.54 185 32 121784.6061324 168451.0000000 0.2770325
0.53 186 35 121785.0025629 168451.0000000 0.2770301
0.51 187 33 121785.3687230 168451.0000000 0.2770279
0.50 188 32 121785.6273336 168451.0000000 0.2770264
0.52 189 31 121785.8736083 168451.0000000 0.2770249
0.51 190 32 121786.1814389 168451.0000000 0.2770231
0.49 191 31 121787.0463130 168451.0000000 0.2770180
0.54 192 32 121787.4295699 168451.0000000 0.2770157
0.56 193 31 121787.8028238 168451.0000000 0.2770135
0.56 194 29 121787.8394480 168451.0000000 0.2770133
0.56 195 29 121788.1963992 168451.0000000 0.2770111
0.57 196 32 121788.8151915 168451.0000000 0.2770075
0.54 197 31 121789.2922351 168451.0000000 0.2770046
0.59 198 32 121789.6090946 168451.0000000 0.2770028
0.55 199 32 121789.9018658 168451.0000000 0.2770010
0.55 200 32 121789.9917004 168451.0000000 0.2770005
0.56 201 30 121790.2468496 168451.0000000 0.2769990
0.53 202 32 121790.5002777 168451.0000000 0.2769975
0.54 203 30 121790.5262129 168451.0000000 0.2769973
0.51 204 31 121790.7099297 168451.0000000 0.2769962
0.56 205 30 121791.2779412 168451.0000000 0.2769928
0.56 206 31 121791.3557531 168451.0000000 0.2769924
0.54 207 31 121791.6634960 168451.0000000 0.2769906
0.54 208 30 121791.9328239 168451.0000000 0.2769890
0.61 209 33 121792.1339348 168451.0000000 0.2769878
0.62 210 30 121792.6750295 168451.0000000 0.2769846
0.61 211 33 121792.8388784 168451.0000000 0.2769836
0.60 212 31 121793.2096712 168451.0000000 0.2769814
0.65 213 31 121793.6042269 168451.0000000 0.2769790
0.56 214 29 121793.8027659 168451.0000000 0.2769779
0.55 215 28 121793.9704980 168451.0000000 0.2769769
0.54 216 29 121794.3566903 168451.0000000 0.2769746
0.55 217 30 121794.7376615 168451.0000000 0.2769723
0.55 218 31 121795.2080506 168451.0000000 0.2769695
0.55 219 30 121795.4692114 168451.0000000 0.2769680
0.54 220 31 121795.5300036 168451.0000000 0.2769676
0.59 221 29 121796.1103137 168451.0000000 0.2769642
