0.13 0 0 98815.4076109 120962.0000000 0.1830872
0.12 1 58 98818.2916076 120962.0000000 0.1830633
0.14 2 63 98840.5604552 120962.0000000 0.1828792
0.13 3 56 98843.1103288 120962.0000000 0.1828582
0.14 4 56 98885.7594717 120962.0000000 0.1825056
0.18 5 53 98901.2044098 120962.0000000 0.1823779
0.15 6 49 98905.7932486 120962.0000000 0.1823400
0.15 7 51 98926.9986840 120962.0000000 0.1821647
0.15 8 52 98939.0430380 120962.0000000 0.1820651
0.19 9 49 98955.8086105 120962.0000000 0.1819265
0.17 10 49 98969.9968709 120962.0000000 0.1818092
0.23 11 51 98973.1237138 120962.0000000 0.1817833
0.22 12 51 98984.0932380 120962.0000000 0.1816927
0.22 13 61 98990.0484591 120962.0000000 0.1816434
0.26 14 53 98999.8698444 120962.0000000 0.1815622
0.23 15 50 99011.8766144 120962.0000000 0.1814630
0.18 16 48 99016.1625855 120962.0000000 0.1814275
0.21 17 46 99021.8513920 120962.0000000 0.1813805
0.19 18 44 99025.7966881 120962.0000000 0.1813479
0.21 19 44 99031.2466230 120962.0000000 0.1813028
0.23 20 45 99040.1427330 120962.0000000 0.1812293
0.22 21 50 99046.9269982 120962.0000000 0.1811732
0.26 22 48 99050.8810347 120962.0000000 0.1811405
0.27 23 49 99055.7069313 120962.0000000 0.1811006
0.22 24 49 99060.4479645 120962.0000000 0.1810614
0.25 25 47 99067.0532192 120962.0000000 0.1810068
0.25 26 45 99073.8880259 120962.0000000 0.1809503
0.49 27 47 99080.4556606 120962.0000000 0.1808960
0.31 28 49 99083.2128133 120962.0000000 0.1808732
0.27 29 49 99086.5726380 120962.0000000 0.1808455
0.29 30 51 99090.5139618 120962.0000000 0.1808129
0.53 31 47 99094.6444156 120962.0000000 0.1807787
0.31 32 47 99099.3341372 120962.0000000 0.1807400
0.32 33 47 99100.2838955 120962.0000000 0.1807321
0.31 34 45 99103.9652760 120962.0000000 0.1807017
0.55 35 46 99105.7021405 120962.0000000 0.1806873
0.33 36 42 99108.8272938 120962.0000000 0.1806615
0.32 37 43 99115.4564652 120962.0000000 0.1806067
0.30 38 40 99120.3300398 120962.0000000 0.1805664
0.58 39 44 99125.5391399 120962.0000000 0.1805233
0.30 40 44 99133.2988246 120962.0000000 0.1804592
0.58 41 43 99136.2387767 120962.0000000 0.1804349
0.33 42 40 99142.1684539 120962.0000000 0.1803858
0.32 43 39 99145.2556336 120962.0000000 0.1803603
0.36 44 37 99147.0081229 120962.0000000 0.1803458
0.82 45 35 99150.2367842 120962.0000000 0.1803191
0.32 46 35 99151.9379080 120962.0000000 0.1803051
0.37 47 37 99154.6001693 120962.0000000 0.1802831
0.34 48 39 99157.9754057 120962.0000000 0.1802552
0.62 49 34 99160.1500328 120962.0000000 0.1802372
0.39 50 33 99165.4425726 120962.0000000 0.1801934
0.35 51 38 99167.2710141 120962.0000000 0.1801783
0.56 52 37 99169.0774304 120962.0000000 0.1801634
0.36 53 32 99171.6698505 120962.0000000 0.1801419
0.39 54 32 99175.3181152 120962.0000000 0.1801118
0.38 55 30 99178.7831630 120962.0000000 0.1800831
0.34 56 29 99181.3134398 120962.0000000 0.1800622
0.37 57 34 99184.0968049 120962.0000000 0.1800392
0.35 58 33 99185.5318445 120962.0000000 0.1800273
0.37 59 37 99188.6526532 120962.0000000 0.1800015
0.34 60 36 99190.4270723 120962.0000000 0.1799869
0.32 61 27 99191.1400490 120962.0000000 0.1799810
0.42 62 28 99193.4771414 120962.0000000 0.1799617
0.37 63 32 99196.3535110 120962.0000000 0.1799379
0.38 64 32 99197.6981682 120962.0000000 0.1799268
0.42 65 33 99200.1871359 120962.0000000 0.1799062
0.39 66 35 99202.5280382 120962.0000000 0.1798868
0.38 67 30 99204.9448543 120962.0000000 0.1798669
0.72 68 28 99206.2777866 120962.0000000 0.1798558
0.43 69 24 99207.0413217 120962.0000000 0.1798495
0.39 70 29 99208.0709176 120962.0000000 0.1798410
0.43 71 33 99209.7423601 120962.0000000 0.1798272
0.44 72 29 99210.7523246 120962.0000000 0.1798188
0.39 73 29 99211.6983401 120962.0000000 0.1798110
0.43 74 28 99212.7571034 120962.0000000 0.1798023
0.44 75 25 99214.0289238 120962.0000000 0.1797918
0.40 76 28 99214.5302817 120962.0000000 0.1797876
0.90 77 30 99216.3565901 120962.0000000 0.1797725
0.91 78 28 99217.7162030 120962.0000000 0.1797613
0.46 79 29 99218.4036687 120962.0000000 0.1797556
0.53 80 28 99218.9428194 120962.0000000 0.1797511
0.50 81 26 99221.1892785 120962.0000000 0.1797326
0.52 82 26 99221.9677074 120962.0000000 0.1797261
0.76 83 26 99222.7280446 120962.0000000 0.1797198
0.49 84 26 99225.4645132 120962.0000000 0.1796972
0.47 85 29 99228.3021110 120962.0000000 0.1796738
0.46 86 22 99231.1599944 120962.0000000 0.1796501
0.87 87 28 99233.0199436 120962.0000000 0.1796348
0.43 88 30 99233.5393200 120962.0000000 0.1796305
0.93 89 30 99234.6774904 120962.0000000 0.1796211
0.44 90 28 99235.4949746 120962.0000000 0.1796143
0.52 91 29 99236.4662616 120962.0000000 0.1796063
0.42 92 22 99237.3158416 120962.0000000 0.1795992
0.44 93 26 99238.7793943 120962.0000000 0.1795871
0.45 94 24 99239.4702255 120962.0000000 0.1795814
0.43 95 30 99240.5517363 120962.0000000 0.1795725
0.53 96 30 99240.9373729 120962.0000000 0.1795693
0.51 97 28 99243.0804965 120962.0000000 0.1795516
0.47 98 27 99244.8871718 120962.0000000 0.1795367
0.43 99 33 99245.4583884 120962.0000000 0.1795319
0.52 100 29 99246.5739841 120962.0000000 0.1795227
0.75 101 30 99246.9979545 120962.0000000 0.1795192
0.45 102 26 99247.2584377 120962.0000000 0.1795171
0.47 103 26 99248.1961053 120962.0000000 0.1795093
0.42 104 28 99249.7497302 120962.0000000 0.1794965
0.49 105 27 99250.3973265 120962.0000000 0.1794911
0.52 106 25 99250.6995067 120962.0000000 0.1794886
0.48 107 26 99251.8231791 120962.0000000 0.1794793
0.53 108 21 99252.4138987 120962.0000000 0.1794744
0.45 109 26 99253.2739130 120962.0000000 0.1794673
0.49 110 24 99254.6072046 120962.0000000 0.1794563
0.41 111 26 99255.0047869 120962.0000000 0.1794530
0.45 112 28 99255.6966132 120962.0000000 0.1794473
0.47 113 27 99256.3646678 120962.0000000 0.1794418
0.55 114 25 99257.4758687 120962.0000000 0.1794326
0.47 115 24 99258.0259159 120962.0000000 0.1794280
0.74 116 22 99258.7342639 120962.0000000 0.1794222
0.47 117 21 99259.1104196 120962.0000000 0.1794191
0.52 118 23 99260.3408014 120962.0000000 0.1794089
0.43 119 24 99260.5029797 120962.0000000 0.1794076
0.64 120 23 99260.7268006 120962.0000000 0.1794057
0.43 121 18 99260.8488798 120962.0000000 0.1794047
0.47 122 22 99260.9599503 120962.0000000 0.1794038
0.46 123 25 99261.3947538 120962.0000000 0.1794002
0.46 124 24 99262.8113307 120962.0000000 0.1793885
0.51 125 20 99263.2288090 120962.0000000 0.1793850
0.47 126 22 99263.8381642 120962.0000000 0.1793800
0.48 127 19 99264.4143734 120962.0000000 0.1793752
0.49 128 22 99265.2935909 120962.0000000 0.1793680
0.50 129 24 99265.8080766 120962.0000000 0.1793637
0.48 130 29 99266.6927258 120962.0000000 0.1793564
0.59 131 29 99267.4730005 120962.0000000 0.1793499
0.41 132 26 99267.6711297 120962.0000000 0.1793483
0.51 133 28 99268.1726700 120962.0000000 0.1793442
0.52 134 26 99268.4798702 120962.0000000 0.1793416
0.55 135 25 99268.9937443 120962.0000000 0.1793374
0.54 136 22 99269.6482725 120962.0000000 0.1793320
0.57 137 17 99270.1199106 120962.0000000 0.1793281
0.55 138 22 99270.6052877 120962.0000000 0.1793240
0.57 139 18 99270.7804689 120962.0000000 0.1793226
0.56 140 17 99271.1380282 120962.0000000 0.1793196
0.56 141 21 99271.3522486 120962.0000000 0.1793179
0.87 142 17 99271.4944724 120962.0000000 0.1793167
0.50 143 19 99271.6573500 120962.0000000 0.1793153
0.55 144 19 99271.9441045 120962.0000000 0.1793130
0.55 145 18 99272.4436609 120962.0000000 0.1793088
1.07 146 18 99272.7365744 120962.0000000 0.1793064
0.61 147 22 99273.5478212 120962.0000000 0.1792997
0.82 148 16 99274.2450000 120962.0000000 0.1792940
0.57 149 18 99275.3168024 120962.0000000 0.1792851
0.51 150 17 99275.5641539 120962.0000000 0.1792830
1.03 151 16 99275.9237366 120962.0000000 0.1792801
1.02 152 16 99276.0352490 120962.0000000 0.1792792
0.54 153 16 99276.4973513 120962.0000000 0.1792753
0.53 154 17 99276.9780669 120962.0000000 0.1792714
0.61 155 17 99278.3164307 120962.0000000 0.1792603
0.57 156 23 99278.3742474 120962.0000000 0.1792598
0.56 157 22 99278.8749025 120962.0000000 0.1792557
0.57 158 19 99279.8571762 120962.0000000 0.1792476
0.53 159 15 99280.2860398 120962.0000000 0.1792440
0.97 160 17 99280.7244885 120962.0000000 0.1792404
0.64 161 17 99280.9803305 120962.0000000 0.1792383
0.57 162 16 99281.0761092 120962.0000000 0.1792375
0.57 163 18 99281.1114974 120962.0000000 0.1792372
1.07 164 16 99281.2771515 120962.0000000 0.1792358
0.58 165 17 99281.5955947 120962.0000000 0.1792332
0.61 166 19 99281.8922137 120962.0000000 0.1792307
0.52 167 20 99281.9917973 120962.0000000 0.1792299
0.57 168 14 99282.0340750 120962.0000000 0.1792296
0.57 169 14 99282.4071121 120962.0000000 0.1792265
0.52 170 17 99282.9776157 120962.0000000 0.1792218
0.59 171 19 99283.6858727 120962.0000000 0.1792159
0.59 172 18 99284.0195089 120962.0000000 0.1792131
0.60 173 18 99284.4156177 120962.0000000 0.1792099
0.52 174 19 99284.6387910 120962.0000000 0.1792080
0.78 175 15 99284.7553272 120962.0000000 0.1792071
0.51 176 16 99284.9630185 120962.0000000 0.1792053
0.53 177 17 99285.0897600 120962.0000000 0.1792043
0.59 178 15 99285.5367609 120962.0000000 0.1792006
0.53 179 14 99285.5971509 120962.0000000 0.1792001
0.90 180 17 99285.7067526 120962.0000000 0.1791992
0.90 181 15 99286.2934562 120962.0000000 0.1791943
0.84 182 14 99286.5603241 120962.0000000 0.1791921
0.82 183 16 99286.6964107 120962.0000000 0.1791910
0.62 184 15 99286.9086681 120962.0000000 0.1791893
0.56 185 14 99287.3315424 120962.0000000 0.1791858
0.61 186 13 99287.5459895 120962.0000000 0.1791840
0.60 187 15 99288.2306903 120962.0000000 0.1791783
0.89 188 17 99288.5042919 120962.0000000 0.1791761
1.13 189 15 99289.3150227 120962.0000000 0.1791694
0.58 190 19 99289.4731054 120962.0000000 0.1791681
0.57 191 21 99289.8007334 120962.0000000 0.1791654
0.58 192 19 99290.7911862 120962.0000000 0.1791572
0.57 193 16 99291.4706155 120962.0000000 0.1791515
0.60 194 13 99291.6644842 120962.0000000 0.1791499
0.72 195 14 99291.7722194 120962.0000000 0.1791491
0.69 196 14 99292.2160090 120962.0000000 0.1791454
0.72 197 11 99293.1935737 120962.0000000 0.1791373
0.62 198 13 99293.6300867 120962.0000000 0.1791337
0.61 199 13 99294.0569339 120962.0000000 0.1791302
0.58 200 12 99294.2511807 120962.0000000 0.1791286
0.92 201 14 99294.5300998 120962.0000000 0.1791263
0.60 202 14 99294.8966041 120962.0000000 0.1791232
0.57 203 13 99294.8966041 120962.0000000 0.1791232
0.59 204 13 99295.1159281 120962.0000000 0.1791214
0.89 205 16 99295.2485653 120962.0000000 0.1791203
0.56 206 12 99295.2485653 120962.0000000 0.1791203
0.59 207 12 99295.2525009 120962.0000000 0.1791203
0.54 208 13 99295.4100210 120962.0000000 0.1791190
0.93 209 14 99295.6321542 120962.0000000 0.1791171
0.89 210 11 99295.6321542 120962.0000000 0.1791171
0.93 211 10 99295.6708360 120962.0000000 0.1791168
0.90 212 12 99295.7480955 120962.0000000 0.1791162
0.62 213 13 99295.8170422 120962.0000000 0.1791156
0.58 214 11 99295.8170422 120962.0000000 0.1791156
0.61 215 11 99295.9113756 120962.0000000 0.1791148
0.62 216 12 99295.9125102 120962.0000000 0.1791148
0.62 217 10 99295.9234200 120962.0000000 0.1791147
0.58 218 10 99295.9234200 120962.0000000 0.1791147
0.57 219 9 99295.9822754 120962.0000000 0.1791142
0.64 220 13 99296.0027564 120962.0000000 0.1791141
0.93 221 12 99296.0027564 120962.0000000 0.1791141
0.94 222 12 99296.0058450 120962.0000000 0.1791141
0.96 223 13 99296.0444752 120962.0000000 0.1791137
1.10 224 14 99296.0444752 120962.0000000 0.1791137
1.10 225 14 99296.1448552 120962.0000000 0.1791129
0.68 226 13 99296.1977487 120962.0000000 0.1791125
0.62 227 12 99296.2819762 120962.0000000 0.1791118
0.69 228 11 99296.4061673 120962.0000000 0.1791107
0.60 229 10 99297.0492422 120962.0000000 0.1791054
0.68 230 12 99297.3465634 120962.0000000 0.1791030
0.64 231 14 99297.3911534 120962.0000000 0.1791026
0.69 232 12 99297.4890345 120962.0000000 0.1791018
0.64 233 14 99297.4890345 120962.0000000 0.1791018
0.65 234 13 99297.7156791 120962.0000000 0.1790999
0.89 235 8 99297.7168770 120962.0000000 0.1790999
0.57 236 10 99297.7168770 120962.0000000 0.1790999
0.62 237 9 99297.7168770 120962.0000000 0.1790999
0.64 238 9 99297.7279928 120962.0000000 0.1790998
0.92 239 9 99297.7977913 120962.0000000 0.1790992
0.94 240 10 99298.1880169 120962.0000000 0.1790960
0.62 241 10 99298.7452157 120962.0000000 0.1790914
0.83 242 7 99298.7452157 120962.0000000 0.1790914
0.88 243 7 99298.7712399 120962.0000000 0.1790912
0.61 244 11 99298.8388957 120962.0000000 0.1790906
0.62 245 9 99299.2922427 120962.0000000 0.1790869
0.93 246 13 99299.4747496 120962.0000000 0.1790854
0.94 247 10 99299.5616011 120962.0000000 0.1790847
0.85 248 12 99299.7113821 120962.0000000 0.1790834
0.91 249 12 99299.8383152 120962.0000000 0.1790824
0.93 250 14 99299.9758825 120962.0000000 0.1790812
0.88 251 14 99300.0733760 120962.0000000 0.1790804
0.62 252 9 99300.0935481 120962.0000000 0.1790803
0.64 253 10 99300.4379845 120962.0000000 0.1790774
0.97 254 12 99300.8156606 120962.0000000 0.1790743
0.64 255 15 99301.0024752 120962.0000000 0.1790727
0.69 256 13 99301.1586832 120962.0000000 0.1790715
0.98 257 11 99301.2329679 120962.0000000 0.1790708
0.66 258 13 99301.3653802 120962.0000000 0.1790697
0.93 259 12 99301.4052555 120962.0000000 0.1790694
0.63 260 10 99301.4052555 120962.0000000 0.1790694
0.63 261 10 99301.6890876 120962.0000000 0.1790671
