0.67 0 0 103748.4640231 134396.0000000 0.2280390
0.10 1 39 103757.6802635 134396.0000000 0.2279705
0.11 2 36 103761.2485442 134396.0000000 0.2279439
0.11 3 43 103761.5094283 134396.0000000 0.2279420
0.13 4 45 103775.2196450 134396.0000000 0.2278400
0.13 5 40 103775.2764416 134396.0000000 0.2278395
0.14 6 40 103777.9448837 134396.0000000 0.2278197
0.14 7 42 103784.1428078 134396.0000000 0.2277736
0.14 8 37 103784.9843878 134396.0000000 0.2277673
0.14 9 42 103786.0970204 134396.0000000 0.2277590
0.15 10 38 103786.6058589 134396.0000000 0.2277552
0.14 11 37 103788.4252161 134396.0000000 0.2277417
0.14 12 37 103788.6324211 134396.0000000 0.2277402
0.21 13 38 103789.3120447 134396.0000000 0.2277351
0.16 14 37 103790.5189257 134396.0000000 0.2277261
0.17 15 35 103795.2913835 134396.0000000 0.2276906
0.16 16 38 103802.5610569 134396.0000000 0.2276365
0.14 17 40 103803.1253389 134396.0000000 0.2276323
0.16 18 38 103803.4670796 134396.0000000 0.2276298
0.17 19 35 103804.6539315 134396.0000000 0.2276210
0.17 20 35 103807.8956816 134396.0000000 0.2275968
0.16 21 36 103809.1441943 134396.0000000 0.2275875
0.16 22 34 103809.1441943 134396.0000000 0.2275875
0.17 23 35 103809.4004343 134396.0000000 0.2275856
0.18 24 35 103809.9020119 134396.0000000 0.2275819
0.27 25 32 103810.0682750 134396.0000000 0.2275807
0.18 26 32 103811.4316712 134396.0000000 0.2275705
0.18 27 32 103811.5221210 134396.0000000 0.2275699
0.19 28 32 103811.9856569 134396.0000000 0.2275664
0.18 29 30 103813.2026787 134396.0000000 0.2275573
0.19 30 31 103813.6185863 134396.0000000 0.2275543
0.19 31 34 103813.9729837 134396.0000000 0.2275516
0.19 32 33 103815.2122013 134396.0000000 0.2275424
0.20 33 29 103815.5952919 134396.0000000 0.2275395
0.19 34 31 103816.9524911 134396.0000000 0.2275294
0.20 35 29 103817.6422693 134396.0000000 0.2275243
0.19 36 29 103819.3698244 134396.0000000 0.2275115
0.19 37 28 103819.6201575 134396.0000000 0.2275096
0.20 38 29 103821.3585636 134396.0000000 0.2274967
0.19 39 32 103822.4475839 134396.0000000 0.2274886
0.19 40 31 103823.1016781 134396.0000000 0.2274837
0.21 41 31 103823.8978546 134396.0000000 0.2274778
0.19 42 29 103823.9417539 134396.0000000 0.2274774
0.21 43 29 103824.7549212 134396.0000000 0.2274714
0.22 44 30 103825.0374813 134396.0000000 0.2274693
0.20 45 28 103825.1871066 134396.0000000 0.2274682
0.20 46 28 103825.9327849 134396.0000000 0.2274626
0.21 47 26 103825.9934904 134396.0000000 0.2274622
0.22 48 26 103826.2337533 134396.0000000 0.2274604
0.22 49 26 103827.0105827 134396.0000000 0.2274546
0.22 50 26 103827.3108687 134396.0000000 0.2274524
0.23 51 27 103828.5719830 134396.0000000 0.2274430
0.22 52 24 103829.4772339 134396.0000000 0.2274363
0.21 53 25 103830.7447403 134396.0000000 0.2274268
0.21 54 28 103831.4169492 134396.0000000 0.2274218
0.20 55 23 103832.1306808 134396.0000000 0.2274165
0.22 56 24 103833.2656676 134396.0000000 0.2274081
0.21 57 24 103833.8397814 134396.0000000 0.2274038
0.22 58 27 103834.4875418 134396.0000000 0.2273990
0.21 59 26 103834.6794490 134396.0000000 0.2273975
0.21 60 26 103835.1696851 134396.0000000 0.2273939
0.21 61 25 103835.4488879 134396.0000000 0.2273918
0.23 62 22 103836.1313823 134396.0000000 0.2273867
0.21 63 24 103836.4138053 134396.0000000 0.2273846
0.22 64 26 103836.4596772 134396.0000000 0.2273843
0.23 65 25 103837.0827742 134396.0000000 0.2273797
0.23 66 22 103837.5837568 134396.0000000 0.2273759
0.29 67 20 103837.7882813 134396.0000000 0.2273744
0.21 68 22 103838.0619272 134396.0000000 0.2273724
0.22 69 21 103838.3422874 134396.0000000 0.2273703
0.21 70 21 103838.6659547 134396.0000000 0.2273679
0.22 71 22 103839.0113689 134396.0000000 0.2273653
0.21 72 20 103839.3638979 134396.0000000 0.2273627
0.22 73 19 103839.8224171 134396.0000000 0.2273593
0.22 74 20 103840.9232554 134396.0000000 0.2273511
0.22 75 20 103841.5631302 134396.0000000 0.2273463
0.20 76 22 103841.9966320 134396.0000000 0.2273431
0.20 77 22 103842.3187392 134396.0000000 0.2273407
0.22 78 25 103843.0731829 134396.0000000 0.2273351
0.23 79 21 103843.2913344 134396.0000000 0.2273335
0.21 80 22 103843.5907267 134396.0000000 0.2273312
0.24 81 22 103843.7889351 134396.0000000 0.2273298
0.23 82 21 103843.7889351 134396.0000000 0.2273298
0.24 83 21 103844.2497957 134396.0000000 0.2273263
0.23 84 23 103844.5602630 134396.0000000 0.2273240
0.27 85 21 103844.8482180 134396.0000000 0.2273219
0.24 86 24 103845.0381896 134396.0000000 0.2273205
0.23 87 19 103845.0697844 134396.0000000 0.2273202
0.25 88 22 103847.3173270 134396.0000000 0.2273035
0.22 89 18 103847.4982079 134396.0000000 0.2273022
0.22 90 17 103848.2205732 134396.0000000 0.2272968
0.22 91 17 103848.8816026 134396.0000000 0.2272919
0.22 92 18 103849.0092388 134396.0000000 0.2272909
0.23 93 18 103849.3826875 134396.0000000 0.2272881
0.22 94 16 103849.4230718 134396.0000000 0.2272878
0.34 95 17 103849.6653467 134396.0000000 0.2272860
0.22 96 17 103849.7514526 134396.0000000 0.2272854
0.20 97 16 103849.8585424 134396.0000000 0.2272846
0.22 98 16 103850.6041862 134396.0000000 0.2272791
0.26 99 18 103850.7927127 134396.0000000 0.2272777
0.24 100 15 103850.8784874 134396.0000000 0.2272770
0.26 101 16 103851.0854447 134396.0000000 0.2272755
0.22 102 16 103851.1600992 134396.0000000 0.2272749
0.26 103 17 103852.0640679 134396.0000000 0.2272682
0.22 104 15 103852.3311506 134396.0000000 0.2272662
0.22 105 14 103852.4270858 134396.0000000 0.2272655
0.22 106 15 103852.4861136 134396.0000000 0.2272651
0.26 107 14 103852.7757688 134396.0000000 0.2272629
0.24 108 14 103852.8852252 134396.0000000 0.2272621
0.21 109 14 103853.0127553 134396.0000000 0.2272611
0.21 110 14 103853.0127553 134396.0000000 0.2272611
0.23 111 14 103853.1242805 134396.0000000 0.2272603
0.24 112 14 103853.6224674 134396.0000000 0.2272566
0.20 113 16 103853.7686890 134396.0000000 0.2272555
0.22 114 18 103854.0208161 134396.0000000 0.2272536
0.21 115 16 103854.0913637 134396.0000000 0.2272531
0.21 116 15 103854.1481425 134396.0000000 0.2272527
0.23 117 15 103854.4082930 134396.0000000 0.2272507
0.22 118 15 103854.4082930 134396.0000000 0.2272507
0.29 119 15 103854.4082930 134396.0000000 0.2272507
0.22 120 15 103854.4084518 134396.0000000 0.2272507
0.21 121 16 103854.5564462 134396.0000000 0.2272496
0.26 122 14 103854.6801837 134396.0000000 0.2272487
0.22 123 13 103854.7250781 134396.0000000 0.2272484
0.23 124 13 103854.7426927 134396.0000000 0.2272483
0.23 125 14 103854.8992191 134396.0000000 0.2272471
0.25 126 13 103854.9408129 134396.0000000 0.2272468
0.23 127 14 103854.9831384 134396.0000000 0.2272465
0.24 128 13 103855.0520312 134396.0000000 0.2272460
0.25 129 13 103855.2472239 134396.0000000 0.2272445
0.25 130 14 103856.0989890 134396.0000000 0.2272382
0.24 131 13 103856.2319422 134396.0000000 0.2272372
0.23 132 15 103856.6986113 134396.0000000 0.2272337
0.23 133 15 103856.7597388 134396.0000000 0.2272333
0.22 134 13 103856.8159204 134396.0000000 0.2272328
0.23 135 14 103856.9754084 134396.0000000 0.2272316
0.37 136 14 103856.9772753 134396.0000000 0.2272316
0.31 137 13 103856.9895517 134396.0000000 0.2272315
0.25 138 14 103857.0091601 134396.0000000 0.2272314
0.33 139 16 103857.1393173 134396.0000000 0.2272304
1.23 140 15 103857.2106875 134396.0000000 0.2272299
0.25 141 16 103857.6691883 134396.0000000 0.2272265
0.24 142 14 103857.7177830 134396.0000000 0.2272261
0.23 143 15 103857.7781702 134396.0000000 0.2272257
0.24 144 14 103857.8177250 134396.0000000 0.2272254
0.23 145 14 103857.8177250 134396.0000000 0.2272254
0.23 146 14 103859.7214399 134396.0000000 0.2272112
0.24 147 15 103859.8162664 134396.0000000 0.2272105
0.31 148 15 103859.9471877 134396.0000000 0.2272095
0.31 149 16 103860.0155381 134396.0000000 0.2272090
0.22 150 16 103860.0727773 134396.0000000 0.2272086
0.23 151 17 103860.1823153 134396.0000000 0.2272078
0.24 152 14 103860.2214284 134396.0000000 0.2272075
0.24 153 12 103860.2214284 134396.0000000 0.2272075
0.24 154 12 103860.2497494 134396.0000000 0.2272073
0.27 155 15 103860.2903673 134396.0000000 0.2272070
0.27 156 13 103860.3822674 134396.0000000 0.2272063
0.25 157 13 103860.5061022 134396.0000000 0.2272054
0.24 158 13 103860.5236218 134396.0000000 0.2272052
0.24 159 12 103860.6593805 134396.0000000 0.2272042
0.24 160 15 103860.8224477 134396.0000000 0.2272030
0.25 161 13 103860.8224477 134396.0000000 0.2272030
0.26 162 13 103860.8246495 134396.0000000 0.2272030
0.25 163 13 103860.8306109 134396.0000000 0.2272030
0.26 164 13 103860.8311712 134396.0000000 0.2272030
0.26 165 13 103860.8361048 134396.0000000 0.2272029
0.25 166 13 103860.8361048 134396.0000000 0.2272029
0.26 167 13 103860.8425099 134396.0000000 0.2272029
0.26 168 14 103860.8504221 134396.0000000 0.2272028
0.26 169 13 103860.8758840 134396.0000000 0.2272026
0.26 170 14 103860.9104824 134396.0000000 0.2272024
0.25 171 13 103860.9967705 134396.0000000 0.2272017
0.25 172 13 103861.0111413 134396.0000000 0.2272016
0.25 173 13 103861.0367582 134396.0000000 0.2272014
0.26 174 13 103861.1500692 134396.0000000 0.2272006
0.26 175 15 103861.2306931 134396.0000000 0.2272000
0.26 176 14 103861.2653885 134396.0000000 0.2271997
0.23 177 14 103861.7206722 134396.0000000 0.2271963
0.24 178 21 103861.8233949 134396.0000000 0.2271956
0.25 179 21 103862.0048402 134396.0000000 0.2271942
0.27 180 20 103862.0645960 134396.0000000 0.2271938
0.25 181 20 103862.2199939 134396.0000000 0.2271926
0.26 182 20 103862.2837251 134396.0000000 0.2271922
0.27 183 20 103862.3892323 134396.0000000 0.2271914
0.28 184 18 103862.6002555 134396.0000000 0.2271898
0.30 185 19 103862.7309785 134396.0000000 0.2271888
0.27 186 19 103862.9195115 134396.0000000 0.2271874
0.26 187 16 103862.9505540 134396.0000000 0.2271872
0.27 188 19 103862.9505540 134396.0000000 0.2271872
0.27 189 19 103863.0284358 134396.0000000 0.2271866
0.27 190 17 103863.0549934 134396.0000000 0.2271864
0.26 191 15 103863.0664215 134396.0000000 0.2271863
0.27 192 15 103863.0905565 134396.0000000 0.2271861
0.31 193 19 103863.2283152 134396.0000000 0.2271851
0.29 194 13 103863.2283152 134396.0000000 0.2271851
0.31 195 13 103863.2394781 134396.0000000 0.2271850
0.29 196 14 103863.7173383 134396.0000000 0.2271815
0.27 197 14 103863.7902703 134396.0000000 0.2271809
0.28 198 14 103863.8336565 134396.0000000 0.2271806
0.27 199 15 103863.8336565 134396.0000000 0.2271806
0.27 200 15 103863.9578349 134396.0000000 0.2271797
0.27 201 14 103863.9755610 134396.0000000 0.2271796
0.26 202 13 103864.9176854 134396.0000000 0.2271726
0.27 203 17 103865.1016787 134396.0000000 0.2271712
0.27 204 16 103865.3830514 134396.0000000 0.2271691
0.28 205 17 103865.4484331 134396.0000000 0.2271686
0.27 206 17 103865.6997463 134396.0000000 0.2271667
0.29 207 16 103865.9270731 134396.0000000 0.2271650
0.28 208 18 103866.2193294 134396.0000000 0.2271629
0.29 209 16 103866.3683759 134396.0000000 0.2271618
0.27 210 15 103866.3813024 134396.0000000 0.2271617
0.26 211 15 103872.3625440 134396.0000000 0.2271172
0.26 212 22 103872.8394043 134396.0000000 0.2271136
0.24 213 20 103872.8670334 134396.0000000 0.2271134
0.26 214 20 103873.2202575 134396.0000000 0.2271108
0.27 215 18 103873.2202575 134396.0000000 0.2271108
0.27 216 18 103873.3287232 134396.0000000 0.2271100
0.28 217 20 103873.6760345 134396.0000000 0.2271074
0.28 218 18 103873.7648173 134396.0000000 0.2271067
0.26 219 20 103873.9842322 134396.0000000 0.2271051
0.28 220 23 103874.3739800 134396.0000000 0.2271022
0.34 221 22 103874.7442876 134396.0000000 0.2270994
0.26 222 21 103875.0138914 134396.0000000 0.2270974
0.26 223 15 103875.0138914 134396.0000000 0.2270974
0.27 224 16 103875.0138914 134396.0000000 0.2270974
0.28 225 16 103875.0243397 134396.0000000 0.2270974
0.28 226 19 103875.0901512 134396.0000000 0.2270969
0.30 227 17 103875.0918369 134396.0000000 0.2270968
0.31 228 15 103875.1032497 134396.0000000 0.2270968
0.30 229 15 103875.3295126 134396.0000000 0.2270951
0.29 230 20 103875.4168533 134396.0000000 0.2270944
0.29 231 18 103875.5670323 134396.0000000 0.2270933
0.29 232 15 103875.5670323 134396.0000000 0.2270933
0.30 233 15 103875.5931475 134396.0000000 0.2270931
0.27 234 17 103875.6087236 134396.0000000 0.2270930
0.27 235 19 103875.6986877 134396.0000000 0.2270923
0.32 236 20 103875.6986877 134396.0000000 0.2270923
0.30 237 20 103875.8615132 134396.0000000 0.2270911
0.27 238 22 103875.8780443 134396.0000000 0.2270910
0.26 239 21 103875.8780443 134396.0000000 0.2270910
0.26 240 21 103876.0119902 134396.0000000 0.2270900
0.30 241 16 103876.0119902 134396.0000000 0.2270900
0.28 242 17 103876.0124204 134396.0000000 0.2270900
0.30 243 16 103876.0124204 134396.0000000 0.2270900
0.29 244 16 103876.0124204 134396.0000000 0.2270900
0.29 245 16 103876.0124204 134396.0000000 0.2270900
0.29 246 15 103876.0124204 134396.0000000 0.2270900
0.27 247 16 103876.0124204 134396.0000000 0.2270900
0.29 248 15 103876.0124204 134396.0000000 0.2270900
0.29 249 16 103876.0124204 134396.0000000 0.2270900
0.30 250 16 103876.0124204 134396.0000000 0.2270900
0.33 251 16 103876.0124204 134396.0000000 0.2270900
0.29 252 15 103876.0124204 134396.0000000 0.2270900
0.28 253 15 103876.0124204 134396.0000000 0.2270900
0.27 254 15 103876.0124204 134396.0000000 0.2270900
0.30 255 15 103876.0124204 134396.0000000 0.2270900
0.29 256 16 103876.0124204 134396.0000000 0.2270900
0.27 257 16 103876.1856450 134396.0000000 0.2270887
0.28 258 16 103876.1856450 134396.0000000 0.2270887
0.28 259 16 103876.1926564 134396.0000000 0.2270887
0.30 260 16 103876.2672501 134396.0000000 0.2270881
0.28 261 15 103876.2824054 134396.0000000 0.2270880
0.32 262 16 103876.3077430 134396.0000000 0.2270878
0.30 263 16 103876.3115029 134396.0000000 0.2270878
0.30 264 16 103876.3263204 134396.0000000 0.2270877
0.32 265 16 103876.5800532 134396.0000000 0.2270858
0.33 266 13 103876.5800532 134396.0000000 0.2270858
0.30 267 16 103876.5913817 134396.0000000 0.2270857
0.29 268 15 103876.5913817 134396.0000000 0.2270857
0.36 269 15 103876.6425419 134396.0000000 0.2270853
0.26 270 16 103876.6508732 134396.0000000 0.2270852
0.33 271 15 103876.6508732 134396.0000000 0.2270852
0.33 272 16 103876.6668401 134396.0000000 0.2270851
0.28 273 16 103876.6668401 134396.0000000 0.2270851
0.27 274 16 103876.6668401 134396.0000000 0.2270851
0.28 275 16 103876.6668401 134396.0000000 0.2270851
0.27 276 16 103876.6668401 134396.0000000 0.2270851
0.28 277 17 103876.7003463 134396.0000000 0.2270849
0.27 278 17 103876.7003463 134396.0000000 0.2270849
0.28 279 17 103876.8459071 134396.0000000 0.2270838
0.28 280 14 103877.0629361 134396.0000000 0.2270822
0.26 281 13 103877.0629361 134396.0000000 0.2270822
0.27 282 13 103877.1000850 134396.0000000 0.2270819
0.33 283 13 103877.1000850 134396.0000000 0.2270819
0.33 284 13 103877.1014331 134396.0000000 0.2270819
0.26 285 12 103877.1197639 134396.0000000 0.2270818
0.26 286 13 103877.1536870 134396.0000000 0.2270815
0.26 287 11 103877.1536870 134396.0000000 0.2270815
0.27 288 11 103877.1536870 134396.0000000 0.2270815
0.27 289 11 103877.1536870 134396.0000000 0.2270815
0.28 290 11 103877.3636940 134396.0000000 0.2270799
0.28 291 11 103877.4224762 134396.0000000 0.2270795
0.27 292 11 103877.4224762 134396.0000000 0.2270795
0.26 293 11 103877.4224762 134396.0000000 0.2270795
0.26 294 11 103877.4224762 134396.0000000 0.2270795
0.29 295 11 103877.4224762 134396.0000000 0.2270795
0.27 296 10 103877.4224762 134396.0000000 0.2270795
0.29 297 10 103877.4224762 134396.0000000 0.2270795
0.29 298 10 103877.4224762 134396.0000000 0.2270795
0.28 299 10 103877.4224762 134396.0000000 0.2270795
0.29 300 10 103877.4224762 134396.0000000 0.2270795
0.28 301 10 103877.4224762 134396.0000000 0.2270795
0.29 302 10 103877.4224762 134396.0000000 0.2270795
0.28 303 10 103877.4224762 134396.0000000 0.2270795
0.27 304 10 103877.4224762 134396.0000000 0.2270795
0.28 305 10 103877.4224762 134396.0000000 0.2270795
0.27 306 10 103877.4224762 134396.0000000 0.2270795
0.30 307 10 103877.4224762 134396.0000000 0.2270795
0.34 308 10 103877.4224762 134396.0000000 0.2270795
0.30 309 10 103877.4224762 134396.0000000 0.2270795
0.30 310 10 103877.4224762 134396.0000000 0.2270795
0.31 311 10 103877.4224762 134396.0000000 0.2270795
0.29 312 10 103877.4224762 134396.0000000 0.2270795
0.32 313 10 103877.4224762 134396.0000000 0.2270795
0.30 314 10 103877.4224762 134396.0000000 0.2270795
0.29 315 10 103877.4224762 134396.0000000 0.2270795
0.32 316 10 103877.4224762 134396.0000000 0.2270795
0.28 317 10 103877.4224762 134396.0000000 0.2270795
0.29 318 10 103877.4224762 134396.0000000 0.2270795
0.33 319 10 103877.4224762 134396.0000000 0.2270795
0.30 320 10 103877.4224762 134396.0000000 0.2270795
0.33 321 10 103877.4224762 134396.0000000 0.2270795
0.30 322 10 103877.4224762 134396.0000000 0.2270795
0.27 323 10 103877.4224762 134396.0000000 0.2270795
0.28 324 10 103877.4224762 134396.0000000 0.2270795
0.29 325 10 103877.5745365 134396.0000000 0.2270784
0.29 326 12 103877.5745365 134396.0000000 0.2270784
0.32 327 11 103877.6158243 134396.0000000 0.2270781
0.29 328 13 103877.6158243 134396.0000000 0.2270781
0.30 329 12 103877.6158243 134396.0000000 0.2270781
0.33 330 12 103877.6158243 134396.0000000 0.2270781
0.29 331 12 103877.6158243 134396.0000000 0.2270781
0.29 332 12 103877.6158243 134396.0000000 0.2270781
0.31 333 11 103877.6158243 134396.0000000 0.2270781
0.29 334 12 103877.6158243 134396.0000000 0.2270781
0.30 335 12 103877.6158243 134396.0000000 0.2270781
0.29 336 12 103877.6158243 134396.0000000 0.2270781
0.30 337 12 103877.6158243 134396.0000000 0.2270781
0.33 338 12 103877.6158243 134396.0000000 0.2270781
0.30 339 12 103877.6217639 134396.0000000 0.2270780
0.33 340 13 103877.6605270 134396.0000000 0.2270777
0.29 341 12 103877.6895140 134396.0000000 0.2270775
0.29 342 12 103877.7157417 134396.0000000 0.2270773
0.28 343 12 103877.7546798 134396.0000000 0.2270770
0.33 344 12 103877.7709845 134396.0000000 0.2270769
0.27 345 12 103877.7833333 134396.0000000 0.2270768
0.30 346 12 103877.7962176 134396.0000000 0.2270767
0.29 347 13 103877.8112397 134396.0000000 0.2270766
0.31 348 12 103877.8682272 134396.0000000 0.2270762
0.33 349 13 103877.8824068 134396.0000000 0.2270761
0.27 350 12 103877.8824068 134396.0000000 0.2270761
0.29 351 12 103877.9347133 134396.0000000 0.2270757
0.31 352 12 103878.1169576 134396.0000000 0.2270743
0.28 353 13 103878.1226633 134396.0000000 0.2270743
0.29 354 13 103878.1277768 134396.0000000 0.2270743
0.30 355 13 103878.1299340 134396.0000000 0.2270742
0.31 356 13 103878.1469711 134396.0000000 0.2270741
0.34 357 10 103878.1539070 134396.0000000 0.2270741
0.32 358 13 103878.1539070 134396.0000000 0.2270741
0.34 359 11 103878.1855564 134396.0000000 0.2270738
0.34 360 11 103878.2584395 134396.0000000 0.2270733
0.29 361 12 103878.2584395 134396.0000000 0.2270733
0.31 362 12 103878.2915399 134396.0000000 0.2270730
0.28 363 13 103878.3197237 134396.0000000 0.2270728
0.31 364 12 103878.3290626 134396.0000000 0.2270728
0.29 365 12 103878.3290626 134396.0000000 0.2270728
0.30 366 13 103878.3429286 134396.0000000 0.2270727
0.32 367 13 103878.3720719 134396.0000000 0.2270724
0.31 368 12 103878.3857265 134396.0000000 0.2270723
0.30 369 13 103878.4276075 134396.0000000 0.2270720
0.33 370 12 103878.5303270 134396.0000000 0.2270713
0.30 371 14 103878.7387139 134396.0000000 0.2270697
0.29 372 14 103878.7387139 134396.0000000 0.2270697
0.30 373 14 103878.7387139 134396.0000000 0.2270697
0.31 374 14 103879.2002507 134396.0000000 0.2270663
0.31 375 14 103879.2002507 134396.0000000 0.2270663
0.30 376 12 103879.2002507 134396.0000000 0.2270663
0.32 377 12 103879.2125616 134396.0000000 0.2270662
0.29 378 11 103879.2514595 134396.0000000 0.2270659
0.28 379 14 103879.2761652 134396.0000000 0.2270657
0.28 380 12 103879.2867141 134396.0000000 0.2270656
0.30 381 11 103879.3279642 134396.0000000 0.2270653
0.31 382 14 103879.4618112 134396.0000000 0.2270643
0.30 383 14 103879.6098634 134396.0000000 0.2270632
0.27 384 12 103879.6098634 134396.0000000 0.2270632
0.26 385 12 103879.6916619 134396.0000000 0.2270626
0.28 386 12 103879.7027912 134396.0000000 0.2270625
0.35 387 13 103879.7943424 134396.0000000 0.2270619
0.26 388 13 103879.8369136 134396.0000000 0.2270615
0.27 389 13 103879.8369136 134396.0000000 0.2270615
0.28 390 13 103879.8727485 134396.0000000 0.2270613
0.29 391 13 103879.8727997 134396.0000000 0.2270613
0.30 392 14 103879.9990901 134396.0000000 0.2270603
0.29 393 12 103879.9995663 134396.0000000 0.2270603
0.30 394 13 103880.1106129 134396.0000000 0.2270595
0.30 395 13 103880.3312351 134396.0000000 0.2270579
0.28 396 16 103880.3450255 134396.0000000 0.2270578
0.29 397 13 103880.4927343 134396.0000000 0.2270567
0.31 398 14 103880.6610256 134396.0000000 0.2270554
0.29 399 16 103880.6845981 134396.0000000 0.2270552
0.30 400 16 103880.8105103 134396.0000000 0.2270543
0.28 401 15 103881.2092629 134396.0000000 0.2270513
0.30 402 14 103881.3203974 134396.0000000 0.2270505
0.30 403 15 103881.3794551 134396.0000000 0.2270501
0.28 404 15 103881.4328711 134396.0000000 0.2270497
0.29 405 15 103881.5250340 134396.0000000 0.2270490
0.28 406 15 103881.5590734 134396.0000000 0.2270487
0.27 407 15 103881.7063667 134396.0000000 0.2270476
0.26 408 15 103881.8241080 134396.0000000 0.2270468
0.28 409 15 103881.9232317 134396.0000000 0.2270460
0.27 410 15 103881.9665422 134396.0000000 0.2270457
0.30 411 14 103882.0612466 134396.0000000 0.2270450
0.31 412 13 103882.0612466 134396.0000000 0.2270450
0.28 413 12 103882.0703402 134396.0000000 0.2270449
0.27 414 13 103882.1075348 134396.0000000 0.2270446
0.27 415 14 103882.1152114 134396.0000000 0.2270446
0.29 416 12 103882.2115541 134396.0000000 0.2270439
0.31 417 13 103882.4425917 134396.0000000 0.2270422
0.28 418 15 103882.4773061 134396.0000000 0.2270419
0.30 419 13 103882.4968497 134396.0000000 0.2270418
0.29 420 12 103882.6111387 134396.0000000 0.2270409
0.28 421 13 103882.6356264 134396.0000000 0.2270407
0.30 422 12 103882.6943503 134396.0000000 0.2270403
0.28 423 12 103882.7346171 134396.0000000 0.2270400
0.28 424 14 103882.8791423 134396.0000000 0.2270389
0.28 425 16 103882.9419790 134396.0000000 0.2270384
0.28 426 16 103883.3012218 134396.0000000 0.2270358
0.27 427 12 103883.3132168 134396.0000000 0.2270357
0.28 428 13 103883.3132168 134396.0000000 0.2270357
0.27 429 13 103883.3132168 134396.0000000 0.2270357
0.28 430 13 103883.3349206 134396.0000000 0.2270355
0.29 431 14 103883.3349206 134396.0000000 0.2270355
0.31 432 14 103883.6371667 134396.0000000 0.2270333
0.28 433 15 103883.6371667 134396.0000000 0.2270333
0.25 434 15 103883.6371667 134396.0000000 0.2270333
0.25 435 14 103883.9716444 134396.0000000 0.2270308
0.28 436 13 103883.9716444 134396.0000000 0.2270308
0.28 437 12 103883.9838080 134396.0000000 0.2270307
0.26 438 12 103883.9838080 134396.0000000 0.2270307
0.28 439 12 103884.0187429 134396.0000000 0.2270304
0.28 440 13 103884.0391755 134396.0000000 0.2270303
0.32 441 13 103884.0391755 134396.0000000 0.2270303
0.28 442 13 103884.0391755 134396.0000000 0.2270303
0.32 443 13 103884.0391755 134396.0000000 0.2270303
0.27 444 13 103884.0549833 134396.0000000 0.2270302
0.27 445 13 103884.0758960 134396.0000000 0.2270300
0.28 446 13 103884.1072239 134396.0000000 0.2270298
0.27 447 13 103884.1468848 134396.0000000 0.2270295
0.27 448 12 103884.1468848 134396.0000000 0.2270295
0.28 449 12 103884.1751933 134396.0000000 0.2270293
0.27 450 14 103884.1792026 134396.0000000 0.2270292
0.29 451 14 103884.2422898 134396.0000000 0.2270288
0.30 452 13 103884.2422898 134396.0000000 0.2270288
0.30 453 13 103884.3077668 134396.0000000 0.2270283
0.29 454 13 103885.3992711 134396.0000000 0.2270202
0.28 455 14 103885.5536095 134396.0000000 0.2270190
0.31 456 13 103885.8865870 134396.0000000 0.2270165
0.27 457 12 103885.8865870 134396.0000000 0.2270165
0.28 458 12 103885.8963596 134396.0000000 0.2270165
0.28 459 12 103885.8963596 134396.0000000 0.2270165
0.28 460 12 103885.9150593 134396.0000000 0.2270163
0.29 461 12 103885.9150593 134396.0000000 0.2270163
0.29 462 12 103885.9211306 134396.0000000 0.2270163
0.27 463 12 103885.9211306 134396.0000000 0.2270163
0.28 464 13 103885.9211306 134396.0000000 0.2270163
0.28 465 12 103885.9211306 134396.0000000 0.2270163
0.28 466 12 103885.9211306 134396.0000000 0.2270163
0.29 467 12 103885.9784517 134396.0000000 0.2270158
0.29 468 13 103885.9906372 134396.0000000 0.2270158
0.31 469 13 103885.9967939 134396.0000000 0.2270157
0.30 470 13 103886.0082042 134396.0000000 0.2270156
0.29 471 12 103886.0166056 134396.0000000 0.2270156
0.31 472 13 103886.0347780 134396.0000000 0.2270154
0.31 473 12 103886.0347780 134396.0000000 0.2270154
0.30 474 12 103886.0347780 134396.0000000 0.2270154
0.31 475 12 103886.0456514 134396.0000000 0.2270153
0.30 476 14 103886.4377745 134396.0000000 0.2270124
0.29 477 14 103886.5186765 134396.0000000 0.2270118
0.28 478 12 103886.5317388 134396.0000000 0.2270117
0.27 479 12 103886.6417869 134396.0000000 0.2270109
0.26 480 16 103886.6758132 134396.0000000 0.2270107
0.30 481 14 103886.6841975 134396.0000000 0.2270106
0.30 482 15 103886.8382522 134396.0000000 0.2270094
0.28 483 12 103886.8696623 134396.0000000 0.2270092
0.31 484 12 103886.8696623 134396.0000000 0.2270092
0.31 485 11 103886.8696623 134396.0000000 0.2270092
0.31 486 11 103886.8696623 134396.0000000 0.2270092
0.31 487 11 103886.8765530 134396.0000000 0.2270092
0.30 488 11 103886.8765530 134396.0000000 0.2270092
0.31 489 11 103886.8765530 134396.0000000 0.2270092
0.31 490 11 103886.8765530 134396.0000000 0.2270092
0.31 491 11 103886.8765530 134396.0000000 0.2270092
0.32 492 11 103886.8940484 134396.0000000 0.2270090
0.31 493 11 103886.8949243 134396.0000000 0.2270090
0.31 494 11 103886.9032894 134396.0000000 0.2270090
0.30 495 14 103886.9327647 134396.0000000 0.2270087
0.31 496 12 103886.9452757 134396.0000000 0.2270087
0.31 497 14 103886.9809322 134396.0000000 0.2270084
0.33 498 12 103887.1438206 134396.0000000 0.2270072
0.30 499 11 103887.1438206 134396.0000000 0.2270072
0.29 500 12 103887.1438206 134396.0000000 0.2270072
0.31 501 11 103887.1438206 134396.0000000 0.2270072
0.30 502 11 103887.1438206 134396.0000000 0.2270072
0.32 503 11 103887.1439955 134396.0000000 0.2270072
0.32 504 11 103887.1473338 134396.0000000 0.2270071
0.32 505 12 103887.1598443 134396.0000000 0.2270071
0.32 506 13 103887.2023436 134396.0000000 0.2270067
0.33 507 12 103887.2431076 134396.0000000 0.2270064
0.30 508 13 103887.2577347 134396.0000000 0.2270063
0.35 509 12 103887.2966575 134396.0000000 0.2270060
0.32 510 12 103887.3061082 134396.0000000 0.2270060
0.31 511 12 103887.3113376 134396.0000000 0.2270059
0.31 512 11 103887.3178381 134396.0000000 0.2270059
0.33 513 11 103887.3473395 134396.0000000 0.2270057
0.34 514 12 103887.6867786 134396.0000000 0.2270031
0.31 515 12 103887.6867786 134396.0000000 0.2270031
0.31 516 12 103887.7506345 134396.0000000 0.2270027
0.32 517 12 103887.7506345 134396.0000000 0.2270027
0.31 518 12 103887.7506345 134396.0000000 0.2270027
0.32 519 12 103887.7506345 134396.0000000 0.2270027
0.32 520 12 103887.7719793 134396.0000000 0.2270025
0.32 521 13 103887.7719793 134396.0000000 0.2270025
0.31 522 13 103887.8344698 134396.0000000 0.2270020
0.30 523 13 103887.8344698 134396.0000000 0.2270020
0.30 524 13 103887.8423168 134396.0000000 0.2270020
0.30 525 11 103887.8423168 134396.0000000 0.2270020
0.31 526 11 103887.8463557 134396.0000000 0.2270019
0.30 527 12 103887.8463557 134396.0000000 0.2270019
0.31 528 12 103887.8615124 134396.0000000 0.2270018
0.32 529 13 103887.8699337 134396.0000000 0.2270018
0.30 530 13 103887.9590764 134396.0000000 0.2270011
0.30 531 12 103887.9653112 134396.0000000 0.2270011
0.31 532 14 103888.0128868 134396.0000000 0.2270007
0.32 533 14 103888.0149476 134396.0000000 0.2270007
0.32 534 14 103888.0685676 134396.0000000 0.2270003
0.32 535 14 103888.0753789 134396.0000000 0.2270002
0.32 536 17 103888.0942161 134396.0000000 0.2270001
0.30 537 15 103888.0942161 134396.0000000 0.2270001
0.33 538 15 103888.2132610 134396.0000000 0.2269992
0.32 539 14 103888.2132610 134396.0000000 0.2269992
0.31 540 14 103888.2132610 134396.0000000 0.2269992
0.31 541 14 103888.2136812 134396.0000000 0.2269992
0.32 542 16 103888.2204109 134396.0000000 0.2269992
0.31 543 14 103888.2901798 134396.0000000 0.2269986
0.34 544 13 103888.2901798 134396.0000000 0.2269986
0.34 545 13 103888.4151311 134396.0000000 0.2269977
0.31 546 16 103888.4151311 134396.0000000 0.2269977
0.36 547 15 103888.4158502 134396.0000000 0.2269977
0.34 548 14 103888.4158502 134396.0000000 0.2269977
0.34 549 14 103888.4158502 134396.0000000 0.2269977
0.32 550 13 103888.4158502 134396.0000000 0.2269977
0.34 551 13 103888.4158502 134396.0000000 0.2269977
0.36 552 13 103888.5138253 134396.0000000 0.2269970
0.34 553 15 103888.5499360 134396.0000000 0.2269967
0.31 554 12 103888.6910304 134396.0000000 0.2269957
0.32 555 14 103888.6910304 134396.0000000 0.2269957
0.35 556 14 103888.7551943 134396.0000000 0.2269952
0.30 557 13 103888.7779378 134396.0000000 0.2269950
0.33 558 16 103888.7779378 134396.0000000 0.2269950
0.32 559 16 103888.7826155 134396.0000000 0.2269950
0.33 560 14 103888.8159289 134396.0000000 0.2269947
0.31 561 10 103888.8159289 134396.0000000 0.2269947
0.32 562 10 103888.8159289 134396.0000000 0.2269947
0.32 563 10 103888.8159289 134396.0000000 0.2269947
0.32 564 10 103888.8159289 134396.0000000 0.2269947
0.31 565 10 103888.8159289 134396.0000000 0.2269947
0.32 566 10 103888.8159289 134396.0000000 0.2269947
0.32 567 10 103888.8159289 134396.0000000 0.2269947
0.32 568 10 103888.8159289 134396.0000000 0.2269947
0.32 569 10 103888.8159289 134396.0000000 0.2269947
0.32 570 10 103888.8159289 134396.0000000 0.2269947
0.30 571 10 103888.8159289 134396.0000000 0.2269947
0.32 572 10 103888.8159289 134396.0000000 0.2269947
0.31 573 10 103888.8159289 134396.0000000 0.2269947
0.33 574 10 103888.8159289 134396.0000000 0.2269947
0.32 575 10 103888.8159289 134396.0000000 0.2269947
0.31 576 10 103888.8159289 134396.0000000 0.2269947
0.32 577 11 103888.8159289 134396.0000000 0.2269947
0.31 578 10 103888.8159289 134396.0000000 0.2269947
0.34 579 10 103888.8159289 134396.0000000 0.2269947
0.32 580 10 103888.8159289 134396.0000000 0.2269947
0.32 581 10 103888.8159289 134396.0000000 0.2269947
0.33 582 10 103888.8159289 134396.0000000 0.2269947
0.33 583 10 103888.8159289 134396.0000000 0.2269947
0.34 584 10 103888.8159289 134396.0000000 0.2269947
0.33 585 10 103888.8159289 134396.0000000 0.2269947
0.35 586 10 103888.9102917 134396.0000000 0.2269940
0.32 587 14 103888.9436746 134396.0000000 0.2269938
0.32 588 10 103888.9436746 134396.0000000 0.2269938
0.32 589 10 103888.9436746 134396.0000000 0.2269938
0.32 590 10 103888.9436746 134396.0000000 0.2269938
0.32 591 10 103888.9436746 134396.0000000 0.2269938
0.30 592 10 103888.9436746 134396.0000000 0.2269938
0.30 593 10 103888.9436746 134396.0000000 0.2269938
0.30 594 10 103888.9450031 134396.0000000 0.2269938
0.31 595 9 103888.9450031 134396.0000000 0.2269938
0.30 596 9 103888.9450031 134396.0000000 0.2269938
0.31 597 9 103888.9450031 134396.0000000 0.2269938
0.31 598 9 103888.9450031 134396.0000000 0.2269938
0.31 599 9 103888.9450031 134396.0000000 0.2269938
0.31 600 9 103888.9450031 134396.0000000 0.2269938
0.32 601 9 103888.9810954 134396.0000000 0.2269935
0.32 602 11 103888.9810954 134396.0000000 0.2269935
0.32 603 11 103889.0011731 134396.0000000 0.2269934
0.32 604 13 103889.1111072 134396.0000000 0.2269925
0.32 605 12 103889.1111072 134396.0000000 0.2269925
0.34 606 12 103889.1111072 134396.0000000 0.2269925
0.32 607 12 103889.1111072 134396.0000000 0.2269925
0.30 608 12 103889.1111072 134396.0000000 0.2269925
0.32 609 12 103889.1111072 134396.0000000 0.2269925
0.31 610 12 103889.1328565 134396.0000000 0.2269924
0.29 611 13 103889.1328565 134396.0000000 0.2269924
0.31 612 13 103889.1328565 134396.0000000 0.2269924
0.33 613 13 103889.1328565 134396.0000000 0.2269924
0.31 614 13 103889.1328565 134396.0000000 0.2269924
