3.49 0 0 126333.2042504 179283.0000000 0.2953420
0.24 1 57 126333.2925940 179283.0000000 0.2953415
0.26 2 56 126341.3188608 179283.0000000 0.2952967
0.27 3 57 126345.4526705 179283.0000000 0.2952737
0.29 4 60 126356.5914396 179283.0000000 0.2952115
0.28 5 63 126358.6590998 179283.0000000 0.2952000
0.30 6 52 126367.8332966 179283.0000000 0.2951488
0.30 7 54 126371.5739031 179283.0000000 0.2951280
0.30 8 50 126375.1135608 179283.0000000 0.2951082
0.29 9 49 126378.6916772 179283.0000000 0.2950883
0.30 10 51 126380.4260382 179283.0000000 0.2950786
0.31 11 52 126380.9677507 179283.0000000 0.2950756
0.31 12 52 126383.2633746 179283.0000000 0.2950628
0.33 13 50 126386.8364404 179283.0000000 0.2950428
0.30 14 48 126392.4613347 179283.0000000 0.2950115
0.32 15 48 126394.6430307 179283.0000000 0.2949993
0.32 16 46 126396.5072336 179283.0000000 0.2949889
0.34 17 48 126397.9179119 179283.0000000 0.2949810
0.34 18 49 126408.1284831 179283.0000000 0.2949241
0.32 19 50 126410.2602596 179283.0000000 0.2949122
0.33 20 51 126411.3352082 179283.0000000 0.2949062
0.35 21 46 126414.0844300 179283.0000000 0.2948908
0.36 22 52 126415.4962231 179283.0000000 0.2948830
0.36 23 49 126417.0842387 179283.0000000 0.2948741
0.36 24 49 126421.1833768 179283.0000000 0.2948512
0.37 25 48 126421.6330663 179283.0000000 0.2948487
0.36 26 48 126421.9111108 179283.0000000 0.2948472
0.37 27 48 126424.6808721 179283.0000000 0.2948317
0.36 28 48 126425.8731453 179283.0000000 0.2948251
0.39 29 47 126426.6045804 179283.0000000 0.2948210
0.39 30 50 126429.6843123 179283.0000000 0.2948038
0.37 31 46 126432.7202267 179283.0000000 0.2947869
0.43 32 51 126438.3328520 179283.0000000 0.2947556
0.40 33 47 126439.1534679 179283.0000000 0.2947510
0.42 34 46 126439.7736305 179283.0000000 0.2947476
0.40 35 46 126441.8138102 179283.0000000 0.2947362
0.39 36 47 126446.3122486 179283.0000000 0.2947111
0.40 37 51 126448.4162882 179283.0000000 0.2946994
0.40 38 46 126449.9493016 179283.0000000 0.2946908
0.41 39 50 126450.8385531 179283.0000000 0.2946858
0.43 40 47 126456.8931233 179283.0000000 0.2946521
0.43 41 47 126458.3221943 179283.0000000 0.2946441
0.43 42 44 126459.9021799 179283.0000000 0.2946353
0.46 43 46 126461.8854443 179283.0000000 0.2946242
0.44 44 44 126462.0302588 179283.0000000 0.2946234
0.44 45 45 126466.8607419 179283.0000000 0.2945965
0.47 46 40 126467.6090039 179283.0000000 0.2945923
0.46 47 45 126470.1357999 179283.0000000 0.2945782
0.46 48 44 126471.1007300 179283.0000000 0.2945728
0.46 49 47 126472.6018011 179283.0000000 0.2945644
0.48 50 40 126473.1904962 179283.0000000 0.2945612
0.48 51 39 126474.6847735 179283.0000000 0.2945528
0.46 52 40 126477.0344732 179283.0000000 0.2945397
0.48 53 43 126478.1845454 179283.0000000 0.2945333
0.46 54 37 126478.7910306 179283.0000000 0.2945299
0.48 55 43 126481.2393685 179283.0000000 0.2945163
0.49 56 37 126484.5657686 179283.0000000 0.2944977
0.46 57 44 126485.2906941 179283.0000000 0.2944937
0.48 58 43 126486.6592603 179283.0000000 0.2944860
0.48 59 42 126488.5305972 179283.0000000 0.2944756
0.48 60 39 126489.7720401 179283.0000000 0.2944687
0.50 61 40 126492.4564757 179283.0000000 0.2944537
0.48 62 35 126493.0408921 179283.0000000 0.2944504
0.50 63 36 126494.4119046 179283.0000000 0.2944428
0.49 64 38 126495.1558128 179283.0000000 0.2944386
0.50 65 40 126496.2700108 179283.0000000 0.2944324
0.50 66 40 126498.8805168 179283.0000000 0.2944179
0.51 67 42 126501.1213223 179283.0000000 0.2944054
0.51 68 40 126502.0732397 179283.0000000 0.2944001
0.50 69 40 126502.8245626 179283.0000000 0.2943959
0.51 70 40 126504.1746587 179283.0000000 0.2943883
0.50 71 38 126504.4152113 179283.0000000 0.2943870
0.53 72 38 126506.2664241 179283.0000000 0.2943767
0.50 73 38 126506.5980141 179283.0000000 0.2943748
0.52 74 42 126507.4203792 179283.0000000 0.2943702
0.53 75 38 126508.6217961 179283.0000000 0.2943635
0.51 76 40 126509.7542284 179283.0000000 0.2943572
0.49 77 36 126512.5329233 179283.0000000 0.2943417
0.51 78 37 126514.1963536 179283.0000000 0.2943324
0.51 79 38 126515.9878890 179283.0000000 0.2943225
0.49 80 34 126517.2769443 179283.0000000 0.2943153
0.50 81 37 126517.9934636 179283.0000000 0.2943113
0.51 82 38 126519.5282123 179283.0000000 0.2943027
0.50 83 36 126521.7620357 179283.0000000 0.2942902
0.50 84 36 126522.3661072 179283.0000000 0.2942869
0.54 85 37 126523.9682205 179283.0000000 0.2942779
0.50 86 38 126524.0905698 179283.0000000 0.2942773
0.50 87 36 126525.6937710 179283.0000000 0.2942683
0.54 88 35 126526.0762145 179283.0000000 0.2942662
0.55 89 30 126526.8779352 179283.0000000 0.2942617
0.53 90 31 126527.4709292 179283.0000000 0.2942584
0.55 91 33 126528.1869869 179283.0000000 0.2942544
0.54 92 33 126528.8645644 179283.0000000 0.2942506
0.53 93 29 126530.1051944 179283.0000000 0.2942437
0.52 94 33 126531.1871708 179283.0000000 0.2942377
0.55 95 30 126532.0289923 179283.0000000 0.2942330
0.52 96 32 126532.9532364 179283.0000000 0.2942278
0.53 97 33 126534.3117005 179283.0000000 0.2942202
0.53 98 31 126535.8862790 179283.0000000 0.2942115
0.53 99 32 126536.4601380 179283.0000000 0.2942083
0.53 100 31 126536.9123429 179283.0000000 0.2942057
0.55 101 30 126537.3293377 179283.0000000 0.2942034
0.50 102 32 126538.0083288 179283.0000000 0.2941996
0.52 103 30 126538.4378589 179283.0000000 0.2941972
0.55 104 33 126539.8135303 179283.0000000 0.2941896
0.52 105 34 126540.7961981 179283.0000000 0.2941841
0.51 106 34 126541.0147068 179283.0000000 0.2941829
0.54 107 34 126541.5475088 179283.0000000 0.2941799
0.51 108 34 126541.9263379 179283.0000000 0.2941778
0.54 109 33 126542.6383042 179283.0000000 0.2941738
0.54 110 34 126543.3616280 179283.0000000 0.2941698
0.53 111 30 126544.1460311 179283.0000000 0.2941654
0.54 112 30 126545.2637544 179283.0000000 0.2941592
0.52 113 31 126545.5406840 179283.0000000 0.2941576
0.53 114 31 126546.0678681 179283.0000000 0.2941547
0.53 115 33 126546.3049259 179283.0000000 0.2941534
0.55 116 34 126546.7942192 179283.0000000 0.2941506
0.55 117 34 126547.2874224 179283.0000000 0.2941479
0.54 118 32 126547.3848056 179283.0000000 0.2941473
0.59 119 31 126547.7787580 179283.0000000 0.2941451
0.54 120 32 126547.8832562 179283.0000000 0.2941445
0.54 121 30 126549.4078240 179283.0000000 0.2941360
0.54 122 34 126549.8165408 179283.0000000 0.2941338
0.54 123 33 126550.1150976 179283.0000000 0.2941321
0.57 124 33 126550.3280775 179283.0000000 0.2941309
0.56 125 32 126550.6887348 179283.0000000 0.2941289
0.57 126 31 126551.1087490 179283.0000000 0.2941266
0.60 127 31 126551.4682952 179283.0000000 0.2941246
0.63 128 34 126551.9397037 179283.0000000 0.2941219
0.61 129 28 126552.5186876 179283.0000000 0.2941187
0.56 130 31 126553.0112163 179283.0000000 0.2941159
0.54 131 30 126553.2916495 179283.0000000 0.2941144
0.56 132 30 126553.7066193 179283.0000000 0.2941121
0.60 133 28 126553.9532688 179283.0000000 0.2941107
0.59 134 30 126554.3178337 179283.0000000 0.2941087
0.58 135 28 126554.3869589 179283.0000000 0.2941083
0.62 136 27 126555.0074710 179283.0000000 0.2941048
0.62 137 27 126555.4103543 179283.0000000 0.2941026
0.60 138 31 126555.7173003 179283.0000000 0.2941009
0.58 139 29 126556.0343576 179283.0000000 0.2940991
0.59 140 29 126556.6459328 179283.0000000 0.2940957
0.58 141 28 126557.1430343 179283.0000000 0.2940929
0.59 142 28 126557.4614107 179283.0000000 0.2940911
0.61 143 27 126557.5072547 179283.0000000 0.2940909
0.65 144 27 126557.7400403 179283.0000000 0.2940896
0.65 145 29 126557.9663204 179283.0000000 0.2940883
0.61 146 29 126558.2154901 179283.0000000 0.2940869
0.61 147 30 126559.2233522 179283.0000000 0.2940813
0.63 148 32 126559.3066430 179283.0000000 0.2940808
0.60 149 32 126560.8449752 179283.0000000 0.2940722
0.58 150 31 126561.2652894 179283.0000000 0.2940699
0.58 151 27 126562.2478614 179283.0000000 0.2940644
0.61 152 32 126562.6215272 179283.0000000 0.2940623
0.61 153 32 126563.6159524 179283.0000000 0.2940568
0.62 154 29 126563.7323599 179283.0000000 0.2940561
0.57 155 30 126563.9898262 179283.0000000 0.2940547
0.64 156 29 126564.4025728 179283.0000000 0.2940524
0.60 157 35 126564.5841488 179283.0000000 0.2940514
0.62 158 36 126565.4310572 179283.0000000 0.2940467
0.59 159 34 126565.6576204 179283.0000000 0.2940454
0.62 160 29 126566.2100912 179283.0000000 0.2940423
0.63 161 30 126566.4374875 179283.0000000 0.2940411
0.66 162 33 126566.7809560 179283.0000000 0.2940391
0.57 163 30 126567.0666201 179283.0000000 0.2940375
0.64 164 34 126567.3560433 179283.0000000 0.2940359
0.61 165 32 126567.9434129 179283.0000000 0.2940327
0.62 166 30 126568.0373536 179283.0000000 0.2940321
0.61 167 33 126568.2670723 179283.0000000 0.2940309
0.66 168 38 126568.6038296 179283.0000000 0.2940290
0.67 169 31 126568.7841540 179283.0000000 0.2940280
0.64 170 27 126568.8984044 179283.0000000 0.2940273
0.61 171 30 126569.0525520 179283.0000000 0.2940265
0.66 172 28 126569.0672569 179283.0000000 0.2940264
0.66 173 28 126569.1371252 179283.0000000 0.2940260
0.63 174 30 126569.4222425 179283.0000000 0.2940244
0.68 175 29 126569.5915688 179283.0000000 0.2940235
0.62 176 31 126569.8283491 179283.0000000 0.2940221
0.65 177 29 126570.0251438 179283.0000000 0.2940210
0.66 178 27 126570.1224098 179283.0000000 0.2940205
0.68 179 26 126570.3682207 179283.0000000 0.2940191
0.70 180 29 126570.5549928 179283.0000000 0.2940181
0.63 181 29 126570.6401082 179283.0000000 0.2940176
0.71 182 28 126570.9459212 179283.0000000 0.2940159
0.75 183 31 126571.3008711 179283.0000000 0.2940139
0.65 184 32 126571.4041226 179283.0000000 0.2940134
0.71 185 32 126571.5499573 179283.0000000 0.2940125
0.68 186 30 126571.7398699 179283.0000000 0.2940115
0.69 187 31 126571.9325481 179283.0000000 0.2940104
0.69 188 30 126572.0528748 179283.0000000 0.2940097
0.68 189 30 126572.3016880 179283.0000000 0.2940083
0.68 190 29 126572.5771226 179283.0000000 0.2940068
0.68 191 29 126572.6889351 179283.0000000 0.2940062
0.69 192 30 126572.9173178 179283.0000000 0.2940049
0.68 193 28 126573.0298667 179283.0000000 0.2940043
0.67 194 30 126573.1885321 179283.0000000 0.2940034
0.69 195 30 126573.3669951 179283.0000000 0.2940024
0.67 196 28 126573.5135595 179283.0000000 0.2940016
0.73 197 27 126573.8404996 179283.0000000 0.2939998
0.68 198 30 126574.0286353 179283.0000000 0.2939987
0.68 199 29 126574.2905667 179283.0000000 0.2939973
0.69 200 29 126574.4336727 179283.0000000 0.2939965
0.69 201 29 126574.5974607 179283.0000000 0.2939955
0.66 202 30 126574.8497165 179283.0000000 0.2939941
