0.05 0 0 2836836.6666667 2845420.0000000 0.0030165
0.00 1 28 2841320.8333333 2845420.0000000 0.0014406
0.00 2 17 2841848.7166667 2845420.0000000 0.0012551
0.00 3 17 2842907.2380952 2845420.0000000 0.0008831
0.00 4 13 2843436.5000000 2845420.0000000 0.0006971
0.00 5 9 2843761.0000000 2845420.0000000 0.0005830
0.00 6 9 2844291.2500000 2845420.0000000 0.0003967
0.02 7 8 2844302.1000000 2845420.0000000 0.0003929
0.00 8 6 2844440.1000000 2845420.0000000 0.0003444
0.02 9 12 2844652.6666667 2845420.0000000 0.0002697
0.02 10 4 2844692.0000000 2845420.0000000 0.0002558
0.00 11 3 2844700.7500000 2845420.0000000 0.0002528
0.00 12 3 2844760.7857143 2845420.0000000 0.0002317
0.01 13 3 2844767.0000000 2845420.0000000 0.0002295
0.00 14 2 2844767.0000000 2845420.0000000 0.0002295
0.00 15 2 2844788.5000000 2845420.0000000 0.0002219
0.00 16 1 2844788.5000000 2845420.0000000 0.0002219
0.00 17 1 2844788.5000000 2845420.0000000 0.0002219
0.00 18 2 2844788.5000000 2845420.0000000 0.0002219
0.14 19 2 2844788.5000000 2845420.0000000 0.0002219
0.00 20 1 2844788.5000000 2845420.0000000 0.0002219
0.00 21 1 2844788.5000000 2845420.0000000 0.0002219
0.01 22 2 2844788.5000000 2845420.0000000 0.0002219
0.00 23 1 2844788.5000000 2845420.0000000 0.0002219
0.01 24 2 2844788.5000000 2845420.0000000 0.0002219
