0.92 0 0 2603308.5000000 2611520.0000000 0.0031443
0.04 1 23 2604758.5000000 2611520.0000000 0.0025891
0.10 2 14 2606224.4166667 2611520.0000000 0.0020278
0.08 3 12 2606953.1000000 2611520.0000000 0.0017488
0.03 4 10 2607823.0000000 2611520.0000000 0.0014157
0.06 5 8 2608023.6333333 2611520.0000000 0.0013388
0.08 6 8 2608247.6500000 2611520.0000000 0.0012530
0.11 7 7 2608314.7333333 2611520.0000000 0.0012274
0.06 8 7 2608474.0000000 2611520.0000000 0.0011664
0.09 9 7 2608684.5000000 2611520.0000000 0.0010858
0.06 10 7 2608715.7785714 2611520.0000000 0.0010738
0.06 11 4 2608893.6785714 2611520.0000000 0.0010057
0.06 12 4 2609028.3333333 2611520.0000000 0.0009541
0.06 13 4 2609029.8333333 2611520.0000000 0.0009535
0.06 14 4 2609042.5000000 2611520.0000000 0.0009487
0.03 15 3 2609085.5000000 2611520.0000000 0.0009322
0.08 16 1 2609085.5000000 2611520.0000000 0.0009322
0.06 17 1 2609085.5000000 2611520.0000000 0.0009322
0.06 18 1 2609085.5000000 2611520.0000000 0.0009322
0.06 19 1 2609085.5000000 2611520.0000000 0.0009322
0.06 20 1 2609085.5000000 2611520.0000000 0.0009322
0.06 21 1 2609085.5000000 2611520.0000000 0.0009322
0.08 22 1 2609085.5000000 2611520.0000000 0.0009322
0.06 23 1 2609096.7222222 2611520.0000000 0.0009279
0.08 24 1 2609113.0454545 2611520.0000000 0.0009217
0.08 25 1 2609131.5000000 2611520.0000000 0.0009146
0.06 26 1 2609131.5000000 2611520.0000000 0.0009146
0.22 27 1 2609140.5909091 2611520.0000000 0.0009111
0.08 28 1 2609155.4230769 2611520.0000000 0.0009054
2.11 29 1 2609195.7500000 2611520.0000000 0.0008900
0.06 30 1 2609197.8846154 2611520.0000000 0.0008892
0.05 31 1 2609223.5000000 2611520.0000000 0.0008794
