0.04 0 0 2423977.0000000 2429420.0000000 0.0022405
0.00 1 14 2424980.5000000 2429420.0000000 0.0018274
0.00 2 11 2425882.4333333 2429420.0000000 0.0014561
0.00 3 9 2426850.2500000 2429420.0000000 0.0010578
0.00 4 7 2426975.2500000 2429420.0000000 0.0010063
0.00 5 7 2427025.4500000 2429420.0000000 0.0009856
0.00 6 6 2427350.6250000 2429420.0000000 0.0008518
0.01 7 5 2427551.5000000 2429420.0000000 0.0007691
0.00 8 3 2427577.4166667 2429420.0000000 0.0007584
0.00 9 3 2427798.4166667 2429420.0000000 0.0006675
0.00 10 3 2427830.4166667 2429420.0000000 0.0006543
0.02 11 3 2427873.2994505 2429420.0000000 0.0006367
0.04 12 3 2427998.9166667 2429420.0000000 0.0005849
0.00 13 3 2428025.4166667 2429420.0000000 0.0005740
0.00 14 3 2428029.9166667 2429420.0000000 0.0005722
0.00 15 3 2428035.2045455 2429420.0000000 0.0005700
0.02 16 3 2428050.0166667 2429420.0000000 0.0005639
0.19 17 3 2428052.3500000 2429420.0000000 0.0005630
0.01 18 3 2428082.3500000 2429420.0000000 0.0005506
0.00 19 2 2428088.7149596 2429420.0000000 0.0005480
11.31 20 2 2428097.1151316 2429420.0000000 0.0005445
2.24 21 2 2428101.3026316 2429420.0000000 0.0005428
2.06 22 2 2428124.4692982 2429420.0000000 0.0005333
0.00 23 2 2428137.5166667 2429420.0000000 0.0005279
2.04 24 2 2428149.2023810 2429420.0000000 0.0005231
0.02 25 2 2428185.3055556 2429420.0000000 0.0005082
0.02 26 1 2428185.3055556 2429420.0000000 0.0005082
0.02 27 1 2428186.0048476 2429420.0000000 0.0005079
0.00 28 1 2428190.7500000 2429420.0000000 0.0005060
0.04 29 3 2428190.7500000 2429420.0000000 0.0005060
0.04 30 3 2428191.0033333 2429420.0000000 0.0005059
0.00 31 1 2428195.6833333 2429420.0000000 0.0005040
2.07 32 1 2428196.3605263 2429420.0000000 0.0005037
0.01 33 1 2428196.3605263 2429420.0000000 0.0005037
0.01 34 1 2428197.1443662 2429420.0000000 0.0005034
0.00 35 1 2428199.9942068 2429420.0000000 0.0005022
0.00 36 2 2428201.4857513 2429420.0000000 0.0005016
0.01 37 2 2428205.6833333 2429420.0000000 0.0004998
0.02 38 3 2428213.1875000 2429420.0000000 0.0004967
0.01 39 3 2428216.5750000 2429420.0000000 0.0004954
0.03 40 2 2428221.3943485 2429420.0000000 0.0004934
0.02 41 3 2428233.2838983 2429420.0000000 0.0004885
0.04 42 2 2428233.5615502 2429420.0000000 0.0004884
0.11 43 1 2428244.4075342 2429420.0000000 0.0004839
0.12 44 1 2428247.2283447 2429420.0000000 0.0004827
0.00 45 1 2428254.5192308 2429420.0000000 0.0004797
0.01 46 1 2428254.5192308 2429420.0000000 0.0004797
0.01 47 1 2428254.5378788 2429420.0000000 0.0004797
0.02 48 1 2428256.3766667 2429420.0000000 0.0004790
0.12 49 1 2428259.9943182 2429420.0000000 0.0004775
0.11 50 1 2428259.9943182 2429420.0000000 0.0004775
0.11 51 1 2428260.6216475 2429420.0000000 0.0004772
0.13 52 1 2428262.4512987 2429420.0000000 0.0004765
0.02 53 3 2428263.2829820 2429420.0000000 0.0004761
0.02 54 3 2428264.5491071 2429420.0000000 0.0004756
0.00 55 1 2428265.5216895 2429420.0000000 0.0004752
0.12 56 1 2428265.5221460 2429420.0000000 0.0004752
0.00 57 1 2428266.0601912 2429420.0000000 0.0004750
0.00 58 1 2428266.0601912 2429420.0000000 0.0004750
0.00 59 1 2428266.7773621 2429420.0000000 0.0004747
0.00 60 5 2428267.4343879 2429420.0000000 0.0004744
0.00 61 1 2428272.3991885 2429420.0000000 0.0004724
0.00 62 3 2428277.2349716 2429420.0000000 0.0004704
0.00 63 3 2428283.9585187 2429420.0000000 0.0004676
0.14 64 1 2428288.9025812 2429420.0000000 0.0004656
0.00 65 2 2428288.9025812 2429420.0000000 0.0004656
0.00 66 2 2428289.2275893 2429420.0000000 0.0004654
0.00 67 2 2428292.8957413 2429420.0000000 0.0004639
0.00 68 1 2428294.8020364 2429420.0000000 0.0004632
0.00 69 2 2428295.7534542 2429420.0000000 0.0004628
0.00 70 1 2428296.7769849 2429420.0000000 0.0004623
0.00 71 8 2428296.7845472 2429420.0000000 0.0004623
0.00 72 8 2428297.1070332 2429420.0000000 0.0004622
0.01 73 9 2428297.7227650 2429420.0000000 0.0004620
0.00 74 1 2428300.4366875 2429420.0000000 0.0004608
0.00 75 1 2428303.2873927 2429420.0000000 0.0004597
0.00 76 2 2428306.6657340 2429420.0000000 0.0004583
0.00 77 1 2428310.8135894 2429420.0000000 0.0004566
0.00 78 2 2428316.5454545 2429420.0000000 0.0004542
0.00 79 2 2428318.0978261 2429420.0000000 0.0004536
0.00 80 2 2428319.4035433 2429420.0000000 0.0004530
0.00 81 2 2428322.5317343 2429420.0000000 0.0004517
0.00 82 4 2428322.5984043 2429420.0000000 0.0004517
0.00 83 4 2428327.3793943 2429420.0000000 0.0004497
0.00 84 4 2428329.2883877 2429420.0000000 0.0004490
0.00 85 1 2428331.9094931 2429420.0000000 0.0004479
0.00 86 2 2428334.2556668 2429420.0000000 0.0004469
0.00 87 4 2428337.0351898 2429420.0000000 0.0004458
0.00 88 4 2428337.3779262 2429420.0000000 0.0004456
0.04 89 10 2428338.1639563 2429420.0000000 0.0004453
0.00 90 2 2428339.3975026 2429420.0000000 0.0004448
0.01 91 7 2428340.9892118 2429420.0000000 0.0004441
0.00 92 5 2428342.9504894 2429420.0000000 0.0004433
0.01 93 8 2428344.2002646 2429420.0000000 0.0004428
0.04 94 22 2428345.5023640 2429420.0000000 0.0004423
0.00 95 2 2428346.4908461 2429420.0000000 0.0004419
0.01 96 5 2428347.4918551 2429420.0000000 0.0004415
0.01 97 22 2428347.5658977 2429420.0000000 0.0004414
0.00 98 4 2428347.9118165 2429420.0000000 0.0004413
0.00 99 2 2428349.1172017 2429420.0000000 0.0004408
0.01 100 48 2428350.9572809 2429420.0000000 0.0004400
0.03 101 14 2428353.9453106 2429420.0000000 0.0004388
0.32 102 30 2428356.2089477 2429420.0000000 0.0004379
0.03 103 18 2428361.8356329 2429420.0000000 0.0004356
0.03 104 15 2428365.0842261 2429420.0000000 0.0004342
0.04 105 31 2428370.5410259 2429420.0000000 0.0004320
0.00 106 2 2428371.9113455 2429420.0000000 0.0004314
0.00 107 2 2428374.8621678 2429420.0000000 0.0004302
0.00 108 4 2428376.3593711 2429420.0000000 0.0004296
0.01 109 4 2428378.0403186 2429420.0000000 0.0004289
0.00 110 5 2428379.4000047 2429420.0000000 0.0004283
0.00 111 4 2428380.2065379 2429420.0000000 0.0004280
0.00 112 4 2428381.8295524 2429420.0000000 0.0004273
0.00 113 4 2428383.9409677 2429420.0000000 0.0004265
0.01 114 4 2428386.4861268 2429420.0000000 0.0004254
0.00 115 2 2428387.9399356 2429420.0000000 0.0004248
0.00 116 2 2428388.8352546 2429420.0000000 0.0004244
0.00 117 4 2428389.3108290 2429420.0000000 0.0004243
0.00 118 4 2428389.3142081 2429420.0000000 0.0004243
0.00 119 4 2428390.6010801 2429420.0000000 0.0004237
0.00 120 5 2428392.4592219 2429420.0000000 0.0004230
0.00 121 3 2428394.0829990 2429420.0000000 0.0004223
0.00 122 4 2428394.9773996 2429420.0000000 0.0004219
0.00 123 4 2428395.4954469 2429420.0000000 0.0004217
0.00 124 2 2428395.4954469 2429420.0000000 0.0004217
0.00 125 2 2428396.4401891 2429420.0000000 0.0004213
0.00 126 4 2428399.3676072 2429420.0000000 0.0004201
0.00 127 4 2428403.2996871 2429420.0000000 0.0004185
0.00 128 3 2428404.6433352 2429420.0000000 0.0004179
0.00 129 6 2428406.3533032 2429420.0000000 0.0004172
0.00 130 4 2428406.7113953 2429420.0000000 0.0004171
0.00 131 4 2428406.7113953 2429420.0000000 0.0004171
0.00 132 4 2428407.0159608 2429420.0000000 0.0004170
0.00 133 3 2428407.0159608 2429420.0000000 0.0004170
0.00 134 3 2428407.7507389 2429420.0000000 0.0004167
0.00 135 4 2428408.7866432 2429420.0000000 0.0004162
0.00 136 3 2428408.7866432 2429420.0000000 0.0004162
0.00 137 3 2428409.7500000 2429420.0000000 0.0004158
