0.06 0 0 2582994.0000000 2590330.0000000 0.0028321
0.01 1 26 2585623.5000000 2590330.0000000 0.0018169
0.01 2 17 2586941.6666667 2590330.0000000 0.0013081
0.01 3 10 2587819.3333333 2590330.0000000 0.0009692
0.01 4 7 2588415.0000000 2590330.0000000 0.0007393
0.01 5 5 2588552.0555556 2590330.0000000 0.0006864
0.00 6 4 2588790.8333333 2590330.0000000 0.0005942
0.00 7 4 2588806.5000000 2590330.0000000 0.0005881
0.00 8 4 2588854.1250000 2590330.0000000 0.0005698
0.01 9 4 2588910.2500000 2590330.0000000 0.0005481
0.00 10 3 2588926.6250000 2590330.0000000 0.0005418
0.19 11 3 2589643.2222222 2590330.0000000 0.0002651
0.02 12 2 2589670.6000000 2590330.0000000 0.0002546
0.01 13 2 2589763.6666667 2590330.0000000 0.0002186
0.00 14 2 2589792.5000000 2590330.0000000 0.0002075
0.00 15 2 2589815.3333333 2590330.0000000 0.0001987
0.00 16 2 2589816.0666667 2590330.0000000 0.0001984
0.00 17 2 2589829.8000000 2590330.0000000 0.0001931
0.00 18 2 2589844.9000000 2590330.0000000 0.0001873
0.01 19 2 2589850.6500000 2590330.0000000 0.0001851
0.01 20 2 2589864.4000000 2590330.0000000 0.0001797
0.01 21 2 2589864.4000000 2590330.0000000 0.0001797
0.01 22 2 2589865.6315789 2590330.0000000 0.0001793
2.06 23 2 2589886.1666667 2590330.0000000 0.0001713
0.01 24 2 2589891.0714286 2590330.0000000 0.0001694
2.04 25 2 2589971.0833333 2590330.0000000 0.0001386
0.02 26 2 2589976.2333333 2590330.0000000 0.0001366
0.02 27 2 2589996.8333333 2590330.0000000 0.0001286
0.00 28 1 2589996.8333333 2590330.0000000 0.0001286
0.19 29 1 2589996.8333333 2590330.0000000 0.0001286
0.02 30 1 2589996.8333333 2590330.0000000 0.0001286
0.00 31 1 2589996.8333333 2590330.0000000 0.0001286
2.05 32 1 2590013.2000000 2590330.0000000 0.0001223
0.02 33 1 2590013.2000000 2590330.0000000 0.0001223
0.02 34 1 2590013.2000000 2590330.0000000 0.0001223
0.01 35 1 2590013.2000000 2590330.0000000 0.0001223
24.55 36 1 2590053.7142857 2590330.0000000 0.0001067
0.00 37 1 2590053.7142857 2590330.0000000 0.0001067
0.01 38 1 2590053.7142857 2590330.0000000 0.0001067
0.02 39 1 2590057.4705882 2590330.0000000 0.0001052
2.05 40 1 2590063.5384615 2590330.0000000 0.0001029
2.03 41 1 2590063.5384615 2590330.0000000 0.0001029
24.67 42 1 2590073.7500000 2590330.0000000 0.0000989
2.08 43 1 2590080.2000000 2590330.0000000 0.0000964
0.19 44 1 2590082.4390244 2590330.0000000 0.0000956
0.01 45 1 2590096.4888889 2590330.0000000 0.0000901
6.85 46 1 2590102.9655172 2590330.0000000 0.0000876
9.15 47 1 2590110.1818182 2590330.0000000 0.0000849
0.10 48 1 2590125.4444444 2590330.0000000 0.0000790
0.19 49 1 2590128.4545455 2590330.0000000 0.0000778
0.20 50 1 2590129.0434783 2590330.0000000 0.0000776
2.08 51 1 2590129.0434783 2590330.0000000 0.0000776
2.08 52 1 2590131.7241379 2590330.0000000 0.0000765
0.09 53 1 2590138.9411765 2590330.0000000 0.0000738
24.78 54 1 2590139.6363636 2590330.0000000 0.0000735
9.09 55 1 2590139.8333333 2590330.0000000 0.0000734
0.10 56 1 2590140.2068966 2590330.0000000 0.0000733
0.11 57 1 2590142.0000000 2590330.0000000 0.0000726
