0.07 0 0 2715490.6666666 2725750.0000000 0.0037639
0.01 1 35 2718102.8333333 2725750.0000000 0.0028055
0.02 2 28 2719058.2500000 2725750.0000000 0.0024550
0.01 3 23 2720515.9285714 2725750.0000000 0.0019202
0.01 4 16 2720593.5000000 2725750.0000000 0.0018918
0.01 5 13 2720673.0000000 2725750.0000000 0.0018626
0.01 6 12 2720906.7000000 2725750.0000000 0.0017769
0.01 7 9 2720919.0750000 2725750.0000000 0.0017723
0.01 8 8 2721054.0000000 2725750.0000000 0.0017228
0.02 9 10 2721424.9875000 2725750.0000000 0.0015867
0.04 10 10 2721592.9166667 2725750.0000000 0.0015251
0.01 11 8 2721675.0944444 2725750.0000000 0.0014950
0.01 12 8 2721830.3166667 2725750.0000000 0.0014380
0.01 13 8 2721838.3166667 2725750.0000000 0.0014351
0.01 14 7 2721869.4833333 2725750.0000000 0.0014237
0.03 15 8 2721973.3166667 2725750.0000000 0.0013856
0.03 16 6 2722024.8595238 2725750.0000000 0.0013666
0.03 17 5 2722045.6766667 2725750.0000000 0.0013590
0.19 18 6 2722176.0773810 2725750.0000000 0.0013112
0.05 19 7 2722232.0954545 2725750.0000000 0.0012906
0.20 20 5 2722266.4166667 2725750.0000000 0.0012780
0.19 21 6 2722286.7463298 2725750.0000000 0.0012706
2.06 22 16 2722330.5250485 2725750.0000000 0.0012545
0.67 23 11 2722393.4166667 2725750.0000000 0.0012314
0.04 24 10 2722404.9901961 2725750.0000000 0.0012272
20.05 25 5 2722509.7690476 2725750.0000000 0.0011887
0.40 26 7 2722527.3452381 2725750.0000000 0.0011823
22.24 27 6 2722604.0595238 2725750.0000000 0.0011542
0.07 28 7 2722608.4484127 2725750.0000000 0.0011525
2.31 29 12 2722735.6735589 2725750.0000000 0.0011059
20.00 30 5 2722769.8690476 2725750.0000000 0.0010933
2.14 31 11 2722785.3352814 2725750.0000000 0.0010877
2.03 32 13 2722789.6989177 2725750.0000000 0.0010861
0.01 33 11 2722856.8511905 2725750.0000000 0.0010614
20.22 34 12 2722870.1324405 2725750.0000000 0.0010565
0.01 35 9 2722889.3591019 2725750.0000000 0.0010495
0.01 36 5 2722898.6609731 2725750.0000000 0.0010461
0.28 37 7 2722940.7904040 2725750.0000000 0.0010306
0.03 38 5 2722979.0833333 2725750.0000000 0.0010166
0.05 39 7 2722979.3974695 2725750.0000000 0.0010165
2.05 40 4 2723184.8095238 2725750.0000000 0.0009411
1.69 41 9 2723217.3333333 2725750.0000000 0.0009292
0.01 42 6 2723217.3333333 2725750.0000000 0.0009292
0.01 43 7 2723217.7583333 2725750.0000000 0.0009290
0.01 44 6 2723219.2222222 2725750.0000000 0.0009285
0.06 45 6 2723221.0748485 2725750.0000000 0.0009278
0.88 46 5 2723229.6166667 2725750.0000000 0.0009247
0.03 47 4 2723230.5243590 2725750.0000000 0.0009243
0.01 48 7 2723236.4166667 2725750.0000000 0.0009222
0.20 49 3 2723236.4166667 2725750.0000000 0.0009222
0.01 50 2 2723236.4166667 2725750.0000000 0.0009222
0.01 51 2 2723236.4166667 2725750.0000000 0.0009222
0.19 52 2 2723236.4166667 2725750.0000000 0.0009222
0.01 53 2 2723236.4166667 2725750.0000000 0.0009222
0.01 54 2 2723236.4166667 2725750.0000000 0.0009222
0.01 55 2 2723236.4166667 2725750.0000000 0.0009222
2.05 56 2 2723236.4166667 2725750.0000000 0.0009222
0.01 57 2 2723236.4166667 2725750.0000000 0.0009222
2.07 58 2 2723237.0833333 2725750.0000000 0.0009219
0.01 59 1 2723237.0833333 2725750.0000000 0.0009219
0.01 60 1 2723237.0833333 2725750.0000000 0.0009219
0.01 61 1 2723237.0833333 2725750.0000000 0.0009219
0.01 62 1 2723237.0833333 2725750.0000000 0.0009219
0.01 63 1 2723237.0833333 2725750.0000000 0.0009219
0.01 64 1 2723237.0833333 2725750.0000000 0.0009219
0.01 65 1 2723237.0833333 2725750.0000000 0.0009219
0.01 66 1 2723237.0833333 2725750.0000000 0.0009219
0.01 67 1 2723237.0833333 2725750.0000000 0.0009219
0.01 68 1 2723237.0833333 2725750.0000000 0.0009219
0.02 69 1 2723237.0833333 2725750.0000000 0.0009219
0.01 70 1 2723237.0833333 2725750.0000000 0.0009219
0.01 71 1 2723237.0833333 2725750.0000000 0.0009219
0.01 72 1 2723237.0833333 2725750.0000000 0.0009219
0.01 73 1 2723237.0833333 2725750.0000000 0.0009219
0.01 74 1 2723237.0833333 2725750.0000000 0.0009219
0.01 75 1 2723237.0833333 2725750.0000000 0.0009219
0.02 76 1 2723237.0833333 2725750.0000000 0.0009219
0.01 77 1 2723237.0833333 2725750.0000000 0.0009219
0.01 78 1 2723237.0833333 2725750.0000000 0.0009219
0.03 79 1 2723237.0833333 2725750.0000000 0.0009219
0.01 80 1 2723237.0833333 2725750.0000000 0.0009219
0.03 81 1 2723237.0833333 2725750.0000000 0.0009219
0.01 82 1 2723237.0833333 2725750.0000000 0.0009219
0.01 83 1 2723237.0833333 2725750.0000000 0.0009219
0.01 84 1 2723237.0833333 2725750.0000000 0.0009219
0.01 85 1 2723237.0833333 2725750.0000000 0.0009219
0.01 86 1 2723237.0833333 2725750.0000000 0.0009219
0.18 87 1 2723237.0833333 2725750.0000000 0.0009219
0.01 88 1 2723237.0833333 2725750.0000000 0.0009219
0.01 89 1 2723237.0833333 2725750.0000000 0.0009219
0.01 90 1 2723237.0833333 2725750.0000000 0.0009219
0.01 91 1 2723237.0833333 2725750.0000000 0.0009219
0.02 92 1 2723237.0833333 2725750.0000000 0.0009219
0.03 93 1 2723237.0833333 2725750.0000000 0.0009219
0.01 94 1 2723237.0833333 2725750.0000000 0.0009219
0.02 95 1 2723237.0833333 2725750.0000000 0.0009219
0.19 96 1 2723237.0833333 2725750.0000000 0.0009219
0.01 97 1 2723237.0833333 2725750.0000000 0.0009219
0.02 98 1 2723237.0833333 2725750.0000000 0.0009219
0.01 99 1 2723237.0833333 2725750.0000000 0.0009219
0.01 100 1 2723237.0833333 2725750.0000000 0.0009219
0.19 101 1 2723237.0833333 2725750.0000000 0.0009219
0.19 102 1 2723237.0833333 2725750.0000000 0.0009219
0.02 103 1 2723237.0833333 2725750.0000000 0.0009219
24.47 104 1 2723237.0833333 2725750.0000000 0.0009219
0.02 105 1 2723237.0833333 2725750.0000000 0.0009219
0.01 106 1 2723237.0833333 2725750.0000000 0.0009219
0.19 107 1 2723238.0300000 2725750.0000000 0.0009216
0.01 108 2 2723238.3602850 2725750.0000000 0.0009214
0.01 109 2 2723239.7219888 2725750.0000000 0.0009209
0.01 110 2 2723240.6920290 2725750.0000000 0.0009206
0.01 111 2 2723240.6920290 2725750.0000000 0.0009206
0.01 112 2 2723241.5327715 2725750.0000000 0.0009203
0.01 113 2 2723241.5327715 2725750.0000000 0.0009203
0.01 114 2 2723241.5327715 2725750.0000000 0.0009203
0.01 115 2 2723242.2009804 2725750.0000000 0.0009200
0.01 116 1 2723243.1531008 2725750.0000000 0.0009197
0.01 117 1 2723243.6083333 2725750.0000000 0.0009195
0.01 118 1 2723246.7500000 2725750.0000000 0.0009184
0.19 119 1 2723246.7500000 2725750.0000000 0.0009184
2.04 120 1 2723246.7500000 2725750.0000000 0.0009184
2.05 121 1 2723248.7390710 2725750.0000000 0.0009176
0.01 122 2 2723260.4833333 2725750.0000000 0.0009133
6.85 123 3 2723260.9500000 2725750.0000000 0.0009132
0.01 124 3 2723267.2833333 2725750.0000000 0.0009108
2.03 125 1 2723267.2833333 2725750.0000000 0.0009108
0.01 126 1 2723267.4175913 2725750.0000000 0.0009108
0.01 127 1 2723271.9294872 2725750.0000000 0.0009091
2.02 128 1 2723271.9294872 2725750.0000000 0.0009091
0.01 129 1 2723271.9294872 2725750.0000000 0.0009091
2.05 130 1 2723271.9294872 2725750.0000000 0.0009091
0.01 131 1 2723272.2784553 2725750.0000000 0.0009090
0.01 132 2 2723287.2833333 2725750.0000000 0.0009035
0.25 133 2 2723287.4166667 2725750.0000000 0.0009035
24.48 134 1 2723287.4166667 2725750.0000000 0.0009035
0.01 135 1 2723287.4166667 2725750.0000000 0.0009035
0.01 136 1 2723287.4166667 2725750.0000000 0.0009035
0.01 137 1 2723287.4166667 2725750.0000000 0.0009035
0.01 138 1 2723287.4166667 2725750.0000000 0.0009035
0.01 139 1 2723287.4166667 2725750.0000000 0.0009035
0.01 140 1 2723287.4166667 2725750.0000000 0.0009035
0.01 141 1 2723287.4166667 2725750.0000000 0.0009035
0.03 142 1 2723287.4166667 2725750.0000000 0.0009035
0.01 143 1 2723287.4166667 2725750.0000000 0.0009035
2.05 144 1 2723287.4166667 2725750.0000000 0.0009035
24.47 145 1 2723287.4166667 2725750.0000000 0.0009035
0.01 146 1 2723287.4166667 2725750.0000000 0.0009035
0.01 147 1 2723287.4166667 2725750.0000000 0.0009035
0.01 148 1 2723287.4166667 2725750.0000000 0.0009035
0.03 149 1 2723287.4166667 2725750.0000000 0.0009035
0.01 150 1 2723287.4166667 2725750.0000000 0.0009035
24.71 151 1 2723287.4166667 2725750.0000000 0.0009035
0.01 152 1 2723287.4166667 2725750.0000000 0.0009035
0.01 153 1 2723287.4166667 2725750.0000000 0.0009035
0.01 154 1 2723287.4166667 2725750.0000000 0.0009035
0.01 155 1 2723287.4166667 2725750.0000000 0.0009035
0.01 156 1 2723287.4166667 2725750.0000000 0.0009035
0.03 157 1 2723287.4166667 2725750.0000000 0.0009035
0.01 158 1 2723287.7635390 2725750.0000000 0.0009033
0.01 159 1 2723289.0307018 2725750.0000000 0.0009029
0.01 160 2 2723289.6456229 2725750.0000000 0.0009026
0.01 161 1 2723290.0833333 2725750.0000000 0.0009025
