0.01 0 0 1688793.3333333 1696890.0000000 0.0047715
0.00 1 22 1691581.5000000 1696890.0000000 0.0031284
0.00 2 17 1692590.0000000 1696890.0000000 0.0025340
0.00 3 15 1692893.2000000 1696890.0000000 0.0023554
0.00 4 10 1693941.4365079 1696890.0000000 0.0017376
0.00 5 8 1694392.4166667 1696890.0000000 0.0014719
0.00 6 6 1694848.5000000 1696890.0000000 0.0012031
0.00 7 5 1694894.6666667 1696890.0000000 0.0011759
0.00 8 5 1694948.3666667 1696890.0000000 0.0011442
0.01 9 5 1695314.2733333 1696890.0000000 0.0009286
0.00 10 5 1695342.7857143 1696890.0000000 0.0009118
0.00 11 4 1695347.4285714 1696890.0000000 0.0009091
0.00 12 4 1695347.4285714 1696890.0000000 0.0009091
0.00 13 4 1695374.3285714 1696890.0000000 0.0008932
0.00 14 4 1695423.4285714 1696890.0000000 0.0008643
0.00 15 4 1695435.1285714 1696890.0000000 0.0008574
0.00 16 4 1695471.2619048 1696890.0000000 0.0008361
0.01 17 4 1695481.9285714 1696890.0000000 0.0008298
0.02 18 3 1695507.5439560 1696890.0000000 0.0008147
0.18 19 3 1695560.5285714 1696890.0000000 0.0007835
0.02 20 3 1695560.5285714 1696890.0000000 0.0007835
0.18 21 3 1695571.7657143 1696890.0000000 0.0007769
0.20 22 3 1695596.1818182 1696890.0000000 0.0007625
0.02 23 3 1695598.1638655 1696890.0000000 0.0007613
2.23 24 3 1695636.6703747 1696890.0000000 0.0007386
2.06 25 3 1695650.1785714 1696890.0000000 0.0007306
0.02 26 3 1695700.2568543 1696890.0000000 0.0007011
24.86 27 3 1695861.0952381 1696890.0000000 0.0006063
0.00 28 2 1695874.8303571 1696890.0000000 0.0005983
2.08 29 2 1695990.2619048 1696890.0000000 0.0005302
0.00 30 1 1695990.2619048 1696890.0000000 0.0005302
0.00 31 1 1695990.2619048 1696890.0000000 0.0005302
0.00 32 1 1695990.2619048 1696890.0000000 0.0005302
0.00 33 1 1695990.2619048 1696890.0000000 0.0005302
0.00 34 1 1695990.2619048 1696890.0000000 0.0005302
0.00 35 1 1695990.2619048 1696890.0000000 0.0005302
0.00 36 1 1696036.7857143 1696890.0000000 0.0005028
0.00 37 1 1696036.7857143 1696890.0000000 0.0005028
0.00 38 1 1696036.7857143 1696890.0000000 0.0005028
0.19 39 1 1696050.0952381 1696890.0000000 0.0004950
0.00 40 1 1696050.0952381 1696890.0000000 0.0004950
0.00 41 1 1696058.4015444 1696890.0000000 0.0004901
22.61 42 1 1696109.9285714 1696890.0000000 0.0004597
0.00 43 1 1696118.0085714 1696890.0000000 0.0004549
0.19 44 1 1696139.7285714 1696890.0000000 0.0004421
0.00 45 1 1696139.7285714 1696890.0000000 0.0004421
0.19 46 1 1696140.5535714 1696890.0000000 0.0004417
0.00 47 1 1696140.5535714 1696890.0000000 0.0004417
0.00 48 1 1696145.4285714 1696890.0000000 0.0004388
1.10 49 1 1696155.9285714 1696890.0000000 0.0004326
