1.26 0 0 1002954.6166667 1006460.0000000 0.0034829
0.04 1 54 1003544.5429487 1006460.0000000 0.0028967
0.04 2 49 1003852.2738095 1006460.0000000 0.0025910
0.04 3 48 1004336.7731685 1006460.0000000 0.0021096
0.12 4 54 1004435.9000000 1006460.0000000 0.0020111
0.26 5 51 1004587.0871172 1006460.0000000 0.0018609
15.93 6 43 1004699.8752033 1006460.0000000 0.0017488
15.99 7 58 1004765.3844379 1006460.0000000 0.0016837
0.06 8 34 1004800.7455181 1006460.0000000 0.0016486
0.69 9 63 1004828.1581248 1006460.0000000 0.0016214
0.64 10 48 1004868.7839613 1006460.0000000 0.0015810
0.43 11 78 1004975.2145621 1006460.0000000 0.0014753
0.57 12 56 1005033.1961247 1006460.0000000 0.0014176
2.96 13 90 1005060.8037507 1006460.0000000 0.0013902
2.66 14 28 1005080.0167804 1006460.0000000 0.0013711
26.68 15 69 1005204.1832539 1006460.0000000 0.0012478
2.65 16 32 1005241.5700966 1006460.0000000 0.0012106
9.68 17 46 1005275.2197916 1006460.0000000 0.0011772
29.59 18 51 1005310.8349517 1006460.0000000 0.0011418
37.95 19 52 1005344.4460826 1006460.0000000 0.0011084
4.80 20 101 1005388.3712507 1006460.0000000 0.0010648
4.19 21 34 1005432.5703517 1006460.0000000 0.0010208
28.16 22 69 1005449.3386849 1006460.0000000 0.0010042
4.59 23 69 1005465.9364037 1006460.0000000 0.0009877
0.41 24 37 1005479.8154081 1006460.0000000 0.0009739
10.74 25 66 1005512.1111171 1006460.0000000 0.0009418
1.67 26 48 1005523.9937511 1006460.0000000 0.0009300
0.68 27 59 1005533.0005391 1006460.0000000 0.0009210
35.70 28 47 1005560.1582528 1006460.0000000 0.0008941
1.65 29 23 1005566.5939756 1006460.0000000 0.0008877
2.84 30 31 1005571.9415819 1006460.0000000 0.0008824
7.02 31 27 1005576.4660897 1006460.0000000 0.0008779
0.20 32 33 1005579.6557354 1006460.0000000 0.0008747
24.86 33 38 1005585.7375643 1006460.0000000 0.0008687
0.14 34 28 1005589.5148194 1006460.0000000 0.0008649
0.21 35 19 1005597.3676076 1006460.0000000 0.0008571
9.30 36 43 1005601.0309553 1006460.0000000 0.0008535
0.26 37 29 1005604.0715733 1006460.0000000 0.0008504
0.69 38 36 1005612.2244259 1006460.0000000 0.0008423
0.04 39 49 1005615.4182289 1006460.0000000 0.0008392
0.07 40 35 1005622.3685659 1006460.0000000 0.0008323
0.06 41 74 1005629.3734696 1006460.0000000 0.0008253
0.89 42 66 1005637.4839753 1006460.0000000 0.0008172
1.10 43 97 1005638.0693675 1006460.0000000 0.0008167
1.31 44 104 1005643.1818307 1006460.0000000 0.0008116
1.11 45 121 1005644.4946998 1006460.0000000 0.0008103
