2.17 0 0 1147777.6666667 1153870.0000000 0.0052799
0.10 1 70 1148005.6666667 1153870.0000000 0.0050823
0.17 2 74 1148331.7389881 1153870.0000000 0.0047997
0.15 3 78 1148759.5991667 1153870.0000000 0.0044289
0.30 4 68 1149190.8630952 1153870.0000000 0.0040552
2.19 5 72 1149265.3392857 1153870.0000000 0.0039906
2.16 6 69 1149419.8201632 1153870.0000000 0.0038567
0.42 7 57 1150126.3876889 1153870.0000000 0.0032444
2.22 8 61 1150260.0712454 1153870.0000000 0.0031285
0.16 9 71 1150314.4939907 1153870.0000000 0.0030814
2.73 10 72 1150415.7847222 1153870.0000000 0.0029936
0.50 11 39 1150497.6687479 1153870.0000000 0.0029226
0.35 12 37 1150579.7741758 1153870.0000000 0.0028515
52.14 13 35 1150688.1779304 1153870.0000000 0.0027575
13.87 14 41 1150730.3539302 1153870.0000000 0.0027210
0.55 15 36 1150790.6376041 1153870.0000000 0.0026687
0.56 16 31 1150854.9357547 1153870.0000000 0.0026130
23.65 17 28 1150914.2314350 1153870.0000000 0.0025616
1.15 18 25 1150934.5572654 1153870.0000000 0.0025440
0.43 19 30 1150960.9001984 1153870.0000000 0.0025212
10.33 20 27 1151002.4670473 1153870.0000000 0.0024851
2.65 21 26 1151044.6256144 1153870.0000000 0.0024486
16.21 22 25 1151077.1440337 1153870.0000000 0.0024204
0.75 23 22 1151101.1408527 1153870.0000000 0.0023996
1.76 24 18 1151120.8031145 1153870.0000000 0.0023826
17.31 25 16 1151136.1660765 1153870.0000000 0.0023693
20.90 26 19 1151152.7304374 1153870.0000000 0.0023549
9.74 27 19 1151161.8269195 1153870.0000000 0.0023470
18.53 28 16 1151172.0911397 1153870.0000000 0.0023381
0.97 29 19 1151193.3512912 1153870.0000000 0.0023197
1.67 30 17 1151227.5887281 1153870.0000000 0.0022900
5.47 31 18 1151251.7540730 1153870.0000000 0.0022691
11.55 32 16 1151257.4174830 1153870.0000000 0.0022642
6.95 33 19 1151261.3018400 1153870.0000000 0.0022608
2.14 34 18 1151273.3388561 1153870.0000000 0.0022504
1.80 35 19 1151285.1507076 1153870.0000000 0.0022402
9.75 36 19 1151297.4730431 1153870.0000000 0.0022295
16.29 37 22 1151304.4567666 1153870.0000000 0.0022234
17.56 38 17 1151320.7141428 1153870.0000000 0.0022093
13.83 39 18 1151358.5240337 1153870.0000000 0.0021766
1.75 40 20 1151367.3512140 1153870.0000000 0.0021689
2.64 41 20 1151383.4027354 1153870.0000000 0.0021550
0.29 42 19 1151393.0879934 1153870.0000000 0.0021466
