2.21 0 0 1098263.2333333 1102590.0000000 0.0039242
0.08 1 72 1098701.6666667 1102590.0000000 0.0035265
0.08 2 55 1098985.8847222 1102590.0000000 0.0032688
0.13 3 55 1099290.3916667 1102590.0000000 0.0029926
0.08 4 36 1099513.0892857 1102590.0000000 0.0027906
0.09 5 38 1099652.9932540 1102590.0000000 0.0026637
0.26 6 37 1099763.5119048 1102590.0000000 0.0025635
0.48 7 38 1099849.3109890 1102590.0000000 0.0024857
1.15 8 42 1099973.4587954 1102590.0000000 0.0023731
0.59 9 40 1100025.1630952 1102590.0000000 0.0023262
7.60 10 40 1100135.7735100 1102590.0000000 0.0022259
0.19 11 47 1100306.8126623 1102590.0000000 0.0020707
1.59 12 42 1100378.9833558 1102590.0000000 0.0020053
0.70 13 35 1100440.9165846 1102590.0000000 0.0019491
4.29 14 40 1100461.6120371 1102590.0000000 0.0019304
26.10 15 39 1100556.2367802 1102590.0000000 0.0018445
24.75 16 34 1100586.7907856 1102590.0000000 0.0018168
2.72 17 38 1100629.0613862 1102590.0000000 0.0017785
0.49 18 46 1100651.5961758 1102590.0000000 0.0017580
49.95 19 33 1100691.0197162 1102590.0000000 0.0017223
2.53 20 31 1100730.9179113 1102590.0000000 0.0016861
2.66 21 30 1100744.7157658 1102590.0000000 0.0016736
25.93 22 31 1100752.7762698 1102590.0000000 0.0016663
17.00 23 32 1100769.1474633 1102590.0000000 0.0016514
25.21 24 35 1100783.5430125 1102590.0000000 0.0016384
19.85 25 29 1100797.8167599 1102590.0000000 0.0016254
0.08 26 30 1100802.6344743 1102590.0000000 0.0016211
2.57 27 41 1100822.9218773 1102590.0000000 0.0016027
1.18 28 34 1100829.7557344 1102590.0000000 0.0015965
1.56 29 27 1100832.1373735 1102590.0000000 0.0015943
0.50 30 36 1100842.5111611 1102590.0000000 0.0015849
25.83 31 41 1100848.9339634 1102590.0000000 0.0015791
2.45 32 32 1100902.6312098 1102590.0000000 0.0015304
26.95 33 18 1100913.2055151 1102590.0000000 0.0015208
9.67 34 17 1100925.6880699 1102590.0000000 0.0015095
