0.17 0 0 822339.4166667 825594.0000000 0.0039421
0.01 1 39 822889.5416667 825594.0000000 0.0032758
0.01 2 33 823376.4000000 825594.0000000 0.0026861
0.02 3 34 823949.4166667 825594.0000000 0.0019920
0.02 4 29 824140.9285714 825594.0000000 0.0017600
0.02 5 25 824444.3750000 825594.0000000 0.0013925
0.02 6 17 824558.6388889 825594.0000000 0.0012541
0.33 7 14 824779.4976190 825594.0000000 0.0009866
0.02 8 14 824904.5892857 825594.0000000 0.0008350
0.02 9 12 824933.9805195 825594.0000000 0.0007994
0.01 10 10 824947.4876623 825594.0000000 0.0007831
0.02 11 12 824975.3166667 825594.0000000 0.0007494
0.12 12 9 825022.3452381 825594.0000000 0.0006924
0.03 13 8 825078.2085714 825594.0000000 0.0006248
0.04 14 10 825114.0197502 825594.0000000 0.0005814
0.04 15 12 825152.3937439 825594.0000000 0.0005349
5.08 16 11 825199.4545455 825594.0000000 0.0004779
0.23 17 7 825208.3666667 825594.0000000 0.0004671
0.20 18 5 825222.3750000 825594.0000000 0.0004501
0.50 19 9 825237.9444444 825594.0000000 0.0004313
0.03 20 9 825270.6623932 825594.0000000 0.0003916
0.44 21 9 825294.3666667 825594.0000000 0.0003629
0.65 22 8 825304.8282828 825594.0000000 0.0003503
0.26 23 9 825312.3839965 825594.0000000 0.0003411
1.32 24 7 825341.6375000 825594.0000000 0.0003057
0.36 25 6 825352.3833333 825594.0000000 0.0002927
0.03 26 3 825357.1743590 825594.0000000 0.0002869
1.67 27 5 825363.9379310 825594.0000000 0.0002787
0.05 28 7 825370.8125000 825594.0000000 0.0002703
0.27 29 6 825374.8717949 825594.0000000 0.0002654
0.20 30 4 825382.6928571 825594.0000000 0.0002559
0.04 31 7 825385.8833333 825594.0000000 0.0002521
0.05 32 5 825386.9456044 825594.0000000 0.0002508
0.29 33 6 825390.3732323 825594.0000000 0.0002466
0.10 34 8 825396.2116162 825594.0000000 0.0002396
0.03 35 9 825401.6194444 825594.0000000 0.0002330
0.09 36 8 825402.7944444 825594.0000000 0.0002316
0.20 37 10 825408.4905573 825594.0000000 0.0002247
1.67 38 10 825424.3000000 825594.0000000 0.0002055
1.30 39 6 825429.1451613 825594.0000000 0.0001997
0.20 40 7 825444.5619048 825594.0000000 0.0001810
0.21 41 6 825452.3523810 825594.0000000 0.0001716
0.03 42 10 825456.4666667 825594.0000000 0.0001666
1.38 43 5 825467.6750000 825594.0000000 0.0001530
0.07 44 5 825469.3000000 825594.0000000 0.0001510
