2.10 0 0 1136666.5153846 1140600.0000000 0.0034486
0.08 1 56 1137175.0388889 1140600.0000000 0.0030028
0.09 2 48 1137407.3210317 1140600.0000000 0.0027991
0.29 3 51 1137692.4187500 1140600.0000000 0.0025492
0.12 4 38 1138041.5827381 1140600.0000000 0.0022430
1.58 5 40 1138182.9482906 1140600.0000000 0.0021191
0.10 6 31 1138296.6500000 1140600.0000000 0.0020194
0.27 7 31 1138441.1342262 1140600.0000000 0.0018927
0.48 8 35 1138472.9144080 1140600.0000000 0.0018649
2.17 9 32 1138531.7860043 1140600.0000000 0.0018133
0.43 10 31 1138633.3310897 1140600.0000000 0.0017242
4.56 11 30 1138688.1049782 1140600.0000000 0.0016762
18.35 12 25 1138726.4666667 1140600.0000000 0.0016426
0.12 13 26 1138765.1504141 1140600.0000000 0.0016087
0.26 14 22 1138849.7773114 1140600.0000000 0.0015345
21.43 15 27 1138947.0931719 1140600.0000000 0.0014492
0.20 16 25 1138973.0586912 1140600.0000000 0.0014264
0.29 17 20 1138993.8003357 1140600.0000000 0.0014082
3.18 18 29 1139021.1029133 1140600.0000000 0.0013843
16.04 19 26 1139064.3515625 1140600.0000000 0.0013464
0.38 20 22 1139143.7409722 1140600.0000000 0.0012767
1.11 21 20 1139155.5808351 1140600.0000000 0.0012664
24.80 22 23 1139231.2363602 1140600.0000000 0.0012000
0.23 23 25 1139236.3247267 1140600.0000000 0.0011956
2.25 24 25 1139254.4092600 1140600.0000000 0.0011797
3.72 25 23 1139438.7713664 1140600.0000000 0.0010181
1.24 26 26 1139450.7435293 1140600.0000000 0.0010076
1.81 27 22 1139472.5414973 1140600.0000000 0.0009885
0.12 28 19 1139492.2862591 1140600.0000000 0.0009712
10.76 29 20 1139501.1841400 1140600.0000000 0.0009634
0.33 30 20 1139520.0045878 1140600.0000000 0.0009469
15.95 31 16 1139528.6699486 1140600.0000000 0.0009393
2.34 32 15 1139538.7718300 1140600.0000000 0.0009304
4.70 33 13 1139548.0392641 1140600.0000000 0.0009223
0.12 34 13 1139558.4760432 1140600.0000000 0.0009131
0.41 35 13 1139564.3006212 1140600.0000000 0.0009080
0.07 36 15 1139576.9377168 1140600.0000000 0.0008970
1.27 37 14 1139590.2046908 1140600.0000000 0.0008853
10.26 38 19 1139597.8870003 1140600.0000000 0.0008786
0.11 39 14 1139603.7530950 1140600.0000000 0.0008734
8.76 40 20 1139617.9250944 1140600.0000000 0.0008610
0.04 41 14 1139624.8784647 1140600.0000000 0.0008549
0.16 42 18 1139631.6877842 1140600.0000000 0.0008489
0.09 43 19 1139635.8242814 1140600.0000000 0.0008453
0.22 44 14 1139641.9532535 1140600.0000000 0.0008399
0.37 45 18 1139663.0292672 1140600.0000000 0.0008215
0.23 46 12 1139666.2056329 1140600.0000000 0.0008187
0.57 47 12 1139668.5309516 1140600.0000000 0.0008166
0.34 48 15 1139669.6366382 1140600.0000000 0.0008157
0.28 49 15 1139671.6792951 1140600.0000000 0.0008139
0.19 50 15 1139675.1045673 1140600.0000000 0.0008109
0.18 51 18 1139680.9907530 1140600.0000000 0.0008057
0.77 52 8 1139682.4720567 1140600.0000000 0.0008044
0.12 53 13 1139685.2605619 1140600.0000000 0.0008020
0.07 54 11 1139687.8203552 1140600.0000000 0.0007997
0.08 55 13 1139697.6199337 1140600.0000000 0.0007911
2.45 56 19 1139703.2346290 1140600.0000000 0.0007862
0.68 57 17 1139708.6474059 1140600.0000000 0.0007815
2.46 58 13 1139715.0287068 1140600.0000000 0.0007759
0.79 59 9 1139717.7382886 1140600.0000000 0.0007735
1.58 60 10 1139720.7656814 1140600.0000000 0.0007709
9.22 61 9 1139727.6233602 1140600.0000000 0.0007648
9.20 62 10 1139733.0574065 1140600.0000000 0.0007601
9.20 63 8 1139736.5461465 1140600.0000000 0.0007570
0.08 64 11 1139740.0498746 1140600.0000000 0.0007539
7.26 65 9 1139742.9021535 1140600.0000000 0.0007514
0.41 66 12 1139745.6146250 1140600.0000000 0.0007491
0.27 67 8 1139748.8900396 1140600.0000000 0.0007462
0.49 68 16 1139751.6783879 1140600.0000000 0.0007438
0.08 69 14 1139753.9256536 1140600.0000000 0.0007418
0.07 70 7 1139758.2926758 1140600.0000000 0.0007380
0.10 71 16 1139759.7255393 1140600.0000000 0.0007367
0.08 72 10 1139761.7352306 1140600.0000000 0.0007349
0.09 73 15 1139762.4870657 1140600.0000000 0.0007343
0.10 74 6 1139764.0883174 1140600.0000000 0.0007329
0.07 75 6 1139767.3730919 1140600.0000000 0.0007300
0.07 76 8 1139768.4079468 1140600.0000000 0.0007291
0.08 77 6 1139770.3862142 1140600.0000000 0.0007273
0.08 78 6 1139771.8739633 1140600.0000000 0.0007260
0.25 79 5 1139774.7544141 1140600.0000000 0.0007235
0.08 80 6 1139778.3549256 1140600.0000000 0.0007204
0.08 81 5 1139783.9447743 1140600.0000000 0.0007155
0.09 82 8 1139785.2717536 1140600.0000000 0.0007143
0.09 83 8 1139787.1051198 1140600.0000000 0.0007127
0.09 84 10 1139788.8312934 1140600.0000000 0.0007112
0.10 85 6 1139789.6901707 1140600.0000000 0.0007104
0.10 86 8 1139791.9161659 1140600.0000000 0.0007085
0.11 87 8 1139793.6767064 1140600.0000000 0.0007069
0.10 88 7 1139795.6698577 1140600.0000000 0.0007052
0.14 89 6 1139796.8776118 1140600.0000000 0.0007041
0.12 90 7 1139798.7640498 1140600.0000000 0.0007025
0.09 91 8 1139801.4443507 1140600.0000000 0.0007001
0.66 92 8 1139803.9990307 1140600.0000000 0.0006979
0.26 93 7 1139806.2754802 1140600.0000000 0.0006959
0.08 94 5 1139808.2705501 1140600.0000000 0.0006941
0.27 95 6 1139809.7351389 1140600.0000000 0.0006929
1.92 96 8 1139812.4812843 1140600.0000000 0.0006904
0.12 97 6 1139814.8336035 1140600.0000000 0.0006884
0.14 98 8 1139817.2428206 1140600.0000000 0.0006863
0.22 99 7 1139821.2314665 1140600.0000000 0.0006828
0.16 100 11 1139822.1537594 1140600.0000000 0.0006820
0.47 101 7 1139823.0175265 1140600.0000000 0.0006812
0.19 102 7 1139824.4971822 1140600.0000000 0.0006799
0.14 103 12 1139825.9354620 1140600.0000000 0.0006786
0.29 104 11 1139828.4014475 1140600.0000000 0.0006765
0.09 105 7 1139832.3254063 1140600.0000000 0.0006730
0.12 106 8 1139834.3790554 1140600.0000000 0.0006712
0.24 107 8 1139837.4063556 1140600.0000000 0.0006686
1.84 108 8 1139840.0941040 1140600.0000000 0.0006662
0.10 109 6 1139841.8563469 1140600.0000000 0.0006647
0.10 110 5 1139844.9877651 1140600.0000000 0.0006619
0.36 111 6 1139846.4080978 1140600.0000000 0.0006607
0.15 112 9 1139848.3025930 1140600.0000000 0.0006590
0.31 113 7 1139850.1481003 1140600.0000000 0.0006574
0.12 114 8 1139851.4696890 1140600.0000000 0.0006563
0.09 115 9 1139853.3251667 1140600.0000000 0.0006546
0.10 116 9 1139854.7906533 1140600.0000000 0.0006533
0.09 117 8 1139856.3056402 1140600.0000000 0.0006520
0.12 118 10 1139857.6456954 1140600.0000000 0.0006508
0.10 119 9 1139858.5325157 1140600.0000000 0.0006501
0.10 120 9 1139859.5163745 1140600.0000000 0.0006492
1.00 121 7 1139860.2903989 1140600.0000000 0.0006485
0.12 122 6 1139861.6310715 1140600.0000000 0.0006474
0.09 123 10 1139865.2292333 1140600.0000000 0.0006442
0.12 124 8 1139869.6647726 1140600.0000000 0.0006403
0.10 125 10 1139873.6982628 1140600.0000000 0.0006368
0.22 126 10 1139876.0912492 1140600.0000000 0.0006347
0.14 127 11 1139877.9528806 1140600.0000000 0.0006330
0.20 128 8 1139879.6211735 1140600.0000000 0.0006316
0.14 129 8 1139881.1497086 1140600.0000000 0.0006302
0.13 130 9 1139882.2264253 1140600.0000000 0.0006293
0.13 131 10 1139882.8548549 1140600.0000000 0.0006287
0.12 132 8 1139883.9956565 1140600.0000000 0.0006277
0.11 133 7 1139884.6283844 1140600.0000000 0.0006272
0.12 134 6 1139885.5646076 1140600.0000000 0.0006264
6.83 135 9 1139886.3678324 1140600.0000000 0.0006257
0.77 136 8 1139886.8756059 1140600.0000000 0.0006252
0.19 137 9 1139887.5214465 1140600.0000000 0.0006247
0.74 138 8 1139891.6762960 1140600.0000000 0.0006210
0.12 139 9 1139893.2480572 1140600.0000000 0.0006196
1.01 140 11 1139894.5377369 1140600.0000000 0.0006185
0.16 141 8 1139898.7924183 1140600.0000000 0.0006148
0.18 142 7 1139902.6221742 1140600.0000000 0.0006114
1.03 143 9 1139905.7817043 1140600.0000000 0.0006086
12.75 144 8 1139907.1054923 1140600.0000000 0.0006075
0.20 145 10 1139909.1508489 1140600.0000000 0.0006057
12.84 146 8 1139911.6679639 1140600.0000000 0.0006035
12.44 147 6 1139913.0815673 1140600.0000000 0.0006022
0.11 148 8 1139915.3896529 1140600.0000000 0.0006002
0.26 149 8 1139917.5549988 1140600.0000000 0.0005983
1.08 150 9 1139919.1065150 1140600.0000000 0.0005970
0.18 151 10 1139920.4700521 1140600.0000000 0.0005958
0.95 152 11 1139921.8325737 1140600.0000000 0.0005946
4.84 153 10 1139923.1531554 1140600.0000000 0.0005934
0.13 154 8 1139924.3321538 1140600.0000000 0.0005924
