0.13 0 0 790076.5000000 793445.0000000 0.0042454
0.01 1 27 790391.6666667 793445.0000000 0.0038482
0.01 2 18 790515.9000000 793445.0000000 0.0036916
0.01 3 19 790799.5833333 793445.0000000 0.0033341
0.01 4 16 790846.6417749 793445.0000000 0.0032748
0.01 5 16 790934.4583333 793445.0000000 0.0031641
0.20 6 14 791097.1606061 793445.0000000 0.0029590
0.40 7 14 791320.4095238 793445.0000000 0.0026777
0.03 8 13 791412.2030303 793445.0000000 0.0025620
0.21 9 13 791454.9738095 793445.0000000 0.0025081
0.22 10 12 791565.5313315 793445.0000000 0.0023687
0.24 11 13 791734.9067019 793445.0000000 0.0021553
2.12 12 12 791787.1958333 793445.0000000 0.0020894
2.22 13 13 791843.9018315 793445.0000000 0.0020179
13.97 14 14 791970.9188406 793445.0000000 0.0018578
2.29 15 10 791998.7166667 793445.0000000 0.0018228
14.01 16 10 792012.3860083 793445.0000000 0.0018056
0.07 17 13 792031.7095238 793445.0000000 0.0017812
0.20 18 14 792049.8928571 793445.0000000 0.0017583
0.26 19 12 792066.4974638 793445.0000000 0.0017374
0.48 20 14 792086.0860806 793445.0000000 0.0017127
15.19 21 10 792112.3653846 793445.0000000 0.0016796
3.54 22 8 792133.2073864 793445.0000000 0.0016533
2.31 23 6 792151.5746652 793445.0000000 0.0016301
2.30 24 6 792187.4400000 793445.0000000 0.0015849
2.29 25 6 792190.9099718 793445.0000000 0.0015806
23.33 26 10 792202.7086580 793445.0000000 0.0015657
0.01 27 7 792219.9804103 793445.0000000 0.0015439
12.75 28 8 792239.9119048 793445.0000000 0.0015188
2.66 29 9 792246.2083333 793445.0000000 0.0015109
0.03 30 5 792263.9333333 793445.0000000 0.0014885
7.20 31 5 792299.5954545 793445.0000000 0.0014436
0.21 32 5 792302.1984536 793445.0000000 0.0014403
0.41 33 5 792308.6184980 793445.0000000 0.0014322
0.35 34 6 792329.1552829 793445.0000000 0.0014063
0.01 35 5 792335.5000000 793445.0000000 0.0013983
1.98 36 5 792339.7672872 793445.0000000 0.0013930
7.42 37 6 792349.2428571 793445.0000000 0.0013810
0.19 38 5 792349.3557882 793445.0000000 0.0013809
0.90 39 5 792351.7447090 793445.0000000 0.0013779
0.03 40 4 792357.2892276 793445.0000000 0.0013709
9.47 41 4 792369.8959753 793445.0000000 0.0013550
13.41 42 5 792371.4457763 793445.0000000 0.0013530
1.76 43 4 792371.6213127 793445.0000000 0.0013528
2.61 44 5 792372.3584437 793445.0000000 0.0013519
11.92 45 5 792378.4960145 793445.0000000 0.0013441
7.28 46 4 792382.2156788 793445.0000000 0.0013395
0.01 47 4 792390.6508219 793445.0000000 0.0013288
9.56 48 4 792397.5084150 793445.0000000 0.0013202
9.53 49 4 792399.7663938 793445.0000000 0.0013173
0.03 50 4 792402.3314658 793445.0000000 0.0013141
14.00 51 4 792405.9565406 793445.0000000 0.0013095
12.06 52 5 792413.1696000 793445.0000000 0.0013004
0.06 53 5 792429.9929924 793445.0000000 0.0012792
0.19 54 4 792442.1353408 793445.0000000 0.0012639
0.04 55 4 792462.0033276 793445.0000000 0.0012389
0.03 56 4 792477.3769841 793445.0000000 0.0012195
0.01 57 3 792497.5398551 793445.0000000 0.0011941
0.02 58 3 792498.4902175 793445.0000000 0.0011929
0.03 59 3 792505.9637817 793445.0000000 0.0011835
0.02 60 6 792508.3725922 793445.0000000 0.0011805
0.01 61 3 792510.0732389 793445.0000000 0.0011783
0.01 62 3 792512.2860063 793445.0000000 0.0011755
0.24 63 3 792515.4709833 793445.0000000 0.0011715
0.04 64 3 792522.0128395 793445.0000000 0.0011633
0.05 65 3 792524.6186400 793445.0000000 0.0011600
0.49 66 3 792528.0839938 793445.0000000 0.0011556
0.20 67 3 792530.7241849 793445.0000000 0.0011523
0.18 68 3 792553.1710513 793445.0000000 0.0011240
0.01 69 2 792564.5248307 793445.0000000 0.0011097
0.01 70 2 792569.4543442 793445.0000000 0.0011035
0.01 71 3 792573.2951290 793445.0000000 0.0010986
0.01 72 2 792578.1971702 793445.0000000 0.0010925
0.02 73 2 792580.8267516 793445.0000000 0.0010891
0.02 74 1 792583.3188079 793445.0000000 0.0010860
0.01 75 2 792586.2483444 793445.0000000 0.0010823
0.02 76 2 792590.7161383 793445.0000000 0.0010767
0.01 77 1 792593.7530316 793445.0000000 0.0010728
0.01 78 2 792595.9771379 793445.0000000 0.0010700
0.01 79 2 792596.7425639 793445.0000000 0.0010691
0.01 80 1 792597.6321723 793445.0000000 0.0010680
0.01 81 1 792599.5775259 793445.0000000 0.0010655
0.01 82 3 792600.8446436 793445.0000000 0.0010639
0.03 83 2 792602.9900408 793445.0000000 0.0010612
0.03 84 3 792605.4574713 793445.0000000 0.0010581
0.03 85 2 792607.5133711 793445.0000000 0.0010555
0.01 86 3 792608.6834437 793445.0000000 0.0010540
0.18 87 2 792610.2329805 793445.0000000 0.0010521
0.01 88 2 792613.4579068 793445.0000000 0.0010480
0.01 89 3 792615.3985001 793445.0000000 0.0010456
0.03 90 3 792615.6666667 793445.0000000 0.0010452
