6.32 0 0 134531.000392 190995.000000 0.295631
0.44 1 60 134696.834039 190995.000000 0.294763
0.52 2 41 134810.733881 190995.000000 0.294166
0.48 3 44 134877.415994 190995.000000 0.293817
0.42 4 38 134908.741107 190995.000000 0.293653
0.44 5 26 134932.011808 190995.000000 0.293531
0.43 6 20 134947.482467 190995.000000 0.293450
0.43 7 23 134964.107841 190995.000000 0.293363
0.45 8 25 134984.708451 190995.000000 0.293255
0.41 9 22 134998.594808 190995.000000 0.293183
0.43 10 16 135007.269092 190995.000000 0.293137
0.43 11 16 135016.805089 190995.000000 0.293087
0.47 12 18 135028.413188 190995.000000 0.293026
0.43 13 19 135033.313780 190995.000000 0.293001
0.43 14 11 135040.338087 190995.000000 0.292964
0.38 15 15 135044.642817 190995.000000 0.292941
0.39 16 14 135048.247188 190995.000000 0.292923
0.40 17 7 135051.974924 190995.000000 0.292903
0.37 18 8 135053.793486 190995.000000 0.292894
0.38 19 8 135055.516697 190995.000000 0.292885
0.35 20 10 135056.978113 190995.000000 0.292877
0.32 21 4 135057.757086 190995.000000 0.292873
0.31 22 3 135058.147247 190995.000000 0.292871
0.30 23 2 135058.568244 190995.000000 0.292869
0.31 24 3 135058.948302 190995.000000 0.292867
0.30 25 5 135059.297071 190995.000000 0.292865
0.33 26 5 135059.919741 190995.000000 0.292861
0.38 27 6 135060.861633 190995.000000 0.292857
0.30 28 2 135061.164025 190995.000000 0.292855
0.33 29 2 135061.468589 190995.000000 0.292853
0.32 30 4 135061.746139 190995.000000 0.292852
0.31 31 2 135061.906064 190995.000000 0.292851
0.31 32 2 135062.036195 190995.000000 0.292850
