2.21 0 0 121648.872110 168451.000000 0.277838
0.33 1 58 121792.565463 168451.000000 0.276985
0.25 2 35 121836.757525 168451.000000 0.276723
0.30 3 31 121875.933764 168451.000000 0.276490
0.22 4 22 121891.598362 168451.000000 0.276397
0.25 5 25 121906.135492 168451.000000 0.276311
0.22 6 16 121912.564618 168451.000000 0.276273
0.23 7 14 121917.377374 168451.000000 0.276244
0.22 8 16 121921.216619 168451.000000 0.276221
0.22 9 14 121925.070684 168451.000000 0.276199
0.20 10 9 121926.940205 168451.000000 0.276187
0.21 11 8 121929.189595 168451.000000 0.276174
0.21 12 10 121930.651504 168451.000000 0.276165
0.20 13 5 121933.758827 168451.000000 0.276147
0.24 14 6 121937.271400 168451.000000 0.276126
0.19 15 4 121938.327513 168451.000000 0.276120
0.19 16 4 121939.344009 168451.000000 0.276114
0.20 17 2 121940.175580 168451.000000 0.276109
0.21 18 3 121941.882857 168451.000000 0.276099
0.20 19 3 121943.388433 168451.000000 0.276090
0.20 20 3 121944.138767 168451.000000 0.276085
0.19 21 2 121944.645323 168451.000000 0.276082
0.18 22 3 121945.200525 168451.000000 0.276079
0.18 23 3 121945.411630 168451.000000 0.276078
0.19 24 2 121945.715860 168451.000000 0.276076
0.21 25 3 121946.308742 168451.000000 0.276073
0.17 26 3 121946.396673 168451.000000 0.276072
0.17 27 2 121946.545918 168451.000000 0.276071
0.17 28 1 121946.631387 168451.000000 0.276071
