6.84 0 0 138708.853695 195013.000000 0.288720
0.43 1 49 138830.124617 195013.000000 0.288098
0.41 2 47 138893.700203 195013.000000 0.287772
0.40 3 35 138945.357041 195013.000000 0.287507
0.38 4 31 138967.093412 195013.000000 0.287396
0.43 5 21 139002.667201 195013.000000 0.287213
0.33 6 22 139009.656377 195013.000000 0.287177
0.35 7 21 139017.557701 195013.000000 0.287137
0.34 8 19 139024.586214 195013.000000 0.287101
0.31 9 14 139029.146381 195013.000000 0.287078
0.35 10 11 139033.928223 195013.000000 0.287053
0.33 11 18 139037.578327 195013.000000 0.287034
0.31 12 11 139039.415244 195013.000000 0.287025
0.34 13 11 139041.789620 195013.000000 0.287013
0.30 14 6 139042.847363 195013.000000 0.287007
0.30 15 8 139044.162924 195013.000000 0.287001
0.27 16 3 139044.556106 195013.000000 0.286999
0.33 17 7 139045.920620 195013.000000 0.286992
0.29 18 3 139046.493460 195013.000000 0.286989
0.27 19 4 139046.831730 195013.000000 0.286987
0.26 20 4 139047.117163 195013.000000 0.286985
0.28 21 3 139047.486733 195013.000000 0.286983
0.25 22 3 139047.628675 195013.000000 0.286983
0.26 23 4 139047.830912 195013.000000 0.286982
0.26 24 1 139047.934003 195013.000000 0.286981
0.27 25 6 139048.093623 195013.000000 0.286980
0.26 26 1 139048.285000 195013.000000 0.286979
