0.11 0 0 98815.407611 120962.000000 0.183087
0.16 1 58 99012.001160 120962.000000 0.181462
0.19 2 48 99084.672447 120962.000000 0.180861
0.20 3 42 99135.846112 120962.000000 0.180438
0.20 4 40 99198.185376 120962.000000 0.179923
0.23 5 35 99228.781653 120962.000000 0.179670
0.22 6 33 99253.052870 120962.000000 0.179469
0.20 7 30 99272.157942 120962.000000 0.179311
0.45 8 32 99288.819552 120962.000000 0.179173
0.22 9 26 99305.539465 120962.000000 0.179035
0.27 10 25 99323.013492 120962.000000 0.178891
0.23 11 26 99334.308408 120962.000000 0.178797
0.24 12 17 99344.370928 120962.000000 0.178714
0.22 13 21 99349.973823 120962.000000 0.178668
0.24 14 17 99354.710448 120962.000000 0.178629
0.25 15 23 99360.372590 120962.000000 0.178582
0.20 16 10 99362.781785 120962.000000 0.178562
0.25 17 13 99366.531135 120962.000000 0.178531
0.26 18 11 99369.875625 120962.000000 0.178503
0.19 19 11 99371.357556 120962.000000 0.178491
0.19 20 13 99373.137922 120962.000000 0.178476
0.21 21 5 99374.163613 120962.000000 0.178468
0.20 22 6 99375.721019 120962.000000 0.178455
0.22 23 6 99377.567672 120962.000000 0.178440
0.23 24 5 99379.117874 120962.000000 0.178427
0.22 25 3 99381.814514 120962.000000 0.178405
0.17 26 5 99382.693360 120962.000000 0.178397
0.20 27 6 99383.705019 120962.000000 0.178389
0.17 28 1 99383.895202 120962.000000 0.178387
0.18 29 4 99384.475281 120962.000000 0.178383
0.19 30 6 99384.959983 120962.000000 0.178379
0.23 31 6 99385.704458 120962.000000 0.178373
0.18 32 1 99386.358315 120962.000000 0.178367
0.19 33 2 99386.594505 120962.000000 0.178365
0.18 34 3 99387.012992 120962.000000 0.178362
0.17 35 4 99387.514445 120962.000000 0.178358
0.14 36 2 99387.605339 120962.000000 0.178357
0.15 37 1 99387.708764 120962.000000 0.178356
0.16 38 1 99387.781740 120962.000000 0.178355
0.16 39 1 99388.002976 120962.000000 0.178354
0.15 40 1 99388.239379 120962.000000 0.178352
0.15 41 1 99388.307040 120962.000000 0.178351
0.15 42 1 99388.485359 120962.000000 0.178350
0.20 43 1 99388.609803 120962.000000 0.178348
0.16 44 2 99389.069801 120962.000000 0.178345
