3.04 0 0 126333.204250 179283.000000 0.295342
0.35 1 57 126333.292594 179283.000000 0.295341
0.62 2 56 126341.580325 179283.000000 0.295295
0.59 3 61 126347.870944 179283.000000 0.295260
0.74 4 57 126355.429628 179283.000000 0.295218
0.68 5 52 126358.782586 179283.000000 0.295199
0.67 6 52 126361.623255 179283.000000 0.295183
0.91 7 54 126371.451026 179283.000000 0.295129
0.93 8 54 126375.868495 179283.000000 0.295104
0.97 9 51 126384.073668 179283.000000 0.295058
0.79 10 61 126385.693846 179283.000000 0.295049
0.93 11 54 126388.360366 179283.000000 0.295034
0.89 12 57 126389.896881 179283.000000 0.295026
1.12 13 53 126393.714532 179283.000000 0.295004
1.01 14 50 126395.632136 179283.000000 0.294994
1.07 15 46 126398.046191 179283.000000 0.294980
0.78 16 48 126399.116537 179283.000000 0.294974
1.40 17 45 126401.771964 179283.000000 0.294960
1.16 18 49 126404.288667 179283.000000 0.294945
1.24 19 50 126406.125873 179283.000000 0.294935
1.41 20 51 126412.287733 179283.000000 0.294901
1.46 21 46 126419.262679 179283.000000 0.294862
0.99 22 50 126420.451158 179283.000000 0.294855
1.85 23 51 126427.731812 179283.000000 0.294815
1.37 24 51 126429.795031 179283.000000 0.294803
2.13 25 51 126434.715391 179283.000000 0.294776
1.36 26 54 126435.857864 179283.000000 0.294769
2.00 27 49 126438.726463 179283.000000 0.294753
2.00 28 54 126444.986839 179283.000000 0.294718
1.67 29 48 126448.429162 179283.000000 0.294699
2.03 30 48 126451.488819 179283.000000 0.294682
1.43 31 47 126452.356748 179283.000000 0.294677
1.92 32 42 126458.136785 179283.000000 0.294645
1.62 33 45 126459.873387 179283.000000 0.294635
1.43 34 46 126461.349725 179283.000000 0.294627
1.35 35 47 126462.543013 179283.000000 0.294621
3.07 36 43 126472.159686 179283.000000 0.294567
1.63 37 45 126473.129819 179283.000000 0.294562
1.72 38 41 126474.701194 179283.000000 0.294553
1.96 39 38 126477.508918 179283.000000 0.294537
1.57 40 40 126478.553639 179283.000000 0.294531
1.43 41 42 126479.707121 179283.000000 0.294525
1.93 42 38 126480.394666 179283.000000 0.294521
2.23 43 37 126483.674034 179283.000000 0.294503
2.00 44 39 126486.174271 179283.000000 0.294489
1.90 45 38 126487.847131 179283.000000 0.294479
2.67 46 37 126491.081069 179283.000000 0.294461
1.76 47 40 126492.599287 179283.000000 0.294453
2.26 48 38 126494.695044 179283.000000 0.294441
2.11 49 38 126496.128211 179283.000000 0.294433
2.49 50 36 126498.534141 179283.000000 0.294420
1.87 51 42 126499.400807 179283.000000 0.294415
2.42 52 41 126501.386982 179283.000000 0.294404
2.32 53 38 126502.480846 179283.000000 0.294398
2.26 54 39 126504.073491 179283.000000 0.294389
1.62 55 35 126504.834466 179283.000000 0.294385
3.07 56 37 126506.609788 179283.000000 0.294375
2.35 57 36 126508.156655 179283.000000 0.294366
2.57 58 38 126509.645498 179283.000000 0.294358
3.06 59 35 126512.108903 179283.000000 0.294344
2.70 60 41 126513.068264 179283.000000 0.294339
2.41 61 37 126515.180894 179283.000000 0.294327
1.79 62 37 126516.014759 179283.000000 0.294322
1.89 63 35 126516.638951 179283.000000 0.294319
2.18 64 32 126517.296741 179283.000000 0.294315
2.03 65 33 126518.100564 179283.000000 0.294311
3.06 66 33 126519.582659 179283.000000 0.294302
3.16 67 32 126521.634300 179283.000000 0.294291
3.09 68 36 126523.488533 179283.000000 0.294281
2.59 69 35 126525.190616 179283.000000 0.294271
2.62 70 34 126526.558450 179283.000000 0.294263
2.41 71 32 126527.313678 179283.000000 0.294259
2.24 72 33 126528.724611 179283.000000 0.294251
2.38 73 37 126529.925769 179283.000000 0.294245
3.02 74 34 126532.141186 179283.000000 0.294232
2.39 75 35 126532.870644 179283.000000 0.294228
3.46 76 38 126535.265336 179283.000000 0.294215
1.93 77 33 126535.795330 179283.000000 0.294212
2.72 78 34 126537.702356 179283.000000 0.294201
2.91 79 33 126539.116781 179283.000000 0.294193
2.61 80 36 126540.345559 179283.000000 0.294187
2.60 81 37 126540.945287 179283.000000 0.294183
2.49 82 35 126541.851253 179283.000000 0.294178
2.66 83 31 126542.584349 179283.000000 0.294174
2.04 84 32 126543.251132 179283.000000 0.294170
2.87 85 33 126543.813276 179283.000000 0.294167
2.77 86 31 126544.767697 179283.000000 0.294162
3.67 87 30 126546.485419 179283.000000 0.294152
3.83 88 30 126547.863658 179283.000000 0.294145
2.92 89 31 126548.530663 179283.000000 0.294141
2.68 90 35 126549.108005 179283.000000 0.294138
2.96 91 28 126550.022279 179283.000000 0.294133
3.28 92 31 126550.571013 179283.000000 0.294130
2.69 93 28 126551.230119 179283.000000 0.294126
2.16 94 28 126551.565714 179283.000000 0.294124
2.97 95 26 126552.315919 179283.000000 0.294120
2.25 96 27 126552.628348 179283.000000 0.294118
3.28 97 28 126553.358677 179283.000000 0.294114
4.42 98 26 126554.787373 179283.000000 0.294106
3.37 99 31 126555.581211 179283.000000 0.294102
3.16 100 30 126556.366906 179283.000000 0.294097
3.43 101 26 126557.425365 179283.000000 0.294091
3.11 102 30 126558.412475 179283.000000 0.294086
2.98 103 34 126559.144880 179283.000000 0.294082
3.12 104 30 126559.652188 179283.000000 0.294079
3.85 105 27 126560.844015 179283.000000 0.294072
4.10 106 32 126561.855495 179283.000000 0.294067
4.77 107 28 126563.340884 179283.000000 0.294058
3.56 108 30 126564.329714 179283.000000 0.294053
2.96 109 30 126565.132343 179283.000000 0.294048
3.88 110 28 126567.945379 179283.000000 0.294033
2.62 111 29 126568.550327 179283.000000 0.294029
2.49 112 26 126569.282573 179283.000000 0.294025
3.50 113 30 126570.385599 179283.000000 0.294019
4.01 114 28 126571.506748 179283.000000 0.294013
2.62 115 33 126571.822973 179283.000000 0.294011
3.24 116 29 126572.787003 179283.000000 0.294006
3.83 117 32 126574.275340 179283.000000 0.293997
3.01 118 30 126575.229551 179283.000000 0.293992
2.71 119 33 126575.716679 179283.000000 0.293989
2.21 120 31 126575.984117 179283.000000 0.293988
3.66 121 31 126576.674188 179283.000000 0.293984
2.55 122 32 126576.873111 179283.000000 0.293983
2.98 123 31 126577.241107 179283.000000 0.293981
4.38 124 29 126577.729161 179283.000000 0.293978
2.30 125 31 126577.805196 179283.000000 0.293978
3.97 126 30 126578.053586 179283.000000 0.293976
3.45 127 31 126578.246916 179283.000000 0.293975
3.41 128 29 126578.473415 179283.000000 0.293974
2.74 129 33 126578.605877 179283.000000 0.293973
3.04 130 32 126578.822580 179283.000000 0.293972
3.61 131 30 126579.331722 179283.000000 0.293969
3.67 132 26 126579.797585 179283.000000 0.293967
4.27 133 26 126580.048319 179283.000000 0.293965
5.29 134 28 126581.018474 179283.000000 0.293960
2.61 135 27 126581.123804 179283.000000 0.293959
6.82 136 28 126582.752111 179283.000000 0.293950
2.91 137 29 126583.070350 179283.000000 0.293948
4.10 138 29 126583.566245 179283.000000 0.293946
3.22 139 32 126584.006331 179283.000000 0.293943
5.09 140 34 126584.639604 179283.000000 0.293940
3.71 141 29 126584.994462 179283.000000 0.293938
2.91 142 28 126585.127156 179283.000000 0.293937
3.07 143 31 126585.298693 179283.000000 0.293936
2.54 144 32 126585.398024 179283.000000 0.293935
3.67 145 28 126585.719665 179283.000000 0.293934
4.27 146 25 126586.170957 179283.000000 0.293931
3.42 147 28 126586.459220 179283.000000 0.293929
4.40 148 30 126586.912493 179283.000000 0.293927
4.42 149 25 126587.156272 179283.000000 0.293925
3.54 150 24 126587.428042 179283.000000 0.293924
2.59 151 26 126587.553399 179283.000000 0.293923
4.53 152 24 126587.829685 179283.000000 0.293922
4.21 153 28 126588.101929 179283.000000 0.293920
3.42 154 24 126588.427350 179283.000000 0.293918
3.99 155 25 126588.888465 179283.000000 0.293916
4.36 156 27 126589.345002 179283.000000 0.293913
4.02 157 25 126589.598502 179283.000000 0.293912
3.83 158 27 126589.864100 179283.000000 0.293910
4.77 159 34 126590.303256 179283.000000 0.293908
4.10 160 28 126590.537392 179283.000000 0.293907
4.75 161 28 126591.078593 179283.000000 0.293904
5.06 162 26 126591.533122 179283.000000 0.293901
4.45 163 27 126592.137016 179283.000000 0.293898
5.25 164 27 126592.609853 179283.000000 0.293895
5.08 165 28 126593.186905 179283.000000 0.293892
5.40 166 29 126594.185093 179283.000000 0.293886
3.69 167 31 126594.532842 179283.000000 0.293884
4.80 168 30 126595.146651 179283.000000 0.293881
5.19 169 29 126595.722840 179283.000000 0.293878
4.32 170 29 126596.006351 179283.000000 0.293876
4.51 171 32 126596.271979 179283.000000 0.293875
5.93 172 27 126597.399174 179283.000000 0.293868
5.06 173 26 126597.995811 179283.000000 0.293865
5.46 174 27 126598.674465 179283.000000 0.293861
4.77 175 30 126599.069067 179283.000000 0.293859
4.86 176 22 126599.489646 179283.000000 0.293857
4.47 177 26 126600.013952 179283.000000 0.293854
5.55 178 25 126601.208399 179283.000000 0.293847
7.29 179 26 126602.708800 179283.000000 0.293839
4.52 180 27 126603.133874 179283.000000 0.293836
3.06 181 26 126603.367558 179283.000000 0.293835
4.09 182 26 126603.720697 179283.000000 0.293833
3.67 183 26 126604.083394 179283.000000 0.293831
5.13 184 27 126604.884911 179283.000000 0.293827
5.12 185 33 126605.546430 179283.000000 0.293823
5.23 186 30 126606.426034 179283.000000 0.293818
5.01 187 29 126607.060207 179283.000000 0.293814
5.34 188 28 126607.429423 179283.000000 0.293812
4.63 189 27 126607.788317 179283.000000 0.293810
3.94 190 25 126607.998111 179283.000000 0.293809
5.04 191 30 126608.566052 179283.000000 0.293806
4.11 192 26 126609.025559 179283.000000 0.293804
4.49 193 20 126609.330249 179283.000000 0.293802
4.42 194 24 126609.852077 179283.000000 0.293799
4.53 195 24 126610.186772 179283.000000 0.293797
5.19 196 23 126610.895193 179283.000000 0.293793
