6.83 0 0 126333.198713 179283.000000 0.295342
0.50 1 57 126483.197034 179283.000000 0.294505
0.43 2 40 126535.606632 179283.000000 0.294213
0.44 3 42 126592.075708 179283.000000 0.293898
0.45 4 37 126624.437152 179283.000000 0.293718
0.45 5 30 126648.428672 179283.000000 0.293584
0.41 6 27 126660.470440 179283.000000 0.293517
0.42 7 29 126673.513276 179283.000000 0.293444
0.46 8 25 126688.695777 179283.000000 0.293359
0.43 9 22 126698.134996 179283.000000 0.293306
0.39 10 21 126703.678459 179283.000000 0.293276
0.37 11 10 126707.344286 179283.000000 0.293255
0.36 12 14 126709.156413 179283.000000 0.293245
0.36 13 12 126712.032623 179283.000000 0.293229
0.38 14 11 126714.601508 179283.000000 0.293215
0.35 15 9 126716.473944 179283.000000 0.293204
0.33 16 11 126718.003173 179283.000000 0.293196
0.34 17 5 126719.422771 179283.000000 0.293188
0.31 18 6 126720.656831 179283.000000 0.293181
0.29 19 3 126721.118849 179283.000000 0.293178
0.30 20 8 126721.650680 179283.000000 0.293175
0.29 21 1 126721.867349 179283.000000 0.293174
0.31 22 2 126722.392737 179283.000000 0.293171
0.32 23 4 126722.985062 179283.000000 0.293168
0.31 24 5 126723.581579 179283.000000 0.293165
0.29 25 5 126724.037292 179283.000000 0.293162
0.27 26 3 126724.139186 179283.000000 0.293161
0.28 27 1 126724.200626 179283.000000 0.293161
0.29 28 1 126724.393188 179283.000000 0.293160
0.30 29 3 126724.572810 179283.000000 0.293159
0.27 30 2 126724.637159 179283.000000 0.293159
0.29 31 2 126724.862272 179283.000000 0.293157
0.33 32 3 126725.280361 179283.000000 0.293155
0.30 33 1 126725.500252 179283.000000 0.293154
0.27 34 1 126725.581400 179283.000000 0.293153
0.28 35 1 126725.707463 179283.000000 0.293153
0.28 36 1 126725.778978 179283.000000 0.293152
