15.21 0 0 72.0000000 83.0000000 0.1325301
0.81 1 449 72.0000000 83.0000000 0.1325301
0.78 2 386 72.0000000 83.0000000 0.1325301
0.76 3 306 72.0000000 83.0000000 0.1325301
0.62 4 189 72.0000000 83.0000000 0.1325301
0.64 5 182 72.0000000 83.0000000 0.1325301
0.53 6 126 72.0000000 83.0000000 0.1325301
0.50 7 94 72.0000000 83.0000000 0.1325301
0.46 8 67 72.0000000 83.0000000 0.1325301
0.45 9 38 72.0000000 83.0000000 0.1325301
0.44 10 39 72.0000000 83.0000000 0.1325301
0.40 11 17 72.0000000 83.0000000 0.1325301
0.47 12 49 72.5816327 83.0000000 0.1255225
0.49 13 47 73.1558442 83.0000000 0.1186043
0.44 14 29 73.3928571 83.0000000 0.1157487
0.41 15 15 75.0000000 83.0000000 0.0963855
0.38 16 11 75.0000000 83.0000000 0.0963855
0.38 17 15 75.0000000 83.0000000 0.0963855
0.36 18 10 75.0000000 83.0000000 0.0963855
0.36 19 13 75.0000000 83.0000000 0.0963855
0.37 20 12 75.0000000 83.0000000 0.0963855
0.37 21 9 75.0000000 83.0000000 0.0963855
0.37 22 11 75.0000000 83.0000000 0.0963855
0.35 23 3 75.0000000 83.0000000 0.0963855
0.36 24 11 75.0000000 83.0000000 0.0963855
0.35 25 1 75.0000000 83.0000000 0.0963855
0.36 26 9 75.0000000 83.0000000 0.0963855
0.35 27 5 75.0000000 83.0000000 0.0963855
0.36 28 10 75.0000000 83.0000000 0.0963855
0.35 29 1 75.0000000 83.0000000 0.0963855
0.35 30 1 75.0000000 83.0000000 0.0963855
0.35 31 1 75.0000000 83.0000000 0.0963855
