11.06 0 0 8.0000000 38.0000000 0.7894737
0.82 1 507 8.0000000 38.0000000 0.7894737
0.84 2 424 8.0000000 38.0000000 0.7894737
0.80 3 377 8.4102564 38.0000000 0.7786775
0.76 4 258 8.8620690 38.0000000 0.7667877
0.79 5 223 10.4707793 38.0000000 0.7244532
0.72 6 133 14.4785179 38.0000000 0.6189864
1.37 7 173 15.6381234 38.0000000 0.5884704
0.67 8 96 15.8579184 38.0000000 0.5826864
0.85 9 45 16.1196452 38.0000000 0.5757988
0.81 10 36 16.3597299 38.0000000 0.5694808
0.62 11 65 16.4596234 38.0000000 0.5668520
1.20 12 47 16.4996030 38.0000000 0.5657999
1.00 13 57 16.5641461 38.0000000 0.5641014
0.87 14 19 16.5923358 38.0000000 0.5633596
0.94 15 24 16.6033541 38.0000000 0.5630696
0.93 16 35 16.6293855 38.0000000 0.5623846
1.64 17 48 16.6665907 38.0000000 0.5614055
1.39 18 49 16.6875085 38.0000000 0.5608550
1.21 19 31 16.8041431 38.0000000 0.5577857
0.86 20 23 16.8494750 38.0000000 0.5565928
1.30 21 55 16.8882746 38.0000000 0.5555717
0.90 22 55 16.8934312 38.0000000 0.5554360
1.44 23 48 16.8976921 38.0000000 0.5553239
