5.03 0 0 56.0000000 119.0000000 0.5294118
0.72 1 254 56.0000000 119.0000000 0.5294118
0.87 2 238 56.0000000 119.0000000 0.5294118
0.70 3 155 56.0000000 119.0000000 0.5294118
0.68 4 109 56.0000000 119.0000000 0.5294118
0.59 5 106 56.0000000 119.0000000 0.5294118
0.54 6 102 56.0613129 119.0000000 0.5288965
3.68 7 58 56.2501565 119.0000000 0.5273096
1.04 8 23 56.5549002 119.0000000 0.5247487
0.58 9 34 57.0985232 119.0000000 0.5201805
0.59 10 33 57.3014052 119.0000000 0.5184756
0.60 11 28 57.4523005 119.0000000 0.5172076
0.84 12 32 57.7628410 119.0000000 0.5145980
1.23 13 34 57.9661735 119.0000000 0.5128893
18.13 14 30 58.1021544 119.0000000 0.5117466
35.83 15 34 58.2902122 119.0000000 0.5101663
36.36 16 26 58.4280916 119.0000000 0.5090076
14.65 17 21 58.5287449 119.0000000 0.5081618
16.04 18 19 58.5744192 119.0000000 0.5077780
15.61 19 17 58.6192775 119.0000000 0.5074010
31.49 20 21 58.6550713 119.0000000 0.5071002
