6.52 0 0 111.0000000 221.0000000 0.4977376
0.39 1 230 111.0000000 221.0000000 0.4977376
0.45 2 245 111.0000000 221.0000000 0.4977376
0.45 3 200 112.4871184 221.0000000 0.4910085
0.33 4 123 119.1974604 221.0000000 0.4606450
0.36 5 124 123.9158692 221.0000000 0.4392947
0.35 6 119 130.0334554 221.0000000 0.4116133
0.47 7 123 136.8155863 221.0000000 0.3809249
0.51 8 129 140.0616336 221.0000000 0.3662370
0.48 9 138 142.8327439 221.0000000 0.3536980
1.41 10 164 145.2115712 221.0000000 0.3429341
0.61 11 125 147.4961627 221.0000000 0.3325965
1.22 12 107 148.6189085 221.0000000 0.3275163
0.80 13 108 149.4359822 221.0000000 0.3238191
8.77 14 94 150.2469169 221.0000000 0.3201497
2.81 15 100 150.9711545 221.0000000 0.3168726
10.03 16 72 151.5107516 221.0000000 0.3144310
6.04 17 74 151.7989844 221.0000000 0.3131268
29.24 18 76 152.3715658 221.0000000 0.3105359
23.42 19 78 152.7007671 221.0000000 0.3090463
