0.77 0 0 235.0000000 240.0000000 0.0208333
0.19 1 205 235.0000000 240.0000000 0.0208333
0.24 2 217 235.3333333 240.0000000 0.0194444
0.12 3 104 237.3000000 240.0000000 0.0112500
0.14 4 99 238.0000000 240.0000000 0.0083333
0.09 5 54 238.0000000 240.0000000 0.0083333
0.63 6 41 238.1339286 240.0000000 0.0077753
0.05 7 36 238.4374846 240.0000000 0.0065105
0.07 8 35 238.5530864 240.0000000 0.0060288
0.04 9 19 238.9980608 240.0000000 0.0041747
0.07 10 28 239.1000000 240.0000000 0.0037500
0.04 11 19 239.1222222 240.0000000 0.0036574
0.04 12 22 239.1250000 240.0000000 0.0036458
0.03 13 11 239.1944444 240.0000000 0.0033565
0.03 14 10 239.2500000 240.0000000 0.0031250
0.02 15 5 239.2500000 240.0000000 0.0031250
0.02 16 9 239.2500000 240.0000000 0.0031250
0.02 17 4 239.2500000 240.0000000 0.0031250
0.02 18 1 239.2500000 240.0000000 0.0031250
0.02 19 1 239.2500000 240.0000000 0.0031250
0.02 20 3 239.2500000 240.0000000 0.0031250
