4.26 0 0 0.0000000 111.0000000 1.0000000
0.67 1 299 0.0000000 111.0000000 1.0000000
0.49 2 268 0.0000000 111.0000000 1.0000000
0.45 3 181 0.7970588 111.0000000 0.9928193
1.27 4 102 1.6368340 111.0000000 0.9852537
0.36 5 101 2.7370321 111.0000000 0.9753421
3.79 6 77 5.1708542 111.0000000 0.9534157
3.70 7 39 5.6784285 111.0000000 0.9488430
0.45 8 35 6.7096897 111.0000000 0.9395523
1.36 9 51 7.6839188 111.0000000 0.9307755
1.67 10 38 8.1915813 111.0000000 0.9262020
24.49 11 41 8.5615794 111.0000000 0.9228687
11.55 12 45 8.9199906 111.0000000 0.9196397
1.28 13 39 9.3429210 111.0000000 0.9158295
4.04 14 42 9.6728436 111.0000000 0.9128573
1.23 15 45 9.9241799 111.0000000 0.9105930
15.53 16 29 10.0487380 111.0000000 0.9094708
29.00 17 22 10.1171623 111.0000000 0.9088544
1.26 18 17 10.1780388 111.0000000 0.9083060
0.41 19 21 10.2708349 111.0000000 0.9074700
8.97 20 13 10.3572669 111.0000000 0.9066913
16.64 21 20 10.4361071 111.0000000 0.9059810
21.79 22 12 10.4635417 111.0000000 0.9057339
9.73 23 9 10.5017578 111.0000000 0.9053896
3.04 24 12 10.5324627 111.0000000 0.9051129
6.62 25 6 10.5506518 111.0000000 0.9049491
1.47 26 12 10.5593354 111.0000000 0.9048709
3.18 27 4 10.5613508 111.0000000 0.9048527
3.16 28 4 10.5632389 111.0000000 0.9048357
