6.36 0 0 28.0278153 107.0000000 0.7380578
0.23 1 162 33.1657465 107.0000000 0.6900398
0.31 2 192 39.5144027 107.0000000 0.6307065
0.29 3 143 47.8335487 107.0000000 0.5529575
0.33 4 117 53.8749531 107.0000000 0.4964958
0.32 5 85 59.0005140 107.0000000 0.4485933
4.52 6 87 63.2412708 107.0000000 0.4089601
5.32 7 80 65.6353075 107.0000000 0.3865859
3.10 8 94 67.1527004 107.0000000 0.3724047
2.48 9 69 68.3661002 107.0000000 0.3610645
0.95 10 43 68.5523843 107.0000000 0.3593235
8.96 11 21 68.5775388 107.0000000 0.3590884
1.87 12 14 68.6164985 107.0000000 0.3587243
1.82 13 6 68.6310121 107.0000000 0.3585887
7.15 14 26 68.6619975 107.0000000 0.3582991
9.04 15 5 68.6866674 107.0000000 0.3580685
1.75 16 5 68.7018496 107.0000000 0.3579266
5.87 17 5 68.7047045 107.0000000 0.3579000
2.54 18 8 68.7085901 107.0000000 0.3578636
5.83 19 5 68.7114347 107.0000000 0.3578371
9.37 20 3 68.7114347 107.0000000 0.3578371
9.39 21 1 68.7210891 107.0000000 0.3577468
