0.93 0 0 232.0000000 236.0000000 0.0169492
0.20 1 214 234.5000000 236.0000000 0.0063559
0.23 2 208 235.0000000 236.0000000 0.0042373
0.19 3 135 235.0000000 236.0000000 0.0042373
0.09 4 72 235.0000000 236.0000000 0.0042373
0.08 5 54 235.0000000 236.0000000 0.0042373
0.05 6 32 235.0000000 236.0000000 0.0042373
0.03 7 20 235.0057978 236.0000000 0.0042127
0.06 8 20 235.1145833 236.0000000 0.0037518
0.07 9 36 235.2000000 236.0000000 0.0033898
0.03 10 12 235.2142857 236.0000000 0.0033293
0.02 11 7 235.3160721 236.0000000 0.0028980
0.03 12 14 235.3333333 236.0000000 0.0028249
0.01 13 1 235.3451652 236.0000000 0.0027747
0.07 14 24 235.4074074 236.0000000 0.0025110
0.02 15 10 235.4154412 236.0000000 0.0024769
0.03 16 13 235.4722760 236.0000000 0.0022361
0.32 17 31 235.5000000 236.0000000 0.0021186
0.03 18 17 235.5000000 236.0000000 0.0021186
0.02 19 3 235.5000000 236.0000000 0.0021186
0.03 20 9 235.5000000 236.0000000 0.0021186
