0.81 0 0 277.7500000 303.0000000 0.0833333
0.27 1 263 280.5833333 303.0000000 0.0739824
0.22 2 193 285.3250000 303.0000000 0.0583333
0.11 3 103 290.8168934 303.0000000 0.0402083
0.09 4 77 295.0309984 303.0000000 0.0263003
0.16 5 109 296.2465157 303.0000000 0.0222887
0.15 6 101 296.8125000 303.0000000 0.0204208
0.35 7 72 297.6776443 303.0000000 0.0175655
0.83 8 92 298.3228340 303.0000000 0.0154362
0.24 9 77 298.9628538 303.0000000 0.0133239
1.89 10 74 299.3607606 303.0000000 0.0120107
0.14 11 58 299.7716909 303.0000000 0.0106545
0.10 12 43 300.1227442 303.0000000 0.0094959
0.17 13 42 300.2158779 303.0000000 0.0091885
5.17 14 52 300.3799499 303.0000000 0.0086470
0.21 15 32 300.5595560 303.0000000 0.0080543
0.08 16 43 300.6587958 303.0000000 0.0077267
0.17 17 57 300.7395027 303.0000000 0.0074604
1.18 18 38 300.8556276 303.0000000 0.0070771
23.57 19 75 300.9626385 303.0000000 0.0067240
7.30 20 77 301.0269872 303.0000000 0.0065116
11.52 21 48 301.0977786 303.0000000 0.0062780
12.52 22 54 301.1555675 303.0000000 0.0060872
0.99 23 42 301.2255089 303.0000000 0.0058564
27.28 24 51 301.2586615 303.0000000 0.0057470
8.99 25 55 301.3090691 303.0000000 0.0055806
4.68 26 53 301.3670922 303.0000000 0.0053891
