3.57 0 0 0.0000000 34.0000000 1.0000000
0.58 1 318 0.0000000 34.0000000 1.0000000
0.63 2 271 0.0000000 34.0000000 1.0000000
0.55 3 168 0.0000000 34.0000000 1.0000000
0.44 4 159 0.0911735 34.0000000 0.9973184
0.59 5 101 0.4711846 34.0000000 0.9861416
0.40 6 44 0.9141104 34.0000000 0.9731144
0.89 7 47 1.0984115 34.0000000 0.9676938
2.28 8 39 1.2185765 34.0000000 0.9641595
4.54 9 44 1.4732079 34.0000000 0.9566704
11.67 10 37 1.5936600 34.0000000 0.9531276
17.74 11 49 1.6790918 34.0000000 0.9506149
8.38 12 50 1.7480651 34.0000000 0.9485863
36.36 13 43 1.8037501 34.0000000 0.9469485
24.87 14 37 1.8507114 34.0000000 0.9455673
16.50 15 42 1.9712433 34.0000000 0.9420223
4.08 16 49 2.0326311 34.0000000 0.9402167
14.33 17 58 2.1061881 34.0000000 0.9380533
27.00 18 51 2.1932961 34.0000000 0.9354913
20.86 19 48 2.2407317 34.0000000 0.9340961
