0.34 0 0 42.8270332 66.0000000 0.3511056
0.13 1 109 47.1581089 66.0000000 0.2854832
0.12 2 65 51.5027778 66.0000000 0.2196549
0.16 3 79 54.7132013 66.0000000 0.1710121
0.18 4 85 56.4362164 66.0000000 0.1449058
0.30 5 98 57.6720213 66.0000000 0.1261815
0.28 6 81 58.2339776 66.0000000 0.1176670
2.45 7 79 58.6368197 66.0000000 0.1115633
0.35 8 78 59.0400637 66.0000000 0.1054536
2.66 9 69 59.3378210 66.0000000 0.1009421
5.17 10 61 59.6438841 66.0000000 0.0963048
3.19 11 75 59.9520658 66.0000000 0.0916354
1.47 12 58 60.1995708 66.0000000 0.0878853
3.05 13 58 60.4368318 66.0000000 0.0842904
5.20 14 60 60.6258553 66.0000000 0.0814264
1.54 15 57 60.7857816 66.0000000 0.0790033
4.38 16 58 60.9236365 66.0000000 0.0769146
5.86 17 54 61.0236391 66.0000000 0.0753994
3.29 18 46 61.0916052 66.0000000 0.0743696
1.81 19 38 61.1423412 66.0000000 0.0736009
