0.23 0 0 52.4166667 56.0000000 0.0639881
0.10 1 96 53.0769231 56.0000000 0.0521978
0.08 2 56 53.3333333 56.0000000 0.0476190
0.03 3 22 53.6666667 56.0000000 0.0416667
0.03 4 14 54.0000000 56.0000000 0.0357143
0.03 5 14 54.0000000 56.0000000 0.0357143
0.06 6 17 54.0000000 56.0000000 0.0357143
0.05 7 9 54.0000000 56.0000000 0.0357143
0.29 8 22 54.0000000 56.0000000 0.0357143
0.26 9 8 54.0000000 56.0000000 0.0357143
0.09 10 14 54.0000000 56.0000000 0.0357143
0.45 11 13 54.0000000 56.0000000 0.0357143
0.48 12 11 54.0000000 56.0000000 0.0357143
0.39 13 19 54.0000000 56.0000000 0.0357143
2.17 14 17 54.0000000 56.0000000 0.0357143
2.48 15 14 54.0000000 56.0000000 0.0357143
2.31 16 12 54.0000000 56.0000000 0.0357143
0.29 17 16 54.0000000 56.0000000 0.0357143
0.51 18 9 54.0000000 56.0000000 0.0357143
0.09 19 11 54.0000000 56.0000000 0.0357143
0.06 20 15 54.0000000 56.0000000 0.0357143
0.01 21 1 54.0000000 56.0000000 0.0357143
0.02 22 4 54.0000000 56.0000000 0.0357143
