0.36 0 0 35.1000000 44.0000000 0.2022727
0.11 1 96 36.7080235 44.0000000 0.1657267
0.12 2 65 40.4849727 44.0000000 0.0798870
0.10 3 43 41.2174496 44.0000000 0.0632398
0.11 4 49 41.6904158 44.0000000 0.0524906
0.08 5 25 41.8035158 44.0000000 0.0499201
0.09 6 22 41.8891439 44.0000000 0.0479740
0.12 7 19 41.9774472 44.0000000 0.0459671
0.10 8 17 42.0361677 44.0000000 0.0446326
1.93 9 13 42.0822875 44.0000000 0.0435844
0.34 10 10 42.1010891 44.0000000 0.0431571
0.10 11 7 42.1131577 44.0000000 0.0428828
0.32 12 6 42.1226364 44.0000000 0.0426674
0.09 13 2 42.1266084 44.0000000 0.0425771
0.13 14 7 42.1308835 44.0000000 0.0424799
0.19 15 6 42.1347812 44.0000000 0.0423913
0.13 16 6 42.1392730 44.0000000 0.0422892
0.13 17 5 42.1438760 44.0000000 0.0421846
0.34 18 2 42.1454694 44.0000000 0.0421484
0.61 19 2 42.1467961 44.0000000 0.0421183
2.26 20 3 42.1494581 44.0000000 0.0420578
2.36 21 6 42.1544890 44.0000000 0.0419434
0.33 22 9 42.1608756 44.0000000 0.0417983
0.11 23 2 42.1695535 44.0000000 0.0416011
2.94 24 1 42.1744742 44.0000000 0.0414892
0.28 25 5 42.1744742 44.0000000 0.0414892
