0.18 0 0 54.4166667 58.0000000 0.0617816
0.10 1 93 55.0000000 58.0000000 0.0517241
0.06 2 49 55.5000000 58.0000000 0.0431034
0.05 3 25 55.8333333 58.0000000 0.0373563
0.04 4 16 55.9666667 58.0000000 0.0350575
0.08 5 19 56.1666667 58.0000000 0.0316092
0.24 6 11 56.1666667 58.0000000 0.0316092
0.42 7 11 56.1666667 58.0000000 0.0316092
0.30 8 15 56.1666667 58.0000000 0.0316092
0.12 9 7 56.1666667 58.0000000 0.0316092
1.07 10 13 56.1666667 58.0000000 0.0316092
3.11 11 13 56.1666667 58.0000000 0.0316092
0.21 12 10 56.1666667 58.0000000 0.0316092
2.79 13 10 56.1666667 58.0000000 0.0316092
1.28 14 11 56.1666667 58.0000000 0.0316092
5.12 15 9 56.1666667 58.0000000 0.0316092
0.73 16 5 56.1666667 58.0000000 0.0316092
0.09 17 10 56.1666667 58.0000000 0.0316092
0.10 18 4 56.1666667 58.0000000 0.0316092
2.30 19 5 56.1666667 58.0000000 0.0316092
0.25 20 7 56.1666667 58.0000000 0.0316092
0.44 21 4 56.1666667 58.0000000 0.0316092
0.26 22 10 56.1666667 58.0000000 0.0316092
1.29 23 6 56.1666667 58.0000000 0.0316092
0.30 24 4 56.1666667 58.0000000 0.0316092
0.72 25 4 56.1666667 58.0000000 0.0316092
1.00 26 5 56.1666667 58.0000000 0.0316092
0.12 27 8 56.1666667 58.0000000 0.0316092
0.06 28 6 56.1666667 58.0000000 0.0316092
0.08 29 9 56.1666667 58.0000000 0.0316092
0.13 30 6 56.1666667 58.0000000 0.0316092
2.91 31 8 56.1666667 58.0000000 0.0316092
0.06 32 8 56.1666667 58.0000000 0.0316092
1.26 33 8 56.1666667 58.0000000 0.0316092
3.33 34 12 56.1666667 58.0000000 0.0316092
0.86 35 5 56.1666667 58.0000000 0.0316092
1.17 36 9 56.1666667 58.0000000 0.0316092
2.82 37 11 56.1666667 58.0000000 0.0316092
0.87 38 10 56.1666667 58.0000000 0.0316092
0.07 39 8 56.1666667 58.0000000 0.0316092
0.09 40 7 56.1666667 58.0000000 0.0316092
0.04 41 5 56.1666667 58.0000000 0.0316092
0.29 42 7 56.1666667 58.0000000 0.0316092
2.68 43 11 56.1666667 58.0000000 0.0316092
