0.10 0 0 917.000000 924.000000 0.007576
0.02 1 40 917.000000 924.000000 0.007576
0.03 2 33 917.000000 924.000000 0.007576
0.03 3 35 917.000000 924.000000 0.007576
0.04 4 38 917.000000 924.000000 0.007576
0.05 5 34 917.000000 924.000000 0.007576
0.04 6 30 917.000000 924.000000 0.007576
0.05 7 29 917.000000 924.000000 0.007576
0.06 8 35 917.000000 924.000000 0.007576
0.05 9 38 917.000000 924.000000 0.007576
0.07 10 30 917.000000 924.000000 0.007576
0.05 11 30 917.000000 924.000000 0.007576
0.06 12 30 917.000000 924.000000 0.007576
0.07 13 36 917.000000 924.000000 0.007576
0.08 14 32 917.000000 924.000000 0.007576
0.08 15 36 917.000000 924.000000 0.007576
0.12 16 42 917.000000 924.000000 0.007576
0.10 17 33 917.000000 924.000000 0.007576
0.10 18 31 917.000000 924.000000 0.007576
0.11 19 28 917.000000 924.000000 0.007576
0.12 20 24 917.000000 924.000000 0.007576
0.11 21 26 917.000000 924.000000 0.007576
0.15 22 28 917.000000 924.000000 0.007576
0.08 23 30 917.000000 924.000000 0.007576
0.14 24 38 917.000000 924.000000 0.007576
0.14 25 18 917.000000 924.000000 0.007576
0.11 26 17 917.000000 924.000000 0.007576
0.11 27 15 917.000000 924.000000 0.007576
0.11 28 12 917.000000 924.000000 0.007576
0.11 29 15 917.000000 924.000000 0.007576
0.12 30 12 917.000000 924.000000 0.007576
0.13 31 18 917.000000 924.000000 0.007576
0.13 32 18 917.000000 924.000000 0.007576
0.14 33 17 917.000000 924.000000 0.007576
0.17 34 22 917.000000 924.000000 0.007576
0.15 35 28 917.000000 924.000000 0.007576
0.19 36 24 917.000000 924.000000 0.007576
0.21 37 16 917.000000 924.000000 0.007576
0.28 38 11 917.000000 924.000000 0.007576
0.13 39 14 917.000000 924.000000 0.007576
0.19 40 9 917.000000 924.000000 0.007576
0.18 41 18 917.000000 924.000000 0.007576
0.17 42 17 917.000000 924.000000 0.007576
0.19 43 22 917.000000 924.000000 0.007576
0.17 44 14 917.000000 924.000000 0.007576
0.22 45 17 917.000000 924.000000 0.007576
0.10 46 7 917.000000 924.000000 0.007576
0.20 47 8 917.000000 924.000000 0.007576
0.13 48 7 917.000000 924.000000 0.007576
0.14 49 9 917.000000 924.000000 0.007576
0.14 50 5 917.000000 924.000000 0.007576
0.12 51 10 917.000000 924.000000 0.007576
0.15 52 10 917.000000 924.000000 0.007576
0.12 53 11 917.000000 924.000000 0.007576
0.14 54 16 917.000000 924.000000 0.007576
0.13 55 12 917.000000 924.000000 0.007576
0.12 56 8 917.000000 924.000000 0.007576
0.21 57 12 917.000000 924.000000 0.007576
0.17 58 10 917.000000 924.000000 0.007576
0.15 59 8 917.000000 924.000000 0.007576
0.06 60 4 917.000000 924.000000 0.007576
0.09 61 2 917.000000 924.000000 0.007576
0.10 62 6 917.000000 924.000000 0.007576
0.12 63 1 917.000000 924.000000 0.007576
