0.05 0 0 338864.250000 340160.000000 0.003809
0.01 1 8 338881.400000 340160.000000 0.003759
0.01 2 12 338996.750000 340160.000000 0.003420
0.01 3 6 339053.000000 340160.000000 0.003254
0.01 4 10 339192.750000 340160.000000 0.002844
0.01 5 8 339253.000000 340160.000000 0.002666
0.02 6 11 339277.291667 340160.000000 0.002595
0.01 7 16 339303.420664 340160.000000 0.002518
0.03 8 13 339323.428571 340160.000000 0.002459
0.02 9 10 339335.390909 340160.000000 0.002424
0.02 10 9 339346.541096 340160.000000 0.002391
0.03 11 13 339366.066250 340160.000000 0.002334
0.08 12 17 339409.980000 340160.000000 0.002205
0.02 13 11 339433.035533 340160.000000 0.002137
0.22 14 23 339456.591619 340160.000000 0.002068
0.03 15 9 339459.000000 340160.000000 0.002061
0.01 16 1 339466.000000 340160.000000 0.002040
0.02 17 1 339475.417820 340160.000000 0.002013
0.09 18 15 339500.000000 340160.000000 0.001940
0.01 19 1 339507.000000 340160.000000 0.001920
0.01 20 1 339508.972222 340160.000000 0.001914
0.05 21 22 339526.123223 340160.000000 0.001863
0.02 22 14 339538.600000 340160.000000 0.001827
0.02 23 7 339548.366013 340160.000000 0.001798
0.07 24 9 339561.716595 340160.000000 0.001759
0.39 25 8 339572.833417 340160.000000 0.001726
1.89 26 10 339588.444444 340160.000000 0.001680
0.02 27 1 339590.476454 340160.000000 0.001674
0.03 28 9 339600.557925 340160.000000 0.001645
0.03 29 5 339609.000000 340160.000000 0.001620
0.02 30 1 339614.727720 340160.000000 0.001603
0.04 31 7 339616.000000 340160.000000 0.001599
0.03 32 1 339623.377877 340160.000000 0.001578
1.83 33 8 339636.439024 340160.000000 0.001539
0.09 34 17 339645.320196 340160.000000 0.001513
0.04 35 12 339655.366989 340160.000000 0.001484
1.85 36 16 339664.563116 340160.000000 0.001456
1.94 37 15 339666.000000 340160.000000 0.001452
0.04 38 1 339673.574285 340160.000000 0.001430
0.06 39 7 339682.857516 340160.000000 0.001403
1.91 40 11 339698.388915 340160.000000 0.001357
0.10 41 11 339708.000000 340160.000000 0.001329
0.02 42 3 339710.675724 340160.000000 0.001321
0.29 43 8 339721.732652 340160.000000 0.001288
0.05 44 10 339731.206999 340160.000000 0.001261
0.29 45 7 339737.861416 340160.000000 0.001241
0.25 46 11 339745.678705 340160.000000 0.001218
2.15 47 15 339751.601698 340160.000000 0.001201
0.70 48 10 339756.436975 340160.000000 0.001186
2.33 49 14 339761.289929 340160.000000 0.001172
4.31 50 4 339766.483950 340160.000000 0.001157
4.48 51 13 339773.183572 340160.000000 0.001137
2.45 52 24 339778.520763 340160.000000 0.001121
2.68 53 10 339783.167530 340160.000000 0.001108
2.37 54 20 339791.233926 340160.000000 0.001084
0.41 55 8 339802.445173 340160.000000 0.001051
2.64 56 13 339811.325277 340160.000000 0.001025
0.10 57 11 339822.587224 340160.000000 0.000992
5.15 58 5 339833.460904 340160.000000 0.000960
2.06 59 12 339844.149340 340160.000000 0.000929
4.56 60 9 339848.683606 340160.000000 0.000915
5.04 61 7 339853.484494 340160.000000 0.000901
1.93 62 14 339860.142988 340160.000000 0.000882
0.07 63 27 339863.597448 340160.000000 0.000871
4.46 64 10 339867.596298 340160.000000 0.000860
2.94 65 6 339870.666499 340160.000000 0.000851
0.55 66 14 339873.392089 340160.000000 0.000843
3.04 67 21 339878.817486 340160.000000 0.000827
6.46 68 12 339884.264748 340160.000000 0.000811
0.88 69 21 339890.134631 340160.000000 0.000793
0.11 70 5 339895.124727 340160.000000 0.000779
4.72 71 21 339901.826270 340160.000000 0.000759
6.63 72 8 339907.258938 340160.000000 0.000743
0.09 73 12 339910.751400 340160.000000 0.000733
2.10 74 13 339914.883163 340160.000000 0.000721
0.78 75 6 339917.924827 340160.000000 0.000712
0.32 76 7 339922.610874 340160.000000 0.000698
0.35 77 17 339925.450360 340160.000000 0.000690
3.82 78 11 339928.717052 340160.000000 0.000680
9.85 79 7 339931.941859 340160.000000 0.000670
6.26 80 19 339938.724372 340160.000000 0.000651
28.52 81 12 339942.353081 340160.000000 0.000640
7.48 82 9 339950.159170 340160.000000 0.000617
0.72 83 7 339957.277982 340160.000000 0.000596
23.76 84 10 339962.503645 340160.000000 0.000581
3.33 85 16 339967.309359 340160.000000 0.000566
1.62 86 13 339972.575441 340160.000000 0.000551
0.30 87 19 339975.087042 340160.000000 0.000544
0.26 88 19 339982.360965 340160.000000 0.000522
24.91 89 14 339987.318108 340160.000000 0.000508
8.84 90 15 339991.720946 340160.000000 0.000495
86.22 91 19 339997.239250 340160.000000 0.000478
