0.24 0 0 55535.436388 56137.000000 0.010716
0.11 1 32 55574.108620 56137.000000 0.010027
0.23 2 32 55594.989425 56137.000000 0.009655
0.11 3 22 55607.094101 56137.000000 0.009440
0.08 4 15 55610.223123 56137.000000 0.009384
0.11 5 22 55616.379351 56137.000000 0.009274
0.09 6 20 55620.961773 56137.000000 0.009192
0.12 7 24 55625.327661 56137.000000 0.009115
0.13 8 24 55628.259733 56137.000000 0.009062
0.11 9 14 55631.714016 56137.000000 0.009001
0.25 10 30 55634.660456 56137.000000 0.008948
0.10 11 12 55636.785699 56137.000000 0.008911
0.12 12 13 55638.304971 56137.000000 0.008884
0.21 13 11 55640.275001 56137.000000 0.008848
0.12 14 17 55641.872356 56137.000000 0.008820
0.12 15 13 55642.926573 56137.000000 0.008801
0.14 16 10 55643.807198 56137.000000 0.008786
0.08 17 12 55644.035624 56137.000000 0.008781
0.13 18 9 55644.712302 56137.000000 0.008769
0.12 19 11 55645.169127 56137.000000 0.008761
0.13 20 11 55645.709492 56137.000000 0.008752
0.10 21 5 55646.054943 56137.000000 0.008745
0.10 22 3 55646.404901 56137.000000 0.008739
0.11 23 2 55646.741408 56137.000000 0.008733
0.09 24 4 55646.781900 56137.000000 0.008733
0.10 25 1 55646.871418 56137.000000 0.008731
0.10 26 2 55646.949583 56137.000000 0.008730
