0.08 0 0 25877.609268 26374.000000 0.018821
0.06 1 23 25933.798674 26374.000000 0.016691
0.06 2 18 25944.678414 26374.000000 0.016278
0.05 3 21 25951.848386 26374.000000 0.016006
0.05 4 13 25957.698900 26374.000000 0.015785
0.04 5 11 25960.987371 26374.000000 0.015660
0.04 6 6 25962.177138 26374.000000 0.015615
0.05 7 13 25965.540678 26374.000000 0.015487
0.04 8 4 25966.482110 26374.000000 0.015452
0.04 9 2 25967.282057 26374.000000 0.015421
0.04 10 5 25967.842801 26374.000000 0.015400
0.05 11 3 25969.531844 26374.000000 0.015336
0.04 12 5 25969.929075 26374.000000 0.015321
0.04 13 2 25970.882581 26374.000000 0.015285
0.04 14 3 25971.158539 26374.000000 0.015274
0.04 15 4 25972.333435 26374.000000 0.015230
0.04 16 5 25972.717237 26374.000000 0.015215
0.04 17 4 25973.054610 26374.000000 0.015202
0.04 18 2 25973.197607 26374.000000 0.015197
0.04 19 1 25973.276339 26374.000000 0.015194
0.04 20 3 25973.411417 26374.000000 0.015189
0.04 21 2 25973.473057 26374.000000 0.015186
