9.97 0 0 57.234564 93.520000 0.387997
6.77 1 1717 57.329695 93.520000 0.386979
11.19 2 1848 57.393435 93.520000 0.386298
18.37 3 1566 57.448127 93.520000 0.385713
grasp ran in 0 seconds
26.70 4 1564 57.483560 93.520000 0.385334
grasp ran in 0 seconds
27.20 5 1287 57.518881 93.520000 0.384956
grasp ran in 0 seconds
29.74 6 797 57.553038 93.520000 0.384591
grasp ran in 0 seconds
29.72 7 1072 57.573782 93.520000 0.384369
grasp ran in 0 seconds
31.50 8 602 57.594792 93.520000 0.384145
grasp ran in 0 seconds
33.28 9 719 57.613212 93.520000 0.383948
grasp ran in 0 seconds
32.25 10 822 57.630524 93.520000 0.383763
grasp ran in 0 seconds
33.48 11 624 57.650151 93.520000 0.383553
grasp ran in 0 seconds
