TODO: CHECK FOR RANGED CONSTRAINT (CPT10001) rhs is 0.1
TODO: CHECK FOR RANGED CONSTRAINT (CPT10002) rhs is 0.1
TODO: CHECK FOR RANGED CONSTRAINT (CPT10003) rhs is 0.1
TODO: CHECK FOR RANGED CONSTRAINT (CPT10004) rhs is 0.1
TODO: CHECK FOR RANGED CONSTRAINT (CPT10005) rhs is 0.1
TODO: CHECK FOR RANGED CONSTRAINT (CPT10006) rhs is 0.1
TODO: CHECK FOR RANGED CONSTRAINT (CPT10007) rhs is 0.1
TODO: CHECK FOR RANGED CONSTRAINT (CPT10008) rhs is 0.1
TODO: CHECK FOR RANGED CONSTRAINT (CPT10009) rhs is 0.1
TODO: CHECK FOR RANGED CONSTRAINT (CPT1000A) rhs is 0.1
TODO: CHECK FOR RANGED CONSTRAINT (CPT1000B) rhs is 0.1
TODO: CHECK FOR RANGED CONSTRAINT (CPT1000C) rhs is 0.1
TODO: CHECK FOR RANGED CONSTRAINT (CPT1000D) rhs is 0.1
TODO: CHECK FOR RANGED CONSTRAINT (CPT1000E) rhs is 0.1
TODO: CHECK FOR RANGED CONSTRAINT (CPT1000F) rhs is 0.1
TODO: CHECK FOR RANGED CONSTRAINT (CPT10010) rhs is 0.1
TODO: CHECK FOR RANGED CONSTRAINT (CPT10011) rhs is 0.1
TODO: CHECK FOR RANGED CONSTRAINT (CPT20001) rhs is 0.1
TODO: CHECK FOR RANGED CONSTRAINT (CPT20002) rhs is 0.1
TODO: CHECK FOR RANGED CONSTRAINT (CPT20003) rhs is 0.1
TODO: CHECK FOR RANGED CONSTRAINT (CPT20004) rhs is 0.1
TODO: CHECK FOR RANGED CONSTRAINT (CPT20005) rhs is 0.1
TODO: CHECK FOR RANGED CONSTRAINT (CPT20006) rhs is 0.1
TODO: CHECK FOR RANGED CONSTRAINT (CPT20007) rhs is 0.1
TODO: CHECK FOR RANGED CONSTRAINT (CPT20008) rhs is 0.1
TODO: CHECK FOR RANGED CONSTRAINT (CPT20009) rhs is 0.1
TODO: CHECK FOR RANGED CONSTRAINT (CPT2000A) rhs is 0.1
TODO: CHECK FOR RANGED CONSTRAINT (CPT2000B) rhs is 0.1
TODO: CHECK FOR RANGED CONSTRAINT (CPT2000C) rhs is 0.1
TODO: CHECK FOR RANGED CONSTRAINT (CPT2000D) rhs is 0.1
TODO: CHECK FOR RANGED CONSTRAINT (CPT2000E) rhs is 0.1
TODO: CHECK FOR RANGED CONSTRAINT (CPT2000F) rhs is 0.1
TODO: CHECK FOR RANGED CONSTRAINT (CPT20010) rhs is 0.1
TODO: CHECK FOR RANGED CONSTRAINT (CPT20011) rhs is 0.1
TODO: CHECK FOR RANGED CONSTRAINT (CPT30001) rhs is 0.1
TODO: CHECK FOR RANGED CONSTRAINT (CPT30002) rhs is 0.1
TODO: CHECK FOR RANGED CONSTRAINT (CPT30003) rhs is 0.1
TODO: CHECK FOR RANGED CONSTRAINT (CPT30004) rhs is 0.1
TODO: CHECK FOR RANGED CONSTRAINT (CPT30005) rhs is 0.1
TODO: CHECK FOR RANGED CONSTRAINT (CPT30006) rhs is 0.1
TODO: CHECK FOR RANGED CONSTRAINT (CPT30007) rhs is 0.1
TODO: CHECK FOR RANGED CONSTRAINT (CPT30008) rhs is 0.1
TODO: CHECK FOR RANGED CONSTRAINT (CPT30009) rhs is 0.1
TODO: CHECK FOR RANGED CONSTRAINT (CPT3000A) rhs is 0.1
TODO: CHECK FOR RANGED CONSTRAINT (CPT3000B) rhs is 0.1
TODO: CHECK FOR RANGED CONSTRAINT (CPT3000C) rhs is 0.1
TODO: CHECK FOR RANGED CONSTRAINT (CPT3000D) rhs is 0.1
TODO: CHECK FOR RANGED CONSTRAINT (CPT3000E) rhs is 0.1
TODO: CHECK FOR RANGED CONSTRAINT (CPT3000F) rhs is 0.1
TODO: CHECK FOR RANGED CONSTRAINT (CPT30010) rhs is 0.1
TODO: CHECK FOR RANGED CONSTRAINT (CPT30011) rhs is 0.1
0.09 0 0 -305.198175 -305.198175 0.000000
