0.08 0 0 -611.850000 -563.846000 0.078457
0.01 1 14 -611.850000 -563.846000 0.078457
0.01 2 7 -611.850000 -563.846000 0.078457
0.01 3 7 -611.850000 -563.846000 0.078457
0.01 4 13 -611.850000 -563.846000 0.078457
0.01 5 7 -611.850000 -563.846000 0.078457
0.01 6 9 -611.850000 -563.846000 0.078457
0.01 7 10 -611.850000 -563.846000 0.078457
0.01 8 13 -611.850000 -563.846000 0.078457
0.03 9 13 -611.850000 -563.846000 0.078457
0.02 10 9 -611.850000 -563.846000 0.078457
0.01 11 11 -611.850000 -563.846000 0.078457
0.01 12 11 -611.850000 -563.846000 0.078457
0.01 13 8 -611.850000 -563.846000 0.078457
0.01 14 9 -611.850000 -563.846000 0.078457
0.04 15 9 -611.850000 -563.846000 0.078457
0.01 16 11 -611.850000 -563.846000 0.078457
0.02 17 9 -611.850000 -563.846000 0.078457
0.02 18 4 -611.850000 -563.846000 0.078457
0.01 19 5 -611.850000 -563.846000 0.078457
0.02 20 5 -611.850000 -563.846000 0.078457
0.03 21 5 -611.850000 -563.846000 0.078457
0.04 22 5 -611.850000 -563.846000 0.078457
0.01 23 5 -611.850000 -563.846000 0.078457
0.01 24 7 -611.850000 -563.846000 0.078457
0.01 25 4 -611.850000 -563.846000 0.078457
0.03 26 6 -611.850000 -563.846000 0.078457
0.02 27 4 -611.850000 -563.846000 0.078457
0.01 28 3 -611.850000 -563.846000 0.078457
0.02 29 5 -611.850000 -563.846000 0.078457
0.03 30 7 -611.850000 -563.846000 0.078457
0.01 31 6 -611.850000 -563.846000 0.078457
0.01 32 4 -611.850000 -563.846000 0.078457
0.01 33 5 -611.850000 -563.846000 0.078457
0.01 34 5 -611.850000 -563.846000 0.078457
0.01 35 5 -611.850000 -563.846000 0.078457
0.01 36 5 -611.850000 -563.846000 0.078457
0.01 37 4 -611.850000 -563.846000 0.078457
0.01 38 3 -611.850000 -563.846000 0.078457
0.01 39 4 -611.850000 -563.846000 0.078457
0.01 40 3 -611.850000 -563.846000 0.078457
0.01 41 5 -611.850000 -563.846000 0.078457
0.01 42 5 -611.850000 -563.846000 0.078457
0.02 43 5 -611.850000 -563.846000 0.078457
0.01 44 3 -611.850000 -563.846000 0.078457
0.01 45 4 -611.850000 -563.846000 0.078457
0.02 46 5 -611.850000 -563.846000 0.078457
0.01 47 2 -611.850000 -563.846000 0.078457
0.02 48 5 -611.850000 -563.846000 0.078457
0.01 49 5 -611.850000 -563.846000 0.078457
0.01 50 5 -611.850000 -563.846000 0.078457
0.01 51 4 -611.850000 -563.846000 0.078457
0.01 52 5 -611.850000 -563.846000 0.078457
0.01 53 3 -611.850000 -563.846000 0.078457
0.01 54 3 -611.850000 -563.846000 0.078457
0.01 55 3 -611.850000 -563.846000 0.078457
0.02 56 3 -611.850000 -563.846000 0.078457
0.01 57 3 -611.850000 -563.846000 0.078457
0.02 58 5 -611.850000 -563.846000 0.078457
0.04 59 5 -611.850000 -563.846000 0.078457
0.02 60 6 -611.850000 -563.846000 0.078457
0.04 61 4 -611.850000 -563.846000 0.078457
0.02 62 5 -611.850000 -563.846000 0.078457
0.02 63 4 -611.850000 -563.846000 0.078457
0.01 64 4 -611.850000 -563.846000 0.078457
0.01 65 3 -611.850000 -563.846000 0.078457
0.02 66 4 -611.850000 -563.846000 0.078457
0.02 67 3 -611.850000 -563.846000 0.078457
0.01 68 3 -611.850000 -563.846000 0.078457
0.02 69 3 -611.850000 -563.846000 0.078457
0.03 70 3 -611.850000 -563.846000 0.078457
0.01 71 3 -611.850000 -563.846000 0.078457
0.01 72 3 -611.850000 -563.846000 0.078457
0.02 73 2 -611.850000 -563.846000 0.078457
0.02 74 3 -611.850000 -563.846000 0.078457
0.02 75 3 -611.850000 -563.846000 0.078457
0.02 76 3 -611.850000 -563.846000 0.078457
0.04 77 7 -611.850000 -563.846000 0.078457
0.04 78 4 -611.850000 -563.846000 0.078457
0.02 79 3 -611.850000 -563.846000 0.078457
0.02 80 5 -611.850000 -563.846000 0.078457
0.02 81 2 -611.850000 -563.846000 0.078457
0.02 82 3 -611.850000 -563.846000 0.078457
0.02 83 3 -611.850000 -563.846000 0.078457
0.02 84 2 -611.850000 -563.846000 0.078457
0.02 85 2 -611.850000 -563.846000 0.078457
0.02 86 3 -611.850000 -563.846000 0.078457
0.02 87 3 -611.850000 -563.846000 0.078457
0.03 88 4 -611.850000 -563.846000 0.078457
0.03 89 3 -611.850000 -563.846000 0.078457
0.02 90 3 -611.850000 -563.846000 0.078457
0.03 91 3 -611.850000 -563.846000 0.078457
0.04 92 4 -611.850000 -563.846000 0.078457
0.04 93 5 -611.850000 -563.846000 0.078457
0.02 94 3 -611.850000 -563.846000 0.078457
0.04 95 3 -611.850000 -563.846000 0.078457
0.03 96 3 -611.850000 -563.846000 0.078457
0.02 97 4 -611.850000 -563.846000 0.078457
0.03 98 3 -611.850000 -563.846000 0.078457
0.05 99 5 -611.850000 -563.846000 0.078457
0.02 100 3 -611.850000 -563.846000 0.078457
0.02 101 5 -611.850000 -563.846000 0.078457
0.02 102 4 -611.850000 -563.846000 0.078457
0.02 103 3 -611.850000 -563.846000 0.078457
0.02 104 4 -611.850000 -563.846000 0.078457
0.03 105 3 -611.850000 -563.846000 0.078457
0.02 106 3 -611.850000 -563.846000 0.078457
0.02 107 3 -611.850000 -563.846000 0.078457
0.02 108 3 -611.850000 -563.846000 0.078457
0.02 109 3 -611.850000 -563.846000 0.078457
0.02 110 2 -611.850000 -563.846000 0.078457
0.02 111 3 -611.850000 -563.846000 0.078457
0.03 112 3 -611.850000 -563.846000 0.078457
0.03 113 3 -611.850000 -563.846000 0.078457
0.03 114 4 -611.850000 -563.846000 0.078457
0.04 115 3 -611.850000 -563.846000 0.078457
0.02 116 3 -611.850000 -563.846000 0.078457
0.02 117 3 -611.850000 -563.846000 0.078457
0.02 118 3 -611.850000 -563.846000 0.078457
0.03 119 3 -611.850000 -563.846000 0.078457
0.02 120 3 -611.850000 -563.846000 0.078457
0.03 121 3 -611.850000 -563.846000 0.078457
0.02 122 3 -611.850000 -563.846000 0.078457
0.02 123 3 -611.850000 -563.846000 0.078457
0.04 124 3 -611.850000 -563.846000 0.078457
0.03 125 3 -611.850000 -563.846000 0.078457
0.02 126 3 -611.850000 -563.846000 0.078457
0.02 127 5 -611.850000 -563.846000 0.078457
0.02 128 3 -611.850000 -563.846000 0.078457
0.02 129 3 -611.850000 -563.846000 0.078457
0.02 130 3 -611.850000 -563.846000 0.078457
0.02 131 3 -611.850000 -563.846000 0.078457
0.04 132 3 -611.850000 -563.846000 0.078457
0.03 133 4 -611.850000 -563.846000 0.078457
0.02 134 3 -611.850000 -563.846000 0.078457
0.03 135 3 -611.850000 -563.846000 0.078457
0.05 136 5 -611.850000 -563.846000 0.078457
0.04 137 4 -611.850000 -563.846000 0.078457
0.02 138 3 -611.850000 -563.846000 0.078457
0.04 139 3 -611.850000 -563.846000 0.078457
0.03 140 3 -611.850000 -563.846000 0.078457
0.02 141 3 -611.850000 -563.846000 0.078457
0.03 142 3 -611.850000 -563.846000 0.078457
0.04 143 3 -611.850000 -563.846000 0.078457
0.04 144 3 -611.850000 -563.846000 0.078457
0.02 145 3 -611.850000 -563.846000 0.078457
0.02 146 3 -611.850000 -563.846000 0.078457
0.03 147 3 -611.850000 -563.846000 0.078457
0.02 148 3 -611.850000 -563.846000 0.078457
0.02 149 3 -611.850000 -563.846000 0.078457
0.02 150 3 -611.850000 -563.846000 0.078457
0.04 151 2 -611.850000 -563.846000 0.078457
0.04 152 2 -611.850000 -563.846000 0.078457
0.04 153 2 -611.850000 -563.846000 0.078457
0.04 154 2 -611.850000 -563.846000 0.078457
0.04 155 3 -611.850000 -563.846000 0.078457
0.02 156 3 -611.850000 -563.846000 0.078457
0.03 157 3 -611.850000 -563.846000 0.078457
0.03 158 2 -611.850000 -563.846000 0.078457
0.03 159 3 -611.850000 -563.846000 0.078457
0.03 160 3 -611.850000 -563.846000 0.078457
0.03 161 3 -611.850000 -563.846000 0.078457
0.04 162 3 -611.850000 -563.846000 0.078457
0.04 163 2 -611.850000 -563.846000 0.078457
0.04 164 2 -611.850000 -563.846000 0.078457
0.04 165 3 -611.850000 -563.846000 0.078457
0.04 166 3 -611.850000 -563.846000 0.078457
0.04 167 3 -611.850000 -563.846000 0.078457
0.03 168 2 -611.850000 -563.846000 0.078457
0.03 169 2 -611.850000 -563.846000 0.078457
0.04 170 2 -611.850000 -563.846000 0.078457
0.04 171 3 -611.850000 -563.846000 0.078457
0.03 172 3 -611.850000 -563.846000 0.078457
0.03 173 3 -611.850000 -563.846000 0.078457
0.03 174 3 -611.850000 -563.846000 0.078457
0.05 175 3 -611.850000 -563.846000 0.078457
0.03 176 3 -611.850000 -563.846000 0.078457
0.03 177 3 -611.850000 -563.846000 0.078457
0.03 178 3 -611.850000 -563.846000 0.078457
0.04 179 3 -611.850000 -563.846000 0.078457
0.04 180 3 -611.850000 -563.846000 0.078457
0.03 181 3 -611.850000 -563.846000 0.078457
0.03 182 5 -611.850000 -563.846000 0.078457
0.04 183 3 -611.850000 -563.846000 0.078457
0.03 184 3 -611.850000 -563.846000 0.078457
0.03 185 3 -611.850000 -563.846000 0.078457
0.03 186 3 -611.850000 -563.846000 0.078457
0.04 187 5 -611.850000 -563.846000 0.078457
0.06 188 5 -611.850000 -563.846000 0.078457
0.06 189 5 -611.850000 -563.846000 0.078457
0.04 190 5 -611.850000 -563.846000 0.078457
0.04 191 3 -611.850000 -563.846000 0.078457
0.04 192 3 -611.850000 -563.846000 0.078457
0.03 193 3 -611.850000 -563.846000 0.078457
0.04 194 3 -611.850000 -563.846000 0.078457
0.04 195 3 -611.850000 -563.846000 0.078457
0.04 196 3 -611.850000 -563.846000 0.078457
0.03 197 2 -611.850000 -563.846000 0.078457
0.04 198 5 -611.850000 -563.846000 0.078457
0.05 199 5 -611.850000 -563.846000 0.078457
0.03 200 3 -611.850000 -563.846000 0.078457
0.02 201 3 -611.850000 -563.846000 0.078457
0.04 202 3 -611.850000 -563.846000 0.078457
0.05 203 5 -611.850000 -563.846000 0.078457
0.04 204 3 -611.850000 -563.846000 0.078457
0.05 205 3 -611.850000 -563.846000 0.078457
0.05 206 3 -611.850000 -563.846000 0.078457
0.03 207 3 -611.850000 -563.846000 0.078457
0.05 208 3 -611.850000 -563.846000 0.078457
0.04 209 3 -611.850000 -563.846000 0.078457
0.04 210 3 -611.850000 -563.846000 0.078457
0.03 211 3 -611.850000 -563.846000 0.078457
0.05 212 3 -611.850000 -563.846000 0.078457
0.03 213 3 -611.850000 -563.846000 0.078457
0.05 214 3 -611.850000 -563.846000 0.078457
0.03 215 3 -611.850000 -563.846000 0.078457
0.04 216 3 -611.850000 -563.846000 0.078457
0.04 217 4 -611.850000 -563.846000 0.078457
0.05 218 3 -611.850000 -563.846000 0.078457
0.06 219 3 -611.850000 -563.846000 0.078457
0.04 220 3 -611.850000 -563.846000 0.078457
0.05 221 3 -611.850000 -563.846000 0.078457
0.03 222 4 -611.850000 -563.846000 0.078457
0.04 223 8 -611.850000 -563.846000 0.078457
0.04 224 4 -611.850000 -563.846000 0.078457
0.03 225 4 -611.850000 -563.846000 0.078457
0.03 226 4 -611.850000 -563.846000 0.078457
0.04 227 4 -611.850000 -563.846000 0.078457
0.04 228 4 -611.850000 -563.846000 0.078457
0.04 229 4 -611.850000 -563.846000 0.078457
0.05 230 4 -611.850000 -563.846000 0.078457
0.03 231 4 -611.850000 -563.846000 0.078457
0.04 232 4 -611.850000 -563.846000 0.078457
0.08 233 4 -611.850000 -563.846000 0.078457
0.05 234 4 -611.850000 -563.846000 0.078457
0.04 235 4 -611.850000 -563.846000 0.078457
0.08 236 4 -611.850000 -563.846000 0.078457
0.03 237 4 -611.850000 -563.846000 0.078457
0.04 238 4 -611.850000 -563.846000 0.078457
0.04 239 4 -611.850000 -563.846000 0.078457
0.03 240 5 -611.850000 -563.846000 0.078457
0.04 241 5 -611.850000 -563.846000 0.078457
0.05 242 5 -611.850000 -563.846000 0.078457
0.06 243 5 -611.850000 -563.846000 0.078457
0.04 244 5 -611.850000 -563.846000 0.078457
0.04 245 5 -611.850000 -563.846000 0.078457
0.07 246 5 -611.850000 -563.846000 0.078457
0.04 247 5 -611.850000 -563.846000 0.078457
0.05 248 5 -611.850000 -563.846000 0.078457
0.05 249 5 -611.850000 -563.846000 0.078457
0.06 250 5 -611.850000 -563.846000 0.078457
0.10 251 5 -611.850000 -563.846000 0.078457
0.03 252 5 -611.850000 -563.846000 0.078457
0.07 253 5 -611.850000 -563.846000 0.078457
0.04 254 5 -611.850000 -563.846000 0.078457
0.05 255 5 -611.850000 -563.846000 0.078457
0.08 256 5 -611.850000 -563.846000 0.078457
0.07 257 5 -611.850000 -563.846000 0.078457
0.05 258 5 -611.850000 -563.846000 0.078457
0.04 259 5 -611.850000 -563.846000 0.078457
0.06 260 5 -611.850000 -563.846000 0.078457
0.05 261 5 -611.850000 -563.846000 0.078457
0.07 262 5 -611.850000 -563.846000 0.078457
0.04 263 5 -611.850000 -563.846000 0.078457
0.05 264 5 -611.850000 -563.846000 0.078457
0.07 265 5 -611.850000 -563.846000 0.078457
0.04 266 5 -611.850000 -563.846000 0.078457
0.07 267 5 -611.850000 -563.846000 0.078457
0.04 268 5 -611.850000 -563.846000 0.078457
0.05 269 5 -611.850000 -563.846000 0.078457
0.10 270 5 -611.850000 -563.846000 0.078457
0.08 271 5 -611.850000 -563.846000 0.078457
0.06 272 5 -611.850000 -563.846000 0.078457
0.07 273 5 -611.850000 -563.846000 0.078457
0.05 274 5 -611.850000 -563.846000 0.078457
0.08 275 5 -611.850000 -563.846000 0.078457
0.05 276 5 -611.850000 -563.846000 0.078457
0.11 277 5 -611.850000 -563.846000 0.078457
0.07 278 5 -611.850000 -563.846000 0.078457
0.09 279 5 -611.850000 -563.846000 0.078457
0.01 280 1 -611.850000 -563.846000 0.078457
0.02 281 1 -611.850000 -563.846000 0.078457
0.01 282 1 -611.850000 -563.846000 0.078457
0.02 283 1 -611.850000 -563.846000 0.078457
0.01 284 1 -611.850000 -563.846000 0.078457
0.02 285 1 -611.850000 -563.846000 0.078457
0.01 286 1 -611.850000 -563.846000 0.078457
0.01 287 1 -611.850000 -563.846000 0.078457
0.01 288 1 -611.850000 -563.846000 0.078457
0.01 289 1 -611.850000 -563.846000 0.078457
0.02 290 1 -611.850000 -563.846000 0.078457
0.01 291 1 -611.850000 -563.846000 0.078457
0.01 292 1 -611.850000 -563.846000 0.078457
0.01 293 1 -611.850000 -563.846000 0.078457
0.01 294 1 -611.850000 -563.846000 0.078457
0.01 295 1 -611.850000 -563.846000 0.078457
0.02 296 1 -611.850000 -563.846000 0.078457
0.01 297 1 -611.850000 -563.846000 0.078457
0.01 298 1 -611.850000 -563.846000 0.078457
0.02 299 1 -611.850000 -563.846000 0.078457
0.01 300 1 -611.850000 -563.846000 0.078457
0.01 301 1 -611.850000 -563.846000 0.078457
0.01 302 1 -611.850000 -563.846000 0.078457
0.01 303 1 -611.850000 -563.846000 0.078457
0.01 304 1 -611.850000 -563.846000 0.078457
0.01 305 1 -611.850000 -563.846000 0.078457
0.01 306 1 -611.850000 -563.846000 0.078457
0.01 307 1 -611.850000 -563.846000 0.078457
0.02 308 1 -611.850000 -563.846000 0.078457
0.02 309 1 -611.850000 -563.846000 0.078457
0.01 310 1 -611.850000 -563.846000 0.078457
0.01 311 1 -611.850000 -563.846000 0.078457
0.02 312 1 -611.850000 -563.846000 0.078457
0.01 313 1 -611.850000 -563.846000 0.078457
0.01 314 1 -611.850000 -563.846000 0.078457
0.02 315 1 -611.850000 -563.846000 0.078457
0.02 316 1 -611.850000 -563.846000 0.078457
0.02 317 1 -611.850000 -563.846000 0.078457
0.02 318 1 -611.850000 -563.846000 0.078457
0.01 319 1 -611.850000 -563.846000 0.078457
0.01 320 1 -611.850000 -563.846000 0.078457
0.01 321 1 -611.850000 -563.846000 0.078457
0.01 322 1 -611.850000 -563.846000 0.078457
0.01 323 1 -611.850000 -563.846000 0.078457
0.01 324 1 -611.850000 -563.846000 0.078457
0.01 325 1 -611.850000 -563.846000 0.078457
0.01 326 1 -611.850000 -563.846000 0.078457
0.01 327 1 -611.850000 -563.846000 0.078457
0.01 328 1 -611.850000 -563.846000 0.078457
0.01 329 1 -611.850000 -563.846000 0.078457
0.01 330 1 -611.850000 -563.846000 0.078457
0.01 331 1 -611.850000 -563.846000 0.078457
0.01 332 1 -611.850000 -563.846000 0.078457
0.01 333 1 -611.850000 -563.846000 0.078457
0.01 334 1 -611.850000 -563.846000 0.078457
0.01 335 1 -611.850000 -563.846000 0.078457
0.01 336 1 -611.850000 -563.846000 0.078457
0.01 337 1 -611.850000 -563.846000 0.078457
0.01 338 1 -611.850000 -563.846000 0.078457
0.01 339 1 -611.850000 -563.846000 0.078457
0.01 340 1 -611.850000 -563.846000 0.078457
0.01 341 1 -611.850000 -563.846000 0.078457
0.01 342 1 -611.850000 -563.846000 0.078457
0.01 343 1 -611.850000 -563.846000 0.078457
0.01 344 1 -611.850000 -563.846000 0.078457
0.01 345 1 -611.850000 -563.846000 0.078457
0.01 346 1 -611.850000 -563.846000 0.078457
0.01 347 1 -611.850000 -563.846000 0.078457
0.01 348 1 -611.850000 -563.846000 0.078457
0.01 349 1 -611.850000 -563.846000 0.078457
0.01 350 1 -611.850000 -563.846000 0.078457
0.01 351 1 -611.850000 -563.846000 0.078457
0.01 352 1 -611.850000 -563.846000 0.078457
0.01 353 1 -611.850000 -563.846000 0.078457
0.01 354 1 -611.850000 -563.846000 0.078457
0.01 355 1 -611.850000 -563.846000 0.078457
0.01 356 1 -611.850000 -563.846000 0.078457
0.01 357 1 -611.850000 -563.846000 0.078457
0.01 358 1 -611.850000 -563.846000 0.078457
0.01 359 1 -611.850000 -563.846000 0.078457
0.01 360 1 -611.850000 -563.846000 0.078457
0.01 361 1 -611.850000 -563.846000 0.078457
0.01 362 1 -611.850000 -563.846000 0.078457
0.01 363 1 -611.850000 -563.846000 0.078457
0.01 364 1 -611.850000 -563.846000 0.078457
0.01 365 1 -611.850000 -563.846000 0.078457
0.01 366 1 -611.850000 -563.846000 0.078457
0.01 367 1 -611.850000 -563.846000 0.078457
0.01 368 1 -611.850000 -563.846000 0.078457
0.01 369 1 -611.850000 -563.846000 0.078457
0.01 370 1 -611.850000 -563.846000 0.078457
0.01 371 1 -611.850000 -563.846000 0.078457
0.01 372 1 -611.850000 -563.846000 0.078457
0.01 373 1 -611.850000 -563.846000 0.078457
