21.51 0 0 -21622.998481 -20540.000000 0.050085
7.89 1 55 -21529.961121 -20540.000000 0.045981
2.86 2 60 -21521.426215 -20540.000000 0.045602
2.23 3 61 -21479.487607 -20540.000000 0.043739
12.18 4 71 -21464.724560 -20540.000000 0.043081
3.67 5 58 -21463.202359 -20540.000000 0.043013
2.34 6 52 -21451.494983 -20540.000000 0.042491
1.43 7 60 -21446.211835 -20540.000000 0.042255
0.87 8 54 -21441.694899 -20540.000000 0.042053
1.97 9 44 -21439.345558 -20540.000000 0.041948
2.27 10 48 -21437.910723 -20540.000000 0.041884
2.21 11 38 -21436.451236 -20540.000000 0.041819
1.87 12 42 -21435.985303 -20540.000000 0.041798
1.20 13 42 -21435.587161 -20540.000000 0.041780
2.00 14 40 -21434.769091 -20540.000000 0.041744
1.09 15 50 -21433.869928 -20540.000000 0.041704
1.98 16 54 -21432.945256 -20540.000000 0.041662
1.94 17 6 -21431.757731 -20540.000000 0.041609
0.23 18 5 -21431.613651 -20540.000000 0.041603
1.37 19 5 -21430.471699 -20540.000000 0.041552
1.02 20 5 -21429.867092 -20540.000000 0.041525
0.89 21 6 -21429.660092 -20540.000000 0.041515
0.88 22 5 -21429.191245 -20540.000000 0.041494
1.06 23 6 -21428.371893 -20540.000000 0.041458
10.29 24 9 -21428.287767 -20540.000000 0.041454
1.82 25 6 -21427.389961 -20540.000000 0.041414
1.33 26 7 -21427.057990 -20540.000000 0.041399
1.20 27 5 -21426.519241 -20540.000000 0.041375
11.05 28 8 -21426.502580 -20540.000000 0.041374
1.56 29 6 -21426.260971 -20540.000000 0.041363
3.48 30 4 -21424.761755 -20540.000000 0.041296
1.47 31 1 -21424.761755 -20540.000000 0.041296
1.40 32 8 -21424.761755 -20540.000000 0.041296
1.33 33 4 -21424.761755 -20540.000000 0.041296
