58.21 0 0 -22945.239631 -21718.000000 0.053486
3.25 1 57 -22826.101098 -21718.000000 0.048545
3.65 2 58 -22800.958646 -21718.000000 0.047496
2.03 3 58 -22796.906926 -21718.000000 0.047327
0.71 4 48 -22793.903190 -21718.000000 0.047201
1.03 5 37 -22791.331352 -21718.000000 0.047094
0.86 6 46 -22787.221542 -21718.000000 0.046922
1.98 7 46 -22782.979090 -21718.000000 0.046745
3.09 8 43 -22780.982233 -21718.000000 0.046661
0.68 9 37 -22779.036146 -21718.000000 0.046580
3.32 10 26 -22777.078819 -21718.000000 0.046498
1.32 11 22 -22776.243732 -21718.000000 0.046463
0.91 12 32 -22775.574523 -21718.000000 0.046435
0.76 13 30 -22775.232567 -21718.000000 0.046420
0.47 14 23 -22774.686939 -21718.000000 0.046397
0.59 15 30 -22774.587813 -21718.000000 0.046393
10.24 16 26 -22774.587813 -21718.000000 0.046393
10.00 17 8 -22774.587813 -21718.000000 0.046393
10.31 18 27 -22774.587813 -21718.000000 0.046393
10.12 19 20 -22774.587813 -21718.000000 0.046393
10.32 20 19 -22774.587813 -21718.000000 0.046393
11.16 21 10 -22774.587813 -21718.000000 0.046393
9.87 22 11 -22774.587813 -21718.000000 0.046393
10.24 23 15 -22774.587813 -21718.000000 0.046393
10.11 24 4 -22774.587813 -21718.000000 0.046393
9.95 25 5 -22774.587813 -21718.000000 0.046393
9.86 26 8 -22774.587813 -21718.000000 0.046393
9.97 27 7 -22774.587813 -21718.000000 0.046393
10.03 28 8 -22774.587813 -21718.000000 0.046393
9.94 29 7 -22774.587813 -21718.000000 0.046393
10.19 30 7 -22774.587813 -21718.000000 0.046393
9.98 31 2 -22774.587813 -21718.000000 0.046393
10.01 32 4 -22774.587813 -21718.000000 0.046393
9.85 33 3 -22774.587813 -21718.000000 0.046393
10.11 34 4 -22774.587813 -21718.000000 0.046393
9.81 35 3 -22774.587813 -21718.000000 0.046393
9.84 36 3 -22774.587813 -21718.000000 0.046393
