0.88 0 0 16310.665505 16862.000000 0.032697
0.05 1 3 16311.000000 16862.000000 0.032677
0.05 2 2 16311.333333 16862.000000 0.032657
0.05 3 3 16311.407407 16862.000000 0.032653
0.08 4 9 16312.000000 16862.000000 0.032618
0.06 5 12 16312.000000 16862.000000 0.032618
0.13 6 11 16312.250000 16862.000000 0.032603
0.07 7 12 16312.344828 16862.000000 0.032597
0.08 8 23 16312.666667 16862.000000 0.032578
0.09 9 8 16312.720000 16862.000000 0.032575
0.09 10 29 16312.828283 16862.000000 0.032569
0.11 11 36 16313.107914 16862.000000 0.032552
0.12 12 28 16313.441441 16862.000000 0.032532
0.11 13 40 16313.606061 16862.000000 0.032522
0.17 14 49 16313.935941 16862.000000 0.032503
0.13 15 51 16314.158730 16862.000000 0.032490
0.13 16 32 16314.325554 16862.000000 0.032480
0.15 17 53 16314.613489 16862.000000 0.032463
0.20 18 90 16315.188951 16862.000000 0.032429
0.21 19 152 16315.464667 16862.000000 0.032412
0.30 20 131 16316.160322 16862.000000 0.032371
0.43 21 296 16317.417256 16862.000000 0.032296
0.66 22 1011 16318.411893 16862.000000 0.032237
0.33 23 111 16319.242745 16862.000000 0.032188
0.67 24 465 16320.053188 16862.000000 0.032140
0.59 25 231 16320.912125 16862.000000 0.032089
0.36 26 152 16321.222915 16862.000000 0.032071
0.73 27 865 16321.616129 16862.000000 0.032047
0.80 28 491 16322.021953 16862.000000 0.032023
0.93 29 340 16322.579676 16862.000000 0.031990
1.37 30 1444 16323.333333 16862.000000 0.031946
0.45 31 12 16323.461841 16862.000000 0.031938
1.51 32 515 16324.228194 16862.000000 0.031893
1.09 33 303 16324.631685 16862.000000 0.031869
1.80 34 1428 16325.284589 16862.000000 0.031830
4.06 35 2107 16325.808483 16862.000000 0.031799
2.39 36 824 16326.245541 16862.000000 0.031773
4.53 37 1490 16326.734212 16862.000000 0.031744
3.36 38 1617 16327.226243 16862.000000 0.031715
3.02 39 559 16327.669324 16862.000000 0.031688
3.27 40 1173 16328.128846 16862.000000 0.031661
7.98 41 2638 16328.640249 16862.000000 0.031631
9.23 42 5648 16329.292258 16862.000000 0.031592
3.12 43 1826 16329.333333 16862.000000 0.031590
2.55 44 3 16329.415455 16862.000000 0.031585
15.65 45 3235 16329.884957 16862.000000 0.031557
14.77 46 4083 16330.236032 16862.000000 0.031536
16.71 47 2182 16331.069814 16862.000000 0.031487
18.86 48 9341 16331.333333 16862.000000 0.031471
0.15 49 3 16331.333333 16862.000000 0.031471
0.22 50 7 16331.333333 16862.000000 0.031471
6.82 51 3 16331.558307 16862.000000 0.031458
grasp ran in 2 seconds
53.47 52 18109 16332.000000 16862.000000 0.031432
16.20 53 3 16332.093043 16862.000000 0.031426
35.06 54 6736 16332.563085 16862.000000 0.031398
grasp ran in 4 seconds
