0.87 0 0 16310.665505 16862.000000 0.032697
0.07 1 3 16312.000000 16862.000000 0.032618
0.04 2 4 16312.000000 16862.000000 0.032618
0.08 3 2 16313.333333 16862.000000 0.032539
0.19 4 18 16315.000000 16862.000000 0.032440
0.16 5 7 16318.543210 16862.000000 0.032230
0.42 6 89 16325.023710 16862.000000 0.031845
0.38 7 48 16329.132530 16862.000000 0.031602
0.41 8 40 16332.617587 16862.000000 0.031395
0.35 9 31 16335.496537 16862.000000 0.031224
2.27 10 470 16339.147381 16862.000000 0.031008
1.67 11 304 16344.390864 16862.000000 0.030697
2.37 12 357 16350.639593 16862.000000 0.030326
1.73 13 203 16355.275563 16862.000000 0.030051
2.98 14 259 16358.579929 16862.000000 0.029855
6.11 15 776 16362.179734 16862.000000 0.029642
17.86 16 2968 16366.489436 16862.000000 0.029386
grasp ran in 2 seconds
40.32 17 2606 16369.604273 16862.000000 0.029202
60.16 18 7949 16374.262749 16862.000000 0.028925
grasp ran in 5 seconds
43.03 19 1716 16377.060090 16862.000000 0.028759
39.64 20 1096 16380.104866 16862.000000 0.028579
21.84 21 509 16381.782921 16862.000000 0.028479
24.16 22 697 16382.908380 16862.000000 0.028413
27.52 23 98 16383.317045 16862.000000 0.028388
grasp ran in 8 seconds
