using at max 0 two mir passes.
using at max 0 gomory passes.
Using COIN CGL separation.
Coin0008I acc-tight5 read with 0 errors
cbcroot: root node relaxation and clique cuts

loaded acc-tight5 
	1339 variables (1339 integer) 3052 rows

osi_cgraph took 0.010 seconds.
Clique Separation Parameters:
	max depth         : 3
	max passes        : 9999
	minimum violation : 0.0200
	minimum frac. val : 0.0010
	extend cliques    : 0
	enum max. degree  : 10
	verbose           : 1
	maximum time bk   : 20
solving relaxation ... Initial dual bound 0
solved in 0.630

rcl Found 1 new violated cliques with the row-clique method
rcl The largest admissible number was 16 (threshold 12)
rcl    not all row cliques have been eliminated

scl Found 0 new violated cliques with the star-clique method
scl The largest star size was 17 (threshold 12)
scl Enumeration 95 times, found 0 maxl cliques
scl Greedy 36 times, found 0 maxl cliques
scl Skipped a star b/c of small solution value 384 times
scl    not all cliques have been eliminated
round 1 : cgl separated 1 cuts in 0.0000 seconds. dual limit now: 0 time: 0.630
resolving relaxation ... solved in 0.130 after adding cuts of pass 1. dual limit now 0


rcl Found 0 new violated cliques with the row-clique method
rcl The largest admissible number was 16 (threshold 12)
rcl    not all row cliques have been eliminated

scl Found 0 new violated cliques with the star-clique method
scl The largest star size was 15 (threshold 12)
scl Enumeration 88 times, found 0 maxl cliques
scl Greedy 43 times, found 0 maxl cliques
scl Skipped a star b/c of small solution value 389 times
scl    not all cliques have been eliminated
round 2 : cgl separated 0 cuts in 0.0000 seconds. dual limit now: 0 time: 0.760

End of root node relaxation. Dual limit: 0 time: 0.760 
