using at max 0 two mir passes.
using at max 0 gomory passes.
Using COIN CGL separation.
Coin0008I air04 read with 0 errors
cbcroot: root node relaxation and clique cuts

loaded air04 
	8904 variables (8904 integer) 823 rows

osi_cgraph took 0.930 seconds.
Clique Separation Parameters:
	max depth         : 3
	max passes        : 9999
	minimum violation : 0.0200
	minimum frac. val : 0.0010
	extend cliques    : 0
	enum max. degree  : 10
	verbose           : 1
	maximum time bk   : 20
solving relaxation ... Initial dual bound 55535.4
solved in 0.340

rcl Found 65 new violated cliques with the row-clique method
rcl The largest admissible number was 15 (threshold 12)
rcl    not all row cliques have been eliminated

scl Found 29 new violated cliques with the star-clique method
scl The largest star size was 17 (threshold 12)
scl Enumeration 85 times, found 28 maxl cliques
scl Greedy 13 times, found 1 maxl cliques
scl Skipped a star b/c of small solution value 127 times
scl    not all cliques have been eliminated
round 1 : cgl separated 22 cuts in 0.0000 seconds. dual limit now: 55535.4 time: 0.340
resolving relaxation ... solved in 0.080 after adding cuts of pass 1. dual limit now 55571.5


rcl Found 91 new violated cliques with the row-clique method
rcl The largest admissible number was 15 (threshold 12)
rcl    not all row cliques have been eliminated

scl Found 6 new violated cliques with the star-clique method
scl The largest star size was 18 (threshold 12)
scl Enumeration 70 times, found 5 maxl cliques
scl Greedy 20 times, found 1 maxl cliques
scl Skipped a star b/c of small solution value 132 times
scl    not all cliques have been eliminated
round 2 : cgl separated 17 cuts in 0.0000 seconds. dual limit now: 55571.5 time: 0.430
resolving relaxation ... solved in 0.090 after adding cuts of pass 2. dual limit now 55590.4


rcl Found 49 new violated cliques with the row-clique method
rcl The largest admissible number was 15 (threshold 12)
rcl    not all row cliques have been eliminated

scl Found 0 new violated cliques with the star-clique method
scl The largest star size was 20 (threshold 12)
scl Enumeration 78 times, found 0 maxl cliques
scl Greedy 21 times, found 0 maxl cliques
scl Skipped a star b/c of small solution value 147 times
scl    not all cliques have been eliminated
round 3 : cgl separated 13 cuts in 0.0100 seconds. dual limit now: 55590.4 time: 0.530
resolving relaxation ... solved in 0.080 after adding cuts of pass 3. dual limit now 55601


rcl Found 64 new violated cliques with the row-clique method
rcl The largest admissible number was 19 (threshold 12)
rcl    not all row cliques have been eliminated

scl Found 6 new violated cliques with the star-clique method
scl The largest star size was 20 (threshold 12)
scl Enumeration 65 times, found 5 maxl cliques
scl Greedy 21 times, found 1 maxl cliques
scl Skipped a star b/c of small solution value 167 times
scl    not all cliques have been eliminated
round 4 : cgl separated 17 cuts in 0.0000 seconds. dual limit now: 55601 time: 0.610
resolving relaxation ... solved in 0.050 after adding cuts of pass 4. dual limit now 55605.7


rcl Found 66 new violated cliques with the row-clique method
rcl The largest admissible number was 19 (threshold 12)
rcl    not all row cliques have been eliminated

scl Found 2 new violated cliques with the star-clique method
scl The largest star size was 21 (threshold 12)
scl Enumeration 68 times, found 0 maxl cliques
scl Greedy 25 times, found 2 maxl cliques
scl Skipped a star b/c of small solution value 170 times
scl    not all cliques have been eliminated
round 5 : cgl separated 12 cuts in 0.0000 seconds. dual limit now: 55605.7 time: 0.660
resolving relaxation ... solved in 0.080 after adding cuts of pass 5. dual limit now 55612.1


rcl Found 60 new violated cliques with the row-clique method
rcl The largest admissible number was 14 (threshold 12)
rcl    not all row cliques have been eliminated

scl Found 1 new violated cliques with the star-clique method
scl The largest star size was 24 (threshold 12)
scl Enumeration 67 times, found 0 maxl cliques
scl Greedy 26 times, found 1 maxl cliques
scl Skipped a star b/c of small solution value 163 times
scl    not all cliques have been eliminated
round 6 : cgl separated 11 cuts in 0.0000 seconds. dual limit now: 55612.1 time: 0.740
resolving relaxation ... solved in 0.080 after adding cuts of pass 6. dual limit now 55617.8


rcl Found 66 new violated cliques with the row-clique method
rcl The largest admissible number was 14 (threshold 12)
rcl    not all row cliques have been eliminated

scl Found 6 new violated cliques with the star-clique method
scl The largest star size was 26 (threshold 12)
scl Enumeration 65 times, found 6 maxl cliques
scl Greedy 26 times, found 0 maxl cliques
scl Skipped a star b/c of small solution value 171 times
scl    not all cliques have been eliminated
round 7 : cgl separated 11 cuts in 0.0000 seconds. dual limit now: 55617.8 time: 0.820
resolving relaxation ... solved in 0.040 after adding cuts of pass 7. dual limit now 55621


rcl Found 101 new violated cliques with the row-clique method
rcl The largest admissible number was 12 (threshold 12)
rcl    not all row cliques have been eliminated

scl Found 2 new violated cliques with the star-clique method
scl The largest star size was 21 (threshold 12)
scl Enumeration 68 times, found 1 maxl cliques
scl Greedy 24 times, found 1 maxl cliques
scl Skipped a star b/c of small solution value 173 times
scl    not all cliques have been eliminated
round 8 : cgl separated 12 cuts in 0.0100 seconds. dual limit now: 55621 time: 0.870
resolving relaxation ... solved in 0.050 after adding cuts of pass 8. dual limit now 55623.3


rcl Found 114 new violated cliques with the row-clique method
rcl The largest admissible number was 12 (threshold 12)
rcl    not all row cliques have been eliminated

scl Found 4 new violated cliques with the star-clique method
scl The largest star size was 24 (threshold 12)
scl Enumeration 70 times, found 4 maxl cliques
scl Greedy 23 times, found 0 maxl cliques
scl Skipped a star b/c of small solution value 184 times
scl    not all cliques have been eliminated
round 9 : cgl separated 15 cuts in 0.0000 seconds. dual limit now: 55623.3 time: 0.920
resolving relaxation ... solved in 0.060 after adding cuts of pass 9. dual limit now 55626.6


rcl Found 81 new violated cliques with the row-clique method
rcl The largest admissible number was 19 (threshold 12)
rcl    not all row cliques have been eliminated

scl Found 4 new violated cliques with the star-clique method
scl The largest star size was 25 (threshold 12)
scl Enumeration 62 times, found 0 maxl cliques
scl Greedy 28 times, found 4 maxl cliques
scl Skipped a star b/c of small solution value 170 times
scl    not all cliques have been eliminated
round 10 : cgl separated 13 cuts in 0.0000 seconds. dual limit now: 55626.6 time: 0.980
resolving relaxation ... solved in 0.030 after adding cuts of pass 10. dual limit now 55628.2


rcl Found 120 new violated cliques with the row-clique method
rcl The largest admissible number was 17 (threshold 12)
rcl    not all row cliques have been eliminated

scl Found 2 new violated cliques with the star-clique method
scl The largest star size was 28 (threshold 12)
scl Enumeration 66 times, found 0 maxl cliques
scl Greedy 23 times, found 2 maxl cliques
scl Skipped a star b/c of small solution value 180 times
scl    not all cliques have been eliminated
round 11 : cgl separated 14 cuts in 0.0100 seconds. dual limit now: 55628.2 time: 1.020
resolving relaxation ... solved in 0.050 after adding cuts of pass 11. dual limit now 55630.6


rcl Found 57 new violated cliques with the row-clique method
rcl The largest admissible number was 18 (threshold 12)
rcl    not all row cliques have been eliminated

scl Found 4 new violated cliques with the star-clique method
scl The largest star size was 28 (threshold 12)
scl Enumeration 64 times, found 0 maxl cliques
scl Greedy 26 times, found 4 maxl cliques
scl Skipped a star b/c of small solution value 172 times
scl    not all cliques have been eliminated
round 12 : cgl separated 15 cuts in 0.0000 seconds. dual limit now: 55630.6 time: 1.070
resolving relaxation ... solved in 0.040 after adding cuts of pass 12. dual limit now 55632.6


rcl Found 108 new violated cliques with the row-clique method
rcl The largest admissible number was 20 (threshold 12)
rcl    not all row cliques have been eliminated

scl Found 8 new violated cliques with the star-clique method
scl The largest star size was 32 (threshold 12)
scl Enumeration 63 times, found 7 maxl cliques
scl Greedy 26 times, found 1 maxl cliques
scl Skipped a star b/c of small solution value 182 times
scl    not all cliques have been eliminated
round 13 : cgl separated 12 cuts in 0.0100 seconds. dual limit now: 55632.6 time: 1.120
resolving relaxation ... solved in 0.040 after adding cuts of pass 13. dual limit now 55635.1


rcl Found 91 new violated cliques with the row-clique method
rcl The largest admissible number was 19 (threshold 12)
rcl    not all row cliques have been eliminated

scl Found 8 new violated cliques with the star-clique method
scl The largest star size was 27 (threshold 12)
scl Enumeration 65 times, found 6 maxl cliques
scl Greedy 26 times, found 2 maxl cliques
scl Skipped a star b/c of small solution value 171 times
scl    not all cliques have been eliminated
round 14 : cgl separated 12 cuts in 0.0000 seconds. dual limit now: 55635.1 time: 1.160
resolving relaxation ... solved in 0.030 after adding cuts of pass 14. dual limit now 55635.5


rcl Found 100 new violated cliques with the row-clique method
rcl The largest admissible number was 14 (threshold 12)
rcl    not all row cliques have been eliminated

scl Found 9 new violated cliques with the star-clique method
scl The largest star size was 33 (threshold 12)
scl Enumeration 65 times, found 9 maxl cliques
scl Greedy 26 times, found 0 maxl cliques
scl Skipped a star b/c of small solution value 184 times
scl    not all cliques have been eliminated
round 15 : cgl separated 14 cuts in 0.0000 seconds. dual limit now: 55635.5 time: 1.190
resolving relaxation ... solved in 0.040 after adding cuts of pass 15. dual limit now 55636.4


rcl Found 206 new violated cliques with the row-clique method
rcl The largest admissible number was 15 (threshold 12)
rcl    not all row cliques have been eliminated

scl Found 4 new violated cliques with the star-clique method
scl The largest star size was 32 (threshold 12)
scl Enumeration 66 times, found 0 maxl cliques
scl Greedy 28 times, found 4 maxl cliques
scl Skipped a star b/c of small solution value 191 times
scl    not all cliques have been eliminated
round 16 : cgl separated 23 cuts in 0.0100 seconds. dual limit now: 55636.4 time: 1.240
resolving relaxation ... solved in 0.040 after adding cuts of pass 16. dual limit now 55637.6


rcl Found 85 new violated cliques with the row-clique method
rcl The largest admissible number was 31 (threshold 12)
rcl    not all row cliques have been eliminated

scl Found 2 new violated cliques with the star-clique method
scl The largest star size was 26 (threshold 12)
scl Enumeration 64 times, found 1 maxl cliques
scl Greedy 30 times, found 1 maxl cliques
scl Skipped a star b/c of small solution value 178 times
scl    not all cliques have been eliminated
round 17 : cgl separated 9 cuts in 0.0100 seconds. dual limit now: 55637.6 time: 1.290
resolving relaxation ... solved in 0.030 after adding cuts of pass 17. dual limit now 55638


rcl Found 46 new violated cliques with the row-clique method
rcl The largest admissible number was 22 (threshold 12)
rcl    not all row cliques have been eliminated

scl Found 2 new violated cliques with the star-clique method
scl The largest star size was 35 (threshold 12)
scl Enumeration 60 times, found 0 maxl cliques
scl Greedy 30 times, found 2 maxl cliques
scl Skipped a star b/c of small solution value 195 times
scl    not all cliques have been eliminated
round 18 : cgl separated 3 cuts in 0.0100 seconds. dual limit now: 55638 time: 1.330
resolving relaxation ... solved in 0.030 after adding cuts of pass 18. dual limit now 55638.6


rcl Found 63 new violated cliques with the row-clique method
rcl The largest admissible number was 12 (threshold 12)
rcl    not all row cliques have been eliminated

scl Found 7 new violated cliques with the star-clique method
scl The largest star size was 21 (threshold 12)
scl Enumeration 65 times, found 7 maxl cliques
scl Greedy 26 times, found 0 maxl cliques
scl Skipped a star b/c of small solution value 183 times
scl    not all cliques have been eliminated
round 19 : cgl separated 5 cuts in 0.0000 seconds. dual limit now: 55638.6 time: 1.360
resolving relaxation ... solved in 0.030 after adding cuts of pass 19. dual limit now 55639.1


rcl Found 39 new violated cliques with the row-clique method
rcl The largest admissible number was 11 (threshold 12)
rcl    all row cliques have been enumerated

scl Found 0 new violated cliques with the star-clique method
scl The largest star size was 21 (threshold 12)
scl Enumeration 67 times, found 0 maxl cliques
scl Greedy 25 times, found 0 maxl cliques
scl Skipped a star b/c of small solution value 182 times
scl    not all cliques have been eliminated
round 20 : cgl separated 2 cuts in 0.0000 seconds. dual limit now: 55639.1 time: 1.390
resolving relaxation ... solved in 0.040 after adding cuts of pass 20. dual limit now 55639.5


rcl Found 32 new violated cliques with the row-clique method
rcl The largest admissible number was 17 (threshold 12)
rcl    not all row cliques have been eliminated

scl Found 9 new violated cliques with the star-clique method
scl The largest star size was 20 (threshold 12)
scl Enumeration 73 times, found 8 maxl cliques
scl Greedy 17 times, found 1 maxl cliques
scl Skipped a star b/c of small solution value 153 times
scl    not all cliques have been eliminated
round 21 : cgl separated 2 cuts in 0.0000 seconds. dual limit now: 55639.5 time: 1.430
resolving relaxation ... solved in 0.020 after adding cuts of pass 21. dual limit now 55639.8


rcl Found 21 new violated cliques with the row-clique method
rcl The largest admissible number was 12 (threshold 12)
rcl    not all row cliques have been eliminated

scl Found 1 new violated cliques with the star-clique method
scl The largest star size was 26 (threshold 12)
scl Enumeration 60 times, found 0 maxl cliques
scl Greedy 33 times, found 1 maxl cliques
scl Skipped a star b/c of small solution value 208 times
scl    not all cliques have been eliminated
round 22 : cgl separated 1 cuts in 0.0100 seconds. dual limit now: 55639.8 time: 1.460
resolving relaxation ... solved in 0.030 after adding cuts of pass 22. dual limit now 55640.4


rcl Found 108 new violated cliques with the row-clique method
rcl The largest admissible number was 11 (threshold 12)
rcl    all row cliques have been enumerated

scl Found 2 new violated cliques with the star-clique method
scl The largest star size was 29 (threshold 12)
scl Enumeration 65 times, found 0 maxl cliques
scl Greedy 29 times, found 2 maxl cliques
scl Skipped a star b/c of small solution value 187 times
scl    not all cliques have been eliminated
round 23 : cgl separated 7 cuts in 0.0000 seconds. dual limit now: 55640.4 time: 1.490
resolving relaxation ... solved in 0.030 after adding cuts of pass 23. dual limit now 55640.6


rcl Found 94 new violated cliques with the row-clique method
rcl The largest admissible number was 10 (threshold 12)
rcl    all row cliques have been enumerated

scl Found 1 new violated cliques with the star-clique method
scl The largest star size was 21 (threshold 12)
scl Enumeration 67 times, found 0 maxl cliques
scl Greedy 26 times, found 1 maxl cliques
scl Skipped a star b/c of small solution value 180 times
scl    not all cliques have been eliminated
round 24 : cgl separated 7 cuts in 0.0100 seconds. dual limit now: 55640.6 time: 1.530
resolving relaxation ... solved in 0.010 after adding cuts of pass 24. dual limit now 55640.7


rcl Found 0 new violated cliques with the row-clique method
rcl The largest admissible number was 12 (threshold 12)
rcl    not all row cliques have been eliminated

scl Found 0 new violated cliques with the star-clique method
scl The largest star size was 34 (threshold 12)
scl Enumeration 67 times, found 0 maxl cliques
scl Greedy 30 times, found 0 maxl cliques
scl Skipped a star b/c of small solution value 196 times
scl    not all cliques have been eliminated
round 25 : cgl separated 0 cuts in 0.0100 seconds. dual limit now: 55640.7 time: 1.550

End of root node relaxation. Dual limit: 55640.7 time: 1.550 
