using at max 0 two mir passes.
using at max 0 gomory passes.
Using COIN CGL separation.
Coin0008I dfn-gwin-UUM read with 0 errors
cbcroot: root node relaxation and clique cuts

loaded dfn-gwin-UUM 
	938 variables (90 integer) 158 rows

osi_cgraph took 0.000 seconds.
Clique Separation Parameters:
	max depth         : 3
	max passes        : 9999
	minimum violation : 0.0200
	minimum frac. val : 0.0010
	extend cliques    : 0
	enum max. degree  : 10
	verbose           : 1
	maximum time bk   : 20
solving relaxation ... Initial dual bound 27467.3
solved in 0.020

rcl Found 0 new violated cliques with the row-clique method
rcl The largest admissible number was 0 (threshold 12)
rcl    all row cliques have been enumerated
round 1 : cgl separated 0 cuts in 0.0000 seconds. dual limit now: 27467.3 time: 0.020

End of root node relaxation. Dual limit: 27467.3 time: 0.020 
