using at max 0 two mir passes.
using at max 0 gomory passes.
Using COIN CGL separation.
Coin0008I eil33.2 read with 0 errors
cbcroot: root node relaxation and clique cuts

loaded eil33-2 
	4516 variables (4516 integer) 32 rows

osi_cgraph took 0.010 seconds.
Clique Separation Parameters:
	max depth         : 3
	max passes        : 9999
	minimum violation : 0.0200
	minimum frac. val : 0.0010
	extend cliques    : 0
	enum max. degree  : 10
	verbose           : 1
	maximum time bk   : 20
solving relaxation ... Initial dual bound 811.279
solved in 0.040

rcl Found 38 new violated cliques with the row-clique method
rcl The largest admissible number was 13 (threshold 12)
rcl    not all row cliques have been eliminated

scl Found 5 new violated cliques with the star-clique method
scl The largest star size was 25 (threshold 12)
scl Enumeration 0 times, found 0 maxl cliques
scl Greedy 7 times, found 5 maxl cliques
scl Skipped a star b/c of small solution value 21 times
scl    not all cliques have been eliminated
round 1 : cgl separated 12 cuts in 0.0000 seconds. dual limit now: 811.279 time: 0.050
resolving relaxation ... solved in 0.010 after adding cuts of pass 1. dual limit now 812.438


rcl Found 47 new violated cliques with the row-clique method
rcl The largest admissible number was 13 (threshold 12)
rcl    not all row cliques have been eliminated

scl Found 6 new violated cliques with the star-clique method
scl The largest star size was 25 (threshold 12)
scl Enumeration 0 times, found 0 maxl cliques
scl Greedy 7 times, found 6 maxl cliques
scl Skipped a star b/c of small solution value 23 times
scl    not all cliques have been eliminated
round 2 : cgl separated 16 cuts in 0.0000 seconds. dual limit now: 812.438 time: 0.060
resolving relaxation ... solved in 0.000 after adding cuts of pass 2. dual limit now 812.822


rcl Found 134 new violated cliques with the row-clique method
rcl The largest admissible number was 15 (threshold 12)
rcl    not all row cliques have been eliminated

scl Found 6 new violated cliques with the star-clique method
scl The largest star size was 31 (threshold 12)
scl Enumeration 0 times, found 0 maxl cliques
scl Greedy 10 times, found 6 maxl cliques
scl Skipped a star b/c of small solution value 26 times
scl    not all cliques have been eliminated
round 3 : cgl separated 23 cuts in 0.0100 seconds. dual limit now: 812.822 time: 0.070
resolving relaxation ... solved in 0.010 after adding cuts of pass 3. dual limit now 813.192


rcl Found 90 new violated cliques with the row-clique method
rcl The largest admissible number was 15 (threshold 12)
rcl    not all row cliques have been eliminated

scl Found 7 new violated cliques with the star-clique method
scl The largest star size was 35 (threshold 12)
scl Enumeration 0 times, found 0 maxl cliques
scl Greedy 12 times, found 7 maxl cliques
scl Skipped a star b/c of small solution value 27 times
scl    not all cliques have been eliminated
round 4 : cgl separated 29 cuts in 0.0000 seconds. dual limit now: 813.192 time: 0.080
resolving relaxation ... solved in 0.010 after adding cuts of pass 4. dual limit now 813.631


rcl Found 134 new violated cliques with the row-clique method
rcl The largest admissible number was 15 (threshold 12)
rcl    not all row cliques have been eliminated

scl Found 6 new violated cliques with the star-clique method
scl The largest star size was 30 (threshold 12)
scl Enumeration 0 times, found 0 maxl cliques
scl Greedy 9 times, found 6 maxl cliques
scl Skipped a star b/c of small solution value 27 times
scl    not all cliques have been eliminated
round 5 : cgl separated 25 cuts in 0.0000 seconds. dual limit now: 813.631 time: 0.090
resolving relaxation ... solved in 0.020 after adding cuts of pass 5. dual limit now 814.157


rcl Found 145 new violated cliques with the row-clique method
rcl The largest admissible number was 20 (threshold 12)
rcl    not all row cliques have been eliminated

scl Found 5 new violated cliques with the star-clique method
scl The largest star size was 39 (threshold 12)
scl Enumeration 0 times, found 0 maxl cliques
scl Greedy 12 times, found 5 maxl cliques
scl Skipped a star b/c of small solution value 33 times
scl    not all cliques have been eliminated
round 6 : cgl separated 35 cuts in 0.0000 seconds. dual limit now: 814.157 time: 0.110
resolving relaxation ... solved in 0.010 after adding cuts of pass 6. dual limit now 814.342


rcl Found 396 new violated cliques with the row-clique method
rcl The largest admissible number was 19 (threshold 12)
rcl    not all row cliques have been eliminated

scl Found 5 new violated cliques with the star-clique method
scl The largest star size was 38 (threshold 12)
scl Enumeration 0 times, found 0 maxl cliques
scl Greedy 11 times, found 5 maxl cliques
scl Skipped a star b/c of small solution value 33 times
scl    not all cliques have been eliminated
round 7 : cgl separated 28 cuts in 0.0100 seconds. dual limit now: 814.342 time: 0.130
resolving relaxation ... solved in 0.010 after adding cuts of pass 7. dual limit now 814.558


rcl Found 193 new violated cliques with the row-clique method
rcl The largest admissible number was 23 (threshold 12)
rcl    not all row cliques have been eliminated

scl Found 8 new violated cliques with the star-clique method
scl The largest star size was 47 (threshold 12)
scl Enumeration 0 times, found 0 maxl cliques
scl Greedy 11 times, found 8 maxl cliques
scl Skipped a star b/c of small solution value 42 times
scl    not all cliques have been eliminated
round 8 : cgl separated 32 cuts in 0.0000 seconds. dual limit now: 814.558 time: 0.140
resolving relaxation ... solved in 0.030 after adding cuts of pass 8. dual limit now 814.819


rcl Found 245 new violated cliques with the row-clique method
rcl The largest admissible number was 23 (threshold 12)
rcl    not all row cliques have been eliminated

scl Found 3 new violated cliques with the star-clique method
scl The largest star size was 41 (threshold 12)
scl Enumeration 0 times, found 0 maxl cliques
scl Greedy 13 times, found 3 maxl cliques
scl Skipped a star b/c of small solution value 36 times
scl    not all cliques have been eliminated
round 9 : cgl separated 52 cuts in 0.0000 seconds. dual limit now: 814.819 time: 0.170
resolving relaxation ... solved in 0.020 after adding cuts of pass 9. dual limit now 815.056


rcl Found 331 new violated cliques with the row-clique method
rcl The largest admissible number was 25 (threshold 12)
rcl    not all row cliques have been eliminated

scl Found 5 new violated cliques with the star-clique method
scl The largest star size was 49 (threshold 12)
scl Enumeration 0 times, found 0 maxl cliques
scl Greedy 13 times, found 5 maxl cliques
scl Skipped a star b/c of small solution value 41 times
scl    not all cliques have been eliminated
round 10 : cgl separated 75 cuts in 0.0100 seconds. dual limit now: 815.056 time: 0.200
resolving relaxation ... solved in 0.030 after adding cuts of pass 10. dual limit now 815.203


rcl Found 477 new violated cliques with the row-clique method
rcl The largest admissible number was 29 (threshold 12)
rcl    not all row cliques have been eliminated

scl Found 7 new violated cliques with the star-clique method
scl The largest star size was 48 (threshold 12)
scl Enumeration 0 times, found 0 maxl cliques
scl Greedy 13 times, found 7 maxl cliques
scl Skipped a star b/c of small solution value 41 times
scl    not all cliques have been eliminated
round 11 : cgl separated 56 cuts in 0.0000 seconds. dual limit now: 815.203 time: 0.230
resolving relaxation ... solved in 0.040 after adding cuts of pass 11. dual limit now 815.37


rcl Found 517 new violated cliques with the row-clique method
rcl The largest admissible number was 23 (threshold 12)
rcl    not all row cliques have been eliminated

scl Found 9 new violated cliques with the star-clique method
scl The largest star size was 49 (threshold 12)
scl Enumeration 0 times, found 0 maxl cliques
scl Greedy 16 times, found 9 maxl cliques
scl Skipped a star b/c of small solution value 39 times
scl    not all cliques have been eliminated
round 12 : cgl separated 92 cuts in 0.0000 seconds. dual limit now: 815.37 time: 0.270
resolving relaxation ... solved in 0.050 after adding cuts of pass 12. dual limit now 815.571


rcl Found 613 new violated cliques with the row-clique method
rcl The largest admissible number was 26 (threshold 12)
rcl    not all row cliques have been eliminated

scl Found 6 new violated cliques with the star-clique method
scl The largest star size was 54 (threshold 12)
scl Enumeration 0 times, found 0 maxl cliques
scl Greedy 13 times, found 6 maxl cliques
scl Skipped a star b/c of small solution value 46 times
scl    not all cliques have been eliminated
round 13 : cgl separated 149 cuts in 0.0000 seconds. dual limit now: 815.571 time: 0.320
resolving relaxation ... solved in 0.040 after adding cuts of pass 13. dual limit now 815.719


rcl Found 614 new violated cliques with the row-clique method
rcl The largest admissible number was 29 (threshold 12)
rcl    not all row cliques have been eliminated

scl Found 5 new violated cliques with the star-clique method
scl The largest star size was 52 (threshold 12)
scl Enumeration 0 times, found 0 maxl cliques
scl Greedy 14 times, found 5 maxl cliques
scl Skipped a star b/c of small solution value 45 times
scl    not all cliques have been eliminated
round 14 : cgl separated 114 cuts in 0.0100 seconds. dual limit now: 815.719 time: 0.380
resolving relaxation ... solved in 0.060 after adding cuts of pass 14. dual limit now 815.957


rcl Found 863 new violated cliques with the row-clique method
rcl The largest admissible number was 29 (threshold 12)
rcl    not all row cliques have been eliminated

scl Found 7 new violated cliques with the star-clique method
scl The largest star size was 51 (threshold 12)
scl Enumeration 0 times, found 0 maxl cliques
scl Greedy 17 times, found 7 maxl cliques
scl Skipped a star b/c of small solution value 44 times
scl    not all cliques have been eliminated
round 15 : cgl separated 96 cuts in 0.0100 seconds. dual limit now: 815.957 time: 0.450
resolving relaxation ... solved in 0.070 after adding cuts of pass 15. dual limit now 816.069


rcl Found 856 new violated cliques with the row-clique method
rcl The largest admissible number was 30 (threshold 12)
rcl    not all row cliques have been eliminated

scl Found 3 new violated cliques with the star-clique method
scl The largest star size was 58 (threshold 12)
scl Enumeration 0 times, found 0 maxl cliques
scl Greedy 12 times, found 3 maxl cliques
scl Skipped a star b/c of small solution value 51 times
scl    not all cliques have been eliminated
round 16 : cgl separated 238 cuts in 0.0100 seconds. dual limit now: 816.069 time: 0.530
resolving relaxation ... solved in 0.110 after adding cuts of pass 16. dual limit now 816.239


rcl Found 1094 new violated cliques with the row-clique method
rcl The largest admissible number was 29 (threshold 12)
rcl    not all row cliques have been eliminated

scl Found 7 new violated cliques with the star-clique method
scl The largest star size was 57 (threshold 12)
scl Enumeration 0 times, found 0 maxl cliques
scl Greedy 13 times, found 7 maxl cliques
scl Skipped a star b/c of small solution value 51 times
scl    not all cliques have been eliminated
round 17 : cgl separated 129 cuts in 0.0100 seconds. dual limit now: 816.239 time: 0.650
resolving relaxation ... solved in 0.120 after adding cuts of pass 17. dual limit now 816.362


rcl Found 1133 new violated cliques with the row-clique method
rcl The largest admissible number was 34 (threshold 12)
rcl    not all row cliques have been eliminated

scl Found 5 new violated cliques with the star-clique method
scl The largest star size was 62 (threshold 12)
scl Enumeration 0 times, found 0 maxl cliques
scl Greedy 17 times, found 5 maxl cliques
scl Skipped a star b/c of small solution value 55 times
scl    not all cliques have been eliminated
round 18 : cgl separated 195 cuts in 0.0100 seconds. dual limit now: 816.362 time: 0.780
resolving relaxation ... solved in 0.140 after adding cuts of pass 18. dual limit now 816.447


rcl Found 1420 new violated cliques with the row-clique method
rcl The largest admissible number was 31 (threshold 12)
rcl    not all row cliques have been eliminated

scl Found 7 new violated cliques with the star-clique method
scl The largest star size was 74 (threshold 12)
scl Enumeration 0 times, found 0 maxl cliques
scl Greedy 13 times, found 7 maxl cliques
scl Skipped a star b/c of small solution value 63 times
scl    not all cliques have been eliminated
round 19 : cgl separated 275 cuts in 0.0200 seconds. dual limit now: 816.447 time: 0.940
resolving relaxation ... solved in 0.190 after adding cuts of pass 19. dual limit now 816.553


rcl Found 1695 new violated cliques with the row-clique method
rcl The largest admissible number was 36 (threshold 12)
rcl    not all row cliques have been eliminated

scl Found 7 new violated cliques with the star-clique method
scl The largest star size was 72 (threshold 12)
scl Enumeration 0 times, found 0 maxl cliques
scl Greedy 14 times, found 7 maxl cliques
scl Skipped a star b/c of small solution value 64 times
scl    not all cliques have been eliminated
round 20 : cgl separated 197 cuts in 0.0200 seconds. dual limit now: 816.553 time: 1.150
resolving relaxation ... solved in 0.170 after adding cuts of pass 20. dual limit now 816.637


rcl Found 1877 new violated cliques with the row-clique method
rcl The largest admissible number was 36 (threshold 12)
rcl    not all row cliques have been eliminated

scl Found 6 new violated cliques with the star-clique method
scl The largest star size was 72 (threshold 12)
scl Enumeration 0 times, found 0 maxl cliques
scl Greedy 13 times, found 6 maxl cliques
scl Skipped a star b/c of small solution value 63 times
scl    not all cliques have been eliminated
round 21 : cgl separated 133 cuts in 0.0200 seconds. dual limit now: 816.637 time: 1.340
resolving relaxation ... solved in 0.270 after adding cuts of pass 21. dual limit now 816.803


rcl Found 2045 new violated cliques with the row-clique method
rcl The largest admissible number was 43 (threshold 12)
rcl    not all row cliques have been eliminated

scl Found 3 new violated cliques with the star-clique method
scl The largest star size was 58 (threshold 12)
scl Enumeration 0 times, found 0 maxl cliques
scl Greedy 18 times, found 3 maxl cliques
scl Skipped a star b/c of small solution value 53 times
scl    not all cliques have been eliminated
round 22 : cgl separated 154 cuts in 0.0200 seconds. dual limit now: 816.803 time: 1.640
resolving relaxation ... solved in 0.210 after adding cuts of pass 22. dual limit now 816.95


rcl Found 2216 new violated cliques with the row-clique method
rcl The largest admissible number was 36 (threshold 12)
rcl    not all row cliques have been eliminated

scl Found 8 new violated cliques with the star-clique method
scl The largest star size was 63 (threshold 12)
scl Enumeration 0 times, found 0 maxl cliques
scl Greedy 17 times, found 8 maxl cliques
scl Skipped a star b/c of small solution value 57 times
scl    not all cliques have been eliminated
round 23 : cgl separated 144 cuts in 0.0300 seconds. dual limit now: 816.95 time: 1.880
resolving relaxation ... solved in 0.280 after adding cuts of pass 23. dual limit now 817.09


rcl Found 2223 new violated cliques with the row-clique method
rcl The largest admissible number was 43 (threshold 12)
rcl    not all row cliques have been eliminated

scl Found 8 new violated cliques with the star-clique method
scl The largest star size was 70 (threshold 12)
scl Enumeration 0 times, found 0 maxl cliques
scl Greedy 18 times, found 8 maxl cliques
scl Skipped a star b/c of small solution value 64 times
scl    not all cliques have been eliminated
round 24 : cgl separated 222 cuts in 0.0300 seconds. dual limit now: 817.09 time: 2.190
resolving relaxation ... solved in 0.260 after adding cuts of pass 24. dual limit now 817.268


rcl Found 2497 new violated cliques with the row-clique method
rcl The largest admissible number was 44 (threshold 12)
rcl    not all row cliques have been eliminated

scl Found 8 new violated cliques with the star-clique method
scl The largest star size was 74 (threshold 12)
scl Enumeration 0 times, found 0 maxl cliques
scl Greedy 19 times, found 8 maxl cliques
scl Skipped a star b/c of small solution value 63 times
scl    not all cliques have been eliminated
round 25 : cgl separated 130 cuts in 0.0400 seconds. dual limit now: 817.268 time: 2.490
resolving relaxation ... solved in 0.380 after adding cuts of pass 25. dual limit now 817.404


rcl Found 2476 new violated cliques with the row-clique method
rcl The largest admissible number was 57 (threshold 12)
rcl    not all row cliques have been eliminated

scl Found 6 new violated cliques with the star-clique method
scl The largest star size was 83 (threshold 12)
scl Enumeration 0 times, found 0 maxl cliques
scl Greedy 13 times, found 6 maxl cliques
scl Skipped a star b/c of small solution value 77 times
scl    not all cliques have been eliminated
round 26 : cgl separated 262 cuts in 0.0400 seconds. dual limit now: 817.404 time: 2.910
resolving relaxation ... solved in 0.450 after adding cuts of pass 26. dual limit now 817.542


rcl Found 2731 new violated cliques with the row-clique method
rcl The largest admissible number was 45 (threshold 12)
rcl    not all row cliques have been eliminated

scl Found 4 new violated cliques with the star-clique method
scl The largest star size was 81 (threshold 12)
scl Enumeration 0 times, found 0 maxl cliques
scl Greedy 14 times, found 4 maxl cliques
scl Skipped a star b/c of small solution value 78 times
scl    not all cliques have been eliminated
round 27 : cgl separated 348 cuts in 0.0500 seconds. dual limit now: 817.542 time: 3.410
resolving relaxation ... solved in 0.600 after adding cuts of pass 27. dual limit now 817.747


rcl Found 3167 new violated cliques with the row-clique method
rcl The largest admissible number was 47 (threshold 12)
rcl    not all row cliques have been eliminated

scl Found 7 new violated cliques with the star-clique method
scl The largest star size was 75 (threshold 12)
scl Enumeration 0 times, found 0 maxl cliques
scl Greedy 20 times, found 7 maxl cliques
scl Skipped a star b/c of small solution value 66 times
scl    not all cliques have been eliminated
round 28 : cgl separated 120 cuts in 0.0500 seconds. dual limit now: 817.747 time: 4.060
resolving relaxation ... solved in 0.430 after adding cuts of pass 28. dual limit now 817.892


rcl Found 3084 new violated cliques with the row-clique method
rcl The largest admissible number was 47 (threshold 12)
rcl    not all row cliques have been eliminated

scl Found 5 new violated cliques with the star-clique method
scl The largest star size was 85 (threshold 12)
scl Enumeration 0 times, found 0 maxl cliques
scl Greedy 14 times, found 5 maxl cliques
scl Skipped a star b/c of small solution value 80 times
scl    not all cliques have been eliminated
round 29 : cgl separated 186 cuts in 0.0500 seconds. dual limit now: 817.892 time: 4.540
resolving relaxation ... solved in 0.480 after adding cuts of pass 29. dual limit now 818.025


rcl Found 3397 new violated cliques with the row-clique method
rcl The largest admissible number was 43 (threshold 12)
rcl    not all row cliques have been eliminated

scl Found 4 new violated cliques with the star-clique method
scl The largest star size was 79 (threshold 12)
scl Enumeration 0 times, found 0 maxl cliques
scl Greedy 17 times, found 4 maxl cliques
scl Skipped a star b/c of small solution value 73 times
scl    not all cliques have been eliminated
round 30 : cgl separated 306 cuts in 0.0500 seconds. dual limit now: 818.025 time: 5.070
resolving relaxation ... solved in 0.610 after adding cuts of pass 30. dual limit now 818.19


rcl Found 3700 new violated cliques with the row-clique method
rcl The largest admissible number was 47 (threshold 12)
rcl    not all row cliques have been eliminated

scl Found 5 new violated cliques with the star-clique method
scl The largest star size was 78 (threshold 12)
scl Enumeration 0 times, found 0 maxl cliques
scl Greedy 19 times, found 5 maxl cliques
scl Skipped a star b/c of small solution value 68 times
scl    not all cliques have been eliminated
round 31 : cgl separated 174 cuts in 0.0600 seconds. dual limit now: 818.19 time: 5.740
resolving relaxation ... solved in 0.560 after adding cuts of pass 31. dual limit now 818.314


rcl Found 3901 new violated cliques with the row-clique method
rcl The largest admissible number was 56 (threshold 12)
rcl    not all row cliques have been eliminated

scl Found 4 new violated cliques with the star-clique method
scl The largest star size was 90 (threshold 12)
scl Enumeration 0 times, found 0 maxl cliques
scl Greedy 17 times, found 4 maxl cliques
scl Skipped a star b/c of small solution value 83 times
scl    not all cliques have been eliminated
round 32 : cgl separated 395 cuts in 0.0700 seconds. dual limit now: 818.314 time: 6.370
resolving relaxation ... solved in 0.580 after adding cuts of pass 32. dual limit now 818.393


rcl Found 4173 new violated cliques with the row-clique method
rcl The largest admissible number was 55 (threshold 12)
rcl    not all row cliques have been eliminated

scl Found 6 new violated cliques with the star-clique method
scl The largest star size was 96 (threshold 12)
scl Enumeration 0 times, found 0 maxl cliques
scl Greedy 16 times, found 6 maxl cliques
scl Skipped a star b/c of small solution value 86 times
scl    not all cliques have been eliminated
round 33 : cgl separated 357 cuts in 0.0700 seconds. dual limit now: 818.393 time: 7.020
resolving relaxation ... solved in 1.120 after adding cuts of pass 33. dual limit now 818.489


rcl Found 4438 new violated cliques with the row-clique method
rcl The largest admissible number was 60 (threshold 12)
rcl    not all row cliques have been eliminated

scl Found 6 new violated cliques with the star-clique method
scl The largest star size was 101 (threshold 12)
scl Enumeration 0 times, found 0 maxl cliques
scl Greedy 18 times, found 6 maxl cliques
scl Skipped a star b/c of small solution value 92 times
scl    not all cliques have been eliminated
round 34 : cgl separated 494 cuts in 0.0800 seconds. dual limit now: 818.489 time: 8.220
resolving relaxation ... solved in 0.920 after adding cuts of pass 34. dual limit now 818.563


rcl Found 5097 new violated cliques with the row-clique method
rcl The largest admissible number was 57 (threshold 12)
rcl    not all row cliques have been eliminated

scl Found 6 new violated cliques with the star-clique method
scl The largest star size was 94 (threshold 12)
scl Enumeration 0 times, found 0 maxl cliques
scl Greedy 21 times, found 6 maxl cliques
scl Skipped a star b/c of small solution value 86 times
scl    not all cliques have been eliminated
round 35 : cgl separated 723 cuts in 0.1100 seconds. dual limit now: 818.563 time: 9.250
resolving relaxation ... solved in 1.770 after adding cuts of pass 35. dual limit now 818.677


rcl Found 5662 new violated cliques with the row-clique method
rcl The largest admissible number was 62 (threshold 12)
rcl    not all row cliques have been eliminated

scl Found 6 new violated cliques with the star-clique method
scl The largest star size was 97 (threshold 12)
scl Enumeration 0 times, found 0 maxl cliques
scl Greedy 15 times, found 6 maxl cliques
scl Skipped a star b/c of small solution value 92 times
scl    not all cliques have been eliminated
round 36 : cgl separated 476 cuts in 0.1200 seconds. dual limit now: 818.677 time: 11.140
resolving relaxation ... solved in 1.360 after adding cuts of pass 36. dual limit now 818.772


rcl Found 6298 new violated cliques with the row-clique method
rcl The largest admissible number was 55 (threshold 12)
rcl    not all row cliques have been eliminated

scl Found 5 new violated cliques with the star-clique method
scl The largest star size was 95 (threshold 12)
scl Enumeration 0 times, found 0 maxl cliques
scl Greedy 22 times, found 5 maxl cliques
scl Skipped a star b/c of small solution value 88 times
scl    not all cliques have been eliminated
round 37 : cgl separated 735 cuts in 0.1300 seconds. dual limit now: 818.772 time: 12.630
resolving relaxation ... solved in 1.890 after adding cuts of pass 37. dual limit now 818.913


rcl Found 6972 new violated cliques with the row-clique method
rcl The largest admissible number was 64 (threshold 12)
rcl    not all row cliques have been eliminated

scl Found 7 new violated cliques with the star-clique method
scl The largest star size was 92 (threshold 12)
scl Enumeration 0 times, found 0 maxl cliques
scl Greedy 19 times, found 7 maxl cliques
scl Skipped a star b/c of small solution value 88 times
scl    not all cliques have been eliminated
round 38 : cgl separated 483 cuts in 0.1400 seconds. dual limit now: 818.913 time: 14.660
resolving relaxation ... solved in 1.950 after adding cuts of pass 38. dual limit now 819.046


rcl Found 7295 new violated cliques with the row-clique method
rcl The largest admissible number was 63 (threshold 12)
rcl    not all row cliques have been eliminated

scl Found 7 new violated cliques with the star-clique method
scl The largest star size was 104 (threshold 12)
scl Enumeration 0 times, found 0 maxl cliques
scl Greedy 14 times, found 7 maxl cliques
scl Skipped a star b/c of small solution value 97 times
scl    not all cliques have been eliminated
round 39 : cgl separated 804 cuts in 0.1500 seconds. dual limit now: 819.046 time: 16.760
resolving relaxation ... solved in 2.360 after adding cuts of pass 39. dual limit now 819.177


rcl Found 8451 new violated cliques with the row-clique method
rcl The largest admissible number was 54 (threshold 12)
rcl    not all row cliques have been eliminated

scl Found 5 new violated cliques with the star-clique method
scl The largest star size was 91 (threshold 12)
scl Enumeration 0 times, found 0 maxl cliques
scl Greedy 19 times, found 5 maxl cliques
scl Skipped a star b/c of small solution value 81 times
scl    not all cliques have been eliminated
round 40 : cgl separated 379 cuts in 0.1500 seconds. dual limit now: 819.177 time: 19.270
resolving relaxation ... solved in 2.140 after adding cuts of pass 40. dual limit now 819.284


rcl Found 8295 new violated cliques with the row-clique method
rcl The largest admissible number was 67 (threshold 12)
rcl    not all row cliques have been eliminated

scl Found 5 new violated cliques with the star-clique method
scl The largest star size was 99 (threshold 12)
scl Enumeration 0 times, found 0 maxl cliques
scl Greedy 22 times, found 5 maxl cliques
scl Skipped a star b/c of small solution value 91 times
scl    not all cliques have been eliminated
round 41 : cgl separated 860 cuts in 0.1700 seconds. dual limit now: 819.284 time: 21.580
resolving relaxation ... solved in 2.930 after adding cuts of pass 41. dual limit now 819.376


rcl Found 9099 new violated cliques with the row-clique method
rcl The largest admissible number was 57 (threshold 12)
rcl    not all row cliques have been eliminated

scl Found 4 new violated cliques with the star-clique method
scl The largest star size was 98 (threshold 12)
scl Enumeration 0 times, found 0 maxl cliques
scl Greedy 21 times, found 4 maxl cliques
scl Skipped a star b/c of small solution value 91 times
scl    not all cliques have been eliminated
round 42 : cgl separated 964 cuts in 0.2000 seconds. dual limit now: 819.376 time: 24.710
resolving relaxation ... solved in 2.840 after adding cuts of pass 42. dual limit now 819.483


rcl Found 10301 new violated cliques with the row-clique method
rcl The largest admissible number was 59 (threshold 12)
rcl    not all row cliques have been eliminated

scl Found 4 new violated cliques with the star-clique method
scl The largest star size was 102 (threshold 12)
scl Enumeration 0 times, found 0 maxl cliques
scl Greedy 23 times, found 4 maxl cliques
scl Skipped a star b/c of small solution value 94 times
scl    not all cliques have been eliminated
round 43 : cgl separated 624 cuts in 0.2000 seconds. dual limit now: 819.483 time: 27.750
resolving relaxation ... solved in 3.810 after adding cuts of pass 43. dual limit now 819.573


rcl Found 10311 new violated cliques with the row-clique method
rcl The largest admissible number was 61 (threshold 12)
rcl    not all row cliques have been eliminated

scl Found 4 new violated cliques with the star-clique method
scl The largest star size was 108 (threshold 12)
scl Enumeration 0 times, found 0 maxl cliques
scl Greedy 21 times, found 4 maxl cliques
scl Skipped a star b/c of small solution value 100 times
scl    not all cliques have been eliminated
round 44 : cgl separated 1112 cuts in 0.2400 seconds. dual limit now: 819.573 time: 31.800
resolving relaxation ... solved in 4.260 after adding cuts of pass 44. dual limit now 819.672


rcl Found 11938 new violated cliques with the row-clique method
rcl The largest admissible number was 62 (threshold 12)
rcl    not all row cliques have been eliminated

scl Found 4 new violated cliques with the star-clique method
scl The largest star size was 100 (threshold 12)
scl Enumeration 0 times, found 0 maxl cliques
scl Greedy 24 times, found 4 maxl cliques
scl Skipped a star b/c of small solution value 89 times
scl    not all cliques have been eliminated
round 45 : cgl separated 768 cuts in 0.2600 seconds. dual limit now: 819.672 time: 36.320
resolving relaxation ... solved in 5.770 after adding cuts of pass 45. dual limit now 819.771


rcl Found 12533 new violated cliques with the row-clique method
rcl The largest admissible number was 68 (threshold 12)
rcl    not all row cliques have been eliminated

scl Found 4 new violated cliques with the star-clique method
scl The largest star size was 110 (threshold 12)
scl Enumeration 0 times, found 0 maxl cliques
scl Greedy 25 times, found 4 maxl cliques
scl Skipped a star b/c of small solution value 103 times
scl    not all cliques have been eliminated
round 46 : cgl separated 1497 cuts in 0.3300 seconds. dual limit now: 819.771 time: 42.420
resolving relaxation ... solved in 4.830 after adding cuts of pass 46. dual limit now 819.84


rcl Found 13817 new violated cliques with the row-clique method
rcl The largest admissible number was 62 (threshold 12)
rcl    not all row cliques have been eliminated

scl Found 6 new violated cliques with the star-clique method
scl The largest star size was 101 (threshold 12)
scl Enumeration 0 times, found 0 maxl cliques
scl Greedy 23 times, found 6 maxl cliques
scl Skipped a star b/c of small solution value 94 times
scl    not all cliques have been eliminated
round 47 : cgl separated 783 cuts in 0.2800 seconds. dual limit now: 819.84 time: 47.530
resolving relaxation ... solved in 6.100 after adding cuts of pass 47. dual limit now 819.893


rcl Found 13718 new violated cliques with the row-clique method
rcl The largest admissible number was 77 (threshold 12)
rcl    not all row cliques have been eliminated

scl Found 2 new violated cliques with the star-clique method
scl The largest star size was 130 (threshold 12)
scl Enumeration 0 times, found 0 maxl cliques
scl Greedy 20 times, found 2 maxl cliques
scl Skipped a star b/c of small solution value 118 times
scl    not all cliques have been eliminated
round 48 : cgl separated 1396 cuts in 0.3800 seconds. dual limit now: 819.893 time: 54.010
resolving relaxation ... solved in 8.070 after adding cuts of pass 48. dual limit now 819.969


rcl Found 16076 new violated cliques with the row-clique method
rcl The largest admissible number was 65 (threshold 12)
rcl    not all row cliques have been eliminated

scl Found 4 new violated cliques with the star-clique method
scl The largest star size was 114 (threshold 12)
scl Enumeration 0 times, found 0 maxl cliques
scl Greedy 20 times, found 4 maxl cliques
scl Skipped a star b/c of small solution value 108 times
scl    not all cliques have been eliminated
round 49 : cgl separated 2203 cuts in 0.4700 seconds. dual limit now: 819.969 time: 62.550
resolving relaxation ... solved in 9.040 after adding cuts of pass 49. dual limit now 820.045


rcl Found 18004 new violated cliques with the row-clique method
rcl The largest admissible number was 68 (threshold 12)
rcl    not all row cliques have been eliminated

scl Found 5 new violated cliques with the star-clique method
scl The largest star size was 106 (threshold 12)
scl Enumeration 0 times, found 0 maxl cliques
scl Greedy 24 times, found 5 maxl cliques
scl Skipped a star b/c of small solution value 97 times
scl    not all cliques have been eliminated
round 50 : cgl separated 1321 cuts in 0.4300 seconds. dual limit now: 820.045 time: 72.020
resolving relaxation ... solved in 10.440 after adding cuts of pass 50. dual limit now 820.121


rcl Found 19760 new violated cliques with the row-clique method
rcl The largest admissible number was 69 (threshold 12)
rcl    not all row cliques have been eliminated

scl Found 6 new violated cliques with the star-clique method
scl The largest star size was 108 (threshold 12)
scl Enumeration 0 times, found 0 maxl cliques
scl Greedy 28 times, found 6 maxl cliques
scl Skipped a star b/c of small solution value 96 times
scl    not all cliques have been eliminated
round 51 : cgl separated 1231 cuts in 0.4600 seconds. dual limit now: 820.121 time: 82.930
resolving relaxation ... solved in 11.170 after adding cuts of pass 51. dual limit now 820.216


rcl Found 19177 new violated cliques with the row-clique method
rcl The largest admissible number was 81 (threshold 12)
rcl    not all row cliques have been eliminated

scl Found 2 new violated cliques with the star-clique method
scl The largest star size was 129 (threshold 12)
scl Enumeration 0 times, found 0 maxl cliques
scl Greedy 24 times, found 2 maxl cliques
scl Skipped a star b/c of small solution value 120 times
scl    not all cliques have been eliminated
round 52 : cgl separated 2069 cuts in 0.6400 seconds. dual limit now: 820.216 time: 94.740
resolving relaxation ... solved in 14.050 after adding cuts of pass 52. dual limit now 820.322


rcl Found 21683 new violated cliques with the row-clique method
rcl The largest admissible number was 70 (threshold 12)
rcl    not all row cliques have been eliminated

scl Found 9 new violated cliques with the star-clique method
scl The largest star size was 99 (threshold 12)
scl Enumeration 0 times, found 0 maxl cliques
scl Greedy 22 times, found 9 maxl cliques
scl Skipped a star b/c of small solution value 94 times
scl    not all cliques have been eliminated
round 53 : cgl separated 595 cuts in 0.4200 seconds. dual limit now: 820.322 time: 109.210
resolving relaxation ... solved in 8.820 after adding cuts of pass 53. dual limit now 820.366


rcl Found 22253 new violated cliques with the row-clique method
rcl The largest admissible number was 75 (threshold 12)
rcl    not all row cliques have been eliminated

scl Found 2 new violated cliques with the star-clique method
scl The largest star size was 122 (threshold 12)
scl Enumeration 0 times, found 0 maxl cliques
scl Greedy 25 times, found 2 maxl cliques
scl Skipped a star b/c of small solution value 116 times
scl    not all cliques have been eliminated
round 54 : cgl separated 2488 cuts in 0.7600 seconds. dual limit now: 820.366 time: 118.790
resolving relaxation ... solved in 15.500 after adding cuts of pass 54. dual limit now 820.417


rcl Found 23675 new violated cliques with the row-clique method
rcl The largest admissible number was 66 (threshold 12)
rcl    not all row cliques have been eliminated

scl Found 1 new violated cliques with the star-clique method
scl The largest star size was 124 (threshold 12)
scl Enumeration 0 times, found 0 maxl cliques
scl Greedy 19 times, found 1 maxl cliques
scl Skipped a star b/c of small solution value 114 times
scl    not all cliques have been eliminated
round 55 : cgl separated 1499 cuts in 0.6100 seconds. dual limit now: 820.417 time: 134.900
resolving relaxation ... solved in 20.050 after adding cuts of pass 55. dual limit now 820.483


rcl Found 26117 new violated cliques with the row-clique method
rcl The largest admissible number was 78 (threshold 12)
rcl    not all row cliques have been eliminated

scl Found 6 new violated cliques with the star-clique method
scl The largest star size was 129 (threshold 12)
scl Enumeration 0 times, found 0 maxl cliques
scl Greedy 23 times, found 6 maxl cliques
scl Skipped a star b/c of small solution value 117 times
scl    not all cliques have been eliminated
round 56 : cgl separated 1420 cuts in 0.7200 seconds. dual limit now: 820.483 time: 155.670
resolving relaxation ... solved in 17.790 after adding cuts of pass 56. dual limit now 820.57


rcl Found 25577 new violated cliques with the row-clique method
rcl The largest admissible number was 77 (threshold 12)
rcl    not all row cliques have been eliminated

scl Found 3 new violated cliques with the star-clique method
scl The largest star size was 128 (threshold 12)
scl Enumeration 0 times, found 0 maxl cliques
scl Greedy 20 times, found 3 maxl cliques
scl Skipped a star b/c of small solution value 116 times
scl    not all cliques have been eliminated
round 57 : cgl separated 1354 cuts in 0.6600 seconds. dual limit now: 820.57 time: 174.120
resolving relaxation ... solved in 17.370 after adding cuts of pass 57. dual limit now 820.665


rcl Found 28899 new violated cliques with the row-clique method
rcl The largest admissible number was 66 (threshold 12)
rcl    not all row cliques have been eliminated

scl Found 3 new violated cliques with the star-clique method
scl The largest star size was 108 (threshold 12)
scl Enumeration 0 times, found 0 maxl cliques
scl Greedy 25 times, found 3 maxl cliques
scl Skipped a star b/c of small solution value 99 times
scl    not all cliques have been eliminated
round 58 : cgl separated 854 cuts in 0.6400 seconds. dual limit now: 820.665 time: 192.130
resolving relaxation ... solved in 12.360 after adding cuts of pass 58. dual limit now 820.73


rcl Found 29174 new violated cliques with the row-clique method
rcl The largest admissible number was 76 (threshold 12)
rcl    not all row cliques have been eliminated

scl Found 1 new violated cliques with the star-clique method
scl The largest star size was 126 (threshold 12)
scl Enumeration 0 times, found 0 maxl cliques
scl Greedy 26 times, found 1 maxl cliques
scl Skipped a star b/c of small solution value 121 times
scl    not all cliques have been eliminated
round 59 : cgl separated 2469 cuts in 0.8900 seconds. dual limit now: 820.73 time: 205.380
resolving relaxation ... solved in 24.180 after adding cuts of pass 59. dual limit now 820.802


rcl Found 32229 new violated cliques with the row-clique method
rcl The largest admissible number was 74 (threshold 12)
rcl    not all row cliques have been eliminated

scl Found 3 new violated cliques with the star-clique method
scl The largest star size was 139 (threshold 12)
scl Enumeration 0 times, found 0 maxl cliques
scl Greedy 24 times, found 3 maxl cliques
scl Skipped a star b/c of small solution value 125 times
scl    not all cliques have been eliminated
round 60 : cgl separated 2545 cuts in 1.0200 seconds. dual limit now: 820.802 time: 230.580
resolving relaxation ... solved in 26.150 after adding cuts of pass 60. dual limit now 820.902


rcl Found 35162 new violated cliques with the row-clique method
rcl The largest admissible number was 82 (threshold 12)
rcl    not all row cliques have been eliminated

scl Found 4 new violated cliques with the star-clique method
scl The largest star size was 124 (threshold 12)
scl Enumeration 0 times, found 0 maxl cliques
scl Greedy 24 times, found 4 maxl cliques
scl Skipped a star b/c of small solution value 117 times
scl    not all cliques have been eliminated
round 61 : cgl separated 2408 cuts in 1.0700 seconds. dual limit now: 820.902 time: 257.800
resolving relaxation ... solved in 35.120 after adding cuts of pass 61. dual limit now 821.027


rcl Found 38426 new violated cliques with the row-clique method
rcl The largest admissible number was 76 (threshold 12)
rcl    not all row cliques have been eliminated

scl Found 7 new violated cliques with the star-clique method
scl The largest star size was 123 (threshold 12)
scl Enumeration 0 times, found 0 maxl cliques
scl Greedy 27 times, found 7 maxl cliques
scl Skipped a star b/c of small solution value 114 times
scl    not all cliques have been eliminated
round 62 : cgl separated 2028 cuts in 1.0600 seconds. dual limit now: 821.027 time: 293.980
resolving relaxation ... solved in 26.550 after adding cuts of pass 62. dual limit now 821.086


rcl Found 34199 new violated cliques with the row-clique method
rcl The largest admissible number was 83 (threshold 12)
rcl    not all row cliques have been eliminated

scl Found 2 new violated cliques with the star-clique method
scl The largest star size was 128 (threshold 12)
scl Enumeration 0 times, found 0 maxl cliques
scl Greedy 23 times, found 2 maxl cliques
scl Skipped a star b/c of small solution value 120 times
scl    not all cliques have been eliminated
round 63 : cgl separated 2769 cuts in 1.0700 seconds. dual limit now: 821.086 time: 321.600
resolving relaxation ... solved in 37.840 after adding cuts of pass 63. dual limit now 821.142


rcl Found 32566 new violated cliques with the row-clique method
rcl The largest admissible number was 84 (threshold 12)
rcl    not all row cliques have been eliminated

scl Found 2 new violated cliques with the star-clique method
scl The largest star size was 145 (threshold 12)
scl Enumeration 0 times, found 0 maxl cliques
scl Greedy 15 times, found 2 maxl cliques
scl Skipped a star b/c of small solution value 142 times
scl    not all cliques have been eliminated
round 64 : cgl separated 2135 cuts in 1.1200 seconds. dual limit now: 821.142 time: 360.560
resolving relaxation ... solved in 44.320 after adding cuts of pass 64. dual limit now 821.204


rcl Found 39872 new violated cliques with the row-clique method
rcl The largest admissible number was 94 (threshold 12)
rcl    not all row cliques have been eliminated

scl Found 2 new violated cliques with the star-clique method
scl The largest star size was 150 (threshold 12)
scl Enumeration 0 times, found 0 maxl cliques
scl Greedy 20 times, found 2 maxl cliques
scl Skipped a star b/c of small solution value 148 times
scl    not all cliques have been eliminated
round 65 : cgl separated 4689 cuts in 1.7500 seconds. dual limit now: 821.204 time: 406.630
resolving relaxation ... solved in 59.800 after adding cuts of pass 65. dual limit now 821.279


rcl Found 47090 new violated cliques with the row-clique method
rcl The largest admissible number was 85 (threshold 12)
rcl    not all row cliques have been eliminated

scl Found 1 new violated cliques with the star-clique method
scl The largest star size was 136 (threshold 12)
scl Enumeration 0 times, found 0 maxl cliques
scl Greedy 20 times, found 1 maxl cliques
scl Skipped a star b/c of small solution value 136 times
scl    not all cliques have been eliminated
round 66 : cgl separated 3370 cuts in 1.8000 seconds. dual limit now: 821.279 time: 468.230
resolving relaxation ... solved in 67.390 after adding cuts of pass 66. dual limit now 821.383


rcl Found 41353 new violated cliques with the row-clique method
rcl The largest admissible number was 83 (threshold 12)
rcl    not all row cliques have been eliminated

scl Found 3 new violated cliques with the star-clique method
scl The largest star size was 128 (threshold 12)
scl Enumeration 0 times, found 0 maxl cliques
scl Greedy 17 times, found 3 maxl cliques
scl Skipped a star b/c of small solution value 128 times
scl    not all cliques have been eliminated
time limit reached. discarding cuts.
round 67 : cgl separated 0 cuts in 1.5400 seconds. dual limit now: 821.383 time: 537.160

End of root node relaxation. Dual limit: 821.383 time: 537.160 
