using at max 0 two mir passes.
using at max 0 gomory passes.
Using COIN CGL separation.
Coin0008I eilB101 read with 0 errors
cbcroot: root node relaxation and clique cuts

loaded eilB101 
	2818 variables (2818 integer) 100 rows

osi_cgraph took 0.210 seconds.
Clique Separation Parameters:
	max depth         : 3
	max passes        : 9999
	minimum violation : 0.0200
	minimum frac. val : 0.0010
	extend cliques    : 0
	enum max. degree  : 10
	verbose           : 1
	maximum time bk   : 20
solving relaxation ... Initial dual bound 1075.25
solved in 0.070

rcl Found 90 new violated cliques with the row-clique method
rcl The largest admissible number was 9 (threshold 12)
rcl    all row cliques have been enumerated

scl Found 15 new violated cliques with the star-clique method
scl The largest star size was 25 (threshold 12)
scl Enumeration 6 times, found 7 maxl cliques
scl Greedy 23 times, found 8 maxl cliques
scl Skipped a star b/c of small solution value 54 times
scl    not all cliques have been eliminated
round 1 : cgl separated 43 cuts in 0.0000 seconds. dual limit now: 1075.25 time: 0.070
resolving relaxation ... solved in 0.030 after adding cuts of pass 1. dual limit now 1078.28


rcl Found 172 new violated cliques with the row-clique method
rcl The largest admissible number was 13 (threshold 12)
rcl    not all row cliques have been eliminated

scl Found 10 new violated cliques with the star-clique method
scl The largest star size was 31 (threshold 12)
scl Enumeration 1 times, found 0 maxl cliques
scl Greedy 31 times, found 10 maxl cliques
scl Skipped a star b/c of small solution value 65 times
scl    not all cliques have been eliminated
round 2 : cgl separated 50 cuts in 0.0000 seconds. dual limit now: 1078.28 time: 0.100
resolving relaxation ... solved in 0.020 after adding cuts of pass 2. dual limit now 1079.84


rcl Found 220 new violated cliques with the row-clique method
rcl The largest admissible number was 12 (threshold 12)
rcl    not all row cliques have been eliminated

scl Found 7 new violated cliques with the star-clique method
scl The largest star size was 35 (threshold 12)
scl Enumeration 0 times, found 0 maxl cliques
scl Greedy 37 times, found 7 maxl cliques
scl Skipped a star b/c of small solution value 72 times
scl    not all cliques have been eliminated
round 3 : cgl separated 68 cuts in 0.0100 seconds. dual limit now: 1079.84 time: 0.130
resolving relaxation ... solved in 0.030 after adding cuts of pass 3. dual limit now 1081.01


rcl Found 318 new violated cliques with the row-clique method
rcl The largest admissible number was 15 (threshold 12)
rcl    not all row cliques have been eliminated

scl Found 9 new violated cliques with the star-clique method
scl The largest star size was 32 (threshold 12)
scl Enumeration 0 times, found 0 maxl cliques
scl Greedy 39 times, found 9 maxl cliques
scl Skipped a star b/c of small solution value 82 times
scl    not all cliques have been eliminated
round 4 : cgl separated 75 cuts in 0.0000 seconds. dual limit now: 1081.01 time: 0.160
resolving relaxation ... solved in 0.050 after adding cuts of pass 4. dual limit now 1081.85


rcl Found 377 new violated cliques with the row-clique method
rcl The largest admissible number was 17 (threshold 12)
rcl    not all row cliques have been eliminated

scl Found 11 new violated cliques with the star-clique method
scl The largest star size was 37 (threshold 12)
scl Enumeration 0 times, found 0 maxl cliques
scl Greedy 40 times, found 11 maxl cliques
scl Skipped a star b/c of small solution value 90 times
scl    not all cliques have been eliminated
round 5 : cgl separated 89 cuts in 0.0000 seconds. dual limit now: 1081.85 time: 0.210
resolving relaxation ... solved in 0.070 after adding cuts of pass 5. dual limit now 1082.8


rcl Found 514 new violated cliques with the row-clique method
rcl The largest admissible number was 14 (threshold 12)
rcl    not all row cliques have been eliminated

scl Found 9 new violated cliques with the star-clique method
scl The largest star size was 43 (threshold 12)
scl Enumeration 0 times, found 0 maxl cliques
scl Greedy 44 times, found 9 maxl cliques
scl Skipped a star b/c of small solution value 99 times
scl    not all cliques have been eliminated
round 6 : cgl separated 89 cuts in 0.0100 seconds. dual limit now: 1082.8 time: 0.290
resolving relaxation ... solved in 0.070 after adding cuts of pass 6. dual limit now 1083.73


rcl Found 873 new violated cliques with the row-clique method
rcl The largest admissible number was 17 (threshold 12)
rcl    not all row cliques have been eliminated

scl Found 10 new violated cliques with the star-clique method
scl The largest star size was 43 (threshold 12)
scl Enumeration 0 times, found 0 maxl cliques
scl Greedy 37 times, found 10 maxl cliques
scl Skipped a star b/c of small solution value 112 times
scl    not all cliques have been eliminated
round 7 : cgl separated 101 cuts in 0.0100 seconds. dual limit now: 1083.73 time: 0.370
resolving relaxation ... solved in 0.120 after adding cuts of pass 7. dual limit now 1084.5


rcl Found 798 new violated cliques with the row-clique method
rcl The largest admissible number was 23 (threshold 12)
rcl    not all row cliques have been eliminated

scl Found 11 new violated cliques with the star-clique method
scl The largest star size was 45 (threshold 12)
scl Enumeration 0 times, found 0 maxl cliques
scl Greedy 44 times, found 11 maxl cliques
scl Skipped a star b/c of small solution value 122 times
scl    not all cliques have been eliminated
round 8 : cgl separated 150 cuts in 0.0000 seconds. dual limit now: 1084.5 time: 0.490
resolving relaxation ... solved in 0.140 after adding cuts of pass 8. dual limit now 1085.24


rcl Found 995 new violated cliques with the row-clique method
rcl The largest admissible number was 22 (threshold 12)
rcl    not all row cliques have been eliminated

scl Found 10 new violated cliques with the star-clique method
scl The largest star size was 51 (threshold 12)
scl Enumeration 0 times, found 0 maxl cliques
scl Greedy 50 times, found 10 maxl cliques
scl Skipped a star b/c of small solution value 124 times
scl    not all cliques have been eliminated
round 9 : cgl separated 174 cuts in 0.0100 seconds. dual limit now: 1085.24 time: 0.640
resolving relaxation ... solved in 0.170 after adding cuts of pass 9. dual limit now 1085.99


rcl Found 1367 new violated cliques with the row-clique method
rcl The largest admissible number was 31 (threshold 12)
rcl    not all row cliques have been eliminated

scl Found 5 new violated cliques with the star-clique method
scl The largest star size was 56 (threshold 12)
scl Enumeration 0 times, found 0 maxl cliques
scl Greedy 51 times, found 5 maxl cliques
scl Skipped a star b/c of small solution value 142 times
scl    not all cliques have been eliminated
round 10 : cgl separated 222 cuts in 0.0200 seconds. dual limit now: 1085.99 time: 0.830
resolving relaxation ... solved in 0.270 after adding cuts of pass 10. dual limit now 1086.98


rcl Found 1889 new violated cliques with the row-clique method
rcl The largest admissible number was 26 (threshold 12)
rcl    not all row cliques have been eliminated

scl Found 5 new violated cliques with the star-clique method
scl The largest star size was 55 (threshold 12)
scl Enumeration 0 times, found 0 maxl cliques
scl Greedy 49 times, found 5 maxl cliques
scl Skipped a star b/c of small solution value 136 times
scl    not all cliques have been eliminated
round 11 : cgl separated 161 cuts in 0.0200 seconds. dual limit now: 1086.98 time: 1.120
resolving relaxation ... solved in 0.300 after adding cuts of pass 11. dual limit now 1087.62


rcl Found 1868 new violated cliques with the row-clique method
rcl The largest admissible number was 27 (threshold 12)
rcl    not all row cliques have been eliminated

scl Found 4 new violated cliques with the star-clique method
scl The largest star size was 52 (threshold 12)
scl Enumeration 0 times, found 0 maxl cliques
scl Greedy 49 times, found 4 maxl cliques
scl Skipped a star b/c of small solution value 147 times
scl    not all cliques have been eliminated
round 12 : cgl separated 188 cuts in 0.0200 seconds. dual limit now: 1087.62 time: 1.440
resolving relaxation ... solved in 0.350 after adding cuts of pass 12. dual limit now 1088.38


rcl Found 2110 new violated cliques with the row-clique method
rcl The largest admissible number was 22 (threshold 12)
rcl    not all row cliques have been eliminated

scl Found 7 new violated cliques with the star-clique method
scl The largest star size was 58 (threshold 12)
scl Enumeration 0 times, found 0 maxl cliques
scl Greedy 53 times, found 7 maxl cliques
scl Skipped a star b/c of small solution value 144 times
scl    not all cliques have been eliminated
round 13 : cgl separated 279 cuts in 0.0300 seconds. dual limit now: 1088.38 time: 1.820
resolving relaxation ... solved in 0.390 after adding cuts of pass 13. dual limit now 1088.94


rcl Found 2552 new violated cliques with the row-clique method
rcl The largest admissible number was 32 (threshold 12)
rcl    not all row cliques have been eliminated

scl Found 7 new violated cliques with the star-clique method
scl The largest star size was 61 (threshold 12)
scl Enumeration 0 times, found 0 maxl cliques
scl Greedy 54 times, found 7 maxl cliques
scl Skipped a star b/c of small solution value 163 times
scl    not all cliques have been eliminated
round 14 : cgl separated 384 cuts in 0.0300 seconds. dual limit now: 1088.94 time: 2.240
resolving relaxation ... solved in 0.640 after adding cuts of pass 14. dual limit now 1089.54


rcl Found 3380 new violated cliques with the row-clique method
rcl The largest admissible number was 26 (threshold 12)
rcl    not all row cliques have been eliminated

scl Found 6 new violated cliques with the star-clique method
scl The largest star size was 62 (threshold 12)
scl Enumeration 0 times, found 0 maxl cliques
scl Greedy 51 times, found 6 maxl cliques
scl Skipped a star b/c of small solution value 164 times
scl    not all cliques have been eliminated
round 15 : cgl separated 368 cuts in 0.0500 seconds. dual limit now: 1089.54 time: 2.930
resolving relaxation ... solved in 0.720 after adding cuts of pass 15. dual limit now 1090.17


rcl Found 3104 new violated cliques with the row-clique method
rcl The largest admissible number was 28 (threshold 12)
rcl    not all row cliques have been eliminated

scl Found 3 new violated cliques with the star-clique method
scl The largest star size was 68 (threshold 12)
scl Enumeration 0 times, found 0 maxl cliques
scl Greedy 49 times, found 3 maxl cliques
scl Skipped a star b/c of small solution value 185 times
scl    not all cliques have been eliminated
round 16 : cgl separated 397 cuts in 0.0500 seconds. dual limit now: 1090.17 time: 3.700
resolving relaxation ... solved in 0.890 after adding cuts of pass 16. dual limit now 1090.73


rcl Found 3371 new violated cliques with the row-clique method
rcl The largest admissible number was 28 (threshold 12)
rcl    not all row cliques have been eliminated

scl Found 5 new violated cliques with the star-clique method
scl The largest star size was 73 (threshold 12)
scl Enumeration 0 times, found 0 maxl cliques
scl Greedy 52 times, found 5 maxl cliques
scl Skipped a star b/c of small solution value 190 times
scl    not all cliques have been eliminated
round 17 : cgl separated 472 cuts in 0.0600 seconds. dual limit now: 1090.73 time: 4.650
resolving relaxation ... solved in 1.170 after adding cuts of pass 17. dual limit now 1091.21


rcl Found 4792 new violated cliques with the row-clique method
rcl The largest admissible number was 33 (threshold 12)
rcl    not all row cliques have been eliminated

scl Found 5 new violated cliques with the star-clique method
scl The largest star size was 74 (threshold 12)
scl Enumeration 0 times, found 0 maxl cliques
scl Greedy 52 times, found 5 maxl cliques
scl Skipped a star b/c of small solution value 195 times
scl    not all cliques have been eliminated
round 18 : cgl separated 556 cuts in 0.0800 seconds. dual limit now: 1091.21 time: 5.900
resolving relaxation ... solved in 1.460 after adding cuts of pass 18. dual limit now 1091.77


rcl Found 4799 new violated cliques with the row-clique method
rcl The largest admissible number was 40 (threshold 12)
rcl    not all row cliques have been eliminated

scl Found 5 new violated cliques with the star-clique method
scl The largest star size was 79 (threshold 12)
scl Enumeration 0 times, found 0 maxl cliques
scl Greedy 54 times, found 5 maxl cliques
scl Skipped a star b/c of small solution value 202 times
scl    not all cliques have been eliminated
round 19 : cgl separated 670 cuts in 0.1000 seconds. dual limit now: 1091.77 time: 7.470
resolving relaxation ... solved in 1.830 after adding cuts of pass 19. dual limit now 1092.39


rcl Found 5453 new violated cliques with the row-clique method
rcl The largest admissible number was 44 (threshold 12)
rcl    not all row cliques have been eliminated

scl Found 7 new violated cliques with the star-clique method
scl The largest star size was 80 (threshold 12)
scl Enumeration 0 times, found 0 maxl cliques
scl Greedy 58 times, found 7 maxl cliques
scl Skipped a star b/c of small solution value 194 times
scl    not all cliques have been eliminated
round 20 : cgl separated 581 cuts in 0.1200 seconds. dual limit now: 1092.39 time: 9.420
resolving relaxation ... solved in 2.140 after adding cuts of pass 20. dual limit now 1093.04


rcl Found 6978 new violated cliques with the row-clique method
rcl The largest admissible number was 41 (threshold 12)
rcl    not all row cliques have been eliminated

scl Found 4 new violated cliques with the star-clique method
scl The largest star size was 83 (threshold 12)
scl Enumeration 0 times, found 0 maxl cliques
scl Greedy 51 times, found 4 maxl cliques
scl Skipped a star b/c of small solution value 216 times
scl    not all cliques have been eliminated
round 21 : cgl separated 682 cuts in 0.1400 seconds. dual limit now: 1093.04 time: 11.700
resolving relaxation ... solved in 2.710 after adding cuts of pass 21. dual limit now 1093.58


rcl Found 6866 new violated cliques with the row-clique method
rcl The largest admissible number was 53 (threshold 12)
rcl    not all row cliques have been eliminated

scl Found 4 new violated cliques with the star-clique method
scl The largest star size was 84 (threshold 12)
scl Enumeration 0 times, found 0 maxl cliques
scl Greedy 53 times, found 4 maxl cliques
scl Skipped a star b/c of small solution value 238 times
scl    not all cliques have been eliminated
round 22 : cgl separated 890 cuts in 0.1600 seconds. dual limit now: 1093.58 time: 14.570
resolving relaxation ... solved in 3.140 after adding cuts of pass 22. dual limit now 1094.2


rcl Found 7213 new violated cliques with the row-clique method
rcl The largest admissible number was 39 (threshold 12)
rcl    not all row cliques have been eliminated

scl Found 5 new violated cliques with the star-clique method
scl The largest star size was 92 (threshold 12)
scl Enumeration 0 times, found 0 maxl cliques
scl Greedy 52 times, found 5 maxl cliques
scl Skipped a star b/c of small solution value 248 times
scl    not all cliques have been eliminated
round 23 : cgl separated 1013 cuts in 0.1900 seconds. dual limit now: 1094.2 time: 17.900
resolving relaxation ... solved in 5.230 after adding cuts of pass 23. dual limit now 1094.77


rcl Found 9387 new violated cliques with the row-clique method
rcl The largest admissible number was 40 (threshold 12)
rcl    not all row cliques have been eliminated

scl Found 5 new violated cliques with the star-clique method
scl The largest star size was 96 (threshold 12)
scl Enumeration 0 times, found 0 maxl cliques
scl Greedy 56 times, found 5 maxl cliques
scl Skipped a star b/c of small solution value 228 times
scl    not all cliques have been eliminated
round 24 : cgl separated 969 cuts in 0.2200 seconds. dual limit now: 1094.77 time: 23.350
resolving relaxation ... solved in 6.400 after adding cuts of pass 24. dual limit now 1095.38


rcl Found 10041 new violated cliques with the row-clique method
rcl The largest admissible number was 41 (threshold 12)
rcl    not all row cliques have been eliminated

scl Found 7 new violated cliques with the star-clique method
scl The largest star size was 91 (threshold 12)
scl Enumeration 0 times, found 0 maxl cliques
scl Greedy 53 times, found 7 maxl cliques
scl Skipped a star b/c of small solution value 256 times
scl    not all cliques have been eliminated
round 25 : cgl separated 993 cuts in 0.2900 seconds. dual limit now: 1095.38 time: 30.040
resolving relaxation ... solved in 9.300 after adding cuts of pass 25. dual limit now 1095.99


rcl Found 9399 new violated cliques with the row-clique method
rcl The largest admissible number was 48 (threshold 12)
rcl    not all row cliques have been eliminated

scl Found 7 new violated cliques with the star-clique method
scl The largest star size was 106 (threshold 12)
scl Enumeration 0 times, found 0 maxl cliques
scl Greedy 62 times, found 7 maxl cliques
scl Skipped a star b/c of small solution value 278 times
scl    not all cliques have been eliminated
round 26 : cgl separated 1806 cuts in 0.3400 seconds. dual limit now: 1095.99 time: 39.680
resolving relaxation ... solved in 12.700 after adding cuts of pass 26. dual limit now 1096.71


rcl Found 14550 new violated cliques with the row-clique method
rcl The largest admissible number was 38 (threshold 12)
rcl    not all row cliques have been eliminated

scl Found 4 new violated cliques with the star-clique method
scl The largest star size was 89 (threshold 12)
scl Enumeration 0 times, found 0 maxl cliques
scl Greedy 58 times, found 4 maxl cliques
scl Skipped a star b/c of small solution value 246 times
scl    not all cliques have been eliminated
round 27 : cgl separated 1160 cuts in 0.3700 seconds. dual limit now: 1096.71 time: 52.750
resolving relaxation ... solved in 10.480 after adding cuts of pass 27. dual limit now 1097.19


rcl Found 14142 new violated cliques with the row-clique method
rcl The largest admissible number was 47 (threshold 12)
rcl    not all row cliques have been eliminated

scl Found 5 new violated cliques with the star-clique method
scl The largest star size was 104 (threshold 12)
scl Enumeration 0 times, found 0 maxl cliques
scl Greedy 68 times, found 5 maxl cliques
scl Skipped a star b/c of small solution value 259 times
scl    not all cliques have been eliminated
round 28 : cgl separated 1601 cuts in 0.4500 seconds. dual limit now: 1097.19 time: 63.680
resolving relaxation ... solved in 16.100 after adding cuts of pass 28. dual limit now 1097.82


rcl Found 14592 new violated cliques with the row-clique method
rcl The largest admissible number was 46 (threshold 12)
rcl    not all row cliques have been eliminated

scl Found 4 new violated cliques with the star-clique method
scl The largest star size was 109 (threshold 12)
scl Enumeration 0 times, found 0 maxl cliques
scl Greedy 59 times, found 4 maxl cliques
scl Skipped a star b/c of small solution value 284 times
scl    not all cliques have been eliminated
round 29 : cgl separated 1666 cuts in 0.4700 seconds. dual limit now: 1097.82 time: 80.250
resolving relaxation ... solved in 18.130 after adding cuts of pass 29. dual limit now 1098.35


rcl Found 15690 new violated cliques with the row-clique method
rcl The largest admissible number was 48 (threshold 12)
rcl    not all row cliques have been eliminated

scl Found 4 new violated cliques with the star-clique method
scl The largest star size was 103 (threshold 12)
scl Enumeration 0 times, found 0 maxl cliques
scl Greedy 63 times, found 4 maxl cliques
scl Skipped a star b/c of small solution value 282 times
scl    not all cliques have been eliminated
round 30 : cgl separated 2154 cuts in 0.5700 seconds. dual limit now: 1098.35 time: 98.950
resolving relaxation ... solved in 22.800 after adding cuts of pass 30. dual limit now 1098.91


rcl Found 18762 new violated cliques with the row-clique method
rcl The largest admissible number was 65 (threshold 12)
rcl    not all row cliques have been eliminated

scl Found 4 new violated cliques with the star-clique method
scl The largest star size was 123 (threshold 12)
scl Enumeration 0 times, found 0 maxl cliques
scl Greedy 64 times, found 4 maxl cliques
scl Skipped a star b/c of small solution value 309 times
scl    not all cliques have been eliminated
round 31 : cgl separated 2906 cuts in 0.7700 seconds. dual limit now: 1098.91 time: 122.520
resolving relaxation ... solved in 35.720 after adding cuts of pass 31. dual limit now 1099.59


rcl Found 21254 new violated cliques with the row-clique method
rcl The largest admissible number was 53 (threshold 12)
rcl    not all row cliques have been eliminated

scl Found 7 new violated cliques with the star-clique method
scl The largest star size was 124 (threshold 12)
scl Enumeration 0 times, found 0 maxl cliques
scl Greedy 59 times, found 7 maxl cliques
scl Skipped a star b/c of small solution value 306 times
scl    not all cliques have been eliminated
round 32 : cgl separated 1886 cuts in 0.7800 seconds. dual limit now: 1099.59 time: 159.020
resolving relaxation ... solved in 37.690 after adding cuts of pass 32. dual limit now 1100.14


rcl Found 22623 new violated cliques with the row-clique method
rcl The largest admissible number was 53 (threshold 12)
rcl    not all row cliques have been eliminated

scl Found 4 new violated cliques with the star-clique method
scl The largest star size was 136 (threshold 12)
scl Enumeration 0 times, found 0 maxl cliques
scl Greedy 56 times, found 4 maxl cliques
scl Skipped a star b/c of small solution value 308 times
scl    not all cliques have been eliminated
round 33 : cgl separated 2201 cuts in 0.8700 seconds. dual limit now: 1100.14 time: 197.580
resolving relaxation ... solved in 54.750 after adding cuts of pass 33. dual limit now 1100.81


rcl Found 26302 new violated cliques with the row-clique method
rcl The largest admissible number was 58 (threshold 12)
rcl    not all row cliques have been eliminated

scl Found 6 new violated cliques with the star-clique method
scl The largest star size was 120 (threshold 12)
scl Enumeration 0 times, found 0 maxl cliques
scl Greedy 59 times, found 6 maxl cliques
scl Skipped a star b/c of small solution value 303 times
scl    not all cliques have been eliminated
round 34 : cgl separated 2555 cuts in 0.9800 seconds. dual limit now: 1100.81 time: 253.310
resolving relaxation ... solved in 51.650 after adding cuts of pass 34. dual limit now 1101.41


rcl Found 23124 new violated cliques with the row-clique method
rcl The largest admissible number was 59 (threshold 12)
rcl    not all row cliques have been eliminated

scl Found 6 new violated cliques with the star-clique method
scl The largest star size was 135 (threshold 12)
scl Enumeration 0 times, found 0 maxl cliques
scl Greedy 60 times, found 6 maxl cliques
scl Skipped a star b/c of small solution value 339 times
scl    not all cliques have been eliminated
round 35 : cgl separated 3236 cuts in 1.0900 seconds. dual limit now: 1101.41 time: 306.050
resolving relaxation ... solved in 74.910 after adding cuts of pass 35. dual limit now 1102.06


rcl Found 35972 new violated cliques with the row-clique method
rcl The largest admissible number was 58 (threshold 12)
rcl    not all row cliques have been eliminated

scl Found 8 new violated cliques with the star-clique method
scl The largest star size was 130 (threshold 12)
scl Enumeration 0 times, found 0 maxl cliques
scl Greedy 67 times, found 8 maxl cliques
scl Skipped a star b/c of small solution value 327 times
scl    not all cliques have been eliminated
round 36 : cgl separated 4389 cuts in 1.6200 seconds. dual limit now: 1102.06 time: 382.580
resolving relaxation ... solved in 85.110 after adding cuts of pass 36. dual limit now 1102.57


rcl Found 41895 new violated cliques with the row-clique method
rcl The largest admissible number was 62 (threshold 12)
rcl    not all row cliques have been eliminated

scl Found 5 new violated cliques with the star-clique method
scl The largest star size was 138 (threshold 12)
scl Enumeration 0 times, found 0 maxl cliques
scl Greedy 68 times, found 5 maxl cliques
scl Skipped a star b/c of small solution value 344 times
scl    not all cliques have been eliminated
round 37 : cgl separated 5096 cuts in 2.0000 seconds. dual limit now: 1102.57 time: 469.690
resolving relaxation ... solved in 122.320 after adding cuts of pass 37. dual limit now 1103.12


rcl Found 40893 new violated cliques with the row-clique method
rcl The largest admissible number was 63 (threshold 12)
rcl    not all row cliques have been eliminated

scl Found 2 new violated cliques with the star-clique method
scl The largest star size was 130 (threshold 12)
scl Enumeration 0 times, found 0 maxl cliques
scl Greedy 67 times, found 2 maxl cliques
scl Skipped a star b/c of small solution value 342 times
scl    not all cliques have been eliminated
time limit reached. discarding cuts.
round 38 : cgl separated 0 cuts in 2.1100 seconds. dual limit now: 1103.12 time: 594.120

End of root node relaxation. Dual limit: 1103.12 time: 594.120 
