using at max 0 two mir passes.
using at max 0 gomory passes.
Using COIN CGL separation.
Coin0008I ex9 read with 0 errors
cbcroot: root node relaxation and clique cuts

loaded ex9 
	10404 variables (10404 integer) 40962 rows

osi_cgraph took 0.700 seconds.
Clique Separation Parameters:
	max depth         : 3
	max passes        : 9999
	minimum violation : 0.0200
	minimum frac. val : 0.0010
	extend cliques    : 0
	enum max. degree  : 10
	verbose           : 1
	maximum time bk   : 20
solving relaxation ... Initial dual bound 81
solved in 495.320

rcl Found 0 new violated cliques with the row-clique method
rcl The largest admissible number was 0 (threshold 12)
rcl    all row cliques have been enumerated

scl Found 0 new violated cliques with the star-clique method
scl The largest star size was 72 (threshold 12)
scl Enumeration 9 times, found 0 maxl cliques
scl Greedy 262 times, found 0 maxl cliques
scl Skipped a star b/c of small solution value 1359 times
scl    not all cliques have been eliminated
round 1 : cgl separated 0 cuts in 0.0200 seconds. dual limit now: 81 time: 495.340

End of root node relaxation. Dual limit: 81 time: 495.340 
