using at max 0 two mir passes.
using at max 0 gomory passes.
Using COIN CGL separation.
Coin0008I m100n500k4r1 read with 0 errors
cbcroot: root node relaxation and clique cuts

loaded m100n500k4r1 
	500 variables (500 integer) 100 rows

osi_cgraph took 0.010 seconds.
Clique Separation Parameters:
	max depth         : 3
	max passes        : 9999
	minimum violation : 0.0200
	minimum frac. val : 0.0010
	extend cliques    : 0
	enum max. degree  : 10
	verbose           : 1
	maximum time bk   : 20
solving relaxation ... Initial dual bound -25
solved in 0.010

rcl Found 8 new violated cliques with the row-clique method
rcl The largest admissible number was 2 (threshold 12)
rcl    all row cliques have been enumerated

scl Found 10 new violated cliques with the star-clique method
scl The largest star size was 15 (threshold 12)
scl Enumeration 36 times, found 10 maxl cliques
scl Greedy 10 times, found 0 maxl cliques
scl Skipped a star b/c of small solution value 38 times
scl    not all cliques have been eliminated
round 1 : cgl separated 8 cuts in 0.0000 seconds. dual limit now: -25 time: 0.010
resolving relaxation ... solved in 0.010 after adding cuts of pass 1. dual limit now -25


rcl Found 7 new violated cliques with the row-clique method
rcl The largest admissible number was 2 (threshold 12)
rcl    all row cliques have been enumerated

scl Found 6 new violated cliques with the star-clique method
scl The largest star size was 17 (threshold 12)
scl Enumeration 37 times, found 5 maxl cliques
scl Greedy 14 times, found 1 maxl cliques
scl Skipped a star b/c of small solution value 44 times
scl    not all cliques have been eliminated
round 2 : cgl separated 6 cuts in 0.0000 seconds. dual limit now: -25 time: 0.020
resolving relaxation ... solved in 0.000 after adding cuts of pass 2. dual limit now -25


rcl Found 7 new violated cliques with the row-clique method
rcl The largest admissible number was 3 (threshold 12)
rcl    all row cliques have been enumerated

scl Found 6 new violated cliques with the star-clique method
scl The largest star size was 17 (threshold 12)
scl Enumeration 32 times, found 4 maxl cliques
scl Greedy 18 times, found 2 maxl cliques
scl Skipped a star b/c of small solution value 47 times
scl    not all cliques have been eliminated
round 3 : cgl separated 5 cuts in 0.0000 seconds. dual limit now: -25 time: 0.020
resolving relaxation ... solved in 0.000 after adding cuts of pass 3. dual limit now -25


rcl Found 2 new violated cliques with the row-clique method
rcl The largest admissible number was 3 (threshold 12)
rcl    all row cliques have been enumerated

scl Found 0 new violated cliques with the star-clique method
scl The largest star size was 18 (threshold 12)
scl Enumeration 28 times, found 0 maxl cliques
scl Greedy 22 times, found 0 maxl cliques
scl Skipped a star b/c of small solution value 49 times
scl    not all cliques have been eliminated
round 4 : cgl separated 1 cuts in 0.0000 seconds. dual limit now: -25 time: 0.020
resolving relaxation ... solved in 0.000 after adding cuts of pass 4. dual limit now -25


rcl Found 1 new violated cliques with the row-clique method
rcl The largest admissible number was 3 (threshold 12)
rcl    all row cliques have been enumerated

scl Found 0 new violated cliques with the star-clique method
scl The largest star size was 18 (threshold 12)
scl Enumeration 29 times, found 0 maxl cliques
scl Greedy 20 times, found 0 maxl cliques
scl Skipped a star b/c of small solution value 48 times
scl    not all cliques have been eliminated
round 5 : cgl separated 1 cuts in 0.0000 seconds. dual limit now: -25 time: 0.020
resolving relaxation ... solved in 0.000 after adding cuts of pass 5. dual limit now -25


rcl Found 2 new violated cliques with the row-clique method
rcl The largest admissible number was 3 (threshold 12)
rcl    all row cliques have been enumerated

scl Found 0 new violated cliques with the star-clique method
scl The largest star size was 18 (threshold 12)
scl Enumeration 29 times, found 0 maxl cliques
scl Greedy 20 times, found 0 maxl cliques
scl Skipped a star b/c of small solution value 47 times
scl    not all cliques have been eliminated
round 6 : cgl separated 1 cuts in 0.0000 seconds. dual limit now: -25 time: 0.020
resolving relaxation ... solved in 0.000 after adding cuts of pass 6. dual limit now -25


rcl Found 3 new violated cliques with the row-clique method
rcl The largest admissible number was 3 (threshold 12)
rcl    all row cliques have been enumerated

scl Found 0 new violated cliques with the star-clique method
scl The largest star size was 18 (threshold 12)
scl Enumeration 28 times, found 0 maxl cliques
scl Greedy 21 times, found 0 maxl cliques
scl Skipped a star b/c of small solution value 47 times
scl    not all cliques have been eliminated
round 7 : cgl separated 1 cuts in 0.0000 seconds. dual limit now: -25 time: 0.020
resolving relaxation ... solved in 0.000 after adding cuts of pass 7. dual limit now -25


rcl Found 4 new violated cliques with the row-clique method
rcl The largest admissible number was 3 (threshold 12)
rcl    all row cliques have been enumerated

scl Found 0 new violated cliques with the star-clique method
scl The largest star size was 18 (threshold 12)
scl Enumeration 26 times, found 0 maxl cliques
scl Greedy 23 times, found 0 maxl cliques
scl Skipped a star b/c of small solution value 48 times
scl    not all cliques have been eliminated
round 8 : cgl separated 1 cuts in 0.0100 seconds. dual limit now: -25 time: 0.030
resolving relaxation ... solved in 0.000 after adding cuts of pass 8. dual limit now -25


rcl Found 0 new violated cliques with the row-clique method
rcl The largest admissible number was 2 (threshold 12)
rcl    all row cliques have been enumerated

scl Found 1 new violated cliques with the star-clique method
scl The largest star size was 16 (threshold 12)
scl Enumeration 27 times, found 0 maxl cliques
scl Greedy 22 times, found 1 maxl cliques
scl Skipped a star b/c of small solution value 50 times
scl    not all cliques have been eliminated
round 9 : cgl separated 1 cuts in 0.0000 seconds. dual limit now: -25 time: 0.030
resolving relaxation ... solved in 0.000 after adding cuts of pass 9. dual limit now -25


rcl Found 0 new violated cliques with the row-clique method
rcl The largest admissible number was 3 (threshold 12)
rcl    all row cliques have been enumerated

scl Found 0 new violated cliques with the star-clique method
scl The largest star size was 17 (threshold 12)
scl Enumeration 24 times, found 0 maxl cliques
scl Greedy 23 times, found 0 maxl cliques
scl Skipped a star b/c of small solution value 50 times
scl    not all cliques have been eliminated
round 10 : cgl separated 0 cuts in 0.0000 seconds. dual limit now: -25 time: 0.030

End of root node relaxation. Dual limit: -25 time: 0.030 
