using at max 0 two mir passes.
using at max 0 gomory passes.
Using COIN CGL separation.
Coin0008I msc98-ip read with 0 errors
cbcroot: root node relaxation and clique cuts

loaded msc98-ip 
	21143 variables (20290 integer) 15850 rows

osi_cgraph took 0.010 seconds.
Clique Separation Parameters:
	max depth         : 3
	max passes        : 9999
	minimum violation : 0.0200
	minimum frac. val : 0.0010
	extend cliques    : 0
	enum max. degree  : 10
	verbose           : 1
	maximum time bk   : 20
solving relaxation ... Initial dual bound 1.9521e+07
solved in 41.060

rcl Found 15 new violated cliques with the row-clique method
rcl The largest admissible number was 22 (threshold 12)
rcl    not all row cliques have been eliminated

scl Found 4 new violated cliques with the star-clique method
scl The largest star size was 22 (threshold 12)
scl Enumeration 45 times, found 3 maxl cliques
scl Greedy 4 times, found 1 maxl cliques
scl Skipped a star b/c of small solution value 68 times
scl    not all cliques have been eliminated
round 1 : cgl separated 2 cuts in 0.0500 seconds. dual limit now: 1.9521e+07 time: 41.110
resolving relaxation ... solved in 9.350 after adding cuts of pass 1. dual limit now 1.9521e+07


rcl Found 8 new violated cliques with the row-clique method
rcl The largest admissible number was 23 (threshold 12)
rcl    not all row cliques have been eliminated

scl Found 3 new violated cliques with the star-clique method
scl The largest star size was 23 (threshold 12)
scl Enumeration 48 times, found 3 maxl cliques
scl Greedy 4 times, found 0 maxl cliques
scl Skipped a star b/c of small solution value 77 times
scl    not all cliques have been eliminated
round 2 : cgl separated 1 cuts in 0.0500 seconds. dual limit now: 1.9521e+07 time: 50.510
resolving relaxation ... solved in 9.950 after adding cuts of pass 2. dual limit now 1.9521e+07


rcl Found 0 new violated cliques with the row-clique method
rcl The largest admissible number was 21 (threshold 12)
rcl    not all row cliques have been eliminated

scl Found 0 new violated cliques with the star-clique method
scl The largest star size was 21 (threshold 12)
scl Enumeration 44 times, found 0 maxl cliques
scl Greedy 4 times, found 0 maxl cliques
scl Skipped a star b/c of small solution value 76 times
scl    not all cliques have been eliminated
round 3 : cgl separated 0 cuts in 0.0400 seconds. dual limit now: 1.9521e+07 time: 60.500

End of root node relaxation. Dual limit: 1.9521e+07 time: 60.500 
