using at max 0 two mir passes.
using at max 0 gomory passes.
Using COIN CGL separation.
Coin0008I neos-849702 read with 0 errors
cbcroot: root node relaxation and clique cuts

loaded neos-849702 
	1737 variables (1737 integer) 1041 rows

osi_cgraph took 0.020 seconds.
Clique Separation Parameters:
	max depth         : 3
	max passes        : 9999
	minimum violation : 0.0200
	minimum frac. val : 0.0010
	extend cliques    : 0
	enum max. degree  : 10
	verbose           : 1
	maximum time bk   : 20
solving relaxation ... Initial dual bound 0
solved in 0.200

rcl Found 343 new violated cliques with the row-clique method
rcl The largest admissible number was 20 (threshold 12)
rcl    not all row cliques have been eliminated

scl Found 7 new violated cliques with the star-clique method
scl The largest star size was 21 (threshold 12)
scl Enumeration 56 times, found 0 maxl cliques
scl Greedy 105 times, found 7 maxl cliques
scl Skipped a star b/c of small solution value 234 times
scl    not all cliques have been eliminated
round 1 : cgl separated 59 cuts in 0.0000 seconds. dual limit now: 0 time: 0.200
resolving relaxation ... solved in 0.120 after adding cuts of pass 1. dual limit now 0


rcl Found 361 new violated cliques with the row-clique method
rcl The largest admissible number was 18 (threshold 12)
rcl    not all row cliques have been eliminated

scl Found 21 new violated cliques with the star-clique method
scl The largest star size was 25 (threshold 12)
scl Enumeration 29 times, found 0 maxl cliques
scl Greedy 141 times, found 21 maxl cliques
scl Skipped a star b/c of small solution value 281 times
scl    not all cliques have been eliminated
round 2 : cgl separated 82 cuts in 0.0100 seconds. dual limit now: 0 time: 0.330
resolving relaxation ... solved in 0.200 after adding cuts of pass 2. dual limit now 0


rcl Found 522 new violated cliques with the row-clique method
rcl The largest admissible number was 19 (threshold 12)
rcl    not all row cliques have been eliminated

scl Found 21 new violated cliques with the star-clique method
scl The largest star size was 29 (threshold 12)
scl Enumeration 14 times, found 0 maxl cliques
scl Greedy 169 times, found 21 maxl cliques
scl Skipped a star b/c of small solution value 328 times
scl    not all cliques have been eliminated
round 3 : cgl separated 113 cuts in 0.0100 seconds. dual limit now: 0 time: 0.540
resolving relaxation ... solved in 0.670 after adding cuts of pass 3. dual limit now 0


rcl Found 649 new violated cliques with the row-clique method
rcl The largest admissible number was 24 (threshold 12)
rcl    not all row cliques have been eliminated

scl Found 15 new violated cliques with the star-clique method
scl The largest star size was 28 (threshold 12)
scl Enumeration 8 times, found 0 maxl cliques
scl Greedy 165 times, found 15 maxl cliques
scl Skipped a star b/c of small solution value 326 times
scl    not all cliques have been eliminated
round 4 : cgl separated 117 cuts in 0.0100 seconds. dual limit now: 0 time: 1.220
resolving relaxation ... solved in 1.310 after adding cuts of pass 4. dual limit now 0


rcl Found 806 new violated cliques with the row-clique method
rcl The largest admissible number was 24 (threshold 12)
rcl    not all row cliques have been eliminated

scl Found 28 new violated cliques with the star-clique method
scl The largest star size was 26 (threshold 12)
scl Enumeration 11 times, found 0 maxl cliques
scl Greedy 167 times, found 28 maxl cliques
scl Skipped a star b/c of small solution value 340 times
scl    not all cliques have been eliminated
round 5 : cgl separated 132 cuts in 0.0100 seconds. dual limit now: 0 time: 2.540
resolving relaxation ... solved in 1.760 after adding cuts of pass 5. dual limit now 0


rcl Found 916 new violated cliques with the row-clique method
rcl The largest admissible number was 19 (threshold 12)
rcl    not all row cliques have been eliminated

scl Found 17 new violated cliques with the star-clique method
scl The largest star size was 28 (threshold 12)
scl Enumeration 11 times, found 0 maxl cliques
scl Greedy 170 times, found 17 maxl cliques
scl Skipped a star b/c of small solution value 341 times
scl    not all cliques have been eliminated
round 6 : cgl separated 141 cuts in 0.0100 seconds. dual limit now: 0 time: 4.310
resolving relaxation ... solved in 1.800 after adding cuts of pass 6. dual limit now 0


rcl Found 1187 new violated cliques with the row-clique method
rcl The largest admissible number was 19 (threshold 12)
rcl    not all row cliques have been eliminated

scl Found 29 new violated cliques with the star-clique method
scl The largest star size was 28 (threshold 12)
scl Enumeration 12 times, found 12 maxl cliques
scl Greedy 170 times, found 17 maxl cliques
scl Skipped a star b/c of small solution value 342 times
scl    not all cliques have been eliminated
round 7 : cgl separated 150 cuts in 0.0100 seconds. dual limit now: 0 time: 6.120
resolving relaxation ... solved in 2.240 after adding cuts of pass 7. dual limit now 0


rcl Found 1323 new violated cliques with the row-clique method
rcl The largest admissible number was 18 (threshold 12)
rcl    not all row cliques have been eliminated

scl Found 19 new violated cliques with the star-clique method
scl The largest star size was 29 (threshold 12)
scl Enumeration 16 times, found 0 maxl cliques
scl Greedy 153 times, found 19 maxl cliques
scl Skipped a star b/c of small solution value 342 times
scl    not all cliques have been eliminated
round 8 : cgl separated 131 cuts in 0.0200 seconds. dual limit now: 0 time: 8.380
resolving relaxation ... solved in 2.280 after adding cuts of pass 8. dual limit now 0


rcl Found 1353 new violated cliques with the row-clique method
rcl The largest admissible number was 22 (threshold 12)
rcl    not all row cliques have been eliminated

scl Found 16 new violated cliques with the star-clique method
scl The largest star size was 33 (threshold 12)
scl Enumeration 8 times, found 0 maxl cliques
scl Greedy 182 times, found 16 maxl cliques
scl Skipped a star b/c of small solution value 358 times
scl    not all cliques have been eliminated
round 9 : cgl separated 155 cuts in 0.0200 seconds. dual limit now: 0 time: 10.680
resolving relaxation ... solved in 2.600 after adding cuts of pass 9. dual limit now 0


rcl Found 1689 new violated cliques with the row-clique method
rcl The largest admissible number was 21 (threshold 12)
rcl    not all row cliques have been eliminated

scl Found 15 new violated cliques with the star-clique method
scl The largest star size was 32 (threshold 12)
scl Enumeration 2 times, found 0 maxl cliques
scl Greedy 185 times, found 15 maxl cliques
scl Skipped a star b/c of small solution value 383 times
scl    not all cliques have been eliminated
round 10 : cgl separated 154 cuts in 0.0200 seconds. dual limit now: 0 time: 13.300
resolving relaxation ... solved in 2.880 after adding cuts of pass 10. dual limit now 0


rcl Found 1692 new violated cliques with the row-clique method
rcl The largest admissible number was 30 (threshold 12)
rcl    not all row cliques have been eliminated

scl Found 19 new violated cliques with the star-clique method
scl The largest star size was 32 (threshold 12)
scl Enumeration 4 times, found 5 maxl cliques
scl Greedy 188 times, found 14 maxl cliques
scl Skipped a star b/c of small solution value 389 times
scl    not all cliques have been eliminated
round 11 : cgl separated 158 cuts in 0.0300 seconds. dual limit now: 0 time: 16.210
resolving relaxation ... solved in 3.350 after adding cuts of pass 11. dual limit now 0


rcl Found 1810 new violated cliques with the row-clique method
rcl The largest admissible number was 26 (threshold 12)
rcl    not all row cliques have been eliminated

scl Found 17 new violated cliques with the star-clique method
scl The largest star size was 31 (threshold 12)
scl Enumeration 11 times, found 0 maxl cliques
scl Greedy 167 times, found 17 maxl cliques
scl Skipped a star b/c of small solution value 385 times
scl    not all cliques have been eliminated
round 12 : cgl separated 140 cuts in 0.0300 seconds. dual limit now: 0 time: 19.590
resolving relaxation ... solved in 3.620 after adding cuts of pass 12. dual limit now 0


rcl Found 2008 new violated cliques with the row-clique method
rcl The largest admissible number was 19 (threshold 12)
rcl    not all row cliques have been eliminated

scl Found 21 new violated cliques with the star-clique method
scl The largest star size was 34 (threshold 12)
scl Enumeration 1 times, found 0 maxl cliques
scl Greedy 185 times, found 21 maxl cliques
scl Skipped a star b/c of small solution value 410 times
scl    not all cliques have been eliminated
round 13 : cgl separated 167 cuts in 0.0300 seconds. dual limit now: 0 time: 23.240
resolving relaxation ... solved in 4.180 after adding cuts of pass 13. dual limit now 0


rcl Found 2062 new violated cliques with the row-clique method
rcl The largest admissible number was 19 (threshold 12)
rcl    not all row cliques have been eliminated

scl Found 16 new violated cliques with the star-clique method
scl The largest star size was 32 (threshold 12)
scl Enumeration 3 times, found 0 maxl cliques
scl Greedy 181 times, found 16 maxl cliques
scl Skipped a star b/c of small solution value 400 times
scl    not all cliques have been eliminated
round 14 : cgl separated 145 cuts in 0.0300 seconds. dual limit now: 0 time: 27.450
resolving relaxation ... solved in 4.010 after adding cuts of pass 14. dual limit now 0


rcl Found 2194 new violated cliques with the row-clique method
rcl The largest admissible number was 26 (threshold 12)
rcl    not all row cliques have been eliminated

scl Found 12 new violated cliques with the star-clique method
scl The largest star size was 34 (threshold 12)
scl Enumeration 5 times, found 0 maxl cliques
scl Greedy 180 times, found 12 maxl cliques
scl Skipped a star b/c of small solution value 413 times
scl    not all cliques have been eliminated
round 15 : cgl separated 133 cuts in 0.0300 seconds. dual limit now: 0 time: 31.490
resolving relaxation ... solved in 4.350 after adding cuts of pass 15. dual limit now 0


rcl Found 2415 new violated cliques with the row-clique method
rcl The largest admissible number was 18 (threshold 12)
rcl    not all row cliques have been eliminated

scl Found 10 new violated cliques with the star-clique method
scl The largest star size was 39 (threshold 12)
scl Enumeration 7 times, found 0 maxl cliques
scl Greedy 169 times, found 10 maxl cliques
scl Skipped a star b/c of small solution value 418 times
scl    not all cliques have been eliminated
round 16 : cgl separated 161 cuts in 0.0400 seconds. dual limit now: 0 time: 35.880
resolving relaxation ... solved in 4.360 after adding cuts of pass 16. dual limit now 0


rcl Found 2277 new violated cliques with the row-clique method
rcl The largest admissible number was 24 (threshold 12)
rcl    not all row cliques have been eliminated

scl Found 17 new violated cliques with the star-clique method
scl The largest star size was 33 (threshold 12)
scl Enumeration 3 times, found 0 maxl cliques
scl Greedy 180 times, found 17 maxl cliques
scl Skipped a star b/c of small solution value 393 times
scl    not all cliques have been eliminated
round 17 : cgl separated 148 cuts in 0.0300 seconds. dual limit now: 0 time: 40.270
resolving relaxation ... solved in 5.190 after adding cuts of pass 17. dual limit now 0


rcl Found 2376 new violated cliques with the row-clique method
rcl The largest admissible number was 22 (threshold 12)
rcl    not all row cliques have been eliminated

scl Found 20 new violated cliques with the star-clique method
scl The largest star size was 33 (threshold 12)
scl Enumeration 6 times, found 0 maxl cliques
scl Greedy 165 times, found 20 maxl cliques
scl Skipped a star b/c of small solution value 388 times
scl    not all cliques have been eliminated
round 18 : cgl separated 132 cuts in 0.0300 seconds. dual limit now: 0 time: 45.490
resolving relaxation ... solved in 5.060 after adding cuts of pass 18. dual limit now 0


rcl Found 2191 new violated cliques with the row-clique method
rcl The largest admissible number was 20 (threshold 12)
rcl    not all row cliques have been eliminated

scl Found 14 new violated cliques with the star-clique method
scl The largest star size was 37 (threshold 12)
scl Enumeration 7 times, found 0 maxl cliques
scl Greedy 175 times, found 14 maxl cliques
scl Skipped a star b/c of small solution value 411 times
scl    not all cliques have been eliminated
round 19 : cgl separated 102 cuts in 0.0400 seconds. dual limit now: 0 time: 50.590
resolving relaxation ... solved in 4.850 after adding cuts of pass 19. dual limit now 0


rcl Found 2710 new violated cliques with the row-clique method
rcl The largest admissible number was 17 (threshold 12)
rcl    not all row cliques have been eliminated

scl Found 14 new violated cliques with the star-clique method
scl The largest star size was 35 (threshold 12)
scl Enumeration 8 times, found 0 maxl cliques
scl Greedy 160 times, found 14 maxl cliques
scl Skipped a star b/c of small solution value 421 times
scl    not all cliques have been eliminated
round 20 : cgl separated 147 cuts in 0.0400 seconds. dual limit now: 0 time: 55.480
resolving relaxation ... solved in 5.200 after adding cuts of pass 20. dual limit now 0


rcl Found 1846 new violated cliques with the row-clique method
rcl The largest admissible number was 19 (threshold 12)
rcl    not all row cliques have been eliminated

scl Found 11 new violated cliques with the star-clique method
scl The largest star size was 34 (threshold 12)
scl Enumeration 10 times, found 0 maxl cliques
scl Greedy 157 times, found 11 maxl cliques
scl Skipped a star b/c of small solution value 395 times
scl    not all cliques have been eliminated
round 21 : cgl separated 101 cuts in 0.0300 seconds. dual limit now: 0 time: 60.710
resolving relaxation ... solved in 5.970 after adding cuts of pass 21. dual limit now 0


rcl Found 2100 new violated cliques with the row-clique method
rcl The largest admissible number was 16 (threshold 12)
rcl    not all row cliques have been eliminated

scl Found 11 new violated cliques with the star-clique method
scl The largest star size was 35 (threshold 12)
scl Enumeration 7 times, found 5 maxl cliques
scl Greedy 151 times, found 6 maxl cliques
scl Skipped a star b/c of small solution value 394 times
scl    not all cliques have been eliminated
round 22 : cgl separated 92 cuts in 0.0300 seconds. dual limit now: 0 time: 66.710
resolving relaxation ... solved in 5.390 after adding cuts of pass 22. dual limit now 0


rcl Found 2667 new violated cliques with the row-clique method
rcl The largest admissible number was 21 (threshold 12)
rcl    not all row cliques have been eliminated

scl Found 10 new violated cliques with the star-clique method
scl The largest star size was 38 (threshold 12)
scl Enumeration 4 times, found 0 maxl cliques
scl Greedy 166 times, found 10 maxl cliques
scl Skipped a star b/c of small solution value 411 times
scl    not all cliques have been eliminated
round 23 : cgl separated 154 cuts in 0.0400 seconds. dual limit now: 0 time: 72.140
resolving relaxation ... solved in 6.150 after adding cuts of pass 23. dual limit now 0


rcl Found 2018 new violated cliques with the row-clique method
rcl The largest admissible number was 24 (threshold 12)
rcl    not all row cliques have been eliminated

scl Found 10 new violated cliques with the star-clique method
scl The largest star size was 35 (threshold 12)
scl Enumeration 6 times, found 0 maxl cliques
scl Greedy 155 times, found 10 maxl cliques
scl Skipped a star b/c of small solution value 426 times
scl    not all cliques have been eliminated
round 24 : cgl separated 97 cuts in 0.0400 seconds. dual limit now: 0 time: 78.330
resolving relaxation ... solved in 5.790 after adding cuts of pass 24. dual limit now 0


rcl Found 1935 new violated cliques with the row-clique method
rcl The largest admissible number was 19 (threshold 12)
rcl    not all row cliques have been eliminated

scl Found 7 new violated cliques with the star-clique method
scl The largest star size was 35 (threshold 12)
scl Enumeration 15 times, found 0 maxl cliques
scl Greedy 134 times, found 7 maxl cliques
scl Skipped a star b/c of small solution value 380 times
scl    not all cliques have been eliminated
round 25 : cgl separated 68 cuts in 0.0300 seconds. dual limit now: 0 time: 84.150
resolving relaxation ... solved in 5.760 after adding cuts of pass 25. dual limit now 0


rcl Found 2914 new violated cliques with the row-clique method
rcl The largest admissible number was 20 (threshold 12)
rcl    not all row cliques have been eliminated

scl Found 12 new violated cliques with the star-clique method
scl The largest star size was 30 (threshold 12)
scl Enumeration 4 times, found 0 maxl cliques
scl Greedy 174 times, found 12 maxl cliques
scl Skipped a star b/c of small solution value 423 times
scl    not all cliques have been eliminated
round 26 : cgl separated 119 cuts in 0.0500 seconds. dual limit now: 0 time: 89.960
resolving relaxation ... solved in 7.250 after adding cuts of pass 26. dual limit now 0


rcl Found 2114 new violated cliques with the row-clique method
rcl The largest admissible number was 23 (threshold 12)
rcl    not all row cliques have been eliminated

scl Found 12 new violated cliques with the star-clique method
scl The largest star size was 30 (threshold 12)
scl Enumeration 7 times, found 4 maxl cliques
scl Greedy 152 times, found 8 maxl cliques
scl Skipped a star b/c of small solution value 378 times
scl    not all cliques have been eliminated
round 27 : cgl separated 86 cuts in 0.0400 seconds. dual limit now: 0 time: 97.250
resolving relaxation ... solved in 6.910 after adding cuts of pass 27. dual limit now 0


rcl Found 1764 new violated cliques with the row-clique method
rcl The largest admissible number was 19 (threshold 12)
rcl    not all row cliques have been eliminated

scl Found 6 new violated cliques with the star-clique method
scl The largest star size was 29 (threshold 12)
scl Enumeration 24 times, found 3 maxl cliques
scl Greedy 129 times, found 3 maxl cliques
scl Skipped a star b/c of small solution value 355 times
scl    not all cliques have been eliminated
round 28 : cgl separated 73 cuts in 0.0300 seconds. dual limit now: 0 time: 104.190
resolving relaxation ... solved in 6.960 after adding cuts of pass 28. dual limit now 0


rcl Found 2092 new violated cliques with the row-clique method
rcl The largest admissible number was 19 (threshold 12)
rcl    not all row cliques have been eliminated

scl Found 9 new violated cliques with the star-clique method
scl The largest star size was 31 (threshold 12)
scl Enumeration 11 times, found 0 maxl cliques
scl Greedy 142 times, found 9 maxl cliques
scl Skipped a star b/c of small solution value 397 times
scl    not all cliques have been eliminated
round 29 : cgl separated 90 cuts in 0.0400 seconds. dual limit now: 0 time: 111.190
resolving relaxation ... solved in 6.120 after adding cuts of pass 29. dual limit now 0


rcl Found 1970 new violated cliques with the row-clique method
rcl The largest admissible number was 20 (threshold 12)
rcl    not all row cliques have been eliminated

scl Found 8 new violated cliques with the star-clique method
scl The largest star size was 33 (threshold 12)
scl Enumeration 10 times, found 0 maxl cliques
scl Greedy 138 times, found 8 maxl cliques
scl Skipped a star b/c of small solution value 389 times
scl    not all cliques have been eliminated
round 30 : cgl separated 66 cuts in 0.0400 seconds. dual limit now: 0 time: 117.350
resolving relaxation ... solved in 6.530 after adding cuts of pass 30. dual limit now 0


rcl Found 2229 new violated cliques with the row-clique method
rcl The largest admissible number was 27 (threshold 12)
rcl    not all row cliques have been eliminated

scl Found 5 new violated cliques with the star-clique method
scl The largest star size was 29 (threshold 12)
scl Enumeration 8 times, found 0 maxl cliques
scl Greedy 145 times, found 5 maxl cliques
scl Skipped a star b/c of small solution value 401 times
scl    not all cliques have been eliminated
round 31 : cgl separated 86 cuts in 0.0400 seconds. dual limit now: 0 time: 123.920
resolving relaxation ... solved in 7.250 after adding cuts of pass 31. dual limit now 0


rcl Found 1837 new violated cliques with the row-clique method
rcl The largest admissible number was 18 (threshold 12)
rcl    not all row cliques have been eliminated

scl Found 4 new violated cliques with the star-clique method
scl The largest star size was 32 (threshold 12)
scl Enumeration 11 times, found 0 maxl cliques
scl Greedy 141 times, found 4 maxl cliques
scl Skipped a star b/c of small solution value 391 times
scl    not all cliques have been eliminated
round 32 : cgl separated 62 cuts in 0.0400 seconds. dual limit now: 0 time: 131.210
resolving relaxation ... solved in 7.240 after adding cuts of pass 32. dual limit now 0


rcl Found 2081 new violated cliques with the row-clique method
rcl The largest admissible number was 20 (threshold 12)
rcl    not all row cliques have been eliminated

scl Found 4 new violated cliques with the star-clique method
scl The largest star size was 33 (threshold 12)
scl Enumeration 11 times, found 0 maxl cliques
scl Greedy 144 times, found 4 maxl cliques
scl Skipped a star b/c of small solution value 378 times
scl    not all cliques have been eliminated
round 33 : cgl separated 72 cuts in 0.0400 seconds. dual limit now: 0 time: 138.490
resolving relaxation ... solved in 7.570 after adding cuts of pass 33. dual limit now 0


rcl Found 1341 new violated cliques with the row-clique method
rcl The largest admissible number was 24 (threshold 12)
rcl    not all row cliques have been eliminated

scl Found 6 new violated cliques with the star-clique method
scl The largest star size was 29 (threshold 12)
scl Enumeration 15 times, found 0 maxl cliques
scl Greedy 133 times, found 6 maxl cliques
scl Skipped a star b/c of small solution value 355 times
scl    not all cliques have been eliminated
round 34 : cgl separated 53 cuts in 0.0300 seconds. dual limit now: 0 time: 146.090
resolving relaxation ... solved in 7.290 after adding cuts of pass 34. dual limit now 0


rcl Found 1114 new violated cliques with the row-clique method
rcl The largest admissible number was 22 (threshold 12)
rcl    not all row cliques have been eliminated

scl Found 5 new violated cliques with the star-clique method
scl The largest star size was 31 (threshold 12)
scl Enumeration 17 times, found 0 maxl cliques
scl Greedy 129 times, found 5 maxl cliques
scl Skipped a star b/c of small solution value 368 times
scl    not all cliques have been eliminated
round 35 : cgl separated 54 cuts in 0.0300 seconds. dual limit now: 0 time: 153.410
resolving relaxation ... solved in 7.700 after adding cuts of pass 35. dual limit now 0


rcl Found 1044 new violated cliques with the row-clique method
rcl The largest admissible number was 15 (threshold 12)
rcl    not all row cliques have been eliminated

scl Found 3 new violated cliques with the star-clique method
scl The largest star size was 29 (threshold 12)
scl Enumeration 15 times, found 0 maxl cliques
scl Greedy 133 times, found 3 maxl cliques
scl Skipped a star b/c of small solution value 355 times
scl    not all cliques have been eliminated
round 36 : cgl separated 36 cuts in 0.0400 seconds. dual limit now: 0 time: 161.160
resolving relaxation ... solved in 7.420 after adding cuts of pass 36. dual limit now 0


rcl Found 1046 new violated cliques with the row-clique method
rcl The largest admissible number was 19 (threshold 12)
rcl    not all row cliques have been eliminated

scl Found 2 new violated cliques with the star-clique method
scl The largest star size was 34 (threshold 12)
scl Enumeration 17 times, found 0 maxl cliques
scl Greedy 129 times, found 2 maxl cliques
scl Skipped a star b/c of small solution value 383 times
scl    not all cliques have been eliminated
round 37 : cgl separated 51 cuts in 0.0300 seconds. dual limit now: 0 time: 168.610
resolving relaxation ... solved in 7.230 after adding cuts of pass 37. dual limit now 0


rcl Found 1281 new violated cliques with the row-clique method
rcl The largest admissible number was 17 (threshold 12)
rcl    not all row cliques have been eliminated

scl Found 3 new violated cliques with the star-clique method
scl The largest star size was 29 (threshold 12)
scl Enumeration 24 times, found 0 maxl cliques
scl Greedy 126 times, found 3 maxl cliques
scl Skipped a star b/c of small solution value 348 times
scl    not all cliques have been eliminated
round 38 : cgl separated 57 cuts in 0.0400 seconds. dual limit now: 0 time: 175.880
resolving relaxation ... solved in 8.070 after adding cuts of pass 38. dual limit now 0


rcl Found 1740 new violated cliques with the row-clique method
rcl The largest admissible number was 20 (threshold 12)
rcl    not all row cliques have been eliminated

scl Found 7 new violated cliques with the star-clique method
scl The largest star size was 30 (threshold 12)
scl Enumeration 9 times, found 0 maxl cliques
scl Greedy 145 times, found 7 maxl cliques
scl Skipped a star b/c of small solution value 359 times
scl    not all cliques have been eliminated
round 39 : cgl separated 52 cuts in 0.0400 seconds. dual limit now: 0 time: 183.990
resolving relaxation ... solved in 8.130 after adding cuts of pass 39. dual limit now 0


rcl Found 1132 new violated cliques with the row-clique method
rcl The largest admissible number was 21 (threshold 12)
rcl    not all row cliques have been eliminated

scl Found 3 new violated cliques with the star-clique method
scl The largest star size was 31 (threshold 12)
scl Enumeration 16 times, found 0 maxl cliques
scl Greedy 136 times, found 3 maxl cliques
scl Skipped a star b/c of small solution value 342 times
scl    not all cliques have been eliminated
round 40 : cgl separated 51 cuts in 0.0300 seconds. dual limit now: 0 time: 192.150
resolving relaxation ... solved in 8.020 after adding cuts of pass 40. dual limit now 0


rcl Found 2096 new violated cliques with the row-clique method
rcl The largest admissible number was 22 (threshold 12)
rcl    not all row cliques have been eliminated

scl Found 5 new violated cliques with the star-clique method
scl The largest star size was 34 (threshold 12)
scl Enumeration 18 times, found 0 maxl cliques
scl Greedy 131 times, found 5 maxl cliques
scl Skipped a star b/c of small solution value 348 times
scl    not all cliques have been eliminated
round 41 : cgl separated 66 cuts in 0.0500 seconds. dual limit now: 0 time: 200.220
resolving relaxation ... solved in 7.530 after adding cuts of pass 41. dual limit now 0


rcl Found 1122 new violated cliques with the row-clique method
rcl The largest admissible number was 20 (threshold 12)
rcl    not all row cliques have been eliminated

scl Found 4 new violated cliques with the star-clique method
scl The largest star size was 28 (threshold 12)
scl Enumeration 25 times, found 3 maxl cliques
scl Greedy 118 times, found 1 maxl cliques
scl Skipped a star b/c of small solution value 317 times
scl    not all cliques have been eliminated
round 42 : cgl separated 33 cuts in 0.0300 seconds. dual limit now: 0 time: 207.780
resolving relaxation ... solved in 8.220 after adding cuts of pass 42. dual limit now 0


rcl Found 600 new violated cliques with the row-clique method
rcl The largest admissible number was 21 (threshold 12)
rcl    not all row cliques have been eliminated

scl Found 0 new violated cliques with the star-clique method
scl The largest star size was 27 (threshold 12)
scl Enumeration 39 times, found 0 maxl cliques
scl Greedy 103 times, found 0 maxl cliques
scl Skipped a star b/c of small solution value 282 times
scl    not all cliques have been eliminated
round 43 : cgl separated 23 cuts in 0.0300 seconds. dual limit now: 0 time: 216.030
resolving relaxation ... solved in 8.030 after adding cuts of pass 43. dual limit now 0


rcl Found 1450 new violated cliques with the row-clique method
rcl The largest admissible number was 20 (threshold 12)
rcl    not all row cliques have been eliminated

scl Found 4 new violated cliques with the star-clique method
scl The largest star size was 29 (threshold 12)
scl Enumeration 27 times, found 0 maxl cliques
scl Greedy 116 times, found 4 maxl cliques
scl Skipped a star b/c of small solution value 339 times
scl    not all cliques have been eliminated
round 44 : cgl separated 46 cuts in 0.0400 seconds. dual limit now: 0 time: 224.100
resolving relaxation ... solved in 7.760 after adding cuts of pass 44. dual limit now 0


rcl Found 773 new violated cliques with the row-clique method
rcl The largest admissible number was 25 (threshold 12)
rcl    not all row cliques have been eliminated

scl Found 2 new violated cliques with the star-clique method
scl The largest star size was 26 (threshold 12)
scl Enumeration 28 times, found 0 maxl cliques
scl Greedy 119 times, found 2 maxl cliques
scl Skipped a star b/c of small solution value 336 times
scl    not all cliques have been eliminated
round 45 : cgl separated 28 cuts in 0.0300 seconds. dual limit now: 0 time: 231.890
resolving relaxation ... solved in 8.100 after adding cuts of pass 45. dual limit now 0


rcl Found 1382 new violated cliques with the row-clique method
rcl The largest admissible number was 20 (threshold 12)
rcl    not all row cliques have been eliminated

scl Found 4 new violated cliques with the star-clique method
scl The largest star size was 31 (threshold 12)
scl Enumeration 16 times, found 0 maxl cliques
scl Greedy 132 times, found 4 maxl cliques
scl Skipped a star b/c of small solution value 342 times
scl    not all cliques have been eliminated
round 46 : cgl separated 49 cuts in 0.0400 seconds. dual limit now: 0 time: 240.030
resolving relaxation ... solved in 8.960 after adding cuts of pass 46. dual limit now 0


rcl Found 911 new violated cliques with the row-clique method
rcl The largest admissible number was 17 (threshold 12)
rcl    not all row cliques have been eliminated

scl Found 4 new violated cliques with the star-clique method
scl The largest star size was 31 (threshold 12)
scl Enumeration 26 times, found 0 maxl cliques
scl Greedy 123 times, found 4 maxl cliques
scl Skipped a star b/c of small solution value 344 times
scl    not all cliques have been eliminated
round 47 : cgl separated 31 cuts in 0.0400 seconds. dual limit now: 0 time: 249.030
resolving relaxation ... solved in 8.340 after adding cuts of pass 47. dual limit now 0


rcl Found 1053 new violated cliques with the row-clique method
rcl The largest admissible number was 16 (threshold 12)
rcl    not all row cliques have been eliminated

scl Found 5 new violated cliques with the star-clique method
scl The largest star size was 27 (threshold 12)
scl Enumeration 38 times, found 0 maxl cliques
scl Greedy 112 times, found 5 maxl cliques
scl Skipped a star b/c of small solution value 291 times
scl    not all cliques have been eliminated
round 48 : cgl separated 34 cuts in 0.0300 seconds. dual limit now: 0 time: 257.400
resolving relaxation ... solved in 8.550 after adding cuts of pass 48. dual limit now 0


rcl Found 1476 new violated cliques with the row-clique method
rcl The largest admissible number was 19 (threshold 12)
rcl    not all row cliques have been eliminated

scl Found 3 new violated cliques with the star-clique method
scl The largest star size was 29 (threshold 12)
scl Enumeration 41 times, found 0 maxl cliques
scl Greedy 101 times, found 3 maxl cliques
scl Skipped a star b/c of small solution value 317 times
scl    not all cliques have been eliminated
round 49 : cgl separated 39 cuts in 0.0400 seconds. dual limit now: 0 time: 265.990
resolving relaxation ... solved in 8.860 after adding cuts of pass 49. dual limit now 0


rcl Found 836 new violated cliques with the row-clique method
rcl The largest admissible number was 15 (threshold 12)
rcl    not all row cliques have been eliminated

scl Found 2 new violated cliques with the star-clique method
scl The largest star size was 25 (threshold 12)
scl Enumeration 39 times, found 0 maxl cliques
scl Greedy 112 times, found 2 maxl cliques
scl Skipped a star b/c of small solution value 304 times
scl    not all cliques have been eliminated
round 50 : cgl separated 26 cuts in 0.0300 seconds. dual limit now: 0 time: 274.880
resolving relaxation ... solved in 9.280 after adding cuts of pass 50. dual limit now 0


rcl Found 1487 new violated cliques with the row-clique method
rcl The largest admissible number was 19 (threshold 12)
rcl    not all row cliques have been eliminated

scl Found 2 new violated cliques with the star-clique method
scl The largest star size was 29 (threshold 12)
scl Enumeration 29 times, found 0 maxl cliques
scl Greedy 112 times, found 2 maxl cliques
scl Skipped a star b/c of small solution value 317 times
scl    not all cliques have been eliminated
round 51 : cgl separated 48 cuts in 0.0300 seconds. dual limit now: 0 time: 284.190
resolving relaxation ... solved in 9.000 after adding cuts of pass 51. dual limit now 0


rcl Found 2024 new violated cliques with the row-clique method
rcl The largest admissible number was 15 (threshold 12)
rcl    not all row cliques have been eliminated

scl Found 4 new violated cliques with the star-clique method
scl The largest star size was 30 (threshold 12)
scl Enumeration 12 times, found 0 maxl cliques
scl Greedy 136 times, found 4 maxl cliques
scl Skipped a star b/c of small solution value 361 times
scl    not all cliques have been eliminated
round 52 : cgl separated 50 cuts in 0.0500 seconds. dual limit now: 0 time: 293.240
resolving relaxation ... solved in 9.000 after adding cuts of pass 52. dual limit now 0


rcl Found 790 new violated cliques with the row-clique method
rcl The largest admissible number was 16 (threshold 12)
rcl    not all row cliques have been eliminated

scl Found 2 new violated cliques with the star-clique method
scl The largest star size was 29 (threshold 12)
scl Enumeration 40 times, found 0 maxl cliques
scl Greedy 105 times, found 2 maxl cliques
scl Skipped a star b/c of small solution value 309 times
scl    not all cliques have been eliminated
round 53 : cgl separated 20 cuts in 0.0300 seconds. dual limit now: 0 time: 302.270
resolving relaxation ... solved in 8.720 after adding cuts of pass 53. dual limit now 0


rcl Found 569 new violated cliques with the row-clique method
rcl The largest admissible number was 18 (threshold 12)
rcl    not all row cliques have been eliminated

scl Found 2 new violated cliques with the star-clique method
scl The largest star size was 30 (threshold 12)
scl Enumeration 35 times, found 0 maxl cliques
scl Greedy 106 times, found 2 maxl cliques
scl Skipped a star b/c of small solution value 302 times
scl    not all cliques have been eliminated
round 54 : cgl separated 19 cuts in 0.0400 seconds. dual limit now: 0 time: 311.030
resolving relaxation ... solved in 7.920 after adding cuts of pass 54. dual limit now 0


rcl Found 522 new violated cliques with the row-clique method
rcl The largest admissible number was 17 (threshold 12)
rcl    not all row cliques have been eliminated

scl Found 4 new violated cliques with the star-clique method
scl The largest star size was 24 (threshold 12)
scl Enumeration 57 times, found 0 maxl cliques
scl Greedy 90 times, found 4 maxl cliques
scl Skipped a star b/c of small solution value 251 times
scl    not all cliques have been eliminated
round 55 : cgl separated 17 cuts in 0.0200 seconds. dual limit now: 0 time: 318.970
resolving relaxation ... solved in 9.760 after adding cuts of pass 55. dual limit now 0


rcl Found 344 new violated cliques with the row-clique method
rcl The largest admissible number was 20 (threshold 12)
rcl    not all row cliques have been eliminated

scl Found 1 new violated cliques with the star-clique method
scl The largest star size was 26 (threshold 12)
scl Enumeration 48 times, found 0 maxl cliques
scl Greedy 91 times, found 1 maxl cliques
scl Skipped a star b/c of small solution value 260 times
scl    not all cliques have been eliminated
round 56 : cgl separated 8 cuts in 0.0300 seconds. dual limit now: 0 time: 328.760
resolving relaxation ... solved in 9.600 after adding cuts of pass 56. dual limit now 0


rcl Found 923 new violated cliques with the row-clique method
rcl The largest admissible number was 19 (threshold 12)
rcl    not all row cliques have been eliminated

scl Found 1 new violated cliques with the star-clique method
scl The largest star size was 29 (threshold 12)
scl Enumeration 38 times, found 0 maxl cliques
scl Greedy 107 times, found 1 maxl cliques
scl Skipped a star b/c of small solution value 313 times
scl    not all cliques have been eliminated
round 57 : cgl separated 25 cuts in 0.0400 seconds. dual limit now: 0 time: 338.400
resolving relaxation ... solved in 9.390 after adding cuts of pass 57. dual limit now 0


rcl Found 498 new violated cliques with the row-clique method
rcl The largest admissible number was 17 (threshold 12)
rcl    not all row cliques have been eliminated

scl Found 0 new violated cliques with the star-clique method
scl The largest star size was 26 (threshold 12)
scl Enumeration 47 times, found 0 maxl cliques
scl Greedy 94 times, found 0 maxl cliques
scl Skipped a star b/c of small solution value 309 times
scl    not all cliques have been eliminated
round 58 : cgl separated 18 cuts in 0.0300 seconds. dual limit now: 0 time: 347.820
resolving relaxation ... solved in 8.980 after adding cuts of pass 58. dual limit now 0


rcl Found 452 new violated cliques with the row-clique method
rcl The largest admissible number was 21 (threshold 12)
rcl    not all row cliques have been eliminated

scl Found 1 new violated cliques with the star-clique method
scl The largest star size was 31 (threshold 12)
scl Enumeration 37 times, found 0 maxl cliques
scl Greedy 99 times, found 1 maxl cliques
scl Skipped a star b/c of small solution value 330 times
scl    not all cliques have been eliminated
round 59 : cgl separated 14 cuts in 0.0400 seconds. dual limit now: 0 time: 356.840
resolving relaxation ... solved in 9.290 after adding cuts of pass 59. dual limit now 0


rcl Found 298 new violated cliques with the row-clique method
rcl The largest admissible number was 17 (threshold 12)
rcl    not all row cliques have been eliminated

scl Found 1 new violated cliques with the star-clique method
scl The largest star size was 24 (threshold 12)
scl Enumeration 42 times, found 0 maxl cliques
scl Greedy 94 times, found 1 maxl cliques
scl Skipped a star b/c of small solution value 293 times
scl    not all cliques have been eliminated
round 60 : cgl separated 8 cuts in 0.0300 seconds. dual limit now: 0 time: 366.160
resolving relaxation ... solved in 9.430 after adding cuts of pass 60. dual limit now 0


rcl Found 1329 new violated cliques with the row-clique method
rcl The largest admissible number was 19 (threshold 12)
rcl    not all row cliques have been eliminated

scl Found 10 new violated cliques with the star-clique method
scl The largest star size was 26 (threshold 12)
scl Enumeration 28 times, found 4 maxl cliques
scl Greedy 98 times, found 6 maxl cliques
scl Skipped a star b/c of small solution value 339 times
scl    not all cliques have been eliminated
round 61 : cgl separated 39 cuts in 0.0300 seconds. dual limit now: 0 time: 375.620
resolving relaxation ... solved in 9.870 after adding cuts of pass 61. dual limit now 0


rcl Found 792 new violated cliques with the row-clique method
rcl The largest admissible number was 20 (threshold 12)
rcl    not all row cliques have been eliminated

scl Found 3 new violated cliques with the star-clique method
scl The largest star size was 30 (threshold 12)
scl Enumeration 28 times, found 0 maxl cliques
scl Greedy 111 times, found 3 maxl cliques
scl Skipped a star b/c of small solution value 333 times
scl    not all cliques have been eliminated
round 62 : cgl separated 23 cuts in 0.0300 seconds. dual limit now: 0 time: 385.520
resolving relaxation ... solved in 9.730 after adding cuts of pass 62. dual limit now 0


rcl Found 605 new violated cliques with the row-clique method
rcl The largest admissible number was 19 (threshold 12)
rcl    not all row cliques have been eliminated

scl Found 3 new violated cliques with the star-clique method
scl The largest star size was 22 (threshold 12)
scl Enumeration 56 times, found 0 maxl cliques
scl Greedy 83 times, found 3 maxl cliques
scl Skipped a star b/c of small solution value 260 times
scl    not all cliques have been eliminated
round 63 : cgl separated 19 cuts in 0.0300 seconds. dual limit now: 0 time: 395.280
resolving relaxation ... solved in 9.140 after adding cuts of pass 63. dual limit now 0


rcl Found 734 new violated cliques with the row-clique method
rcl The largest admissible number was 18 (threshold 12)
rcl    not all row cliques have been eliminated

scl Found 4 new violated cliques with the star-clique method
scl The largest star size was 26 (threshold 12)
scl Enumeration 29 times, found 0 maxl cliques
scl Greedy 108 times, found 4 maxl cliques
scl Skipped a star b/c of small solution value 312 times
scl    not all cliques have been eliminated
round 64 : cgl separated 33 cuts in 0.0300 seconds. dual limit now: 0 time: 404.450
resolving relaxation ... solved in 9.980 after adding cuts of pass 64. dual limit now 0


rcl Found 288 new violated cliques with the row-clique method
rcl The largest admissible number was 17 (threshold 12)
rcl    not all row cliques have been eliminated

scl Found 1 new violated cliques with the star-clique method
scl The largest star size was 24 (threshold 12)
scl Enumeration 44 times, found 0 maxl cliques
scl Greedy 102 times, found 1 maxl cliques
scl Skipped a star b/c of small solution value 269 times
scl    not all cliques have been eliminated
round 65 : cgl separated 11 cuts in 0.0300 seconds. dual limit now: 0 time: 414.460
resolving relaxation ... solved in 9.810 after adding cuts of pass 65. dual limit now 0


rcl Found 611 new violated cliques with the row-clique method
rcl The largest admissible number was 19 (threshold 12)
rcl    not all row cliques have been eliminated

scl Found 3 new violated cliques with the star-clique method
scl The largest star size was 22 (threshold 12)
scl Enumeration 36 times, found 0 maxl cliques
scl Greedy 106 times, found 3 maxl cliques
scl Skipped a star b/c of small solution value 293 times
scl    not all cliques have been eliminated
round 66 : cgl separated 28 cuts in 0.0300 seconds. dual limit now: 0 time: 424.300
resolving relaxation ... solved in 8.630 after adding cuts of pass 66. dual limit now 0


rcl Found 1173 new violated cliques with the row-clique method
rcl The largest admissible number was 15 (threshold 12)
rcl    not all row cliques have been eliminated

scl Found 2 new violated cliques with the star-clique method
scl The largest star size was 28 (threshold 12)
scl Enumeration 25 times, found 0 maxl cliques
scl Greedy 117 times, found 2 maxl cliques
scl Skipped a star b/c of small solution value 339 times
scl    not all cliques have been eliminated
round 67 : cgl separated 32 cuts in 0.0400 seconds. dual limit now: 0 time: 432.970
resolving relaxation ... solved in 9.390 after adding cuts of pass 67. dual limit now 0


rcl Found 538 new violated cliques with the row-clique method
rcl The largest admissible number was 22 (threshold 12)
rcl    not all row cliques have been eliminated

scl Found 3 new violated cliques with the star-clique method
scl The largest star size was 26 (threshold 12)
scl Enumeration 58 times, found 0 maxl cliques
scl Greedy 91 times, found 3 maxl cliques
scl Skipped a star b/c of small solution value 280 times
scl    not all cliques have been eliminated
round 68 : cgl separated 19 cuts in 0.0400 seconds. dual limit now: 0 time: 442.400
resolving relaxation ... solved in 9.250 after adding cuts of pass 68. dual limit now 0


rcl Found 517 new violated cliques with the row-clique method
rcl The largest admissible number was 19 (threshold 12)
rcl    not all row cliques have been eliminated

scl Found 0 new violated cliques with the star-clique method
scl The largest star size was 36 (threshold 12)
scl Enumeration 13 times, found 0 maxl cliques
scl Greedy 126 times, found 0 maxl cliques
scl Skipped a star b/c of small solution value 383 times
scl    not all cliques have been eliminated
round 69 : cgl separated 16 cuts in 0.0400 seconds. dual limit now: 0 time: 451.690
resolving relaxation ... solved in 10.090 after adding cuts of pass 69. dual limit now 0


rcl Found 1361 new violated cliques with the row-clique method
rcl The largest admissible number was 22 (threshold 12)
rcl    not all row cliques have been eliminated

scl Found 4 new violated cliques with the star-clique method
scl The largest star size was 34 (threshold 12)
scl Enumeration 20 times, found 0 maxl cliques
scl Greedy 126 times, found 4 maxl cliques
scl Skipped a star b/c of small solution value 399 times
scl    not all cliques have been eliminated
round 70 : cgl separated 42 cuts in 0.0500 seconds. dual limit now: 0 time: 461.830
resolving relaxation ... solved in 10.030 after adding cuts of pass 70. dual limit now 0


rcl Found 830 new violated cliques with the row-clique method
rcl The largest admissible number was 21 (threshold 12)
rcl    not all row cliques have been eliminated

scl Found 4 new violated cliques with the star-clique method
scl The largest star size was 26 (threshold 12)
scl Enumeration 31 times, found 0 maxl cliques
scl Greedy 102 times, found 4 maxl cliques
scl Skipped a star b/c of small solution value 321 times
scl    not all cliques have been eliminated
round 71 : cgl separated 23 cuts in 0.0300 seconds. dual limit now: 0 time: 471.890
resolving relaxation ... solved in 9.480 after adding cuts of pass 71. dual limit now 0


rcl Found 650 new violated cliques with the row-clique method
rcl The largest admissible number was 18 (threshold 12)
rcl    not all row cliques have been eliminated

scl Found 1 new violated cliques with the star-clique method
scl The largest star size was 27 (threshold 12)
scl Enumeration 46 times, found 0 maxl cliques
scl Greedy 92 times, found 1 maxl cliques
scl Skipped a star b/c of small solution value 309 times
scl    not all cliques have been eliminated
round 72 : cgl separated 19 cuts in 0.0300 seconds. dual limit now: 0 time: 481.400
resolving relaxation ... solved in 10.250 after adding cuts of pass 72. dual limit now 0


rcl Found 683 new violated cliques with the row-clique method
rcl The largest admissible number was 18 (threshold 12)
rcl    not all row cliques have been eliminated

scl Found 3 new violated cliques with the star-clique method
scl The largest star size was 32 (threshold 12)
scl Enumeration 33 times, found 0 maxl cliques
scl Greedy 108 times, found 3 maxl cliques
scl Skipped a star b/c of small solution value 328 times
scl    not all cliques have been eliminated
round 73 : cgl separated 27 cuts in 0.0400 seconds. dual limit now: 0 time: 491.690
resolving relaxation ... solved in 10.950 after adding cuts of pass 73. dual limit now 0


rcl Found 896 new violated cliques with the row-clique method
rcl The largest admissible number was 21 (threshold 12)
rcl    not all row cliques have been eliminated

scl Found 6 new violated cliques with the star-clique method
scl The largest star size was 23 (threshold 12)
scl Enumeration 41 times, found 4 maxl cliques
scl Greedy 103 times, found 2 maxl cliques
scl Skipped a star b/c of small solution value 292 times
scl    not all cliques have been eliminated
time limit reached. discarding cuts.
round 74 : cgl separated 0 cuts in 0.0300 seconds. dual limit now: 0 time: 502.670

End of root node relaxation. Dual limit: 0 time: 502.670 
