using at max 0 two mir passes.
using at max 0 gomory passes.
Using COIN CGL separation.
Coin0008I netdiversion read with 0 errors
cbcroot: root node relaxation and clique cuts

loaded netdiversion 
	129180 variables (129180 integer) 119589 rows

osi_cgraph took 0.240 seconds.
Clique Separation Parameters:
	max depth         : 3
	max passes        : 9999
	minimum violation : 0.0200
	minimum frac. val : 0.0010
	extend cliques    : 0
	enum max. degree  : 10
	verbose           : 1
	maximum time bk   : 20
solving relaxation ... Initial dual bound 230.8
solved in 29.900

rcl Found 0 new violated cliques with the row-clique method
rcl The largest admissible number was 1 (threshold 12)
rcl    all row cliques have been enumerated

scl Found 0 new violated cliques with the star-clique method
scl The largest star size was 3 (threshold 12)
scl Enumeration 4 times, found 0 maxl cliques
scl Greedy 0 times, found 0 maxl cliques
scl Skipped a star b/c of small solution value 0 times
scl    all cliques have been enumerated
round 1 : cgl separated 0 cuts in 0.0900 seconds. dual limit now: 230.8 time: 29.990

End of root node relaxation. Dual limit: 230.8 time: 29.990 
