using at max 0 two mir passes.
using at max 0 gomory passes.
Using COIN CGL separation.
Coin0008I ns1208400 read with 0 errors
cbcroot: root node relaxation and clique cuts

loaded ns1208400 
	2883 variables (2880 integer) 4289 rows

osi_cgraph took 0.030 seconds.
Clique Separation Parameters:
	max depth         : 3
	max passes        : 9999
	minimum violation : 0.0200
	minimum frac. val : 0.0010
	extend cliques    : 0
	enum max. degree  : 10
	verbose           : 1
	maximum time bk   : 20
solving relaxation ... Initial dual bound 0
solved in 0.890

rcl Found 10 new violated cliques with the row-clique method
rcl The largest admissible number was 8 (threshold 12)
rcl    all row cliques have been enumerated

scl Found 10 new violated cliques with the star-clique method
scl The largest star size was 14 (threshold 12)
scl Enumeration 139 times, found 10 maxl cliques
scl Greedy 2 times, found 0 maxl cliques
scl Skipped a star b/c of small solution value 170 times
scl    not all cliques have been eliminated
round 1 : cgl separated 10 cuts in 0.0100 seconds. dual limit now: 0 time: 0.900
resolving relaxation ... solved in 0.100 after adding cuts of pass 1. dual limit now 0


rcl Found 4 new violated cliques with the row-clique method
rcl The largest admissible number was 7 (threshold 12)
rcl    all row cliques have been enumerated

scl Found 0 new violated cliques with the star-clique method
scl The largest star size was 14 (threshold 12)
scl Enumeration 135 times, found 0 maxl cliques
scl Greedy 4 times, found 0 maxl cliques
scl Skipped a star b/c of small solution value 166 times
scl    not all cliques have been eliminated
round 2 : cgl separated 3 cuts in 0.0000 seconds. dual limit now: 0 time: 1.000
resolving relaxation ... solved in 0.040 after adding cuts of pass 2. dual limit now 0


rcl Found 3 new violated cliques with the row-clique method
rcl The largest admissible number was 7 (threshold 12)
rcl    all row cliques have been enumerated

scl Found 0 new violated cliques with the star-clique method
scl The largest star size was 12 (threshold 12)
scl Enumeration 138 times, found 0 maxl cliques
scl Greedy 1 times, found 0 maxl cliques
scl Skipped a star b/c of small solution value 169 times
scl    not all cliques have been eliminated
round 3 : cgl separated 2 cuts in 0.0000 seconds. dual limit now: 0 time: 1.040
resolving relaxation ... solved in 0.020 after adding cuts of pass 3. dual limit now 0


rcl Found 4 new violated cliques with the row-clique method
rcl The largest admissible number was 7 (threshold 12)
rcl    all row cliques have been enumerated

scl Found 0 new violated cliques with the star-clique method
scl The largest star size was 12 (threshold 12)
scl Enumeration 140 times, found 0 maxl cliques
scl Greedy 1 times, found 0 maxl cliques
scl Skipped a star b/c of small solution value 168 times
scl    not all cliques have been eliminated
round 4 : cgl separated 2 cuts in 0.0000 seconds. dual limit now: 0 time: 1.060
resolving relaxation ... solved in 0.020 after adding cuts of pass 4. dual limit now 0


rcl Found 0 new violated cliques with the row-clique method
rcl The largest admissible number was 7 (threshold 12)
rcl    all row cliques have been enumerated

scl Found 0 new violated cliques with the star-clique method
scl The largest star size was 12 (threshold 12)
scl Enumeration 137 times, found 0 maxl cliques
scl Greedy 1 times, found 0 maxl cliques
scl Skipped a star b/c of small solution value 161 times
scl    not all cliques have been eliminated
round 5 : cgl separated 0 cuts in 0.0000 seconds. dual limit now: 0 time: 1.080

End of root node relaxation. Dual limit: 0 time: 1.080 
