using at max 0 two mir passes.
using at max 0 gomory passes.
Using COIN CGL separation.
Coin0008I ns1688347 read with 0 errors
cbcroot: root node relaxation and clique cuts

loaded ns1688347 
	2685 variables (2685 integer) 4191 rows

osi_cgraph took 0.310 seconds.
Clique Separation Parameters:
	max depth         : 3
	max passes        : 9999
	minimum violation : 0.0200
	minimum frac. val : 0.0010
	extend cliques    : 0
	enum max. degree  : 10
	verbose           : 1
	maximum time bk   : 20
solving relaxation ... Initial dual bound 2
solved in 0.030

rcl Found 365 new violated cliques with the row-clique method
rcl The largest admissible number was 44 (threshold 12)
rcl    not all row cliques have been eliminated

scl Found 16 new violated cliques with the star-clique method
scl The largest star size was 36 (threshold 12)
scl Enumeration 3 times, found 14 maxl cliques
scl Greedy 3 times, found 2 maxl cliques
scl Skipped a star b/c of small solution value 48 times
scl    not all cliques have been eliminated
round 1 : cgl separated 7 cuts in 0.0000 seconds. dual limit now: 2 time: 0.030
resolving relaxation ... solved in 0.010 after adding cuts of pass 1. dual limit now 2


rcl Found 360 new violated cliques with the row-clique method
rcl The largest admissible number was 37 (threshold 12)
rcl    not all row cliques have been eliminated

scl Found 13 new violated cliques with the star-clique method
scl The largest star size was 31 (threshold 12)
scl Enumeration 2 times, found 7 maxl cliques
scl Greedy 9 times, found 6 maxl cliques
scl Skipped a star b/c of small solution value 41 times
scl    not all cliques have been eliminated
round 2 : cgl separated 18 cuts in 0.0000 seconds. dual limit now: 2 time: 0.040
resolving relaxation ... solved in 0.040 after adding cuts of pass 2. dual limit now 2.00169


rcl Found 376 new violated cliques with the row-clique method
rcl The largest admissible number was 80 (threshold 12)
rcl    not all row cliques have been eliminated

scl Found 13 new violated cliques with the star-clique method
scl The largest star size was 42 (threshold 12)
scl Enumeration 6 times, found 7 maxl cliques
scl Greedy 10 times, found 6 maxl cliques
scl Skipped a star b/c of small solution value 87 times
scl    not all cliques have been eliminated
round 3 : cgl separated 45 cuts in 0.0000 seconds. dual limit now: 2.00169 time: 0.080
resolving relaxation ... solved in 0.030 after adding cuts of pass 3. dual limit now 2.01563


rcl Found 427 new violated cliques with the row-clique method
rcl The largest admissible number was 57 (threshold 12)
rcl    not all row cliques have been eliminated

scl Found 15 new violated cliques with the star-clique method
scl The largest star size was 56 (threshold 12)
scl Enumeration 3 times, found 9 maxl cliques
scl Greedy 9 times, found 6 maxl cliques
scl Skipped a star b/c of small solution value 66 times
scl    not all cliques have been eliminated
round 4 : cgl separated 24 cuts in 0.0100 seconds. dual limit now: 2.01563 time: 0.120
resolving relaxation ... solved in 0.010 after adding cuts of pass 4. dual limit now 2.01639


rcl Found 480 new violated cliques with the row-clique method
rcl The largest admissible number was 61 (threshold 12)
rcl    not all row cliques have been eliminated

scl Found 9 new violated cliques with the star-clique method
scl The largest star size was 60 (threshold 12)
scl Enumeration 3 times, found 6 maxl cliques
scl Greedy 10 times, found 3 maxl cliques
scl Skipped a star b/c of small solution value 70 times
scl    not all cliques have been eliminated
round 5 : cgl separated 24 cuts in 0.0000 seconds. dual limit now: 2.01639 time: 0.130
resolving relaxation ... solved in 0.020 after adding cuts of pass 5. dual limit now 2.02869


rcl Found 483 new violated cliques with the row-clique method
rcl The largest admissible number was 62 (threshold 12)
rcl    not all row cliques have been eliminated

scl Found 13 new violated cliques with the star-clique method
scl The largest star size was 61 (threshold 12)
scl Enumeration 4 times, found 9 maxl cliques
scl Greedy 8 times, found 4 maxl cliques
scl Skipped a star b/c of small solution value 79 times
scl    not all cliques have been eliminated
round 6 : cgl separated 27 cuts in 0.0000 seconds. dual limit now: 2.02869 time: 0.150
resolving relaxation ... solved in 0.020 after adding cuts of pass 6. dual limit now 2.03279


rcl Found 554 new violated cliques with the row-clique method
rcl The largest admissible number was 54 (threshold 12)
rcl    not all row cliques have been eliminated

scl Found 12 new violated cliques with the star-clique method
scl The largest star size was 53 (threshold 12)
scl Enumeration 8 times, found 9 maxl cliques
scl Greedy 7 times, found 3 maxl cliques
scl Skipped a star b/c of small solution value 65 times
scl    not all cliques have been eliminated
round 7 : cgl separated 21 cuts in 0.0000 seconds. dual limit now: 2.03279 time: 0.170
resolving relaxation ... solved in 0.020 after adding cuts of pass 7. dual limit now 2.03774


rcl Found 628 new violated cliques with the row-clique method
rcl The largest admissible number was 60 (threshold 12)
rcl    not all row cliques have been eliminated

scl Found 14 new violated cliques with the star-clique method
scl The largest star size was 59 (threshold 12)
scl Enumeration 8 times, found 9 maxl cliques
scl Greedy 10 times, found 5 maxl cliques
scl Skipped a star b/c of small solution value 73 times
scl    not all cliques have been eliminated
round 8 : cgl separated 28 cuts in 0.0000 seconds. dual limit now: 2.03774 time: 0.190
resolving relaxation ... solved in 0.020 after adding cuts of pass 8. dual limit now 2.04396


rcl Found 649 new violated cliques with the row-clique method
rcl The largest admissible number was 71 (threshold 12)
rcl    not all row cliques have been eliminated

scl Found 18 new violated cliques with the star-clique method
scl The largest star size was 70 (threshold 12)
scl Enumeration 4 times, found 14 maxl cliques
scl Greedy 11 times, found 4 maxl cliques
scl Skipped a star b/c of small solution value 88 times
scl    not all cliques have been eliminated
round 9 : cgl separated 31 cuts in 0.0100 seconds. dual limit now: 2.04396 time: 0.220
resolving relaxation ... solved in 0.020 after adding cuts of pass 9. dual limit now 2.06623


rcl Found 698 new violated cliques with the row-clique method
rcl The largest admissible number was 66 (threshold 12)
rcl    not all row cliques have been eliminated

scl Found 15 new violated cliques with the star-clique method
scl The largest star size was 64 (threshold 12)
scl Enumeration 4 times, found 8 maxl cliques
scl Greedy 10 times, found 7 maxl cliques
scl Skipped a star b/c of small solution value 70 times
scl    not all cliques have been eliminated
round 10 : cgl separated 34 cuts in 0.0100 seconds. dual limit now: 2.06623 time: 0.250
resolving relaxation ... solved in 0.040 after adding cuts of pass 10. dual limit now 2.12195


rcl Found 735 new violated cliques with the row-clique method
rcl The largest admissible number was 76 (threshold 12)
rcl    not all row cliques have been eliminated

scl Found 20 new violated cliques with the star-clique method
scl The largest star size was 74 (threshold 12)
scl Enumeration 5 times, found 11 maxl cliques
scl Greedy 15 times, found 9 maxl cliques
scl Skipped a star b/c of small solution value 87 times
scl    not all cliques have been eliminated
round 11 : cgl separated 34 cuts in 0.0100 seconds. dual limit now: 2.12195 time: 0.300
resolving relaxation ... solved in 0.070 after adding cuts of pass 11. dual limit now 2.14704


rcl Found 842 new violated cliques with the row-clique method
rcl The largest admissible number was 80 (threshold 12)
rcl    not all row cliques have been eliminated

scl Found 9 new violated cliques with the star-clique method
scl The largest star size was 79 (threshold 12)
scl Enumeration 0 times, found 0 maxl cliques
scl Greedy 21 times, found 9 maxl cliques
scl Skipped a star b/c of small solution value 93 times
scl    not all cliques have been eliminated
round 12 : cgl separated 40 cuts in 0.0000 seconds. dual limit now: 2.14704 time: 0.370
resolving relaxation ... solved in 0.060 after adding cuts of pass 12. dual limit now 2.15544


rcl Found 785 new violated cliques with the row-clique method
rcl The largest admissible number was 81 (threshold 12)
rcl    not all row cliques have been eliminated

scl Found 9 new violated cliques with the star-clique method
scl The largest star size was 80 (threshold 12)
scl Enumeration 0 times, found 0 maxl cliques
scl Greedy 21 times, found 9 maxl cliques
scl Skipped a star b/c of small solution value 109 times
scl    not all cliques have been eliminated
round 13 : cgl separated 48 cuts in 0.0100 seconds. dual limit now: 2.15544 time: 0.440
resolving relaxation ... solved in 0.040 after adding cuts of pass 13. dual limit now 2.17987


rcl Found 956 new violated cliques with the row-clique method
rcl The largest admissible number was 93 (threshold 12)
rcl    not all row cliques have been eliminated

scl Found 7 new violated cliques with the star-clique method
scl The largest star size was 93 (threshold 12)
scl Enumeration 3 times, found 0 maxl cliques
scl Greedy 21 times, found 7 maxl cliques
scl Skipped a star b/c of small solution value 103 times
scl    not all cliques have been eliminated
round 14 : cgl separated 49 cuts in 0.0100 seconds. dual limit now: 2.17987 time: 0.490
resolving relaxation ... solved in 0.090 after adding cuts of pass 14. dual limit now 2.20026


rcl Found 852 new violated cliques with the row-clique method
rcl The largest admissible number was 100 (threshold 12)
rcl    not all row cliques have been eliminated

scl Found 11 new violated cliques with the star-clique method
scl The largest star size was 100 (threshold 12)
scl Enumeration 0 times, found 0 maxl cliques
scl Greedy 21 times, found 11 maxl cliques
scl Skipped a star b/c of small solution value 124 times
scl    not all cliques have been eliminated
round 15 : cgl separated 55 cuts in 0.0100 seconds. dual limit now: 2.20026 time: 0.590
resolving relaxation ... solved in 0.090 after adding cuts of pass 15. dual limit now 2.20833


rcl Found 951 new violated cliques with the row-clique method
rcl The largest admissible number was 89 (threshold 12)
rcl    not all row cliques have been eliminated

scl Found 9 new violated cliques with the star-clique method
scl The largest star size was 92 (threshold 12)
scl Enumeration 0 times, found 0 maxl cliques
scl Greedy 29 times, found 9 maxl cliques
scl Skipped a star b/c of small solution value 122 times
scl    not all cliques have been eliminated
round 16 : cgl separated 58 cuts in 0.0100 seconds. dual limit now: 2.20833 time: 0.690
resolving relaxation ... solved in 0.100 after adding cuts of pass 16. dual limit now 2.22086


rcl Found 1025 new violated cliques with the row-clique method
rcl The largest admissible number was 104 (threshold 12)
rcl    not all row cliques have been eliminated

scl Found 11 new violated cliques with the star-clique method
scl The largest star size was 104 (threshold 12)
scl Enumeration 0 times, found 0 maxl cliques
scl Greedy 26 times, found 11 maxl cliques
scl Skipped a star b/c of small solution value 139 times
scl    not all cliques have been eliminated
round 17 : cgl separated 67 cuts in 0.0100 seconds. dual limit now: 2.22086 time: 0.800
resolving relaxation ... solved in 0.170 after adding cuts of pass 17. dual limit now 2.23325


rcl Found 1231 new violated cliques with the row-clique method
rcl The largest admissible number was 98 (threshold 12)
rcl    not all row cliques have been eliminated

scl Found 9 new violated cliques with the star-clique method
scl The largest star size was 97 (threshold 12)
scl Enumeration 0 times, found 0 maxl cliques
scl Greedy 24 times, found 9 maxl cliques
scl Skipped a star b/c of small solution value 123 times
scl    not all cliques have been eliminated
round 18 : cgl separated 55 cuts in 0.0100 seconds. dual limit now: 2.23325 time: 0.980
resolving relaxation ... solved in 0.180 after adding cuts of pass 18. dual limit now 2.24408


rcl Found 1155 new violated cliques with the row-clique method
rcl The largest admissible number was 102 (threshold 12)
rcl    not all row cliques have been eliminated

scl Found 9 new violated cliques with the star-clique method
scl The largest star size was 101 (threshold 12)
scl Enumeration 0 times, found 0 maxl cliques
scl Greedy 26 times, found 9 maxl cliques
scl Skipped a star b/c of small solution value 139 times
scl    not all cliques have been eliminated
round 19 : cgl separated 62 cuts in 0.0200 seconds. dual limit now: 2.24408 time: 1.180
resolving relaxation ... solved in 0.170 after adding cuts of pass 19. dual limit now 2.26317


rcl Found 1187 new violated cliques with the row-clique method
rcl The largest admissible number was 108 (threshold 12)
rcl    not all row cliques have been eliminated

scl Found 11 new violated cliques with the star-clique method
scl The largest star size was 107 (threshold 12)
scl Enumeration 0 times, found 0 maxl cliques
scl Greedy 28 times, found 11 maxl cliques
scl Skipped a star b/c of small solution value 157 times
scl    not all cliques have been eliminated
round 20 : cgl separated 65 cuts in 0.0100 seconds. dual limit now: 2.26317 time: 1.360
resolving relaxation ... solved in 0.250 after adding cuts of pass 20. dual limit now 2.2851


rcl Found 1306 new violated cliques with the row-clique method
rcl The largest admissible number was 110 (threshold 12)
rcl    not all row cliques have been eliminated

scl Found 10 new violated cliques with the star-clique method
scl The largest star size was 109 (threshold 12)
scl Enumeration 0 times, found 0 maxl cliques
scl Greedy 27 times, found 10 maxl cliques
scl Skipped a star b/c of small solution value 166 times
scl    not all cliques have been eliminated
round 21 : cgl separated 72 cuts in 0.0200 seconds. dual limit now: 2.2851 time: 1.630
resolving relaxation ... solved in 0.240 after adding cuts of pass 21. dual limit now 2.30209


rcl Found 1371 new violated cliques with the row-clique method
rcl The largest admissible number was 109 (threshold 12)
rcl    not all row cliques have been eliminated

scl Found 10 new violated cliques with the star-clique method
scl The largest star size was 108 (threshold 12)
scl Enumeration 0 times, found 0 maxl cliques
scl Greedy 25 times, found 10 maxl cliques
scl Skipped a star b/c of small solution value 155 times
scl    not all cliques have been eliminated
round 22 : cgl separated 66 cuts in 0.0200 seconds. dual limit now: 2.30209 time: 1.890
resolving relaxation ... solved in 0.250 after adding cuts of pass 22. dual limit now 2.31349


rcl Found 1443 new violated cliques with the row-clique method
rcl The largest admissible number was 111 (threshold 12)
rcl    not all row cliques have been eliminated

scl Found 9 new violated cliques with the star-clique method
scl The largest star size was 110 (threshold 12)
scl Enumeration 0 times, found 0 maxl cliques
scl Greedy 22 times, found 9 maxl cliques
scl Skipped a star b/c of small solution value 164 times
scl    not all cliques have been eliminated
round 23 : cgl separated 63 cuts in 0.0200 seconds. dual limit now: 2.31349 time: 2.160
resolving relaxation ... solved in 0.360 after adding cuts of pass 23. dual limit now 2.32801


rcl Found 1489 new violated cliques with the row-clique method
rcl The largest admissible number was 119 (threshold 12)
rcl    not all row cliques have been eliminated

scl Found 11 new violated cliques with the star-clique method
scl The largest star size was 118 (threshold 12)
scl Enumeration 0 times, found 0 maxl cliques
scl Greedy 27 times, found 11 maxl cliques
scl Skipped a star b/c of small solution value 167 times
scl    not all cliques have been eliminated
round 24 : cgl separated 73 cuts in 0.0200 seconds. dual limit now: 2.32801 time: 2.540
resolving relaxation ... solved in 0.400 after adding cuts of pass 24. dual limit now 2.34098


rcl Found 1578 new violated cliques with the row-clique method
rcl The largest admissible number was 112 (threshold 12)
rcl    not all row cliques have been eliminated

scl Found 11 new violated cliques with the star-clique method
scl The largest star size was 112 (threshold 12)
scl Enumeration 0 times, found 0 maxl cliques
scl Greedy 25 times, found 11 maxl cliques
scl Skipped a star b/c of small solution value 152 times
scl    not all cliques have been eliminated
round 25 : cgl separated 68 cuts in 0.0200 seconds. dual limit now: 2.34098 time: 2.960
resolving relaxation ... solved in 0.470 after adding cuts of pass 25. dual limit now 2.3577


rcl Found 1779 new violated cliques with the row-clique method
rcl The largest admissible number was 115 (threshold 12)
rcl    not all row cliques have been eliminated

scl Found 11 new violated cliques with the star-clique method
scl The largest star size was 114 (threshold 12)
scl Enumeration 0 times, found 0 maxl cliques
scl Greedy 24 times, found 11 maxl cliques
scl Skipped a star b/c of small solution value 170 times
scl    not all cliques have been eliminated
round 26 : cgl separated 72 cuts in 0.0200 seconds. dual limit now: 2.3577 time: 3.450
resolving relaxation ... solved in 0.580 after adding cuts of pass 26. dual limit now 2.36859


rcl Found 2006 new violated cliques with the row-clique method
rcl The largest admissible number was 115 (threshold 12)
rcl    not all row cliques have been eliminated

scl Found 12 new violated cliques with the star-clique method
scl The largest star size was 114 (threshold 12)
scl Enumeration 1 times, found 1 maxl cliques
scl Greedy 32 times, found 11 maxl cliques
scl Skipped a star b/c of small solution value 205 times
scl    not all cliques have been eliminated
round 27 : cgl separated 77 cuts in 0.0300 seconds. dual limit now: 2.36859 time: 4.060
resolving relaxation ... solved in 0.650 after adding cuts of pass 27. dual limit now 2.38371


rcl Found 1975 new violated cliques with the row-clique method
rcl The largest admissible number was 103 (threshold 12)
rcl    not all row cliques have been eliminated

scl Found 10 new violated cliques with the star-clique method
scl The largest star size was 102 (threshold 12)
scl Enumeration 1 times, found 0 maxl cliques
scl Greedy 28 times, found 10 maxl cliques
scl Skipped a star b/c of small solution value 275 times
scl    not all cliques have been eliminated
round 28 : cgl separated 72 cuts in 0.0300 seconds. dual limit now: 2.38371 time: 4.740
resolving relaxation ... solved in 0.640 after adding cuts of pass 28. dual limit now 2.40352


rcl Found 1982 new violated cliques with the row-clique method
rcl The largest admissible number was 121 (threshold 12)
rcl    not all row cliques have been eliminated

scl Found 8 new violated cliques with the star-clique method
scl The largest star size was 120 (threshold 12)
scl Enumeration 0 times, found 0 maxl cliques
scl Greedy 25 times, found 8 maxl cliques
scl Skipped a star b/c of small solution value 327 times
scl    not all cliques have been eliminated
round 29 : cgl separated 72 cuts in 0.0300 seconds. dual limit now: 2.40352 time: 5.410
resolving relaxation ... solved in 0.690 after adding cuts of pass 29. dual limit now 2.42159


rcl Found 1903 new violated cliques with the row-clique method
rcl The largest admissible number was 121 (threshold 12)
rcl    not all row cliques have been eliminated

scl Found 8 new violated cliques with the star-clique method
scl The largest star size was 120 (threshold 12)
scl Enumeration 0 times, found 0 maxl cliques
scl Greedy 23 times, found 8 maxl cliques
scl Skipped a star b/c of small solution value 318 times
scl    not all cliques have been eliminated
round 30 : cgl separated 69 cuts in 0.0300 seconds. dual limit now: 2.42159 time: 6.130
resolving relaxation ... solved in 1.580 after adding cuts of pass 30. dual limit now 2.44083


rcl Found 2053 new violated cliques with the row-clique method
rcl The largest admissible number was 117 (threshold 12)
rcl    not all row cliques have been eliminated

scl Found 10 new violated cliques with the star-clique method
scl The largest star size was 120 (threshold 12)
scl Enumeration 2 times, found 1 maxl cliques
scl Greedy 25 times, found 9 maxl cliques
scl Skipped a star b/c of small solution value 284 times
scl    not all cliques have been eliminated
round 31 : cgl separated 79 cuts in 0.0300 seconds. dual limit now: 2.44083 time: 7.740
resolving relaxation ... solved in 2.130 after adding cuts of pass 31. dual limit now 2.47128


rcl Found 2168 new violated cliques with the row-clique method
rcl The largest admissible number was 123 (threshold 12)
rcl    not all row cliques have been eliminated

scl Found 9 new violated cliques with the star-clique method
scl The largest star size was 122 (threshold 12)
scl Enumeration 0 times, found 0 maxl cliques
scl Greedy 25 times, found 9 maxl cliques
scl Skipped a star b/c of small solution value 293 times
scl    not all cliques have been eliminated
round 32 : cgl separated 64 cuts in 0.0300 seconds. dual limit now: 2.47128 time: 9.900
resolving relaxation ... solved in 1.100 after adding cuts of pass 32. dual limit now 2.497


rcl Found 2180 new violated cliques with the row-clique method
rcl The largest admissible number was 129 (threshold 12)
rcl    not all row cliques have been eliminated

scl Found 11 new violated cliques with the star-clique method
scl The largest star size was 128 (threshold 12)
scl Enumeration 1 times, found 1 maxl cliques
scl Greedy 32 times, found 10 maxl cliques
scl Skipped a star b/c of small solution value 324 times
scl    not all cliques have been eliminated
round 33 : cgl separated 77 cuts in 0.0300 seconds. dual limit now: 2.497 time: 11.030
resolving relaxation ... solved in 1.670 after adding cuts of pass 33. dual limit now 2.52709


rcl Found 1954 new violated cliques with the row-clique method
rcl The largest admissible number was 136 (threshold 12)
rcl    not all row cliques have been eliminated

scl Found 10 new violated cliques with the star-clique method
scl The largest star size was 135 (threshold 12)
scl Enumeration 1 times, found 0 maxl cliques
scl Greedy 25 times, found 10 maxl cliques
scl Skipped a star b/c of small solution value 299 times
scl    not all cliques have been eliminated
round 34 : cgl separated 74 cuts in 0.0400 seconds. dual limit now: 2.52709 time: 12.740
resolving relaxation ... solved in 1.320 after adding cuts of pass 34. dual limit now 2.55936


rcl Found 2272 new violated cliques with the row-clique method
rcl The largest admissible number was 145 (threshold 12)
rcl    not all row cliques have been eliminated

scl Found 8 new violated cliques with the star-clique method
scl The largest star size was 144 (threshold 12)
scl Enumeration 0 times, found 0 maxl cliques
scl Greedy 25 times, found 8 maxl cliques
scl Skipped a star b/c of small solution value 346 times
scl    not all cliques have been eliminated
round 35 : cgl separated 68 cuts in 0.0300 seconds. dual limit now: 2.55936 time: 14.090
resolving relaxation ... solved in 1.580 after adding cuts of pass 35. dual limit now 2.58213


rcl Found 2154 new violated cliques with the row-clique method
rcl The largest admissible number was 143 (threshold 12)
rcl    not all row cliques have been eliminated

scl Found 12 new violated cliques with the star-clique method
scl The largest star size was 142 (threshold 12)
scl Enumeration 1 times, found 5 maxl cliques
scl Greedy 23 times, found 7 maxl cliques
scl Skipped a star b/c of small solution value 347 times
scl    not all cliques have been eliminated
round 36 : cgl separated 89 cuts in 0.0400 seconds. dual limit now: 2.58213 time: 15.710
resolving relaxation ... solved in 1.860 after adding cuts of pass 36. dual limit now 2.60242


rcl Found 2510 new violated cliques with the row-clique method
rcl The largest admissible number was 144 (threshold 12)
rcl    not all row cliques have been eliminated

scl Found 21 new violated cliques with the star-clique method
scl The largest star size was 143 (threshold 12)
scl Enumeration 2 times, found 8 maxl cliques
scl Greedy 31 times, found 13 maxl cliques
scl Skipped a star b/c of small solution value 336 times
scl    not all cliques have been eliminated
round 37 : cgl separated 77 cuts in 0.0500 seconds. dual limit now: 2.60242 time: 17.620
resolving relaxation ... solved in 2.370 after adding cuts of pass 37. dual limit now 2.64188


rcl Found 2651 new violated cliques with the row-clique method
rcl The largest admissible number was 143 (threshold 12)
rcl    not all row cliques have been eliminated

scl Found 13 new violated cliques with the star-clique method
scl The largest star size was 142 (threshold 12)
scl Enumeration 1 times, found 0 maxl cliques
scl Greedy 33 times, found 13 maxl cliques
scl Skipped a star b/c of small solution value 340 times
scl    not all cliques have been eliminated
round 38 : cgl separated 90 cuts in 0.0500 seconds. dual limit now: 2.64188 time: 20.040
resolving relaxation ... solved in 2.370 after adding cuts of pass 38. dual limit now 2.68559


rcl Found 2779 new violated cliques with the row-clique method
rcl The largest admissible number was 130 (threshold 12)
rcl    not all row cliques have been eliminated

scl Found 14 new violated cliques with the star-clique method
scl The largest star size was 129 (threshold 12)
scl Enumeration 2 times, found 1 maxl cliques
scl Greedy 29 times, found 13 maxl cliques
scl Skipped a star b/c of small solution value 251 times
scl    not all cliques have been eliminated
round 39 : cgl separated 77 cuts in 0.0400 seconds. dual limit now: 2.68559 time: 22.450
resolving relaxation ... solved in 1.650 after adding cuts of pass 39. dual limit now 2.73225


rcl Found 2624 new violated cliques with the row-clique method
rcl The largest admissible number was 125 (threshold 12)
rcl    not all row cliques have been eliminated

scl Found 8 new violated cliques with the star-clique method
scl The largest star size was 124 (threshold 12)
scl Enumeration 0 times, found 0 maxl cliques
scl Greedy 26 times, found 8 maxl cliques
scl Skipped a star b/c of small solution value 260 times
scl    not all cliques have been eliminated
round 40 : cgl separated 71 cuts in 0.0400 seconds. dual limit now: 2.73225 time: 24.140
resolving relaxation ... solved in 2.150 after adding cuts of pass 40. dual limit now 2.78984


rcl Found 2921 new violated cliques with the row-clique method
rcl The largest admissible number was 123 (threshold 12)
rcl    not all row cliques have been eliminated

scl Found 11 new violated cliques with the star-clique method
scl The largest star size was 122 (threshold 12)
scl Enumeration 1 times, found 0 maxl cliques
scl Greedy 32 times, found 11 maxl cliques
scl Skipped a star b/c of small solution value 315 times
scl    not all cliques have been eliminated
round 41 : cgl separated 85 cuts in 0.0500 seconds. dual limit now: 2.78984 time: 26.340
resolving relaxation ... solved in 2.710 after adding cuts of pass 41. dual limit now 2.84274


rcl Found 3249 new violated cliques with the row-clique method
rcl The largest admissible number was 134 (threshold 12)
rcl    not all row cliques have been eliminated

scl Found 14 new violated cliques with the star-clique method
scl The largest star size was 133 (threshold 12)
scl Enumeration 0 times, found 0 maxl cliques
scl Greedy 34 times, found 14 maxl cliques
scl Skipped a star b/c of small solution value 326 times
scl    not all cliques have been eliminated
round 42 : cgl separated 83 cuts in 0.0600 seconds. dual limit now: 2.84274 time: 29.110
resolving relaxation ... solved in 1.880 after adding cuts of pass 42. dual limit now 2.88413


rcl Found 3326 new violated cliques with the row-clique method
rcl The largest admissible number was 141 (threshold 12)
rcl    not all row cliques have been eliminated

scl Found 15 new violated cliques with the star-clique method
scl The largest star size was 140 (threshold 12)
scl Enumeration 0 times, found 0 maxl cliques
scl Greedy 34 times, found 15 maxl cliques
scl Skipped a star b/c of small solution value 308 times
scl    not all cliques have been eliminated
round 43 : cgl separated 87 cuts in 0.0600 seconds. dual limit now: 2.88413 time: 31.050
resolving relaxation ... solved in 3.170 after adding cuts of pass 43. dual limit now 2.92651


rcl Found 3247 new violated cliques with the row-clique method
rcl The largest admissible number was 138 (threshold 12)
rcl    not all row cliques have been eliminated

scl Found 13 new violated cliques with the star-clique method
scl The largest star size was 137 (threshold 12)
scl Enumeration 0 times, found 0 maxl cliques
scl Greedy 31 times, found 13 maxl cliques
scl Skipped a star b/c of small solution value 340 times
scl    not all cliques have been eliminated
round 44 : cgl separated 90 cuts in 0.0600 seconds. dual limit now: 2.92651 time: 34.280
resolving relaxation ... solved in 5.020 after adding cuts of pass 44. dual limit now 2.9687


rcl Found 2766 new violated cliques with the row-clique method
rcl The largest admissible number was 142 (threshold 12)
rcl    not all row cliques have been eliminated

scl Found 9 new violated cliques with the star-clique method
scl The largest star size was 141 (threshold 12)
scl Enumeration 4 times, found 1 maxl cliques
scl Greedy 25 times, found 8 maxl cliques
scl Skipped a star b/c of small solution value 256 times
scl    not all cliques have been eliminated
round 45 : cgl separated 72 cuts in 0.0400 seconds. dual limit now: 2.9687 time: 39.340
resolving relaxation ... solved in 3.550 after adding cuts of pass 45. dual limit now 2.99447


rcl Found 3236 new violated cliques with the row-clique method
rcl The largest admissible number was 149 (threshold 12)
rcl    not all row cliques have been eliminated

scl Found 12 new violated cliques with the star-clique method
scl The largest star size was 148 (threshold 12)
scl Enumeration 1 times, found 1 maxl cliques
scl Greedy 30 times, found 11 maxl cliques
scl Skipped a star b/c of small solution value 347 times
scl    not all cliques have been eliminated
round 46 : cgl separated 94 cuts in 0.0700 seconds. dual limit now: 2.99447 time: 42.960
resolving relaxation ... solved in 3.990 after adding cuts of pass 46. dual limit now 3.01224


rcl Found 3198 new violated cliques with the row-clique method
rcl The largest admissible number was 110 (threshold 12)
rcl    not all row cliques have been eliminated

scl Found 9 new violated cliques with the star-clique method
scl The largest star size was 110 (threshold 12)
scl Enumeration 2 times, found 1 maxl cliques
scl Greedy 15 times, found 8 maxl cliques
scl Skipped a star b/c of small solution value 277 times
scl    not all cliques have been eliminated
round 47 : cgl separated 77 cuts in 0.0500 seconds. dual limit now: 3.01224 time: 47.000
resolving relaxation ... solved in 4.340 after adding cuts of pass 47. dual limit now 3.02457


rcl Found 2944 new violated cliques with the row-clique method
rcl The largest admissible number was 126 (threshold 12)
rcl    not all row cliques have been eliminated

scl Found 15 new violated cliques with the star-clique method
scl The largest star size was 126 (threshold 12)
scl Enumeration 2 times, found 9 maxl cliques
scl Greedy 15 times, found 6 maxl cliques
scl Skipped a star b/c of small solution value 271 times
scl    not all cliques have been eliminated
round 48 : cgl separated 85 cuts in 0.0600 seconds. dual limit now: 3.02457 time: 51.400
resolving relaxation ... solved in 1.930 after adding cuts of pass 48. dual limit now 3.03614


rcl Found 3337 new violated cliques with the row-clique method
rcl The largest admissible number was 136 (threshold 12)
rcl    not all row cliques have been eliminated

scl Found 11 new violated cliques with the star-clique method
scl The largest star size was 136 (threshold 12)
scl Enumeration 1 times, found 1 maxl cliques
scl Greedy 18 times, found 10 maxl cliques
scl Skipped a star b/c of small solution value 352 times
scl    not all cliques have been eliminated
round 49 : cgl separated 92 cuts in 0.0700 seconds. dual limit now: 3.03614 time: 53.400
resolving relaxation ... solved in 3.180 after adding cuts of pass 49. dual limit now 3.05072


rcl Found 3758 new violated cliques with the row-clique method
rcl The largest admissible number was 122 (threshold 12)
rcl    not all row cliques have been eliminated

scl Found 13 new violated cliques with the star-clique method
scl The largest star size was 122 (threshold 12)
scl Enumeration 1 times, found 6 maxl cliques
scl Greedy 20 times, found 7 maxl cliques
scl Skipped a star b/c of small solution value 348 times
scl    not all cliques have been eliminated
round 50 : cgl separated 97 cuts in 0.0600 seconds. dual limit now: 3.05072 time: 56.640
resolving relaxation ... solved in 2.720 after adding cuts of pass 50. dual limit now 3.0657


rcl Found 3496 new violated cliques with the row-clique method
rcl The largest admissible number was 129 (threshold 12)
rcl    not all row cliques have been eliminated

scl Found 18 new violated cliques with the star-clique method
scl The largest star size was 132 (threshold 12)
scl Enumeration 1 times, found 10 maxl cliques
scl Greedy 23 times, found 8 maxl cliques
scl Skipped a star b/c of small solution value 373 times
scl    not all cliques have been eliminated
round 51 : cgl separated 93 cuts in 0.0800 seconds. dual limit now: 3.0657 time: 59.440
resolving relaxation ... solved in 2.140 after adding cuts of pass 51. dual limit now 3.08469


rcl Found 3485 new violated cliques with the row-clique method
rcl The largest admissible number was 130 (threshold 12)
rcl    not all row cliques have been eliminated

scl Found 16 new violated cliques with the star-clique method
scl The largest star size was 130 (threshold 12)
scl Enumeration 2 times, found 9 maxl cliques
scl Greedy 20 times, found 7 maxl cliques
scl Skipped a star b/c of small solution value 376 times
scl    not all cliques have been eliminated
round 52 : cgl separated 99 cuts in 0.0700 seconds. dual limit now: 3.08469 time: 61.650
resolving relaxation ... solved in 2.970 after adding cuts of pass 52. dual limit now 3.105


rcl Found 3648 new violated cliques with the row-clique method
rcl The largest admissible number was 138 (threshold 12)
rcl    not all row cliques have been eliminated

scl Found 11 new violated cliques with the star-clique method
scl The largest star size was 141 (threshold 12)
scl Enumeration 0 times, found 0 maxl cliques
scl Greedy 27 times, found 11 maxl cliques
scl Skipped a star b/c of small solution value 396 times
scl    not all cliques have been eliminated
round 53 : cgl separated 104 cuts in 0.0900 seconds. dual limit now: 3.105 time: 64.710
resolving relaxation ... solved in 1.950 after adding cuts of pass 53. dual limit now 3.1197


rcl Found 3817 new violated cliques with the row-clique method
rcl The largest admissible number was 134 (threshold 12)
rcl    not all row cliques have been eliminated

scl Found 8 new violated cliques with the star-clique method
scl The largest star size was 134 (threshold 12)
scl Enumeration 0 times, found 0 maxl cliques
scl Greedy 30 times, found 8 maxl cliques
scl Skipped a star b/c of small solution value 395 times
scl    not all cliques have been eliminated
round 54 : cgl separated 113 cuts in 0.0800 seconds. dual limit now: 3.1197 time: 66.740
resolving relaxation ... solved in 3.660 after adding cuts of pass 54. dual limit now 3.14681


rcl Found 3559 new violated cliques with the row-clique method
rcl The largest admissible number was 156 (threshold 12)
rcl    not all row cliques have been eliminated

scl Found 8 new violated cliques with the star-clique method
scl The largest star size was 156 (threshold 12)
scl Enumeration 0 times, found 0 maxl cliques
scl Greedy 18 times, found 8 maxl cliques
scl Skipped a star b/c of small solution value 445 times
scl    not all cliques have been eliminated
round 55 : cgl separated 101 cuts in 0.0900 seconds. dual limit now: 3.14681 time: 70.490
resolving relaxation ... solved in 2.550 after adding cuts of pass 55. dual limit now 3.17263


rcl Found 3791 new violated cliques with the row-clique method
rcl The largest admissible number was 142 (threshold 12)
rcl    not all row cliques have been eliminated

scl Found 10 new violated cliques with the star-clique method
scl The largest star size was 142 (threshold 12)
scl Enumeration 0 times, found 0 maxl cliques
scl Greedy 22 times, found 10 maxl cliques
scl Skipped a star b/c of small solution value 455 times
scl    not all cliques have been eliminated
round 56 : cgl separated 117 cuts in 0.1000 seconds. dual limit now: 3.17263 time: 73.140
resolving relaxation ... solved in 3.740 after adding cuts of pass 56. dual limit now 3.19274


rcl Found 4161 new violated cliques with the row-clique method
rcl The largest admissible number was 161 (threshold 12)
rcl    not all row cliques have been eliminated

scl Found 10 new violated cliques with the star-clique method
scl The largest star size was 161 (threshold 12)
scl Enumeration 0 times, found 0 maxl cliques
scl Greedy 25 times, found 10 maxl cliques
scl Skipped a star b/c of small solution value 433 times
scl    not all cliques have been eliminated
round 57 : cgl separated 126 cuts in 0.1000 seconds. dual limit now: 3.19274 time: 76.980
resolving relaxation ... solved in 5.780 after adding cuts of pass 57. dual limit now 3.23118


rcl Found 4343 new violated cliques with the row-clique method
rcl The largest admissible number was 165 (threshold 12)
rcl    not all row cliques have been eliminated

scl Found 9 new violated cliques with the star-clique method
scl The largest star size was 165 (threshold 12)
scl Enumeration 0 times, found 0 maxl cliques
scl Greedy 23 times, found 9 maxl cliques
scl Skipped a star b/c of small solution value 419 times
scl    not all cliques have been eliminated
round 58 : cgl separated 113 cuts in 0.1100 seconds. dual limit now: 3.23118 time: 82.870
resolving relaxation ... solved in 3.260 after adding cuts of pass 58. dual limit now 3.26601


rcl Found 4283 new violated cliques with the row-clique method
rcl The largest admissible number was 157 (threshold 12)
rcl    not all row cliques have been eliminated

scl Found 8 new violated cliques with the star-clique method
scl The largest star size was 157 (threshold 12)
scl Enumeration 1 times, found 0 maxl cliques
scl Greedy 21 times, found 8 maxl cliques
scl Skipped a star b/c of small solution value 456 times
scl    not all cliques have been eliminated
round 59 : cgl separated 116 cuts in 0.1200 seconds. dual limit now: 3.26601 time: 86.250
resolving relaxation ... solved in 12.820 after adding cuts of pass 59. dual limit now 3.29981


rcl Found 4481 new violated cliques with the row-clique method
rcl The largest admissible number was 154 (threshold 12)
rcl    not all row cliques have been eliminated

scl Found 9 new violated cliques with the star-clique method
scl The largest star size was 153 (threshold 12)
scl Enumeration 1 times, found 0 maxl cliques
scl Greedy 21 times, found 9 maxl cliques
scl Skipped a star b/c of small solution value 407 times
scl    not all cliques have been eliminated
round 60 : cgl separated 108 cuts in 0.1100 seconds. dual limit now: 3.29981 time: 99.180
resolving relaxation ... solved in 3.270 after adding cuts of pass 60. dual limit now 3.3357


rcl Found 4544 new violated cliques with the row-clique method
rcl The largest admissible number was 149 (threshold 12)
rcl    not all row cliques have been eliminated

scl Found 9 new violated cliques with the star-clique method
scl The largest star size was 152 (threshold 12)
scl Enumeration 0 times, found 0 maxl cliques
scl Greedy 24 times, found 9 maxl cliques
scl Skipped a star b/c of small solution value 428 times
scl    not all cliques have been eliminated
round 61 : cgl separated 119 cuts in 0.1100 seconds. dual limit now: 3.3357 time: 102.560
resolving relaxation ... solved in 3.740 after adding cuts of pass 61. dual limit now 3.37067


rcl Found 4851 new violated cliques with the row-clique method
rcl The largest admissible number was 158 (threshold 12)
rcl    not all row cliques have been eliminated

scl Found 8 new violated cliques with the star-clique method
scl The largest star size was 171 (threshold 12)
scl Enumeration 0 times, found 0 maxl cliques
scl Greedy 26 times, found 8 maxl cliques
scl Skipped a star b/c of small solution value 465 times
scl    not all cliques have been eliminated
round 62 : cgl separated 140 cuts in 0.1400 seconds. dual limit now: 3.37067 time: 106.440
resolving relaxation ... solved in 8.230 after adding cuts of pass 62. dual limit now 3.40034


rcl Found 4647 new violated cliques with the row-clique method
rcl The largest admissible number was 157 (threshold 12)
rcl    not all row cliques have been eliminated

scl Found 11 new violated cliques with the star-clique method
scl The largest star size was 156 (threshold 12)
scl Enumeration 0 times, found 0 maxl cliques
scl Greedy 25 times, found 11 maxl cliques
scl Skipped a star b/c of small solution value 378 times
scl    not all cliques have been eliminated
round 63 : cgl separated 122 cuts in 0.1200 seconds. dual limit now: 3.40034 time: 114.790
resolving relaxation ... solved in 7.840 after adding cuts of pass 63. dual limit now 3.43107


rcl Found 4991 new violated cliques with the row-clique method
rcl The largest admissible number was 174 (threshold 12)
rcl    not all row cliques have been eliminated

scl Found 11 new violated cliques with the star-clique method
scl The largest star size was 173 (threshold 12)
scl Enumeration 0 times, found 0 maxl cliques
scl Greedy 27 times, found 11 maxl cliques
scl Skipped a star b/c of small solution value 456 times
scl    not all cliques have been eliminated
round 64 : cgl separated 137 cuts in 0.1500 seconds. dual limit now: 3.43107 time: 122.780
resolving relaxation ... solved in 12.090 after adding cuts of pass 64. dual limit now 3.46243


rcl Found 4979 new violated cliques with the row-clique method
rcl The largest admissible number was 185 (threshold 12)
rcl    not all row cliques have been eliminated

scl Found 12 new violated cliques with the star-clique method
scl The largest star size was 184 (threshold 12)
scl Enumeration 0 times, found 0 maxl cliques
scl Greedy 30 times, found 12 maxl cliques
scl Skipped a star b/c of small solution value 441 times
scl    not all cliques have been eliminated
round 65 : cgl separated 127 cuts in 0.1500 seconds. dual limit now: 3.46243 time: 135.020
resolving relaxation ... solved in 14.380 after adding cuts of pass 65. dual limit now 3.50359


rcl Found 5062 new violated cliques with the row-clique method
rcl The largest admissible number was 164 (threshold 12)
rcl    not all row cliques have been eliminated

scl Found 9 new violated cliques with the star-clique method
scl The largest star size was 167 (threshold 12)
scl Enumeration 1 times, found 1 maxl cliques
scl Greedy 24 times, found 8 maxl cliques
scl Skipped a star b/c of small solution value 433 times
scl    not all cliques have been eliminated
round 66 : cgl separated 127 cuts in 0.1400 seconds. dual limit now: 3.50359 time: 149.540
resolving relaxation ... solved in 11.880 after adding cuts of pass 66. dual limit now 3.5407


rcl Found 5343 new violated cliques with the row-clique method
rcl The largest admissible number was 163 (threshold 12)
rcl    not all row cliques have been eliminated

scl Found 10 new violated cliques with the star-clique method
scl The largest star size was 181 (threshold 12)
scl Enumeration 0 times, found 0 maxl cliques
scl Greedy 25 times, found 10 maxl cliques
scl Skipped a star b/c of small solution value 431 times
scl    not all cliques have been eliminated
round 67 : cgl separated 131 cuts in 0.1500 seconds. dual limit now: 3.5407 time: 161.570
resolving relaxation ... solved in 15.620 after adding cuts of pass 67. dual limit now 3.57969


rcl Found 5180 new violated cliques with the row-clique method
rcl The largest admissible number was 171 (threshold 12)
rcl    not all row cliques have been eliminated

scl Found 9 new violated cliques with the star-clique method
scl The largest star size was 171 (threshold 12)
scl Enumeration 1 times, found 1 maxl cliques
scl Greedy 21 times, found 8 maxl cliques
scl Skipped a star b/c of small solution value 437 times
scl    not all cliques have been eliminated
round 68 : cgl separated 114 cuts in 0.1500 seconds. dual limit now: 3.57969 time: 177.340
resolving relaxation ... solved in 16.680 after adding cuts of pass 68. dual limit now 3.61778


rcl Found 5598 new violated cliques with the row-clique method
rcl The largest admissible number was 179 (threshold 12)
rcl    not all row cliques have been eliminated

scl Found 10 new violated cliques with the star-clique method
scl The largest star size was 182 (threshold 12)
scl Enumeration 1 times, found 1 maxl cliques
scl Greedy 24 times, found 9 maxl cliques
scl Skipped a star b/c of small solution value 430 times
scl    not all cliques have been eliminated
round 69 : cgl separated 124 cuts in 0.1600 seconds. dual limit now: 3.61778 time: 194.180
resolving relaxation ... solved in 11.200 after adding cuts of pass 69. dual limit now 3.65769


rcl Found 5534 new violated cliques with the row-clique method
rcl The largest admissible number was 159 (threshold 12)
rcl    not all row cliques have been eliminated

scl Found 9 new violated cliques with the star-clique method
scl The largest star size was 178 (threshold 12)
scl Enumeration 1 times, found 1 maxl cliques
scl Greedy 27 times, found 8 maxl cliques
scl Skipped a star b/c of small solution value 468 times
scl    not all cliques have been eliminated
round 70 : cgl separated 144 cuts in 0.1800 seconds. dual limit now: 3.65769 time: 205.560
resolving relaxation ... solved in 18.050 after adding cuts of pass 70. dual limit now 3.71733


rcl Found 5593 new violated cliques with the row-clique method
rcl The largest admissible number was 165 (threshold 12)
rcl    not all row cliques have been eliminated

scl Found 11 new violated cliques with the star-clique method
scl The largest star size was 164 (threshold 12)
scl Enumeration 0 times, found 0 maxl cliques
scl Greedy 27 times, found 11 maxl cliques
scl Skipped a star b/c of small solution value 465 times
scl    not all cliques have been eliminated
round 71 : cgl separated 130 cuts in 0.1600 seconds. dual limit now: 3.71733 time: 223.770
resolving relaxation ... solved in 21.760 after adding cuts of pass 71. dual limit now 3.76556


rcl Found 5680 new violated cliques with the row-clique method
rcl The largest admissible number was 175 (threshold 12)
rcl    not all row cliques have been eliminated

scl Found 10 new violated cliques with the star-clique method
scl The largest star size was 175 (threshold 12)
scl Enumeration 1 times, found 1 maxl cliques
scl Greedy 23 times, found 9 maxl cliques
scl Skipped a star b/c of small solution value 427 times
scl    not all cliques have been eliminated
round 72 : cgl separated 130 cuts in 0.1600 seconds. dual limit now: 3.76556 time: 245.690
resolving relaxation ... solved in 18.390 after adding cuts of pass 72. dual limit now 3.81047


rcl Found 6191 new violated cliques with the row-clique method
rcl The largest admissible number was 149 (threshold 12)
rcl    not all row cliques have been eliminated

scl Found 14 new violated cliques with the star-clique method
scl The largest star size was 166 (threshold 12)
scl Enumeration 0 times, found 0 maxl cliques
scl Greedy 28 times, found 14 maxl cliques
scl Skipped a star b/c of small solution value 500 times
scl    not all cliques have been eliminated
round 73 : cgl separated 137 cuts in 0.1700 seconds. dual limit now: 3.81047 time: 264.250
resolving relaxation ... solved in 13.680 after adding cuts of pass 73. dual limit now 3.84646


rcl Found 6038 new violated cliques with the row-clique method
rcl The largest admissible number was 184 (threshold 12)
rcl    not all row cliques have been eliminated

scl Found 9 new violated cliques with the star-clique method
scl The largest star size was 183 (threshold 12)
scl Enumeration 0 times, found 0 maxl cliques
scl Greedy 28 times, found 9 maxl cliques
scl Skipped a star b/c of small solution value 544 times
scl    not all cliques have been eliminated
round 74 : cgl separated 141 cuts in 0.2100 seconds. dual limit now: 3.84646 time: 278.140
resolving relaxation ... solved in 23.200 after adding cuts of pass 74. dual limit now 3.89851


rcl Found 5999 new violated cliques with the row-clique method
rcl The largest admissible number was 96 (threshold 12)
rcl    not all row cliques have been eliminated

scl Found 11 new violated cliques with the star-clique method
scl The largest star size was 177 (threshold 12)
scl Enumeration 0 times, found 0 maxl cliques
scl Greedy 28 times, found 11 maxl cliques
scl Skipped a star b/c of small solution value 462 times
scl    not all cliques have been eliminated
round 75 : cgl separated 160 cuts in 0.2000 seconds. dual limit now: 3.89851 time: 301.540
resolving relaxation ... solved in 32.530 after adding cuts of pass 75. dual limit now 3.95886


rcl Found 6777 new violated cliques with the row-clique method
rcl The largest admissible number was 178 (threshold 12)
rcl    not all row cliques have been eliminated

scl Found 11 new violated cliques with the star-clique method
scl The largest star size was 177 (threshold 12)
scl Enumeration 1 times, found 1 maxl cliques
scl Greedy 27 times, found 10 maxl cliques
scl Skipped a star b/c of small solution value 412 times
scl    not all cliques have been eliminated
round 76 : cgl separated 133 cuts in 0.1900 seconds. dual limit now: 3.95886 time: 334.260
resolving relaxation ... solved in 40.310 after adding cuts of pass 76. dual limit now 4.00895


rcl Found 6558 new violated cliques with the row-clique method
rcl The largest admissible number was 183 (threshold 12)
rcl    not all row cliques have been eliminated

scl Found 12 new violated cliques with the star-clique method
scl The largest star size was 182 (threshold 12)
scl Enumeration 1 times, found 1 maxl cliques
scl Greedy 31 times, found 11 maxl cliques
scl Skipped a star b/c of small solution value 436 times
scl    not all cliques have been eliminated
round 77 : cgl separated 130 cuts in 0.2000 seconds. dual limit now: 4.00895 time: 374.770
resolving relaxation ... solved in 13.850 after adding cuts of pass 77. dual limit now 4.04638


rcl Found 6734 new violated cliques with the row-clique method
rcl The largest admissible number was 174 (threshold 12)
rcl    not all row cliques have been eliminated

scl Found 12 new violated cliques with the star-clique method
scl The largest star size was 173 (threshold 12)
scl Enumeration 0 times, found 0 maxl cliques
scl Greedy 25 times, found 12 maxl cliques
scl Skipped a star b/c of small solution value 487 times
scl    not all cliques have been eliminated
round 78 : cgl separated 140 cuts in 0.2000 seconds. dual limit now: 4.04638 time: 388.820
resolving relaxation ... solved in 30.240 after adding cuts of pass 78. dual limit now 4.07766


rcl Found 6876 new violated cliques with the row-clique method
rcl The largest admissible number was 190 (threshold 12)
rcl    not all row cliques have been eliminated

scl Found 14 new violated cliques with the star-clique method
scl The largest star size was 189 (threshold 12)
scl Enumeration 0 times, found 0 maxl cliques
scl Greedy 38 times, found 14 maxl cliques
scl Skipped a star b/c of small solution value 531 times
scl    not all cliques have been eliminated
round 79 : cgl separated 160 cuts in 0.2400 seconds. dual limit now: 4.07766 time: 419.300
resolving relaxation ... solved in 29.530 after adding cuts of pass 79. dual limit now 4.10156


rcl Found 7000 new violated cliques with the row-clique method
rcl The largest admissible number was 158 (threshold 12)
rcl    not all row cliques have been eliminated

scl Found 11 new violated cliques with the star-clique method
scl The largest star size was 211 (threshold 12)
scl Enumeration 1 times, found 0 maxl cliques
scl Greedy 27 times, found 11 maxl cliques
scl Skipped a star b/c of small solution value 535 times
scl    not all cliques have been eliminated
round 80 : cgl separated 165 cuts in 0.2600 seconds. dual limit now: 4.10156 time: 449.090
resolving relaxation ... solved in 29.450 after adding cuts of pass 80. dual limit now 4.13609


rcl Found 7069 new violated cliques with the row-clique method
rcl The largest admissible number was 179 (threshold 12)
rcl    not all row cliques have been eliminated

scl Found 9 new violated cliques with the star-clique method
scl The largest star size was 192 (threshold 12)
scl Enumeration 0 times, found 0 maxl cliques
scl Greedy 26 times, found 9 maxl cliques
scl Skipped a star b/c of small solution value 479 times
scl    not all cliques have been eliminated
round 81 : cgl separated 144 cuts in 0.2300 seconds. dual limit now: 4.13609 time: 478.770
resolving relaxation ... solved in 47.400 after adding cuts of pass 81. dual limit now 4.16833


rcl Found 7314 new violated cliques with the row-clique method
rcl The largest admissible number was 207 (threshold 12)
rcl    not all row cliques have been eliminated

scl Found 11 new violated cliques with the star-clique method
scl The largest star size was 206 (threshold 12)
scl Enumeration 0 times, found 0 maxl cliques
scl Greedy 31 times, found 11 maxl cliques
scl Skipped a star b/c of small solution value 584 times
scl    not all cliques have been eliminated
time limit reached. discarding cuts.
round 82 : cgl separated 0 cuts in 0.2900 seconds. dual limit now: 4.16833 time: 526.460

End of root node relaxation. Dual limit: 4.16833 time: 526.460 
