using at max 0 two mir passes.
using at max 0 gomory passes.
Using COIN CGL separation.
Coin0008I ns1758913 read with 0 errors
cbcroot: root node relaxation and clique cuts

loaded ns1758913 
	17956 variables (17822 integer) 624166 rows

osi_cgraph took 0.710 seconds.
Clique Separation Parameters:
	max depth         : 3
	max passes        : 9999
	minimum violation : 0.0200
	minimum frac. val : 0.0010
	extend cliques    : 0
	enum max. degree  : 10
	verbose           : 1
	maximum time bk   : 20
solving relaxation ... Initial dual bound -1501.18
solved in 40.910

rcl Found 60772 new violated cliques with the row-clique method
rcl The largest admissible number was 9 (threshold 12)
rcl    all row cliques have been enumerated

scl Found 168 new violated cliques with the star-clique method
scl The largest star size was 9 (threshold 12)
scl Enumeration 100 times, found 168 maxl cliques
scl Greedy 0 times, found 0 maxl cliques
scl Skipped a star b/c of small solution value 186 times
scl    all cliques have been enumerated
round 1 : cgl separated 147 cuts in 0.2200 seconds. dual limit now: -1501.18 time: 41.130
resolving relaxation ... solved in 149.390 after adding cuts of pass 1. dual limit now -1486.7


rcl Found 103204 new violated cliques with the row-clique method
rcl The largest admissible number was 11 (threshold 12)
rcl    all row cliques have been enumerated

scl Found 192 new violated cliques with the star-clique method
scl The largest star size was 10 (threshold 12)
scl Enumeration 107 times, found 192 maxl cliques
scl Greedy 0 times, found 0 maxl cliques
scl Skipped a star b/c of small solution value 270 times
scl    all cliques have been enumerated
round 2 : cgl separated 169 cuts in 0.2800 seconds. dual limit now: -1486.7 time: 190.800
resolving relaxation ... solved in 101.530 after adding cuts of pass 2. dual limit now -1486.2


rcl Found 83445 new violated cliques with the row-clique method
rcl The largest admissible number was 13 (threshold 12)
rcl    not all row cliques have been eliminated

scl Found 159 new violated cliques with the star-clique method
scl The largest star size was 12 (threshold 12)
scl Enumeration 103 times, found 157 maxl cliques
scl Greedy 3 times, found 2 maxl cliques
scl Skipped a star b/c of small solution value 308 times
scl    not all cliques have been eliminated
round 3 : cgl separated 153 cuts in 0.2400 seconds. dual limit now: -1486.2 time: 292.570
resolving relaxation ... solved in 147.810 after adding cuts of pass 3. dual limit now -1486.2


rcl Found 88160 new violated cliques with the row-clique method
rcl The largest admissible number was 18 (threshold 12)
rcl    not all row cliques have been eliminated

scl Found 140 new violated cliques with the star-clique method
scl The largest star size was 17 (threshold 12)
scl Enumeration 79 times, found 128 maxl cliques
scl Greedy 16 times, found 12 maxl cliques
scl Skipped a star b/c of small solution value 442 times
scl    not all cliques have been eliminated
round 4 : cgl separated 161 cuts in 0.3100 seconds. dual limit now: -1486.2 time: 440.690
resolving relaxation ... solved in 85.140 after adding cuts of pass 4. dual limit now -1486.2


rcl Found 68887 new violated cliques with the row-clique method
rcl The largest admissible number was 12 (threshold 12)
rcl    not all row cliques have been eliminated

scl Found 138 new violated cliques with the star-clique method
scl The largest star size was 12 (threshold 12)
scl Enumeration 89 times, found 137 maxl cliques
scl Greedy 1 times, found 1 maxl cliques
scl Skipped a star b/c of small solution value 295 times
scl    not all cliques have been eliminated
time limit reached. discarding cuts.
round 5 : cgl separated 0 cuts in 0.2200 seconds. dual limit now: -1486.2 time: 526.050

End of root node relaxation. Dual limit: -1486.2 time: 526.050 
