using at max 0 two mir passes.
using at max 0 gomory passes.
Using COIN CGL separation.
Coin0008I pw-myciel4 read with 0 errors
cbcroot: root node relaxation and clique cuts

loaded pw-myciel4 
	1059 variables (1059 integer) 8164 rows

osi_cgraph took 0.000 seconds.
Clique Separation Parameters:
	max depth         : 3
	max passes        : 9999
	minimum violation : 0.0200
	minimum frac. val : 0.0010
	extend cliques    : 0
	enum max. degree  : 10
	verbose           : 1
	maximum time bk   : 20
solving relaxation ... Initial dual bound 0
solved in 0.220

rcl Found 1830 new violated cliques with the row-clique method
rcl The largest admissible number was 41 (threshold 12)
rcl    not all row cliques have been eliminated

scl Found 257 new violated cliques with the star-clique method
scl The largest star size was 27 (threshold 12)
scl Enumeration 256 times, found 256 maxl cliques
scl Greedy 108 times, found 1 maxl cliques
scl Skipped a star b/c of small solution value 201 times
scl    not all cliques have been eliminated
round 1 : cgl separated 258 cuts in 0.0100 seconds. dual limit now: 0 time: 0.230
resolving relaxation ... solved in 1.070 after adding cuts of pass 1. dual limit now 4


rcl Found 758 new violated cliques with the row-clique method
rcl The largest admissible number was 26 (threshold 12)
rcl    not all row cliques have been eliminated

scl Found 83 new violated cliques with the star-clique method
scl The largest star size was 18 (threshold 12)
scl Enumeration 103 times, found 83 maxl cliques
scl Greedy 24 times, found 0 maxl cliques
scl Skipped a star b/c of small solution value 203 times
scl    not all cliques have been eliminated
round 2 : cgl separated 83 cuts in 0.0100 seconds. dual limit now: 4 time: 1.310
resolving relaxation ... solved in 0.690 after adding cuts of pass 2. dual limit now 4


rcl Found 578 new violated cliques with the row-clique method
rcl The largest admissible number was 33 (threshold 12)
rcl    not all row cliques have been eliminated

scl Found 51 new violated cliques with the star-clique method
scl The largest star size was 22 (threshold 12)
scl Enumeration 67 times, found 51 maxl cliques
scl Greedy 24 times, found 0 maxl cliques
scl Skipped a star b/c of small solution value 289 times
scl    not all cliques have been eliminated
round 3 : cgl separated 51 cuts in 0.0100 seconds. dual limit now: 4 time: 2.010
resolving relaxation ... solved in 0.370 after adding cuts of pass 3. dual limit now 4


rcl Found 463 new violated cliques with the row-clique method
rcl The largest admissible number was 32 (threshold 12)
rcl    not all row cliques have been eliminated

scl Found 44 new violated cliques with the star-clique method
scl The largest star size was 23 (threshold 12)
scl Enumeration 55 times, found 44 maxl cliques
scl Greedy 35 times, found 0 maxl cliques
scl Skipped a star b/c of small solution value 318 times
scl    not all cliques have been eliminated
round 4 : cgl separated 44 cuts in 0.0100 seconds. dual limit now: 4 time: 2.390
resolving relaxation ... solved in 0.200 after adding cuts of pass 4. dual limit now 4


rcl Found 454 new violated cliques with the row-clique method
rcl The largest admissible number was 32 (threshold 12)
rcl    not all row cliques have been eliminated

scl Found 36 new violated cliques with the star-clique method
scl The largest star size was 23 (threshold 12)
scl Enumeration 49 times, found 36 maxl cliques
scl Greedy 31 times, found 0 maxl cliques
scl Skipped a star b/c of small solution value 316 times
scl    not all cliques have been eliminated
round 5 : cgl separated 36 cuts in 0.0100 seconds. dual limit now: 4 time: 2.600
resolving relaxation ... solved in 0.180 after adding cuts of pass 5. dual limit now 4


rcl Found 370 new violated cliques with the row-clique method
rcl The largest admissible number was 38 (threshold 12)
rcl    not all row cliques have been eliminated

scl Found 32 new violated cliques with the star-clique method
scl The largest star size was 23 (threshold 12)
scl Enumeration 39 times, found 32 maxl cliques
scl Greedy 38 times, found 0 maxl cliques
scl Skipped a star b/c of small solution value 335 times
scl    not all cliques have been eliminated
round 6 : cgl separated 32 cuts in 0.0100 seconds. dual limit now: 4 time: 2.790
resolving relaxation ... solved in 0.110 after adding cuts of pass 6. dual limit now 4


rcl Found 182 new violated cliques with the row-clique method
rcl The largest admissible number was 37 (threshold 12)
rcl    not all row cliques have been eliminated

scl Found 12 new violated cliques with the star-clique method
scl The largest star size was 22 (threshold 12)
scl Enumeration 25 times, found 12 maxl cliques
scl Greedy 33 times, found 0 maxl cliques
scl Skipped a star b/c of small solution value 354 times
scl    not all cliques have been eliminated
round 7 : cgl separated 12 cuts in 0.0100 seconds. dual limit now: 4 time: 2.910
resolving relaxation ... solved in 0.100 after adding cuts of pass 7. dual limit now 4


rcl Found 237 new violated cliques with the row-clique method
rcl The largest admissible number was 34 (threshold 12)
rcl    not all row cliques have been eliminated

scl Found 19 new violated cliques with the star-clique method
scl The largest star size was 23 (threshold 12)
scl Enumeration 30 times, found 19 maxl cliques
scl Greedy 34 times, found 0 maxl cliques
scl Skipped a star b/c of small solution value 336 times
scl    not all cliques have been eliminated
round 8 : cgl separated 19 cuts in 0.0100 seconds. dual limit now: 4 time: 3.020
resolving relaxation ... solved in 0.170 after adding cuts of pass 8. dual limit now 4


rcl Found 341 new violated cliques with the row-clique method
rcl The largest admissible number was 33 (threshold 12)
rcl    not all row cliques have been eliminated

scl Found 22 new violated cliques with the star-clique method
scl The largest star size was 23 (threshold 12)
scl Enumeration 33 times, found 22 maxl cliques
scl Greedy 38 times, found 0 maxl cliques
scl Skipped a star b/c of small solution value 338 times
scl    not all cliques have been eliminated
round 9 : cgl separated 22 cuts in 0.0100 seconds. dual limit now: 4 time: 3.200
resolving relaxation ... solved in 0.130 after adding cuts of pass 9. dual limit now 4


rcl Found 272 new violated cliques with the row-clique method
rcl The largest admissible number was 35 (threshold 12)
rcl    not all row cliques have been eliminated

scl Found 20 new violated cliques with the star-clique method
scl The largest star size was 24 (threshold 12)
scl Enumeration 30 times, found 20 maxl cliques
scl Greedy 35 times, found 0 maxl cliques
scl Skipped a star b/c of small solution value 339 times
scl    not all cliques have been eliminated
round 10 : cgl separated 20 cuts in 0.0100 seconds. dual limit now: 4 time: 3.340
resolving relaxation ... solved in 0.310 after adding cuts of pass 10. dual limit now 4


rcl Found 301 new violated cliques with the row-clique method
rcl The largest admissible number was 37 (threshold 12)
rcl    not all row cliques have been eliminated

scl Found 20 new violated cliques with the star-clique method
scl The largest star size was 25 (threshold 12)
scl Enumeration 29 times, found 20 maxl cliques
scl Greedy 33 times, found 0 maxl cliques
scl Skipped a star b/c of small solution value 339 times
scl    not all cliques have been eliminated
round 11 : cgl separated 20 cuts in 0.0100 seconds. dual limit now: 4 time: 3.660
resolving relaxation ... solved in 0.190 after adding cuts of pass 11. dual limit now 4


rcl Found 398 new violated cliques with the row-clique method
rcl The largest admissible number was 37 (threshold 12)
rcl    not all row cliques have been eliminated

scl Found 34 new violated cliques with the star-clique method
scl The largest star size was 23 (threshold 12)
scl Enumeration 41 times, found 34 maxl cliques
scl Greedy 39 times, found 0 maxl cliques
scl Skipped a star b/c of small solution value 333 times
scl    not all cliques have been eliminated
round 12 : cgl separated 34 cuts in 0.0100 seconds. dual limit now: 4 time: 3.860
resolving relaxation ... solved in 0.150 after adding cuts of pass 12. dual limit now 4


rcl Found 253 new violated cliques with the row-clique method
rcl The largest admissible number was 35 (threshold 12)
rcl    not all row cliques have been eliminated

scl Found 18 new violated cliques with the star-clique method
scl The largest star size was 24 (threshold 12)
scl Enumeration 27 times, found 18 maxl cliques
scl Greedy 32 times, found 0 maxl cliques
scl Skipped a star b/c of small solution value 345 times
scl    not all cliques have been eliminated
round 13 : cgl separated 18 cuts in 0.0100 seconds. dual limit now: 4 time: 4.020
resolving relaxation ... solved in 0.130 after adding cuts of pass 13. dual limit now 4


rcl Found 227 new violated cliques with the row-clique method
rcl The largest admissible number was 40 (threshold 12)
rcl    not all row cliques have been eliminated

scl Found 15 new violated cliques with the star-clique method
scl The largest star size was 24 (threshold 12)
scl Enumeration 24 times, found 15 maxl cliques
scl Greedy 33 times, found 0 maxl cliques
scl Skipped a star b/c of small solution value 357 times
scl    not all cliques have been eliminated
round 14 : cgl separated 15 cuts in 0.0100 seconds. dual limit now: 4 time: 4.160
resolving relaxation ... solved in 0.100 after adding cuts of pass 14. dual limit now 4


rcl Found 267 new violated cliques with the row-clique method
rcl The largest admissible number was 40 (threshold 12)
rcl    not all row cliques have been eliminated

scl Found 17 new violated cliques with the star-clique method
scl The largest star size was 26 (threshold 12)
scl Enumeration 24 times, found 17 maxl cliques
scl Greedy 37 times, found 0 maxl cliques
scl Skipped a star b/c of small solution value 360 times
scl    not all cliques have been eliminated
round 15 : cgl separated 17 cuts in 0.0100 seconds. dual limit now: 4 time: 4.270
resolving relaxation ... solved in 0.060 after adding cuts of pass 15. dual limit now 4


rcl Found 195 new violated cliques with the row-clique method
rcl The largest admissible number was 37 (threshold 12)
rcl    not all row cliques have been eliminated

scl Found 11 new violated cliques with the star-clique method
scl The largest star size was 26 (threshold 12)
scl Enumeration 20 times, found 11 maxl cliques
scl Greedy 33 times, found 0 maxl cliques
scl Skipped a star b/c of small solution value 366 times
scl    not all cliques have been eliminated
round 16 : cgl separated 11 cuts in 0.0100 seconds. dual limit now: 4 time: 4.340
resolving relaxation ... solved in 0.340 after adding cuts of pass 16. dual limit now 4


rcl Found 332 new violated cliques with the row-clique method
rcl The largest admissible number was 37 (threshold 12)
rcl    not all row cliques have been eliminated

scl Found 14 new violated cliques with the star-clique method
scl The largest star size was 23 (threshold 12)
scl Enumeration 24 times, found 14 maxl cliques
scl Greedy 38 times, found 0 maxl cliques
scl Skipped a star b/c of small solution value 334 times
scl    not all cliques have been eliminated
round 17 : cgl separated 14 cuts in 0.0100 seconds. dual limit now: 4 time: 4.690
resolving relaxation ... solved in 0.130 after adding cuts of pass 17. dual limit now 4


rcl Found 303 new violated cliques with the row-clique method
rcl The largest admissible number was 38 (threshold 12)
rcl    not all row cliques have been eliminated

scl Found 17 new violated cliques with the star-clique method
scl The largest star size was 22 (threshold 12)
scl Enumeration 27 times, found 17 maxl cliques
scl Greedy 38 times, found 0 maxl cliques
scl Skipped a star b/c of small solution value 338 times
scl    not all cliques have been eliminated
round 18 : cgl separated 17 cuts in 0.0100 seconds. dual limit now: 4 time: 4.830
resolving relaxation ... solved in 0.180 after adding cuts of pass 18. dual limit now 4


rcl Found 321 new violated cliques with the row-clique method
rcl The largest admissible number was 35 (threshold 12)
rcl    not all row cliques have been eliminated

scl Found 15 new violated cliques with the star-clique method
scl The largest star size was 24 (threshold 12)
scl Enumeration 27 times, found 15 maxl cliques
scl Greedy 39 times, found 0 maxl cliques
scl Skipped a star b/c of small solution value 330 times
scl    not all cliques have been eliminated
round 19 : cgl separated 15 cuts in 0.0100 seconds. dual limit now: 4 time: 5.020
resolving relaxation ... solved in 0.120 after adding cuts of pass 19. dual limit now 4


rcl Found 218 new violated cliques with the row-clique method
rcl The largest admissible number was 37 (threshold 12)
rcl    not all row cliques have been eliminated

scl Found 16 new violated cliques with the star-clique method
scl The largest star size was 27 (threshold 12)
scl Enumeration 25 times, found 16 maxl cliques
scl Greedy 44 times, found 0 maxl cliques
scl Skipped a star b/c of small solution value 355 times
scl    not all cliques have been eliminated
round 20 : cgl separated 16 cuts in 0.0200 seconds. dual limit now: 4 time: 5.160
resolving relaxation ... solved in 0.370 after adding cuts of pass 20. dual limit now 4


rcl Found 156 new violated cliques with the row-clique method
rcl The largest admissible number was 36 (threshold 12)
rcl    not all row cliques have been eliminated

scl Found 10 new violated cliques with the star-clique method
scl The largest star size was 22 (threshold 12)
scl Enumeration 24 times, found 10 maxl cliques
scl Greedy 32 times, found 0 maxl cliques
scl Skipped a star b/c of small solution value 337 times
scl    not all cliques have been eliminated
round 21 : cgl separated 10 cuts in 0.0100 seconds. dual limit now: 4 time: 5.540
resolving relaxation ... solved in 0.110 after adding cuts of pass 21. dual limit now 4


rcl Found 148 new violated cliques with the row-clique method
rcl The largest admissible number was 37 (threshold 12)
rcl    not all row cliques have been eliminated

scl Found 8 new violated cliques with the star-clique method
scl The largest star size was 24 (threshold 12)
scl Enumeration 19 times, found 8 maxl cliques
scl Greedy 36 times, found 0 maxl cliques
scl Skipped a star b/c of small solution value 344 times
scl    not all cliques have been eliminated
round 22 : cgl separated 8 cuts in 0.0100 seconds. dual limit now: 4 time: 5.660
resolving relaxation ... solved in 0.040 after adding cuts of pass 22. dual limit now 4


rcl Found 106 new violated cliques with the row-clique method
rcl The largest admissible number was 40 (threshold 12)
rcl    not all row cliques have been eliminated

scl Found 4 new violated cliques with the star-clique method
scl The largest star size was 27 (threshold 12)
scl Enumeration 14 times, found 4 maxl cliques
scl Greedy 38 times, found 0 maxl cliques
scl Skipped a star b/c of small solution value 350 times
scl    not all cliques have been eliminated
round 23 : cgl separated 4 cuts in 0.0100 seconds. dual limit now: 4 time: 5.710
resolving relaxation ... solved in 0.030 after adding cuts of pass 23. dual limit now 4


rcl Found 109 new violated cliques with the row-clique method
rcl The largest admissible number was 40 (threshold 12)
rcl    not all row cliques have been eliminated

scl Found 4 new violated cliques with the star-clique method
scl The largest star size was 27 (threshold 12)
scl Enumeration 14 times, found 4 maxl cliques
scl Greedy 38 times, found 0 maxl cliques
scl Skipped a star b/c of small solution value 352 times
scl    not all cliques have been eliminated
round 24 : cgl separated 4 cuts in 0.0100 seconds. dual limit now: 4 time: 5.750
resolving relaxation ... solved in 0.030 after adding cuts of pass 24. dual limit now 4


rcl Found 88 new violated cliques with the row-clique method
rcl The largest admissible number was 37 (threshold 12)
rcl    not all row cliques have been eliminated

scl Found 1 new violated cliques with the star-clique method
scl The largest star size was 24 (threshold 12)
scl Enumeration 12 times, found 1 maxl cliques
scl Greedy 37 times, found 0 maxl cliques
scl Skipped a star b/c of small solution value 347 times
scl    not all cliques have been eliminated
round 25 : cgl separated 1 cuts in 0.0100 seconds. dual limit now: 4 time: 5.790
resolving relaxation ... solved in 0.040 after adding cuts of pass 25. dual limit now 4


rcl Found 110 new violated cliques with the row-clique method
rcl The largest admissible number was 36 (threshold 12)
rcl    not all row cliques have been eliminated

scl Found 4 new violated cliques with the star-clique method
scl The largest star size was 24 (threshold 12)
scl Enumeration 16 times, found 4 maxl cliques
scl Greedy 32 times, found 0 maxl cliques
scl Skipped a star b/c of small solution value 346 times
scl    not all cliques have been eliminated
round 26 : cgl separated 4 cuts in 0.0100 seconds. dual limit now: 4 time: 5.840
resolving relaxation ... solved in 0.040 after adding cuts of pass 26. dual limit now 4


rcl Found 71 new violated cliques with the row-clique method
rcl The largest admissible number was 35 (threshold 12)
rcl    not all row cliques have been eliminated

scl Found 1 new violated cliques with the star-clique method
scl The largest star size was 23 (threshold 12)
scl Enumeration 13 times, found 1 maxl cliques
scl Greedy 35 times, found 0 maxl cliques
scl Skipped a star b/c of small solution value 344 times
scl    not all cliques have been eliminated
round 27 : cgl separated 1 cuts in 0.0100 seconds. dual limit now: 4 time: 5.890
resolving relaxation ... solved in 0.020 after adding cuts of pass 27. dual limit now 4


rcl Found 78 new violated cliques with the row-clique method
rcl The largest admissible number was 36 (threshold 12)
rcl    not all row cliques have been eliminated

scl Found 1 new violated cliques with the star-clique method
scl The largest star size was 23 (threshold 12)
scl Enumeration 14 times, found 1 maxl cliques
scl Greedy 35 times, found 0 maxl cliques
scl Skipped a star b/c of small solution value 344 times
scl    not all cliques have been eliminated
round 28 : cgl separated 1 cuts in 0.0100 seconds. dual limit now: 4 time: 5.920
resolving relaxation ... solved in 0.020 after adding cuts of pass 28. dual limit now 4


rcl Found 93 new violated cliques with the row-clique method
rcl The largest admissible number was 35 (threshold 12)
rcl    not all row cliques have been eliminated

scl Found 3 new violated cliques with the star-clique method
scl The largest star size was 23 (threshold 12)
scl Enumeration 13 times, found 3 maxl cliques
scl Greedy 38 times, found 0 maxl cliques
scl Skipped a star b/c of small solution value 343 times
scl    not all cliques have been eliminated
round 29 : cgl separated 3 cuts in 0.0100 seconds. dual limit now: 4 time: 5.950
resolving relaxation ... solved in 0.020 after adding cuts of pass 29. dual limit now 4


rcl Found 102 new violated cliques with the row-clique method
rcl The largest admissible number was 36 (threshold 12)
rcl    not all row cliques have been eliminated

scl Found 3 new violated cliques with the star-clique method
scl The largest star size was 23 (threshold 12)
scl Enumeration 13 times, found 3 maxl cliques
scl Greedy 38 times, found 0 maxl cliques
scl Skipped a star b/c of small solution value 346 times
scl    not all cliques have been eliminated
round 30 : cgl separated 3 cuts in 0.0100 seconds. dual limit now: 4 time: 5.980
resolving relaxation ... solved in 0.030 after adding cuts of pass 30. dual limit now 4


rcl Found 81 new violated cliques with the row-clique method
rcl The largest admissible number was 35 (threshold 12)
rcl    not all row cliques have been eliminated

scl Found 1 new violated cliques with the star-clique method
scl The largest star size was 23 (threshold 12)
scl Enumeration 11 times, found 1 maxl cliques
scl Greedy 37 times, found 0 maxl cliques
scl Skipped a star b/c of small solution value 352 times
scl    not all cliques have been eliminated
round 31 : cgl separated 1 cuts in 0.0100 seconds. dual limit now: 4 time: 6.020
resolving relaxation ... solved in 0.020 after adding cuts of pass 31. dual limit now 4


rcl Found 40 new violated cliques with the row-clique method
rcl The largest admissible number was 36 (threshold 12)
rcl    not all row cliques have been eliminated

scl Found 1 new violated cliques with the star-clique method
scl The largest star size was 24 (threshold 12)
scl Enumeration 10 times, found 1 maxl cliques
scl Greedy 38 times, found 0 maxl cliques
scl Skipped a star b/c of small solution value 354 times
scl    not all cliques have been eliminated
round 32 : cgl separated 1 cuts in 0.0100 seconds. dual limit now: 4 time: 6.050
resolving relaxation ... solved in 0.080 after adding cuts of pass 32. dual limit now 4


rcl Found 111 new violated cliques with the row-clique method
rcl The largest admissible number was 35 (threshold 12)
rcl    not all row cliques have been eliminated

scl Found 3 new violated cliques with the star-clique method
scl The largest star size was 22 (threshold 12)
scl Enumeration 14 times, found 3 maxl cliques
scl Greedy 37 times, found 0 maxl cliques
scl Skipped a star b/c of small solution value 335 times
scl    not all cliques have been eliminated
round 33 : cgl separated 3 cuts in 0.0100 seconds. dual limit now: 4 time: 6.140
resolving relaxation ... solved in 0.030 after adding cuts of pass 33. dual limit now 4


rcl Found 107 new violated cliques with the row-clique method
rcl The largest admissible number was 34 (threshold 12)
rcl    not all row cliques have been eliminated

scl Found 3 new violated cliques with the star-clique method
scl The largest star size was 22 (threshold 12)
scl Enumeration 10 times, found 3 maxl cliques
scl Greedy 40 times, found 0 maxl cliques
scl Skipped a star b/c of small solution value 344 times
scl    not all cliques have been eliminated
round 34 : cgl separated 3 cuts in 0.0100 seconds. dual limit now: 4 time: 6.180
resolving relaxation ... solved in 0.020 after adding cuts of pass 34. dual limit now 4


rcl Found 79 new violated cliques with the row-clique method
rcl The largest admissible number was 36 (threshold 12)
rcl    not all row cliques have been eliminated

scl Found 1 new violated cliques with the star-clique method
scl The largest star size was 23 (threshold 12)
scl Enumeration 11 times, found 1 maxl cliques
scl Greedy 37 times, found 0 maxl cliques
scl Skipped a star b/c of small solution value 353 times
scl    not all cliques have been eliminated
round 35 : cgl separated 1 cuts in 0.0100 seconds. dual limit now: 4 time: 6.210
resolving relaxation ... solved in 0.020 after adding cuts of pass 35. dual limit now 4


rcl Found 44 new violated cliques with the row-clique method
rcl The largest admissible number was 36 (threshold 12)
rcl    not all row cliques have been eliminated

scl Found 1 new violated cliques with the star-clique method
scl The largest star size was 22 (threshold 12)
scl Enumeration 9 times, found 1 maxl cliques
scl Greedy 39 times, found 0 maxl cliques
scl Skipped a star b/c of small solution value 349 times
scl    not all cliques have been eliminated
round 36 : cgl separated 1 cuts in 0.0100 seconds. dual limit now: 4 time: 6.240
resolving relaxation ... solved in 0.040 after adding cuts of pass 36. dual limit now 4


rcl Found 81 new violated cliques with the row-clique method
rcl The largest admissible number was 36 (threshold 12)
rcl    not all row cliques have been eliminated

scl Found 1 new violated cliques with the star-clique method
scl The largest star size was 22 (threshold 12)
scl Enumeration 11 times, found 1 maxl cliques
scl Greedy 36 times, found 0 maxl cliques
scl Skipped a star b/c of small solution value 353 times
scl    not all cliques have been eliminated
round 37 : cgl separated 1 cuts in 0.0100 seconds. dual limit now: 4 time: 6.290
resolving relaxation ... solved in 0.020 after adding cuts of pass 37. dual limit now 4


rcl Found 88 new violated cliques with the row-clique method
rcl The largest admissible number was 36 (threshold 12)
rcl    not all row cliques have been eliminated

scl Found 1 new violated cliques with the star-clique method
scl The largest star size was 22 (threshold 12)
scl Enumeration 11 times, found 1 maxl cliques
scl Greedy 36 times, found 0 maxl cliques
scl Skipped a star b/c of small solution value 352 times
scl    not all cliques have been eliminated
round 38 : cgl separated 1 cuts in 0.0100 seconds. dual limit now: 4 time: 6.320
resolving relaxation ... solved in 0.030 after adding cuts of pass 38. dual limit now 4


rcl Found 119 new violated cliques with the row-clique method
rcl The largest admissible number was 36 (threshold 12)
rcl    not all row cliques have been eliminated

scl Found 3 new violated cliques with the star-clique method
scl The largest star size was 24 (threshold 12)
scl Enumeration 12 times, found 3 maxl cliques
scl Greedy 39 times, found 0 maxl cliques
scl Skipped a star b/c of small solution value 355 times
scl    not all cliques have been eliminated
round 39 : cgl separated 3 cuts in 0.0100 seconds. dual limit now: 4 time: 6.360
resolving relaxation ... solved in 0.030 after adding cuts of pass 39. dual limit now 4


rcl Found 48 new violated cliques with the row-clique method
rcl The largest admissible number was 36 (threshold 12)
rcl    not all row cliques have been eliminated

scl Found 1 new violated cliques with the star-clique method
scl The largest star size was 22 (threshold 12)
scl Enumeration 10 times, found 1 maxl cliques
scl Greedy 38 times, found 0 maxl cliques
scl Skipped a star b/c of small solution value 351 times
scl    not all cliques have been eliminated
round 40 : cgl separated 1 cuts in 0.0100 seconds. dual limit now: 4 time: 6.400
resolving relaxation ... solved in 0.040 after adding cuts of pass 40. dual limit now 4


rcl Found 90 new violated cliques with the row-clique method
rcl The largest admissible number was 36 (threshold 12)
rcl    not all row cliques have been eliminated

scl Found 1 new violated cliques with the star-clique method
scl The largest star size was 20 (threshold 12)
scl Enumeration 12 times, found 1 maxl cliques
scl Greedy 36 times, found 0 maxl cliques
scl Skipped a star b/c of small solution value 345 times
scl    not all cliques have been eliminated
round 41 : cgl separated 1 cuts in 0.0100 seconds. dual limit now: 4 time: 6.450
resolving relaxation ... solved in 0.020 after adding cuts of pass 41. dual limit now 4


rcl Found 98 new violated cliques with the row-clique method
rcl The largest admissible number was 35 (threshold 12)
rcl    not all row cliques have been eliminated

scl Found 1 new violated cliques with the star-clique method
scl The largest star size was 22 (threshold 12)
scl Enumeration 11 times, found 1 maxl cliques
scl Greedy 37 times, found 0 maxl cliques
scl Skipped a star b/c of small solution value 348 times
scl    not all cliques have been eliminated
round 42 : cgl separated 1 cuts in 0.0100 seconds. dual limit now: 4 time: 6.480
resolving relaxation ... solved in 0.020 after adding cuts of pass 42. dual limit now 4


rcl Found 120 new violated cliques with the row-clique method
rcl The largest admissible number was 35 (threshold 12)
rcl    not all row cliques have been eliminated

scl Found 3 new violated cliques with the star-clique method
scl The largest star size was 21 (threshold 12)
scl Enumeration 13 times, found 3 maxl cliques
scl Greedy 37 times, found 0 maxl cliques
scl Skipped a star b/c of small solution value 349 times
scl    not all cliques have been eliminated
round 43 : cgl separated 3 cuts in 0.0100 seconds. dual limit now: 4 time: 6.510
resolving relaxation ... solved in 0.020 after adding cuts of pass 43. dual limit now 4


rcl Found 59 new violated cliques with the row-clique method
rcl The largest admissible number was 36 (threshold 12)
rcl    not all row cliques have been eliminated

scl Found 1 new violated cliques with the star-clique method
scl The largest star size was 22 (threshold 12)
scl Enumeration 11 times, found 1 maxl cliques
scl Greedy 37 times, found 0 maxl cliques
scl Skipped a star b/c of small solution value 355 times
scl    not all cliques have been eliminated
round 44 : cgl separated 1 cuts in 0.0100 seconds. dual limit now: 4 time: 6.540
resolving relaxation ... solved in 0.030 after adding cuts of pass 44. dual limit now 4


rcl Found 101 new violated cliques with the row-clique method
rcl The largest admissible number was 35 (threshold 12)
rcl    not all row cliques have been eliminated

scl Found 1 new violated cliques with the star-clique method
scl The largest star size was 24 (threshold 12)
scl Enumeration 9 times, found 1 maxl cliques
scl Greedy 37 times, found 0 maxl cliques
scl Skipped a star b/c of small solution value 356 times
scl    not all cliques have been eliminated
round 45 : cgl separated 1 cuts in 0.0100 seconds. dual limit now: 4 time: 6.580
resolving relaxation ... solved in 0.010 after adding cuts of pass 45. dual limit now 4


rcl Found 61 new violated cliques with the row-clique method
rcl The largest admissible number was 35 (threshold 12)
rcl    not all row cliques have been eliminated

scl Found 1 new violated cliques with the star-clique method
scl The largest star size was 23 (threshold 12)
scl Enumeration 9 times, found 1 maxl cliques
scl Greedy 39 times, found 0 maxl cliques
scl Skipped a star b/c of small solution value 354 times
scl    not all cliques have been eliminated
round 46 : cgl separated 1 cuts in 0.0100 seconds. dual limit now: 4 time: 6.600
resolving relaxation ... solved in 0.020 after adding cuts of pass 46. dual limit now 4


rcl Found 62 new violated cliques with the row-clique method
rcl The largest admissible number was 36 (threshold 12)
rcl    not all row cliques have been eliminated

scl Found 1 new violated cliques with the star-clique method
scl The largest star size was 26 (threshold 12)
scl Enumeration 9 times, found 1 maxl cliques
scl Greedy 36 times, found 0 maxl cliques
scl Skipped a star b/c of small solution value 362 times
scl    not all cliques have been eliminated
round 47 : cgl separated 1 cuts in 0.0100 seconds. dual limit now: 4 time: 6.630
resolving relaxation ... solved in 0.020 after adding cuts of pass 47. dual limit now 4


rcl Found 64 new violated cliques with the row-clique method
rcl The largest admissible number was 36 (threshold 12)
rcl    not all row cliques have been eliminated

scl Found 1 new violated cliques with the star-clique method
scl The largest star size was 26 (threshold 12)
scl Enumeration 9 times, found 1 maxl cliques
scl Greedy 36 times, found 0 maxl cliques
scl Skipped a star b/c of small solution value 359 times
scl    not all cliques have been eliminated
round 48 : cgl separated 1 cuts in 0.0100 seconds. dual limit now: 4 time: 6.660
resolving relaxation ... solved in 0.170 after adding cuts of pass 48. dual limit now 4


rcl Found 0 new violated cliques with the row-clique method
rcl The largest admissible number was 35 (threshold 12)
rcl    not all row cliques have been eliminated

scl Found 0 new violated cliques with the star-clique method
scl The largest star size was 24 (threshold 12)
scl Enumeration 11 times, found 0 maxl cliques
scl Greedy 34 times, found 0 maxl cliques
scl Skipped a star b/c of small solution value 349 times
scl    not all cliques have been eliminated
round 49 : cgl separated 0 cuts in 0.0100 seconds. dual limit now: 4 time: 6.840

End of root node relaxation. Dual limit: 4 time: 6.840 
