using at max 0 two mir passes.
using at max 0 gomory passes.
Using COIN CGL separation.
Coin0008I roll3000 read with 0 errors
cbcroot: root node relaxation and clique cuts

loaded roll3000 
	1166 variables (738 integer) 2295 rows

osi_cgraph took 0.000 seconds.
Clique Separation Parameters:
	max depth         : 3
	max passes        : 9999
	minimum violation : 0.0200
	minimum frac. val : 0.0010
	extend cliques    : 0
	enum max. degree  : 10
	verbose           : 1
	maximum time bk   : 20
solving relaxation ... Initial dual bound 11097.1
solved in 0.080

rcl Found 0 new violated cliques with the row-clique method
rcl The largest admissible number was 4 (threshold 12)
rcl    all row cliques have been enumerated

scl Found 0 new violated cliques with the star-clique method
scl The largest star size was 3 (threshold 12)
scl Enumeration 3 times, found 0 maxl cliques
scl Greedy 0 times, found 0 maxl cliques
scl Skipped a star b/c of small solution value 5 times
scl    all cliques have been enumerated
round 1 : cgl separated 0 cuts in 0.0000 seconds. dual limit now: 11097.1 time: 0.080

End of root node relaxation. Dual limit: 11097.1 time: 0.080 
