using at max 0 two mir passes.
using at max 0 gomory passes.
Using COIN CGL separation.
Coin0008I triptim1 read with 0 errors
cbcroot: root node relaxation and clique cuts

loaded triptim1 
	30055 variables (30048 integer) 15706 rows

osi_cgraph took 1.070 seconds.
Clique Separation Parameters:
	max depth         : 3
	max passes        : 9999
	minimum violation : 0.0200
	minimum frac. val : 0.0010
	extend cliques    : 0
	enum max. degree  : 10
	verbose           : 1
	maximum time bk   : 20
solving relaxation ... Initial dual bound 22.8681
solved in 84.130

rcl Found 0 new violated cliques with the row-clique method
rcl The largest admissible number was 4 (threshold 12)
rcl    all row cliques have been enumerated

scl Found 0 new violated cliques with the star-clique method
scl The largest star size was 6 (threshold 12)
scl Enumeration 26 times, found 0 maxl cliques
scl Greedy 0 times, found 0 maxl cliques
scl Skipped a star b/c of small solution value 31 times
scl    all cliques have been enumerated
round 1 : cgl separated 0 cuts in 0.0000 seconds. dual limit now: 22.8681 time: 84.130

End of root node relaxation. Dual limit: 22.8681 time: 84.130 
