0.22 0 0 55535.4363882 56137.0000000 0.0107160
0.05 1 33 55578.2686644 56137.0000000 0.0099530
0.05 2 30 55596.4728043 56137.0000000 0.0096287
0.05 3 21 55606.7815363 56137.0000000 0.0094451
0.06 4 27 55611.6348069 56137.0000000 0.0093586
0.05 5 15 55619.6602426 56137.0000000 0.0092157
0.06 6 23 55624.8554683 56137.0000000 0.0091231
0.06 7 26 55628.5493017 56137.0000000 0.0090573
0.07 8 21 55633.8146999 56137.0000000 0.0089635
0.07 9 22 55636.6765107 56137.0000000 0.0089125
0.07 10 26 55640.2472044 56137.0000000 0.0088489
0.06 11 17 55640.8453046 56137.0000000 0.0088383
0.07 12 15 55641.4858340 56137.0000000 0.0088269
0.06 13 13 55642.2626974 56137.0000000 0.0088130
0.10 14 11 55643.4631755 56137.0000000 0.0087916
0.21 15 8 55644.5888116 56137.0000000 0.0087716
0.07 16 7 55645.0032217 56137.0000000 0.0087642
0.10 17 6 55645.5070435 56137.0000000 0.0087552
0.19 18 7 55645.9207148 56137.0000000 0.0087479
0.18 19 5 55646.2087445 56137.0000000 0.0087427
0.06 20 4 55646.4574549 56137.0000000 0.0087383
0.06 21 3 55646.8638800 56137.0000000 0.0087311
0.06 22 4 55647.2087559 56137.0000000 0.0087249
0.06 23 6 55647.2934515 56137.0000000 0.0087234
0.07 24 1 55647.3554307 56137.0000000 0.0087223
0.06 25 1 55647.3747261 56137.0000000 0.0087220
0.07 26 2 55647.4064662 56137.0000000 0.0087214
0.06 27 1 55647.5194822 56137.0000000 0.0087194
