0.03 0 0 811.2789961 934008.0000000 0.9991314
0.00 1 16 812.4381283 934008.0000000 0.9991302
0.00 2 17 812.8223029 934008.0000000 0.9991297
0.01 3 33 813.1364126 934008.0000000 0.9991294
0.01 4 27 813.4248061 934008.0000000 0.9991291
0.01 5 28 813.8935660 934008.0000000 0.9991286
0.01 6 28 814.0801160 934008.0000000 0.9991284
0.01 7 33 814.3464930 934008.0000000 0.9991281
0.01 8 47 814.6003284 934008.0000000 0.9991278
0.01 9 56 814.7718782 934008.0000000 0.9991277
0.02 10 80 814.9414755 934008.0000000 0.9991275
0.02 11 102 815.1132159 934008.0000000 0.9991273
0.04 12 160 815.3913314 934008.0000000 0.9991270
0.02 13 90 815.6435303 934008.0000000 0.9991267
0.02 14 68 815.8900279 934008.0000000 0.9991265
0.02 15 112 816.0042338 934008.0000000 0.9991263
0.02 16 66 816.1259442 934008.0000000 0.9991262
0.05 17 197 816.2792778 934008.0000000 0.9991260
0.07 18 190 816.4234475 934008.0000000 0.9991259
0.19 19 417 816.5296046 934008.0000000 0.9991258
0.36 20 606 816.6540298 934008.0000000 0.9991256
0.12 21 293 816.8046954 934008.0000000 0.9991255
0.10 22 277 816.9908353 934008.0000000 0.9991253
0.07 23 171 817.1482692 934008.0000000 0.9991251
0.22 24 495 817.3787056 934008.0000000 0.9991249
0.09 25 172 817.4896029 934008.0000000 0.9991248
0.23 26 459 817.6219661 934008.0000000 0.9991246
0.60 27 936 817.7643507 934008.0000000 0.9991245
0.17 28 299 817.8793056 934008.0000000 0.9991243
0.21 29 359 818.0513543 934008.0000000 0.9991241
0.19 30 358 818.1714089 934008.0000000 0.9991240
0.57 31 1173 818.2862003 934008.0000000 0.9991239
0.45 32 760 818.4410989 934008.0000000 0.9991237
0.30 33 552 818.5721626 934008.0000000 0.9991236
0.40 34 606 818.6783224 934008.0000000 0.9991235
1.28 35 1287 818.7473501 934008.0000000 0.9991234
1.20 36 1468 818.8150052 934008.0000000 0.9991233
0.78 37 1031 818.8484393 934008.0000000 0.9991233
2.29 38 2377 818.8985186 934008.0000000 0.9991232
1.50 39 1953 818.9611108 934008.0000000 0.9991232
0.88 40 827 819.0124000 934008.0000000 0.9991231
1.33 41 1041 819.0744517 934008.0000000 0.9991231
1.68 42 1459 819.1704818 934008.0000000 0.9991230
2.69 43 2495 819.2627212 934008.0000000 0.9991229
7.39 44 3796 819.3612713 934008.0000000 0.9991227
4.63 45 2419 819.4707775 934008.0000000 0.9991226
6.59 46 5081 819.5962246 934008.0000000 0.9991225
6.36 47 3836 819.6601389 934008.0000000 0.9991224
5.56 48 3543 819.7214570 934008.0000000 0.9991224
19.23 49 9539 819.8146521 934008.0000000 0.9991223
10.22 50 4741 819.9363793 934008.0000000 0.9991221
5.13 51 2578 820.0345775 934008.0000000 0.9991220
4.58 52 1924 820.1308002 934008.0000000 0.9991219
23.06 53 7680 820.2604820 934008.0000000 0.9991218
19.40 54 6508 820.3850147 934008.0000000 0.9991217
