0.04 0 0 1075.2476908 1216.9200000 0.1164188
2.64 1 65 1078.4394916 1216.9200000 0.1137959
0.02 2 77 1079.9310219 1216.9200000 0.1125702
0.03 3 104 1080.9926518 1216.9200000 0.1116979
0.07 4 117 1082.1064652 1216.9200000 0.1107826
0.07 5 119 1082.7837289 1216.9200000 0.1102260
0.11 6 177 1083.5391724 1216.9200000 0.1096053
0.14 7 190 1084.4418313 1216.9200000 0.1088635
0.13 8 184 1085.0148682 1216.9200000 0.1083926
0.49 9 368 1086.0297964 1216.9200000 0.1075586
0.37 10 294 1086.9255926 1216.9200000 0.1068225
0.41 11 359 1087.5056480 1216.9200000 0.1063458
0.85 12 463 1087.9587226 1216.9200000 0.1059735
1.93 13 791 1088.6532702 1216.9200000 0.1054028
1.93 14 724 1089.3787503 1216.9200000 0.1048066
2.26 15 845 1089.9737109 1216.9200000 0.1043177
1.50 16 640 1090.5940883 1216.9200000 0.1038079
10.51 17 983 1091.3165678 1216.9200000 0.1032142
4.91 18 1572 1091.8195948 1216.9200000 0.1028008
2.85 19 858 1092.2847823 1216.9200000 0.1024186
5.45 20 1495 1092.9146183 1216.9200000 0.1019010
8.90 21 2418 1093.4325294 1216.9200000 0.1014754
grasp ran in 0 seconds
21.11 22 1603 1094.0203268 1216.9200000 0.1009924
9.21 23 1783 1094.7356675 1216.9200000 0.1004046
10.32 24 1174 1095.2214123 1216.9200000 0.1000054
15.08 25 1350 1095.7269073 1216.9200000 0.0995900
20.20 26 2353 1096.2668832 1216.9200000 0.0991463
grasp ran in 0 seconds
21.60 27 1703 1096.8919758 1216.9200000 0.0986326
grasp ran in 0 seconds
21.74 28 1795 1097.5052980 1216.9200000 0.0981286
grasp ran in 0 seconds
22.14 29 2466 1098.0939892 1216.9200000 0.0976449
grasp ran in 0 seconds
23.18 30 3754 1098.6442004 1216.9200000 0.0971927
grasp ran in 1 seconds
