0.02 0 0 2.0000000 27.0000000 0.9259259
0.14 1 23 2.0000000 27.0000000 0.9259259
0.03 2 27 2.0016260 27.0000000 0.9258657
0.07 3 60 2.0153846 27.0000000 0.9253561
0.04 4 31 2.0161290 27.0000000 0.9253286
0.04 5 30 2.0282258 27.0000000 0.9248805
0.57 6 29 2.0333333 27.0000000 0.9246914
0.07 7 30 2.0368098 27.0000000 0.9245626
0.05 8 31 2.0470163 27.0000000 0.9241846
0.54 9 34 2.0886076 27.0000000 0.9226442
0.02 10 28 2.1536965 27.0000000 0.9202335
0.12 11 30 2.1653226 27.0000000 0.9198029
0.05 12 32 2.1682028 27.0000000 0.9196962
0.22 13 38 2.1867816 27.0000000 0.9190081
0.29 14 34 2.2004530 27.0000000 0.9185017
2.79 15 42 2.2100592 27.0000000 0.9181460
0.20 16 34 2.2163566 27.0000000 0.9179127
1.87 17 41 2.2345833 27.0000000 0.9172377
0.06 18 46 2.2526585 27.0000000 0.9165682
0.13 19 37 2.2678319 27.0000000 0.9160062
2.78 20 44 2.2836877 27.0000000 0.9154190
0.40 21 49 2.3011926 27.0000000 0.9147706
0.78 22 48 2.3254135 27.0000000 0.9138736
0.26 23 41 2.3368552 27.0000000 0.9134498
0.05 24 39 2.3612645 27.0000000 0.9125458
0.06 25 42 2.3757050 27.0000000 0.9120109
0.10 26 49 2.3948638 27.0000000 0.9113013
0.05 27 40 2.4103582 27.0000000 0.9107275
0.29 28 45 2.4324918 27.0000000 0.9099077
0.10 29 41 2.4537692 27.0000000 0.9091197
0.19 30 44 2.4675866 27.0000000 0.9086079
0.06 31 37 2.4815993 27.0000000 0.9080889
3.89 32 47 2.4955294 27.0000000 0.9075730
1.78 33 48 2.5134337 27.0000000 0.9069099
2.97 34 50 2.5303582 27.0000000 0.9062830
0.86 35 37 2.5396419 27.0000000 0.9059392
0.04 36 34 2.5470112 27.0000000 0.9056663
0.13 37 44 2.5582412 27.0000000 0.9052503
0.62 38 50 2.5712593 27.0000000 0.9047682
5.91 39 49 2.5819906 27.0000000 0.9043707
0.08 40 45 2.5924828 27.0000000 0.9039821
0.38 41 48 2.6030041 27.0000000 0.9035924
3.49 42 51 2.6173549 27.0000000 0.9030609
3.33 43 51 2.6270006 27.0000000 0.9027037
0.17 44 33 2.6377514 27.0000000 0.9023055
0.24 45 55 2.6616411 27.0000000 0.9014207
0.53 46 60 2.6897895 27.0000000 0.9003782
0.40 47 44 2.7158942 27.0000000 0.8994113
0.34 48 52 2.7532330 27.0000000 0.8980284
0.19 49 56 2.7970237 27.0000000 0.8964065
1.15 50 48 2.8328869 27.0000000 0.8950783
3.33 51 51 2.8616137 27.0000000 0.8940143
0.79 52 62 2.9110775 27.0000000 0.8921823
0.64 53 64 3.0009889 27.0000000 0.8888523
5.77 54 65 3.0362020 27.0000000 0.8875481
1.07 55 69 3.0692927 27.0000000 0.8863225
0.90 56 55 3.0926737 27.0000000 0.8854565
5.49 57 74 3.1197503 27.0000000 0.8844537
0.24 58 68 3.1359846 27.0000000 0.8838524
3.59 59 73 3.1574221 27.0000000 0.8830584
3.17 60 62 3.1765435 27.0000000 0.8823502
1.00 61 60 3.2062969 27.0000000 0.8812483
1.23 62 74 3.2497595 27.0000000 0.8796385
3.44 63 67 3.2692211 27.0000000 0.8789177
3.46 64 65 3.2867451 27.0000000 0.8782687
1.23 65 81 3.3026442 27.0000000 0.8776798
1.47 66 75 3.3283944 27.0000000 0.8767261
4.77 67 71 3.3491664 27.0000000 0.8759568
6.49 68 81 3.3739793 27.0000000 0.8750378
6.01 69 83 3.3992127 27.0000000 0.8741032
1.30 70 81 3.4138149 27.0000000 0.8735624
2.74 71 86 3.4265876 27.0000000 0.8730893
6.87 72 77 3.4467797 27.0000000 0.8723415
1.02 73 75 3.4635011 27.0000000 0.8717222
1.94 74 86 3.4861244 27.0000000 0.8708843
2.48 75 75 3.5120230 27.0000000 0.8699251
11.80 76 80 3.5330828 27.0000000 0.8691451
6.81 77 81 3.5574680 27.0000000 0.8682419
0.41 78 73 3.5830019 27.0000000 0.8672962
5.07 79 68 3.5953211 27.0000000 0.8668400
13.03 80 82 3.6145837 27.0000000 0.8661265
20.05 81 81 3.6328160 27.0000000 0.8654513
grasp ran in 33 seconds
65.36 82 76 3.6597224 27.0000000 0.8644547
2.65 83 79 3.6926603 27.0000000 0.8632348
18.88 84 84 3.7235392 27.0000000 0.8620911
grasp ran in 33 seconds
