0.04 0 0 1075.2476908 1216.9200000 0.1164188
2.70 1 65 1091.6060692 1216.9200000 0.1029763
0.16 2 115 1103.5070122 1216.9200000 0.0931967
0.60 3 313 1115.5811393 1216.9200000 0.0832749
0.86 4 555 1125.9891176 1216.9200000 0.0747222
3.77 5 1282 1133.5263702 1216.9200000 0.0685284
11.49 6 1023 1139.7461867 1216.9200000 0.0634173
grasp ran in 0 seconds
21.21 7 267 1142.6318417 1216.9200000 0.0610460
grasp ran in 0 seconds
21.05 8 110 1144.1843099 1216.9200000 0.0597703
grasp ran in 0 seconds
20.92 9 28 1144.4258874 1216.9200000 0.0595718
grasp ran in 0 seconds
20.94 10 9 1144.6611742 1216.9200000 0.0593785
grasp ran in 1 seconds
21.50 11 20 1144.8912058 1216.9200000 0.0591894
grasp ran in 0 seconds
21.22 12 162 1145.4577033 1216.9200000 0.0587239
grasp ran in 1 seconds
21.23 13 6 1145.6365187 1216.9200000 0.0585770
grasp ran in 0 seconds
21.07 14 4 1145.7753960 1216.9200000 0.0584628
grasp ran in 0 seconds
21.14 15 2 1145.8673836 1216.9200000 0.0583873
grasp ran in 0 seconds
