0.02 0 0 2.0000000 27.0000000 0.9259259
0.15 1 23 2.0032573 27.0000000 0.9258053
0.10 2 38 2.1275046 27.0000000 0.9212035
0.08 3 33 2.5593220 27.0000000 0.9052103
0.05 4 23 2.5636364 27.0000000 0.9050505
1.41 5 18 3.0074627 27.0000000 0.8886125
0.78 6 36 3.0841751 27.0000000 0.8857713
1.77 7 24 3.2945455 27.0000000 0.8779798
1.49 8 25 3.5280181 27.0000000 0.8693327
0.21 9 28 3.7205240 27.0000000 0.8622028
0.08 10 34 3.8731307 27.0000000 0.8565507
1.80 11 36 3.9423741 27.0000000 0.8539861
1.63 12 39 4.0181579 27.0000000 0.8511793
0.20 13 35 4.0668747 27.0000000 0.8493750
0.14 14 37 4.1544113 27.0000000 0.8461329
1.53 15 35 4.2672550 27.0000000 0.8419535
0.11 16 36 4.3873837 27.0000000 0.8375043
1.48 17 38 4.4793446 27.0000000 0.8340983
0.94 18 40 4.5630197 27.0000000 0.8309993
12.53 19 40 4.6425163 27.0000000 0.8280550
0.50 20 42 4.7878732 27.0000000 0.8226714
1.73 21 42 4.9772500 27.0000000 0.8156574
0.24 22 40 5.1648254 27.0000000 0.8087102
0.26 23 39 5.3691806 27.0000000 0.8011415
1.84 24 44 5.5082824 27.0000000 0.7959895
2.01 25 48 5.6116015 27.0000000 0.7921629
0.22 26 49 5.7209434 27.0000000 0.7881132
0.46 27 47 5.8638743 27.0000000 0.7828195
0.95 28 50 5.9712659 27.0000000 0.7788420
0.24 29 47 6.0646939 27.0000000 0.7753817
0.21 30 48 6.1648398 27.0000000 0.7716726
0.27 31 49 6.2878919 27.0000000 0.7671151
2.66 32 44 6.3775103 27.0000000 0.7637959
0.48 33 40 6.4835511 27.0000000 0.7598685
0.27 34 46 6.5899539 27.0000000 0.7559276
0.24 35 38 6.6506542 27.0000000 0.7536795
0.42 36 43 6.7054245 27.0000000 0.7516509
0.69 37 45 6.7501822 27.0000000 0.7499933
3.98 38 42 6.7861085 27.0000000 0.7486626
1.85 39 49 6.8594479 27.0000000 0.7459464
1.38 40 49 6.9329896 27.0000000 0.7432226
2.07 41 44 6.9734854 27.0000000 0.7417228
0.61 42 51 7.0237825 27.0000000 0.7398599
0.45 43 44 7.0617239 27.0000000 0.7384547
1.56 44 44 7.0868787 27.0000000 0.7375230
2.03 45 47 7.1129140 27.0000000 0.7365587
12.10 46 46 7.1381481 27.0000000 0.7356241
0.85 47 48 7.1718906 27.0000000 0.7343744
1.49 48 52 7.2108654 27.0000000 0.7329309
10.13 49 48 7.2350611 27.0000000 0.7320348
0.48 50 48 7.2616419 27.0000000 0.7310503
0.79 51 48 7.2949143 27.0000000 0.7298180
0.41 52 46 7.3166512 27.0000000 0.7290129
0.46 53 50 7.3424447 27.0000000 0.7280576
0.78 54 51 7.3721494 27.0000000 0.7269574
1.18 55 53 7.3938006 27.0000000 0.7261555
1.22 56 52 7.4212043 27.0000000 0.7251406
1.50 57 46 7.4533549 27.0000000 0.7239498
0.91 58 45 7.4742114 27.0000000 0.7231774
0.63 59 47 7.4957434 27.0000000 0.7223799
1.83 60 49 7.5175940 27.0000000 0.7215706
0.52 61 46 7.5378490 27.0000000 0.7208204
1.12 62 41 7.5555170 27.0000000 0.7201660
0.56 63 44 7.5722494 27.0000000 0.7195463
0.78 64 46 7.5923954 27.0000000 0.7188002
1.47 65 43 7.6115202 27.0000000 0.7180918
1.08 66 46 7.6268032 27.0000000 0.7175258
8.42 67 47 7.6437187 27.0000000 0.7168993
1.62 68 47 7.6566739 27.0000000 0.7164195
0.85 69 41 7.6694296 27.0000000 0.7159471
10.06 70 47 7.6863402 27.0000000 0.7153207
2.11 71 54 7.7059143 27.0000000 0.7145958
10.24 72 46 7.7210918 27.0000000 0.7140336
2.49 73 49 7.7316415 27.0000000 0.7136429
0.79 74 53 7.7422656 27.0000000 0.7132494
0.80 75 49 7.7573441 27.0000000 0.7126910
1.00 76 46 7.7766835 27.0000000 0.7119747
0.60 77 48 7.7944415 27.0000000 0.7113170
2.44 78 45 7.8092621 27.0000000 0.7107681
3.32 79 49 7.8231636 27.0000000 0.7102532
1.50 80 43 7.8334532 27.0000000 0.7098721
0.69 81 49 7.8420644 27.0000000 0.7095532
0.86 82 49 7.8512252 27.0000000 0.7092139
0.97 83 47 7.8648515 27.0000000 0.7087092
0.66 84 48 7.8795393 27.0000000 0.7081652
3.35 85 43 7.8910542 27.0000000 0.7077387
1.19 86 40 7.9010493 27.0000000 0.7073685
1.05 87 40 7.9103031 27.0000000 0.7070258
0.78 88 47 7.9214164 27.0000000 0.7066142
0.78 89 44 7.9324304 27.0000000 0.7062063
2.42 90 44 7.9450868 27.0000000 0.7057375
0.95 91 55 7.9610052 27.0000000 0.7051480
1.60 92 57 7.9800448 27.0000000 0.7044428
13.15 93 56 7.9968399 27.0000000 0.7038207
8.11 94 52 8.0088281 27.0000000 0.7033767
