0.22 0 0 55535.4363882 56137.0000000 0.0107160
0.00 1 23 55573.2523874 56137.0000000 0.0100424
0.00 2 21 55592.5046439 56137.0000000 0.0096994
0.00 3 12 55601.6677407 56137.0000000 0.0095362
0.00 4 16 55607.9490634 56137.0000000 0.0094243
0.00 5 14 55615.6487061 56137.0000000 0.0092871
0.00 6 19 55620.7067933 56137.0000000 0.0091970
0.00 7 22 55626.0714409 56137.0000000 0.0091015
0.00 8 16 55628.7174433 56137.0000000 0.0090543
0.00 9 28 55630.5684561 56137.0000000 0.0090214
0.00 10 21 55631.9094208 56137.0000000 0.0089975
0.00 11 18 55634.8623746 56137.0000000 0.0089449
0.00 12 16 55636.2862113 56137.0000000 0.0089195
0.00 13 16 55638.0749455 56137.0000000 0.0088876
0.00 14 21 55640.0463151 56137.0000000 0.0088525
0.00 15 12 55641.1793861 56137.0000000 0.0088323
0.00 16 15 55641.7208100 56137.0000000 0.0088227
0.00 17 10 55643.3684470 56137.0000000 0.0087933
0.00 18 6 55643.8137239 56137.0000000 0.0087854
0.00 19 12 55644.2531241 56137.0000000 0.0087776
0.00 20 8 55644.4071987 56137.0000000 0.0087748
0.00 21 5 55644.5977576 56137.0000000 0.0087714
0.00 22 2 55644.8332025 56137.0000000 0.0087672
0.00 23 2 55645.0983486 56137.0000000 0.0087625
0.00 24 11 55645.4689193 56137.0000000 0.0087559
0.00 25 3 55645.8110018 56137.0000000 0.0087498
0.00 26 6 55646.0352959 56137.0000000 0.0087458
0.00 27 3 55646.1483432 56137.0000000 0.0087438
0.01 28 7 55646.4755464 56137.0000000 0.0087380
0.00 29 1 55646.4755464 56137.0000000 0.0087380
