0.03 0 0 811.2789961 934008.0000000 0.9991314
0.00 1 12 812.4381283 934008.0000000 0.9991302
0.00 2 16 812.8223029 934008.0000000 0.9991297
0.00 3 23 813.1918825 934008.0000000 0.9991294
0.00 4 29 813.6305118 934008.0000000 0.9991289
0.00 5 25 814.1566809 934008.0000000 0.9991283
0.00 6 35 814.3422684 934008.0000000 0.9991281
0.00 7 28 814.5578869 934008.0000000 0.9991279
0.00 8 32 814.8194786 934008.0000000 0.9991276
0.00 9 52 815.0561941 934008.0000000 0.9991274
0.00 10 75 815.2034801 934008.0000000 0.9991272
0.00 11 56 815.3704353 934008.0000000 0.9991270
0.00 12 92 815.5710353 934008.0000000 0.9991268
0.00 13 149 815.7189632 934008.0000000 0.9991266
0.00 14 114 815.9570950 934008.0000000 0.9991264
0.00 15 97 816.0685110 934008.0000000 0.9991263
0.01 16 238 816.2393857 934008.0000000 0.9991261
0.01 17 129 816.3621822 934008.0000000 0.9991260
0.01 18 196 816.4472451 934008.0000000 0.9991259
0.01 19 277 816.5533514 934008.0000000 0.9991258
0.01 20 197 816.6366410 934008.0000000 0.9991257
0.01 21 133 816.8033824 934008.0000000 0.9991255
0.01 22 156 816.9504948 934008.0000000 0.9991253
0.02 23 143 817.0903376 934008.0000000 0.9991252
0.02 24 222 817.2676302 934008.0000000 0.9991250
0.02 25 130 817.4040063 934008.0000000 0.9991248
0.02 26 260 817.5482289 934008.0000000 0.9991247
0.03 27 373 817.6911118 934008.0000000 0.9991245
0.04 28 568 817.8131384 934008.0000000 0.9991244
0.03 29 235 817.9860684 934008.0000000 0.9991242
0.04 30 223 818.1220321 934008.0000000 0.9991241
0.04 31 161 818.2938231 934008.0000000 0.9991239
0.04 32 288 818.4447918 934008.0000000 0.9991237
0.05 33 334 818.5581646 934008.0000000 0.9991236
0.06 34 589 818.7135042 934008.0000000 0.9991234
0.05 35 432 818.8117433 934008.0000000 0.9991233
0.06 36 322 818.9016338 934008.0000000 0.9991232
0.07 37 488 818.9664956 934008.0000000 0.9991232
0.09 38 903 819.0734117 934008.0000000 0.9991231
0.09 39 858 819.1996000 934008.0000000 0.9991229
0.09 40 382 819.3034118 934008.0000000 0.9991228
0.10 41 606 819.4097167 934008.0000000 0.9991227
0.11 42 874 819.5260291 934008.0000000 0.9991226
0.12 43 914 819.6766722 934008.0000000 0.9991224
0.16 44 1214 819.8185288 934008.0000000 0.9991223
0.15 45 654 819.8992595 934008.0000000 0.9991222
0.21 46 1905 820.0124631 934008.0000000 0.9991220
0.20 47 968 820.0893017 934008.0000000 0.9991220
0.22 48 1831 820.1814203 934008.0000000 0.9991219
0.23 49 514 820.2621784 934008.0000000 0.9991218
0.27 50 1424 820.3319806 934008.0000000 0.9991217
0.28 51 1373 820.4168230 934008.0000000 0.9991216
0.31 52 1167 820.5223483 934008.0000000 0.9991215
0.43 53 2622 820.6401135 934008.0000000 0.9991214
0.35 54 1510 820.7186260 934008.0000000 0.9991213
0.61 55 4290 820.8080769 934008.0000000 0.9991212
0.42 56 1363 820.8902689 934008.0000000 0.9991211
0.63 57 3611 820.9558604 934008.0000000 0.9991210
0.70 58 2900 821.0011231 934008.0000000 0.9991210
0.93 59 4981 821.0759419 934008.0000000 0.9991209
0.84 60 2661 821.1389005 934008.0000000 0.9991208
0.90 61 3096 821.2070055 934008.0000000 0.9991208
0.95 62 3976 821.2891557 934008.0000000 0.9991207
0.84 63 2401 821.3485919 934008.0000000 0.9991206
1.14 64 2881 821.4146876 934008.0000000 0.9991205
1.24 65 4186 821.4724669 934008.0000000 0.9991205
