0.04 0 0 1075.2476908 1216.9200000 0.1164188
0.00 1 43 1078.2753749 1216.9200000 0.1139308
0.00 2 51 1079.8383367 1216.9200000 0.1126464
0.00 3 69 1081.0107453 1216.9200000 0.1116830
0.00 4 75 1081.8529302 1216.9200000 0.1109909
0.00 5 88 1082.8012401 1216.9200000 0.1102116
0.00 6 90 1083.7312512 1216.9200000 0.1094474
0.00 7 102 1084.5004906 1216.9200000 0.1088153
0.01 8 149 1085.2391579 1216.9200000 0.1082083
0.01 9 174 1085.9908770 1216.9200000 0.1075906
0.01 10 220 1086.9762763 1216.9200000 0.1067808
0.01 11 160 1087.6184771 1216.9200000 0.1062531
0.01 12 187 1088.3783082 1216.9200000 0.1056287
0.02 13 276 1088.9376360 1216.9200000 0.1051691
0.02 14 379 1089.5359052 1216.9200000 0.1046775
0.03 15 365 1090.1670711 1216.9200000 0.1041588
0.03 16 395 1090.7260871 1216.9200000 0.1036994
0.04 17 470 1091.2139083 1216.9200000 0.1032986
0.05 18 554 1091.7724697 1216.9200000 0.1028396
0.06 19 665 1092.3929977 1216.9200000 0.1023297
0.07 20 579 1093.0449905 1216.9200000 0.1017939
0.08 21 677 1093.5779634 1216.9200000 0.1013559
0.11 22 885 1094.1966969 1216.9200000 0.1008475
0.13 23 1011 1094.7745589 1216.9200000 0.1003726
0.14 24 967 1095.3793264 1216.9200000 0.0998756
0.18 25 991 1095.9859776 1216.9200000 0.0993771
0.22 26 1795 1096.7097161 1216.9200000 0.0987824
0.23 27 1155 1097.1917470 1216.9200000 0.0983863
0.29 28 1588 1097.8165713 1216.9200000 0.0978729
0.32 29 1655 1098.3472141 1216.9200000 0.0974368
0.39 30 2136 1098.9091439 1216.9200000 0.0969750
0.52 31 2881 1099.5924109 1216.9200000 0.0964136
0.53 32 1880 1100.1356138 1216.9200000 0.0959672
0.59 33 2178 1100.8085268 1216.9200000 0.0954142
0.66 34 2545 1101.4059763 1216.9200000 0.0949233
0.76 35 3233 1102.0560410 1216.9200000 0.0943891
1.08 36 4394 1102.5724742 1216.9200000 0.0939647
1.38 37 5083 1103.1207511 1216.9200000 0.0935142
1.47 38 4973 1103.7031797 1216.9200000 0.0930355
