0.03 0 0 2.0000000 27.0000000 0.9259259
0.00 1 23 2.0000000 27.0000000 0.9259259
0.00 2 28 2.0016260 27.0000000 0.9258657
0.00 3 60 2.0153846 27.0000000 0.9253561
0.00 4 32 2.0161290 27.0000000 0.9253286
0.00 5 31 2.0282258 27.0000000 0.9248805
0.00 6 31 2.0333333 27.0000000 0.9246914
0.00 7 26 2.0368098 27.0000000 0.9245626
0.00 8 26 2.0470163 27.0000000 0.9241846
0.00 9 28 2.0886076 27.0000000 0.9226442
0.00 10 30 2.1523438 27.0000000 0.9202836
0.00 11 35 2.1598361 27.0000000 0.9200061
0.00 12 34 2.1636126 27.0000000 0.9198662
0.00 13 34 2.1841270 27.0000000 0.9191064
0.00 14 34 2.1910696 27.0000000 0.9188493
0.01 15 41 2.1959220 27.0000000 0.9186696
0.01 16 44 2.2045455 27.0000000 0.9183502
0.01 17 39 2.2148934 27.0000000 0.9179669
0.01 18 43 2.2387266 27.0000000 0.9170842
0.01 19 44 2.2587663 27.0000000 0.9163420
0.01 20 46 2.2776646 27.0000000 0.9156421
0.01 21 52 2.2898679 27.0000000 0.9151901
0.01 22 40 2.2992820 27.0000000 0.9148414
0.01 23 59 2.3134523 27.0000000 0.9143166
0.01 24 51 2.3328298 27.0000000 0.9135989
0.01 25 44 2.3472114 27.0000000 0.9130662
0.01 26 53 2.3687514 27.0000000 0.9122685
0.01 27 57 2.3921848 27.0000000 0.9114006
0.01 28 49 2.4024567 27.0000000 0.9110201
0.01 29 53 2.4161481 27.0000000 0.9105130
0.01 30 51 2.4300200 27.0000000 0.9099993
0.01 31 46 2.4448252 27.0000000 0.9094509
0.01 32 60 2.4596067 27.0000000 0.9089035
0.01 33 49 2.4732360 27.0000000 0.9083987
0.01 34 50 2.4888219 27.0000000 0.9078214
0.02 35 53 2.5014360 27.0000000 0.9073542
0.02 36 54 2.5154141 27.0000000 0.9068365
0.01 37 47 2.5238524 27.0000000 0.9065240
0.02 38 52 2.5343414 27.0000000 0.9061355
0.01 39 50 2.5551605 27.0000000 0.9053644
0.02 40 46 2.5750351 27.0000000 0.9046283
0.02 41 48 2.5892438 27.0000000 0.9041021
0.02 42 51 2.6018568 27.0000000 0.9036349
0.02 43 56 2.6119373 27.0000000 0.9032616
0.02 44 65 2.6307923 27.0000000 0.9025632
0.02 45 54 2.6518657 27.0000000 0.9017828
0.02 46 56 2.6707249 27.0000000 0.9010843
0.02 47 61 2.6888149 27.0000000 0.9004143
0.02 48 67 2.7054254 27.0000000 0.8997991
0.02 49 61 2.7293429 27.0000000 0.8989132
0.02 50 55 2.7577130 27.0000000 0.8978625
0.02 51 55 2.7851880 27.0000000 0.8968449
0.02 52 50 2.8167788 27.0000000 0.8956749
0.03 53 52 2.8613661 27.0000000 0.8940235
0.03 54 54 2.8937734 27.0000000 0.8928232
0.02 55 43 2.9242297 27.0000000 0.8916952
0.03 56 57 2.9490315 27.0000000 0.8907766
0.03 57 57 2.9921974 27.0000000 0.8891779
0.03 58 52 3.0077353 27.0000000 0.8886024
0.03 59 73 3.0435196 27.0000000 0.8872771
0.03 60 67 3.0728154 27.0000000 0.8861920
0.04 61 66 3.1017375 27.0000000 0.8851208
0.03 62 60 3.1421655 27.0000000 0.8836235
0.04 63 69 3.1772808 27.0000000 0.8823229
0.04 64 69 3.2234254 27.0000000 0.8806139
0.02 65 46 3.2478592 27.0000000 0.8797089
0.04 66 66 3.2690833 27.0000000 0.8789228
0.04 67 73 3.2939469 27.0000000 0.8780020
0.04 68 68 3.3214839 27.0000000 0.8769821
0.04 69 73 3.3490190 27.0000000 0.8759623
0.04 70 67 3.3784500 27.0000000 0.8748722
0.05 71 70 3.4089226 27.0000000 0.8737436
0.03 72 54 3.4288243 27.0000000 0.8730065
0.05 73 77 3.4455898 27.0000000 0.8723856
0.03 74 56 3.4573641 27.0000000 0.8719495
0.05 75 85 3.4712653 27.0000000 0.8714346
0.06 76 94 3.4913201 27.0000000 0.8706918
0.05 77 83 3.5035731 27.0000000 0.8702380
0.06 78 95 3.5205973 27.0000000 0.8696075
0.07 79 87 3.5447543 27.0000000 0.8687128
0.07 80 96 3.5908027 27.0000000 0.8670073
0.08 81 97 3.6304376 27.0000000 0.8655393
0.08 82 97 3.6649474 27.0000000 0.8642612
0.07 83 83 3.7167209 27.0000000 0.8623437
0.07 84 67 3.7648763 27.0000000 0.8605601
0.08 85 90 3.8004378 27.0000000 0.8592430
0.08 86 90 3.8520990 27.0000000 0.8573297
0.07 87 80 3.8979788 27.0000000 0.8556304
0.07 88 88 3.9275832 27.0000000 0.8545340
0.10 89 100 3.9563531 27.0000000 0.8534684
0.08 90 80 3.9863104 27.0000000 0.8523589
0.10 91 98 4.0206009 27.0000000 0.8510889
0.10 92 105 4.0656445 27.0000000 0.8494206
0.09 93 96 4.1003234 27.0000000 0.8481362
0.09 94 92 4.1392406 27.0000000 0.8466948
0.11 95 92 4.1900282 27.0000000 0.8448138
0.11 96 110 4.2355920 27.0000000 0.8431262
0.13 97 108 4.2806704 27.0000000 0.8414567
0.12 98 94 4.3099622 27.0000000 0.8403718
0.13 99 101 4.3383469 27.0000000 0.8393205
0.12 100 99 4.3780244 27.0000000 0.8378509
0.13 101 114 4.4199066 27.0000000 0.8362998
0.12 102 96 4.4628030 27.0000000 0.8347110
0.14 103 116 4.5062306 27.0000000 0.8331026
0.17 104 111 4.5386417 27.0000000 0.8319022
0.16 105 95 4.5875872 27.0000000 0.8300894
0.13 106 94 4.6190930 27.0000000 0.8289225
0.08 107 62 4.6442312 27.0000000 0.8279914
0.15 108 103 4.6794838 27.0000000 0.8266858
0.16 109 106 4.7138981 27.0000000 0.8254112
0.15 110 99 4.7475967 27.0000000 0.8241631
0.15 111 93 4.7739696 27.0000000 0.8231863
0.14 112 83 4.8123714 27.0000000 0.8217640
0.17 113 83 4.8682585 27.0000000 0.8196941
0.14 114 87 4.9142685 27.0000000 0.8179901
0.18 115 107 4.9550105 27.0000000 0.8164811
0.19 116 107 5.0167210 27.0000000 0.8141955
0.19 117 106 5.0630402 27.0000000 0.8124800
0.19 118 116 5.1042058 27.0000000 0.8109553
0.18 119 103 5.1468686 27.0000000 0.8093752
0.23 120 112 5.2066383 27.0000000 0.8071615
0.19 121 104 5.2460771 27.0000000 0.8057008
0.25 122 121 5.2801125 27.0000000 0.8044403
0.24 123 113 5.3259863 27.0000000 0.8027412
0.26 124 113 5.3846144 27.0000000 0.8005698
0.27 125 117 5.4327932 27.0000000 0.7987854
0.22 126 111 5.4870627 27.0000000 0.7967755
0.25 127 119 5.5453149 27.0000000 0.7946180
0.25 128 128 5.5975414 27.0000000 0.7926837
0.27 129 107 5.6401138 27.0000000 0.7911069
0.25 130 127 5.6883567 27.0000000 0.7893201
0.25 131 118 5.7425130 27.0000000 0.7873143
0.25 132 117 5.7928526 27.0000000 0.7854499
0.26 133 112 5.8342649 27.0000000 0.7839161
0.29 134 127 5.8704078 27.0000000 0.7825775
0.29 135 126 5.9047424 27.0000000 0.7813058
0.30 136 112 5.9398833 27.0000000 0.7800043
0.30 137 98 5.9801187 27.0000000 0.7785141
0.31 138 109 6.0147050 27.0000000 0.7772331
0.30 139 107 6.0522531 27.0000000 0.7758425
0.32 140 109 6.0973555 27.0000000 0.7741720
0.35 141 116 6.1411251 27.0000000 0.7725509
0.32 142 124 6.1742707 27.0000000 0.7713233
0.31 143 122 6.2064960 27.0000000 0.7701298
0.31 144 115 6.2367633 27.0000000 0.7690088
0.35 145 116 6.2672871 27.0000000 0.7678783
0.33 146 103 6.2980456 27.0000000 0.7667391
0.33 147 107 6.3257130 27.0000000 0.7657143
0.39 148 113 6.3584977 27.0000000 0.7645001
0.35 149 116 6.3774461 27.0000000 0.7637983
0.41 150 118 6.4076635 27.0000000 0.7626791
0.38 151 111 6.4322335 27.0000000 0.7617691
0.41 152 115 6.4564017 27.0000000 0.7608740
0.38 153 108 6.4898370 27.0000000 0.7596357
0.39 154 119 6.5164852 27.0000000 0.7586487
0.41 155 119 6.5388673 27.0000000 0.7578197
0.45 156 117 6.5652441 27.0000000 0.7568428
0.46 157 126 6.6120252 27.0000000 0.7551102
